number,values_0,values_1,params_delta_deg,params_gamma,params_lambda1,params_lambda2,params_lambda3,params_lambda4,state
4456,0.05665,0.022468353034500097,4.958426658725357,8.359124144204223,1.8442663426239594,110.16646134717259,0.04724228817485067,0.0011009794698351142,COMPLETE
4457,0.0556,0.2529606803682755,3.0455122299916,1.0726049388472807,87.58424366854693,110.16646134717259,5.192615578479196,5.521087576123659e-10,COMPLETE
4458,0.1014,0.674579896826561,6.412755325404686,6.875144787901625,2484.344497646969,5.054984284069897,68.68637664775686,4.5389374712295294e-08,COMPLETE
4459,0.04755,0.24141835804147546,5.719667260978259,1.0726049388472807,1.8442663426239594,546.754814234046,0.04724228817485067,3.0092675819548274e-09,COMPLETE
4460,0.10075,0.7974787353243856,6.019990742215804,6.875144787901625,123.52077947060401,0.08755680934938086,0.49106969850296894,1.9043961097477443e-12,COMPLETE
4461,0.0593,0.23016051559512557,3.7523591558107,1.0726049388472807,451.97089336898057,4.006173959705789,0.764092524644605,3.407169759582504e-13,COMPLETE
4462,0.04375,0.3476786047799842,5.719667260978259,1.0726049388472807,1.8442663426239594,51.0531204742495,0.08760821671008018,9.787752692175531e-12,COMPLETE
4463,0.06395,0.5794525249473923,7.491453905458799,9.890916012877245,0.4634053899763641,0.047570004104159534,3.6008094906658137,4.374164210338606e-11,COMPLETE
4464,0.04015,0.02258143913200254,6.943625321882633,1.0726049388472807,3.9227007475742597,546.754814234046,0.010117774078155787,4.819620859627371e-05,COMPLETE
4465,0.0626,0.27376651066684693,6.943625321882633,1.2997368745646833,0.4634053899763641,0.027261335789961292,0.0247605531247782,3.0092675819548274e-09,COMPLETE
4466,0.089,0.7874229818212493,7.051402036894628,6.875144787901625,1365.9795109508957,2.436796621229964,0.49106969850296894,2.234326522814866e-10,COMPLETE
4467,0.06915,0.497142510220638,5.686980021608849,3.786492049701135,1.9562826277387932,3.858204027730059,12.549082694764847,2.1811143402963018e-10,COMPLETE
4468,0.1211,0.8571722204054218,7.296565715563787,9.890916012877245,1365.9795109508957,0.1183068643397547,0.49106969850296894,2.234326522814866e-10,COMPLETE
4469,0.0751,0.6543686168137743,7.491453905458799,6.875144787901625,0.4634053899763641,9.523702703539692,3.6008094906658137,4.819620859627371e-05,COMPLETE
4470,0.06075,0.7205348154124345,7.051402036894628,7.8078637347278095,0.3474112486367053,10.023385401310824,0.764092524644605,1.9043961097477443e-12,COMPLETE
4471,0.0706,0.6436033380014284,7.491453905458799,6.620169788246476,213.10151400007007,114.59883073770212,76.57127726580364,1.621364679176634e-08,COMPLETE
4472,0.0919,0.6449269746988715,5.553661359325831,8.359124144204223,2484.344497646969,186.9306125540257,11.478928737247317,3.0541645143911065e-11,COMPLETE
4473,0.0897,0.6486491408024955,4.958426658725357,8.359124144204223,2.2526238626393873,1.5630282565660134,0.43816960272837496,5.432263014140687e-13,COMPLETE
4474,0.06985,0.6918612691330852,7.491453905458799,6.875144787901625,123.52077947060401,4.006173959705789,0.764092524644605,3.407169759582504e-13,COMPLETE
4475,0.1208,0.7899345918419722,6.943625321882633,9.890916012877245,3090.9457533461396,0.39080409335103344,59.2437895529571,2.1811143402963018e-10,COMPLETE
4476,0.0838,0.5086382927527527,4.958426658725357,8.359124144204223,0.016767417635497637,110.16646134717259,0.018116798930008754,9.787752692175531e-12,COMPLETE
4477,0.10615,0.7100607512638705,7.051402036894628,9.890916012877245,2661.553121751245,1.2594502646806938,0.25104904653244464,2.234326522814866e-10,COMPLETE
4478,0.09025,0.11692984336365587,6.943625321882633,1.2997368745646833,4663.47415411454,5.054984284069897,0.0247605531247782,3.811801850956625e-07,COMPLETE
4479,0.1065,0.7072522068994077,7.296565715563787,9.818675533459475,12.412723646412944,0.12480776742786713,0.01777158201797886,3.0541645143911065e-11,COMPLETE
4480,0.06635,0.4571760031989169,5.686980021608849,2.5118580794078285,1.9562826277387932,0.0054211566242638185,3.6008094906658137,2.1811143402963018e-10,COMPLETE
4481,0.0675,0.49324067063136345,5.686980021608849,7.8078637347278095,0.3474112486367053,9.505759934036497,68.68637664775686,1.9043961097477443e-12,COMPLETE
4482,0.0688,0.6588966494226881,7.296565715563787,6.641926976422129,0.6975592224319972,0.4878712301792302,0.01777158201797886,1.0674016435675443e-12,COMPLETE
4483,0.03775,0.0311761654997667,6.943625321882633,1.0726049388472807,0.4634053899763641,546.754814234046,0.010117774078155787,4.819620859627371e-05,COMPLETE
4484,0.07345,0.3055227090999959,0.7672766432271432,2.537783693607811,0.016767417635497637,110.16646134717259,76.57127726580364,1.621364679176634e-08,COMPLETE
4485,0.08005,0.21933571666901347,7.051402036894628,6.875144787901625,0.2404103168964367,0.4878712301792302,17.543999742650467,0.00010813061662522279,COMPLETE
4486,0.0534,0.30922084661828037,7.296565715563787,1.5862515419860592,2.2526238626393873,0.06374321434701352,3.6008094906658137,8.720647859508846e-11,COMPLETE
4487,0.1018,0.7556343520458028,7.051402036894628,6.875144787901625,208.22607295194175,0.1122669744411982,0.027353636928197467,3.787929895519139e-07,COMPLETE
4488,0.0833,0.6501630779491334,6.019990742215804,3.786492049701135,123.52077947060401,0.06857317261521613,12.549082694764847,1.9043961097477443e-12,COMPLETE
4489,0.08815,0.11823583441319306,3.534763507739066,6.641926976422129,0.07261268023359602,0.12480776742786713,0.49106969850296894,0.0010555098567858285,COMPLETE
4490,0.06375,0.23418409421628936,4.812614441890751,2.2991799521485987,0.014162338396506723,0.006240967385133289,0.0247605531247782,3.811801850956625e-07,COMPLETE
4491,0.11165,0.6950826505906119,6.412755325404686,8.741900816624833,2484.344497646969,0.12480776742786713,0.01777158201797886,8.720647859508846e-11,COMPLETE
4492,0.07415,0.1459982884355298,7.491453905458799,6.875144787901625,1.881768004046213,4.006173959705789,0.764092524644605,0.0013894987097738943,COMPLETE
4493,0.0943,0.4786623160484027,0.9876058536647411,6.875144787901625,0.016767417635497637,110.16646134717259,0.11060646004395691,9.787752692175531e-12,COMPLETE
4494,0.0762,0.5497960086010072,6.019990742215804,4.783193109181188,0.014162338396506723,186.9306125540257,0.49106969850296894,3.811801850956625e-07,COMPLETE
4495,0.0898,0.791712541203029,7.051402036894628,6.875144787901625,123.52077947060401,0.06857317261521613,0.11060646004395691,1.7184088263567657e-09,COMPLETE
4496,0.0436,0.26838797515672574,6.943625321882633,1.0726049388472807,0.4634053899763641,30.666523463054645,0.010117774078155787,5.521087576123659e-10,COMPLETE
4497,0.0459,0.10561807020802302,5.719667260978259,1.2329865053985478,0.016767417635497637,110.16646134717259,0.01777158201797886,1.208888770103435e-05,COMPLETE
4498,0.08895,0.7192110978592303,7.051402036894628,6.875144787901625,43.4020929550414,0.08755680934938086,59.2437895529571,5.521087576123659e-10,COMPLETE
4499,0.0611,0.3059382224891742,5.553661359325831,1.0726049388472807,2484.344497646969,5.054984284069897,11.478928737247317,1.621364679176634e-08,COMPLETE
4500,0.0923,0.7525696356877597,7.051402036894628,6.875144787901625,15.21185901303978,0.06857317261521613,0.11060646004395691,5.521087576123659e-10,COMPLETE
4501,0.12505,0.839798057893684,7.491453905458799,6.875144787901625,1365.9795109508957,0.02529474750655389,0.1481250639946212,1.4847420250811467e-14,COMPLETE
4502,0.10155,0.7922707370326393,5.989976616159035,6.875144787901625,7843.277665583187,3.858204027730059,11.478928737247317,7.242135537625552e-11,COMPLETE
4503,0.09435,0.6326282107276404,5.553661359325831,5.180279328665364,0.014162338396506723,186.9306125540257,3.6008094906658137,3.811801850956625e-07,COMPLETE
4504,0.0916,0.4432923524022884,7.051402036894628,9.890916012877245,1365.9795109508957,0.047570004104159534,0.49106969850296894,2.3661405913892602e-05,COMPLETE
4505,0.05135,0.21876439811746368,5.719667260978259,1.0726049388472807,0.4634053899763641,0.1013397086496358,0.013009350200232424,3.787929895519139e-07,COMPLETE
4506,0.05285,0.24863861075154137,5.553661359325831,1.0726049388472807,2484.344497646969,107.59872434463156,34.574222073764446,3.0541645143911065e-11,COMPLETE
4507,0.04335,0.2265539296431982,3.0455122299916,1.0726049388472807,1.2364538538218608,51.0531204742495,5.192615578479196,7.242135537625552e-11,COMPLETE
4508,0.0874,0.6890559568708217,4.85718583353589,6.875144787901625,21.85632999933902,51.0531204742495,8.213868348493142,9.787752692175531e-12,COMPLETE
4509,0.08135,0.6458421121998462,7.051402036894628,6.875144787901625,0.014162338396506723,0.3467457342322367,0.11060646004395691,3.811801850956625e-07,COMPLETE
4510,0.05295,0.2719620599502019,5.719667260978259,1.0726049388472807,0.022456879645434632,110.16646134717259,0.04724228817485067,1.7411112824373338e-14,COMPLETE
4511,0.05555,0.2298934264901315,3.7523591558107,1.0726049388472807,0.4634053899763641,110.16646134717259,17.543999742650467,1.7411112824373338e-14,COMPLETE
4512,0.0629,0.2894651770186899,6.943625321882633,2.018997759001972,0.4634053899763641,546.754814234046,0.010117774078155787,8.454054876899742e-09,COMPLETE
4513,0.04685,0.20082835790110068,5.553661359325831,1.0726049388472807,0.07261268023359602,5.054984284069897,11.478928737247317,5.521087576123659e-10,COMPLETE
4514,0.08035,0.07507519406617576,5.719667260978259,8.741900816624833,2484.344497646969,5.054984284069897,0.04724228817485067,5.182664397935807e-12,COMPLETE
4515,0.036,0.23036105283313713,6.351039989269435,1.0726049388472807,0.4634053899763641,546.754814234046,0.010117774078155787,7.242135537625552e-11,COMPLETE
4516,0.0481,0.17714135193477162,3.0455122299916,1.0726049388472807,0.07261268023359602,0.1183068643397547,0.49106969850296894,5.521087576123659e-10,COMPLETE
4517,0.0742,0.04566958356744378,5.686980021608849,1.029228808556646,5566.2977925921405,34.74982443918535,0.11785987926249784,3.0541645143911065e-11,COMPLETE
4518,0.04475,0.29737378528951236,5.553661359325831,1.0726049388472807,2.2526238626393873,546.754814234046,3.6008094906658137,3.0092675819548274e-09,COMPLETE
4519,0.08135,0.7788554483713606,7.051402036894628,6.875144787901625,123.52077947060401,0.06857317261521613,0.01777158201797886,5.521087576123659e-10,COMPLETE
4520,0.1033,0.7140902753935056,4.517438757680782,6.875144787901625,123.52077947060401,0.06857317261521613,0.49106969850296894,1.4847420250811467e-14,COMPLETE
4521,0.0804,0.8197694804526502,7.491453905458799,6.240360399284202,2661.553121751245,1.2594502646806938,3.6008094906658137,4.072994270736077e-09,COMPLETE
4522,0.0837,0.6711086431414657,5.686980021608849,8.359124144204223,2.2526238626393873,531.4326134771194,3.6008094906658137,2.1811143402963018e-10,COMPLETE
4523,0.067,0.3820416886909269,7.491453905458799,1.0726049388472807,1098.8931208228646,1.5630282565660134,5.192615578479196,3.0541645143911065e-11,COMPLETE
4524,0.07315,0.6667614251091726,7.051402036894628,7.327239601434045,1.8442663426239594,126.94844472343655,0.764092524644605,1.9043961097477443e-12,COMPLETE
4525,0.1453,0.8034514483685748,6.943625321882633,8.497773143399806,1365.9795109508957,0.047570004104159534,0.49106969850296894,9.541180739683615e-11,COMPLETE
4526,0.092,0.5501507872314094,6.019990742215804,9.610738735085462,0.014162338396506723,186.9306125540257,0.0247605531247782,3.811801850956625e-07,COMPLETE
4527,0.0794,0.4080143212389083,0.4106955577633459,3.786492049701135,123.52077947060401,0.06857317261521613,12.549082694764847,5.432263014140687e-13,COMPLETE
4528,0.10605,0.0453118270717556,5.719667260978259,6.875144787901625,2484.344497646969,5.054984284069897,0.01777158201797886,3.787929895519139e-07,COMPLETE
4529,0.1284,0.7396399195183917,5.686980021608849,6.875144787901625,7843.277665583187,0.1122669744411982,11.833963683445466,1.4847420250811467e-14,COMPLETE
4530,0.0814,0.7182372333138717,7.051402036894628,7.8078637347278095,0.3474112486367053,0.0014775477588787672,5.192615578479196,1.9043961097477443e-12,COMPLETE
4531,0.05945,0.36697876310811495,4.812614441890751,2.2991799521485987,0.06258303605190015,0.06857317261521613,2.606433764399818,7.058427296292674e-12,COMPLETE
4532,0.09465,0.6035391163654088,6.943625321882633,1.808574602186646,1365.9795109508957,0.1183068643397547,0.49106969850296894,3.407169759582504e-13,COMPLETE
4533,0.1079,0.8055559319393726,5.0960460458919865,9.890916012877245,2558.5347186194226,0.1183068643397547,0.49106969850296894,2.1811143402963018e-10,COMPLETE
4534,0.0795,0.44317431516162453,7.051402036894628,1.0726049388472807,460.64865965037967,0.047570004104159534,0.010045535363380903,7.282184391178e-06,COMPLETE
4535,0.0671,0.4151559912373119,5.719667260978259,2.2991799521485987,0.016767417635497637,110.16646134717259,0.01777158201797886,7.242135537625552e-11,COMPLETE
4536,0.11145,0.7609317305961044,6.019990742215804,6.875144787901625,123.52077947060401,0.06857317261521613,0.22453899750317394,1.9043961097477443e-12,COMPLETE
4537,0.04945,0.3471633278854889,7.051402036894628,1.0726049388472807,43.4020929550414,87.73403628545881,0.49106969850296894,3.0092675819548274e-09,COMPLETE
4538,0.04305,0.3039057041111778,5.719667260978259,1.0726049388472807,0.07261268023359602,110.16646134717259,0.04724228817485067,9.787752692175531e-12,COMPLETE
4539,0.07055,0.4501240227085825,6.351039989269435,2.2926408160761294,12.412723646412944,0.1013397086496358,62.641030214733945,3.0541645143911065e-11,COMPLETE
4540,0.0737,0.40153029338810187,7.051402036894628,1.029228808556646,1588.561058909169,1.5630282565660134,0.49106969850296894,1.0922229665949619e-05,COMPLETE
4541,0.0905,0.6493470591122988,6.943625321882633,7.061307349250317,1.4421724643980234,546.754814234046,0.5591199285499105,1.621364679176634e-08,COMPLETE
4542,0.0725,0.565572289595369,7.296565715563787,7.8078637347278095,0.3474112486367053,0.06857317261521613,17.543999742650467,8.720647859508846e-11,COMPLETE
4543,0.0885,0.6342551082597075,4.812614441890751,6.875144787901625,0.8312044570547689,171.78934824554287,2.606433764399818,7.242135537625552e-11,COMPLETE
4544,0.10095,0.8367572655793638,4.655230518208244,9.890916012877245,1365.9795109508957,0.1183068643397547,0.49106969850296894,2.234326522814866e-10,COMPLETE
4545,0.10855,0.7557055800110404,2.9919369437736756,9.890916012877245,1365.9795109508957,0.047570004104159534,0.49106969850296894,8.564477591299451e-11,COMPLETE
4546,0.08265,0.747559009362083,5.553661359325831,6.875144787901625,2484.344497646969,3.858204027730059,11.478928737247317,4.5389374712295294e-08,COMPLETE
4547,0.07365,0.5507017634478886,4.797597292147365,6.875144787901625,0.019398183703193007,34.74982443918535,68.68637664775686,3.407169759582504e-13,COMPLETE
4548,0.0465,0.15388263690932222,0.3839547952201303,1.0726049388472807,0.07261268023359602,0.12480776742786713,0.14464565651113942,8.720647859508846e-11,COMPLETE
4549,0.10915,0.7846799456109589,7.051402036894628,9.890916012877245,1365.9795109508957,0.047570004104159534,0.010117774078155787,4.027199008412661e-11,COMPLETE
4550,0.1168,0.865210836000167,7.051402036894628,6.875144787901625,4409.126773678948,0.08755680934938086,0.49106969850296894,5.521087576123659e-10,COMPLETE
4551,0.09725,0.5735289068705967,5.686980021608849,2.2991799521485987,3.084909473001111,0.00164296951317145,68.68637664775686,8.720647859508846e-11,COMPLETE
4552,0.0835,0.12160667571770628,5.686980021608849,4.184926549660749,3570.318278639866,34.74982443918535,0.49106969850296894,2.081095645508335e-05,COMPLETE
4553,0.05025,0.2729832021107271,7.051402036894628,1.0726049388472807,0.4634053899763641,11.736959381932063,0.010117774078155787,3.0092675819548274e-09,COMPLETE
4554,0.05315,0.3229581456918194,5.989976616159035,1.7519510271087413,0.4790219505906723,5.054984284069897,76.57127726580364,1.621364679176634e-08,COMPLETE
4555,0.0471,0.32559957668703093,5.989976616159035,1.7519510271087413,1.8442663426239594,4.006173959705789,76.57127726580364,3.407169759582504e-13,COMPLETE
4556,0.0815,0.3048930471655336,0.8305997373636388,2.5118580794078285,13.732730049080677,3.858204027730059,59.2437895529571,4.5389374712295294e-08,COMPLETE
4557,0.08235,0.650470376574807,5.686980021608849,7.8078637347278095,1.9562826277387932,3.858204027730059,0.764092524644605,1.9043961097477443e-12,COMPLETE
4558,0.0701,0.48801477775839874,6.019990742215804,4.271733847309467,0.014162338396506723,186.9306125540257,0.0247605531247782,3.811801850956625e-07,COMPLETE
4559,0.0549,0.16845684271100575,5.553661359325831,1.0726049388472807,2.2526238626393873,538.4990262104196,0.010117774078155787,5.432263014140687e-13,COMPLETE
4560,0.09255,0.7668865381341822,5.686980021608849,8.741900816624833,5566.2977925921405,5.054984284069897,68.68637664775686,4.5389374712295294e-08,COMPLETE
4561,0.06065,0.20586708578858287,6.019990742215804,1.0726049388472807,1.8442663426239594,0.06857317261521613,44.75759534787291,1.9043961097477443e-12,COMPLETE
4562,0.0463,0.22985442634775086,6.019990742215804,1.0726049388472807,0.4634053899763641,0.08769760856296853,0.010117774078155787,3.0092675819548274e-09,COMPLETE
4563,0.06765,0.5381934864174581,5.686980021608849,6.875144787901625,2.0598523813930134,5.054984284069897,11.478928737247317,2.1811143402963018e-10,COMPLETE
4564,0.1047,0.529077226825286,6.351039989269435,1.7391932394447949,123.52077947060401,0.06857317261521613,12.549082694764847,3.0541645143911065e-11,COMPLETE
4565,0.0408,0.2530800135373137,6.019990742215804,1.0726049388472807,12.412723646412944,221.3673860335604,12.549082694764847,5.426264373213423e-12,COMPLETE
4566,0.06645,0.12031323185397043,7.491453905458799,2.2991799521485987,0.4634053899763641,1.5630282565660134,2.606433764399818,0.0014221987078029243,COMPLETE
4567,0.0932,0.6143201943772366,6.943625321882633,5.445317513641414,2.0598523813930134,34.74982443918535,0.010117774078155787,2.1811143402963018e-10,COMPLETE
4568,0.08,0.830789240932975,7.051402036894628,6.875144787901625,208.22607295194175,0.1122669744411982,0.49106969850296894,5.521087576123659e-10,COMPLETE
4569,0.10765,0.6307550252035664,1.9714863801936275,8.741900816624833,2484.344497646969,110.16646134717259,11.478928737247317,1.6971829756373558e-10,COMPLETE
4570,0.1073,0.8129672677761518,5.989976616159035,9.890916012877245,123.52077947060401,0.06857317261521613,0.764092524644605,7.242135537625552e-11,COMPLETE
4571,0.0962,0.16295880313589736,6.412755325404686,3.786492049701135,2484.344497646969,0.06857317261521613,12.549082694764847,0.0016345418055375984,COMPLETE
4572,0.0684,0.8145191635605631,7.051402036894628,9.890916012877245,1365.9795109508957,3.3682866376182563,5.192615578479196,1.3211332254113168e-05,COMPLETE
4573,0.1304,0.7973301042835358,5.719667260978259,9.890916012877245,1365.9795109508957,0.047570004104159534,0.04724228817485067,9.787752692175531e-12,COMPLETE
4574,0.0736,0.4855326755071742,7.051402036894628,6.875144787901625,2.2526238626393873,0.1122669744411982,0.8372153917404835,1.4847420250811467e-14,COMPLETE
4575,0.073,0.5745314648926758,4.958426658725357,3.783650513932911,77.8244268549123,1.5630282565660134,0.7588539253261725,5.432263014140687e-13,COMPLETE
4576,0.1373,0.7968368380573434,7.051402036894628,6.875144787901625,1365.9795109508957,0.06857317261521613,0.49106969850296894,5.521087576123659e-10,COMPLETE
4577,0.0894,0.6998237431556456,5.989976616159035,6.875144787901625,2484.344497646969,5.054984284069897,11.478928737247317,7.242135537625552e-11,COMPLETE
4578,0.08065,0.6741959490662854,7.051402036894628,8.741900816624833,0.2746182883074883,5.054984284069897,0.49106969850296894,5.521087576123659e-10,COMPLETE
4579,0.0962,0.7403030245555076,7.051402036894628,6.875144787901625,43.4020929550414,0.08755680934938086,0.49106969850296894,5.521087576123659e-10,COMPLETE
4580,0.08415,0.644805684983934,7.051402036894628,6.841550227877497,0.6982353112197273,0.10053837880228404,0.08760821671008018,8.564477591299451e-11,COMPLETE
4581,0.11055,0.7715814071512092,4.517828485422202,9.890916012877245,1365.9795109508957,1.880775125345474,0.764092524644605,2.234326522814866e-10,COMPLETE
4582,0.0478,0.2537600202173347,7.051402036894628,1.0726049388472807,0.3080551749002561,0.08755680934938086,0.010117774078155787,7.242135537625552e-11,COMPLETE
4583,0.0762,0.5236808249916619,7.051402036894628,2.2991799521485987,43.4020929550414,0.08755680934938086,2.606433764399818,7.242135537625552e-11,COMPLETE
4584,0.0682,0.3036389591390506,6.54634358159272,1.0726049388472807,3.9227007475742597,3.858204027730059,0.010117774078155787,2.1811143402963018e-10,COMPLETE
4585,0.08385,0.5475786454863446,6.019990742215804,3.786492049701135,0.014162338396506723,186.9306125540257,12.549082694764847,1.9043961097477443e-12,COMPLETE
4586,0.12845,0.8003321419793927,6.943625321882633,9.890916012877245,1365.9795109508957,0.047570004104159534,5.192615578479196,2.234326522814866e-10,COMPLETE
4587,0.04195,0.32638916816671276,7.051402036894628,1.0726049388472807,0.07261268023359602,110.16646134717259,0.49106969850296894,2.234326522814866e-10,COMPLETE
4588,0.07055,0.42900577402468326,6.943625321882633,2.2991799521485987,0.4634053899763641,110.16646134717259,5.192615578479196,9.787752692175531e-12,COMPLETE
4589,0.10375,0.6711621551945061,7.051402036894628,3.43106801180018,208.22607295194175,0.08755680934938086,0.01777158201797886,5.521087576123659e-10,COMPLETE
4590,0.0491,0.28805411718523394,5.313082312359661,1.7519510271087413,1.8442663426239594,4.006173959705789,76.57127726580364,3.407169759582504e-13,COMPLETE
4591,0.11475,0.6756726432609196,4.1434003284005705,6.641926976422129,2661.553121751245,5.054984284069897,11.478928737247317,8.720647859508846e-11,COMPLETE
4592,0.0684,0.6785926952683781,7.296565715563787,6.641926976422129,0.6975592224319972,0.12480776742786713,0.07088291265735581,5.209003662322073e-11,COMPLETE
4593,0.07715,0.5739455101648511,7.296565715563787,7.365896567511892,2.2526238626393873,1.2594502646806938,17.543999742650467,5.432263014140687e-13,COMPLETE
4594,0.07945,0.6555618685067924,5.555869629198394,6.240360399284202,2661.553121751245,3.858204027730059,59.2437895529571,4.072994270736077e-09,COMPLETE
