number,values_0,values_1,params_delta_deg,params_gamma,params_lambda1,params_lambda2,params_lambda3,params_lambda4,state
3900,0.1364,0.7659431359007236,7.051402036894628,9.890916012877245,208.22607295194175,0.08755680934938086,76.57127726580364,5.521087576123659e-10,COMPLETE
3901,0.11835,0.7845623409812632,5.553661359325831,9.890916012877245,12.81601044649025,0.0033123572015520335,0.11060646004395691,7.242135537625552e-11,COMPLETE
3902,0.0727,0.6796315784618644,5.989976616159035,8.741900816624833,0.10490631659541416,24.437218744472965,0.7925711163426219,7.242135537625552e-11,COMPLETE
3903,0.0763,0.36837050765578777,6.943625321882633,9.890916012877245,0.07128094148085633,110.16646134717259,0.11060646004395691,5.084841033428791e-06,COMPLETE
3904,0.12735,0.8258968883171115,6.943625321882633,9.890916012877245,3090.9457533461396,0.05564315315248067,2.5245438758434986,3.407169759582504e-13,COMPLETE
3905,0.0771,0.791808985013984,5.553661359325831,8.741900816624833,2484.344497646969,5.054984284069897,11.478928737247317,4.5389374712295294e-08,COMPLETE
3906,0.0854,0.7218471519363407,7.296565715563787,6.875144787901625,0.07261268023359602,0.08953212198616124,0.01777158201797886,8.720647859508846e-11,COMPLETE
3907,0.0719,0.38811355929141295,5.686980021608849,2.3243395466560663,0.014162338396506723,186.9306125540257,48.78444940376289,4.3187930449778006e-13,COMPLETE
3908,0.10525,0.7603034257254205,5.439590829177734,9.890916012877245,208.22607295194175,0.047570004104159534,0.4753583525789421,5.521087576123659e-10,COMPLETE
3909,0.08465,0.6610114588185545,4.958426658725357,8.359124144204223,1.0995878129621477,153.116303158693,3.6008094906658137,3.0541645143911065e-11,COMPLETE
3910,0.08895,0.1598598300710627,7.491453905458799,6.875144787901625,0.1301017769129207,0.06857317261521613,0.3359486683616324,0.0005345140787520269,COMPLETE
3911,0.0488,0.328190912122681,6.943625321882633,1.0726049388472807,123.52077947060401,546.754814234046,5.192615578479196,2.2563515925025537e-09,COMPLETE
3912,0.11565,0.7686759533497072,5.686980021608849,6.875144787901625,123.52077947060401,0.06857317261521613,0.3359486683616324,2.1811143402963018e-10,COMPLETE
3913,0.098,0.6843964926376856,7.051402036894628,9.560730083492423,208.22607295194175,1.5630282565660134,0.49106969850296894,5.314026320276268e-08,COMPLETE
3914,0.03935,0.24782161593735982,7.296565715563787,1.3456181389931186,0.4634053899763641,5.054984284069897,34.574222073764446,7.242135537625552e-11,COMPLETE
3915,0.0788,0.7065228125143538,7.491453905458799,6.875144787901625,123.52077947060401,4.006173959705789,0.764092524644605,3.407169759582504e-13,COMPLETE
3916,0.08415,0.1071794126490458,7.051402036894628,6.875144787901625,0.09750978508651072,0.047570004104159534,0.04082369646290137,0.000227408818634579,COMPLETE
3917,0.05535,0.24919874513520263,6.943625321882633,1.0726049388472807,80.16148676066317,5.054984284069897,0.49106969850296894,5.521087576123659e-10,COMPLETE
3918,0.04925,0.23635222956951643,7.051402036894628,1.0726049388472807,0.4634053899763641,0.08755680934938086,0.010117774078155787,5.521087576123659e-10,COMPLETE
3919,0.0927,0.710427103043569,7.491453905458799,7.242098619980624,0.14477679301889662,186.9306125540257,3.6008094906658137,8.720647859508846e-11,COMPLETE
3920,0.0885,0.45403724996496264,3.7523591558107,1.0726049388472807,3090.9457533461396,0.06857317261521613,2.606433764399818,1.7411112824373338e-14,COMPLETE
3921,0.0881,0.5637841037337719,4.958426658725357,6.875144787901625,5566.2977925921405,34.74982443918535,68.68637664775686,2.1811143402963018e-10,COMPLETE
3922,0.05965,0.47795470006421864,7.106065185822324,6.641926976422129,0.6975592224319972,0.12480776742786713,2.472695961064656,8.720647859508846e-11,COMPLETE
3923,0.08205,0.3347459937694836,0.4441950821230788,1.844974289630367,0.4634053899763641,186.9306125540257,0.6354386964222589,3.0350963741721114e-05,COMPLETE
3924,0.109,0.8492973481114384,7.496422814319275,9.890916012877245,123.52077947060401,0.06857317261521613,1.8343294805522081,3.407169759582504e-13,COMPLETE
3925,0.04755,0.23180567035711425,3.7523591558107,1.0726049388472807,0.07405270673119634,51.0531204742495,2.606433764399818,1.7411112824373338e-14,COMPLETE
3926,0.12965,0.8019375842482848,7.051402036894628,9.890916012877245,1365.9795109508957,0.047570004104159534,0.04082369646290137,1.9897264125379086e-06,COMPLETE
3927,0.09575,0.5740972421632652,3.0455122299916,9.890916012877245,0.07261268023359602,51.0531204742495,0.11060646004395691,3.925119100588858e-14,COMPLETE
3928,0.09795,0.15532108140035755,5.686980021608849,6.875144787901625,123.52077947060401,0.06857317261521613,0.3359486683616324,0.0012383097000379134,COMPLETE
3929,0.0641,0.4619383478884907,4.958426658725357,6.875144787901625,2.2526238626393873,1.5630282565660134,59.2437895529571,5.432263014140687e-13,COMPLETE
3930,0.0985,0.7814186080209166,6.019990742215804,9.895435580796285,123.52077947060401,0.06857317261521613,3.6008094906658137,1.9043961097477443e-12,COMPLETE
3931,0.06765,0.27570001414189255,7.296565715563787,6.396161477470866,0.6975592224319972,73.9565414206771,0.01777158201797886,3.649569116806477e-06,COMPLETE
3932,0.08945,0.7122589126483007,7.491453905458799,8.359124144204223,123.52077947060401,1.5630282565660134,0.3359486683616324,3.787929895519139e-07,COMPLETE
3933,0.09355,0.6281461164015036,4.958426658725357,6.641926976422129,2.2526238626393873,73.9565414206771,17.543999742650467,5.432263014140687e-13,COMPLETE
3934,0.0804,0.6170885493543666,5.686980021608849,8.741900816624833,0.02152769527372006,5.054984284069897,5.78178932700982,2.1811143402963018e-10,COMPLETE
3935,0.08005,0.7695256546750279,5.686980021608849,5.764024618670887,7843.277665583187,3.858204027730059,2.606433764399818,4.331365543927414e-05,COMPLETE
3936,0.0738,0.5025020685097735,5.686980021608849,6.875144787901625,0.12636866184538015,3.858204027730059,59.2437895529571,3.5564424958673963e-05,COMPLETE
3937,0.074,0.6530549695580492,7.051402036894628,8.741900816624833,1365.9795109508957,815.4883112052337,14.732118064935978,2.2563515925025537e-09,COMPLETE
3938,0.1046,0.8271726144500557,7.296565715563787,6.641926976422129,208.22607295194175,0.009707433566872849,0.010490863545892863,8.720647859508846e-11,COMPLETE
3939,0.1036,0.7567828454414263,5.719667260978259,6.641926976422129,2661.553121751245,0.009707433566872849,0.010490863545892863,8.720647859508846e-11,COMPLETE
3940,0.06115,0.3470451445749535,6.019990742215804,1.2997368745646833,4852.569174680965,186.9306125540257,8.213868348493142,8.564477591299451e-11,COMPLETE
3941,0.08345,0.5484307177875686,3.7523591558107,3.9944594338373487,884.5945192822505,586.3202917182875,2.606433764399818,5.314026320276268e-08,COMPLETE
3942,0.0638,0.17963803249632254,3.588855111496803,1.0726049388472807,4.357249147035983,0.4878712301792302,3.4900137359342733,3.0092675819548274e-09,COMPLETE
3943,0.0619,0.09750538320364106,1.7346367121434425,1.0726049388472807,3.9227007475742597,186.9306125540257,0.010117774078155787,3.0541645143911065e-11,COMPLETE
3944,0.0941,0.6829580800660832,7.296565715563787,6.641926976422129,1.8442663426239594,73.9565414206771,17.543999742650467,1.621364679176634e-08,COMPLETE
3945,0.1045,0.7242746695760643,7.051402036894628,2.78135249575565,1365.9795109508957,0.047570004104159534,0.04082369646290137,1.9897264125379086e-06,COMPLETE
3946,0.08755,0.627484705686168,7.491453905458799,6.875144787901625,0.4634053899763641,30.485230658881715,0.49106969850296894,2.234326522814866e-10,COMPLETE
3947,0.0965,0.7841079991356162,7.076521705268861,9.890916012877245,12.412723646412944,0.047570004104159534,0.011575031346458299,3.407169759582504e-13,COMPLETE
3948,0.1201,0.7874300098201608,5.439590829177734,9.890916012877245,3090.9457533461396,0.08755680934938086,0.04082369646290137,1.2763233856767755e-09,COMPLETE
3949,0.0967,0.6844899567378191,6.019990742215804,3.786492049701135,123.52077947060401,0.06857317261521613,12.549082694764847,1.9043961097477443e-12,COMPLETE
3950,0.04155,0.2284099736187485,7.296565715563787,1.190311063860413,0.07261268023359602,6.0252214987052914,8.075494161432946,8.564477591299451e-11,COMPLETE
3951,0.11565,0.7005305530658474,1.3459692934282577,6.875144787901625,123.52077947060401,0.1013397086496358,0.01777158201797886,5.521087576123659e-10,COMPLETE
3952,0.0617,0.04244887988499998,7.296565715563787,6.641926976422129,164.95589305709754,546.754814234046,0.010117774078155787,4.819620859627371e-05,COMPLETE
3953,0.08805,0.7668099210246835,7.051402036894628,8.591723584316227,208.22607295194175,4.006173959705789,0.49106969850296894,5.314026320276268e-08,COMPLETE
3954,0.08645,0.6712561793882127,6.943625321882633,7.796011428516748,0.4634053899763641,546.754814234046,8.213868348493142,7.242135537625552e-11,COMPLETE
3955,0.10015,0.7165444718762698,5.553661359325831,8.741900816624833,5566.2977925921405,34.74982443918535,68.68637664775686,4.5389374712295294e-08,COMPLETE
3956,0.08095,0.06645815497946822,6.653627469475423,6.875144787901625,208.22607295194175,51.0531204742495,0.010490863545892863,5.521087576123659e-10,COMPLETE
3957,0.0874,0.6198773272251017,7.051402036894628,3.9944594338373487,23.35773041156462,0.08755680934938086,1.0580091643657512,9.694703469038262e-14,COMPLETE
3958,0.0693,0.08726536376599278,6.019990742215804,1.749533348231288,3090.9457533461396,6.215166493118805,0.0247605531247782,3.811801850956625e-07,COMPLETE
3959,0.07565,0.616727620854408,4.958426658725357,8.359124144204223,2.2526238626393873,1.5630282565660134,5.358139261954667,8.720647859508846e-11,COMPLETE
3960,0.0533,0.3142021889053122,5.719667260978259,1.0726049388472807,0.016767417635497637,110.16646134717259,0.01777158201797886,9.787752692175531e-12,COMPLETE
3961,0.0929,0.6979371059313384,7.296565715563787,8.741900816624833,0.6975592224319972,0.12480776742786713,0.01777158201797886,1.9658546626283532e-11,COMPLETE
3962,0.12135,0.8176607385928528,7.051402036894628,9.890916012877245,208.22607295194175,0.08755680934938086,0.49106969850296894,5.521087576123659e-10,COMPLETE
3963,0.07815,0.1675288719649246,1.4705813796687595,1.2997368745646833,0.014162338396506723,186.9306125540257,0.0247605531247782,3.811801850956625e-07,COMPLETE
3964,0.0705,0.6397683381581887,5.686980021608849,6.875144787901625,0.4634053899763641,546.754814234046,0.010117774078155787,3.0092675819548274e-09,COMPLETE
3965,0.0469,0.3164600106689735,6.943625321882633,1.0726049388472807,2.2526238626393873,546.754814234046,21.423673940875574,5.432263014140687e-13,COMPLETE
3966,0.0587,0.32503618539465107,6.351039989269435,1.0726049388472807,208.22607295194175,107.59872434463156,0.49106969850296894,5.521087576123659e-10,COMPLETE
3967,0.128,0.8834650512550699,7.051402036894628,8.458997448208544,1365.9795109508957,0.047570004104159534,0.49106969850296894,2.234326522814866e-10,COMPLETE
3968,0.0648,0.6138561195687174,7.296565715563787,6.641926976422129,0.07261268023359602,1.5630282565660134,3.6008094906658137,3.0541645143911065e-11,COMPLETE
3969,0.06205,0.33907837636517363,4.797597292147365,1.7519510271087413,1.8442663426239594,4.006173959705789,0.764092524644605,3.407169759582504e-13,COMPLETE
3970,0.0903,0.4812810754998801,5.719667260978259,8.741900816624833,0.016767417635497637,110.16646134717259,0.01777158201797886,4.5389374712295294e-08,COMPLETE
3971,0.05395,0.23031534772358594,6.351039989269435,1.0726049388472807,0.015804648631406053,107.59872434463156,34.574222073764446,3.0541645143911065e-11,COMPLETE
3972,0.0451,0.2812454589049793,4.552516604499742,1.0726049388472807,0.07261268023359602,186.9306125540257,5.192615578479196,5.521087576123659e-10,COMPLETE
3973,0.1043,0.5910784613961237,6.704630163691656,6.641926976422129,0.2482692295001989,73.9565414206771,17.543999742650467,3.649569116806477e-06,COMPLETE
3974,0.05905,0.27991531924126256,4.958426658725357,1.0726049388472807,0.4634053899763641,546.754814234046,3.6008094906658137,3.0092675819548274e-09,COMPLETE
3975,0.07385,0.3332787009499009,5.686980021608849,1.633437316927118,1.9562826277387932,0.018743287263695788,68.68637664775686,2.1811143402963018e-10,COMPLETE
3976,0.0451,0.2688532984274872,3.0455122299916,1.0726049388472807,1.665568146531617,51.0531204742495,1.2051423090974454,5.521087576123659e-10,COMPLETE
3977,0.08895,0.832337157127951,7.491453905458799,6.223646815956013,2661.553121751245,1.2594502646806938,17.543999742650467,3.0541645143911065e-11,COMPLETE
3978,0.05905,0.531188991868057,5.439590829177734,2.2991799521485987,0.016767417635497637,115.71255119018926,2.606433764399818,7.242135537625552e-11,COMPLETE
3979,0.07925,0.17411040350730903,7.296565715563787,9.890916012877245,12.412723646412944,0.047570004104159534,0.764092524644605,4.819620859627371e-05,COMPLETE
3980,0.0781,0.5027803120184909,6.943625321882633,6.210591211787568,0.4634053899763641,546.754814234046,0.010117774078155787,6.284201955471463e-08,COMPLETE
3981,0.0875,0.6631385057787805,5.719667260978259,8.359124144204223,0.4634053899763641,110.16646134717259,3.6008094906658137,1.7604543395459594e-13,COMPLETE
3982,0.10395,0.7833570269862241,5.921463044955618,9.890916012877245,208.22607295194175,0.08755680934938086,0.49106969850296894,3.787929895519139e-07,COMPLETE
3983,0.05755,0.5677452023295334,7.051402036894628,6.875144787901625,0.07261268023359602,0.4878712301792302,76.57127726580364,1.621364679176634e-08,COMPLETE
3984,0.10535,0.7898629200249181,6.673821436559412,6.641926976422129,2661.553121751245,1.2594502646806938,17.543999742650467,8.720647859508846e-11,COMPLETE
3985,0.09745,0.8015338352453003,5.719667260978259,6.875144787901625,2484.344497646969,0.009707433566872849,0.010490863545892863,7.242135537625552e-11,COMPLETE
3986,0.0657,0.5907721831996096,4.797597292147365,8.741900816624833,1.8442663426239594,5.054984284069897,11.478928737247317,4.5389374712295294e-08,COMPLETE
3987,0.09865,0.5227202432230611,7.051402036894628,1.2231325477180695,9728.434349699546,0.08755680934938086,0.49106969850296894,5.521087576123659e-10,COMPLETE
3988,0.0908,0.48479738220572255,5.686980021608849,6.875144787901625,7843.277665583187,3.858204027730059,0.012868437658265921,9.787752692175531e-12,COMPLETE
3989,0.11425,0.6307005120028157,5.989976616159035,2.215221898055086,3090.9457533461396,0.047570004104159534,0.04082369646290137,1.9897264125379086e-06,COMPLETE
3990,0.07465,0.6281027612663393,5.989976616159035,8.741900816624833,0.4634053899763641,5.054984284069897,2.606433764399818,1.2865792275117797e-14,COMPLETE
3991,0.08235,0.6764441602505809,7.051402036894628,9.890916012877245,0.016444976044628738,0.4878712301792302,0.49106969850296894,8.564477591299451e-11,COMPLETE
3992,0.11245,0.777663556784789,7.296565715563787,6.641926976422129,2661.553121751245,1.2594502646806938,17.543999742650467,8.720647859508846e-11,COMPLETE
3993,0.09045,0.6180329909635012,5.989976616159035,8.741900816624833,0.4634053899763641,186.9306125540257,3.6008094906658137,7.242135537625552e-11,COMPLETE
3994,0.05425,0.23209825196746764,6.943625321882633,1.0726049388472807,0.09750978508651072,0.04997089405278743,0.010117774078155787,7.242135537625552e-11,COMPLETE
3995,0.0516,0.3679006743784521,6.943625321882633,1.0726049388472807,1.8442663426239594,7.27818712870518,0.04724228817485067,2.234326522814866e-10,COMPLETE
3996,0.06955,0.32015294607798034,5.719667260978259,2.2991799521485987,0.016767417635497637,110.16646134717259,0.01777158201797886,9.787752692175531e-12,COMPLETE
3997,0.0673,0.5460488707803299,5.439590829177734,6.480010112109973,0.19746176987049865,0.047570004104159534,2.618361112768666,8.720647859508846e-11,COMPLETE
3998,0.0517,0.25531599258457266,2.3940420527281274,1.0726049388472807,0.4634053899763641,110.16646134717259,2.606433764399818,4.62065770280429e-11,COMPLETE
3999,0.10165,0.6667601918068833,6.943625321882633,2.5573889004686183,2214.9361957584692,0.06857317261521613,14.732118064935978,2.2563515925025537e-09,COMPLETE
4000,0.092,0.7759074177080938,5.553661359325831,8.741900816624833,2484.344497646969,5.054984284069897,11.478928737247317,7.242135537625552e-11,COMPLETE
4001,0.10735,0.7400069648824785,7.422508638634087,8.741900816624833,2484.344497646969,0.065440406798938,0.010117774078155787,7.242135537625552e-11,COMPLETE
4002,0.0732,0.6527294461065454,7.296565715563787,9.890916012877245,0.07261268023359602,0.12480776742786713,0.49106969850296894,5.521087576123659e-10,COMPLETE
4003,0.1006,0.8408920972521575,7.051402036894628,6.875144787901625,862.0878640047348,0.08751887221500926,0.18351186297609423,8.720647859508846e-11,COMPLETE
4004,0.08385,0.205950201563149,6.943625321882633,6.875144787901625,123.52077947060401,1.5630282565660134,3.6008094906658137,0.00033569627631011934,COMPLETE
4005,0.06915,0.5158643495744153,7.051402036894628,6.875144787901625,0.07261268023359602,0.06857317261521613,8.213868348493142,8.564477591299451e-11,COMPLETE
4006,0.08,0.49581357023645595,5.076276390037151,6.641926976422129,0.4634053899763641,546.754814234046,0.010117774078155787,3.0092675819548274e-09,COMPLETE
4007,0.07295,0.7453262115796335,5.553661359325831,8.741900816624833,1546.579377481222,5.054984284069897,11.478928737247317,4.5389374712295294e-08,COMPLETE
4008,0.07635,0.017419916648527635,6.943625321882633,1.0726049388472807,208.22607295194175,86.90437498427625,0.010117774078155787,5.2699250563299106e-08,COMPLETE
4009,0.10285,0.10415418738409196,1.848255225447198,6.875144787901625,7843.277665583187,0.08755680934938086,59.2437895529571,0.003120386927010262,COMPLETE
4010,0.07125,0.47165055705943615,4.958426658725357,2.2991799521485987,0.016767417635497637,110.16646134717259,3.6008094906658137,3.0541645143911065e-11,COMPLETE
4011,0.0416,0.34657144047017446,5.989976616159035,1.7519510271087413,1.8442663426239594,5.054984284069897,76.57127726580364,1.621364679176634e-08,COMPLETE
4012,0.0556,0.35449164456494586,4.797597292147365,1.7519510271087413,1.8442663426239594,5.054984284069897,0.26993392895718027,7.242135537625552e-11,COMPLETE
4013,0.05645,0.281445175904704,5.553661359325831,1.6740460944355011,2.2526238626393873,51.0531204742495,59.2437895529571,2.1811143402963018e-10,COMPLETE
4014,0.1019,0.6566131356827767,7.296565715563787,9.890916012877245,12.412723646412944,95.0414331874484,0.764092524644605,1.1959101228623094e-13,COMPLETE
4015,0.0674,0.2045133007615331,1.7351049510108343,1.0726049388472807,2484.344497646969,5.054984284069897,11.478928737247317,5.702254858902204e-09,COMPLETE
4016,0.0828,0.40335897544174903,5.989976616159035,1.7519510271087413,2484.344497646969,4.006173959705789,17.439084613584736,3.407169759582504e-13,COMPLETE
4017,0.06855,0.3280685182925204,4.812614441890751,2.2991799521485987,0.016767417635497637,0.12480776742786713,2.606433764399818,7.242135537625552e-11,COMPLETE
4018,0.071,0.47161547090439127,6.019990742215804,7.013702019503985,0.014162338396506723,186.9306125540257,0.0247605531247782,3.811801850956625e-07,COMPLETE
4019,0.06625,0.23167247728362822,6.943625321882633,1.0726049388472807,0.4634053899763641,546.754814234046,3.6008094906658137,0.0009542509204637081,COMPLETE
4020,0.10105,0.7920244069395013,7.482763490318015,9.890916012877245,208.22607295194175,0.08755680934938086,14.732118064935978,2.182595194877566e-06,COMPLETE
4021,0.04775,0.3159547538862667,5.989976616159035,1.0726049388472807,3.9227007475742597,5.054984284069897,0.010117774078155787,4.247556636958856e-11,COMPLETE
4022,0.0549,0.3401820848217914,4.797597292147365,1.7519510271087413,1.8442663426239594,4.006173959705789,0.764092524644605,3.0541645143911065e-11,COMPLETE
4023,0.08165,0.533304451114502,7.051402036894628,3.1456365869161007,0.4634053899763641,110.16646134717259,0.49106969850296894,5.314026320276268e-08,COMPLETE
4024,0.089,0.697419276899318,5.686980021608849,6.875144787901625,1.2903853765156061,73.9565414206771,17.543999742650467,3.649569116806477e-06,COMPLETE
4025,0.08035,0.6484432847798464,7.276399398969,8.359124144204223,0.4634053899763641,546.754814234046,0.1254012244873389,2.556898659242752e-09,COMPLETE
4026,0.0732,0.38727815909121266,6.943625321882633,6.641926976422129,0.07261268023359602,546.754814234046,0.010117774078155787,7.571953505189684e-14,COMPLETE
4027,0.06915,0.4731026231597036,7.051402036894628,3.9944594338373487,0.014162338396506723,0.08755680934938086,0.49106969850296894,5.314026320276268e-08,COMPLETE
4028,0.0859,0.8012750255199685,7.051402036894628,6.875144787901625,123.52077947060401,0.06857317261521613,0.11060646004395691,5.521087576123659e-10,COMPLETE
4029,0.1065,0.7808943942763614,7.296565715563787,6.641926976422129,12.412723646412944,0.001093211310281484,0.01777158201797886,8.720647859508846e-11,COMPLETE
4030,0.0835,0.7587747539687313,7.296565715563787,6.641926976422129,2484.344497646969,0.12480776742786713,0.01777158201797886,8.720647859508846e-11,COMPLETE
4031,0.06435,0.32003289105739957,0.6591950327658165,1.7519510271087413,7843.277665583187,5.054984284069897,76.57127726580364,4.331365543927414e-05,COMPLETE
4032,0.08455,0.7441572276843431,5.686980021608849,6.875144787901625,5566.2977925921405,4.006173959705789,68.68637664775686,2.1811143402963018e-10,COMPLETE
4033,0.04925,0.30632130571115374,6.943625321882633,1.0726049388472807,0.4634053899763641,546.754814234046,5.192615578479196,3.0092675819548274e-09,COMPLETE
4034,0.1133,0.804353256373851,4.639773976362606,9.890916012877245,1365.9795109508957,0.08755680934938086,0.49106969850296894,5.521087576123659e-10,COMPLETE
4035,0.04695,0.19900154661667271,6.351039989269435,1.0726049388472807,3.9227007475742597,107.59872434463156,0.010117774078155787,1.7411112824373338e-14,COMPLETE
4036,0.12135,0.8191517082564517,7.051402036894628,8.458997448208544,1365.9795109508957,0.047570004104159534,0.49106969850296894,4.887946306138812e-10,COMPLETE
4037,0.0907,0.6420316905674107,7.051402036894628,2.2733392384331452,3090.9457533461396,0.4878712301792302,8.213868348493142,8.564477591299451e-11,COMPLETE
4038,0.12805,0.789233210368946,6.943625321882633,9.890916012877245,3090.9457533461396,0.05564315315248067,2.5245438758434986,3.407169759582504e-13,COMPLETE
