number,values_0,values_1,params_delta_deg,params_gamma,params_lambda1,params_lambda3,state
1337,0.13895,0.7034119848364901,2.88788207717979,9.933529862520766,2147.1158445190413,12.91910784791281,COMPLETE
1338,0.10115,0.708515374162246,7.257271731141275,7.639970758565217,116.68218004772335,15.635249172291681,COMPLETE
1339,0.0975,0.5611872529336666,7.225279577446517,2.52685828106909,359.71457230765833,4.792699168837896,COMPLETE
1340,0.1098,0.30265090557993896,1.2195240107159677,4.128977545770486,0.5549010274448358,0.5084006019933035,COMPLETE
1341,0.10245,0.623186566926365,6.822089709206537,5.950827672861153,5.6878068615007775,0.7306953052604724,COMPLETE
1342,0.097,0.6096122950054208,7.489439152524652,9.988586281068551,0.01333967025299093,6.574812226836342,COMPLETE
1343,0.11835,0.77341406049407,7.386495200771071,9.767312130896007,315.0117225293658,20.849095901845793,COMPLETE
1344,0.07805,0.35690697195797466,7.489439152524652,2.377072121737594,18.725675380934778,1.8602957309646184,COMPLETE
1345,0.0855,0.5045117867059653,7.489439152524652,2.195218904889921,446.13121992633313,3.622891406066991,COMPLETE
1346,0.1161,0.5821363862027832,7.489439152524652,9.988586281068551,0.09039245458229667,0.20943617817067794,COMPLETE
1347,0.1466,0.8210056051441452,5.334411901674462,9.933529862520766,2147.1158445190413,0.5985950343657075,COMPLETE
1348,0.1386,0.43752492200848003,5.057791768555296,8.418374689108267,560.4775189597802,0.016260609505545556,COMPLETE
1349,0.1038,0.20319652002517435,1.871112740371826,1.6830728729124345,116.68218004772335,0.725005173883511,COMPLETE
1350,0.0941,0.5915268990746849,7.386495200771071,3.21016015754838,384.81053681480347,2.1102891532478085,COMPLETE
1351,0.06315,0.20894698128129793,7.489439152524652,1.2992706708708701,0.48160356426463263,0.5985950343657075,COMPLETE
1352,0.07315,0.30030918428156966,7.489439152524652,1.394322693127549,2.4792588435669867,0.09056583307762119,COMPLETE
1353,0.1147,0.7746283981150051,7.489439152524652,3.4709986937730752,1688.3846346819648,1.526275265602974,COMPLETE
1354,0.13395,0.8075303650822517,5.669059578661803,7.062126769282375,1688.3846346819648,0.7306953052604724,COMPLETE
1355,0.13155,0.6749483446978327,7.339695485358947,7.451337432117496,359.71457230765833,0.07481213864088714,COMPLETE
1356,0.1373,0.8280614262268269,6.411054648194905,6.694798433810031,6551.81344348941,3.9703371647893633,COMPLETE
1357,0.10185,0.6554410333586584,6.812644630608508,5.887432571476491,155.44349456008607,3.955323002131923,COMPLETE
1358,0.08815,0.32924709673558455,4.08923501142192,2.773946398622405,2.880805974985026,0.5084006019933035,COMPLETE
1359,0.1038,0.6330743447614262,7.398979747077997,4.761487081232986,61.128832411058866,0.5985950343657075,COMPLETE
1360,0.1251,0.6949957996830068,7.489439152524652,3.0638630129150126,5252.3814953420715,4.792699168837896,COMPLETE
1361,0.10495,0.5339092048275729,4.734858763664499,2.2936321639072275,2147.1158445190413,0.01811754646800173,COMPLETE
1362,0.1202,0.8458982755696394,7.489439152524652,5.869623929785657,359.71457230765833,1.269868031404911,COMPLETE
1363,0.0963,0.2272465108370134,0.13593045336221815,4.5737275917042775,4.6216117253800055,0.5985950343657075,COMPLETE
1364,0.12755,0.8094018057068142,5.5150049043702545,8.081625847692138,1364.1776643863184,3.9703371647893633,COMPLETE
1365,0.09295,0.5941564937182491,7.257271731141275,7.451337432117496,0.7780556311068269,2.1102891532478085,COMPLETE
1366,0.09655,0.5757597207393593,6.812644630608508,9.988586281068551,7.409687257568586,4.792699168837896,COMPLETE
1367,0.10595,0.42502463950567443,2.981662124317787,3.0156649020845308,61.128832411058866,0.18498739171377424,COMPLETE
1368,0.0765,0.4032869356233618,7.257271731141275,3.3704975429349244,5.6878068615007775,2.1102891532478085,COMPLETE
1369,0.1069,0.7195141004231994,5.669059578661803,9.933529862520766,112.323925330586,4.106370467787056,COMPLETE
1370,0.10185,0.5994219705937924,7.489439152524652,4.390239464358789,30.54779366423335,0.5985950343657075,COMPLETE
1371,0.10145,0.4505079072847022,5.5150049043702545,1.812416447880128,394.48638384574326,1.526275265602974,COMPLETE
1372,0.07565,0.31214783870699064,6.778075540011049,2.9633326864695095,0.01333967025299093,11.34645454198699,COMPLETE
1373,0.06855,0.3970871520094942,4.933362998330481,2.195218904889921,10.955729402655995,0.08991353636167962,COMPLETE
1374,0.1108,0.5939507958920827,7.489439152524652,4.128977545770486,0.018061876682693115,0.020193017937328108,COMPLETE
1375,0.1214,0.6101846982477767,5.5150049043702545,8.418374689108267,4.6216117253800055,0.5985950343657075,COMPLETE
1376,0.09755,0.5800042315676995,5.669059578661803,7.062126769282375,0.1022266553562691,0.725005173883511,COMPLETE
1377,0.099,0.40532997103386004,2.981662124317787,5.950827672861153,5.6878068615007775,2.775883998783492,COMPLETE
1378,0.09815,0.3613514979601178,0.45519264348805843,9.630900400408159,3.4096137321043085,0.5985950343657075,COMPLETE
1379,0.0858,0.2089452547487216,7.321806062638004,1.0340435745788543,112.323925330586,0.5985950343657075,COMPLETE
1380,0.10605,0.5966088775124088,2.145968608252984,4.101823977297871,844.1984694870878,0.5985950343657075,COMPLETE
1381,0.0777,0.3349660730613729,7.489439152524652,2.195218904889921,39.473458315513035,13.737135040054913,COMPLETE
1382,0.06425,0.17906114992754404,6.8435536313626235,1.1679739768270172,2.4792588435669867,44.76380938653201,COMPLETE
1383,0.0832,0.3680048054877039,7.257271731141275,3.3704975429349244,4.6216117253800055,2.1102891532478085,COMPLETE
1384,0.07435,0.1564103767310668,2.981662124317787,1.2992706708708701,0.48160356426463263,0.5985950343657075,COMPLETE
1385,0.07815,0.4207547941365902,7.386495200771071,1.6830728729124345,0.1391760704901539,0.023642794023043125,COMPLETE
1386,0.12115,0.6985631874612444,6.126014663017722,3.3704975429349244,3391.075672701642,2.1102891532478085,COMPLETE
1387,0.08445,0.4751617120560725,7.339695485358947,1.9444730187529853,384.81053681480347,2.1102891532478085,COMPLETE
1388,0.0656,0.44781471080353047,7.398979747077997,3.0156649020845308,0.061530195681195304,0.5985950343657075,COMPLETE
1389,0.10545,0.7686790436702593,5.334411901674462,9.933529862520766,112.323925330586,1.526275265602974,COMPLETE
1390,0.07425,0.19881697607236812,7.321806062638004,1.0340435745788543,30.54779366423335,0.5985950343657075,COMPLETE
1391,0.13835,0.8765587111664308,7.386495200771071,7.451337432117496,2899.69581847893,4.792699168837896,COMPLETE
1392,0.1116,0.5475967262020949,2.7402283835851238,5.101045204827722,2.4792588435669867,0.2944924768920615,COMPLETE
1393,0.09015,0.499281476004396,7.339695485358947,7.451337432117496,0.4111694316312813,11.34645454198699,COMPLETE
1394,0.0914,0.5727750440163892,6.641989734742594,1.437398286160869,2899.69581847893,11.34645454198699,COMPLETE
1395,0.1251,0.7495107305123022,7.398979747077997,7.094004019616204,116.68218004772335,0.1250556731601518,COMPLETE
1396,0.06605,0.1447192491367311,7.489439152524652,1.0000874311382033,0.4111694316312813,4.792699168837896,COMPLETE
1397,0.07495,0.23741959849547833,6.8435536313626235,1.1679739768270172,2.4792588435669867,0.056163419179385665,COMPLETE
1398,0.0951,0.5549527275039392,7.489439152524652,4.128977545770486,117.01164712837071,15.635249172291681,COMPLETE
1399,0.07665,0.21854149071332285,7.346105518547408,1.2425234919311259,30.54779366423335,0.5985950343657075,COMPLETE
1400,0.0755,0.1754725188168265,0.868268248826148,1.7054802566587093,0.022872403443138362,2.04372579830668,COMPLETE
1401,0.1237,0.7729313094862517,7.489439152524652,3.4709986937730752,9041.261347976159,0.5985950343657075,COMPLETE
1402,0.0998,0.6303454339771041,7.489439152524652,7.639970758565217,8.464929430323634,0.5485900762022328,COMPLETE
1403,0.11275,0.565680678265097,5.280090073895156,3.8949054413635427,359.71457230765833,0.02710154836845078,COMPLETE
1404,0.10635,0.3547157689588267,1.189314952930948,9.988586281068551,0.7780556311068269,2.1102891532478085,COMPLETE
1405,0.08675,0.5737254763549899,7.398979747077997,3.0156649020845308,61.128832411058866,0.5985950343657075,COMPLETE
1406,0.08615,0.5506405740823876,7.398979747077997,7.451337432117496,0.50010706770691,11.34645454198699,COMPLETE
1407,0.09585,0.604039167149351,7.346105518547408,9.988586281068551,30.54779366423335,4.792699168837896,COMPLETE
1408,0.1329,0.8810718688427953,7.386495200771071,9.933529862520766,384.81053681480347,2.1102891532478085,COMPLETE
1409,0.07835,0.4781618777588426,7.489439152524652,4.101823977297871,0.50010706770691,4.792699168837896,COMPLETE
1410,0.11235,0.7290729662132498,4.1522913916724615,6.55536800045774,560.4775189597802,1.526275265602974,COMPLETE
1411,0.09775,0.5467689170375742,7.489439152524652,2.195218904889921,560.4775189597802,81.16696736222349,COMPLETE
1412,0.0926,0.5937961242024163,5.280090073895156,4.101823977297871,359.71457230765833,11.34645454198699,COMPLETE
1413,0.07965,0.20434468526538338,3.988254287452788,1.2992706708708701,61.128832411058866,0.8225217437592538,COMPLETE
1414,0.0977,0.5998046034126554,7.321806062638004,7.451337432117496,0.7780556311068269,0.5985950343657075,COMPLETE
1415,0.0979,0.5719406491058551,6.812644630608508,3.4709986937730752,0.5549010274448358,0.012218883534349882,COMPLETE
1416,0.08925,0.5291293185829538,7.489439152524652,4.390239464358789,0.01333967025299093,0.7306953052604724,COMPLETE
1417,0.11365,0.6758891992911005,4.859269400135405,6.694798433810031,359.71457230765833,11.34645454198699,COMPLETE
1418,0.07655,0.3963197408152775,7.225279577446517,2.773946398622405,6.698442215052574,0.7306953052604724,COMPLETE
1419,0.089,0.5538672194282849,7.489439152524652,2.1706983858914763,560.4775189597802,1.8602957309646184,COMPLETE
1420,0.0841,0.5286732323386035,7.257271731141275,1.8430731506401898,299.7690760747849,0.5084006019933035,COMPLETE
1421,0.10015,0.5959593680054921,7.257271731141275,3.3704975429349244,36.8903050089842,0.08277609094254378,COMPLETE
1422,0.1152,0.8658795506184417,6.812644630608508,8.418374689108267,560.4775189597802,1.8602957309646184,COMPLETE
1423,0.07495,0.25321459550094777,5.1310009924309625,2.115168852359593,0.32499417152222676,3.9703371647893633,COMPLETE
1424,0.09215,0.5529976728370652,7.257271731141275,7.639970758565217,30.54779366423335,58.8365186870629,COMPLETE
1425,0.0883,0.6022169256104962,7.346105518547408,3.3704975429349244,241.8291159237082,2.1102891532478085,COMPLETE
1426,0.0925,0.5840245079541143,7.225279577446517,3.0638630129150126,359.71457230765833,11.34645454198699,COMPLETE
1427,0.09965,0.627261989940742,7.257271731141275,3.0352039660395387,320.9917193693405,0.7306953052604724,COMPLETE
1428,0.0949,0.5229343834537418,4.279721632064513,2.085366328896611,1688.3846346819648,1.526275265602974,COMPLETE
1429,0.0682,0.22764955589442287,7.339695485358947,1.5896025885698652,9.48333958532491,24.026060995593852,COMPLETE
1430,0.0821,0.2021000688267217,2.981662124317787,1.7920126174840303,8.194539726629195,0.725005173883511,COMPLETE
1431,0.1127,0.639672876937376,7.339695485358947,6.7851194705021385,0.013017796249916953,0.0367758044805299,COMPLETE
1432,0.09985,0.42919975083938117,2.978640887101105,6.34231992030161,0.6282175157757018,0.725005173883511,COMPLETE
1433,0.0787,0.30074220921548056,4.933362998330481,2.1492613727943506,0.01333967025299093,0.7306953052604724,COMPLETE
1434,0.0762,0.42387283101629036,6.812644630608508,3.6393917606855353,0.5549010274448358,3.091347719736611,COMPLETE
1435,0.0645,0.1801150043146489,7.339695485358947,1.1679739768270172,2.4792588435669867,58.8365186870629,COMPLETE
1436,0.0803,0.39953193980137863,7.225279577446517,3.0638630129150126,5.6878068615007775,0.7306953052604724,COMPLETE
1437,0.06405,0.18495440484714648,7.489439152524652,1.0000874311382033,36.68359894496768,4.792699168837896,COMPLETE
1438,0.11125,0.299496524140579,1.0756826651785263,8.595964287685558,0.01333967025299093,58.8365186870629,COMPLETE
1439,0.1097,0.6984235499820307,7.489439152524652,4.390239464358789,30.54779366423335,0.12248592283277313,COMPLETE
1440,0.0781,0.4955581719274828,7.489439152524652,4.128977545770486,5.0201027792675506,2.1102891532478085,COMPLETE
1441,0.082,0.21753980690132452,5.334411901674462,1.67955523518457,0.7780556311068269,0.5985950343657075,COMPLETE
1442,0.08075,0.37167411398716593,6.812644630608508,2.437911838276296,0.4111694316312813,0.19995070291591807,COMPLETE
1443,0.09215,0.5741563337416468,7.489439152524652,1.9143841115796705,560.4775189597802,0.5985950343657075,COMPLETE
1444,0.1082,0.6724603352385127,7.257271731141275,7.639970758565217,11.51330111852899,0.7306953052604724,COMPLETE
1445,0.1229,0.6490105806903184,6.974773727385932,7.639970758565217,110.65943406483012,0.046811585261150944,COMPLETE
1446,0.1122,0.6761283847009615,5.5752197141387185,7.639970758565217,359.71457230765833,35.717304745093735,COMPLETE
1447,0.1249,0.4612875754322358,4.859269400135405,8.884557650205842,6755.71174442274,0.012335410401675186,COMPLETE
1448,0.1182,0.8952835648799866,7.257271731141275,9.988586281068551,1476.1251734596226,4.792699168837896,COMPLETE
1449,0.10345,0.6121152859446621,1.0150649738681508,8.081625847692138,7523.674986566846,17.375260230114716,COMPLETE
1450,0.1065,0.6381806057093873,6.778075540011049,7.639970758565217,0.01333967025299093,0.7306953052604724,COMPLETE
1451,0.1196,0.7641370629655067,7.257271731141275,3.4709986937730752,1688.3846346819648,0.5985950343657075,COMPLETE
1452,0.1011,0.5519744132684817,5.5150049043702545,8.081625847692138,0.01333967025299093,0.7306953052604724,COMPLETE
1453,0.1119,0.629605941910671,7.489439152524652,9.988586281068551,0.022872403443138362,0.5985950343657075,COMPLETE
1454,0.10155,0.549700177621499,3.977360394095664,9.988586281068551,0.030937082953489525,12.109499036804607,COMPLETE
1455,0.07225,0.2900659022131321,7.257271731141275,2.195218904889921,2.4792588435669867,2.1102891532478085,COMPLETE
1456,0.11565,0.7850038147951527,7.489439152524652,7.451337432117496,117.01164712837071,0.5084006019933035,COMPLETE
1457,0.08315,0.43043756854845233,7.489439152524652,4.390239464358789,5.6878068615007775,12.66887582335891,COMPLETE
1458,0.0913,0.32880669423262643,5.280090073895156,3.0352039660395387,0.01333967025299093,11.34645454198699,COMPLETE
1459,0.06415,0.20216006950510157,7.489439152524652,1.2992706708708701,0.022872403443138362,0.5985950343657075,COMPLETE
1460,0.13965,0.8704804512280467,6.641989734742594,7.451337432117496,2899.69581847893,2.1102891532478085,COMPLETE
1461,0.1276,0.7253736629207023,4.552211081214737,2.773946398622405,5320.986364975495,0.7306953052604724,COMPLETE
1462,0.14005,0.8911118249687549,7.489439152524652,9.933529862520766,1476.1251734596226,4.578411987457149,COMPLETE
1463,0.07905,0.16494299968439305,4.549776485169013,1.3259722049870655,0.5282985849206243,2.2659877554138568,COMPLETE
1464,0.07205,0.19894697828468166,7.489439152524652,1.2992706708708701,0.48160356426463263,0.5985950343657075,COMPLETE
1465,0.07125,0.4197061330450635,7.489439152524652,2.195218904889921,41.520707952848994,0.2944924768920615,COMPLETE
1466,0.0834,0.25564018742329436,5.495999371075516,2.338036635895413,0.022872403443138362,0.725005173883511,COMPLETE
1467,0.0711,0.40952671865022183,7.489439152524652,1.6830728729124345,116.68218004772335,0.3920556360440364,COMPLETE
1468,0.12745,0.9234335679441223,7.386495200771071,9.767312130896007,384.81053681480347,2.1102891532478085,COMPLETE
1469,0.1247,0.5308705983219526,1.0429595237026692,6.336236505234914,6.514609482197791,0.04260034784531066,COMPLETE
1470,0.10145,0.6873941549563634,6.778075540011049,5.196045314781185,79.55384022696438,0.7306953052604724,COMPLETE
1471,0.09285,0.4587817492733032,7.225279577446517,1.5877710403288068,560.4775189597802,1.526275265602974,COMPLETE
1472,0.1334,0.8057748296853532,5.5150049043702545,5.196045314781185,1688.3846346819648,1.526275265602974,COMPLETE
1473,0.121,0.6212955032446155,7.489439152524652,7.451337432117496,0.48160356426463263,0.021251816648135215,COMPLETE
1474,0.12605,0.7934946316307965,7.489439152524652,4.730916168079807,2337.571237920998,0.5985950343657075,COMPLETE
1475,0.1541,0.8121633990756736,7.489439152524652,9.988586281068551,1476.1251734596226,0.5985950343657075,COMPLETE
1476,0.1136,0.5811313566443705,7.489439152524652,4.390239464358789,0.7780556311068269,0.03567336471159387,COMPLETE
1477,0.10605,0.675891708244243,7.386495200771071,9.767312130896007,5.6878068615007775,0.7306953052604724,COMPLETE
1478,0.06685,0.1337998408930241,7.489439152524652,1.0000874311382033,0.4111694316312813,4.792699168837896,COMPLETE
1479,0.09135,0.4997789612571325,6.812644630608508,4.086100466005934,0.5549010274448358,0.5084006019933035,COMPLETE
1480,0.14485,0.8510251327259777,2.981662124317787,8.474863877532798,6755.71174442274,0.7306953052604724,COMPLETE
1481,0.07955,0.20255721057326223,3.745445670163628,1.5479199982904257,10.128527040482476,3.9703371647893633,COMPLETE
1482,0.09715,0.46482846420135127,7.489439152524652,8.231426708463541,4.6216117253800055,12.122172595611596,COMPLETE
1483,0.13785,0.8384829677261249,7.489439152524652,9.588487070567192,1006.7239450266634,0.5985950343657075,COMPLETE
1484,0.1159,0.760698271160604,5.930695070335046,3.4709986937730752,1688.3846346819648,0.725005173883511,COMPLETE
1485,0.1014,0.7060658061299838,7.489439152524652,5.196045314781185,116.68218004772335,1.526275265602974,COMPLETE
1486,0.0734,0.3966199190573426,5.584443513217354,1.8145138315019835,28.623301091967512,0.04841802788233872,COMPLETE
1487,0.0758,0.29720794369290593,7.263912947719074,1.2992706708708701,0.4111694316312813,0.013379901072323785,COMPLETE
1488,0.06435,0.19899552011223326,7.489439152524652,1.2992706708708701,0.022872403443138362,0.5985950343657075,COMPLETE
1489,0.10015,0.4550648398405563,5.334411901674462,9.933529862520766,0.20968106595622385,4.792699168837896,COMPLETE
1490,0.0848,0.3356767077589986,6.8435536313626235,4.086100466005934,2.4792588435669867,44.76380938653201,COMPLETE
1491,0.127,0.8894756905977107,7.489439152524652,9.988586281068551,1476.1251734596226,4.792699168837896,COMPLETE
1492,0.09645,0.27193586767344835,1.8801209843406033,3.0156649020845308,13.461256213246097,1.8602957309646184,COMPLETE
1493,0.08455,0.37629459762927264,7.398979747077997,3.0156649020845308,0.061530195681195304,0.5985950343657075,COMPLETE
1494,0.08965,0.4673870825292463,4.933362998330481,1.0340435745788543,2681.633938146612,0.5985950343657075,COMPLETE
1495,0.0966,0.3782833600555499,4.933362998330481,2.195218904889921,0.021542011565220818,0.08991353636167962,COMPLETE
1496,0.1116,0.7713286562250703,7.489439152524652,3.4709986937730752,1688.3846346819648,1.526275265602974,COMPLETE
1497,0.09335,0.4769420440548728,7.398979747077997,4.101823977297871,0.50010706770691,0.5985950343657075,COMPLETE
1498,0.0879,0.5681152872148908,6.812644630608508,7.451337432117496,0.4111694316312813,11.34645454198699,COMPLETE
1499,0.0938,0.6136860630143857,7.386495200771071,7.451337432117496,45.01456938051107,11.34645454198699,COMPLETE
1500,0.0667,0.16089800754436948,7.489439152524652,1.1679739768270172,2.4792588435669867,3.622891406066991,COMPLETE
1501,0.09635,0.5520018656208354,7.398979747077997,3.4709986937730752,53.4603000038924,0.6432545497388975,COMPLETE
1502,0.1103,0.6404838244936791,7.489439152524652,7.775685538857666,0.2921368503269157,0.5985950343657075,COMPLETE
1503,0.0984,0.6493892987228758,7.489439152524652,5.061348409319827,21.241906192078755,0.7037594792077035,COMPLETE
1504,0.0849,0.5251332599816012,7.257271731141275,1.8181519851428887,544.9650617560998,6.078254576141324,COMPLETE
1505,0.11955,0.7156701998645544,6.812644630608508,3.4709986937730752,2147.1158445190413,4.792699168837896,COMPLETE
1506,0.1093,0.4197138331658698,2.71128732094122,2.195218904889921,560.4775189597802,24.77308253348449,COMPLETE
1507,0.0971,0.563934590665355,7.257271731141275,9.933529862520766,0.7780556311068269,2.1102891532478085,COMPLETE
1508,0.09345,0.6252542028436179,7.3616136644891315,3.711699627713682,117.01164712837071,0.5084006019933035,COMPLETE
1509,0.0913,0.5435403243582061,7.489439152524652,2.7398117121361727,61.128832411058866,0.1957551356390915,COMPLETE
1510,0.1316,0.8567513519236216,6.812644630608508,7.639970758565217,1476.1251734596226,4.792699168837896,COMPLETE
1511,0.0657,0.20472361963444533,6.625582864430163,1.2992706708708701,6.3678586691542165,0.5985950343657075,COMPLETE
1512,0.08215,0.3726917684978482,6.641989734742594,1.0340435745788543,642.9701923533516,0.5985950343657075,COMPLETE
1513,0.0998,0.5293808138087084,7.489439152524652,5.869623929785657,1.9411683121291674,1.269868031404911,COMPLETE
1514,0.11945,0.7986854436915417,7.339695485358947,8.418374689108267,560.4775189597802,11.34645454198699,COMPLETE
1515,0.07295,0.31344764382383083,6.778075540011049,1.8145138315019835,3.7900743039556883,0.2754567469337415,COMPLETE
1516,0.0786,0.3981220908904706,4.933362998330481,1.2282714851147178,662.7580359401799,0.7306953052604724,COMPLETE
1517,0.07865,0.42975618451470127,7.257271731141275,2.9032722919345786,0.48160356426463263,0.5985950343657075,COMPLETE
1518,0.08365,0.4670186652699541,6.8435536313626235,1.1679739768270172,1215.0289735187876,1.269868031404911,COMPLETE
1519,0.09645,0.6090528874782694,7.489439152524652,1.856009921964875,1688.3846346819648,0.5985950343657075,COMPLETE
1520,0.0864,0.5460296057061508,4.770936528183948,3.4709986937730752,117.01164712837071,1.526275265602974,COMPLETE
1521,0.0874,0.5462366903084911,7.489439152524652,4.128977545770486,0.061530195681195304,0.5985950343657075,COMPLETE
1522,0.0937,0.5297479503287836,7.489439152524652,2.195218904889921,446.13121992633313,3.622891406066991,COMPLETE
1523,0.09035,0.6465167959821065,7.321806062638004,3.0638630129150126,359.71457230765833,0.5985950343657075,COMPLETE
1524,0.109,0.7573963305701351,7.489439152524652,8.418374689108267,65.42850617031253,2.1102891532478085,COMPLETE
1525,0.1197,0.8241056082293873,7.489439152524652,7.639970758565217,153.2860257697558,0.7306953052604724,COMPLETE
1526,0.1125,0.7796866712326566,7.489439152524652,8.418374689108267,116.68218004772335,1.8602957309646184,COMPLETE
