number,values_0,values_1,params_delta_deg,params_gamma,params_lambda1,params_lambda3,state
3048,0.12755,0.8393755136014177,6.812644630608508,9.988586281068551,216.92465949991893,0.7306953052604724,COMPLETE
3049,0.11245,0.6247566577179026,5.47355679891981,4.306653628528161,359.71457230765833,1.0864194972631505,COMPLETE
3050,0.0828,0.3548304192784641,7.489439152524652,3.0156649020845308,1.3419623330880024,15.132251616207864,COMPLETE
3051,0.06835,0.16274976439127362,7.489439152524652,1.1720712688582464,2.4792588435669867,0.5985950343657075,COMPLETE
3052,0.14395,0.8300743894382216,3.508421779973718,7.970045508831415,560.4775189597802,0.46984181317994417,COMPLETE
3053,0.11755,0.6157240139634705,7.489439152524652,9.064108610678831,0.022872403443138362,0.5985950343657075,COMPLETE
3054,0.09785,0.6230848430423533,7.489439152524652,5.8081057233180955,0.0250089703982017,1.1166054580267695,COMPLETE
3055,0.1406,0.756709939417876,7.489439152524652,4.101823977297871,2285.4296194889994,0.5985950343657075,COMPLETE
3056,0.12755,0.8906337760042917,7.489439152524652,9.988586281068551,1476.1251734596226,4.792699168837896,COMPLETE
3057,0.05885,0.20351111474621028,7.489439152524652,1.2992706708708701,0.04913870058689309,2.1102891532478085,COMPLETE
3058,0.05765,0.2483024799369827,7.489439152524652,1.2992706708708701,0.022872403443138362,0.13391944103899936,COMPLETE
3059,0.1087,0.3980295897506187,1.0618746247051478,5.8081057233180955,30.54779366423335,0.5985950343657075,COMPLETE
3060,0.08885,0.5247430195249141,7.489439152524652,9.767312130896007,2.0140685478048517,13.737135040054913,COMPLETE
3061,0.1198,0.5735192204815633,7.489439152524652,2.895324930376958,359.71457230765833,0.06016419094765034,COMPLETE
3062,0.124,0.7261045759350778,7.339695485358947,4.541284660643183,2127.3389592495078,0.1865771774932903,COMPLETE
3063,0.11435,0.5034542463910983,7.321806062638004,8.418374689108267,65.42850617031253,0.015267833968254403,COMPLETE
3064,0.11105,0.6835484266699436,7.339695485358947,5.8081057233180955,359.71457230765833,4.792699168837896,COMPLETE
3065,0.1081,0.5244307781305767,1.1343419286846357,7.639970758565217,359.71457230765833,0.7306953052604724,COMPLETE
3066,0.12055,0.8418815281478077,7.489439152524652,7.824522864034197,1476.1251734596226,11.34645454198699,COMPLETE
3067,0.1301,0.6442222211817218,7.339695485358947,7.451337432117496,252.48623881741065,0.03164573083187518,COMPLETE
3068,0.12775,0.8748628335407072,7.489439152524652,9.988586281068551,359.71457230765833,1.526275265602974,COMPLETE
3069,0.0952,0.6662369402413538,7.489439152524652,5.8081057233180955,50.367371997918646,1.0864194972631505,COMPLETE
3070,0.10875,0.6652202219039395,7.489439152524652,5.8081057233180955,0.0250089703982017,0.5985950343657075,COMPLETE
3071,0.08325,0.5263543558327913,6.8435536313626235,6.5204090105544035,2.4792588435669867,30.055672594187193,COMPLETE
3072,0.10675,0.3066728384701684,0.5628899245476192,4.101823977297871,0.042640733128761564,0.4416812200857163,COMPLETE
3073,0.0985,0.651525361699582,7.489439152524652,8.418374689108267,6.871360722485,0.7306953052604724,COMPLETE
3074,0.07205,0.3979614452776586,4.894938005712902,1.2992706708708701,359.71457230765833,0.2224483681132728,COMPLETE
3075,0.09825,0.5497861672255947,5.5150049043702545,8.418374689108267,10.137389991132011,1.526275265602974,COMPLETE
3076,0.12495,0.29588404717017,0.11580485053044379,8.418374689108267,1575.9369216711668,0.7306953052604724,COMPLETE
3077,0.10775,0.6878292299729521,7.489439152524652,3.0638630129150126,1476.1251734596226,4.792699168837896,COMPLETE
3078,0.10665,0.49036365083585287,1.8688406577096843,7.639970758565217,112.323925330586,0.7306953052604724,COMPLETE
3079,0.13275,0.647880722484316,6.826262344628805,7.086252919406348,21.255190112180426,0.016408245153274388,COMPLETE
3080,0.13605,0.8464167128679574,6.812644630608508,9.287128980955003,1476.1251734596226,0.7448443868757905,COMPLETE
3081,0.0842,0.542774795175862,7.489439152524652,8.418374689108267,0.061530195681195304,2.1102891532478085,COMPLETE
3082,0.1025,0.39744868327020194,1.0673526644986353,3.0638630129150126,0.022872403443138362,0.038842611567199786,COMPLETE
3083,0.08395,0.4778898739832804,7.489439152524652,3.1109816593785697,30.54779366423335,0.7306953052604724,COMPLETE
3084,0.1223,0.820994003664553,7.489439152524652,9.988586281068551,381.4908113250647,4.792699168837896,COMPLETE
3085,0.1472,0.9007842619567146,7.489439152524652,9.988586281068551,1476.1251734596226,2.1102891532478085,COMPLETE
3086,0.1415,0.883828292717698,5.63708682766951,9.988586281068551,863.0256175583659,1.5698191831026844,COMPLETE
3087,0.0887,0.5257103296181267,7.398979747077997,5.8081057233180955,0.061530195681195304,4.640749276950073,COMPLETE
3088,0.0958,0.5980698808299729,7.489439152524652,9.988586281068551,0.013814080579590004,1.526275265602974,COMPLETE
3089,0.0841,0.37960979914137577,7.321806062638004,1.1679739768270172,359.71457230765833,1.770411843169564,COMPLETE
3090,0.1278,0.876843484351612,7.489439152524652,8.418374689108267,560.4775189597802,2.1102891532478085,COMPLETE
3091,0.05865,0.18208353681029457,7.489439152524652,1.1533918696729237,0.022872403443138362,0.7491238600289779,COMPLETE
3092,0.09455,0.4768418265317206,7.489439152524652,8.418374689108267,1.9483787371016945,13.737135040054913,COMPLETE
3093,0.08275,0.36656317277818173,7.489439152524652,1.6850399742286708,129.91898012338703,2.1102891532478085,COMPLETE
3094,0.1157,0.6114279735562493,7.489439152524652,1.5375091174642328,4903.332222475881,0.7306953052604724,COMPLETE
3095,0.08265,0.4487372169554068,7.489439152524652,3.630763247417991,0.39574086490078153,1.8602957309646184,COMPLETE
3096,0.059,0.2649292846653621,7.489439152524652,1.2992706708708701,0.01081519556413028,0.13391944103899936,COMPLETE
3097,0.0919,0.5489598323553492,7.489439152524652,9.988586281068551,25.97346052127663,44.50581537038333,COMPLETE
3098,0.08615,0.47096107804766635,7.489439152524652,4.263578939247651,30.54779366423335,11.34645454198699,COMPLETE
3099,0.10255,0.6275732669852385,7.268885539266936,2.7187634325065777,560.4775189597802,0.7306953052604724,COMPLETE
3100,0.08255,0.3976132123505685,5.312602784443303,1.3330073966086562,359.71457230765833,0.5985950343657075,COMPLETE
3101,0.07695,0.4032630072752181,7.398979747077997,3.0156649020845308,0.061530195681195304,0.5985950343657075,COMPLETE
3102,0.07545,0.32659331912026845,7.489439152524652,2.3925358337122313,2.2033690429501815,1.526275265602974,COMPLETE
3103,0.09375,0.6042059906816173,7.489439152524652,5.753795483677452,0.061530195681195304,0.5985950343657075,COMPLETE
3104,0.11265,0.656097473174769,7.489439152524652,3.0638630129150126,1476.1251734596226,13.737135040054913,COMPLETE
3105,0.1286,0.8594329354222011,7.489439152524652,9.988586281068551,544.3210071908984,4.792699168837896,COMPLETE
3106,0.1065,0.6757358439033323,7.489439152524652,8.418374689108267,0.019864181534848337,0.5985950343657075,COMPLETE
3107,0.1245,0.6539171281306397,4.132313675053172,4.518876957125516,2227.4427190722467,45.408080098325875,COMPLETE
3108,0.0771,0.37756520207379485,7.321806062638004,1.1679739768270172,61.128832411058866,0.030595349341982422,COMPLETE
3109,0.07705,0.371297324691414,7.339695485358947,3.1109816593785697,1.295578309521323,11.34645454198699,COMPLETE
3110,0.10335,0.683468774892704,7.489439152524652,8.418374689108267,25.0907456593816,0.5985950343657075,COMPLETE
3111,0.12275,0.42112135538589834,2.058264848132141,9.988586281068551,112.323925330586,1.526275265602974,COMPLETE
3112,0.09705,0.43570067516258276,5.334411901674462,3.1109816593785697,112.323925330586,13.027145571361938,COMPLETE
3113,0.1369,0.8566209722864707,7.398979747077997,9.988586281068551,1688.3846346819648,12.146893267526337,COMPLETE
3114,0.1034,0.30213238901523143,0.2777601292242505,1.8300473814324036,111.18850587297112,0.010582367205955994,COMPLETE
3115,0.0699,0.1845948561570265,7.489439152524652,1.2992706708708701,0.022872403443138362,0.5985950343657075,COMPLETE
3116,0.074,0.2523413286045379,7.489439152524652,1.2992706708708701,65.42850617031253,2.1102891532478085,COMPLETE
3117,0.1092,0.6404698075249056,7.339695485358947,8.934542132109442,0.5771276602958424,0.5985950343657075,COMPLETE
3118,0.0948,0.574418453009814,3.9383399752697756,4.377243485812329,116.68218004772335,0.7306953052604724,COMPLETE
3119,0.0932,0.4552055445115042,2.7939352271994102,2.7187634325065777,560.4775189597802,1.3668442009419919,COMPLETE
3120,0.1216,0.7016831565383944,7.489439152524652,3.0638630129150126,1476.1251734596226,0.3681767360727985,COMPLETE
3121,0.0855,0.3794016991963061,7.489439152524652,1.2992706708708701,359.71457230765833,1.0832078239030967,COMPLETE
3122,0.12655,0.9246174261040243,7.489439152524652,9.988586281068551,1476.1251734596226,4.792699168837896,COMPLETE
3123,0.07065,0.42467478727204105,7.321806062638004,3.0156649020845308,30.54779366423335,1.4955110797688442,COMPLETE
3124,0.09075,0.5764523338136913,7.489439152524652,8.418374689108267,0.012996980873501873,2.1102891532478085,COMPLETE
3125,0.1209,0.5617234799815009,3.347042122354044,7.451337432117496,194.26654642322512,11.34645454198699,COMPLETE
3126,0.1158,0.7910694487358334,7.489439152524652,7.516679917121334,116.68218004772335,0.7306953052604724,COMPLETE
3127,0.06125,0.155725329564863,7.339695485358947,1.0340435745788543,0.958646564439013,4.792699168837896,COMPLETE
3128,0.08105,0.4966730713689014,7.339695485358947,3.0638630129150126,61.128832411058866,0.5985950343657075,COMPLETE
3129,0.1076,0.6565728998931835,7.489439152524652,8.418374689108267,4.6216117253800055,0.5985950343657075,COMPLETE
3130,0.081,0.5005324552418954,7.339695485358947,4.212731449975979,0.5529959922862323,0.7306953052604724,COMPLETE
3131,0.08835,0.33012370640248734,4.0436686605401535,3.1109816593785697,0.07169249295291848,1.526275265602974,COMPLETE
3132,0.11605,0.7281042707863432,7.321806062638004,8.418374689108267,116.68218004772335,1.3964044847064154,COMPLETE
3133,0.08635,0.4801723788666003,7.321806062638004,4.230233502875716,2.8391670848823316,0.5985950343657075,COMPLETE
3134,0.0927,0.37386270632013074,5.41100642495178,3.1109816593785697,30.54779366423335,11.34645454198699,COMPLETE
3135,0.11625,0.31431891244147164,0.10638030074312493,9.988586281068551,6576.76871350195,4.792699168837896,COMPLETE
3136,0.062,0.2010526745017218,6.837969923110865,1.2992706708708701,0.5529959922862323,0.7306953052604724,COMPLETE
3137,0.07005,0.2991686681414074,6.870539828154805,1.775957688444912,0.958834076604531,0.5985950343657075,COMPLETE
3138,0.1141,0.6512625145032803,2.5187927399905097,8.418374689108267,1476.1251734596226,4.792699168837896,COMPLETE
3139,0.0642,0.23065778086493932,7.489439152524652,1.4297349448428534,0.6494832708888578,0.8066172090490491,COMPLETE
3140,0.11475,0.7911088739148192,7.339695485358947,9.988586281068551,359.71457230765833,7.04894948839478,COMPLETE
3141,0.07425,0.17958439578385468,7.398979747077997,1.0340435745788543,30.54779366423335,0.5985950343657075,COMPLETE
3142,0.13365,0.72952353506767,4.387227941704022,9.767312130896007,1476.1251734596226,13.737135040054913,COMPLETE
3143,0.11385,0.8160706216361138,7.339695485358947,5.8081057233180955,359.71457230765833,1.0864194972631505,COMPLETE
3144,0.0994,0.5549964004835021,6.8435536313626235,8.418374689108267,2.4792588435669867,2.1102891532478085,COMPLETE
3145,0.1282,0.8362459690445722,7.489439152524652,8.122308631728174,359.71457230765833,0.5985950343657075,COMPLETE
3146,0.14365,0.6931344059794504,4.218346379489568,9.988586281068551,1476.1251734596226,0.13813610308976335,COMPLETE
3147,0.08265,0.28440395043807815,7.489439152524652,3.0156649020845308,0.061530195681195304,46.99229483019099,COMPLETE
3148,0.10015,0.5822134488937224,7.489439152524652,3.0638630129150126,359.71457230765833,13.737135040054913,COMPLETE
3149,0.1387,0.9131405733571202,7.489439152524652,8.418374689108267,1575.9369216711668,2.1102891532478085,COMPLETE
3150,0.1112,0.5299218759085679,3.1562602152568227,9.988586281068551,111.18850587297112,4.792699168837896,COMPLETE
3151,0.10855,0.7296733313818227,7.321806062638004,7.639970758565217,153.2860257697558,22.849861822430388,COMPLETE
3152,0.1179,0.6683727394245339,7.339695485358947,8.418374689108267,0.5529959922862323,0.032334113548120075,COMPLETE
3153,0.1115,0.7289512009136183,7.489439152524652,9.767312130896007,65.42850617031253,2.1102891532478085,COMPLETE
3154,0.13125,0.7508747073307417,7.321806062638004,3.0638630129150126,9300.393030001447,0.5985950343657075,COMPLETE
3155,0.12745,0.8045225107750505,7.339695485358947,7.451337432117496,359.71457230765833,1.526275265602974,COMPLETE
3156,0.1241,0.7451082029805836,7.321806062638004,3.0638630129150126,4637.536880700718,0.5985950343657075,COMPLETE
3157,0.0914,0.2601335144455298,4.030914236569052,2.195218904889921,2.4792588435669867,0.38183444392139865,COMPLETE
3158,0.1211,0.8379682178527537,7.489439152524652,8.418374689108267,814.4232945500095,4.792699168837896,COMPLETE
3159,0.10255,0.6750628864830035,7.489439152524652,8.418374689108267,24.687993700004206,2.1102891532478085,COMPLETE
3160,0.1373,0.8548479558649348,7.489439152524652,9.988586281068551,1476.1251734596226,4.792699168837896,COMPLETE
3161,0.10465,0.6731240242897053,7.339695485358947,7.451337432117496,111.18850587297112,11.34645454198699,COMPLETE
3162,0.1114,0.748158988555005,7.489439152524652,9.988586281068551,152.4126950865307,4.792699168837896,COMPLETE
3163,0.13815,0.8854407371908241,7.489439152524652,7.639970758565217,1476.1251734596226,2.589752601507347,COMPLETE
3164,0.15715,0.7994012533939252,2.7881770747513497,9.988586281068551,1476.1251734596226,0.6572735784597593,COMPLETE
3165,0.1179,0.632350420316168,7.489439152524652,8.418374689108267,0.039566814120042974,0.02850041833851111,COMPLETE
3166,0.1154,0.8228826116618335,7.339695485358947,6.612639322764853,359.71457230765833,1.3157650113770214,COMPLETE
3167,0.11125,0.7016517147421107,7.489439152524652,9.767312130896007,111.18850587297112,13.737135040054913,COMPLETE
3168,0.0883,0.481567642232008,7.489439152524652,6.637719713743008,0.4111694316312813,13.737135040054913,COMPLETE
3169,0.10795,0.4198546148900313,2.6276707646543045,9.988586281068551,2.4792588435669867,3.392017410386626,COMPLETE
3170,0.13305,0.9117039416491716,7.339695485358947,9.988586281068551,1476.1251734596226,3.646616628444733,COMPLETE
3171,0.06435,0.1986876242321372,6.941426765367179,1.3001953812561144,2.4792588435669867,0.5985950343657075,COMPLETE
3172,0.10705,0.6424028628699169,6.812644630608508,9.988586281068551,4.6216117253800055,0.5985950343657075,COMPLETE
3173,0.09125,0.4370499447737094,7.339695485358947,5.061348409319827,0.5529959922862323,12.146893267526337,COMPLETE
3174,0.0758,0.4490107258826021,7.398979747077997,3.0156649020845308,0.061530195681195304,0.5985950343657075,COMPLETE
3175,0.124,0.8239400466286434,7.489439152524652,5.491696423561388,9454.457281601339,0.7306953052604724,COMPLETE
3176,0.11465,0.7504323918139043,5.698757751391829,9.767312130896007,111.18850587297112,0.5985950343657075,COMPLETE
3177,0.13495,0.5286871076499976,7.489439152524652,5.8081057233180955,1476.1251734596226,0.016695803232612907,COMPLETE
3178,0.10845,0.5571098647287722,7.489439152524652,5.8081057233180955,0.4344363663961553,0.5985950343657075,COMPLETE
3179,0.11805,0.6606264470984224,6.767862473621836,3.1109816593785697,1476.1251734596226,11.34645454198699,COMPLETE
3180,0.0774,0.30665077411077934,7.489439152524652,1.7604157047476263,0.022872403443138362,0.13391944103899936,COMPLETE
3181,0.10655,0.644686047372639,6.217131946493271,8.418374689108267,116.68218004772335,4.792699168837896,COMPLETE
3182,0.0868,0.312085772035138,7.339695485358947,3.1109816593785697,0.4111694316312813,11.34645454198699,COMPLETE
3183,0.08075,0.4000592279384984,7.321806062638004,3.0638630129150126,0.19809052525740356,0.578891918473586,COMPLETE
3184,0.0751,0.47696771966637924,7.489439152524652,2.3494320904147354,116.68218004772335,4.792699168837896,COMPLETE
3185,0.09235,0.5453869037624357,5.115762892267322,3.1275582369782446,0.05407719367866828,0.013017899038106092,COMPLETE
3186,0.0611,0.2512934144713271,6.666959706638387,1.1679739768270172,2.4792588435669867,0.030595349341982422,COMPLETE
3187,0.0643,0.1557912208781667,6.8435536313626235,1.1679739768270172,0.38692766318110855,75.72434995000233,COMPLETE
3188,0.12765,0.7337704560894872,7.398979747077997,3.0156649020845308,8103.285862654242,0.5753688642532865,COMPLETE
3189,0.1267,0.8428328944868141,7.489439152524652,7.639970758565217,359.71457230765833,0.5985950343657075,COMPLETE
3190,0.1015,0.5738331937895423,6.666959706638387,9.988586281068551,0.011456668750556774,4.792699168837896,COMPLETE
3191,0.09555,0.6920886918529211,7.489439152524652,7.184951772628472,50.440871221799064,2.1102891532478085,COMPLETE
3192,0.083,0.28473171168683176,7.339695485358947,1.1679739768270172,153.2860257697558,0.7306953052604724,COMPLETE
3193,0.0798,0.5431105610881769,7.321806062638004,3.0638630129150126,61.128832411058866,0.5985950343657075,COMPLETE
3194,0.0896,0.5245138008032966,6.8435536313626235,3.0638630129150126,2.4792588435669867,0.014404527092571938,COMPLETE
3195,0.10395,0.6557600622476384,7.398979747077997,8.418374689108267,0.5529959922862323,0.5985950343657075,COMPLETE
3196,0.1081,0.5842934158967681,7.489439152524652,3.0638630129150126,359.71457230765833,13.737135040054913,COMPLETE
3197,0.07915,0.4514801818434855,7.489439152524652,1.0189702302348118,1476.1251734596226,1.526275265602974,COMPLETE
3198,0.0849,0.4407994338875255,7.489439152524652,3.0724131373419303,30.54779366423335,2.1102891532478085,COMPLETE
3199,0.0678,0.13287263919018868,7.489439152524652,1.0000874311382033,0.4111694316312813,79.39587471908287,COMPLETE
3200,0.1018,0.6737129248460441,7.339695485358947,8.418374689108267,0.5529959922862323,0.7306953052604724,COMPLETE
3201,0.09385,0.4789643600815461,7.321806062638004,1.775957688444912,359.71457230765833,0.06252696391701738,COMPLETE
3202,0.10845,0.6412963575147481,3.9957939830584093,9.933529862520766,112.323925330586,2.1102891532478085,COMPLETE
3203,0.1239,0.754782727717565,5.895287777329023,9.933529862520766,112.323925330586,1.526275265602974,COMPLETE
3204,0.07125,0.47096927337602384,7.489439152524652,3.4588787757953767,0.030305180706804113,2.1102891532478085,COMPLETE
3205,0.10325,0.6539424184196847,7.489439152524652,9.988586281068551,0.08945160710349936,1.8602957309646184,COMPLETE
3206,0.0872,0.5037243192129592,7.489439152524652,4.101823977297871,0.48160356426463263,0.5985950343657075,COMPLETE
3207,0.0852,0.539876595459998,6.812644630608508,8.320906646097804,0.5529959922862323,4.792699168837896,COMPLETE
3208,0.07995,0.5258123874001598,7.489439152524652,4.101823977297871,0.48160356426463263,0.5985950343657075,COMPLETE
3209,0.06375,0.17338109799979387,7.489439152524652,1.0340435745788543,0.022872403443138362,0.13391944103899936,COMPLETE
3210,0.07455,0.10822161254833226,3.24420884619701,1.0000874311382033,0.4111694316312813,0.5985950343657075,COMPLETE
3211,0.1062,0.6485054250481745,6.812644630608508,9.988586281068551,40.91206675373482,4.792699168837896,COMPLETE
3212,0.1171,0.5645221430649446,2.2646198980074193,5.8081057233180955,359.71457230765833,3.8126851379948796,COMPLETE
3213,0.1091,0.8296943876647985,7.489439152524652,9.988586281068551,359.71457230765833,10.24068965763637,COMPLETE
3214,0.1374,0.5868375607768241,7.489439152524652,9.988586281068551,153.2860257697558,0.03128694149882324,COMPLETE
3215,0.062,0.22898621362545396,7.339695485358947,1.1679739768270172,2.4792588435669867,0.08077425087950417,COMPLETE
3216,0.07155,0.16762244737067425,7.489439152524652,1.0340435745788543,30.54779366423335,2.1102891532478085,COMPLETE
3217,0.1053,0.7495385867839218,7.489439152524652,8.418374689108267,116.68218004772335,2.1102891532478085,COMPLETE
3218,0.10705,0.6092570138800606,7.321806062638004,3.0638630129150126,359.71457230765833,0.7306953052604724,COMPLETE
3219,0.10925,0.733324989907249,7.321806062638004,4.828361570347917,153.2860257697558,0.7306953052604724,COMPLETE
3220,0.10355,0.6392133650449029,7.489439152524652,7.435445973697022,6.478898401402474,0.7306953052604724,COMPLETE
3221,0.09635,0.5775934367762601,7.370738924004202,3.0638630129150126,359.71457230765833,9.959091337395659,COMPLETE
3222,0.0905,0.4622032729665163,7.339695485358947,7.451337432117496,0.4111694316312813,61.14712929906825,COMPLETE
3223,0.1058,0.5308544328181923,5.334411901674462,4.394775002428691,112.323925330586,1.526275265602974,COMPLETE
3224,0.09985,0.6273008191818633,7.489439152524652,8.418374689108267,24.687993700004206,2.1102891532478085,COMPLETE
3225,0.0939,0.5608234625214809,7.339695485358947,8.4704151086551,30.54779366423335,11.34645454198699,COMPLETE
3226,0.1255,0.8408845854056355,7.489439152524652,7.639970758565217,1476.1251734596226,4.792699168837896,COMPLETE
3227,0.08105,0.4475502129911891,7.398979747077997,2.7187634325065777,0.9502840452732505,0.5985950343657075,COMPLETE
3228,0.09535,0.5516815021120827,7.339695485358947,3.0638630129150126,153.2860257697558,0.7306953052604724,COMPLETE
3229,0.13175,0.848084096302422,7.489439152524652,9.988586281068551,359.71457230765833,1.526275265602974,COMPLETE
3230,0.09815,0.6731394448711726,7.321806062638004,3.0638630129150126,359.71457230765833,0.5985950343657075,COMPLETE
3231,0.1255,0.8451425123903278,7.339695485358947,9.988586281068551,196.37314710526016,0.7306953052604724,COMPLETE
3232,0.08585,0.45460636149122713,6.812644630608508,1.1933354197184316,1476.1251734596226,2.1102891532478085,COMPLETE
3233,0.10555,0.6006076099314192,7.489439152524652,8.418374689108267,4.6216117253800055,0.5985950343657075,COMPLETE
3234,0.0716,0.15465858464276794,5.7322756191897595,1.1679739768270172,0.5529959922862323,16.183703392300604,COMPLETE
3235,0.1246,0.8596806081674373,7.489439152524652,8.418374689108267,1575.9369216711668,13.737135040054913,COMPLETE
3236,0.10725,0.550337767757664,5.560810200810915,9.988586281068551,0.0250089703982017,0.5985950343657075,COMPLETE
3237,0.08345,0.530445217986652,7.489439152524652,9.591180942604549,5.714726271906691,4.792699168837896,COMPLETE
