number,values_0,values_1,params_delta_deg,params_gamma,params_lambda1,params_lambda2,params_lambda3,params_lambda4,state
1397,0.0746,0.2581278696672487,6.103623020551158,1.0726049388472807,104.61067826393281,0.3710234766141632,0.01827165816362135,3.649569116806477e-06,COMPLETE
1398,0.103,0.6288142162456426,6.485051657135356,8.741900816624833,0.8254702397052931,0.5218478141839406,0.04082369646290137,1.106250097323406e-08,COMPLETE
1399,0.05015,0.2575986621650088,3.7523591558107,1.3526137167003873,12.412723646412944,0.41451988579362814,2.1815406187114883,7.856050649184443e-08,COMPLETE
1400,0.06225,0.5565353211896261,4.050574348074197,9.890916012877245,0.07261268023359602,0.047570004104159534,1.1961286443235215,3.0092675819548274e-09,COMPLETE
1401,0.0845,0.11714296489726261,4.797597292147365,8.359124144204223,0.4634053899763641,0.002493029481657947,17.543999742650467,0.00045203963287437297,COMPLETE
1402,0.07335,0.3745448908956579,3.7523591558107,1.9370537087438828,0.016767417635497637,51.0531204742495,0.06896807247569771,1.7411112824373338e-14,COMPLETE
1403,0.0639,0.48823308039536534,6.485051657135356,2.6338329439397503,0.33899932252483383,23.22576873848295,1.4298640803911997,3.787929895519139e-07,COMPLETE
1404,0.0697,0.7309661885488313,5.719667260978259,6.42936789207178,208.22607295194175,0.1013397086496358,0.01777158201797886,9.646458567810448e-14,COMPLETE
1405,0.05905,0.261084445467449,4.1507450390958995,1.3526137167003873,12.412723646412944,107.59872434463156,17.41130754771415,1.7411112824373338e-14,COMPLETE
1406,0.05845,0.2513854708998402,5.686980021608849,1.0310335826451198,1.9562826277387932,51.0531204742495,0.05113123645352478,5.521087576123659e-10,COMPLETE
1407,0.07495,0.5283898453548757,4.254599036833613,8.741900816624833,1.9562826277387932,3.858204027730059,17.543999742650467,2.1811143402963018e-10,COMPLETE
1408,0.06065,0.29991508801769157,3.7523591558107,1.2997368745646833,0.016767417635497637,186.9306125540257,5.192615578479196,1.7411112824373338e-14,COMPLETE
1409,0.05005,0.1381937635936312,4.958426658725357,1.2997368745646833,0.18468504546596953,186.9306125540257,0.0247605531247782,3.0541645143911065e-11,COMPLETE
1410,0.0718,0.4483486910838761,3.046425174476959,2.338834949422423,1.8442663426239594,0.0033120263078780716,1.7510284250855914,6.911805041291909e-11,COMPLETE
1411,0.07715,0.6420786034344442,5.719667260978259,6.875144787901625,0.016767417635497637,101.78529182145942,0.43644608375369637,1.6894010759859846e-13,COMPLETE
1412,0.0533,0.5246031243581416,6.655421352222268,4.6814258240363635,0.07261268023359602,51.0531204742495,80.46577679760097,3.649569116806477e-06,COMPLETE
1413,0.06855,0.417660222564788,4.3548083271808515,2.5118580794078285,1.9562826277387932,199.3522877832892,0.15177794282709223,1.0573306602933187e-10,COMPLETE
1414,0.0889,0.10731495784724158,3.9031024459047603,1.2997368745646833,0.18468504546596953,1.5630282565660134,3.6008094906658137,0.005034796135659236,COMPLETE
1415,0.0723,0.42475236042629577,6.103623020551158,3.3801923275388828,1.2076605915045011,0.3710234766141632,80.46577679760097,3.649569116806477e-06,COMPLETE
1416,0.1013,0.7909254516896189,5.761386748876986,8.359124144204223,3180.2296253616087,4.006173959705789,3.6008094906658137,8.70051320759453e-07,COMPLETE
1417,0.0962,0.5927874974250252,2.8467952672042545,8.359124144204223,208.22607295194175,51.0531204742495,40.85904311066597,3.787929895519139e-07,COMPLETE
1418,0.0791,0.5029974574665951,2.8467952672042545,8.359124144204223,7.156607498059932,0.5362196401258538,2.9992267078059167,1.5335060532903536e-12,COMPLETE
1419,0.0917,0.6140661030527146,6.943625321882633,6.641926976422129,0.6975592224319972,0.004569612957571183,0.30215681097995994,9.274226703370502e-12,COMPLETE
1420,0.06225,0.35323103614743534,3.7523591558107,1.508665527752923,0.016767417635497637,186.9306125540257,5.192615578479196,1.7411112824373338e-14,COMPLETE
1421,0.07805,0.6357815411787872,7.296565715563787,6.641926976422129,0.07261268023359602,26.12996734008775,0.01777158201797886,8.720647859508846e-11,COMPLETE
1422,0.12635,0.7203971220656246,5.719667260978259,5.095628763774747,208.22607295194175,0.1013397086496358,0.06896807247569771,1.6894010759859846e-13,COMPLETE
1423,0.0607,0.24986378174428442,4.3548083271808515,1.3526137167003873,0.017244520892463013,107.59872434463156,34.574222073764446,3.649569116806477e-06,COMPLETE
1424,0.07755,0.743986160052444,7.051402036894628,3.9944594338373487,208.22607295194175,0.08755680934938086,0.49106969850296894,5.314026320276268e-08,COMPLETE
1425,0.067,0.5122880416538633,6.943625321882633,1.7519510271087413,1.8442663426239594,0.0014966784438720287,76.57127726580364,5.505777118810484e-10,COMPLETE
1426,0.0743,0.5744179444760628,5.443013241836275,4.248399852923057,5.389330258031612,51.0531204742495,4.230818933588808,1.298609616582355e-06,COMPLETE
1427,0.0881,0.35276219748702725,0.5538900798173011,6.875144787901625,0.4634053899763641,0.296754245517724,34.574222073764446,3.649569116806477e-06,COMPLETE
1428,0.0941,0.4874302860537133,4.958426658725357,2.6338329439397503,0.8515784036998719,47.2678601818697,3.6008094906658137,3.787929895519139e-07,COMPLETE
1429,0.0897,0.11277329796823651,5.719667260978259,6.875144787901625,208.22607295194175,0.1013397086496358,0.01777158201797886,0.00035491068275471057,COMPLETE
1430,0.0514,0.30077642270342675,4.958426658725357,1.0726049388472807,0.4634053899763641,1.0175241953088157,0.037145330599528494,5.521087576123659e-10,COMPLETE
1431,0.1015,0.1691052983198702,6.943625321882633,9.890916012877245,3090.9457533461396,0.047570004104159534,0.764092524644605,0.006810591703162075,COMPLETE
1432,0.1233,0.7350530244196938,5.2080869297069565,9.890916012877245,3090.9457533461396,0.047570004104159534,12.491315660805293,1.9897264125379086e-06,COMPLETE
1433,0.0678,0.6234935378626398,5.377293219985212,6.875144787901625,208.22607295194175,110.16646134717259,2.606433764399818,3.787929895519139e-07,COMPLETE
1434,0.05635,0.37055570485576617,7.371731789186595,2.5118580794078285,1.9562826277387932,2.0518583729409148,80.46577679760097,2.1811143402963018e-10,COMPLETE
1435,0.0515,0.30359428889777074,4.335111916469993,1.7519510271087413,1.9562826277387932,3.858204027730059,17.543999742650467,2.1811143402963018e-10,COMPLETE
1436,0.0793,0.5483234914019234,4.3548083271808515,8.493062680488642,0.4634053899763641,4.006173959705789,34.574222073764446,3.649569116806477e-06,COMPLETE
1437,0.0935,0.6254100162278413,4.958426658725357,9.890916012877245,0.18468504546596953,0.047570004104159534,0.0247605531247782,3.407169759582504e-13,COMPLETE
1438,0.08305,0.5145309845152269,4.958426658725357,7.242098619980624,0.4634053899763641,186.9306125540257,0.11770418369752346,1.9897264125379086e-06,COMPLETE
1439,0.0989,0.603397319913603,4.958426658725357,9.45115056814844,0.01019009004151379,186.9306125540257,4.842346488219021,5.868156898565049e-10,COMPLETE
1440,0.09205,0.3722094496860882,2.717308616709881,3.3801923275388828,3090.9457533461396,3.2798926016584686,0.04082369646290137,1.9897264125379086e-06,COMPLETE
1441,0.09295,0.5566982087111293,7.051402036894628,2.8034123264003057,0.6975592224319972,546.754814234046,19.27289348309751,8.720647859508846e-11,COMPLETE
1442,0.0971,0.568367232873234,5.10705465156542,3.1788912454430323,2661.553121751245,1.2594502646806938,17.543999742650467,2.1811143402963018e-10,COMPLETE
1443,0.07235,0.48170695807773917,4.949569999944834,6.875144787901625,1.8278642465471888,0.06857317261521613,80.46577679760097,1.6894010759859846e-13,COMPLETE
1444,0.05675,0.28097562328056486,7.051402036894628,1.7519510271087413,1.8442663426239594,4.703038707832875,12.491315660805293,1.621364679176634e-08,COMPLETE
1445,0.0721,0.5767374207205488,6.019990742215804,7.8078637347278095,12.412723646412944,0.5362196401258538,3.6008094906658137,1.9043961097477443e-12,COMPLETE
1446,0.05215,0.20052440290003698,4.653916869245234,1.0726049388472807,12.412723646412944,51.0531204742495,19.200211496456966,5.521087576123659e-10,COMPLETE
1447,0.1013,0.6588771915881564,4.958426658725357,6.875144787901625,123.52077947060401,1.6849056557710271,0.19035824755855915,1.6894010759859846e-13,COMPLETE
1448,0.08885,0.47317285356456895,2.8467952672042545,8.359124144204223,0.07261268023359602,1.3890535050320856,7.405471973383404,6.338054654029837e-09,COMPLETE
1449,0.0902,0.6175243647893227,4.3548083271808515,8.359124144204223,0.4634053899763641,186.9306125540257,34.574222073764446,3.649569116806477e-06,COMPLETE
1450,0.0574,0.25150426862684844,5.348605495835832,1.2997368745646833,1.8442663426239594,4.006173959705789,0.764092524644605,3.811801850956625e-07,COMPLETE
1451,0.0637,0.538980403229488,7.051402036894628,2.8036597183497527,0.20558928512579072,808.8074973688359,34.574222073764446,9.387548224157232e-13,COMPLETE
1452,0.0547,0.3019875574394166,5.719667260978259,1.7519510271087413,1.8442663426239594,110.16646134717259,76.57127726580364,1.621364679176634e-08,COMPLETE
1453,0.0434,0.2003216658623641,5.719667260978259,1.0726049388472807,0.016767417635497637,110.16646134717259,12.491315660805293,9.787752692175531e-12,COMPLETE
1454,0.08375,0.5712053203634265,7.051402036894628,2.8036597183497527,0.1784805460542277,808.8074973688359,12.491315660805293,1.9043961097477443e-12,COMPLETE
1455,0.1027,0.6626908674216453,6.485051657135356,8.33604695260721,0.33899932252483383,1.2594502646806938,1.4298640803911997,7.242135537625552e-11,COMPLETE
1456,0.05615,0.34773749185845537,4.3548083271808515,1.3526137167003873,12.412723646412944,107.59872434463156,0.8427508511947642,1.9043961097477443e-12,COMPLETE
1457,0.062,0.389306611594847,4.958426658725357,1.2997368745646833,104.61067826393281,0.3710234766141632,0.0247605531247782,3.811801850956625e-07,COMPLETE
1458,0.1013,0.6247320695997322,4.958426658725357,8.359124144204223,0.07261268023359602,51.0531204742495,3.6008094906658137,5.432263014140687e-13,COMPLETE
1459,0.13125,0.8383225887507799,5.439590829177734,9.890916012877245,3090.9457533461396,0.047570004104159534,0.04082369646290137,3.649569116806477e-06,COMPLETE
1460,0.06095,0.35926511392437205,2.0628472402371876,2.2991799521485987,0.016767417635497637,110.16646134717259,34.574222073764446,3.0541645143911065e-11,COMPLETE
1461,0.11215,0.04269110491612399,2.8467952672042545,1.896605476603148,3090.9457533461396,51.0531204742495,0.04082369646290137,3.787929895519139e-07,COMPLETE
1462,0.0322,0.1683799022017871,6.943625321882633,1.0726049388472807,0.4634053899763641,546.754814234046,0.010117774078155787,3.0092675819548274e-09,COMPLETE
1463,0.0524,0.23001162599283348,3.0455122299916,1.0726049388472807,0.07261268023359602,51.0531204742495,5.192615578479196,5.521087576123659e-10,COMPLETE
1464,0.05785,0.5818966517770909,3.046425174476959,7.8078637347278095,1.8442663426239594,4.703038707832875,3.6008094906658137,1.9043961097477443e-12,COMPLETE
1465,0.0402,0.2793546578879786,7.051402036894628,1.2997368745646833,0.18468504546596953,0.06857317261521613,0.0247605531247782,1.6894010759859846e-13,COMPLETE
1466,0.0414,0.2052106472292418,6.351039989269435,1.0726049388472807,0.05835460542676625,3.858204027730059,34.574222073764446,3.0541645143911065e-11,COMPLETE
1467,0.0742,0.28802721103629736,4.3548083271808515,1.3526137167003873,4239.937558954532,107.59872434463156,0.764092524644605,3.649569116806477e-06,COMPLETE
1468,0.09765,0.5969954543420369,5.686980021608849,2.5118580794078285,9478.952400714574,3.858204027730059,59.2437895529571,2.1811143402963018e-10,COMPLETE
1469,0.04125,0.3035206698666446,6.019990742215804,1.2997368745646833,0.014162338396506723,186.9306125540257,0.0247605531247782,3.811801850956625e-07,COMPLETE
1470,0.09735,0.6350002083872811,3.5035408521541362,8.359124144204223,0.4634053899763641,186.9306125540257,21.77877394633902,2.1811143402963018e-10,COMPLETE
1471,0.05085,0.23300277584959173,3.0455122299916,1.1341283560559592,208.22607295194175,51.0531204742495,5.192615578479196,3.787929895519139e-07,COMPLETE
1472,0.0648,0.39439166832329997,3.7523591558107,3.1788912454430323,0.016767417635497637,0.004133960289903019,33.10332610253603,1.7411112824373338e-14,COMPLETE
1473,0.07165,0.5219060284589493,7.051402036894628,2.8036597183497527,0.6975592224319972,1.1423460445157332,0.01777158201797886,8.720647859508846e-11,COMPLETE
1474,0.0495,0.2347070751351369,6.485051657135356,1.4234508712843703,0.1784805460542277,0.5362196401258538,1.4298640803911997,1.9043961097477443e-12,COMPLETE
1475,0.0892,0.5301064483219783,3.5455455571717134,7.242098619980624,0.34690520044484086,51.0531204742495,34.574222073764446,3.649569116806477e-06,COMPLETE
1476,0.0566,0.01681907311500065,6.943625321882633,7.317052068550166,0.1784805460542277,597.7465223273464,0.04082369646290137,0.0040751528060348355,COMPLETE
1477,0.08755,0.5439203693899289,2.8467952672042545,8.359124144204223,0.4634053899763641,0.004142385509815456,3.6008094906658137,1.5335060532903536e-12,COMPLETE
1478,0.0976,0.649788692951407,5.719667260978259,3.1788912454430323,2661.553121751245,0.1013397086496358,86.58694227114692,7.242135537625552e-11,COMPLETE
1479,0.0593,0.3760513915448785,7.115831787284245,1.7519510271087413,1.8442663426239594,0.017198193320493993,0.01777158201797886,3.9694167750317793e-10,COMPLETE
1480,0.0575,0.2470642652825654,4.653916869245234,1.0726049388472807,12.412723646412944,51.0531204742495,5.192615578479196,5.521087576123659e-10,COMPLETE
1481,0.08805,0.485299425896346,3.7523591558107,9.890916012877245,0.016767417635497637,0.047570004104159534,0.764092524644605,3.407169759582504e-13,COMPLETE
1482,0.09745,0.5910134780183166,3.7523591558107,5.09597589410649,0.18468504546596953,110.16646134717259,2.606433764399818,1.298609616582355e-06,COMPLETE
1483,0.12495,0.6495421826142809,6.943625321882633,2.5118580794078285,3090.9457533461396,0.047570004104159534,0.764092524644605,3.407169759582504e-13,COMPLETE
1484,0.1164,0.31874263533718133,5.439590829177734,9.890916012877245,3090.9457533461396,2.3456275694331676,0.04082369646290137,1.9897264125379086e-06,COMPLETE
1485,0.07185,0.2594594747069289,5.719667260978259,6.875144787901625,208.22607295194175,51.0531204742495,0.06896807247569771,3.787929895519139e-07,COMPLETE
1486,0.0721,0.2810406803165057,4.797597292147365,1.7519510271087413,0.21068030120772424,0.04511043319757621,0.06896807247569771,3.407169759582504e-13,COMPLETE
1487,0.0949,0.44727522900554934,6.103623020551158,9.890916012877245,54.98711449866366,0.012060448821454744,0.04082369646290137,1.9897264125379086e-06,COMPLETE
1488,0.08235,0.658427318887663,7.051402036894628,6.875144787901625,123.52077947060401,51.0531204742495,0.11060646004395691,9.677224859834987e-11,COMPLETE
1489,0.0718,0.5007714888733932,4.958426658725357,6.875144787901625,0.36751212668514066,0.06857317261521613,3.6008094906658137,3.0541645143911065e-11,COMPLETE
1490,0.10305,0.6532691699367985,6.943625321882633,8.741900816624833,3090.9457533461396,1.2594502646806938,0.04082369646290137,7.242135537625552e-11,COMPLETE
1491,0.11735,0.33088246763298756,4.3548083271808515,1.3526137167003873,208.22607295194175,0.009707433566872849,0.010490863545892863,3.649569116806477e-06,COMPLETE
1492,0.10315,0.6025935869354255,2.26003957535122,5.751620494688234,3090.9457533461396,186.9306125540257,3.6008094906658137,3.0092675819548274e-09,COMPLETE
1493,0.0548,0.44760935611770075,4.958426658725357,1.7056069232227984,0.07261268023359602,186.9306125540257,2.3494985836646247,5.521087576123659e-10,COMPLETE
1494,0.057,0.4296204282835408,6.103623020551158,3.3801923275388828,0.21068030120772424,0.3710234766141632,80.46577679760097,1.1682701663189634e-13,COMPLETE
1495,0.0868,0.09323834505765935,1.5586610168286603,2.6338329439397503,0.4634053899763641,1.5630282565660134,34.574222073764446,0.0004010526348130018,COMPLETE
1496,0.06585,0.4781562950805166,6.655421352222268,4.6814258240363635,1.9562826277387932,3.858204027730059,12.491315660805293,6.338054654029837e-09,COMPLETE
1497,0.08045,0.5357738743117973,4.335111916469993,8.359124144204223,1.9562826277387932,3.858204027730059,3.6008094906658137,2.1811143402963018e-10,COMPLETE
1498,0.0836,0.1550525148678704,4.649795209343245,9.890916012877245,0.18468504546596953,0.047570004104159534,18.054749590472085,2.2341651030705364e-05,COMPLETE
1499,0.1036,0.4861559142419635,4.335111916469993,8.33604695260721,1.8442663426239594,5.054984284069897,76.57127726580364,7.242135537625552e-11,COMPLETE
1500,0.07935,0.5254742493418264,5.719667260978259,6.875144787901625,0.4634053899763641,0.1013397086496358,3.6008094906658137,1.6894010759859846e-13,COMPLETE
1501,0.03935,0.2829691282076294,4.958426658725357,1.3526137167003873,0.18468504546596953,107.59872434463156,34.574222073764446,3.811801850956625e-07,COMPLETE
1502,0.053,0.4221666204319915,4.335111916469993,2.5118580794078285,1.9562826277387932,18.626097449354273,17.543999742650467,2.1811143402963018e-10,COMPLETE
1503,0.05725,0.21755871406450325,6.943625321882633,1.3526137167003873,123.52077947060401,107.59872434463156,0.04082369646290137,3.649569116806477e-06,COMPLETE
1504,0.0535,0.44561312783542717,7.051402036894628,1.7519510271087413,1.8442663426239594,4.006173959705789,0.01777158201797886,3.407169759582504e-13,COMPLETE
1505,0.0626,0.41582745663836557,7.296565715563787,1.7519510271087413,0.6975592224319972,0.4816483006926763,0.01777158201797886,9.274226703370502e-12,COMPLETE
1506,0.0491,0.25019842462359604,4.3548083271808515,1.3526137167003873,1.8442663426239594,4.006173959705789,34.574222073764446,3.649569116806477e-06,COMPLETE
1507,0.06915,0.3602662297322968,7.051402036894628,5.751620494688234,1.8442663426239594,168.65252268697844,0.01777158201797886,3.9694167750317793e-10,COMPLETE
1508,0.07715,0.6237555457919893,7.051402036894628,6.641926976422129,0.6975592224319972,546.754814234046,0.01777158201797886,8.720647859508846e-11,COMPLETE
1509,0.07895,0.5842677511914752,7.051402036894628,2.8036597183497527,1.8442663426239594,2.259656106429442,0.015035312263353716,1.9043961097477443e-12,COMPLETE
1510,0.0984,0.7367674946527007,5.686980021608849,5.751620494688234,206.66065670528866,0.004569612957571183,59.2437895529571,2.1811143402963018e-10,COMPLETE
1511,0.0557,0.45211462993725016,7.051402036894628,3.9944594338373487,0.1784805460542277,0.5362196401258538,3.6008094906658137,1.9043961097477443e-12,COMPLETE
1512,0.0723,0.5287878450166684,4.653916869245234,2.8034123264003057,12.412723646412944,51.0531204742495,0.01777158201797886,8.720647859508846e-11,COMPLETE
1513,0.0603,0.4682859091050076,6.103623020551158,2.8036597183497527,0.17599026106448265,0.003952095395092382,12.491315660805293,1.1682701663189634e-13,COMPLETE
1514,0.0713,0.6145318534070167,6.019990742215804,7.8078637347278095,104.61067826393281,38.30187823590163,80.46577679760097,4.6091377894196375e-11,COMPLETE
1515,0.0703,0.165075665594384,7.371731789186595,3.3801923275388828,1.8278642465471888,2.0518583729409148,0.012964396058539482,1.666708655118364e-05,COMPLETE
1516,0.0906,0.624218120309075,5.719667260978259,3.1788912454430323,208.22607295194175,0.1013397086496358,17.543999742650467,1.6894010759859846e-13,COMPLETE
1517,0.04755,0.03137238733387921,6.019990742215804,1.2997368745646833,0.049639878958573025,186.9306125540257,0.0247605531247782,0.00011408523325738792,COMPLETE
1518,0.0971,0.7343062952205686,5.686980021608849,8.33604695260721,2661.553121751245,1.2594502646806938,59.2437895529571,7.242135537625552e-11,COMPLETE
1519,0.07115,0.3137439614986865,5.719667260978259,1.7519510271087413,1.8442663426239594,0.009707433566872849,0.010490863545892863,3.787929895519139e-07,COMPLETE
1520,0.1463,0.7622770828397224,4.958426658725357,9.890916012877245,3090.9457533461396,0.047570004104159534,0.764092524644605,3.787929895519139e-07,COMPLETE
1521,0.05475,0.35487090768448726,6.019990742215804,2.5118580794078285,1.9562826277387932,0.5362196401258538,59.2437895529571,1.9043961097477443e-12,COMPLETE
1522,0.0997,0.5639796597029032,4.335111916469993,3.3251929552958046,2661.553121751245,1.2594502646806938,0.04082369646290137,7.242135537625552e-11,COMPLETE
1523,0.0508,0.22973179498605928,4.3548083271808515,1.0726049388472807,0.4634053899763641,186.9306125540257,34.574222073764446,3.649569116806477e-06,COMPLETE
1524,0.1102,0.49605265226894973,2.7496538838541493,2.1800164972618283,9200.57957405296,1.5630282565660134,5.192615578479196,3.787929895519139e-07,COMPLETE
1525,0.0687,0.42383826899435223,6.351039989269435,1.0726049388472807,2661.553121751245,1.2594502646806938,2.4710813083340644,7.242135537625552e-11,COMPLETE
1526,0.0669,0.5511395603611033,5.719667260978259,6.875144787901625,0.2252431501377761,0.009707433566872849,0.3234940277753626,2.90816916698945e-10,COMPLETE
1527,0.05755,0.24131639165777138,4.958426658725357,1.3387067545585338,0.4634053899763641,0.08755680934938086,20.94735143182045,5.314026320276268e-08,COMPLETE
1528,0.07025,0.29269353962507116,1.330026852409049,1.2997368745646833,0.6975592224319972,546.754814234046,12.387704108881755,3.811801850956625e-07,COMPLETE
1529,0.10585,0.7047165426620856,6.103623020551158,8.741900816624833,3090.9457533461396,0.3710234766141632,0.04082369646290137,3.787929895519139e-07,COMPLETE
1530,0.0997,0.5789657022118487,4.958426658725357,8.359124144204223,12.412723646412944,107.59872434463156,3.6008094906658137,3.649569116806477e-06,COMPLETE
1531,0.0631,0.464665040230037,4.958426658725357,2.839979984936102,0.21068030120772424,186.9306125540257,34.574222073764446,1.1682701663189634e-13,COMPLETE
1532,0.06415,0.21944570881790076,5.686980021608849,2.5118580794078285,4.738751537652386,3.858204027730059,16.613811002261958,0.00033017222427721734,COMPLETE
1533,0.04985,0.06926025319715712,3.0455122299916,1.0726049388472807,1267.754497754235,546.754814234046,0.01777158201797886,8.720647859508846e-11,COMPLETE
1534,0.07645,0.5661556599805007,4.335111916469993,8.33604695260721,0.07261268023359602,1.2594502646806938,7.413999060832848,6.338054654029837e-09,COMPLETE
1535,0.0621,0.5228769560607217,5.719667260978259,6.875144787901625,0.07261268023359602,0.1013397086496358,12.491315660805293,1.6894010759859846e-13,COMPLETE
