number,values_0,values_1,params_delta_deg,params_gamma,params_lambda1,params_lambda3,state
4948,0.13645,0.9013581917882973,7.339695485358947,9.988586281068551,1254.601437752203,2.867038467083101,COMPLETE
4949,0.11525,0.540833723553784,0.8530532762229829,7.639970758565217,1575.9369216711668,2.1102891532478085,COMPLETE
4950,0.10635,0.6570607015732073,7.489439152524652,9.988586281068551,61.128832411058866,5.203900035032874,COMPLETE
4951,0.08675,0.46998475628045444,7.321806062638004,3.0638630129150126,61.128832411058866,9.179124161367348,COMPLETE
4952,0.08035,0.1070712595520158,1.0285186580116799,1.0340435745788543,30.54779366423335,0.5985950343657075,COMPLETE
4953,0.07415,0.26204378038896536,6.485382992562315,2.195218904889921,2.4792588435669867,64.10828001117169,COMPLETE
4954,0.1259,0.8465182798317994,7.489439152524652,9.933529862520766,359.71457230765833,1.526275265602974,COMPLETE
4955,0.0998,0.6663100970386712,7.489439152524652,3.0638630129150126,359.71457230765833,0.5985950343657075,COMPLETE
4956,0.09765,0.5739290209362652,7.489439152524652,2.548074155784124,112.323925330586,0.12108954964972238,COMPLETE
4957,0.0865,0.5972864241768134,7.339695485358947,9.988586281068551,0.061530195681195304,4.792699168837896,COMPLETE
4958,0.0944,0.5336979543024462,4.1584933271007625,8.418374689108267,24.687993700004206,2.1102891532478085,COMPLETE
4959,0.09905,0.6664446063361408,7.489439152524652,7.639970758565217,23.82879914384567,0.5985950343657075,COMPLETE
4960,0.09215,0.5781518606584358,7.489439152524652,6.612639322764853,6.48522403315561,4.792699168837896,COMPLETE
4961,0.06855,0.37715098971834743,7.394809955620337,2.195218904889921,2.4792588435669867,0.2944924768920615,COMPLETE
4962,0.0661,0.3195259647131406,7.211246974011563,1.1679739768270172,1.0773668414907498,0.030595349341982422,COMPLETE
4963,0.10275,0.3469527190155924,1.1588971874355916,9.988586281068551,2.0247598686802855,0.8972620028051286,COMPLETE
4964,0.10155,0.321393206703919,1.9531307192851963,1.0340435745788543,1504.806983349742,2.1102891532478085,COMPLETE
4965,0.0856,0.1572343470344042,0.7486479099754778,1.2842897779459053,14.737605525296884,4.792699168837896,COMPLETE
4966,0.13375,0.8431575252460345,7.339695485358947,8.418374689108267,6130.9617598508985,0.5985950343657075,COMPLETE
4967,0.0956,0.7213002266648909,7.489439152524652,8.418374689108267,0.10148218147096995,0.13391944103899936,COMPLETE
4968,0.0716,0.18197721583320028,7.489439152524652,1.2992706708708701,2.4792588435669867,1.5878685827485646,COMPLETE
4969,0.08265,0.42856508463191956,7.489439152524652,1.2992706708708701,359.71457230765833,0.25565593183459373,COMPLETE
4970,0.08365,0.23240702029624669,7.489439152524652,2.0317979649565716,0.5503013998546388,43.236059537701166,COMPLETE
4971,0.0919,0.3845388605176984,3.030275985921782,3.0156649020845308,61.128832411058866,0.5985950343657075,COMPLETE
4972,0.10915,0.7492152932814788,4.027627888030888,8.418374689108267,116.68218004772335,0.13391944103899936,COMPLETE
4973,0.05735,0.20482217604609027,2.8218885871831687,1.5745605208397064,0.061530195681195304,0.5985950343657075,COMPLETE
4974,0.1213,0.8061794641491729,6.812644630608508,9.988586281068551,1476.1251734596226,0.3135677857114632,COMPLETE
4975,0.0831,0.49010309842788585,6.047539201413153,3.0156649020845308,61.128832411058866,0.5985950343657075,COMPLETE
4976,0.0843,0.6119909298283538,7.489439152524652,6.14088052781218,37.826137129576594,2.1102891532478085,COMPLETE
4977,0.07975,0.4288503567118911,5.933216975731767,1.8779291983660926,30.54779366423335,0.07899621808581027,COMPLETE
4978,0.12795,0.8343775565774738,7.489439152524652,9.988586281068551,1476.1251734596226,4.792699168837896,COMPLETE
4979,0.1284,0.8212690649624393,6.158460480301609,9.988586281068551,1476.1251734596226,1.526275265602974,COMPLETE
4980,0.05885,0.23156939586079683,7.489439152524652,1.2992706708708701,0.011064191135752277,5.461571799225909,COMPLETE
4981,0.092,0.7155682028234925,7.489439152524652,8.418374689108267,61.128832411058866,2.1102891532478085,COMPLETE
4982,0.09055,0.6349691052150778,7.489439152524652,8.418374689108267,0.017944270076093727,6.59019711938754,COMPLETE
4983,0.0679,0.37818715335304703,7.339695485358947,3.1109816593785697,0.37030124505372963,11.34645454198699,COMPLETE
4984,0.09205,0.7336258765188535,7.489439152524652,8.418374689108267,116.68218004772335,2.1102891532478085,COMPLETE
4985,0.112,0.8466825038058569,7.339695485358947,8.626961010874062,359.71457230765833,2.867038467083101,COMPLETE
4986,0.09235,0.5702331411085287,7.321806062638004,3.0638630129150126,61.128832411058866,0.019535623236313932,COMPLETE
4987,0.0868,0.6316030557530892,7.398979747077997,9.988586281068551,61.128832411058866,76.18621658965733,COMPLETE
4988,0.0773,0.6457215707379667,7.489439152524652,6.612639322764853,0.48160356426463263,1.3157650113770214,COMPLETE
4989,0.0768,0.3963418544376885,7.339695485358947,1.2552905556874143,359.71457230765833,7.248669175722495,COMPLETE
4990,0.1159,0.7723591613986592,7.339695485358947,9.988586281068551,1476.1251734596226,0.31315467833652605,COMPLETE
4991,0.0803,0.4247801259840463,7.489439152524652,1.0303917583960003,1476.1251734596226,4.792699168837896,COMPLETE
4992,0.11255,0.6347420333829861,6.812644630608508,3.459412714120118,1688.3846346819648,12.146893267526337,COMPLETE
4993,0.11605,0.6703889968065372,3.7091921658732567,9.988586281068551,359.71457230765833,4.792699168837896,COMPLETE
4994,0.08875,0.46624602311028895,7.489439152524652,3.4643279549572297,23.82879914384567,1.3157650113770214,COMPLETE
4995,0.09495,0.451187572728572,1.345705109954589,9.988586281068551,4.24670814583228,11.34645454198699,COMPLETE
4996,0.09415,0.8425713605209286,6.2388320783952995,9.988586281068551,359.71457230765833,1.526275265602974,COMPLETE
4997,0.1001,0.54410765148794,7.489439152524652,3.1109816593785697,0.022872403443138362,0.13391944103899936,COMPLETE
4998,0.06355,0.4618265431592694,7.398979747077997,3.0156649020845308,61.128832411058866,11.34645454198699,COMPLETE
4999,0.09015,0.6763903431987811,3.942921696718906,9.988586281068551,153.2860257697558,0.7306953052604724,COMPLETE
