number,values_0,values_1,params_delta_deg,params_gamma,params_lambda1,params_lambda3,state
1718,0.082,0.3377057672621956,6.8435536313626235,3.0638630129150126,2.4792588435669867,0.5985950343657075,COMPLETE
1719,0.08095,0.3013170305637628,7.225279577446517,3.0638630129150126,0.4111694316312813,11.34645454198699,COMPLETE
1720,0.0831,0.17700340148199947,4.089309073434599,1.2992706708708701,6.3678586691542165,0.5985950343657075,COMPLETE
1721,0.1361,0.8912623574509296,7.339695485358947,7.451337432117496,1688.3846346819648,1.526275265602974,COMPLETE
1722,0.1376,0.8587172675385695,7.489439152524652,9.988586281068551,1476.1251734596226,63.04505868184717,COMPLETE
1723,0.0884,0.4956162506450447,7.489439152524652,3.0638630129150126,79.01908619596492,13.737135040054913,COMPLETE
1724,0.0967,0.6538251288398749,7.489439152524652,8.418374689108267,4.6216117253800055,0.5985950343657075,COMPLETE
1725,0.1048,0.7065736858660749,7.386495200771071,5.196045314781185,28.623301091967512,0.04841802788233872,COMPLETE
1726,0.0876,0.5381443529134231,7.489439152524652,4.871616890927805,35.852665230750326,2.8652842118035053,COMPLETE
1727,0.0707,0.2515581462730867,7.472181032619709,1.5232915956522353,0.9301101051729784,0.7306953052604724,COMPLETE
1728,0.11755,0.7334667575431542,5.5150049043702545,5.196045314781185,560.4775189597802,1.526275265602974,COMPLETE
1729,0.1,0.5201160040821334,3.152964756669663,3.4709986937730752,1688.3846346819648,0.012479116924486697,COMPLETE
1730,0.09355,0.5107293347746921,7.489439152524652,5.869623929785657,4.6216117253800055,1.269868031404911,COMPLETE
1731,0.07915,0.3767299126872671,7.398979747077997,1.7355411042880053,116.68218004772335,0.5985950343657075,COMPLETE
1732,0.11675,0.7366644854575115,6.641989734742594,7.451337432117496,384.81053681480347,11.34645454198699,COMPLETE
1733,0.08505,0.4517576695337376,5.637790467124291,1.8181519851428887,544.9650617560998,6.078254576141324,COMPLETE
1734,0.0784,0.3263475454039596,7.257271731141275,1.612256277233673,10.955729402655995,0.08991353636167962,COMPLETE
1735,0.10685,0.650243747633841,6.812644630608508,3.0638630129150126,1476.1251734596226,4.792699168837896,COMPLETE
1736,0.10715,0.704848935036658,7.225279577446517,5.730299580407641,359.71457230765833,5.521222240617462,COMPLETE
1737,0.08035,0.41213786161568033,7.489439152524652,3.0352039660395387,4.6216117253800055,0.5985950343657075,COMPLETE
1738,0.0778,0.4014656439341789,6.136640393122631,3.4709986937730752,0.7780556311068269,2.1102891532478085,COMPLETE
1739,0.10915,0.5000867313687325,3.233163346462911,9.988586281068551,117.01164712837071,29.63801339757087,COMPLETE
1740,0.1503,0.8207048510598661,7.398979747077997,7.639970758565217,1620.198531050416,0.5985950343657075,COMPLETE
1741,0.08295,0.1692730988695107,2.283733579701307,1.5232915956522353,0.02058328949269307,0.7306953052604724,COMPLETE
1742,0.0673,0.39687094965094594,6.625582864430163,2.9240386219095935,6.3678586691542165,1.526428846974161,COMPLETE
1743,0.064,0.19598841813868095,6.8435536313626235,1.1679739768270172,2.4792588435669867,0.5084006019933035,COMPLETE
1744,0.0928,0.5461655958550917,0.6133748180739678,5.019321511798548,6494.278430129951,0.7306953052604724,COMPLETE
1745,0.1152,0.7004112573325414,6.641989734742594,7.451337432117496,359.71457230765833,13.737135040054913,COMPLETE
1746,0.1,0.5986368418060038,6.942895006967078,7.451337432117496,0.4111694316312813,1.269868031404911,COMPLETE
1747,0.12965,0.8409651141584381,7.339695485358947,8.418374689108267,359.71457230765833,0.5985950343657075,COMPLETE
1748,0.07685,0.3770260356805306,6.797998960932329,3.0638630129150126,0.5549010274448358,0.5985950343657075,COMPLETE
1749,0.09315,0.6277561518893373,7.489439152524652,4.390239464358789,117.01164712837071,4.792699168837896,COMPLETE
1750,0.14795,0.8927736799161148,7.489439152524652,9.988586281068551,9738.569235684234,4.792699168837896,COMPLETE
1751,0.12045,0.7291104974890995,7.257271731141275,9.988586281068551,116.68218004772335,4.792699168837896,COMPLETE
1752,0.11575,0.7202831918605904,7.321806062638004,3.0638630129150126,1476.1251734596226,0.5985950343657075,COMPLETE
1753,0.1241,0.8234119017068701,5.5150049043702545,5.196045314781185,1088.4095399656776,0.7824179574308753,COMPLETE
1754,0.08295,0.37650511869723247,7.489439152524652,1.2992706708708701,384.81053681480347,2.1102891532478085,COMPLETE
1755,0.10215,0.5453068971971278,4.933362998330481,1.8181519851428887,1867.0227384812997,12.835043431337015,COMPLETE
1756,0.06555,0.20213628293775032,6.625582864430163,1.2992706708708701,6.3678586691542165,2.8336680092936097,COMPLETE
1757,0.0728,0.3506844958531488,4.933362998330481,2.665180288973662,0.06277035707293659,0.5985950343657075,COMPLETE
1758,0.09545,0.5469817891360376,3.8704481453439707,3.0352039660395387,560.4775189597802,11.34645454198699,COMPLETE
1759,0.0959,0.5715500303668875,7.398979747077997,3.0156649020845308,65.42850617031253,0.27653614317989195,COMPLETE
1760,0.10825,0.6265885889158483,7.398979747077997,9.988586281068551,46.33951586238138,4.792699168837896,COMPLETE
1761,0.09165,0.5532124563969998,7.489439152524652,1.3090586453554252,1476.1251734596226,0.5985950343657075,COMPLETE
1762,0.0638,0.21775896646358783,6.8435536313626235,1.3643610026472293,0.0487561024836959,44.76380938653201,COMPLETE
1763,0.0891,0.3787570113559246,1.4838477958878133,7.639970758565217,0.02058328949269307,15.635249172291681,COMPLETE
1764,0.07355,0.20480516633899065,3.361745607637307,1.2992706708708701,10.955729402655995,0.08991353636167962,COMPLETE
1765,0.1122,0.7078959833005176,7.489439152524652,5.869623929785657,112.323925330586,1.269868031404911,COMPLETE
1766,0.09265,0.22244102517846945,3.539351738331539,1.8181519851428887,6.3678586691542165,0.5985950343657075,COMPLETE
1767,0.09205,0.5035823198928651,7.257271731141275,5.196045314781185,1.9411683121291674,1.526275265602974,COMPLETE
1768,0.1375,0.8746928048663057,6.625582864430163,9.988586281068551,1476.1251734596226,16.9838123776672,COMPLETE
1769,0.0812,0.44400235314492886,5.764841982242485,7.451337432117496,0.50010706770691,11.34645454198699,COMPLETE
1770,0.0708,0.2002183406254348,6.625582864430163,1.2992706708708701,6.3678586691542165,0.5985950343657075,COMPLETE
1771,0.076,0.39837086122712784,4.933362998330481,3.2072620901013185,10.955729402655995,1.526275265602974,COMPLETE
1772,0.1165,0.8327704054409549,7.489439152524652,9.767312130896007,384.81053681480347,4.792699168837896,COMPLETE
1773,0.0885,0.4631367666899332,4.933362998330481,4.485141749564186,5.562328930691981,0.5985950343657075,COMPLETE
1774,0.10015,0.5182397564255461,6.134888500649629,4.730916168079807,5.6878068615007775,0.7306953052604724,COMPLETE
1775,0.0994,0.5523614198912145,7.489439152524652,2.6536081720377704,1.249977455338853,0.016259885260852095,COMPLETE
1776,0.12255,0.7913816681539276,7.489439152524652,3.4709986937730752,7024.408222443354,2.2659877554138568,COMPLETE
1777,0.07385,0.1890204233803406,6.625582864430163,1.2992706708708701,6.3678586691542165,44.76380938653201,COMPLETE
1778,0.10225,0.5308780257969267,2.9592096774926278,9.593005960836466,0.10175570151588345,0.5985950343657075,COMPLETE
1779,0.1193,0.23705788469276473,0.29387926031951195,4.730916168079807,0.07688268532570153,11.34645454198699,COMPLETE
1780,0.0579,0.19055488592517994,7.489439152524652,1.2992706708708701,0.022872403443138362,8.617696010924275,COMPLETE
1781,0.12335,0.4881764270057048,6.812644630608508,8.035048888990064,359.71457230765833,0.01495945316455379,COMPLETE
1782,0.1117,0.6544400170690479,6.625582864430163,3.0638630129150126,359.71457230765833,0.1818486059031811,COMPLETE
1783,0.0796,0.42418551035294405,7.386495200771071,1.8145138315019835,2.4792588435669867,0.04841802788233872,COMPLETE
1784,0.08195,0.4126390074006553,7.386495200771071,1.8145138315019835,28.623301091967512,0.04841802788233872,COMPLETE
1785,0.12355,0.7354763041813401,5.790518399532539,3.4709986937730752,1688.3846346819648,0.5985950343657075,COMPLETE
1786,0.1121,0.7276702059086889,7.257271731141275,3.0352039660395387,1476.1251734596226,0.7306953052604724,COMPLETE
1787,0.11575,0.5278598238477381,3.071650444792445,9.988586281068551,26.586252290989158,0.2944924768920615,COMPLETE
1788,0.13615,0.788709970187007,6.812644630608508,9.988586281068551,940.1294029516938,0.31190245168882025,COMPLETE
1789,0.12035,0.7975709271798391,3.7209534775680555,5.8081057233180955,1476.1251734596226,1.526275265602974,COMPLETE
1790,0.1279,0.7293830062997912,7.257271731141275,5.196045314781185,1476.1251734596226,0.1912324505913114,COMPLETE
1791,0.11185,0.6738618341680784,3.379757060415907,9.767312130896007,704.7644712378276,58.8365186870629,COMPLETE
1792,0.0689,0.18238334327249928,7.489439152524652,1.2992706708708701,0.022872403443138362,0.5985950343657075,COMPLETE
1793,0.08635,0.5309494897660338,7.257271731141275,1.8181519851428887,544.9650617560998,0.7306953052604724,COMPLETE
1794,0.1074,0.6650745714353228,7.339695485358947,9.988586281068551,0.5529959922862323,0.7306953052604724,COMPLETE
1795,0.09475,0.5446416811774443,7.489439152524652,5.061348409319827,0.022872403443138362,0.7037594792077035,COMPLETE
1796,0.10705,0.5652290953813984,0.8034068399648051,3.4709986937730752,1688.3846346819648,0.014326147013358896,COMPLETE
1797,0.08705,0.3550908957440061,6.812644630608508,3.05385237871782,0.02058328949269307,4.792699168837896,COMPLETE
1798,0.06535,0.26789097635012066,7.398979747077997,1.775957688444912,0.061530195681195304,0.5985950343657075,COMPLETE
1799,0.1307,0.614578081644654,5.4600769177161395,6.5501706726263835,1688.3846346819648,0.02165429349343567,COMPLETE
1800,0.1274,0.8061304254438506,6.643339847787415,9.988586281068551,117.01164712837071,0.5084006019933035,COMPLETE
1801,0.0669,0.17692887719431158,7.321806062638004,1.0340435745788543,24.88551028653704,0.7306953052604724,COMPLETE
1802,0.11485,0.5954345169117602,7.489439152524652,1.2992706708708701,6694.820161935291,0.5985950343657075,COMPLETE
1803,0.0821,0.5444545878045421,7.489439152524652,1.5232915956522353,1688.3846346819648,1.526275265602974,COMPLETE
1804,0.1195,0.7255594102004934,4.9840797893789475,9.384966760200419,384.81053681480347,51.07831428763028,COMPLETE
1805,0.1316,0.5959616436362404,7.386495200771071,3.4709986937730752,1688.3846346819648,0.04841802788233872,COMPLETE
1806,0.11975,0.6521340672903148,4.859269400135405,6.694798433810031,0.8584609074504739,0.11405238364454028,COMPLETE
1807,0.10455,0.6810373993995866,7.489439152524652,9.988586281068551,0.5549010274448358,0.5084006019933035,COMPLETE
1808,0.0835,0.44907120154139274,7.339695485358947,5.196045314781185,0.3000307368274111,11.34645454198699,COMPLETE
1809,0.1276,0.7574844688934229,7.489439152524652,4.390239464358789,705.7731136707251,0.5084006019933035,COMPLETE
1810,0.109,0.7408423002059409,7.489439152524652,8.418374689108267,116.68218004772335,2.2659877554138568,COMPLETE
1811,0.0735,0.3765859814025517,7.257271731141275,1.1101227320809812,544.9650617560998,39.65561567637482,COMPLETE
1812,0.1221,0.6845623467439297,6.749708134368191,3.0156649020845308,8079.497017180913,44.76380938653201,COMPLETE
1813,0.0935,0.6222886607985196,7.489439152524652,5.061348409319827,21.241906192078755,0.7037594792077035,COMPLETE
1814,0.09205,0.5285782940490976,7.489439152524652,4.362289530116066,4.6216117253800055,0.6099304606090076,COMPLETE
1815,0.09545,0.4268626594353693,2.0724256189825603,5.196045314781185,0.022872403443138362,0.5985950343657075,COMPLETE
1816,0.10455,0.6482220373539068,7.489439152524652,9.933529862520766,36.72714702873113,4.792699168837896,COMPLETE
1817,0.0892,0.672065436012584,7.339695485358947,8.418374689108267,0.5529959922862323,0.7306953052604724,COMPLETE
1818,0.09325,0.5851552369565758,7.489439152524652,5.061348409319827,21.241906192078755,1.976512774255963,COMPLETE
1819,0.0907,0.6293060829781632,7.489439152524652,5.196045314781185,25.816786445083448,1.526275265602974,COMPLETE
1820,0.0749,0.23146618140114175,5.334411901674462,1.1981102242964345,112.323925330586,0.5985950343657075,COMPLETE
1821,0.08005,0.125751902212391,0.6236978690335285,1.0340435745788543,30.54779366423335,0.5985950343657075,COMPLETE
1822,0.1023,0.6379390837871549,7.321806062638004,3.0352039660395387,359.71457230765833,0.7306953052604724,COMPLETE
1823,0.11875,0.7550511895089097,7.489439152524652,9.988586281068551,116.68218004772335,4.792699168837896,COMPLETE
1824,0.11215,0.25791771819085224,0.24699846963683955,5.649720589898706,0.7780556311068269,57.23515637964881,COMPLETE
1825,0.08545,0.45729485661622454,7.489439152524652,4.017033873443512,0.022872403443138362,12.634036008435691,COMPLETE
1826,0.1111,0.408087461714755,0.6697743268072297,9.988586281068551,4.6216117253800055,0.07890100704112263,COMPLETE
1827,0.07795,0.31265407650629956,5.536183808905716,2.195218904889921,4.6216117253800055,0.2944924768920615,COMPLETE
1828,0.123,0.7502976926845308,2.8976101279453665,7.451337432117496,548.1260042339945,0.5985950343657075,COMPLETE
1829,0.13215,0.8310163985321521,7.489439152524652,9.988586281068551,384.81053681480347,2.1102891532478085,COMPLETE
1830,0.10995,0.6612735833926188,7.489439152524652,8.418374689108267,4.6216117253800055,0.7306953052604724,COMPLETE
1831,0.12585,0.9125182333091103,7.489439152524652,8.418374689108267,1575.9369216711668,2.1102891532478085,COMPLETE
1832,0.1021,0.6009274431016027,6.641989734742594,4.128977545770486,276.40055742400085,11.34645454198699,COMPLETE
1833,0.10175,0.5731544042321319,7.398979747077997,3.9184061811924673,0.3232523442577093,0.02889960524135345,COMPLETE
1834,0.12025,0.7722023506283506,7.257271731141275,8.418374689108267,560.4775189597802,11.34645454198699,COMPLETE
1835,0.12985,0.873102897159895,7.489439152524652,5.566678981649447,1688.3846346819648,1.526275265602974,COMPLETE
1836,0.0771,0.44942501727742284,7.398979747077997,3.0156649020845308,3.1242748560444826,0.5985950343657075,COMPLETE
1837,0.0723,0.3968836390945749,7.489439152524652,1.2992706708708701,359.71457230765833,10.547941886183366,COMPLETE
1838,0.1168,0.6737847621881392,1.5967764001972313,8.418374689108267,560.4775189597802,1.8602957309646184,COMPLETE
1839,0.11675,0.7620569193426157,7.257271731141275,3.4709986937730752,1688.3846346819648,0.5985950343657075,COMPLETE
1840,0.12555,0.8437096309201921,7.489439152524652,8.418374689108267,359.71457230765833,2.1102891532478085,COMPLETE
1841,0.11555,0.6494671285555181,4.667740820167248,7.639970758565217,359.71457230765833,51.31452902964577,COMPLETE
1842,0.10325,0.7509548159764563,7.489439152524652,9.988586281068551,116.68218004772335,20.593750577508278,COMPLETE
1843,0.11115,0.7647594242173218,6.8435536313626235,5.196045314781185,560.4775189597802,1.526275265602974,COMPLETE
1844,0.1235,0.7602364289400833,7.321806062638004,7.334091810153372,153.2860257697558,0.5985950343657075,COMPLETE
1845,0.08165,0.35441911233236767,7.339695485358947,3.870139548563205,2.4792588435669867,58.8365186870629,COMPLETE
1846,0.12035,0.5586598024358427,6.617571584459043,8.418374689108267,0.01770765939048132,0.011821076900263374,COMPLETE
1847,0.0763,0.28011591044312506,7.489439152524652,2.4083149788425584,0.40495398671608407,4.792699168837896,COMPLETE
1848,0.0882,0.3048314974392377,5.334411901674462,1.1588641509207858,359.71457230765833,0.9795869127576701,COMPLETE
1849,0.0863,0.487810464219399,6.812644630608508,1.4741370262376239,1476.1251734596226,4.792699168837896,COMPLETE
1850,0.11375,0.7378331327274728,6.641989734742594,7.451337432117496,560.4775189597802,11.34645454198699,COMPLETE
1851,0.0638,0.2059466216920207,7.0603318264056245,1.2992706708708701,1.9411683121291674,1.526275265602974,COMPLETE
1852,0.1061,0.6778477186230321,7.489439152524652,6.058145685663767,2.4792588435669867,0.2944924768920615,COMPLETE
1853,0.09675,0.5754945048752674,7.489439152524652,3.0638630129150126,359.71457230765833,13.737135040054913,COMPLETE
1854,0.0923,0.474683961897254,7.225279577446517,1.1950451471924781,1688.3846346819648,11.34645454198699,COMPLETE
1855,0.08645,0.12288488020485051,0.6607853875136007,1.0340435745788543,28.623301091967512,0.04841802788233872,COMPLETE
1856,0.0981,0.3774642364871469,3.0791224232187533,7.451337432117496,0.4111694316312813,2.1102891532478085,COMPLETE
1857,0.1421,0.5317271835821898,7.321806062638004,8.528370557253597,560.4775189597802,0.026043838436167092,COMPLETE
1858,0.1337,0.8086998429434938,6.812644630608508,7.899205405254141,2899.69581847893,0.5084006019933035,COMPLETE
1859,0.08095,0.378403456872654,4.463634620798405,3.0156649020845308,0.022872403443138362,0.37802664951597575,COMPLETE
1860,0.11595,0.29858947262087626,0.3109684324769678,9.162714319708535,30.54779366423335,0.5985950343657075,COMPLETE
1861,0.0831,0.3212414887237603,7.339695485358947,1.8181519851428887,73.05796051351349,11.34645454198699,COMPLETE
1862,0.0844,0.497192723492476,7.489439152524652,1.0340435745788543,2189.109991680647,0.5985950343657075,COMPLETE
1863,0.07995,0.3786903204345488,7.225279577446517,1.1281823356833431,560.4775189597802,2.0276683807021345,COMPLETE
1864,0.07235,0.25561303480687964,7.257271731141275,1.8181519851428887,0.033576431262198426,0.4723212306980493,COMPLETE
1865,0.06325,0.19129862082013285,7.321806062638004,1.0340435745788543,30.54779366423335,0.7306953052604724,COMPLETE
1866,0.12985,0.8324300236421097,7.489439152524652,9.988586281068551,117.01164712837071,0.5084006019933035,COMPLETE
1867,0.1283,0.6863943179313389,7.257271731141275,4.101823977297871,1476.1251734596226,0.1041035893831557,COMPLETE
1868,0.13905,0.8808257800578629,7.398979747077997,9.988586281068551,1476.1251734596226,34.11231467955945,COMPLETE
1869,0.08825,0.46105381032828036,7.257271731141275,1.47157294488523,544.9650617560998,6.078254576141324,COMPLETE
1870,0.0726,0.16466451041840666,5.774718663821093,1.2992706708708701,0.022872403443138362,4.792699168837896,COMPLETE
1871,0.1427,0.7022230444220572,2.656305734691273,7.174563624062029,359.71457230765833,0.14600213599321124,COMPLETE
1872,0.09315,0.4704055285808196,4.859269400135405,8.737228894063549,0.4111694316312813,74.16998672386688,COMPLETE
1873,0.1306,0.7830315683132371,6.641989734742594,4.390239464358789,2899.69581847893,0.5084006019933035,COMPLETE
1874,0.14255,0.8744113247280791,6.0323936556276445,9.767312130896007,880.5252988573784,2.1102891532478085,COMPLETE
1875,0.06135,0.19812774452644383,7.339695485358947,1.1679739768270172,0.040167899915426936,58.8365186870629,COMPLETE
1876,0.08475,0.17950582342983024,2.6966779941585908,1.2992706708708701,65.42850617031253,2.1102891532478085,COMPLETE
1877,0.07275,0.1915707191614297,5.5150049043702545,1.5099224161560107,0.6833498148715906,1.526275265602974,COMPLETE
1878,0.10825,0.6895210283074031,7.489439152524652,9.817815331437734,0.6300197980362606,0.2893601283923005,COMPLETE
1879,0.0602,0.20300017977225818,7.489439152524652,1.0340435745788543,30.54779366423335,0.5985950343657075,COMPLETE
1880,0.1074,0.6735301185893733,7.489439152524652,2.866799648602914,3045.7170270888428,2.8718966320517914,COMPLETE
1881,0.0963,0.6653411775847039,7.489439152524652,8.418374689108267,65.42850617031253,9.968823142168812,COMPLETE
1882,0.0677,0.19739675191132125,7.489439152524652,1.0340435745788543,30.54779366423335,0.5985950343657075,COMPLETE
1883,0.07545,0.254067000546342,7.489439152524652,1.7603865709177473,0.4111694316312813,4.792699168837896,COMPLETE
1884,0.07775,0.2929498273536283,7.489439152524652,2.195218904889921,0.2228885841191201,2.2659877554138568,COMPLETE
1885,0.0737,0.39971879904962004,7.489439152524652,3.3964479076070697,5.40924434953958,10.487781493549676,COMPLETE
1886,0.1157,0.7193205201069075,7.489439152524652,8.418374689108267,65.42850617031253,0.7037594792077035,COMPLETE
1887,0.06885,0.224910110896372,5.334411901674462,1.5863799073709688,2.0724764217274942,1.526275265602974,COMPLETE
1888,0.12515,0.8072237090053361,5.334411901674462,9.933529862520766,359.71457230765833,1.526275265602974,COMPLETE
1889,0.1317,0.7250134434790514,7.489439152524652,5.196045314781185,1476.1251734596226,0.14642649458055634,COMPLETE
1890,0.09925,0.5212178957870538,7.489439152524652,5.196045314781185,1.9411683121291674,1.526275265602974,COMPLETE
1891,0.1185,0.8005602503958624,7.489439152524652,8.418374689108267,560.4775189597802,11.34645454198699,COMPLETE
1892,0.09675,0.5861596220031371,7.489439152524652,8.418374689108267,3.8553805105190624,1.8602957309646184,COMPLETE
1893,0.0952,0.5866094512334766,7.339695485358947,8.030632022010044,5.6878068615007775,0.7306953052604724,COMPLETE
1894,0.10725,0.37399853897214985,1.7582493792735006,9.585079095317035,0.7780556311068269,25.509720352936174,COMPLETE
1895,0.06885,0.177249089893496,7.386495200771071,1.0340435745788543,30.54779366423335,2.1102891532478085,COMPLETE
1896,0.11065,0.7069094622808824,5.974302196905894,8.418374689108267,116.68218004772335,1.8602957309646184,COMPLETE
1897,0.10305,0.7108633622521567,7.489439152524652,7.451337432117496,65.42850617031253,2.1102891532478085,COMPLETE
1898,0.087,0.5091252758002535,4.933362998330481,4.730916168079807,5.6878068615007775,0.7306953052604724,COMPLETE
1899,0.1362,0.8154300969148931,4.933362998330481,9.988586281068551,1476.1251734596226,0.5160982309544572,COMPLETE
1900,0.12365,0.48067822640152474,7.489439152524652,9.988586281068551,1476.1251734596226,0.012601100981936345,COMPLETE
1901,0.12375,0.8580724397793523,7.489439152524652,7.6634843809811,1476.1251734596226,4.792699168837896,COMPLETE
1902,0.0979,0.5248057759672277,7.103439545123103,7.781687460564348,0.061530195681195304,1.526275265602974,COMPLETE
1903,0.127,0.8297767987311109,7.489439152524652,9.988586281068551,1476.1251734596226,0.5985950343657075,COMPLETE
1904,0.06455,0.13036403914696262,7.489439152524652,1.0000874311382033,0.5321399998095077,36.82566946031046,COMPLETE
1905,0.07945,0.5237078912196759,7.489439152524652,3.4709986937730752,0.02058328949269307,0.5985950343657075,COMPLETE
1906,0.1019,0.6285199617725058,7.489439152524652,7.639970758565217,1.9411683121291674,0.7306953052604724,COMPLETE
1907,0.092,0.5518512046517972,7.489439152524652,3.4709986937730752,173.70690702677837,6.621895430058044,COMPLETE
