number,values_0,values_1,params_delta_deg,params_gamma,params_lambda1,params_lambda3,state
2668,0.07715,0.26182372737942106,7.489439152524652,1.2992706708708701,72.43361902630711,0.7306953052604724,COMPLETE
2669,0.0769,0.37466972808648225,7.339695485358947,1.4039906099480848,30.54779366423335,0.030595349341982422,COMPLETE
2670,0.11575,0.2626073664523628,1.3219717646844658,2.7187634325065777,117.01164712837071,20.09686457784381,COMPLETE
2671,0.10275,0.4611582936560456,1.1862559071945329,9.767312130896007,111.18850587297112,0.5985950343657075,COMPLETE
2672,0.09345,0.44107420399597,3.3764870868418666,8.418374689108267,0.022872403443138362,6.713314632633543,COMPLETE
2673,0.0817,0.42585064258387495,3.8346380845705017,1.1278472195740186,1476.1251734596226,4.792699168837896,COMPLETE
2674,0.06485,0.19973518635599447,7.489439152524652,1.2992706708708701,0.022872403443138362,0.5985950343657075,COMPLETE
2675,0.08645,0.3519621925196574,4.731537041347984,4.101823977297871,0.04620160541994263,11.34645454198699,COMPLETE
2676,0.12905,0.82597071433655,7.339695485358947,7.451337432117496,359.71457230765833,0.5985950343657075,COMPLETE
2677,0.07095,0.17858327305960617,7.321806062638004,1.2126459563343854,0.48160356426463263,0.5985950343657075,COMPLETE
2678,0.1047,0.6840310767585963,7.339695485358947,5.196045314781185,111.18850587297112,1.526275265602974,COMPLETE
2679,0.0881,0.3744832371731249,7.398979747077997,3.0156649020845308,0.061530195681195304,0.5985950343657075,COMPLETE
2680,0.10505,0.6871794521852598,7.339695485358947,7.451337432117496,65.42850617031253,2.1102891532478085,COMPLETE
2681,0.06915,0.25531096519964286,7.398979747077997,1.775957688444912,0.061530195681195304,0.5985950343657075,COMPLETE
2682,0.0632,0.13145227318989833,7.489439152524652,1.0259078466407172,0.034009512597071676,4.792699168837896,COMPLETE
2683,0.0709,0.1750218242221926,7.339695485358947,1.1679739768270172,0.4111694316312813,11.34645454198699,COMPLETE
2684,0.11335,0.7663505555924937,7.489439152524652,4.101823977297871,359.71457230765833,0.5985950343657075,COMPLETE
2685,0.1148,0.7752061918345226,7.489439152524652,8.418374689108267,116.68218004772335,1.8602957309646184,COMPLETE
2686,0.0959,0.5856118276145956,7.398979747077997,6.921747883569932,2.4792588435669867,7.7168930647658405,COMPLETE
2687,0.09465,0.13213467194690096,1.0908915990907735,1.352537980384261,4.6216117253800055,1.526275265602974,COMPLETE
2688,0.0774,0.37058575899144763,7.489439152524652,3.0638630129150126,0.061530195681195304,48.90955468432314,COMPLETE
2689,0.07505,0.19554280205955013,7.489439152524652,1.0995680175971454,24.687993700004206,0.2944924768920615,COMPLETE
2690,0.1376,0.65483452269103,3.0209407597308395,9.988586281068551,1476.1251734596226,75.83402605796871,COMPLETE
2691,0.09345,0.4445078048398572,7.489439152524652,4.101823977297871,1.3691441633906023,0.5985950343657075,COMPLETE
2692,0.12865,0.7932564828072732,6.812644630608508,9.988586281068551,1476.1251734596226,0.5985950343657075,COMPLETE
2693,0.07335,0.5416191737096219,7.398979747077997,3.286986734204973,0.061530195681195304,0.5985950343657075,COMPLETE
2694,0.1215,0.7763972140538211,7.0737485364795,4.101823977297871,1476.1251734596226,0.5985950343657075,COMPLETE
2695,0.0766,0.3032917278946331,7.339695485358947,3.1486620010526893,2.4792588435669867,17.887697277262166,COMPLETE
2696,0.06925,0.2048899865578563,7.489439152524652,1.2992706708708701,0.022872403443138362,0.2944924768920615,COMPLETE
2697,0.0765,0.4038036619339525,7.489439152524652,3.0638630129150126,14.25186533096253,2.1102891532478085,COMPLETE
2698,0.1001,0.6355566217114847,7.489439152524652,2.7187634325065777,560.4775189597802,0.7306953052604724,COMPLETE
2699,0.07855,0.3855729948605316,7.489439152524652,2.195218904889921,0.029416276127674536,0.2944924768920615,COMPLETE
2700,0.12885,0.650016408071585,2.177574855564659,9.988586281068551,1476.1251734596226,4.792699168837896,COMPLETE
2701,0.1111,0.6897166331319695,7.339695485358947,5.8081057233180955,359.71457230765833,13.737135040054913,COMPLETE
2702,0.0892,0.48918040736239415,7.489439152524652,1.1815935685680892,1575.9369216711668,0.5985950343657075,COMPLETE
2703,0.08325,0.32204959579508374,7.339695485358947,1.1679739768270172,30.54779366423335,0.030595349341982422,COMPLETE
2704,0.07485,0.32558845345861354,7.489439152524652,2.7187634325065777,0.022872403443138362,0.5985950343657075,COMPLETE
2705,0.0755,0.4966360492038068,7.339695485358947,3.271979231933756,0.5529959922862323,0.7306953052604724,COMPLETE
2706,0.1341,0.46531027444989614,7.398979747077997,9.988586281068551,1476.1251734596226,0.01769111876020265,COMPLETE
2707,0.08935,0.5027475695084432,7.489439152524652,9.988586281068551,2.5486502690575117,11.34645454198699,COMPLETE
2708,0.0929,0.606005329346486,7.339695485358947,7.451337432117496,0.4111694316312813,1.526275265602974,COMPLETE
2709,0.0803,0.31451845715448995,7.489439152524652,2.195218904889921,2.4792588435669867,0.9117374699328749,COMPLETE
2710,0.0985,0.6305162596407031,7.489439152524652,2.2978430190710335,353.64407521246267,0.20061871013406685,COMPLETE
2711,0.1001,0.6707149236101367,7.339695485358947,3.0638630129150126,359.71457230765833,0.5985950343657075,COMPLETE
2712,0.1254,0.6745734383045052,2.2834170732309036,9.988586281068551,420.67948327766373,4.792699168837896,COMPLETE
2713,0.093,0.596132834268973,7.339695485358947,3.1109816593785697,2.4792588435669867,0.030595349341982422,COMPLETE
2714,0.08735,0.32326216470765573,3.4483903725233542,1.471232449326015,226.5883984084263,49.07830804768536,COMPLETE
2715,0.065,0.191076583783239,7.489439152524652,1.2992706708708701,0.0698786668933296,1.796919112531267,COMPLETE
2716,0.0997,0.659489122690457,7.489439152524652,8.418374689108267,5.302665100168709,0.5780656811102108,COMPLETE
2717,0.0788,0.5450266565317237,7.489439152524652,1.4165901695979262,1476.1251734596226,4.792699168837896,COMPLETE
2718,0.10365,0.6089245745013622,7.339695485358947,7.451337432117496,0.4111694316312813,0.670664108362958,COMPLETE
2719,0.0833,0.4326414337805726,4.817070373059405,5.061348409319827,0.5529959922862323,2.1102891532478085,COMPLETE
2720,0.12525,0.8172749015639139,6.812644630608508,8.331825231931314,1476.1251734596226,25.9309591510853,COMPLETE
2721,0.10485,0.6269504753108462,4.124936974976226,7.456062583319383,359.71457230765833,29.5184845851765,COMPLETE
2722,0.05665,0.24822127841485972,7.489439152524652,1.2992706708708701,0.022872403443138362,0.13391944103899936,COMPLETE
2723,0.07535,0.45111936734652297,7.398979747077997,3.0156649020845308,0.061530195681195304,0.5985950343657075,COMPLETE
2724,0.1006,0.6374313648679072,7.489439152524652,7.639970758565217,4.6216117253800055,1.3798903960453108,COMPLETE
2725,0.06895,0.1730838451194636,6.8435536313626235,1.1679739768270172,2.4792588435669867,0.5985950343657075,COMPLETE
2726,0.10335,0.702625737819654,7.489439152524652,8.418374689108267,24.687993700004206,2.1102891532478085,COMPLETE
2727,0.09465,0.4778689443797495,7.489439152524652,4.390239464358789,0.49503102506507474,0.5985950343657075,COMPLETE
2728,0.13585,0.8138398869289777,7.489439152524652,9.988586281068551,1476.1251734596226,0.3069842875322579,COMPLETE
2729,0.1032,0.584787211391721,4.497731497306128,3.0156649020845308,560.4775189597802,0.7306953052604724,COMPLETE
2730,0.1061,0.6998786187834477,7.489439152524652,9.031223997823972,117.01164712837071,8.50771624997185,COMPLETE
2731,0.09475,0.35412116899469126,4.238801201294959,3.1109816593785697,30.54779366423335,18.438888797892503,COMPLETE
2732,0.108,0.5416235152017044,7.489439152524652,1.9687417548891268,1476.1251734596226,0.17234883973664716,COMPLETE
2733,0.07645,0.17652953149026138,2.867360768376005,1.2992706708708701,0.9441518393688032,0.13391944103899936,COMPLETE
2734,0.0911,0.4308026551623462,2.050881093114105,7.639970758565217,0.5785647476977375,4.440421220736968,COMPLETE
2735,0.0773,0.5230108137110753,7.398979747077997,1.775957688444912,359.71457230765833,0.9117374699328749,COMPLETE
2736,0.0622,0.1963820987681912,7.489439152524652,1.2992706708708701,0.022872403443138362,0.7461243588001792,COMPLETE
2737,0.115,0.7901829099227088,7.489439152524652,4.390239464358789,903.991167774609,0.7306953052604724,COMPLETE
2738,0.1334,0.691567058289011,7.321806062638004,9.988586281068551,359.71457230765833,0.07810117449110304,COMPLETE
2739,0.1257,0.452859036891689,1.4673188595301851,9.767312130896007,153.2860257697558,0.7306953052604724,COMPLETE
2740,0.1217,0.8138716733664504,7.489439152524652,9.988586281068551,359.71457230765833,4.792699168837896,COMPLETE
2741,0.08405,0.232782528718921,7.489439152524652,1.2992706708708701,41.52459059467772,0.5985950343657075,COMPLETE
2742,0.08535,0.10809413910663272,0.14403844936055166,1.1679739768270172,2.4792588435669867,0.2944924768920615,COMPLETE
2743,0.1064,0.5990100618063157,2.5410203752027125,7.451337432117496,111.18850587297112,0.5985950343657075,COMPLETE
2744,0.1063,0.6594599386231395,7.489439152524652,4.747344866952802,359.71457230765833,13.737135040054913,COMPLETE
2745,0.14,0.823183909321114,7.489439152524652,9.988586281068551,1476.1251734596226,0.7433164688123308,COMPLETE
2746,0.11265,0.28811393456941276,1.5580192958224186,7.451337432117496,0.022872403443138362,1.1166054580267695,COMPLETE
2747,0.09915,0.5065931989783993,2.748865542250531,7.639970758565217,0.061530195681195304,0.8361517573581612,COMPLETE
2748,0.0864,0.45239750268263623,5.939625134717797,1.775957688444912,359.71457230765833,1.1166054580267695,COMPLETE
2749,0.1003,0.6048066851177658,7.489439152524652,2.172642741850989,560.4775189597802,0.7306953052604724,COMPLETE
2750,0.09955,0.3555357539973599,1.5800187244682347,7.451337432117496,0.4111694316312813,11.34645454198699,COMPLETE
2751,0.11135,0.5006502681906637,3.4470453001307275,7.451337432117496,0.013564606311359794,0.5985950343657075,COMPLETE
2752,0.10295,0.30600605618873017,0.1730304788412924,9.183384849842483,0.022872403443138362,4.792699168837896,COMPLETE
2753,0.09785,0.6738329886166942,7.339695485358947,5.8081057233180955,30.54779366423335,1.0864194972631505,COMPLETE
2754,0.13055,0.6667513017807886,7.321806062638004,7.451337432117496,1623.712957856449,0.035930743764958056,COMPLETE
2755,0.131,0.8377269848850989,7.489439152524652,9.988586281068551,359.71457230765833,0.5985950343657075,COMPLETE
2756,0.0721,0.49148402779392725,7.398979747077997,3.0156649020845308,0.4111694316312813,0.5985950343657075,COMPLETE
2757,0.1102,0.28292378947003466,1.4156377110038225,3.0638630129150126,111.18850587297112,13.737135040054913,COMPLETE
2758,0.08595,0.35313009662106026,7.339695485358947,1.2992706708708701,359.71457230765833,1.0864194972631505,COMPLETE
2759,0.07695,0.37771630470438744,7.489439152524652,3.0638630129150126,3.5214521659170854,1.526275265602974,COMPLETE
2760,0.10365,0.7493890067982812,7.489439152524652,8.418374689108267,65.42850617031253,2.1102891532478085,COMPLETE
2761,0.1412,0.8179746272963077,4.9422546555165185,9.988586281068551,1476.1251734596226,4.792699168837896,COMPLETE
2762,0.09775,0.46331942866462805,7.489439152524652,1.2992706708708701,1476.1251734596226,1.4974390582352017,COMPLETE
2763,0.13605,0.6653577769555905,7.489439152524652,7.639970758565217,359.71457230765833,0.07122195836518193,COMPLETE
2764,0.12065,0.5145979048442841,7.489439152524652,7.451337432117496,111.18850587297112,0.014076374941330768,COMPLETE
2765,0.1005,0.6281002284525141,7.489439152524652,9.931782975583873,4.6216117253800055,0.5985950343657075,COMPLETE
2766,0.08695,0.45677148008181456,7.339695485358947,2.5085832154617,116.68218004772335,1.8602957309646184,COMPLETE
2767,0.12885,0.8260043391753157,4.902025208583916,9.933529862520766,1476.1251734596226,4.792699168837896,COMPLETE
2768,0.1039,0.7456609427684403,7.489439152524652,9.988586281068551,62.608033476744694,1.526275265602974,COMPLETE
2769,0.10245,0.6224296563898579,7.489439152524652,2.195218904889921,1476.1251734596226,0.2944924768920615,COMPLETE
2770,0.12555,0.7302328938097219,2.9158002720479916,9.988586281068551,689.0430841109318,1.2199892149407623,COMPLETE
2771,0.10795,0.4413625388766569,1.993580176577981,7.639970758565217,96.46248962899779,19.20380884499028,COMPLETE
2772,0.13455,0.8836498394921766,7.489439152524652,9.988586281068551,1476.1251734596226,13.737135040054913,COMPLETE
2773,0.098,0.6255978299556106,7.489439152524652,8.418374689108267,0.029684434838745204,2.1102891532478085,COMPLETE
2774,0.135,0.8699914097036533,7.489439152524652,9.767312130896007,3387.048555027306,13.737135040054913,COMPLETE
2775,0.06865,0.1783746153549944,7.489439152524652,1.2992706708708701,1.1623015004251676,0.5985950343657075,COMPLETE
2776,0.11215,0.7451870156443883,7.489439152524652,9.988586281068551,117.01164712837071,4.792699168837896,COMPLETE
2777,0.12625,0.8460593805858733,7.339695485358947,7.475735782875168,359.71457230765833,0.5985950343657075,COMPLETE
2778,0.1147,0.6960673956769063,5.053312300156048,9.988586281068551,111.18850587297112,1.0107008069873842,COMPLETE
2779,0.10355,0.6617842697660308,6.812644630608508,2.37561135351188,1476.1251734596226,4.792699168837896,COMPLETE
2780,0.08575,0.38157810669388187,7.321806062638004,3.0638630129150126,0.45863143291839165,0.5985950343657075,COMPLETE
2781,0.0971,0.5897200094642856,7.489439152524652,8.418374689108267,0.5529959922862323,0.7306953052604724,COMPLETE
2782,0.1199,0.8149045426987842,7.489439152524652,5.8081057233180955,359.71457230765833,1.0864194972631505,COMPLETE
2783,0.1112,0.4428626643797118,2.971362084281863,3.1058706182197895,0.014975620784181872,0.06806446170126322,COMPLETE
2784,0.07965,0.5248095889438685,7.489439152524652,5.5900682653624765,0.4111694316312813,4.792699168837896,COMPLETE
2785,0.11915,0.8189907668386807,7.489439152524652,9.767312130896007,117.01164712837071,0.5985950343657075,COMPLETE
2786,0.1019,0.6049867576234046,7.489439152524652,8.418374689108267,24.687993700004206,2.1102891532478085,COMPLETE
2787,0.11255,0.6392225932377277,7.489439152524652,6.841503767896842,0.48160356426463263,0.010901617205966291,COMPLETE
2788,0.10775,0.7222267335845247,7.489439152524652,9.988586281068551,61.128832411058866,1.526275265602974,COMPLETE
2789,0.10435,0.6337844523635963,7.489439152524652,5.061348409319827,1.0648986935911966,0.08991020054804502,COMPLETE
2790,0.1427,0.8230716999020035,7.321806062638004,9.988586281068551,1476.1251734596226,0.6121247339074257,COMPLETE
2791,0.12335,0.6625077748642887,3.4049882335013466,5.21869827371815,460.6386290353462,0.05343257983071711,COMPLETE
2792,0.10945,0.675650807917561,7.339695485358947,8.418374689108267,0.5529959922862323,0.5985950343657075,COMPLETE
2793,0.11215,0.7304259569964311,4.924879462111701,7.639970758565217,153.2860257697558,0.7306953052604724,COMPLETE
2794,0.0666,0.17836354308644806,7.489439152524652,1.2992706708708701,0.022872403443138362,12.836943672174316,COMPLETE
2795,0.07695,0.5251874463752066,7.398979747077997,3.0156649020845308,61.128832411058866,0.5985950343657075,COMPLETE
2796,0.10885,0.6490990601403446,7.489439152524652,8.418374689108267,61.128832411058866,0.5985950343657075,COMPLETE
2797,0.0978,0.5339509934691421,6.066959815939184,6.7315064140270495,0.5529959922862323,0.5985950343657075,COMPLETE
2798,0.0629,0.1538171626368025,7.489439152524652,1.1032227710679692,2.508374643230767,4.792699168837896,COMPLETE
2799,0.11965,0.6756791260135593,2.5959673700539696,9.988586281068551,359.71457230765833,1.526275265602974,COMPLETE
2800,0.0835,0.5213427542045859,7.398979747077997,3.0156649020845308,61.128832411058866,0.5985950343657075,COMPLETE
2801,0.08745,0.28408836956778416,7.489439152524652,3.036887573554832,0.4111694316312813,4.792699168837896,COMPLETE
2802,0.1096,0.6438039783834945,7.489439152524652,9.988586281068551,0.35357688448377816,0.2944924768920615,COMPLETE
2803,0.1141,0.8135415667128097,7.489439152524652,4.864045119989859,359.71457230765833,0.9117374699328749,COMPLETE
2804,0.1006,0.6019859124276327,7.321806062638004,3.0638630129150126,359.71457230765833,13.737135040054913,COMPLETE
2805,0.0642,0.2557769523915045,7.321806062638004,1.0340435745788543,0.19102953712547566,0.012784201976318259,COMPLETE
2806,0.09565,0.5616961147920609,7.489439152524652,7.639970758565217,0.4111694316312813,4.792699168837896,COMPLETE
2807,0.1005,0.3363945478972598,0.42629040377282534,9.988586281068551,55.527059981048104,4.792699168837896,COMPLETE
2808,0.0753,0.37568560440781723,7.321806062638004,3.0638630129150126,0.061530195681195304,0.5985950343657075,COMPLETE
2809,0.1065,0.7290021413579069,7.339695485358947,7.451337432117496,111.18850587297112,0.6666211743683983,COMPLETE
2810,0.1008,0.6212269555801397,7.339695485358947,3.1109816593785697,359.71457230765833,11.34645454198699,COMPLETE
2811,0.14165,0.8274624088579907,7.321806062638004,9.988586281068551,1476.1251734596226,0.5985950343657075,COMPLETE
2812,0.11955,0.6333644946930778,7.339695485358947,7.741264874327694,0.37954965241659677,0.01482682328837317,COMPLETE
2813,0.10595,0.4562521076578735,0.7879178414960608,8.640690301012873,359.71457230765833,13.737135040054913,COMPLETE
2814,0.1158,0.7691832313595883,7.489439152524652,9.988586281068551,359.71457230765833,96.0170269451217,COMPLETE
2815,0.13905,0.8576928455399188,7.489439152524652,9.988586281068551,1476.1251734596226,4.792699168837896,COMPLETE
2816,0.087,0.5979344126385722,7.339695485358947,5.061348409319827,4.6216117253800055,0.7306953052604724,COMPLETE
2817,0.08365,0.12521974082153672,0.3615884091267516,1.3236785105736883,0.061530195681195304,4.792699168837896,COMPLETE
2818,0.10845,0.6513452975271797,7.489439152524652,3.0638630129150126,1158.4750578183189,13.737135040054913,COMPLETE
2819,0.09005,0.5236868633778011,3.077275222658127,4.101823977297871,279.16080574096725,4.792699168837896,COMPLETE
2820,0.1338,0.8477109808308616,7.398979747077997,7.613140022557079,4430.88556067848,0.4057956875634091,COMPLETE
2821,0.10355,0.6040056624188377,6.262374220716184,7.639970758565217,0.061530195681195304,0.7306953052604724,COMPLETE
2822,0.06335,0.15386960833402372,7.489439152524652,1.0000874311382033,0.061530195681195304,0.5985950343657075,COMPLETE
2823,0.09945,0.5701553271322085,7.489439152524652,9.988586281068551,0.4111694316312813,1.526275265602974,COMPLETE
2824,0.0626,0.19896442995450128,7.339695485358947,1.2992706708708701,0.5529959922862323,0.7306953052604724,COMPLETE
2825,0.12235,0.8303074077278562,7.339695485358947,8.418374689108267,153.2860257697558,0.7306953052604724,COMPLETE
2826,0.08585,0.5014676738301113,7.489439152524652,1.4005311995661764,1575.9369216711668,2.1102891532478085,COMPLETE
2827,0.0907,0.40675639964850113,7.398979747077997,3.0156649020845308,61.128832411058866,70.75111589850609,COMPLETE
2828,0.1116,0.763332528083086,7.489439152524652,9.988586281068551,112.323925330586,1.526275265602974,COMPLETE
2829,0.06505,0.197635296073132,7.339695485358947,1.2992706708708701,0.5529959922862323,0.7306953052604724,COMPLETE
2830,0.13435,0.875775448079036,6.7371965815491315,9.988586281068551,1476.1251734596226,4.792699168837896,COMPLETE
2831,0.0745,0.25158616448981114,2.530664271297527,1.0340435745788543,30.54779366423335,0.019894925294143585,COMPLETE
2832,0.09595,0.5541242705283617,7.339695485358947,5.061348409319827,5.005334715257803,0.7306953052604724,COMPLETE
2833,0.1333,0.8698693269345369,7.489439152524652,9.988586281068551,401.44371298998794,1.526275265602974,COMPLETE
2834,0.0898,0.6280559232850452,7.489439152524652,5.8081057233180955,0.0250089703982017,0.5985950343657075,COMPLETE
2835,0.0995,0.1088901053915745,1.3874158046173477,1.0340435745788543,30.54779366423335,1.283481107063079,COMPLETE
2836,0.0883,0.15530338902338311,1.6016290997521891,1.2992706708708701,0.022872403443138362,0.13391944103899936,COMPLETE
2837,0.09445,0.5413969759372734,7.0433419163274165,9.988586281068551,0.061530195681195304,0.5985950343657075,COMPLETE
2838,0.0704,0.4302720560791456,7.321806062638004,3.0638630129150126,0.19065284922136766,0.5985950343657075,COMPLETE
2839,0.12425,0.5335518256258314,2.081092567451275,9.933529862520766,153.2860257697558,1.526275265602974,COMPLETE
2840,0.1129,0.7292341897725876,7.489439152524652,9.767312130896007,111.18850587297112,13.737135040054913,COMPLETE
2841,0.10455,0.22862659999178608,0.493362589456654,3.0156649020845308,0.4111694316312813,11.34645454198699,COMPLETE
2842,0.0835,0.5515186851981193,7.489439152524652,3.8459573496425885,0.022872403443138362,0.5985950343657075,COMPLETE
2843,0.1239,0.6295286046548701,7.339695485358947,5.8081057233180955,359.71457230765833,0.03412518537064501,COMPLETE
2844,0.10375,0.6727080159267611,6.342579216765849,8.418374689108267,0.022872403443138362,0.13391944103899936,COMPLETE
2845,0.11705,0.8180530594282479,7.489439152524652,7.639970758565217,140.74541086952067,0.7306953052604724,COMPLETE
2846,0.0939,0.5258412835721,6.704460779184793,1.6696540373976054,1272.2493307585592,4.792699168837896,COMPLETE
2847,0.08395,0.428284410918926,7.339695485358947,1.017949891489174,4496.006201408127,0.030595349341982422,COMPLETE
2848,0.1179,0.6315690912759451,6.6676685081133655,9.988586281068551,4.185045220762494,0.12196242711887223,COMPLETE
2849,0.1075,0.6147338961624144,7.489439152524652,3.0638630129150126,61.128832411058866,0.13264217085995422,COMPLETE
2850,0.0817,0.49279113040013417,7.489439152524652,4.101823977297871,19.119565686030754,1.526275265602974,COMPLETE
2851,0.11355,0.7994672609516738,7.489439152524652,8.418374689108267,116.68218004772335,2.1102891532478085,COMPLETE
2852,0.0722,0.2788136036699104,7.339695485358947,1.1679739768270172,2.4792588435669867,0.030595349341982422,COMPLETE
2853,0.11805,0.5048029260141706,2.443046480095686,3.0638630129150126,1476.1251734596226,16.70787107454304,COMPLETE
2854,0.1017,0.6773832998124222,7.489439152524652,5.022322216522533,359.71457230765833,13.737135040054913,COMPLETE
2855,0.0647,0.26071484642514015,7.398979747077997,1.775957688444912,0.061530195681195304,0.5985950343657075,COMPLETE
2856,0.08125,0.5265991735429273,7.489439152524652,9.988586281068551,2.8291571995866174,12.664923375139988,COMPLETE
2857,0.08185,0.5458775635212872,7.321806062638004,3.0638630129150126,61.128832411058866,0.5985950343657075,COMPLETE
