number,values_0,values_1,params_lambda1,params_lambda3,state
578,0.0,0.07357461741495934,35.47682689474354,0.00312957710125764,COMPLETE
579,0.0,0.07932280109144484,220.60285971787573,0.0014738685970448167,COMPLETE
580,0.0,0.07266855438899131,0.025189659395424606,2.4740094434044044,COMPLETE
581,0.0,0.07417528176959629,0.580399340151654,5.81001017714935,COMPLETE
582,0.0,0.07508598299827594,7.31218759243587,15.431686540059452,COMPLETE
583,0.0,0.07883359304451233,167.24127039872647,0.00042671146486399135,COMPLETE
584,0.0,0.07936268294378139,196.02583932191874,0.010528410131563913,COMPLETE
585,0.0,0.07391575886047204,18.57840640336667,0.04792533973172856,COMPLETE
586,0.0,0.0769067158803549,167.24127039872647,0.039651414025382255,COMPLETE
587,0.0,0.06890718176957747,9.317489872128832,0.001241169674480661,COMPLETE
588,0.0,0.07554501552750392,167.24127039872647,0.007124313496212463,COMPLETE
589,0.0,0.07284621186785477,0.08652816544014609,4.4635387154771085,COMPLETE
590,0.0,0.07821265489951257,184.21461953351857,0.002291512878983546,COMPLETE
591,0.0,0.0726880187703728,0.12105353684193652,0.7461446496765494,COMPLETE
592,0.0,0.07285774026554574,0.12044623279195489,0.025892489532927592,COMPLETE
593,0.0,0.0731984958217332,0.4144940956161352,4.55771202645977,COMPLETE
594,0.0,0.07661316222902727,69.40461799282947,15.891084702034782,COMPLETE
595,0.0,0.07673016983768516,75.14881493630534,0.000150103627513798,COMPLETE
596,0.0,0.07241241253532996,0.24084783188691805,0.0007931509793746966,COMPLETE
597,0.0,0.07666699864101104,0.0330919579762574,15.160394231581604,COMPLETE
598,0.0,0.07502705233846756,5089.327378218713,13.77386597342457,COMPLETE
599,0.0,0.07789884238819822,49.76220198678533,0.45154141244360013,COMPLETE
600,0.0,0.07210047450244636,809.1791309266355,0.0022813939542548544,COMPLETE
601,0.0,0.07253772554950245,15.050441459527626,0.4925704587555795,COMPLETE
602,0.0,0.07239926778011137,6.7957439302216,0.06947385590905122,COMPLETE
603,0.0,0.07553493545041032,0.3310822846208828,5.008151497105732,COMPLETE
604,0.0,0.07217533579018638,9.147049207900803,0.00036615818123349176,COMPLETE
605,0.0,0.0776049826666431,6.95680348476113,0.22128292970734784,COMPLETE
606,0.0,0.07102504290648308,49.76220198678533,0.6281973192600224,COMPLETE
607,0.0,0.07207415887145634,167.24127039872647,0.6281973192600224,COMPLETE
608,0.0,0.07108914466514016,0.2679999906586071,0.039651414025382255,COMPLETE
609,0.0,0.07321381886646273,1467.4327493819774,0.008294838049557695,COMPLETE
610,0.0,0.07641335865104357,80.95186073504887,0.0008378380939376386,COMPLETE
611,0.0,0.07181227387496324,6069.558954662461,30.308385219585638,COMPLETE
612,0.0,0.0766662972895786,0.07267773635821335,5.81001017714935,COMPLETE
613,0.0,0.07608853336295512,0.06666467141572965,0.0006012512852308534,COMPLETE
614,0.0,0.075120625076683,299.4490433750406,5.29848767930193,COMPLETE
615,0.0,0.07338347381926981,167.24127039872647,74.84817887359782,COMPLETE
616,0.0,0.07030563525113107,0.011844121892968885,0.00013378533348421906,COMPLETE
617,0.0,0.07559084766750934,35.47682689474354,1.2591405275416963,COMPLETE
618,0.0,0.07286507105429164,0.025189659395424606,13.77386597342457,COMPLETE
619,0.0,0.07434804321311966,4763.409993444312,0.3813400368757065,COMPLETE
620,0.0,0.06920590985080761,0.3941335565553852,13.77386597342457,COMPLETE
621,0.0,0.07147615676715305,0.7653159744866129,0.00038209527001711765,COMPLETE
622,0.0,0.0708195256090271,809.1791309266355,26.920095371712883,COMPLETE
623,0.0,0.0744492679261013,119.14195762968077,5.81001017714935,COMPLETE
624,0.0,0.07507113859805983,220.60285971787573,2.045898265369766,COMPLETE
625,0.0,0.07236105662916079,167.24127039872647,0.039651414025382255,COMPLETE
626,0.0,0.07746762068194073,0.14175848225886795,0.00011193203876288128,COMPLETE
627,0.0,0.07359427558787601,0.06557686138208707,0.11752918535931775,COMPLETE
628,0.0,0.07715500925727525,20.89104007698036,0.015017532020814798,COMPLETE
629,0.0,0.068419066587105,108.78930679992598,13.77386597342457,COMPLETE
630,0.0,0.07010680820701805,2.513088868843732,0.0007127702803752188,COMPLETE
631,0.0,0.07160461147234651,2525.2992654679647,0.10438088951559393,COMPLETE
632,0.0,0.07148837103342255,0.06141826512380258,0.05603577653421476,COMPLETE
633,0.0,0.07142550900261259,167.24127039872647,0.0016489162923333195,COMPLETE
634,0.0,0.07820670683639638,2525.2992654679647,0.5516980332329515,COMPLETE
635,0.0,0.07868568112555763,0.14175848225886795,0.039651414025382255,COMPLETE
636,0.0,0.07862672803052353,0.22231011439950768,0.09036604817238222,COMPLETE
637,0.0,0.06974129180929592,793.3320480548138,0.039651414025382255,COMPLETE
638,0.0,0.0715933294204957,167.24127039872647,10.453212287923165,COMPLETE
639,0.0,0.07491838866716223,2525.2992654679647,0.1375665660731773,COMPLETE
640,0.0,0.0673632685995895,0.06916666777775164,0.0009398078607324112,COMPLETE
641,0.0,0.07304726559098665,167.24127039872647,0.06170046976955652,COMPLETE
642,0.0,0.0650527544225844,3050.16102429147,0.00029431618735470535,COMPLETE
643,0.0,0.06865661781154052,0.9981607215680962,3.8146020726280327,COMPLETE
644,0.0,0.07683006338872943,1149.3874079539773,0.28557412444415503,COMPLETE
645,0.0,0.07532110036318546,75.14881493630534,26.6888691429558,COMPLETE
646,0.0,0.06889581351150413,0.022773114604820902,2.3845596106901836,COMPLETE
647,0.0,0.06918959174765489,75.14881493630534,0.00012997086527976253,COMPLETE
648,0.0,0.06550544347686517,2525.2992654679647,18.32872047999978,COMPLETE
649,0.0,0.06943361304383523,1.788771727043712,25.808597868084817,COMPLETE
650,0.0,0.06484143962812984,8560.31554451431,0.00012592751719335123,COMPLETE
651,0.0,0.08142989103563059,83.79414807568077,0.002291512878983546,COMPLETE
652,0.0,0.07038234810572415,0.016932227447119284,3.075489222694306,COMPLETE
653,0.0,0.07399187557017271,0.025189659395424606,0.28557412444415503,COMPLETE
654,0.0,0.07855897492585032,6069.558954662461,0.28557412444415503,COMPLETE
655,0.0,0.07553746554763807,0.17369425909871997,84.64096463261632,COMPLETE
656,0.0,0.07152802793308072,1968.6518826092015,16.7638641425908,COMPLETE
657,0.0,0.07827342142257124,49.76220198678533,5.81001017714935,COMPLETE
658,0.0,0.08505457976991161,6052.7332849440345,0.039651414025382255,COMPLETE
659,0.0,0.07153164746384873,23.06233326753261,0.00016152266266911835,COMPLETE
660,0.0,0.07925013254592898,66.1703207716816,11.691352589497638,COMPLETE
661,0.0,0.07865514024207193,106.68558183512441,13.77386597342457,COMPLETE
662,0.0,0.07038937692338819,0.20543294725749078,0.007987577931521262,COMPLETE
663,0.0,0.07894663412779329,0.025189659395424606,13.77386597342457,COMPLETE
664,0.0,0.07789600903627762,0.14175848225886795,0.0759108046024337,COMPLETE
665,0.0,0.07721832637812548,83.79414807568077,3.8177073956067247,COMPLETE
666,0.0,0.076962769074634,167.24127039872647,0.06170046976955652,COMPLETE
667,0.0,0.07079700940829417,49.76220198678533,0.28557412444415503,COMPLETE
668,0.0,0.07902015739848005,2347.8461096310175,0.031146996657644494,COMPLETE
669,0.0,0.07504141093035412,4.430082918170048,0.0005832424532688668,COMPLETE
670,0.0,0.07177513711167967,0.22231011439950768,0.0022813939542548544,COMPLETE
671,0.0,0.07791257438583879,6052.7332849440345,0.003459839659092992,COMPLETE
672,0.0,0.073848532850787,261.7533139866355,0.00036615818123349176,COMPLETE
673,0.0,0.0768862206645822,3.067934974535214,0.28557412444415503,COMPLETE
674,0.0,0.06488854983153344,10.573611243206757,0.0001738166240940198,COMPLETE
675,0.0,0.07565898151952319,1556.6697638593907,0.45154141244360013,COMPLETE
676,0.0,0.07716261566512182,2.188869806258716,0.14339751439715884,COMPLETE
677,0.0,0.07518462350723405,0.24600728103118724,0.06366252213016296,COMPLETE
678,0.0,0.07270533413788667,6052.7332849440345,0.018787873005525653,COMPLETE
679,0.0,0.07592027962154167,2525.2992654679647,0.25414234163888555,COMPLETE
680,0.0,0.06814891510060313,2736.7323530981757,4.617608344400843,COMPLETE
681,0.0,0.06576986545874254,35.04670414572725,0.10176321955244197,COMPLETE
682,0.0,0.07384994378169954,71.13082827825205,0.1375665660731773,COMPLETE
683,0.0,0.07876780509957534,220.60285971787573,0.00036615818123349176,COMPLETE
684,0.0,0.07573360623625075,2525.2992654679647,0.19011965889026627,COMPLETE
685,0.0,0.07346364926774601,86.73121762236234,0.039651414025382255,COMPLETE
686,0.0,0.07245237669849253,1.012978155454366,0.001241169674480661,COMPLETE
687,0.0,0.07913827487976081,0.37835444707511245,60.86827902589712,COMPLETE
688,0.0,0.07582071650449505,0.36538846007642306,0.246086964619435,COMPLETE
689,0.0,0.0725883135190385,9.317489872128832,0.00038209527001711765,COMPLETE
690,0.0,0.06877667482148289,0.3849487672945202,0.0005653744953579247,COMPLETE
691,0.0,0.07965486705675899,6.932890529918169,0.03769840166519537,COMPLETE
692,0.0,0.06942873469417533,3812.336015701714,0.252901262000926,COMPLETE
693,0.0,0.06934620013613328,0.015151804710512185,5.81001017714935,COMPLETE
694,0.0,0.07322187037640347,83.79414807568077,0.021515075412782022,COMPLETE
695,0.0,0.08034670285009378,2285.837527693552,0.28557412444415503,COMPLETE
696,0.0,0.07743416123760762,167.24127039872647,0.28557412444415503,COMPLETE
697,0.0,0.06339537938461809,1926.4467915976136,0.00042671146486399135,COMPLETE
698,0.0,0.07580473254653289,49.76220198678533,0.06170046976955652,COMPLETE
699,0.0,0.07389594965817509,35.225847383212496,16.996932612751504,COMPLETE
700,0.0,0.0819867528616961,35.04670414572725,0.1081928938117169,COMPLETE
701,0.0,0.07217357507785226,0.053764898836118145,0.039651414025382255,COMPLETE
702,0.0,0.07265536345849109,0.03950398797599863,0.28557412444415503,COMPLETE
703,0.0,0.0744343764423874,4.397843032120151,0.10667191386385064,COMPLETE
704,0.0,0.07245079787730081,1.57160021648791,0.00028918310203356794,COMPLETE
705,0.0,0.07103726991175659,1.619076095553801,0.228992437690869,COMPLETE
706,0.0,0.07028118723097442,1.619076095553801,0.01525603081625146,COMPLETE
707,0.0,0.07162736009614563,0.3516050211706216,2.5570797421306017,COMPLETE
708,0.0,0.07592930947893646,0.24600728103118724,0.06366252213016296,COMPLETE
709,0.0,0.07150140816725284,119.22932507618822,35.59776568161978,COMPLETE
710,0.0,0.06833572307003197,167.24127039872647,0.06170046976955652,COMPLETE
711,0.0,0.0738610783726237,0.03128304494219716,3.313490712768472,COMPLETE
712,0.0,0.07341110084513573,0.12105353684193652,0.22128292970734784,COMPLETE
713,0.0,0.07108620408091731,117.05196016058338,0.00024151582464324164,COMPLETE
714,0.0,0.07367989789520875,35.04670414572725,0.00042671146486399135,COMPLETE
715,0.0,0.07423486417603874,36.78477688104872,0.01594473982231935,COMPLETE
716,0.0,0.07201819894960457,0.025189659395424606,6.014073691931505,COMPLETE
717,0.0,0.07807012876745585,167.24127039872647,0.001480331803171042,COMPLETE
718,0.0,0.07372116931236068,8.282372783333221,0.03695831132856545,COMPLETE
719,0.0,0.07653323443108302,5524.381921177935,0.1187529111548742,COMPLETE
720,0.0,0.07835749365862796,549.682990466669,0.06170046976955652,COMPLETE
721,0.0,0.07749465447067581,75.14881493630534,5.81001017714935,COMPLETE
722,0.0,0.07790512172962422,809.1791309266355,5.81001017714935,COMPLETE
723,0.0,0.07444856630007637,11.480758722097308,0.00036615818123349176,COMPLETE
724,0.0,0.07682371009772379,49.76220198678533,0.45154141244360013,COMPLETE
725,0.0,0.0678078641200584,0.025189659395424606,13.77386597342457,COMPLETE
726,0.0,0.0737271532720384,5.71118598827415,0.003502738314890997,COMPLETE
727,0.0,0.07003723630499464,0.7679709605903873,42.48569229524401,COMPLETE
728,0.0,0.07205815915315496,0.14175848225886795,0.28557412444415503,COMPLETE
729,0.0,0.0771878591121514,1158.0346450550162,0.0049516141397945865,COMPLETE
730,0.0,0.07273694945366989,3.6670946760424137,0.0018966271892898918,COMPLETE
731,0.0,0.06997672932988616,0.02109591451880567,0.0006451458463397347,COMPLETE
732,0.0,0.07697830982409516,10.918893211020205,0.002291512878983546,COMPLETE
733,0.0,0.07088449454035477,6069.558954662461,0.039651414025382255,COMPLETE
734,0.0,0.07418608813350512,0.7423345913694233,0.06170046976955652,COMPLETE
735,0.0,0.07669557058596149,0.08281643911206539,0.00014555149601394541,COMPLETE
736,0.0,0.07697789928758624,0.07888212325636586,15.92638480030336,COMPLETE
737,0.0,0.0715438492983189,1.428242835824286,7.546270889213978,COMPLETE
738,0.0,0.07120920479356459,308.0135782587059,0.05285542284566203,COMPLETE
739,0.0,0.07219267763217521,0.30464135207892173,13.77386597342457,COMPLETE
740,0.0,0.0752244511409052,0.08512008141562076,0.00036615818123349176,COMPLETE
741,0.0,0.07062051588395352,174.0721964693598,0.05667618682987612,COMPLETE
742,0.0,0.07217607412992942,0.19868201090792947,17.82011756665377,COMPLETE
743,0.0,0.07647602158581362,0.10974114189439124,0.20595935528948386,COMPLETE
744,0.0,0.06822228514349896,167.24127039872647,0.3813400368757065,COMPLETE
745,0.0,0.07391608685469646,0.14630933857627246,0.06316767610516598,COMPLETE
746,0.0,0.07360338415666655,0.12105353684193652,1.8075314236291609,COMPLETE
747,0.0,0.07702011165835558,293.00503863615825,0.06366252213016296,COMPLETE
748,0.0,0.06671297862520464,0.10910304396439338,7.366060960353894,COMPLETE
749,0.0,0.07520509652880265,0.1382757484584052,0.4432735911977367,COMPLETE
750,0.0,0.0782327267051038,83.79414807568077,0.0014738685970448167,COMPLETE
751,0.0,0.06618951170913158,83.79414807568077,0.002291512878983546,COMPLETE
752,0.0,0.06125972685386558,5448.561186740911,0.00042671146486399135,COMPLETE
753,0.0,0.07536500097925954,49.76220198678533,13.77386597342457,COMPLETE
754,0.0,0.07483723938854583,1220.2801149742284,0.0014738685970448167,COMPLETE
755,0.0,0.06962065043175852,8.374445627789884,0.5072446493442134,COMPLETE
756,0.0,0.07261386685278379,42.59666896397747,13.36328989542412,COMPLETE
757,0.0,0.07209498937200588,75.14881493630534,0.12075500767332897,COMPLETE
758,0.0,0.07158743885701879,0.7774265644032037,0.09062576130070342,COMPLETE
759,0.0,0.07384779618835285,0.14175848225886795,0.28557412444415503,COMPLETE
760,0.0,0.07265561269722931,66.1703207716816,0.002291512878983546,COMPLETE
761,0.0,0.06683331784090286,167.24127039872647,0.010986176274075,COMPLETE
762,0.0,0.07140584903119589,156.60422725706567,0.28557412444415503,COMPLETE
763,0.0,0.06936146122718738,823.263536149647,0.024952569463897133,COMPLETE
764,0.0,0.07406194049059876,49.76220198678533,0.45154141244360013,COMPLETE
765,0.0,0.0668430211676898,0.22231011439950768,0.0022813939542548544,COMPLETE
766,0.0,0.07587075489383696,83.79414807568077,0.007966954069022033,COMPLETE
767,0.0,0.07053893895644664,167.24127039872647,0.039651414025382255,COMPLETE
768,0.0,0.07687408911052115,18.439590040817382,0.039651414025382255,COMPLETE
769,0.0,0.07719750178688495,890.6176581661914,0.0022813939542548544,COMPLETE
770,0.0,0.072018090584036,37.93507304185759,5.81001017714935,COMPLETE
771,0.0,0.0676635183553561,156.60422725706567,0.28557412444415503,COMPLETE
772,0.0,0.07630398768847324,219.20027034917632,0.28557412444415503,COMPLETE
773,0.0,0.07568524202945294,0.025189659395424606,0.06170046976955652,COMPLETE
774,0.0,0.0761434097126194,809.1791309266355,0.015017532020814798,COMPLETE
775,0.0,0.0734246952246864,167.24127039872647,0.6281973192600224,COMPLETE
776,0.0,0.06990622114614545,1.3726550365042691,17.863974083530305,COMPLETE
777,0.0,0.07331827653396092,56.282011693977964,0.0008720926338412169,COMPLETE
778,0.0,0.07306268445761273,35.04670414572725,0.0016489162923333195,COMPLETE
779,0.0,0.07480468626744867,44.575830422300406,0.00042671146486399135,COMPLETE
780,0.0,0.06968361958780558,0.022345599795737154,0.0011551331657633096,COMPLETE
781,0.0,0.06993048380038609,49.76220198678533,0.45154141244360013,COMPLETE
782,0.0,0.07350108022329856,0.14175848225886795,0.28557412444415503,COMPLETE
783,0.0,0.07150725614407831,174.0721964693598,0.28557412444415503,COMPLETE
784,0.0,0.07071531727758992,163.14225938561827,0.28557412444415503,COMPLETE
785,0.0,0.07637104989116088,35.47682689474354,0.28557412444415503,COMPLETE
786,0.0,0.07681654339880782,127.44949109847147,0.22007848558706763,COMPLETE
787,0.0,0.07503645162271613,3080.8420062953896,0.039651414025382255,COMPLETE
788,0.0,0.07244226204934015,280.8107673548614,0.015017532020814798,COMPLETE
789,0.0,0.0725424666095219,0.14175848225886795,0.012556518066539712,COMPLETE
790,0.0,0.07178229887677397,174.0721964693598,0.011749942600397268,COMPLETE
791,0.0,0.06985382021767661,75.15909035627813,0.0005195680350189603,COMPLETE
792,0.0,0.08113077936307372,6069.558954662461,0.3813400368757065,COMPLETE
793,0.0,0.07709772405590104,6069.558954662461,0.039651414025382255,COMPLETE
794,0.0,0.0711130644887977,6052.7332849440345,0.003459839659092992,COMPLETE
795,0.0,0.06940012011771705,0.025189659395424606,13.77386597342457,COMPLETE
796,0.0,0.07095771957133866,196.35935867358916,0.0038925055964515354,COMPLETE
797,0.0,0.07662146761450062,70.97810601480623,0.00038342586422975293,COMPLETE
798,0.0,0.06986843091083354,2525.2992654679647,0.14640586561564514,COMPLETE
799,0.0,0.07566358982265278,0.0174565815676129,0.228992437690869,COMPLETE
800,0.0,0.07084152215936144,0.5974777217161396,0.28557412444415503,COMPLETE
801,0.0,0.0797082267888524,0.24084783188691805,0.00017197317282471628,COMPLETE
802,0.0,0.07313154774213416,0.2864222773165349,0.00042671146486399135,COMPLETE
803,0.0,0.07462019408093784,35.47682689474354,0.01465149618537543,COMPLETE
804,0.0,0.07297089872493676,21.166405237006778,0.3607997181643212,COMPLETE
805,0.0,0.07013532582537393,49.76220198678533,0.010701384242006623,COMPLETE
806,0.0,0.07144609221587998,5.3329710159204975,0.28557412444415503,COMPLETE
807,0.0,0.07088642556502321,1.428242835824286,0.0005206136477242506,COMPLETE
808,0.0,0.06847133942201074,5310.170470589113,0.001827514423917512,COMPLETE
809,0.0,0.07427659123810597,0.14175848225886795,0.28557412444415503,COMPLETE
810,0.0,0.07389654200501239,1180.870515294983,7.285169411778207,COMPLETE
811,0.0,0.0687036323859071,0.14175848225886795,20.55519383846721,COMPLETE
812,0.0,0.07475651067232583,167.24127039872647,0.28557412444415503,COMPLETE
813,0.0,0.07072364285344765,167.24127039872647,0.0016489162923333195,COMPLETE
814,0.0,0.07059462476757296,9.317489872128832,58.052463524526964,COMPLETE
815,0.0,0.07336076100911515,128.4804264312186,0.035199717458839354,COMPLETE
816,0.0,0.07291331873410493,0.28315978804315756,21.538062058751432,COMPLETE
817,0.0,0.0741395509683305,5.586390018785836,1.8081114763753101,COMPLETE
818,0.0,0.07560154927819109,0.24084783188691805,0.1375665660731773,COMPLETE
819,0.0,0.07511789724699895,0.05904078564115152,0.014162836745533047,COMPLETE
820,0.0,0.07565498322388914,7.372687633230843,0.015714376240160796,COMPLETE
821,0.0,0.07720566286981345,151.73052568903788,13.77386597342457,COMPLETE
822,0.0,0.07688854878608083,412.850043834549,0.03510268831536809,COMPLETE
823,0.0,0.07545837736372804,3.6670946760424137,0.005785523087513272,COMPLETE
824,0.0,0.06428903491063481,49.76220198678533,10.827362957557828,COMPLETE
825,0.0,0.07169339657111873,83.79414807568077,0.06366252213016296,COMPLETE
826,0.0,0.06409244836291955,66.1703207716816,14.533808746749312,COMPLETE
827,0.0,0.0741660763138226,5.268718441187036,6.106667672251887,COMPLETE
828,0.0,0.07935029428819557,75.14881493630534,0.02097212453161763,COMPLETE
829,0.0,0.07432120307033224,67.13680959750751,0.007987577931521262,COMPLETE
830,0.0,0.07757758495684736,20.063486078794337,0.28557412444415503,COMPLETE
831,0.0,0.07059376366496473,45.64793924067527,0.001327805767571179,COMPLETE
832,0.0,0.07161291803753199,3.6723923642182372,0.007987577931521262,COMPLETE
833,0.0,0.07382366229944934,0.24600728103118724,0.007987577931521262,COMPLETE
834,0.0,0.0762919520864777,5.024965497480352,0.28557412444415503,COMPLETE
835,0.0,0.07370987844813574,0.025189659395424606,0.06782537535861251,COMPLETE
836,0.0,0.07392705010520026,0.14175848225886795,0.0016489162923333195,COMPLETE
837,0.0,0.08119488284821218,0.10277618330591617,0.039651414025382255,COMPLETE
838,0.0,0.07086758131041765,75.70429023490335,0.002291512878983546,COMPLETE
839,0.0,0.07162257477762946,0.8823013413581969,69.00311433450617,COMPLETE
840,0.0,0.07299018530440807,0.01332868702280203,0.228992437690869,COMPLETE
841,0.0,0.0695909991680372,0.13084382920823207,0.28557412444415503,COMPLETE
842,0.0,0.07330085198314852,167.24127039872647,0.0009748839138362955,COMPLETE
843,0.0,0.07596540912163004,0.14175848225886795,0.06170046976955652,COMPLETE
844,0.0,0.07694466436280233,167.24127039872647,0.00033718002739131705,COMPLETE
845,0.0,0.07425752524777272,2.4583013565061225,0.013746151636977531,COMPLETE
846,0.0,0.06866450105217901,167.24127039872647,0.012538492530897406,COMPLETE
847,0.0,0.07411576126337709,167.24127039872647,0.28557412444415503,COMPLETE
848,0.0,0.07899866576994885,0.14175848225886795,0.0008928680946945661,COMPLETE
849,0.0,0.07619232257595945,0.4674142353893547,0.11155732258404696,COMPLETE
850,0.0,0.07309940074208193,0.23196510507055135,0.45154141244360013,COMPLETE
851,0.0,0.06762998649189933,775.5181864386515,0.0011759784344266562,COMPLETE
852,0.0,0.0805497075053742,660.5434295982576,18.14285799453667,COMPLETE
853,0.0,0.07579452943946623,0.06666467141572965,1.3034517186876087,COMPLETE
854,0.0,0.07958478771134901,6052.7332849440345,0.28557412444415503,COMPLETE
855,0.0,0.07291105647976732,1717.4522083309253,0.6281973192600224,COMPLETE
856,0.0,0.07118427445279948,0.5717299063176834,0.45154141244360013,COMPLETE
857,0.0,0.07556712683486418,156.54937560969765,0.002291512878983546,COMPLETE
858,0.0,0.07223668070610893,19.461009398167974,0.010528410131563913,COMPLETE
859,0.0,0.07574829390785286,809.1791309266355,57.53285040284861,COMPLETE
860,0.0,0.07638219982145075,0.03293032455862141,0.007987577931521262,COMPLETE
861,0.0,0.06824410133450765,11.797541095064886,0.00045027288761273417,COMPLETE
862,0.0,0.07371737975456154,65.31647490407448,0.0016489162923333195,COMPLETE
863,0.0,0.07596888709120835,0.3674057102752768,0.039651414025382255,COMPLETE
864,0.0,0.07497567964151564,198.1972016082905,86.3953686011671,COMPLETE
865,0.0,0.06619470165164049,4692.470700971367,0.00143723706119762,COMPLETE
866,0.0,0.07487332080498318,4.456661146044952,11.691352589497638,COMPLETE
