number,values_0,values_1,params_delta_deg,params_gamma,params_lambda1,params_lambda3,state
3998,0.12275,0.8718643730479565,7.489439152524652,9.988586281068551,359.71457230765833,2.6571735969650154,COMPLETE
3999,0.1086,0.6815619598374664,5.334411901674462,9.988586281068551,61.128832411058866,1.526275265602974,COMPLETE
4000,0.0977,0.5294619008393026,7.489439152524652,9.988586281068551,0.5503013998546388,4.792699168837896,COMPLETE
4001,0.0675,0.20281547634144903,6.195146408994803,1.2992706708708701,0.022872403443138362,0.3511017441773392,COMPLETE
4002,0.11465,0.7032691359525239,7.398979747077997,3.4325627425068186,1476.1251734596226,2.512249230842331,COMPLETE
4003,0.1058,0.6246787714496806,7.339695485358947,9.988586281068551,2.4792588435669867,0.17635413086589105,COMPLETE
4004,0.07515,0.25082826562867117,6.666959706638387,1.2658197321499356,61.128832411058866,2.1748962167872565,COMPLETE
4005,0.0965,0.6699401628149357,7.489439152524652,8.293957695503595,0.36861182620802174,1.3157650113770214,COMPLETE
4006,0.0661,0.23214881395994957,5.486041316220938,1.2992706708708701,0.022872403443138362,0.13391944103899936,COMPLETE
4007,0.11655,0.576735673798734,1.0797186386069455,8.418374689108267,1575.9369216711668,2.1102891532478085,COMPLETE
4008,0.1048,0.7701763608906502,7.489439152524652,7.639970758565217,153.2860257697558,2.1102891532478085,COMPLETE
4009,0.1081,0.7516762695089997,7.489439152524652,8.418374689108267,116.68218004772335,2.1102891532478085,COMPLETE
4010,0.1014,0.23692065910153856,5.443169702125653,1.0340435745788543,252.39718240234984,4.792699168837896,COMPLETE
4011,0.0869,0.5213877898056105,5.443169702125653,2.302846079941501,153.2860257697558,0.1168553131758214,COMPLETE
4012,0.09265,0.4914254976248368,7.489439152524652,7.451337432117496,0.5500728460063554,11.34645454198699,COMPLETE
4013,0.07665,0.3214186669531944,7.321806062638004,1.0340435745788543,230.56233449440467,0.5985950343657075,COMPLETE
4014,0.0814,0.441854575450269,5.443169702125653,1.1679739768270172,1476.1251734596226,0.0656116274534186,COMPLETE
4015,0.12385,0.5682521310097515,5.334411901674462,9.933529862520766,24.687993700004206,0.01054308220590327,COMPLETE
4016,0.1072,0.5093955801591694,5.5150049043702545,5.196045314781185,24.687993700004206,1.526275265602974,COMPLETE
4017,0.12215,0.7673888882516677,6.837458598103094,8.418374689108267,616.7255811545747,71.75859341164724,COMPLETE
4018,0.1311,0.49237156329915244,1.094079196715974,9.988586281068551,61.128832411058866,0.1771082082610977,COMPLETE
4019,0.07295,0.15382505625369242,7.321806062638004,1.1679739768270172,2.4792588435669867,3.274982143694478,COMPLETE
4020,0.07545,0.3342964414909887,7.489439152524652,1.2992706708708701,0.022872403443138362,0.03491319087197653,COMPLETE
4021,0.13545,0.6555929799851806,5.5150049043702545,9.988586281068551,560.4775189597802,0.07155839475826911,COMPLETE
4022,0.14215,0.7995394192219853,4.958349945655184,9.988586281068551,1688.3846346819648,12.146893267526337,COMPLETE
4023,0.0742,0.25251967918089996,7.489439152524652,1.1679739768270172,0.23758938006481906,0.030595349341982422,COMPLETE
4024,0.1205,0.6533233670727544,7.339695485358947,8.418374689108267,24.687993700004206,0.030595349341982422,COMPLETE
4025,0.08165,0.29573296474944905,7.489439152524652,2.195218904889921,2.4792588435669867,4.792699168837896,COMPLETE
4026,0.1133,0.802098133408399,7.339695485358947,7.639970758565217,153.2860257697558,0.7306953052604724,COMPLETE
4027,0.06695,0.15527476706137758,6.8435536313626235,1.0340435745788543,2.4792588435669867,44.76380938653201,COMPLETE
4028,0.12185,0.623958125048731,2.6872006999624354,3.0156649020845308,4728.909173460049,0.5985950343657075,COMPLETE
4029,0.0995,0.6085909317869346,7.489439152524652,6.365002384815614,6.48522403315561,1.3157650113770214,COMPLETE
4030,0.1045,0.6053370338334588,4.904814204839697,6.612639322764853,116.68218004772335,2.1102891532478085,COMPLETE
4031,0.1035,0.40886943161895584,5.443169702125653,1.24539777198406,1476.1251734596226,0.026350319485123643,COMPLETE
4032,0.1199,0.7069627440278878,7.398979747077997,2.496560168011563,1476.1251734596226,0.5985950343657075,COMPLETE
4033,0.135,0.6349685537796302,7.211246974011563,5.891459701938171,1476.1251734596226,0.030595349341982422,COMPLETE
4034,0.13475,0.8594122076326234,6.812644630608508,9.988586281068551,1476.1251734596226,4.792699168837896,COMPLETE
4035,0.1071,0.5899403833520637,7.489439152524652,8.418374689108267,4.6216117253800055,0.5985950343657075,COMPLETE
4036,0.11525,0.6643498834620748,3.8466501890144835,5.8081057233180955,359.71457230765833,1.0864194972631505,COMPLETE
4037,0.0889,0.5032074846138436,7.489439152524652,7.451337432117496,0.4111694316312813,11.34645454198699,COMPLETE
4038,0.0723,0.17164958933093968,7.211246974011563,1.1679739768270172,0.011064191135752277,14.869578267848198,COMPLETE
4039,0.0961,0.5102565197199672,7.489439152524652,8.183915625277336,0.019315069618518407,11.34645454198699,COMPLETE
4040,0.1283,0.8656153543074308,6.666959706638387,9.988586281068551,590.9546310171432,1.3157650113770214,COMPLETE
4041,0.0635,0.24927868756152735,7.489439152524652,1.0340435745788543,0.011064191135752277,0.030595349341982422,COMPLETE
4042,0.13245,0.8457130431336273,6.666959706638387,9.988586281068551,1476.1251734596226,12.146893267526337,COMPLETE
4043,0.08325,0.3907574553345345,7.489439152524652,1.6888369056785417,112.323925330586,1.526275265602974,COMPLETE
4044,0.12825,0.8192158414581292,6.2518440522617755,5.499894220821313,359.71457230765833,0.5985950343657075,COMPLETE
4045,0.12005,0.8046080692089399,7.339695485358947,7.639970758565217,153.2860257697558,0.6541366726600736,COMPLETE
4046,0.1072,0.6723516453235345,7.3586803300839,8.418374689108267,4.966856868366926,0.5985950343657075,COMPLETE
4047,0.0806,0.4327686757364853,7.489439152524652,2.308829916722589,61.128832411058866,0.5985950343657075,COMPLETE
4048,0.1046,0.401122334222912,4.10332840409089,7.639970758565217,0.5529959922862323,16.559323939411517,COMPLETE
4049,0.0746,0.4777729010294988,7.489439152524652,3.1109816593785697,30.54779366423335,1.8602957309646184,COMPLETE
4050,0.1281,0.6012040737053598,1.1899513467979101,9.988586281068551,479.74560939002293,0.5985950343657075,COMPLETE
4051,0.084,0.47440553189498724,3.398751503898883,4.0532560626047935,116.68218004772335,32.87500737249124,COMPLETE
4052,0.13675,0.7750720072570022,7.489439152524652,8.418374689108267,359.71457230765833,0.21968531133864339,COMPLETE
4053,0.14065,0.8495304641275614,5.681212768743905,9.988586281068551,1476.1251734596226,5.9903931671636705,COMPLETE
4054,0.11105,0.6060621625461127,4.206219828215984,6.612639322764853,0.5503013998546388,0.030595349341982422,COMPLETE
4055,0.1142,0.7593667728208321,7.489439152524652,8.418374689108267,116.68218004772335,1.8602957309646184,COMPLETE
4056,0.12175,0.8251970043880968,7.339695485358947,6.612639322764853,359.71457230765833,1.3157650113770214,COMPLETE
4057,0.10335,0.6662017236580927,7.398979747077997,8.418374689108267,0.08121228625684741,0.5985950343657075,COMPLETE
4058,0.08135,0.32475158482083394,7.489439152524652,3.0156649020845308,0.061530195681195304,13.737135040054913,COMPLETE
4059,0.11735,0.4760655083139418,7.489439152524652,8.418374689108267,111.18850587297112,0.011314759647217022,COMPLETE
4060,0.0907,0.43571023777520956,5.377240000246928,3.0638630129150126,0.05129870445202897,0.5985950343657075,COMPLETE
4061,0.11495,0.6416795073949185,7.321806062638004,1.7556294081886956,9521.417457574982,1.3964044847064154,COMPLETE
4062,0.09085,0.6088776195630577,7.339695485358947,8.418374689108267,0.019315069618518407,2.1102891532478085,COMPLETE
4063,0.0774,0.45329427347080153,7.489439152524652,3.8768507604565836,0.06851566634219772,2.1102891532478085,COMPLETE
4064,0.1152,0.3779931072659463,1.4023208738605266,9.988586281068551,46.03214307655448,4.792699168837896,COMPLETE
4065,0.1115,0.7472728054749835,6.666959706638387,9.988586281068551,112.323925330586,1.526275265602974,COMPLETE
4066,0.1186,0.7760548104833032,4.767258720824675,8.418374689108267,359.71457230765833,1.3157650113770214,COMPLETE
4067,0.13465,0.8485347742897466,5.5150049043702545,7.639970758565217,560.4775189597802,0.7306953052604724,COMPLETE
4068,0.1373,0.8839908160668463,7.489439152524652,9.988586281068551,1476.1251734596226,8.159665462650162,COMPLETE
4069,0.11445,0.7368019924795314,7.489439152524652,9.988586281068551,116.68218004772335,1.8602957309646184,COMPLETE
4070,0.0907,0.5563704468590444,7.339695485358947,8.418374689108267,0.1093849502069356,11.34645454198699,COMPLETE
4071,0.1202,0.779903407261607,6.0996431172391885,6.612639322764853,359.71457230765833,0.5985950343657075,COMPLETE
4072,0.0755,0.29593930585224554,7.211246974011563,1.3616098992729466,0.011064191135752277,0.030595349341982422,COMPLETE
4073,0.091,0.3569202576627374,3.7521301667946956,3.3647749937126834,0.5529959922862323,0.5985950343657075,COMPLETE
4074,0.06905,0.20648287806873117,5.443169702125653,1.2992706708708701,0.022872403443138362,0.12142440186859353,COMPLETE
4075,0.08765,0.5631220306302388,7.489439152524652,6.612639322764853,0.5503013998546388,1.3157650113770214,COMPLETE
4076,0.06925,0.155825099638986,6.8435536313626235,1.1679739768270172,2.4792588435669867,44.76380938653201,COMPLETE
4077,0.08675,0.5308767858185197,7.489439152524652,6.562630966178881,4.6216117253800055,1.526275265602974,COMPLETE
4078,0.11705,0.6825818894451335,7.489439152524652,9.988586281068551,0.022872403443138362,0.07899621808581027,COMPLETE
4079,0.103,0.6499213775313833,7.339695485358947,8.418374689108267,0.5529959922862323,0.7306953052604724,COMPLETE
4080,0.06285,0.22052241856002455,7.489439152524652,1.5671922109051235,0.04848658787884092,6.241730585813809,COMPLETE
4081,0.14495,0.774466797378882,7.489439152524652,9.988586281068551,1476.1251734596226,0.22614008525058216,COMPLETE
4082,0.12595,0.8788154166353616,7.489439152524652,9.988586281068551,359.71457230765833,1.526275265602974,COMPLETE
4083,0.1381,0.8995480721476604,7.339695485358947,9.988586281068551,1476.1251734596226,3.646616628444733,COMPLETE
4084,0.09175,0.6027930113808518,7.489439152524652,3.904042883930055,111.18850587297112,3.2759680404837037,COMPLETE
4085,0.09985,0.5710788469685013,7.339695485358947,3.0638630129150126,359.71457230765833,9.60805026190072,COMPLETE
4086,0.1001,0.5948483396573159,7.489439152524652,5.019569700247678,24.996309983301952,0.4282366778998934,COMPLETE
4087,0.1069,0.6777725728440883,7.489439152524652,3.708718239910925,359.71457230765833,2.1102891532478085,COMPLETE
4088,0.12385,0.8468745409936881,7.339695485358947,5.061348409319827,1575.9369216711668,2.1102891532478085,COMPLETE
4089,0.10715,0.6506620770490077,7.489439152524652,3.9426438381504405,359.71457230765833,1.526275265602974,COMPLETE
4090,0.0846,0.26897198523898225,7.489439152524652,2.442970698625684,0.884811444920261,2.1102891532478085,COMPLETE
4091,0.13445,0.7802520084141745,3.164452901184486,8.418374689108267,1575.9369216711668,2.1102891532478085,COMPLETE
4092,0.0675,0.13153297195618133,5.886738153941364,1.0074439566418998,0.06851566634219772,0.5985950343657075,COMPLETE
4093,0.1163,0.7310560506541288,7.489439152524652,4.30339131267895,1476.1251734596226,4.792699168837896,COMPLETE
4094,0.0632,0.15572491228855512,7.211246974011563,1.0340435745788543,0.48160356426463263,0.5985950343657075,COMPLETE
4095,0.10875,0.7000097816088166,7.489439152524652,3.0638630129150126,4535.404524002995,13.737135040054913,COMPLETE
4096,0.0998,0.7022388147437887,7.339695485358947,7.639970758565217,61.128832411058866,0.7306953052604724,COMPLETE
4097,0.05815,0.2737765910967275,7.339695485358947,1.1679739768270172,0.5529959922862323,0.030595349341982422,COMPLETE
4098,0.11635,0.6967001279284833,5.334411901674462,9.933529862520766,112.323925330586,1.526275265602974,COMPLETE
4099,0.09135,0.6008610800701414,7.339695485358947,9.988586281068551,30.54779366423335,11.34645454198699,COMPLETE
4100,0.10505,0.6835501253157977,6.666959706638387,9.988586281068551,78.55800629630411,12.146893267526337,COMPLETE
4101,0.0899,0.3563144813460213,6.8435536313626235,1.2289796021108341,370.1021721143823,44.76380938653201,COMPLETE
4102,0.10445,0.5538002730696912,5.533815608754815,8.418374689108267,4.6216117253800055,0.2944924768920615,COMPLETE
4103,0.14075,0.8791713912738663,7.489439152524652,9.988586281068551,1476.1251734596226,1.5759814376514747,COMPLETE
4104,0.1007,0.6310796465347698,7.0157230260865155,8.418374689108267,4.6216117253800055,0.5985950343657075,COMPLETE
4105,0.06475,0.25454194823015913,7.489439152524652,1.2992706708708701,0.8429250801800083,0.07899621808581027,COMPLETE
4106,0.13875,0.8992433854339759,6.666959706638387,9.32637057882669,4700.425920778292,1.526275265602974,COMPLETE
4107,0.10095,0.5951898478785012,7.489439152524652,9.988586281068551,0.3478803578473254,2.1102891532478085,COMPLETE
4108,0.11445,0.7958861724859522,7.489439152524652,9.933529862520766,116.68218004772335,1.526275265602974,COMPLETE
4109,0.11915,0.649873401886607,2.8517915673779632,9.988586281068551,359.71457230765833,4.792699168837896,COMPLETE
4110,0.109,0.6553979968459336,7.339695485358947,5.061348409319827,80.30567330187752,0.7306953052604724,COMPLETE
4111,0.1237,0.6485387957486961,7.211246974011563,8.418374689108267,0.011064191135752277,0.030595349341982422,COMPLETE
4112,0.08325,0.22866611286637786,1.301886401486803,2.195218904889921,0.022872403443138362,22.285299040084478,COMPLETE
4113,0.1195,0.7151081047241089,7.489439152524652,3.9891593112222776,1476.1251734596226,4.792699168837896,COMPLETE
4114,0.11075,0.7422445236857403,7.321806062638004,9.988586281068551,61.128832411058866,0.5985950343657075,COMPLETE
4115,0.0948,0.6736997061913066,7.398979747077997,9.095421595866291,0.06851566634219772,0.5985950343657075,COMPLETE
4116,0.11225,0.6588307165071134,7.339695485358947,9.988586281068551,1.0283682784189134,0.5985950343657075,COMPLETE
4117,0.11525,0.8266898177161524,7.339695485358947,6.612639322764853,302.10965445428485,1.3157650113770214,COMPLETE
4118,0.09855,0.6527167310790313,7.398979747077997,8.418374689108267,0.061530195681195304,0.5985950343657075,COMPLETE
4119,0.14125,0.855513112159369,7.489439152524652,8.418374689108267,1476.1251734596226,4.792699168837896,COMPLETE
4120,0.11805,0.8491221754362116,7.489439152524652,6.612639322764853,359.71457230765833,1.3157650113770214,COMPLETE
4121,0.06295,0.15212732511576496,7.321806062638004,1.0257539594264877,2.533862100348592,0.5985950343657075,COMPLETE
4122,0.0755,0.22727592015063788,7.489439152524652,1.2992706708708701,0.022872403443138362,0.13391944103899936,COMPLETE
4123,0.12415,0.8568066417471977,7.489439152524652,9.988586281068551,359.71457230765833,2.1102891532478085,COMPLETE
4124,0.1131,0.660394440725406,7.489439152524652,9.988586281068551,0.011064191135752277,0.17500054332479617,COMPLETE
4125,0.11115,0.6470953668412821,6.198024358313533,2.9137850473421762,1271.2410273984185,29.230049442050127,COMPLETE
4126,0.0778,0.45759143318142115,7.087441789960586,3.138414613389927,2.4792588435669867,0.2944924768920615,COMPLETE
4127,0.1281,0.8986503664563116,7.489439152524652,9.988586281068551,359.71457230765833,1.526275265602974,COMPLETE
4128,0.1089,0.725151531948043,5.5150049043702545,5.196045314781185,560.4775189597802,1.526275265602974,COMPLETE
4129,0.1137,0.7624336859662216,6.482688390253783,8.418374689108267,228.78036668781002,1.526275265602974,COMPLETE
4130,0.0754,0.31473502259982744,7.489439152524652,1.8516334955171563,30.54779366423335,11.34645454198699,COMPLETE
4131,0.08615,0.30432863032556196,3.1970299938012268,3.0156649020845308,0.061530195681195304,1.526275265602974,COMPLETE
4132,0.0923,0.5552603416178771,7.489439152524652,9.988586281068551,0.022872403443138362,4.792699168837896,COMPLETE
4133,0.09475,0.5465487225666438,7.489439152524652,9.988586281068551,1.0397327779927636,2.1102891532478085,COMPLETE
4134,0.1235,0.8615829293460749,7.339695485358947,8.418374689108267,359.71457230765833,1.0864194972631505,COMPLETE
4135,0.1089,0.6350427827848565,7.339695485358947,5.995109516971105,112.323925330586,11.34645454198699,COMPLETE
4136,0.10995,0.7469196288788587,7.321806062638004,3.0638630129150126,1756.57294922163,1.3157650113770214,COMPLETE
4137,0.1151,0.7658833240570209,7.339695485358947,6.612639322764853,153.2860257697558,0.7306953052604724,COMPLETE
4138,0.10675,0.7315969397465633,7.398979747077997,8.156259364040121,61.128832411058866,1.3157650113770214,COMPLETE
4139,0.07315,0.2539804744098019,3.9952459767122623,2.1877914615508542,0.017944270076093727,2.1102891532478085,COMPLETE
4140,0.1268,0.6833042767200025,4.685134037096488,5.8081057233180955,359.71457230765833,0.06587162151627121,COMPLETE
4141,0.11705,0.8021596121163737,7.489439152524652,8.418374689108267,197.47492288190898,2.1102891532478085,COMPLETE
4142,0.08665,0.48724731307604907,7.339695485358947,2.546422398973162,0.011064191135752277,0.030595349341982422,COMPLETE
4143,0.08315,0.333415254115187,7.339695485358947,1.3169776084126057,147.53541910370345,1.0864194972631505,COMPLETE
4144,0.1022,0.6818776687767879,7.339695485358947,7.639970758565217,65.42850617031253,1.8431344692916043,COMPLETE
4145,0.10025,0.5997955396174162,7.489439152524652,9.933529862520766,2.204262013403906,1.526275265602974,COMPLETE
4146,0.1163,0.5400267994666177,7.489439152524652,3.0638630129150126,359.71457230765833,0.030412575340196014,COMPLETE
4147,0.10655,0.7272832929279737,7.489439152524652,8.418374689108267,40.213803247737296,2.1102891532478085,COMPLETE
4148,0.0953,0.6268203279257354,7.489439152524652,4.400712860611925,88.62412231458536,2.1102891532478085,COMPLETE
4149,0.1175,0.825318414676376,7.489439152524652,6.933117354159528,359.71457230765833,2.1102891532478085,COMPLETE
4150,0.0732,0.5154663487284387,7.489439152524652,4.101823977297871,0.48160356426463263,2.1102891532478085,COMPLETE
4151,0.1172,0.7990948771825914,7.489439152524652,9.988586281068551,165.47168104519193,2.1102891532478085,COMPLETE
4152,0.11625,0.7072490322718439,6.6636600584018675,9.988586281068551,61.128832411058866,0.5985950343657075,COMPLETE
4153,0.06615,0.2250413425925389,7.211246974011563,1.1679739768270172,38.54466541648385,13.737135040054913,COMPLETE
4154,0.07225,0.4495542480846875,4.656141228145893,1.584538734964804,681.5070181547048,0.2786677620553648,COMPLETE
4155,0.09125,0.611518714750334,7.321806062638004,8.418374689108267,4.6216117253800055,1.3964044847064154,COMPLETE
4156,0.11195,0.762649345735907,7.489439152524652,7.639970758565217,153.2860257697558,2.1102891532478085,COMPLETE
4157,0.1278,0.8503987005283749,7.321806062638004,8.418374689108267,350.5608365155896,0.5985950343657075,COMPLETE
4158,0.09315,0.5107695747290799,7.321806062638004,8.418374689108267,4.6216117253800055,11.34645454198699,COMPLETE
4159,0.0792,0.24304757798198884,7.489439152524652,2.195218904889921,2.4792588435669867,2.1102891532478085,COMPLETE
4160,0.1399,0.8879676168812246,7.489439152524652,8.418374689108267,1575.9369216711668,2.1102891532478085,COMPLETE
4161,0.12905,0.9157359027852352,7.489439152524652,9.988586281068551,1476.1251734596226,4.792699168837896,COMPLETE
4162,0.10375,0.7050436287923516,7.489439152524652,9.988586281068551,61.128832411058866,11.240729841044264,COMPLETE
4163,0.1003,0.6234705329976944,7.489439152524652,5.429044110131324,0.06974820729578256,0.5985950343657075,COMPLETE
4164,0.09585,0.37135484752558356,3.073794544695431,3.0156649020845308,61.128832411058866,0.5985950343657075,COMPLETE
4165,0.10715,0.6479780748246049,7.489439152524652,2.6124030300920236,560.4775189597802,82.56390166293667,COMPLETE
4166,0.1059,0.6667041110119213,7.211246974011563,8.418374689108267,35.64829170468459,2.1102891532478085,COMPLETE
4167,0.09525,0.5736911933619591,7.339695485358947,9.988586281068551,0.5529959922862323,4.792699168837896,COMPLETE
4168,0.08795,0.44318336431735394,7.321806062638004,2.4903270435150375,0.05215327343365117,0.011047918467070959,COMPLETE
4169,0.09485,0.5242668888058459,5.443169702125653,6.4214424816905,15.958855392079654,1.010558986363453,COMPLETE
4170,0.0996,0.6510894166683558,7.321806062638004,9.988586281068551,4.6216117253800055,1.3964044847064154,COMPLETE
4171,0.11375,0.7571141458486742,7.187716182222083,4.101823977297871,359.71457230765833,0.5985950343657075,COMPLETE
4172,0.1025,0.6040719562002433,7.489439152524652,8.418374689108267,65.42850617031253,12.146893267526337,COMPLETE
4173,0.0875,0.3254627624871592,7.339695485358947,1.0718785570816134,359.71457230765833,1.0864194972631505,COMPLETE
4174,0.0948,0.5438153120127301,7.339695485358947,5.061348409319827,0.017944270076093727,0.7306953052604724,COMPLETE
4175,0.05695,0.20411343766861495,7.489439152524652,1.2948741755217106,0.04690218877866369,13.737135040054913,COMPLETE
4176,0.1172,0.7036503787641109,7.489439152524652,9.544700050167162,0.022872403443138362,0.13391944103899936,COMPLETE
4177,0.1015,0.61167304015858,7.489439152524652,5.8081057233180955,19.474989415590873,1.0864194972631505,COMPLETE
4178,0.08785,0.524829295708513,6.936599018806363,8.418374689108267,0.011064191135752277,6.7114668680041,COMPLETE
4179,0.1063,0.7495655257582686,7.339695485358947,7.639970758565217,19.21088284415663,0.7306953052604724,COMPLETE
4180,0.09415,0.5051667902513189,5.5150049043702545,5.196045314781185,0.061530195681195304,0.5985950343657075,COMPLETE
4181,0.06285,0.16005760743451763,6.960275968505406,1.1679739768270172,0.023537038487645184,2.1102891532478085,COMPLETE
4182,0.13175,0.8574769568413735,6.666959706638387,9.988586281068551,1688.3846346819648,12.146893267526337,COMPLETE
4183,0.1009,0.624227304565367,7.489439152524652,9.988586281068551,6.48522403315561,4.792699168837896,COMPLETE
4184,0.116,0.8255058611931032,7.489439152524652,8.418374689108267,359.71457230765833,2.1102891532478085,COMPLETE
4185,0.1289,0.8471059551853163,7.489155345926652,7.122156245639466,359.71457230765833,1.0864194972631505,COMPLETE
4186,0.1215,0.7262120047128809,5.5150049043702545,5.196045314781185,560.4775189597802,1.526275265602974,COMPLETE
4187,0.11115,0.5367133702179328,7.489439152524652,8.418374689108267,116.68218004772335,0.013136347182026616,COMPLETE
