number,values_0,values_1,params_delta_deg,params_gamma,params_lambda1,params_lambda2,params_lambda3,params_lambda4,state
2509,0.12605,0.7397674816551274,2.7422607244531703,8.359124144204223,3090.9457533461396,0.047570004104159534,0.04082369646290137,1.9897264125379086e-06,COMPLETE
2510,0.09135,0.5295848157303096,4.958426658725357,6.875144787901625,2.2526238626393873,0.06857317261521613,3.6008094906658137,5.432263014140687e-13,COMPLETE
2511,0.06835,0.5009214978925398,4.797597292147365,6.875144787901625,1.8442663426239594,4.006173959705789,59.2437895529571,4.331365543927414e-05,COMPLETE
2512,0.0568,0.44223570742499807,4.958426658725357,2.2991799521485987,0.016767417635497637,110.16646134717259,0.04082369646290137,1.7411112824373338e-14,COMPLETE
2513,0.0637,0.246214227201335,0.3572696257305704,8.359124144204223,0.4634053899763641,225.62764661917254,0.04082369646290137,1.9897264125379086e-06,COMPLETE
2514,0.06635,0.2810733010785456,1.1111087185031905,1.7519510271087413,1.8442663426239594,0.004569612957571183,1.1961286443235215,1.621364679176634e-08,COMPLETE
2515,0.0684,0.4523587224506641,4.958426658725357,2.6338329439397503,208.22607295194175,17.34276214204177,3.6008094906658137,3.787929895519139e-07,COMPLETE
2516,0.08715,0.5601491748691277,7.491453905458799,6.875144787901625,0.016767417635497637,0.06857317261521613,0.01777158201797886,3.787929895519139e-07,COMPLETE
2517,0.07525,0.4735145067026327,7.491453905458799,1.0726049388472807,123.52077947060401,0.06857317261521613,5.192615578479196,5.521087576123659e-10,COMPLETE
2518,0.0811,0.5037825775806984,5.719667260978259,3.1788912454430323,0.016767417635497637,110.16646134717259,0.01777158201797886,9.787752692175531e-12,COMPLETE
2519,0.0731,0.6751781859474758,7.051402036894628,8.359124144204223,0.4634053899763641,186.9306125540257,0.49106969850296894,5.9810847326736e-12,COMPLETE
2520,0.06125,0.3515128001516348,5.989976616159035,1.3526137167003873,12.412723646412944,107.59872434463156,0.2608972678830195,1.621364679176634e-08,COMPLETE
2521,0.068,0.44515759927014703,4.3548083271808515,2.0463493192035402,41.57788880624946,546.754814234046,3.6008094906658137,1.1310960640646056e-13,COMPLETE
2522,0.1033,0.7277095135573015,7.491453905458799,6.875144787901625,123.52077947060401,0.4878712301792302,0.11060646004395691,5.521087576123659e-10,COMPLETE
2523,0.05275,0.3001139407226118,5.686980021608849,1.0726049388472807,0.4634053899763641,3.858204027730059,0.010117774078155787,3.0092675819548274e-09,COMPLETE
2524,0.0612,0.40246236961802895,7.051402036894628,2.2991799521485987,1.8442663426239594,0.2597705011520648,0.10099540503906966,3.407169759582504e-13,COMPLETE
2525,0.05085,0.3128184945531704,4.3548083271808515,1.6092656442597049,1487.5599508352939,107.59872434463156,34.574222073764446,3.649569116806477e-06,COMPLETE
2526,0.10385,0.7046492661783222,4.3548083271808515,5.137873631182713,4639.80587983527,0.009707433566872849,0.010490863545892863,3.2982399459980993e-09,COMPLETE
2527,0.06255,0.3284797107536538,3.7523591558107,2.2991799521485987,0.016767417635497637,3.858204027730059,2.606433764399818,1.7411112824373338e-14,COMPLETE
2528,0.0958,0.761418054750504,7.051402036894628,6.875144787901625,123.52077947060401,0.06857317261521613,0.11060646004395691,1.6894010759859846e-13,COMPLETE
2529,0.0689,0.4220109814688639,4.958426658725357,3.3801923275388828,0.4634053899763641,0.3710234766141632,34.574222073764446,3.649569116806477e-06,COMPLETE
2530,0.052,0.3938545357107192,4.958426658725357,1.7519510271087413,0.4634053899763641,186.9306125540257,34.574222073764446,3.649569116806477e-06,COMPLETE
2531,0.06115,0.27650988064496584,3.7523591558107,1.0726049388472807,0.016767417635497637,546.754814234046,2.606433764399818,1.7411112824373338e-14,COMPLETE
2532,0.0681,0.4257693344849516,4.958426658725357,2.096398272017691,0.016767417635497637,110.16646134717259,3.6008094906658137,3.787929895519139e-07,COMPLETE
2533,0.08515,0.6239647372574905,5.719667260978259,7.242098619980624,0.016767417635497637,110.16646134717259,4.499503716062725,3.649569116806477e-06,COMPLETE
2534,0.05655,0.4529409167959043,7.051402036894628,3.3801923275388828,123.52077947060401,2.0518583729409148,10.273745294589656,5.521087576123659e-10,COMPLETE
2535,0.05335,0.3957280168150186,0.9229811384677911,1.7519510271087413,1.8442663426239594,186.9306125540257,4.457777961468464,3.407169759582504e-13,COMPLETE
2536,0.06195,0.41905078831213016,3.7523591558107,2.2991799521485987,2.2526238626393873,0.022251791686510616,0.022631632535107176,1.7411112824373338e-14,COMPLETE
2537,0.09835,0.6161859716497697,5.439590829177734,9.890916012877245,0.6975592224319972,0.047570004104159534,0.01777158201797886,8.720647859508846e-11,COMPLETE
2538,0.05305,0.436142495594308,7.051402036894628,2.6147421166620104,0.014162338396506723,0.06857317261521613,0.11060646004395691,3.811801850956625e-07,COMPLETE
2539,0.0774,0.5561721646610198,4.958426658725357,8.359124144204223,0.4634053899763641,1.5630282565660134,3.6008094906658137,3.0541645143911065e-11,COMPLETE
2540,0.05105,0.280134079065597,6.351039989269435,1.3526137167003873,12.412723646412944,107.59872434463156,34.574222073764446,3.0541645143911065e-11,COMPLETE
2541,0.0887,0.8458355270936201,7.296565715563787,6.641926976422129,2661.553121751245,1.2594502646806938,17.543999742650467,8.720647859508846e-11,COMPLETE
2542,0.0892,0.8200535422628973,7.491453905458799,6.875144787901625,123.52077947060401,0.06857317261521613,0.3359486683616324,3.787929895519139e-07,COMPLETE
2543,0.0743,0.6396580820263763,7.296565715563787,6.641926976422129,2.2526238626393873,1.5630282565660134,3.6008094906658137,8.720647859508846e-11,COMPLETE
2544,0.1037,0.7378460611466316,7.051402036894628,6.875144787901625,208.22607295194175,0.1013397086496358,0.764092524644605,3.407169759582504e-13,COMPLETE
2545,0.0709,0.5948573342345607,6.943625321882633,9.890916012877245,0.07595263237405668,0.047570004104159534,0.764092524644605,3.407169759582504e-13,COMPLETE
2546,0.0715,0.623524258590772,7.051402036894628,6.875144787901625,0.12917339890254612,0.06857317261521613,0.11060646004395691,5.314026320276268e-08,COMPLETE
2547,0.0821,0.5220371922031177,6.943625321882633,6.875144787901625,12.412723646412944,1.5423316099856839,5.192615578479196,3.0092675819548274e-09,COMPLETE
2548,0.0937,0.6702177917562179,4.958426658725357,8.359124144204223,0.4634053899763641,107.59872434463156,3.6008094906658137,3.0541645143911065e-11,COMPLETE
2549,0.07765,0.5062992755245935,7.296565715563787,2.6338329439397503,0.6975592224319972,0.12480776742786713,0.01777158201797886,8.720647859508846e-11,COMPLETE
2550,0.04195,0.5192291232581034,7.051402036894628,6.875144787901625,0.07261268023359602,0.4878712301792302,8.213868348493142,8.564477591299451e-11,COMPLETE
2551,0.05925,0.23009253141605432,7.051402036894628,1.3526137167003873,1.8442663426239594,168.65252268697844,0.03240723646769398,3.649569116806477e-06,COMPLETE
2552,0.0671,0.33950250850584446,7.360501746833355,1.059583828855542,24.98960740347875,0.047570004104159534,0.764092524644605,3.407169759582504e-13,COMPLETE
2553,0.0699,0.6377623197891015,4.3548083271808515,6.875144787901625,123.52077947060401,107.59872434463156,34.574222073764446,3.649569116806477e-06,COMPLETE
2554,0.06235,0.46502308342917104,5.719667260978259,2.2991799521485987,0.016767417635497637,92.84741487145446,2.606433764399818,1.7411112824373338e-14,COMPLETE
2555,0.06085,0.349214630733294,5.686980021608849,2.5118580794078285,1.9562826277387932,3.858204027730059,59.2437895529571,2.1811143402963018e-10,COMPLETE
2556,0.143,0.761343289339008,5.686980021608849,9.598061554632594,3090.9457533461396,0.047570004104159534,59.2437895529571,4.92798538142331e-13,COMPLETE
2557,0.0589,0.38159265043695473,5.719667260978259,1.3526137167003873,0.016767417635497637,107.59872434463156,1.4561175770804262,4.778453072085284e-11,COMPLETE
2558,0.1053,0.6022048870697363,5.686980021608849,9.99701364496592,12.412723646412944,107.59872434463156,3.514094942581109,3.0541645143911065e-11,COMPLETE
2559,0.08525,0.5381545799299045,7.051402036894628,3.9944594338373487,208.22607295194175,168.65252268697844,0.49106969850296894,5.314026320276268e-08,COMPLETE
2560,0.07575,0.6310324146863616,4.958426658725357,6.875144787901625,123.52077947060401,186.9306125540257,0.11060646004395691,3.0541645143911065e-11,COMPLETE
2561,0.06365,0.26393486503594166,4.958426658725357,1.2997368745646833,0.014162338396506723,186.9306125540257,0.0247605531247782,5.432263014140687e-13,COMPLETE
2562,0.0864,0.6522269165990581,7.371731789186595,7.242098619980624,1.8278642465471888,186.9306125540257,34.574222073764446,3.649569116806477e-06,COMPLETE
2563,0.0876,0.6510153768295927,4.958426658725357,4.176640872899635,7843.277665583187,3.858204027730059,34.574222073764446,3.649569116806477e-06,COMPLETE
2564,0.09205,0.5934925938444636,3.7523591558107,6.641926976422129,0.6975592224319972,6.209925666335405,0.01777158201797886,8.720647859508846e-11,COMPLETE
2565,0.09705,0.41868558891232904,4.428718353181455,6.641926976422129,1.8442663426239594,168.65252268697844,0.01777158201797886,2.486694601805331e-14,COMPLETE
2566,0.0528,0.227290608354674,3.0455122299916,1.0726049388472807,0.07261268023359602,51.0531204742495,5.192615578479196,5.521087576123659e-10,COMPLETE
2567,0.08265,0.6127010359676025,4.958426658725357,8.359124144204223,208.22607295194175,1.5630282565660134,3.6008094906658137,3.787929895519139e-07,COMPLETE
2568,0.1254,0.7617290496183882,4.958426658725357,8.359124144204223,3090.9457533461396,1.5630282565660134,3.6008094906658137,3.407169759582504e-13,COMPLETE
2569,0.13125,0.7886967972785596,6.103623020551158,8.741900816624833,104.61067826393281,0.0023476880496874864,16.339346081764198,2.2563515925025537e-09,COMPLETE
2570,0.05105,0.39648568587077887,7.371731789186595,2.053940059368333,208.22607295194175,2.0518583729409148,17.543999742650467,1.371330060729319e-07,COMPLETE
2571,0.06895,0.3290725147090603,3.7523591558107,2.2991799521485987,0.016767417635497637,110.16646134717259,40.35120230236376,0.0006481388442909764,COMPLETE
2572,0.0749,0.47297306819650903,4.4347326620970735,2.2991799521485987,0.016767417635497637,110.16646134717259,3.6008094906658137,3.0541645143911065e-11,COMPLETE
2573,0.04865,0.3482635646780483,1.762990128968775,2.5118580794078285,1.8278642465471888,2.0518583729409148,17.543999742650467,1.9897264125379086e-06,COMPLETE
2574,0.10045,0.5042644514243623,2.7950132929509865,8.359124144204223,0.4634053899763641,1.5630282565660134,3.6008094906658137,3.787929895519139e-07,COMPLETE
2575,0.04565,0.20673331931772618,3.0455122299916,1.0726049388472807,0.11118838397050779,51.0531204742495,5.192615578479196,5.521087576123659e-10,COMPLETE
2576,0.08085,0.08114561741801747,1.3521311721397538,6.06530451707969,0.016767417635497637,0.047570004104159534,0.01777158201797886,0.00042459909148650165,COMPLETE
2577,0.0605,0.4708422508589251,7.371731789186595,3.3801923275388828,1.8278642465471888,4.006173959705789,9.862842498681294,3.407169759582504e-13,COMPLETE
2578,0.1009,0.48713099980592234,3.0455122299916,5.137873631182713,104.61067826393281,0.4878712301792302,0.010490863545892863,3.787929895519139e-07,COMPLETE
2579,0.07575,0.32054718900737866,3.0455122299916,1.8315467483249286,0.07261268023359602,51.0531204742495,5.192615578479196,2.7687173787250153e-12,COMPLETE
2580,0.06785,0.5594270027621912,7.046122538543055,8.359124144204223,0.07261268023359602,0.004569612957571183,1.1961286443235215,3.0092675819548274e-09,COMPLETE
2581,0.0499,0.22106236993396455,7.051402036894628,1.7519510271087413,1.8442663426239594,168.65252268697844,0.01777158201797886,8.564477591299451e-11,COMPLETE
2582,0.0781,0.29245276967899253,5.439590829177734,5.751620494688234,0.07261268023359602,0.047570004104159534,0.04082369646290137,3.649569116806477e-06,COMPLETE
2583,0.0634,0.2927136696094587,6.351039989269435,2.2991799521485987,0.016767417635497637,107.59872434463156,0.01777158201797886,9.787752692175531e-12,COMPLETE
2584,0.0675,0.4270916136343237,4.958426658725357,1.287967310686883,208.22607295194175,0.20602227227085262,3.6008094906658137,3.787929895519139e-07,COMPLETE
2585,0.06475,0.5414600558086887,6.943625321882633,8.203010629378308,0.07261268023359602,0.06857317261521613,14.732118064935978,2.2563515925025537e-09,COMPLETE
2586,0.09015,0.6256070613864647,2.150211811696961,8.359124144204223,3090.9457533461396,0.047570004104159534,3.6008094906658137,1.9897264125379086e-06,COMPLETE
2587,0.05875,0.37244593083923,7.296565715563787,2.1397985288651133,0.6975592224319972,51.0531204742495,17.454284608054106,8.720647859508846e-11,COMPLETE
2588,0.0866,0.8218023391049332,6.943625321882633,8.741900816624833,123.52077947060401,0.06857317261521613,0.11060646004395691,3.787929895519139e-07,COMPLETE
2589,0.0746,0.39147941010692106,4.858862412113417,2.6338329439397503,208.22607295194175,5.531839442585797,3.6008094906658137,3.787929895519139e-07,COMPLETE
2590,0.10025,0.8342148891109031,5.370158546673953,8.359124144204223,3090.9457533461396,0.047570004104159534,0.04082369646290137,1.4387547242059977e-14,COMPLETE
2591,0.0969,0.642292973519452,4.958426658725357,8.359124144204223,0.1784805460542277,20.349765732079003,3.6008094906658137,5.432263014140687e-13,COMPLETE
2592,0.0473,0.20519755150221053,3.0455122299916,1.0726049388472807,0.07261268023359602,51.0531204742495,5.192615578479196,8.564477591299451e-11,COMPLETE
2593,0.1172,0.8035845910737488,4.958426658725357,8.359124144204223,3090.9457533461396,0.047570004104159534,0.04082369646290137,5.521087576123659e-10,COMPLETE
2594,0.06845,0.3280599260649047,3.0455122299916,1.3526137167003873,12.412723646412944,107.59872434463156,1.4880238154159644,5.521087576123659e-10,COMPLETE
2595,0.0746,0.6025573228769888,5.439590829177734,9.890916012877245,0.03047621928455744,0.047570004104159534,0.04082369646290137,3.293139874626151e-07,COMPLETE
2596,0.1155,0.830836548857265,4.958426658725357,8.359124144204223,3090.9457533461396,0.047570004104159534,0.04082369646290137,1.9897264125379086e-06,COMPLETE
2597,0.0633,0.552658204568591,6.103623020551158,3.3801923275388828,104.61067826393281,240.25766182931878,80.46577679760097,3.649569116806477e-06,COMPLETE
2598,0.1082,0.8067139347468801,5.686980021608849,8.359124144204223,76.41602253805479,0.0031488762554708043,0.11938489912392375,5.432263014140687e-13,COMPLETE
2599,0.05755,0.18086458353933044,5.439590829177734,1.0726049388472807,12.412723646412944,0.41600491561230585,21.87895843512839,3.0541645143911065e-11,COMPLETE
2600,0.1084,0.7741932701990314,5.989976616159035,5.137873631182713,754.5833648446315,0.009707433566872849,0.010490863545892863,1.621364679176634e-08,COMPLETE
2601,0.07395,0.5018430281812674,3.065988105367907,2.0463493192035402,12.412723646412944,186.9306125540257,5.192615578479196,3.0092675819548274e-09,COMPLETE
2602,0.05825,0.3746304906377336,5.686980021608849,2.5118580794078285,0.1784805460542277,0.5362196401258538,59.2437895529571,1.9043961097477443e-12,COMPLETE
2603,0.0779,0.5241392824698828,4.958426658725357,8.359124144204223,0.1784805460542277,0.5362196401258538,3.6008094906658137,3.274454051898408e-09,COMPLETE
2604,0.0868,0.6847711869847545,7.296565715563787,6.875144787901625,123.52077947060401,0.12480776742786713,0.01777158201797886,3.787929895519139e-07,COMPLETE
2605,0.05145,0.20458522033446097,6.351039989269435,1.0726049388472807,12.412723646412944,4.006173959705789,0.764092524644605,3.407169759582504e-13,COMPLETE
2606,0.08465,0.6758348376101041,4.797597292147365,6.875144787901625,123.52077947060401,4.006173959705789,0.24772368464700628,3.787929895519139e-07,COMPLETE
2607,0.05205,0.18035098942835426,6.351039989269435,1.0726049388472807,12.412723646412944,107.59872434463156,34.574222073764446,3.0541645143911065e-11,COMPLETE
2608,0.0739,0.32188780661497696,1.5027771640346268,1.2997368745646833,0.4634053899763641,186.9306125540257,3.6008094906658137,3.0541645143911065e-11,COMPLETE
2609,0.1017,0.2714726616673413,5.686980021608849,6.875144787901625,7843.277665583187,3.858204027730059,0.01777158201797886,3.787929895519139e-07,COMPLETE
2610,0.0476,0.17951984957004796,3.7523591558107,1.1153057298594484,0.016767417635497637,0.10919125513752007,2.606433764399818,1.7411112824373338e-14,COMPLETE
2611,0.0947,0.7437832164163324,6.943625321882633,8.741900816624833,12.412723646412944,0.02673669420513316,34.574222073764446,3.0541645143911065e-11,COMPLETE
2612,0.0994,0.7932763377324896,6.019990742215804,7.8078637347278095,123.52077947060401,0.06857317261521613,0.11060646004395691,1.9043961097477443e-12,COMPLETE
2613,0.0815,0.4603460115120869,4.958426658725357,8.359124144204223,0.016767417635497637,186.9306125540257,0.01777158201797886,9.787752692175531e-12,COMPLETE
2614,0.0865,0.6008033161311879,4.3548083271808515,9.890916012877245,12.412723646412944,0.047570004104159534,3.6008094906658137,3.407169759582504e-13,COMPLETE
2615,0.10365,0.6669068947906296,4.3548083271808515,6.875144787901625,123.52077947060401,40.201098565491776,4.074747549791448,3.649569116806477e-06,COMPLETE
2616,0.08545,0.4971450583643785,4.335111916469993,8.33604695260721,0.1784805460542277,0.5362196401258538,3.6008094906658137,7.242135537625552e-11,COMPLETE
2617,0.08285,0.4511607573295768,2.8467952672042545,2.2991799521485987,266.140087076062,110.16646134717259,2.606433764399818,1.7411112824373338e-14,COMPLETE
2618,0.0763,0.6367109819072225,4.3548083271808515,8.359124144204223,123.52077947060401,186.9306125540257,3.6008094906658137,3.649569116806477e-06,COMPLETE
2619,0.0475,0.2274460530545311,4.958426658725357,1.0726049388472807,0.4634053899763641,186.9306125540257,34.574222073764446,3.0092675819548274e-09,COMPLETE
2620,0.0812,0.6534116918593288,4.958426658725357,7.242098619980624,0.4634053899763641,186.9306125540257,3.6008094906658137,3.649569116806477e-06,COMPLETE
2621,0.09895,0.5004150076534047,4.050574348074197,1.2997368745646833,448.36075040125576,0.004569612957571183,0.0247605531247782,3.0092675819548274e-09,COMPLETE
2622,0.06925,0.5531501336195084,7.371731789186595,7.242098619980624,0.018159146349092582,0.0024618877053878547,34.574222073764446,7.242135537625552e-11,COMPLETE
2623,0.053,0.2033732877490996,6.351039989269435,1.0726049388472807,12.412723646412944,107.59872434463156,34.574222073764446,3.0541645143911065e-11,COMPLETE
2624,0.0815,0.7642886389330951,5.989976616159035,8.33604695260721,2484.344497646969,5.054984284069897,11.478928737247317,7.242135537625552e-11,COMPLETE
2625,0.0704,0.5154944253224741,6.943625321882633,7.242098619980624,1.8278642465471888,546.754814234046,0.010117774078155787,3.0092675819548274e-09,COMPLETE
2626,0.0528,0.4733802442117403,6.943625321882633,3.352073087367006,0.07261268023359602,0.4878712301792302,8.213868348493142,8.564477591299451e-11,COMPLETE
2627,0.06565,0.5012234628991981,5.686980021608849,2.5118580794078285,1.9562826277387932,1.5630282565660134,0.09046066947332844,2.1811143402963018e-10,COMPLETE
2628,0.06395,0.40516416972899755,5.686980021608849,2.5118580794078285,1.9562826277387932,0.11324936913311362,2.606433764399818,1.7411112824373338e-14,COMPLETE
2629,0.05035,0.22811538668295248,5.198133364132188,1.0726049388472807,39.02887697762182,107.59872434463156,17.543999742650467,8.720647859508846e-11,COMPLETE
2630,0.0844,0.3155677385732583,6.450455064203237,6.875144787901625,208.22607295194175,59.76479584640182,0.04082369646290137,8.564477591299451e-11,COMPLETE
2631,0.1041,0.8055864470786127,4.958426658725357,9.969893668183122,3090.9457533461396,0.047570004104159534,0.04082369646290137,1.9897264125379086e-06,COMPLETE
2632,0.06525,0.4776480887632654,3.7523591558107,2.6338329439397503,208.22607295194175,110.16646134717259,3.6008094906658137,3.787929895519139e-07,COMPLETE
2633,0.09945,0.6510691072065954,4.335111916469993,7.187962625605451,2661.553121751245,1.2594502646806938,17.543999742650467,6.454873416460652e-10,COMPLETE
2634,0.0581,0.372639976480168,4.958426658725357,2.6338329439397503,1.8278642465471888,1.5630282565660134,34.574222073764446,3.787929895519139e-07,COMPLETE
2635,0.1092,0.7373449151935259,6.019990742215804,6.641926976422129,2661.553121751245,1.2594502646806938,61.463362677451244,8.720647859508846e-11,COMPLETE
2636,0.06295,0.45615582855222986,6.943625321882633,1.4453193994968958,55.578815250686034,0.08755680934938086,0.49106969850296894,3.407169759582504e-13,COMPLETE
2637,0.0832,0.5544563445026494,4.335111916469993,8.359124144204223,2.2526238626393873,1.5630282565660134,17.543999742650467,7.242135537625552e-11,COMPLETE
2638,0.07925,0.7176799212846231,6.943625321882633,8.741900816624833,0.5309079374877733,140.41024837987854,14.732118064935978,8.777550219471754e-09,COMPLETE
2639,0.06495,0.23164371098219644,4.3548083271808515,1.3526137167003873,12.412723646412944,1.2594502646806938,17.543999742650467,3.649569116806477e-06,COMPLETE
2640,0.10095,0.6109102769849432,6.943625321882633,2.6338329439397503,123.52077947060401,0.06857317261521613,14.732118064935978,2.2563515925025537e-09,COMPLETE
2641,0.06665,0.6940847238471833,7.296565715563787,6.641926976422129,12.412723646412944,107.59872434463156,34.574222073764446,8.720647859508846e-11,COMPLETE
2642,0.07,0.3290275048534481,4.958426658725357,6.875144787901625,2.2526238626393873,186.9306125540257,3.6008094906658137,0.0009837695555725847,COMPLETE
2643,0.06585,0.6704976372743294,7.296565715563787,6.641926976422129,0.07261268023359602,0.12480776742786713,0.01777158201797886,8.720647859508846e-11,COMPLETE
2644,0.1215,0.8133832153849756,7.081204838386449,8.359124144204223,3090.9457533461396,0.047570004104159534,0.04082369646290137,1.9897264125379086e-06,COMPLETE
2645,0.0691,0.462031347916581,2.8467952672042545,3.9944594338373487,3.539367738246999,0.4878712301792302,4.230818933588808,1.5335060532903536e-12,COMPLETE
2646,0.04745,0.3037002536422964,6.351039989269435,1.0726049388472807,133.7815809559583,0.5362196401258538,34.574222073764446,1.9043961097477443e-12,COMPLETE
2647,0.0749,0.4485363497322771,7.4520049817653335,2.2991799521485987,6171.857189849587,110.16646134717259,2.606433764399818,6.467957064068361e-06,COMPLETE
