number,values_0,values_1,params_delta_deg,params_gamma,params_lambda1,params_lambda2,params_lambda3,params_lambda4,state
0,0.0717,0.4566387887624206,4.865275576798517,2.068129262699274,0.013838605241580204,10.13342944592238,0.0247605531247782,1.4411310191528362e-14,COMPLETE
1,0.06875,0.302489790514708,6.9723083356448035,7.17211618019438,0.020393106282222583,0.002042036494987143,0.01040475471417699,2.577192200796009e-07,COMPLETE
2,0.04545,0.39714623128999055,5.686980021608849,2.5118580794078285,1.9562826277387932,3.858204027730059,59.2437895529571,2.1811143402963018e-10,COMPLETE
3,0.0507,0.06847137796105499,1.7387701998600082,1.5146155007856774,7.909260063592464,11.041415880742008,0.0102563780405892,4.1847497619207025e-05,COMPLETE
4,0.08355,0.31384586416055466,5.311584325799216,7.7810916339596,122.89461118334582,1.7010530376608834,0.011164497812863232,1.46355092508407e-09,COMPLETE
5,0.1044,0.6469620366352983,2.9625252062896905,7.089131202151849,5457.162941500747,0.3714179992992042,64.65197685190385,7.193768872281646e-06,COMPLETE
6,0.04465,0.29600492747498763,4.797597292147365,1.7519510271087413,1.8442663426239594,5.054984284069897,76.57127726580364,1.6894010759859846e-13,COMPLETE
7,0.07525,0.14406139829784173,6.943625321882633,1.278900300298122,0.27330711513507566,0.04789428503857981,0.8905073895997795,0.00011992136178214795,COMPLETE
8,0.077,0.1541528151459843,5.420095072840656,1.559890411544008,6.309621892159185,0.34183577171993124,1.3182212929843344,0.003979596728292387,COMPLETE
9,0.08755,0.4983485623816058,0.3755559762776226,9.321985708640046,199.3421825312387,0.020030895601175654,0.0865894314002392,2.4587778031103135e-13,COMPLETE
10,0.07805,0.1087613296255718,3.648784836030647,1.2040091754117725,3.485140712945967,0.026259923360087825,2.3867180847560436,0.004310144407388657,COMPLETE
11,0.0512,0.3442486863152575,6.485051657135356,1.466936536214113,0.33899932252483383,0.5218478141839406,0.03019843517815248,6.84161446778786e-11,COMPLETE
12,0.0705,0.26703561918434204,4.017358842836631,2.2954584706321235,29.972009288600017,0.48931201159270643,0.0946298025542308,3.3314287935856114e-05,COMPLETE
13,0.072,0.32394847314029757,3.7495801020287662,4.262624711237246,0.13781443311961294,2.707949194150179,39.021945707621946,0.00013070558581836393,COMPLETE
14,0.05745,0.24116838720364758,2.126414566817717,1.2514228997847865,39.237613443017324,8.680295911464182,11.19024988081793,1.959834981353754e-06,COMPLETE
15,0.05635,0.31783771155764245,5.07985354852306,1.5455685639813577,1.9377994539588752,53.06163757643024,0.07549604599441283,4.443488697213951e-11,COMPLETE
16,0.0541,0.32643186927934226,3.8100689522949174,1.6585808018704573,0.6692662370797108,0.012367602403591714,46.83459773148538,8.404943762538142e-14,COMPLETE
17,0.05095,0.34649018316927416,3.518596375525721,2.5033277105189193,0.5606287050152496,0.054361423084864746,7.146903739304916,1.2038654211851023e-08,COMPLETE
18,0.051,0.34483348743368436,3.685860265729417,2.3627009950877245,0.8252494595473547,107.59872434463156,99.91758933651535,4.992838720342651e-13,COMPLETE
19,0.05355,0.39643329923316617,3.999286460242423,2.8036597183497527,0.014163043718649002,0.17740617781052795,12.491315660805293,6.338054654029837e-09,COMPLETE
20,0.07625,0.32472254311282106,1.3912626618467459,4.858983659361449,151.8245163187236,508.77693357446805,6.615790753010882,0.0017701480876021088,COMPLETE
21,0.07445,0.5237163401883369,4.958426658725357,3.3801923275388828,72.91096237472114,186.9306125540257,3.6008094906658137,0.00014186250895628115,COMPLETE
22,0.0716,0.4452395099064289,4.747987875347927,8.377992360274892,0.5276488664600528,1.3678245686806079,3.5939645009982053,4.993711499050975e-05,COMPLETE
23,0.0735,0.12648608624556443,2.9426164753918824,1.09673513268978,687.6639452288613,0.9057350711055674,0.014984805515844538,0.00014553753353913117,COMPLETE
24,0.0498,0.34647783641736296,4.3548083271808515,2.0117238004086353,1.0946066447217027,0.12480776742786713,34.574222073764446,8.720647859508846e-11,COMPLETE
25,0.06485,0.4901053543720888,3.4651180931236705,1.6279687987777078,1017.2965276733869,0.3710234766141632,80.46577679760097,9.152354487403374e-07,COMPLETE
26,0.06275,0.6514212949398405,2.8467952672042545,8.359124144204223,0.4634053899763641,51.0531204742495,4.230818933588808,1.5335060532903536e-12,COMPLETE
27,0.06375,0.13149751353990796,0.1947944142378285,2.482394522313402,0.7079986141062067,65.91421242394496,0.9620461422018579,0.0012839766076016652,COMPLETE
28,0.08965,0.2960461034706027,0.9010074297085696,5.751620494688234,3090.9457533461396,0.6111346680536379,14.732118064935978,3.20468331270818e-05,COMPLETE
29,0.07315,0.45321611043673427,2.6687924132954657,2.2170817359027377,293.8273741494749,102.84439648215638,3.017106373964752,1.5085857231899863e-09,COMPLETE
30,0.0575,0.25608833623740473,1.5602159468946362,1.3824617195227717,41.361791404529214,311.1197935347732,0.1021730407230798,3.395110443495493e-10,COMPLETE
31,0.06475,0.1520157598138197,6.826372546946507,1.4126244950079354,4065.565351371151,621.7339960336561,0.9475657171717935,4.699357169054941e-09,COMPLETE
32,0.08695,0.42813325263198176,0.33942405479698123,5.92917196696572,12.739498094250044,0.021875706805845035,94.45626116932038,2.3002810148120466e-10,COMPLETE
33,0.08365,0.11943469323304622,6.470423046951359,7.443205312710846,0.24785703746151594,2.702427187446727,1.4287370935414545,0.0016225833366210391,COMPLETE
34,0.0665,0.5172390534190315,2.1366758659893685,2.839979984936102,6.544484254749669,243.12586844183596,2.500142582090174,1.1682701663189634e-13,COMPLETE
35,0.04955,0.32071410516197685,6.103623020551158,1.783805364054492,0.21068030120772424,0.08777741099799043,0.06896807247569771,2.2704812826588045e-12,COMPLETE
36,0.087,0.187819942896662,1.252327801794568,3.478968782514188,0.016405065894179532,11.548652402147162,0.7237368128964476,0.00082199151277677,COMPLETE
37,0.07915,0.31774466961834036,0.7680239820541722,1.5675940034569393,0.1650525774177293,806.53165357863,27.61314104606813,7.010817268715666e-05,COMPLETE
38,0.0562,0.3795101393222473,6.913660803340553,2.3695902809361096,0.19956023567932574,0.012773457447228288,38.67045509181313,3.2408239014163186e-13,COMPLETE
39,0.05105,0.20572410836531052,3.0455122299916,1.0726049388472807,9.434796325054796,0.12334057452230227,5.192615578479196,7.328180654629187e-13,COMPLETE
40,0.0837,0.6062538978139551,4.335111916469993,3.1788912454430323,2661.553121751245,1.2594502646806938,17.543999742650467,7.242135537625552e-11,COMPLETE
41,0.0899,0.12058173239208245,3.3492365059991345,1.8868221633018412,0.25628953885349776,0.0037016656790458263,0.017786989585291305,5.065992845683159e-06,COMPLETE
42,0.0714,0.20164837481874656,1.3750094264264225,1.0740453559242513,0.11101388522541986,0.007421005752551859,0.03741415666917797,8.003609205668878e-09,COMPLETE
43,0.08715,0.4518569248611073,0.9583681805164558,7.6843271894426985,0.0882950782693149,0.92233944713565,59.260126040952414,3.6057515992246936e-12,COMPLETE
44,0.0727,0.28180775877108427,0.17268918965161995,2.959630528167789,0.04711742061471544,0.0032397774581608943,0.11885490299491105,1.2586782391077344e-08,COMPLETE
45,0.0614,0.3804368573638213,5.308576019746599,2.248576862692557,18.131739826917116,0.4989850848564539,41.972091817911355,1.479043698711184e-11,COMPLETE
46,0.0624,0.09469582919905839,6.794892149655003,1.2378658365484385,0.857149117237418,3.390401731039495,0.1624781950905401,0.000410556742491746,COMPLETE
47,0.06875,0.47330276863252346,5.772100366242379,3.2243370920705345,62.43778013936985,11.739481102126906,3.616911213787438,1.1993391736258183e-07,COMPLETE
48,0.0667,0.27365198942634394,5.720174263997889,3.124044679655519,430.1723517706057,38.169107570273646,1.1918137946358598,0.0005591468606024808,COMPLETE
49,0.0917,0.55046120029273,0.4481830202136664,3.704293036164666,234.1759843067098,0.7088896216016938,0.028478668882310734,7.286044737608009e-14,COMPLETE
50,0.07525,0.675598392487916,3.046425174476959,8.528259812725711,0.06483803734091015,4.703038707832875,0.027371668774221813,2.450464818207948e-13,COMPLETE
51,0.041,0.22838870921625704,2.056316300425298,1.4234508712843703,0.019607071158490193,0.08461218904615202,1.4298640803911997,1.9043961097477443e-12,COMPLETE
52,0.0489,0.44662625507022347,3.7523591558107,2.2991799521485987,0.016767417635497637,110.16646134717259,2.606433764399818,1.7411112824373338e-14,COMPLETE
53,0.06,0.45151961126102924,5.826108180232255,3.812714163562798,0.18468504546596953,18.78996109757449,67.49308648755478,1.621364679176634e-08,COMPLETE
54,0.08235,0.1557890317821607,6.265193910099987,2.9739095903883492,3.2182245813333146,0.002129534924493161,0.8723677219983216,5.061876736904231e-05,COMPLETE
55,0.0831,0.13888129379584088,5.602304976898302,1.9152614113385427,34.84668501217958,0.0032415559561679587,0.1882745248925944,0.00025257083623944653,COMPLETE
56,0.0745,0.6539398239961509,4.0288453445846075,8.478177965520532,1135.382901382982,42.70120256972856,3.169321911008551,6.65310312829754e-10,COMPLETE
57,0.0612,0.05753649497661445,0.5063399433579743,1.2695753192851997,52.36831247427109,1.7697856600899273,0.012026165201382855,0.0001622305252454136,COMPLETE
58,0.0801,0.7216672345781882,5.719667260978259,6.875144787901625,208.22607295194175,0.1013397086496358,0.01777158201797886,3.787929895519139e-07,COMPLETE
59,0.06645,0.10126896704951305,4.518466275032232,2.49884558911187,4.132489577574883,0.38615709564740774,0.06783831483310307,0.0021075211719479765,COMPLETE
60,0.0955,0.4496988602120825,3.633353179534705,7.96562187012117,98.52806040508558,0.01563257749900532,18.26446872949811,1.1552104531007875e-06,COMPLETE
61,0.0803,0.5724183297526516,5.153252078210358,1.9357655248265,47.980660893128146,0.03917245689918758,0.05443353909037391,1.2095801176789854e-08,COMPLETE
62,0.089,0.40181485218041274,1.838696465707468,1.9948459181260763,1.7354775389945025,0.0013651437628319377,0.6379139708716574,2.0985840686198957e-10,COMPLETE
63,0.0962,0.5817418143951801,5.517510356123355,8.499879978230554,3.425315750097962,427.6569169998095,3.3277545391548413,1.3193301169056947e-09,COMPLETE
64,0.06965,0.3766763750123842,6.607480695539774,2.1162570949421986,2089.9479281685244,70.29787676452851,19.255128356552483,1.8634184378207385e-12,COMPLETE
65,0.07495,0.20600663599818791,6.565598861860442,6.466003773039777,99.87210090317613,6.560437321593513,0.04640000916234496,4.60436577856132e-05,COMPLETE
66,0.0932,0.11929440782180045,5.668778433186425,2.5655554837238235,2.4644160844515395,2.2114275739345297,6.897706836053831,0.0016463878135594917,COMPLETE
67,0.06565,0.13106628351684144,0.5739350022269911,1.2561404555212872,0.020242445118125636,0.009397597333600731,97.90317816252079,1.5291368922935013e-07,COMPLETE
68,0.06005,0.5695269510584788,5.795700438441241,3.5815746147809353,0.5876211069794411,0.0018443879579857288,20.354337917403317,2.9701233594309776e-13,COMPLETE
69,0.07675,0.45963624938250985,2.26326540740811,2.3060403333942627,0.011978017688293503,519.663252979791,7.942806994361968,1.972908233938584e-06,COMPLETE
70,0.07635,0.26281914947452,4.789416836315397,6.902113493998177,0.09898959994666723,314.3086903066831,1.3421801423904562,0.0006673330999898967,COMPLETE
71,0.03485,0.052368821138875775,1.944491500929412,1.4158855092326221,38.62374046049556,60.9799412807221,0.03132633725766926,0.00012276926073447538,COMPLETE
72,0.08945,0.09101851664599016,4.000283887299467,4.3251702540042425,0.01944470694604131,5.215406916198433,0.217543815862813,0.003067632717154559,COMPLETE
73,0.1034,0.6550763925284777,6.201748848941063,4.379338834235712,7520.25114781372,0.00564697493728511,0.1199582174697197,5.048529700932676e-13,COMPLETE
74,0.0858,0.11795637858476275,2.54822336445131,4.223808057954392,3643.8179232517887,0.3299509137902487,19.270973861650734,0.0007274958770863528,COMPLETE
75,0.0804,0.6288994088163112,4.380097766484368,4.263352009040283,5.2456162701390046,0.0025567050491763763,0.022410480632068453,5.492820616754559e-08,COMPLETE
76,0.07265,0.15814649136100678,7.129904066808173,7.634274696868772,0.12946332257823562,0.005668703277219061,3.0434266479702474,0.005410756747567954,COMPLETE
77,0.04995,0.20247639615877003,2.566070026723285,1.000038594092932,0.2719067041472141,1.445544328193187,0.21742538337508435,1.8720967620512166e-13,COMPLETE
78,0.087,0.11648215142693616,3.5421866654375322,4.699209039895299,81.4421830558505,0.19624193100642798,97.30913065650628,0.0006171279037800276,COMPLETE
79,0.0664,0.5026145714732034,3.7523591558107,2.5667299278096025,0.016767417635497637,110.16646134717259,2.606433764399818,9.152354487403374e-07,COMPLETE
80,0.0948,0.7825654327248736,6.943625321882633,5.751620494688234,3090.9457533461396,0.004569612957571183,14.732118064935978,3.0092675819548274e-09,COMPLETE
81,0.06045,0.08988514185850478,6.943625321882633,1.278900300298122,0.27330711513507566,326.86510637744203,0.8905073895997795,0.0018760557069445595,COMPLETE
82,0.0818,0.5529217025119837,5.720174263997889,9.803171767146052,3.5791928574770338,0.12480776742786713,1.1918137946358598,8.720647859508846e-11,COMPLETE
83,0.05875,0.3986404985937536,4.335111916469993,2.5033277105189193,0.5606287050152496,0.054361423084864746,7.146903739304916,7.242135537625552e-11,COMPLETE
84,0.06,0.4264162628618724,0.33942405479698123,5.92917196696572,0.016767417635497637,0.021875706805845035,2.606433764399818,1.7411112824373338e-14,COMPLETE
85,0.04955,0.34693614327179045,5.07985354852306,1.5455685639813577,62.43778013936985,53.06163757643024,0.07549604599441283,4.443488697213951e-11,COMPLETE
86,0.0822,0.6519896415736574,2.9625252062896905,7.089131202151849,0.019607071158490193,0.08461218904615202,0.012982440548270658,1.9043961097477443e-12,COMPLETE
87,0.0656,0.45547877972124395,4.335111916469993,3.1788912454430323,2.824815337292512,0.026029536794764555,16.269208720623464,1.6894010759859846e-13,COMPLETE
88,0.09115,0.4239414462378987,2.9625252062896905,1.0726049388472807,5457.162941500747,0.12334057452230227,15.678149406276319,7.328180654629187e-13,COMPLETE
89,0.04365,0.17452372632203458,3.0455122299916,1.0726049388472807,0.07261268023359602,0.021875706805845035,5.192615578479196,7.328180654629187e-13,COMPLETE
90,0.06065,0.3969783095401827,3.685860265729417,1.466936536214113,0.8252494595473547,5.871965962372736,0.03019843517815248,4.992838720342651e-13,COMPLETE
91,0.0555,0.3459618630733166,5.308576019746599,2.248576862692557,18.131739826917116,18.78996109757449,41.972091817911355,1.621364679176634e-08,COMPLETE
92,0.08875,0.4741745425230957,0.3755559762776226,9.321985708640046,0.15199010935250473,0.020030895601175654,1.4287370935414545,2.4587778031103135e-13,COMPLETE
93,0.07175,0.27885130735716723,0.17268918965161995,2.4653829205652547,0.04711742061471544,0.1974548021813248,0.2132678640353649,1.2586782391077344e-08,COMPLETE
94,0.06865,0.30061904472192813,4.3548083271808515,2.0117238004086353,1.0946066447217027,0.12480776742786713,34.574222073764446,3.387170901281899e-08,COMPLETE
95,0.09905,0.5905097230518871,3.7523591558107,9.47835620413639,5.079487279112919,0.021875706805845035,94.45626116932038,2.3002810148120466e-10,COMPLETE
96,0.08205,0.6082428141059487,2.7981132955920227,6.875144787901625,29.972009288600017,0.48931201159270643,0.01777158201797886,3.787929895519139e-07,COMPLETE
97,0.0856,0.3078656653704929,0.7680239820541722,1.5675940034569393,0.015151099660768339,806.53165357863,27.61314104606813,8.003609205668878e-09,COMPLETE
98,0.0974,0.5584408492509653,1.9982934096746654,8.359124144204223,199.3421825312387,51.0531204742495,0.0865894314002392,1.4322944010821963e-08,COMPLETE
99,0.04285,0.2092169936704233,5.772100366242379,1.0740453559242513,62.43778013936985,11.739481102126906,3.616911213787438,1.1993391736258183e-07,COMPLETE
100,0.0684,0.4591972362380113,5.826108180232255,3.812714163562798,0.18468504546596953,52.53348631792806,67.49308648755478,2.5990352100160697e-05,COMPLETE
101,0.0746,0.5100410230654635,3.518596375525721,2.5033277105189193,0.5606287050152496,110.16646134717259,2.606433764399818,1.8431204815790718e-06,COMPLETE
102,0.0762,0.42823059801361524,3.046425174476959,3.2243370920705345,62.43778013936985,4.703038707832875,3.616911213787438,1.1993391736258183e-07,COMPLETE
103,0.0619,0.33782233938011486,3.7523591558107,2.0117238004086353,1.0946066447217027,110.16646134717259,34.574222073764446,1.7411112824373338e-14,COMPLETE
104,0.05145,0.43199622019773115,6.103623020551158,2.839979984936102,0.21068030120772424,0.08777741099799043,0.06896807247569771,1.1682701663189634e-13,COMPLETE
105,0.05955,0.25374884823974175,1.7387701998600082,1.5146155007856774,0.6692662370797108,0.23753412400993776,46.83459773148538,8.404943762538142e-14,COMPLETE
106,0.099,0.6921465380897335,5.719667260978259,6.875144787901625,208.22607295194175,0.1013397086496358,0.01777158201797886,3.787929895519139e-07,COMPLETE
107,0.0463,0.28261446345116853,5.826108180232255,1.7519510271087413,1.8442663426239594,5.054984284069897,76.57127726580364,1.621364679176634e-08,COMPLETE
108,0.0675,0.6072487928736354,4.958426658725357,3.3801923275388828,104.61067826393281,0.3710234766141632,80.46577679760097,3.649569116806477e-06,COMPLETE
109,0.07685,0.2323773895780882,2.9625252062896905,4.77140422604705,199.3421825312387,0.020030895601175654,65.29593691398921,7.193768872281646e-06,COMPLETE
110,0.08145,0.5047912239464967,5.420095072840656,1.5118264221365771,6.309621892159185,0.0030057614541025594,1.3182212929843344,1.2038654211851023e-08,COMPLETE
111,0.0636,0.2300673296485189,0.3755559762776226,1.09673513268978,199.3421825312387,0.020030895601175654,0.0865894314002392,2.4587778031103135e-13,COMPLETE
112,0.08705,0.15806184104745977,5.720174263997889,3.124044679655519,430.1723517706057,0.00826708800494452,1.1918137946358598,0.0005591468606024808,COMPLETE
113,0.03855,0.277536548116632,6.485051657135356,1.4234508712843703,0.33899932252483383,0.5218478141839406,1.4298640803911997,6.84161446778786e-11,COMPLETE
114,0.0668,0.3803053842135686,3.8100689522949174,1.8827496343632901,1.8442663426239594,0.012367602403591714,46.83459773148538,8.404943762538142e-14,COMPLETE
115,0.08115,0.6338967397756885,5.171503332724998,7.17211618019438,48.82299940456844,110.16646134717259,2.606433764399818,6.285133845011153e-08,COMPLETE
116,0.074,0.13804813042172956,0.42362663409879886,3.124044679655519,430.1723517706057,38.169107570273646,1.1918137946358598,0.0028759240278739104,COMPLETE
117,0.0464,0.20066678335130986,3.0455122299916,1.0726049388472807,0.1650525774177293,0.9623849890232574,5.192615578479196,7.859644999737183e-10,COMPLETE
118,0.0762,0.5019414172140674,5.772100366242379,3.2243370920705345,228.33319982424072,11.739481102126906,3.616911213787438,1.5335060532903536e-12,COMPLETE
119,0.0697,0.39732584722909864,2.6687924132954657,2.2170817359027377,293.8273741494749,26.74882813359584,3.017106373964752,1.5085857231899863e-09,COMPLETE
120,0.0582,0.5169704111907995,3.999286460242423,2.8036597183497527,0.019607071158490193,55.29124057933768,1.4298640803911997,6.338054654029837e-09,COMPLETE
121,0.05945,0.3942408728065805,6.485051657135356,2.3695902809361096,0.018773525753257667,0.012773457447228288,0.03019843517815248,3.2408239014163186e-13,COMPLETE
122,0.0819,0.1419880107368791,6.943625321882633,1.278900300298122,3.2182245813333146,0.04789428503857981,0.8905073895997795,5.061876736904231e-05,COMPLETE
123,0.0513,0.4019368247772894,7.051402036894628,2.8036597183497527,0.014163043718649002,0.17740617781052795,12.491315660805293,6.338054654029837e-09,COMPLETE
124,0.05925,0.32716183230093354,4.3548083271808515,2.0117238004086353,0.04837604790572567,0.12480776742786713,34.574222073764446,8.720647859508846e-11,COMPLETE
125,0.069,0.39006910542046586,6.913660803340553,2.3695902809361096,0.19956023567932574,0.5218478141839406,0.03019843517815248,5.154185106469425e-06,COMPLETE
126,0.0725,0.5034428890804518,1.3912626618467459,2.5033277105189193,0.5606287050152496,508.77693357446805,6.615790753010882,1.2038654211851023e-08,COMPLETE
127,0.05855,0.3842444853153069,5.686980021608849,2.5118580794078285,1.0946066447217027,0.12480776742786713,59.2437895529571,8.720647859508846e-11,COMPLETE
128,0.05625,0.36950280933677687,5.686980021608849,2.5118580794078285,0.5606287050152496,0.5785583616865927,59.2437895529571,1.2038654211851023e-08,COMPLETE
129,0.05845,0.5303379793595479,5.07985354852306,5.412074081249687,1.9377994539588752,107.59872434463156,0.07549604599441283,4.443488697213951e-11,COMPLETE
130,0.1215,0.7558447846601201,2.9818440259424124,7.7810916339596,122.89461118334582,0.0031908865058218267,0.011164497812863232,1.46355092508407e-09,COMPLETE
131,0.09925,0.5890091451048106,1.7387701998600082,8.528259812725711,0.06483803734091015,4.703038707832875,0.0102563780405892,2.450464818207948e-13,COMPLETE
132,0.10745,0.28762103631618535,0.9010074297085696,5.751620494688234,3090.9457533461396,0.6111346680536379,14.732118064935978,3.20468331270818e-05,COMPLETE
133,0.0791,0.5472116026824397,4.335111916469993,7.17211618019438,0.020393106282222583,1.2594502646806938,17.543999742650467,2.577192200796009e-07,COMPLETE
134,0.07985,0.5518782569272334,3.685860265729417,8.359124144204223,0.4634053899763641,51.0531204742495,99.91758933651535,1.5335060532903536e-12,COMPLETE
135,0.064,0.43101668284359096,2.6687924132954657,2.2170817359027377,0.013180357347451611,2.06186869324418,0.0946298025542308,1.5085857231899863e-09,COMPLETE
136,0.06785,0.23524091287657276,3.7495801020287662,1.7519510271087413,0.13781443311961294,5.054984284069897,76.57127726580364,0.00013070558581836393,COMPLETE
137,0.06895,0.1402473717838387,4.797597292147365,1.6279687987777078,1017.2965276733869,5.054984284069897,0.09669535384395445,9.152354487403374e-07,COMPLETE
138,0.0793,0.1088907296255714,3.648784836030647,1.2040091754117725,3.485140712945967,0.026259923360087825,2.3867180847560436,0.004310144407388657,COMPLETE
139,0.09155,0.541893116457374,1.944228898049904,8.045383839335162,0.9778676866151991,51.0531204742495,0.027371668774221813,1.5335060532903536e-12,COMPLETE
