number,values_0,values_1,params_delta_deg,params_gamma,params_lambda1,params_lambda2,params_lambda3,params_lambda4,state
840,0.05075,0.44558687563361166,7.051402036894628,2.2991799521485987,0.016767417635497637,186.9306125540257,34.574222073764446,3.286486186600864e-09,COMPLETE
841,0.11095,0.6177145232737098,3.0455122299916,7.394762847299449,0.07261268023359602,51.0531204742495,2.606433764399818,1.7411112824373338e-14,COMPLETE
842,0.072,0.20479665013690485,6.485051657135356,1.4234508712843703,0.33899932252483383,0.5218478141839406,1.4298640803911997,2.4830143540233527e-05,COMPLETE
843,0.0731,0.4783385262529725,4.797597292147365,2.8036597183497527,1.8442663426239594,672.3209709531104,76.57127726580364,1.6894010759859846e-13,COMPLETE
844,0.0766,0.5356158252132036,6.103623020551158,8.359124144204223,0.21068030120772424,0.08777741099799043,0.06896807247569771,3.0541645143911065e-11,COMPLETE
845,0.05595,0.22848450618129146,4.3548083271808515,1.3526137167003873,12.412723646412944,107.59872434463156,34.574222073764446,3.286486186600864e-09,COMPLETE
846,0.076,0.20109886048554876,6.943625321882633,5.751620494688234,0.4634053899763641,546.754814234046,3.6008094906658137,0.004019261915615234,COMPLETE
847,0.08115,0.6505182749019094,7.296565715563787,6.641926976422129,0.6975592224319972,51.59097383683859,1.4298640803911997,8.720647859508846e-11,COMPLETE
848,0.0729,0.49537987846476206,3.8944541270580193,2.2991799521485987,0.016767417635497637,110.16646134717259,2.606433764399818,1.7411112824373338e-14,COMPLETE
849,0.04825,0.34918879630108796,5.686980021608849,2.495247682234002,0.07327290330031712,3.858204027730059,59.2437895529571,4.737310773437738e-10,COMPLETE
850,0.07125,0.38104396998178847,5.719667260978259,2.8034123264003057,0.0704722088588804,0.009707433566872849,0.023189147228347615,8.720647859508846e-11,COMPLETE
851,0.0748,0.6280317060180702,2.8467952672042545,5.751620494688234,3090.9457533461396,173.71097957275188,14.732118064935978,3.0092675819548274e-09,COMPLETE
852,0.0745,0.549179491177097,4.958426658725357,3.812714163562798,0.18468504546596953,1.5630282565660134,0.22858843048746938,6.338054654029837e-09,COMPLETE
853,0.05635,0.2800900915387696,3.046425174476959,1.7519510271087413,0.016767417635497637,4.703038707832875,2.606433764399818,1.7411112824373338e-14,COMPLETE
854,0.06705,0.24753133020594842,3.046425174476959,1.3526137167003873,1.8442663426239594,186.9306125540257,34.574222073764446,3.286486186600864e-09,COMPLETE
855,0.04165,0.26907082134604765,7.051402036894628,1.3526137167003873,0.016767417635497637,2.1614493495127194,34.574222073764446,3.286486186600864e-09,COMPLETE
856,0.0689,0.5291421749958931,3.9256443106793255,2.8034123264003057,0.6975592224319972,0.5843906360485802,0.01777158201797886,2.0666794081164113e-08,COMPLETE
857,0.11355,0.6460177823788653,4.3548083271808515,8.041863572316117,0.07261268023359602,51.0531204742495,5.192615578479196,4.947611511752117e-06,COMPLETE
858,0.0417,0.19783674955187128,5.686980021608849,1.0205721987102223,0.10459622132976562,3.858204027730059,59.2437895529571,5.521087576123659e-10,COMPLETE
859,0.0732,0.04263387209812338,4.212799887486293,1.0202357232706227,1590.6065044067136,107.59872434463156,0.04021768980270018,3.286486186600864e-09,COMPLETE
860,0.07395,0.4517135429237045,2.6984946926717783,5.751620494688234,0.6975592224319972,0.35373828982121547,14.732118064935978,3.0092675819548274e-09,COMPLETE
861,0.08385,0.6550405220261603,6.103623020551158,8.741900816624833,59.72743679250432,0.9719900630695434,80.46577679760097,3.787929895519139e-07,COMPLETE
862,0.06005,0.4345710658848515,6.103623020551158,2.839979984936102,0.07261268023359602,0.08777741099799043,0.06896807247569771,5.521087576123659e-10,COMPLETE
863,0.0648,0.3710662294727054,6.485051657135356,1.4234508712843703,0.33899932252483383,107.59872434463156,0.16561793216939094,6.84161446778786e-11,COMPLETE
864,0.05265,0.32770474988786746,5.633083399427747,2.1053918430073795,1.8442663426239594,51.0531204742495,35.27365766825807,3.407169759582504e-13,COMPLETE
865,0.055,0.3785162100884894,7.051402036894628,2.8034123264003057,0.6975592224319972,546.754814234046,0.01777158201797886,8.720647859508846e-11,COMPLETE
866,0.06165,0.3711934889418358,6.943625321882633,1.9547591074568447,0.016767417635497637,546.754814234046,0.06896807247569771,3.0092675819548274e-09,COMPLETE
867,0.0541,0.24236876157587095,3.0455122299916,1.4234508712843703,0.33899932252483383,0.5218478141839406,1.4298640803911997,6.84161446778786e-11,COMPLETE
868,0.0698,0.5174195193026935,3.0455122299916,3.9365007887496466,0.4634053899763641,186.9306125540257,31.25473010391245,5.521087576123659e-10,COMPLETE
869,0.0521,0.22879108071292245,1.8265405681962819,1.0726049388472807,0.07261268023359602,51.0531204742495,5.192615578479196,8.056337936351784e-07,COMPLETE
870,0.0593,0.29725830261360087,0.8515071482956504,1.7519510271087413,1.8442663426239594,5.054984284069897,0.6274101136038682,1.621364679176634e-08,COMPLETE
871,0.0859,0.5168797224243025,4.029088236738399,3.322228802079697,0.07261268023359602,51.0531204742495,0.020340586733676527,7.242135537625552e-11,COMPLETE
872,0.07705,0.42361640613856827,4.958426658725357,3.812714163562798,0.18468504546596953,1.5630282565660134,3.6008094906658137,1.7490613815133438e-08,COMPLETE
873,0.0855,0.4985252351765536,7.051402036894628,2.60665629516803,0.1784805460542277,808.8074973688359,12.491315660805293,3.7789133588325826e-05,COMPLETE
874,0.10465,0.7531122665863961,5.719667260978259,8.741900816624833,208.22607295194175,0.1013397086496358,12.491315660805293,1.9043961097477443e-12,COMPLETE
875,0.08635,0.5042724526453585,3.0455122299916,4.145016270482376,0.07261268023359602,51.0531204742495,11.33177950023707,6.338054654029837e-09,COMPLETE
876,0.05535,0.36747607190580456,3.0455122299916,1.3526137167003873,12.412723646412944,477.9231958096872,5.192615578479196,3.649569116806477e-06,COMPLETE
877,0.04225,0.2787287030147029,4.958426658725357,1.0726049388472807,0.4634053899763641,546.754814234046,12.491315660805293,3.0541645143911065e-11,COMPLETE
878,0.04925,0.3702085897641867,6.943625321882633,1.7519510271087413,1.8442663426239594,4.006173959705789,0.764092524644605,3.407169759582504e-13,COMPLETE
879,0.0761,0.6234244618916653,4.797597292147365,8.359124144204223,1.8442663426239594,186.9306125540257,3.6008094906658137,1.0038384968131482e-10,COMPLETE
880,0.08785,0.6283493267287424,6.943625321882633,8.528259812725711,0.06483803734091015,4.703038707832875,0.027371668774221813,2.450464818207948e-13,COMPLETE
881,0.08,0.19382736946322024,4.3548083271808515,7.173856722721814,0.6975592224319972,107.59872434463156,0.01777158201797886,3.649569116806477e-06,COMPLETE
882,0.10385,0.8075556779439742,5.719667260978259,6.875144787901625,208.22607295194175,0.009707433566872849,0.023189147228347615,3.787929895519139e-07,COMPLETE
883,0.04205,0.27087896871772515,6.485051657135356,1.4234508712843703,0.33899932252483383,2.0518583729409148,80.46577679760097,5.521087576123659e-10,COMPLETE
884,0.04975,0.349068010885775,6.943625321882633,1.7519510271087413,0.016767417635497637,4.006173959705789,2.606433764399818,5.432263014140687e-13,COMPLETE
885,0.0606,0.2262019928013288,6.103623020551158,1.1763140582956046,0.039795245467244764,6.297650324316545,32.402705079574815,4.3883375142816094e-14,COMPLETE
886,0.0535,0.3000037227660108,3.0455122299916,1.0726049388472807,0.4634053899763641,186.9306125540257,3.6008094906658137,3.0541645143911065e-11,COMPLETE
887,0.0778,0.4907839543077714,4.958426658725357,8.87246922476152,0.2530783403376263,186.9306125540257,0.0247605531247782,3.811801850956625e-07,COMPLETE
888,0.06305,0.48871598448237946,7.051402036894628,2.8036597183497527,104.61067826393281,808.8074973688359,80.46577679760097,1.9043961097477443e-12,COMPLETE
889,0.08585,0.49759281049693344,3.046425174476959,2.6129697348435275,2.1403414857128893,4.703038707832875,0.027371668774221813,2.450464818207948e-13,COMPLETE
890,0.07855,0.6233664714062743,7.051402036894628,6.875144787901625,208.22607295194175,20.408863273668384,0.16561793216939094,3.286486186600864e-09,COMPLETE
891,0.07125,0.4384990366149245,7.051402036894628,2.8034123264003057,19.246714236649574,546.754814234046,0.01777158201797886,8.720647859508846e-11,COMPLETE
892,0.0699,0.3863165499949052,7.474350365928019,1.9370537087438828,20.14254886307457,546.754814234046,0.01777158201797886,3.787929895519139e-07,COMPLETE
893,0.07495,0.5973033983979367,4.335111916469993,5.647400104911777,0.016767417635497637,546.754814234046,2.5138048555731625,2.416437871917374e-13,COMPLETE
894,0.10775,0.6328170352193702,2.859707945007596,8.359124144204223,2661.553121751245,1.2594502646806938,4.230818933588808,1.5335060532903536e-12,COMPLETE
895,0.04855,0.30190944715876483,4.335111916469993,1.8275873588675844,0.01945159524641329,1.2594502646806938,17.543999742650467,1.6894010759859846e-13,COMPLETE
896,0.0756,0.6289174149343333,6.943625321882633,5.751620494688234,0.016767417635497637,19.443104586500976,4.489528332717799,3.0092675819548274e-09,COMPLETE
897,0.0697,0.468346907754088,5.719667260978259,2.2049656591593862,1.8442663426239594,0.009707433566872849,76.57127726580364,1.6894010759859846e-13,COMPLETE
898,0.05915,0.48685427295566597,6.943625321882633,2.2991799521485987,1.8442663426239594,4.006173959705789,0.10721811741197224,1.7411112824373338e-14,COMPLETE
899,0.07555,0.4558196049246944,7.051402036894628,2.8034123264003057,0.6975592224319972,186.9306125540257,59.81976922815267,3.811801850956625e-07,COMPLETE
900,0.0546,0.4285462736979559,5.633083399427747,2.8036597183497527,0.1784805460542277,0.7523831400290985,10.552691401088838,1.9043961097477443e-12,COMPLETE
901,0.07685,0.4007920457897145,7.051402036894628,2.53187422687127,0.6975592224319972,45.27582947856955,0.01777158201797886,4.854411414459457e-09,COMPLETE
902,0.0693,0.39832345664616475,4.335111916469993,1.7519510271087413,0.05477176214861042,1.2594502646806938,0.020340586733676527,7.242135537625552e-11,COMPLETE
903,0.06965,0.36135102511582373,6.103623020551158,1.783805364054492,1.8442663426239594,6.297650324316545,0.764092524644605,3.407169759582504e-13,COMPLETE
904,0.0702,0.27984948357655,2.8814808820443787,1.7519510271087413,0.7611005784512511,5.054984284069897,76.57127726580364,3.2162903520677726e-06,COMPLETE
905,0.07495,0.5256859718834375,6.655421352222268,4.6814258240363635,104.61067826393281,2.494396295686651,80.46577679760097,3.649569116806477e-06,COMPLETE
906,0.07155,0.42130122064724007,4.653916869245234,1.705826121544476,0.014099363455310808,546.754814234046,5.192615578479196,5.521087576123659e-10,COMPLETE
907,0.0705,0.44652080450929915,6.485051657135356,3.3801923275388828,0.33899932252483383,0.5218478141839406,1.4298640803911997,6.84161446778786e-11,COMPLETE
908,0.0617,0.4250405300066594,3.046425174476959,2.839979984936102,250.23452922987852,4.703038707832875,76.57127726580364,1.621364679176634e-08,COMPLETE
909,0.07335,0.4871334173674525,4.797597292147365,1.5148788024669808,4524.901575491659,4.006173959705789,0.764092524644605,3.407169759582504e-13,COMPLETE
910,0.08705,0.5760479377185186,4.335111916469993,3.1788912454430323,2661.553121751245,1.2594502646806938,17.543999742650467,7.242135537625552e-11,COMPLETE
911,0.0675,0.5463857858785597,7.051402036894628,2.2991799521485987,0.016767417635497637,546.754814234046,12.491315660805293,1.7411112824373338e-14,COMPLETE
912,0.04725,0.19464996820251618,2.849739176896708,1.0726049388472807,1.8442663426239594,51.0531204742495,76.57127726580364,5.521087576123659e-10,COMPLETE
913,0.07,0.6509010354375483,5.719667260978259,4.6814258240363635,0.07261268023359602,110.16646134717259,12.491315660805293,9.787752692175531e-12,COMPLETE
914,0.10695,0.3108363338797707,6.103623020551158,3.3801923275388828,104.61067826393281,0.00651048363269493,0.04230158567304581,3.649569116806477e-06,COMPLETE
915,0.07855,0.49153768345638554,3.0455122299916,2.2991799521485987,0.016767417635497637,110.16646134717259,2.606433764399818,5.521087576123659e-10,COMPLETE
916,0.0867,0.5799381222710859,5.719667260978259,6.875144787901625,104.61067826393281,0.3710234766141632,80.46577679760097,3.649569116806477e-06,COMPLETE
917,0.072,0.7046303323477171,4.3548083271808515,8.359124144204223,0.4634053899763641,186.9306125540257,34.574222073764446,3.649569116806477e-06,COMPLETE
918,0.08605,0.6156703800847404,4.958426658725357,6.641926976422129,0.4634053899763641,546.754814234046,3.6008094906658137,3.0541645143911065e-11,COMPLETE
919,0.0368,0.2011183845825918,7.051402036894628,1.0726049388472807,0.21068030120772424,0.027162083458583237,87.52890443929284,1.7411112824373338e-14,COMPLETE
920,0.08455,0.24645590669314102,2.8467952672042545,6.641926976422129,0.4634053899763641,546.754814234046,0.01777158201797886,1.5335060532903536e-12,COMPLETE
921,0.08495,0.6682007630174579,6.655421352222268,7.069082166164733,2.229111860196374,51.0531204742495,0.06896807247569771,3.787929895519139e-07,COMPLETE
922,0.06555,0.6334784244009173,5.719667260978259,5.205759601722676,16.83020652864549,186.9306125540257,3.6008094906658137,3.787929895519139e-07,COMPLETE
923,0.0954,0.6655795873416464,4.12703424226939,8.715913526897827,208.22607295194175,0.5218478141839406,1.4298640803911997,6.84161446778786e-11,COMPLETE
924,0.0493,0.26170957099496045,5.633083399427747,1.1173002719401177,20.14254886307457,51.0531204742495,0.023189147228347615,3.787929895519139e-07,COMPLETE
925,0.07845,0.44012714169496414,4.797597292147365,1.7519510271087413,1.0946066447217027,51.0531204742495,0.764092524644605,3.407169759582504e-13,COMPLETE
926,0.05085,0.27976090339949167,6.103623020551158,1.3526137167003873,104.61067826393281,107.59872434463156,34.574222073764446,3.649569116806477e-06,COMPLETE
927,0.05945,0.44154245828376504,4.653916869245234,3.3801923275388828,12.412723646412944,0.3710234766141632,80.46577679760097,3.649569116806477e-06,COMPLETE
928,0.06755,0.5415300847690184,3.046425174476959,8.359124144204223,0.4634053899763641,4.703038707832875,76.57127726580364,1.621364679176634e-08,COMPLETE
929,0.0752,0.4292625034884327,7.051402036894628,2.2991799521485987,12.68311262042614,107.59872434463156,0.16561793216939094,3.286486186600864e-09,COMPLETE
930,0.0402,0.3247450555324359,7.193751841756157,1.3526137167003873,12.412723646412944,107.59872434463156,34.574222073764446,5.521087576123659e-10,COMPLETE
931,0.0746,0.4231154349068694,4.029088236738399,1.7519510271087413,0.05477176214861042,4.006173959705789,0.020340586733676527,7.242135537625552e-11,COMPLETE
932,0.07365,0.5262991696678112,3.2730618995998086,9.721920600287941,0.4634053899763641,107.59872434463156,0.16561793216939094,3.0541645143911065e-11,COMPLETE
933,0.09705,0.6494769399175533,5.989976616159035,6.875144787901625,208.22607295194175,5.054984284069897,0.2202672480317458,1.621364679176634e-08,COMPLETE
934,0.06025,0.42144508263173247,6.943625321882633,1.7519510271087413,1.8442663426239594,22.407637910022196,0.764092524644605,5.432263014140687e-13,COMPLETE
935,0.05115,0.3528335299079806,6.485637796592137,2.2991799521485987,0.016767417635497637,2.912842432389511,12.491315660805293,2.1811143402963018e-10,COMPLETE
936,0.08845,0.5631536415891565,3.549865287038489,6.641926976422129,0.6975592224319972,0.004569612957571183,14.732118064935978,9.274226703370502e-12,COMPLETE
937,0.07065,0.48231716817790277,7.051402036894628,6.875144787901625,0.016767417635497637,0.06271631336554626,8.760724673290776,3.787929895519139e-07,COMPLETE
938,0.0547,0.2750764014181823,4.245433136721181,1.3526137167003873,12.412723646412944,107.59872434463156,9.335917224483186,3.787929895519139e-07,COMPLETE
939,0.0823,0.5806209381090053,4.029088236738399,6.875144787901625,0.05477176214861042,0.08777741099799043,0.029422466287264457,7.242135537625552e-11,COMPLETE
940,0.055,0.30051462464909234,4.3548083271808515,1.3449310934174328,12.412723646412944,4.006173959705789,0.764092524644605,5.098108565432827e-13,COMPLETE
941,0.0584,0.4487780408728102,6.103623020551158,2.839979984936102,0.21068030120772424,0.08777741099799043,0.06896807247569771,1.1682701663189634e-13,COMPLETE
942,0.08765,0.6249469751859353,4.335111916469993,3.888635608846746,2661.553121751245,1.2594502646806938,17.543999742650467,4.1757066819775827e-08,COMPLETE
943,0.04795,0.3392074497851144,7.051402036894628,1.7519510271087413,0.016767417635497637,0.0035241854716810458,0.764092524644605,3.407169759582504e-13,COMPLETE
944,0.07745,0.5446807500697574,4.958426658725357,3.465604023728266,0.4634053899763641,4.703038707832875,0.027371668774221813,3.0541645143911065e-11,COMPLETE
945,0.09915,0.6034946807313513,7.051402036894628,8.359124144204223,123.52077947060401,186.9306125540257,3.6008094906658137,1.7411112824373338e-14,COMPLETE
946,0.0839,0.6914436832898274,5.686980021608849,8.359124144204223,0.016767417635497637,186.9306125540257,3.6008094906658137,1.7411112824373338e-14,COMPLETE
947,0.0615,0.39696337186348446,3.999286460242423,3.3801923275388828,0.019607071158490193,1.1318497735392556,80.46577679760097,5.521087576123659e-10,COMPLETE
948,0.05335,0.48491821764440585,4.958426658725357,2.6338329439397503,208.22607295194175,1.5630282565660134,3.6008094906658137,3.787929895519139e-07,COMPLETE
949,0.0477,0.29983113829230384,5.633083399427747,1.0726049388472807,0.4634053899763641,51.0531204742495,0.06896807247569771,3.787929895519139e-07,COMPLETE
950,0.066,0.5111463912595876,5.686980021608849,2.2991799521485987,550.480594840587,110.16646134717259,2.606433764399818,1.7411112824373338e-14,COMPLETE
951,0.06425,0.32523951866840145,3.0455122299916,2.2991799521485987,0.07261268023359602,4.006173959705789,5.192615578479196,5.521087576123659e-10,COMPLETE
952,0.0651,0.5244380677494184,5.989976616159035,6.875144787901625,208.22607295194175,5.054984284069897,14.647641201609455,2.5575616101514215e-05,COMPLETE
953,0.0885,0.47175082688368974,5.686980021608849,9.670185754470639,32.703305185961696,3.858204027730059,59.2437895529571,2.1811143402963018e-10,COMPLETE
954,0.0779,0.6367847345631223,3.7504999685855958,6.641926976422129,0.6975592224319972,0.08777741099799043,0.01777158201797886,8.720647859508846e-11,COMPLETE
955,0.1251,0.7651374057625245,4.958426658725357,8.359124144204223,3090.9457533461396,0.004569612957571183,66.24478620881496,3.0541645143911065e-11,COMPLETE
956,0.06285,0.3851172574873795,2.8467952672042545,1.4234508712843703,0.4634053899763641,51.0531204742495,1.4298640803911997,6.84161446778786e-11,COMPLETE
957,0.0784,0.45285457893654585,5.719667260978259,2.2991799521485987,0.016767417635497637,110.16646134717259,2.606433764399818,1.7411112824373338e-14,COMPLETE
958,0.08335,0.4569967711698241,3.999286460242423,2.5118580794078285,1.9562826277387932,55.29124057933768,1.4298640803911997,2.1811143402963018e-10,COMPLETE
959,0.06025,0.3377002122974607,6.943625321882633,1.7519510271087413,1.8442663426239594,4.006173959705789,0.764092524644605,3.407169759582504e-13,COMPLETE
960,0.0748,0.428273160056774,3.999286460242423,3.812714163562798,0.019607071158490193,1.5630282565660134,1.4298640803911997,6.338054654029837e-09,COMPLETE
961,0.07235,0.4181840575553962,2.1743034982094738,6.875144787901625,3.3033067263806895,0.009707433566872849,0.0247605531247782,3.787929895519139e-07,COMPLETE
962,0.06245,0.04561010573789614,5.719667260978259,1.9370537087438828,208.22607295194175,51.0531204742495,0.01777158201797886,3.787929895519139e-07,COMPLETE
963,0.1313,0.6392280407602804,5.719667260978259,3.960084460746892,208.22607295194175,0.007259461628717498,0.0834921075858861,3.787929895519139e-07,COMPLETE
964,0.0716,0.45015415942716436,3.0455122299916,2.2991799521485987,0.016767417635497637,546.754814234046,12.491315660805293,5.521087576123659e-10,COMPLETE
965,0.0615,0.35568220418939145,5.719667260978259,2.2991799521485987,0.016767417635497637,0.016483345622572778,0.01777158201797886,9.787752692175531e-12,COMPLETE
966,0.07275,0.5939101984640127,6.103623020551158,7.9005543828991485,1.9562826277387932,0.031585837856223396,59.2437895529571,2.1811143402963018e-10,COMPLETE
967,0.07555,0.6504368327020489,7.296565715563787,9.890916012877245,0.016767417635497637,0.047570004104159534,0.01777158201797886,3.0092675819548274e-09,COMPLETE
968,0.07015,0.3860691979664784,4.958426658725357,3.3801923275388828,0.33899932252483383,0.5362196401258538,1.4298640803911997,4.737310773437738e-10,COMPLETE
969,0.0546,0.3685632922832173,5.719667260978259,1.7666637440294541,0.016767417635497637,110.16646134717259,10.886328142457389,7.242135537625552e-11,COMPLETE
970,0.07235,0.35000931509265093,0.5023112597628044,1.9276560174962802,0.039795245467244764,1.3748927651384817,0.023189147228347615,3.787929895519139e-07,COMPLETE
971,0.0542,0.22064569513777765,3.0455122299916,1.0726049388472807,0.6975592224319972,51.0531204742495,0.01777158201797886,9.274226703370502e-12,COMPLETE
972,0.08225,0.14404016371917047,6.103623020551158,3.3801923275388828,104.61067826393281,0.3710234766141632,80.46577679760097,0.0036328160581937,COMPLETE
973,0.0524,0.2742906236522932,3.046425174476959,1.7519510271087413,35.34714864293988,4.703038707832875,76.57127726580364,1.621364679176634e-08,COMPLETE
974,0.0498,0.3537041996879499,1.2584443573014665,2.8036597183497527,4.560243754931195,3.858204027730059,59.2437895529571,1.9043961097477443e-12,COMPLETE
975,0.04645,0.3078203445534626,6.943625321882633,1.7519510271087413,3.284683727650584,110.16646134717259,0.01777158201797886,5.432263014140687e-13,COMPLETE
976,0.0821,0.5661373008462373,6.655421352222268,5.113119572952756,0.07261268023359602,51.0531204742495,0.06466442421632523,6.338054654029837e-09,COMPLETE
977,0.06915,0.41510711616959123,7.296565715563787,6.641926976422129,0.6975592224319972,10.344637065820391,0.01777158201797886,3.649569116806477e-06,COMPLETE
978,0.04725,0.3004146649432761,6.655421352222268,1.4234508712843703,0.33899932252483383,51.0531204742495,12.491315660805293,6.338054654029837e-09,COMPLETE
979,0.04785,0.26423715134330045,5.719667260978259,1.2997368745646833,0.18468504546596953,186.9306125540257,0.0247605531247782,3.811801850956625e-07,COMPLETE
