number,values_0,values_1,params_delta_deg,params_gamma,params_lambda1,params_lambda3,state
4188,0.0698,0.15799012269594714,6.8435536313626235,1.1679739768270172,2.4792588435669867,6.185916849824577,COMPLETE
4189,0.1084,0.3732397274441041,0.5973888830819253,6.612639322764853,359.71457230765833,1.3157650113770214,COMPLETE
4190,0.0637,0.18274607189042102,7.489439152524652,1.2992706708708701,0.022872403443138362,2.050700774760792,COMPLETE
4191,0.09065,0.6016907748186672,7.339695485358947,8.418374689108267,0.5529959922862323,1.0864194972631505,COMPLETE
4192,0.093,0.6046530877917802,7.339695485358947,8.418374689108267,0.019315069618518407,2.1102891532478085,COMPLETE
4193,0.11885,0.7499699593183765,5.5150049043702545,5.196045314781185,560.4775189597802,1.526275265602974,COMPLETE
4194,0.0987,0.6017388695382874,7.339695485358947,9.988586281068551,0.396491812504902,4.792699168837896,COMPLETE
4195,0.0651,0.19867638698027992,7.211246974011563,1.1679739768270172,6.48522403315561,5.124912307576539,COMPLETE
4196,0.09775,0.6060153906192375,7.339695485358947,8.418374689108267,2.8191206905889152,1.3157650113770214,COMPLETE
4197,0.14115,0.7756869927692547,4.070565749724358,8.418374689108267,1476.1251734596226,2.1102891532478085,COMPLETE
4198,0.11725,0.7949699021593511,7.489439152524652,5.196045314781185,560.4775189597802,1.526275265602974,COMPLETE
4199,0.11875,0.5721060833849828,5.443169702125653,3.0156649020845308,1476.1251734596226,0.04584147047681126,COMPLETE
4200,0.09795,0.6108638913764871,6.812644630608508,9.988586281068551,1.838926016477134,4.792699168837896,COMPLETE
4201,0.12055,0.7061457975868092,7.489439152524652,9.988586281068551,0.061530195681195304,0.40785746987247484,COMPLETE
4202,0.12785,0.6581826088921597,7.489439152524652,8.418374689108267,0.02055396781401838,0.04115484438453497,COMPLETE
4203,0.139,0.7997887894561636,7.339695485358947,3.3286870810689413,9174.027900441404,0.7306953052604724,COMPLETE
4204,0.0809,0.33290329934642016,5.7373370068485965,2.13610969202653,30.54779366423335,0.5985950343657075,COMPLETE
4205,0.10035,0.6476663329362173,7.321806062638004,8.418374689108267,4.6216117253800055,1.3964044847064154,COMPLETE
4206,0.14515,0.7871243097792661,7.489439152524652,8.418374689108267,1575.9369216711668,0.2944924768920615,COMPLETE
4207,0.10345,0.6648015699218275,7.489439152524652,4.601425302670208,4.6216117253800055,0.030595349341982422,COMPLETE
4208,0.12285,0.5892629733955997,2.185928937749741,9.767312130896007,359.71457230765833,13.737135040054913,COMPLETE
4209,0.08035,0.49827359731035603,6.6665141859370225,3.0156649020845308,61.128832411058866,1.3157650113770214,COMPLETE
4210,0.07755,0.39108750467922565,7.489439152524652,3.0638630129150126,6.48522403315561,1.3157650113770214,COMPLETE
4211,0.12755,0.7143041363698193,2.9454044414201253,9.988586281068551,359.71457230765833,1.526275265602974,COMPLETE
4212,0.11435,0.8078084898359807,7.489439152524652,4.784335062379933,1575.9369216711668,2.1102891532478085,COMPLETE
4213,0.12045,0.558244940624234,4.682524285506051,8.418374689108267,0.4291787550495798,0.01958528178660939,COMPLETE
4214,0.11885,0.6296119832607863,7.489439152524652,8.046802743526563,0.4111694316312813,0.02595018451878776,COMPLETE
4215,0.1246,0.551982257353526,5.494110845699566,8.418374689108267,65.42850617031253,0.022897031289506847,COMPLETE
4216,0.06875,0.13207240244883348,4.142211561032523,1.1679739768270172,2.984682452790632,0.7306953052604724,COMPLETE
4217,0.13525,0.8673947000742933,6.812644630608508,9.988586281068551,359.71457230765833,1.526275265602974,COMPLETE
4218,0.10165,0.506137839957325,7.083398930310264,9.988586281068551,0.061487864303621784,4.792699168837896,COMPLETE
4219,0.122,0.7179053557625819,2.3776451445144886,9.988586281068551,2496.3595617559013,9.029190605425699,COMPLETE
4220,0.10095,0.677281310196753,7.489439152524652,8.418374689108267,0.019315069618518407,2.1102891532478085,COMPLETE
4221,0.0963,0.5509358452475731,4.156687209708218,3.090486046285055,359.71457230765833,1.526275265602974,COMPLETE
4222,0.10125,0.6196544082403634,7.489439152524652,9.424991759892267,2.3334551165144113,1.526275265602974,COMPLETE
4223,0.0985,0.4996908939061647,7.489439152524652,2.8748285685591375,0.011064191135752277,0.050734386197510105,COMPLETE
4224,0.095,0.5799702856742954,7.489439152524652,8.418374689108267,0.2375632155177592,1.526275265602974,COMPLETE
4225,0.09335,0.5960565234060122,7.489439152524652,8.418374689108267,0.9751068163263072,2.9980212930138057,COMPLETE
4226,0.10205,0.5965682939022652,7.321806062638004,5.196045314781185,0.03112046607053022,0.5985950343657075,COMPLETE
4227,0.1426,0.8400825496460206,2.9296562742008927,9.933529862520766,2952.8077542071637,1.526275265602974,COMPLETE
4228,0.12845,0.599274787925145,7.489439152524652,8.418374689108267,359.71457230765833,0.025451981912181502,COMPLETE
4229,0.0987,0.5826190451764234,5.667619334323397,8.158314831101805,0.018436925102235574,2.2285377892205345,COMPLETE
4230,0.1262,0.7922473481328903,5.443169702125653,5.8081057233180955,1476.1251734596226,3.5904945948381464,COMPLETE
4231,0.1286,0.25433887373006075,0.3773709111089333,9.988586281068551,112.323925330586,24.302730657803238,COMPLETE
4232,0.14865,0.8373807731645966,7.489439152524652,9.988586281068551,781.4867253658133,0.7381855245008525,COMPLETE
4233,0.1305,0.7974454936853763,5.5150049043702545,6.612639322764853,359.71457230765833,0.5756808322227802,COMPLETE
4234,0.1118,0.8076338179806679,7.339695485358947,5.8081057233180955,359.71457230765833,1.0864194972631505,COMPLETE
4235,0.08885,0.5559445635293101,7.321806062638004,4.538168244409677,30.54779366423335,0.5985950343657075,COMPLETE
4236,0.0791,0.47575390665908296,7.489439152524652,3.8199285326040684,0.061530195681195304,2.1102891532478085,COMPLETE
4237,0.07025,0.36490594867743037,7.489439152524652,3.1109816593785697,0.2596877862342373,4.792699168837896,COMPLETE
4238,0.08965,0.41648260808268706,5.023313547362663,1.0035449246610728,1575.9369216711668,11.34645454198699,COMPLETE
4239,0.13965,0.8354044579211212,7.339695485358947,9.988586281068551,1476.1251734596226,0.7306953052604724,COMPLETE
4240,0.11875,0.8392819870092376,7.489439152524652,9.988586281068551,368.85547705930156,4.792699168837896,COMPLETE
4241,0.10445,0.5945056516012701,7.398979747077997,9.988586281068551,61.128832411058866,53.58309277079498,COMPLETE
4242,0.08825,0.17893770399409528,2.412987041021947,1.1679739768270172,153.425653363688,2.5816199979354315,COMPLETE
4243,0.12205,0.8090851136555464,7.339695485358947,7.5807374664498095,377.0908960454622,1.526275265602974,COMPLETE
4244,0.06975,0.16201027647810312,7.211246974011563,1.1679739768270172,0.011064191135752277,1.3157650113770214,COMPLETE
4245,0.1238,0.819194346496293,7.489439152524652,8.418374689108267,359.71457230765833,1.3964044847064154,COMPLETE
4246,0.0738,0.4251888007455454,7.211246974011563,3.0156649020845308,0.011064191135752277,0.5985950343657075,COMPLETE
4247,0.09075,0.5009380980911149,7.339695485358947,7.451337432117496,0.4111694316312813,11.34645454198699,COMPLETE
4248,0.0752,0.4525587251991701,7.398979747077997,3.0156649020845308,3.8550936582892494,0.5985950343657075,COMPLETE
4249,0.1023,0.4281994416319069,7.489439152524652,2.003376307974027,1575.9369216711668,0.013716410145987535,COMPLETE
4250,0.12605,0.8101249060378863,6.781386086844817,8.418374689108267,153.2860257697558,0.7306953052604724,COMPLETE
4251,0.08935,0.33518586973193726,5.443169702125653,1.0340435745788543,1476.1251734596226,0.019234642317662365,COMPLETE
4252,0.12245,0.7077175050589077,5.334411901674462,8.418374689108267,112.323925330586,2.1102891532478085,COMPLETE
4253,0.0995,0.5660134769851116,7.339695485358947,7.451337432117496,0.4111694316312813,3.03676595916068,COMPLETE
4254,0.1074,0.6870769878876539,6.666959706638387,9.988586281068551,65.42850617031253,2.1102891532478085,COMPLETE
4255,0.1074,0.25302463725421265,1.1687734845235984,4.101823977297871,0.48160356426463263,0.5985950343657075,COMPLETE
4256,0.10795,0.7229429505259465,7.489439152524652,7.478652923829845,116.68218004772335,1.8602957309646184,COMPLETE
4257,0.08085,0.47494066073564084,7.489439152524652,4.101823977297871,0.48160356426463263,1.526275265602974,COMPLETE
4258,0.10165,0.6224133091494546,5.334411901674462,7.451337432117496,0.4111694316312813,1.526275265602974,COMPLETE
4259,0.1167,0.8287000632197958,7.489439152524652,9.988586281068551,359.71457230765833,1.8602957309646184,COMPLETE
4260,0.09545,0.5522292916726972,7.339695485358947,5.135021241681545,4.01057044168432,0.5985950343657075,COMPLETE
4261,0.1512,0.7966887131857878,7.339695485358947,9.988586281068551,1476.1251734596226,0.30902319197258643,COMPLETE
4262,0.08545,0.5657006852493592,7.339695485358947,5.8081057233180955,0.019315069618518407,2.1102891532478085,COMPLETE
4263,0.1256,0.8927626862076633,7.489439152524652,9.988586281068551,359.71457230765833,1.526275265602974,COMPLETE
4264,0.0949,0.2793721437262617,1.5301830070197202,3.0156649020845308,5.7421514629511226,0.5985950343657075,COMPLETE
4265,0.12525,0.2592360293312356,0.3523961607866627,5.8081057233180955,164.0320475805673,1.0864194972631505,COMPLETE
4266,0.0924,0.4990962090236907,4.0618225247174795,7.451337432117496,0.019916891194649865,1.9248599758995548,COMPLETE
4267,0.1141,0.8042898903477812,7.489439152524652,7.064828853371695,359.71457230765833,1.526275265602974,COMPLETE
4268,0.0916,0.5468221431524004,7.321806062638004,3.0638630129150126,153.2860257697558,55.996411875888526,COMPLETE
4269,0.06155,0.2798139512162062,7.489439152524652,1.2992706708708701,0.022872403443138362,0.07899621808581027,COMPLETE
4270,0.0908,0.4792488243041644,2.3129545867578547,1.795318855653401,1476.1251734596226,0.04936096421719876,COMPLETE
4271,0.10825,0.7056317730053294,7.489439152524652,8.418374689108267,65.42850617031253,2.1102891532478085,COMPLETE
4272,0.0978,0.6360000681148428,7.489439152524652,7.493753871170365,61.128832411058866,39.38968708755794,COMPLETE
4273,0.11585,0.7674395470223189,6.812644630608508,6.612639322764853,359.71457230765833,3.0201208946973193,COMPLETE
4274,0.10255,0.5285168447208894,1.551939006821255,6.612639322764853,359.71457230765833,1.3157650113770214,COMPLETE
4275,0.1366,0.6888226212482683,3.6357549203410633,9.988586281068551,5255.529825303912,0.04348158345166699,COMPLETE
4276,0.1069,0.641615013832675,7.489439152524652,3.4481014163397137,560.4775189597802,25.06267964019288,COMPLETE
4277,0.09015,0.2781436073080369,4.9011015945340795,1.48795908758087,116.68218004772335,1.8602957309646184,COMPLETE
4278,0.1072,0.757849401790774,7.321806062638004,8.418374689108267,61.128832411058866,0.5985950343657075,COMPLETE
4279,0.09565,0.49015803897195026,7.321806062638004,3.8026244351241663,61.128832411058866,2.1102891532478085,COMPLETE
4280,0.1193,0.7669929419709068,7.339695485358947,9.988586281068551,359.71457230765833,12.16975894393884,COMPLETE
4281,0.1238,0.7777505943905454,7.489439152524652,4.83544139530696,1476.1251734596226,4.792699168837896,COMPLETE
4282,0.0661,0.258239256158507,7.339695485358947,1.7594328755806863,2.8425664764979945,11.34645454198699,COMPLETE
4283,0.08775,0.5206892371976399,3.9356771138051783,3.8552122469967838,153.2860257697558,0.7306953052604724,COMPLETE
4284,0.1019,0.5034376268295928,6.8435536313626235,1.1679739768270172,3869.1509953143877,11.34645454198699,COMPLETE
4285,0.13115,0.8498529754522648,5.5150049043702545,9.988586281068551,560.4775189597802,1.526275265602974,COMPLETE
4286,0.1102,0.3305506966178851,0.18019821881385134,6.0066432499229245,2.4792588435669867,0.030595349341982422,COMPLETE
4287,0.11195,0.6244952442778363,7.489439152524652,8.418374689108267,4.6216117253800055,0.0842104768342887,COMPLETE
4288,0.1428,0.9099219532522568,7.339695485358947,9.988586281068551,1476.1251734596226,3.646616628444733,COMPLETE
4289,0.1213,0.7624773412089029,7.489439152524652,5.196045314781185,560.4775189597802,1.526275265602974,COMPLETE
4290,0.10445,0.6931870759602976,7.489439152524652,3.866079192149569,61.128832411058866,0.14049656611727465,COMPLETE
4291,0.0964,0.6191143841530373,7.321806062638004,3.0638630129150126,116.68218004772335,0.16236422945856918,COMPLETE
4292,0.07245,0.25607643266132346,3.432523070459628,2.195218904889921,0.03780832005363387,45.20614467374995,COMPLETE
4293,0.11025,0.6123768528902594,3.7690961992797805,9.767312130896007,126.26550040961611,13.737135040054913,COMPLETE
4294,0.12595,0.7977858134060202,6.422403247815312,7.639970758565217,153.2860257697558,0.34648684302717897,COMPLETE
4295,0.12435,0.7997450349421364,7.489439152524652,9.767312130896007,111.18850587297112,0.21319649131308402,COMPLETE
4296,0.0938,0.36640757389304623,6.033175863692749,4.101823977297871,0.014734827659324965,0.5985950343657075,COMPLETE
4297,0.06665,0.22641158755324392,7.489439152524652,1.2992706708708701,8.615645123162675,0.43045658998406305,COMPLETE
4298,0.08915,0.5063854609931888,7.339695485358947,7.451337432117496,0.06392662805126086,4.615975235691457,COMPLETE
4299,0.09865,0.6228735675526855,7.339695485358947,8.768164107027408,6.48522403315561,1.3157650113770214,COMPLETE
4300,0.0926,0.5139226589792364,7.489439152524652,9.988586281068551,0.04234673868903906,18.916442188241962,COMPLETE
4301,0.0996,0.6009870518553002,6.666959706638387,9.988586281068551,28.578615906082415,13.737135040054913,COMPLETE
4302,0.1413,0.8043613217515072,7.489439152524652,6.612639322764853,359.71457230765833,0.34579457008483555,COMPLETE
4303,0.11925,0.8300933383527365,7.321806062638004,7.639970758565217,153.2860257697558,0.7306953052604724,COMPLETE
4304,0.13965,0.8405299870483827,5.860436861395003,9.988586281068551,1476.1251734596226,4.792699168837896,COMPLETE
4305,0.08175,0.4635293306749106,4.747710951279684,1.2992706708708701,1659.5802707037597,0.13391944103899936,COMPLETE
4306,0.09765,0.4021405731864508,1.7654213548000806,9.988586281068551,6.845377886067434,4.792699168837896,COMPLETE
4307,0.1414,0.9026674619096277,7.489439152524652,9.988586281068551,1476.1251734596226,4.792699168837896,COMPLETE
4308,0.12785,0.8069771203380391,7.489439152524652,6.612639322764853,359.71457230765833,1.3157650113770214,COMPLETE
4309,0.1205,0.7129759920202732,5.4071762861770525,8.939762892642012,359.71457230765833,13.737135040054913,COMPLETE
4310,0.1186,0.7844522987894519,7.489439152524652,7.639970758565217,153.2860257697558,0.7306953052604724,COMPLETE
4311,0.1024,0.5975840497581976,4.404437932902968,5.763358209492632,2.4792588435669867,0.0666399031927573,COMPLETE
4312,0.12815,0.6837031731912191,7.339695485358947,7.639970758565217,153.2860257697558,0.07205422546811541,COMPLETE
4313,0.089,0.49953126422594707,7.321806062638004,7.451337432117496,0.4111694316312813,11.34645454198699,COMPLETE
4314,0.0837,0.3543471772922725,7.339695485358947,1.0340435745788543,359.71457230765833,0.5985950343657075,COMPLETE
4315,0.06605,0.16011176307514524,7.489439152524652,1.1679739768270172,2.4792588435669867,1.526275265602974,COMPLETE
4316,0.1366,0.8340099337729838,7.489439152524652,8.900895827429272,1476.1251734596226,0.6332762249686974,COMPLETE
4317,0.0962,0.5769544812205459,4.619052198960162,6.612639322764853,33.38286258688138,1.3157650113770214,COMPLETE
4318,0.0643,0.25695775290603035,7.489439152524652,1.2992706708708701,6.48522403315561,0.07899621808581027,COMPLETE
4319,0.09325,0.5715983829384218,5.334411901674462,9.933529862520766,2.4792588435669867,1.526275265602974,COMPLETE
4320,0.1013,0.35727444119045354,0.7173040848696003,9.988586281068551,0.18789870720668425,27.05296490832267,COMPLETE
4321,0.0731,0.2621923902792504,7.339695485358947,1.740398603646929,0.5529959922862323,0.4237775328566238,COMPLETE
4322,0.09265,0.47446007128520795,5.443169702125653,1.0340435745788543,4805.408510725193,1.010558986363453,COMPLETE
4323,0.1274,0.8944837008027654,7.489439152524652,8.418374689108267,1575.9369216711668,2.1102891532478085,COMPLETE
4324,0.096,0.524642641698072,7.146308408451052,6.612639322764853,6.48522403315561,4.792699168837896,COMPLETE
4325,0.08315,0.2979630320242856,6.243366793589219,2.31037745090762,4.6216117253800055,0.44404789641050096,COMPLETE
4326,0.0634,0.1545014412137188,6.888084840389096,1.02906213574867,0.5503013998546388,1.3157650113770214,COMPLETE
4327,0.0664,0.1314548309631993,5.443169702125653,1.0340435745788543,1.033477985960891,0.7306953052604724,COMPLETE
4328,0.1524,0.8510655922816542,5.334411901674462,9.933529862520766,1476.1251734596226,1.526275265602974,COMPLETE
4329,0.11225,0.6588283676619492,7.43935192642072,2.5480370108037094,7027.637728304234,0.13224545739064966,COMPLETE
4330,0.0979,0.15528569435357312,0.7715295979506454,1.3672378725582144,65.42850617031253,48.912370331027205,COMPLETE
4331,0.0887,0.5508287498106017,7.339695485358947,3.0638630129150126,0.019315069618518407,0.0276670053903893,COMPLETE
4332,0.0886,0.587110797729617,7.489439152524652,3.0638630129150126,0.3314944694841193,0.044754322426772755,COMPLETE
4333,0.113,0.5763027658775558,3.4869934757535526,8.418374689108267,30.54779366423335,0.7306953052604724,COMPLETE
4334,0.11225,0.5812378475183949,6.859344814493618,9.767312130896007,2.4792588435669867,0.030595349341982422,COMPLETE
4335,0.1076,0.65388618905826,7.247734013461835,6.612639322764853,6.48522403315561,0.5985950343657075,COMPLETE
4336,0.0766,0.45964761798008685,7.489439152524652,1.0423605731910592,1476.1251734596226,3.646616628444733,COMPLETE
4337,0.11805,0.6939045340590692,6.812644630608508,9.988586281068551,111.18850587297112,13.737135040054913,COMPLETE
4338,0.11445,0.5694726586757631,7.489439152524652,3.0638630129150126,1476.1251734596226,0.061702634751248465,COMPLETE
4339,0.07405,0.22749163416218615,0.20565538495360436,2.378228839232941,0.5529959922862323,4.792699168837896,COMPLETE
4340,0.0901,0.5493217148662213,6.812644630608508,1.6268034317692641,1408.7360416587683,4.792699168837896,COMPLETE
4341,0.11415,0.575879913721987,1.6638736019314924,6.612639322764853,359.71457230765833,1.3157650113770214,COMPLETE
4342,0.08805,0.43257780092385384,2.530129349133357,3.373615474603948,0.019315069618518407,0.2944924768920615,COMPLETE
4343,0.07625,0.3014323846012816,7.321806062638004,2.7990992567202793,0.011064191135752277,12.564994736868005,COMPLETE
4344,0.11345,0.47530004994415215,0.5870953444324025,7.639970758565217,153.2860257697558,0.010564747029592843,COMPLETE
4345,0.09095,0.5982131583363701,7.489439152524652,9.988586281068551,0.022872403443138362,3.646616628444733,COMPLETE
4346,0.07585,0.4742185512094201,7.330935980420013,2.3551494548314484,112.323925330586,1.526275265602974,COMPLETE
4347,0.1041,0.6976831032716313,7.321806062638004,3.0638630129150126,1575.9369216711668,2.1102891532478085,COMPLETE
4348,0.07965,0.4587728351850076,7.489439152524652,1.2992706708708701,1476.1251734596226,3.646616628444733,COMPLETE
4349,0.0932,0.6046007678359572,7.339695485358947,3.514935061029921,153.2860257697558,0.7306953052604724,COMPLETE
4350,0.0938,0.4949802252242503,5.067504885748308,6.612639322764853,0.022872403443138362,1.3157650113770214,COMPLETE
4351,0.1108,0.7498398348161485,7.489439152524652,3.4533094781148153,1575.9369216711668,2.1102891532478085,COMPLETE
4352,0.07625,0.4729323710545786,7.489439152524652,1.0340435745788543,1575.9369216711668,2.1102891532478085,COMPLETE
4353,0.12955,0.6749125026555808,7.339695485358947,7.639970758565217,153.2860257697558,0.06447626796985431,COMPLETE
4354,0.08505,0.45156549219263614,7.339695485358947,5.061348409319827,0.4111694316312813,11.34645454198699,COMPLETE
4355,0.07585,0.5236814085571786,7.489439152524652,3.1109816593785697,30.54779366423335,0.2944924768920615,COMPLETE
4356,0.1322,0.849261746270289,7.489439152524652,8.418374689108267,359.71457230765833,1.3157650113770214,COMPLETE
4357,0.1333,0.6590795093954709,7.489439152524652,9.988586281068551,1476.1251734596226,0.04005828775431917,COMPLETE
4358,0.0955,0.4496518579664341,2.248939319922275,7.451337432117496,65.42850617031253,11.34645454198699,COMPLETE
4359,0.11915,0.7540978832522033,6.8435536313626235,7.639970758565217,213.12385576447687,2.8621765397402323,COMPLETE
4360,0.1021,0.7030508933225925,7.489439152524652,7.639970758565217,23.82879914384567,0.5985950343657075,COMPLETE
4361,0.1236,0.6084697759736811,2.044432427599434,9.988586281068551,359.71457230765833,1.0864194972631505,COMPLETE
4362,0.1542,0.8983242394341352,7.489439152524652,8.418374689108267,8709.167560980246,2.1102891532478085,COMPLETE
4363,0.1421,0.835824647425659,7.398979747077997,9.988586281068551,1476.1251734596226,0.5985950343657075,COMPLETE
4364,0.12725,0.7737483368676255,6.666959706638387,9.988586281068551,153.2860257697558,0.7306953052604724,COMPLETE
4365,0.1206,0.8208722326191302,7.489439152524652,9.933529862520766,260.6818181574416,1.526275265602974,COMPLETE
4366,0.1144,0.6510771731278259,2.241982975946041,9.988586281068551,359.71457230765833,4.408527923957216,COMPLETE
4367,0.13235,0.8702361024883308,7.339695485358947,8.418374689108267,1450.8545023123113,3.646616628444733,COMPLETE
4368,0.12245,0.7604028117350601,7.339695485358947,9.040257071876136,153.2860257697558,1.3964044847064154,COMPLETE
4369,0.1366,0.8017519451231052,3.814232086638084,8.418374689108267,1575.9369216711668,2.1102891532478085,COMPLETE
4370,0.1211,0.7464839180816577,7.489439152524652,3.2563705933703173,1476.1251734596226,0.7518988954773639,COMPLETE
4371,0.10745,0.27368017040470194,2.5743005977804483,3.1109816593785697,30.54779366423335,20.522497908169573,COMPLETE
4372,0.0726,0.5017814340005894,7.489439152524652,3.1109816593785697,30.54779366423335,1.526275265602974,COMPLETE
4373,0.0839,0.14717530590686523,2.669229316954611,1.2992706708708701,0.022872403443138362,2.1102891532478085,COMPLETE
4374,0.0589,0.20061211043152405,7.489439152524652,1.2992706708708701,0.022872403443138362,44.76380938653201,COMPLETE
4375,0.09345,0.6240899160439,7.489439152524652,6.612639322764853,6.48522403315561,0.7306953052604724,COMPLETE
4376,0.12785,0.8475496474668136,7.489439152524652,9.988586281068551,359.71457230765833,1.526275265602974,COMPLETE
4377,0.0814,0.27061546240290474,7.489439152524652,2.2317549291616117,0.12060258560368582,0.7306953052604724,COMPLETE
