number,values_0,values_1,params_delta_deg,params_gamma,params_lambda1,params_lambda3,state
3238,0.09535,0.5745520181084504,7.489439152524652,4.011406067136035,61.128832411058866,2.1102891532478085,COMPLETE
3239,0.0707,0.45214736094012414,7.339695485358947,1.56976277293406,308.8915266610851,0.5985950343657075,COMPLETE
3240,0.12405,0.8503644623467539,7.321806062638004,8.418374689108267,359.71457230765833,0.5985950343657075,COMPLETE
3241,0.1154,0.6900940572983941,7.489439152524652,7.639970758565217,2.4792588435669867,0.03563231943114724,COMPLETE
3242,0.0919,0.5505651975144235,7.339695485358947,8.418374689108267,4.6216117253800055,4.792699168837896,COMPLETE
3243,0.1093,0.676644055744001,7.489439152524652,7.451337432117496,0.022872403443138362,0.13391944103899936,COMPLETE
3244,0.10035,0.5002185147895477,4.8790839022812085,9.988586281068551,0.5236524399213033,4.792699168837896,COMPLETE
3245,0.0814,0.15289161101995197,3.713320962083249,1.2992706708708701,0.48160356426463263,0.5985950343657075,COMPLETE
3246,0.1237,0.7589670223316625,7.489439152524652,8.418374689108267,359.71457230765833,13.737135040054913,COMPLETE
3247,0.07135,0.20902810873240088,7.489439152524652,1.3485563544125208,4.6216117253800055,0.7306953052604724,COMPLETE
3248,0.0924,0.45351540263373874,6.812644630608508,5.0527813389634915,0.061530195681195304,4.792699168837896,COMPLETE
3249,0.1119,0.6091811807371116,3.346443754705691,8.418374689108267,4.6216117253800055,0.09221737591886486,COMPLETE
3250,0.08975,0.5249119435722694,7.489439152524652,2.100352133785577,359.71457230765833,1.526275265602974,COMPLETE
3251,0.10775,0.6374589938773103,7.489439152524652,5.697391189332226,0.022872403443138362,0.13391944103899936,COMPLETE
3252,0.0878,0.42223469512375905,5.5150049043702545,5.196045314781185,0.015949637454364816,8.319946470164494,COMPLETE
3253,0.06645,0.16065786930676798,6.8435536313626235,1.1679739768270172,2.4792588435669867,44.76380938653201,COMPLETE
3254,0.11625,0.7507952797718759,7.489439152524652,8.418374689108267,112.323925330586,2.1395532100064116,COMPLETE
3255,0.1284,0.8918465083635816,7.489439152524652,9.988586281068551,1476.1251734596226,4.792699168837896,COMPLETE
3256,0.1269,0.8725985448518979,5.222016868692356,9.933529862520766,1476.1251734596226,4.792699168837896,COMPLETE
3257,0.12735,0.695919308669955,3.611134372536653,9.988586281068551,359.71457230765833,4.792699168837896,COMPLETE
3258,0.08685,0.5520944526649583,7.489439152524652,5.061348409319827,0.5529959922862323,2.1102891532478085,COMPLETE
3259,0.07965,0.3988137285793086,7.398979747077997,3.0156649020845308,0.061530195681195304,0.5985950343657075,COMPLETE
3260,0.11355,0.7380111345266737,7.489439152524652,6.604645163145342,359.71457230765833,4.792699168837896,COMPLETE
3261,0.06515,0.22129110169509858,4.084919295542608,1.5978966475719691,0.17329863969346224,1.526275265602974,COMPLETE
3262,0.106,0.7119009429090895,7.489439152524652,9.988586281068551,0.0250089703982017,0.5985950343657075,COMPLETE
3263,0.11175,0.5732483341565122,4.807354205402632,7.451337432117496,106.0524564811259,4.792699168837896,COMPLETE
3264,0.07475,0.3218585599052859,7.321806062638004,2.195218904889921,1.616679458082518,0.2944924768920615,COMPLETE
3265,0.0776,0.4044629407474833,3.4960209897378696,3.0638630129150126,4.6216117253800055,0.5985950343657075,COMPLETE
3266,0.0996,0.552484792740357,4.327178703320956,5.8081057233180955,39.981402400545086,0.7306953052604724,COMPLETE
3267,0.136,0.8140290654162727,7.489439152524652,5.8081057233180955,1476.1251734596226,0.5985950343657075,COMPLETE
3268,0.0768,0.16545111386679787,7.339695485358947,1.1679739768270172,2.4792588435669867,24.605986645570493,COMPLETE
3269,0.08445,0.2552677982690446,5.334411901674462,1.4214004489846928,112.323925330586,1.526275265602974,COMPLETE
3270,0.1067,0.7451554304584795,7.489439152524652,5.8081057233180955,112.323925330586,0.5985950343657075,COMPLETE
3271,0.07405,0.3895903364944038,6.140176180548631,2.132727359940852,65.42850617031253,0.5985950343657075,COMPLETE
3272,0.12025,0.529079519900668,7.489439152524652,8.418374689108267,116.68218004772335,0.017202649428739527,COMPLETE
3273,0.09095,0.33360499673939237,4.499448849304179,3.1109816593785697,22.944493511185094,96.63407722683283,COMPLETE
3274,0.1186,0.6420998418583386,6.812644630608508,1.6674348018680416,9454.457281601339,0.4209914751434247,COMPLETE
3275,0.09865,0.5183007397666066,5.790980002982951,9.988586281068551,6.359347373753636,4.792699168837896,COMPLETE
3276,0.0978,0.3544284831545219,0.145259364188061,1.8299744577083084,1575.9369216711668,0.028493045052045515,COMPLETE
3277,0.0844,0.3792733400724037,6.8435536313626235,4.0476269852746585,2.4792588435669867,44.76380938653201,COMPLETE
3278,0.0911,0.574859655477491,7.489439152524652,3.044496758486503,24.687993700004206,0.02359269192994896,COMPLETE
3279,0.11965,0.7527448959756714,7.321806062638004,3.0638630129150126,2211.2561117262617,1.0864194972631505,COMPLETE
3280,0.08885,0.45671578469132845,7.339695485358947,3.662979932852882,0.5529959922862323,0.5985950343657075,COMPLETE
3281,0.09715,0.6393372275665746,7.489439152524652,1.7276170218662714,1476.1251734596226,0.5985950343657075,COMPLETE
3282,0.11985,0.6327702841752727,2.014917830970903,8.418374689108267,359.71457230765833,1.0864194972631505,COMPLETE
3283,0.10055,0.4703756617658952,1.9652236305600668,8.418374689108267,116.68218004772335,2.1102891532478085,COMPLETE
3284,0.13175,0.7671901220438968,5.9442165152614646,5.8081057233180955,5803.787757957473,0.1751326730910691,COMPLETE
3285,0.08,0.320970930693957,4.086847924754659,3.0638630129150126,3.8501932587549126,0.7306953052604724,COMPLETE
3286,0.112,0.7733524530289624,7.339695485358947,7.639970758565217,153.2860257697558,0.7306953052604724,COMPLETE
3287,0.1056,0.5782111290835312,7.339695485358947,7.451337432117496,2.4792588435669867,4.792699168837896,COMPLETE
3288,0.13055,0.8229061377396957,5.5150049043702545,9.988586281068551,560.4775189597802,1.526275265602974,COMPLETE
3289,0.07775,0.31894632839194126,7.339695485358947,2.195218904889921,2.4792588435669867,0.2944924768920615,COMPLETE
3290,0.07385,0.49657360740280254,7.489439152524652,3.0156649020845308,61.128832411058866,2.1102891532478085,COMPLETE
3291,0.06665,0.17977148802237308,5.923488888878805,1.2992706708708701,0.022872403443138362,9.125087805924377,COMPLETE
3292,0.11955,0.775687724801491,7.339695485358947,5.8081057233180955,359.71457230765833,1.8602957309646184,COMPLETE
3293,0.081,0.5415856254337744,7.489439152524652,5.061348409319827,0.5529959922862323,0.7306953052604724,COMPLETE
3294,0.10385,0.6041701027993557,7.489439152524652,8.418374689108267,0.017842638561142342,2.1102891532478085,COMPLETE
3295,0.09525,0.4849401040031169,7.489439152524652,8.418374689108267,0.48160356426463263,18.91504147426087,COMPLETE
3296,0.12445,0.5772542683850636,7.339695485358947,7.451337432117496,111.18850587297112,0.019051418960277858,COMPLETE
3297,0.1141,0.7598172094934889,7.489439152524652,7.046398629328492,560.4775189597802,78.10447944678967,COMPLETE
3298,0.0897,0.5610012823900753,7.339695485358947,6.612639322764853,0.48160356426463263,1.3157650113770214,COMPLETE
3299,0.09835,0.43471979714624065,3.144827598743254,7.451337432117496,0.4111694316312813,11.34645454198699,COMPLETE
3300,0.1369,0.9001442260206209,7.489439152524652,8.418374689108267,1476.1251734596226,2.1102891532478085,COMPLETE
3301,0.11335,0.8071386661882978,7.339695485358947,9.988586281068551,359.71457230765833,4.792699168837896,COMPLETE
3302,0.14355,0.6657021296490844,7.489439152524652,4.717485816466507,2779.3270810167287,0.10862891505838794,COMPLETE
3303,0.0957,0.47754275864001067,7.489439152524652,3.0638630129150126,0.022872403443138362,0.13391944103899936,COMPLETE
3304,0.14105,0.7982520725105362,3.102949643369227,9.988586281068551,1476.1251734596226,0.5985950343657075,COMPLETE
3305,0.07915,0.34647922837799977,7.489439152524652,2.7187634325065777,3.780434783666814,0.7306953052604724,COMPLETE
3306,0.09545,0.5171161781382565,4.998865056912916,5.8081057233180955,0.0250089703982017,0.5985950343657075,COMPLETE
3307,0.08535,0.5284826612022553,7.489439152524652,4.101823977297871,0.48160356426463263,0.5985950343657075,COMPLETE
3308,0.0679,0.1504210163880129,7.321806062638004,1.05361246830692,4.6216117253800055,1.8602957309646184,COMPLETE
3309,0.1155,0.4268156596851122,2.473547488262538,9.988586281068551,1.6736193454445272,0.7306953052604724,COMPLETE
3310,0.0949,0.5794689369228959,7.489439152524652,7.2261296245118425,0.022872403443138362,1.526275265602974,COMPLETE
3311,0.11015,0.533432731854604,7.489439152524652,3.0638630129150126,359.71457230765833,0.03666624968389284,COMPLETE
3312,0.1092,0.7227156089001654,5.334411901674462,9.933529862520766,112.323925330586,4.792699168837896,COMPLETE
3313,0.1034,0.6689390627221625,7.489439152524652,8.418374689108267,0.0250089703982017,0.5985950343657075,COMPLETE
3314,0.0814,0.49925517400411806,5.868505918370924,4.101823977297871,0.057623206276589144,0.5985950343657075,COMPLETE
3315,0.1067,0.6330225088847651,4.980480748052062,8.418374689108267,0.4111694316312813,2.1102891532478085,COMPLETE
3316,0.1357,0.8524777105339104,7.489439152524652,9.988586281068551,1476.1251734596226,13.737135040054913,COMPLETE
3317,0.107,0.6730857323175444,7.339695485358947,2.0456848237903604,4194.806887764152,0.7306953052604724,COMPLETE
3318,0.07125,0.16715011684389577,7.321806062638004,1.0340435745788543,30.54779366423335,0.5985950343657075,COMPLETE
3319,0.1141,0.629479288221648,5.337164969743517,9.767312130896007,111.18850587297112,2.1461636384867457,COMPLETE
3320,0.13845,0.8039977238168886,4.517751721285683,9.988586281068551,1476.1251734596226,3.646616628444733,COMPLETE
3321,0.10055,0.5757724218103669,7.489439152524652,3.0638630129150126,359.71457230765833,13.737135040054913,COMPLETE
3322,0.06915,0.44919344914257636,5.443169702125653,1.0340435745788543,1476.1251734596226,1.010558986363453,COMPLETE
3323,0.0747,0.3848844896560539,7.339695485358947,3.1109816593785697,0.5529959922862323,3.1622582557296277,COMPLETE
3324,0.12555,0.6453484312480462,3.1904817433082275,5.8081057233180955,359.71457230765833,1.0864194972631505,COMPLETE
3325,0.1114,0.6646597259650271,7.489439152524652,7.790033834756148,0.017955205663539118,0.5985950343657075,COMPLETE
3326,0.1337,0.9013714860032113,7.489439152524652,8.439907356702408,1575.9369216711668,2.1102891532478085,COMPLETE
3327,0.0867,0.3991917289019523,6.8435536313626235,1.3329432521257907,359.71457230765833,13.737135040054913,COMPLETE
3328,0.0764,0.4482875227841296,7.339695485358947,1.8255099716330319,183.86763777585836,0.7306953052604724,COMPLETE
3329,0.1107,0.47919940833775443,3.9562488613352262,8.418374689108267,65.42850617031253,7.461988224342168,COMPLETE
3330,0.0934,0.45129732803802425,0.5661717033292071,8.418374689108267,1212.3265166280087,44.76380938653201,COMPLETE
3331,0.0814,0.15805584995126815,4.572046410296353,1.2992706708708701,0.022872403443138362,12.146893267526337,COMPLETE
3332,0.1052,0.6927396176464873,7.489439152524652,9.623543652840597,0.0250089703982017,0.5985950343657075,COMPLETE
3333,0.0755,0.22611759391091082,4.764653977135832,1.1752534301176467,111.18850587297112,23.982825427956648,COMPLETE
3334,0.1385,0.7980814715387685,7.489439152524652,5.8081057233180955,1476.1251734596226,0.5985950343657075,COMPLETE
3335,0.05885,0.23432477593774925,7.339695485358947,1.2992706708708701,0.5529959922862323,0.13391944103899936,COMPLETE
3336,0.12185,0.6849723814758165,5.334411901674462,9.933529862520766,112.323925330586,1.526275265602974,COMPLETE
3337,0.0847,0.5204971898015172,7.339695485358947,7.451337432117496,0.4111694316312813,21.33254225203594,COMPLETE
3338,0.09515,0.6880808016199805,7.489439152524652,6.855565905323276,0.07854897593284331,0.5985950343657075,COMPLETE
3339,0.12145,0.5673779340931658,7.339695485358947,3.2051220900273707,153.2860257697558,0.03380732725402125,COMPLETE
3340,0.1481,0.8902879724967108,6.390370848371015,8.418374689108267,1575.9369216711668,2.1102891532478085,COMPLETE
3341,0.09905,0.6291139557055275,4.059846313165341,8.418374689108267,65.42850617031253,2.1102891532478085,COMPLETE
3342,0.076,0.13254060032474993,2.931920086774941,1.1679739768270172,2.4792588435669867,44.76380938653201,COMPLETE
3343,0.09295,0.3867620040494978,5.5150049043702545,1.312049010950183,560.4775189597802,1.526275265602974,COMPLETE
3344,0.099,0.5473602750772988,7.489439152524652,5.8081057233180955,0.022872403443138362,0.5985950343657075,COMPLETE
3345,0.0854,0.5431386891535297,7.339695485358947,5.8081057233180955,0.0250089703982017,1.9209123202468554,COMPLETE
3346,0.1408,0.6896682685491039,5.334411901674462,9.933529862520766,622.2866888636565,0.11403536935091677,COMPLETE
3347,0.11945,0.7746400061663378,7.489439152524652,9.988586281068551,359.71457230765833,12.146893267526337,COMPLETE
3348,0.1421,0.9086479787734477,7.489439152524652,9.988586281068551,1476.1251734596226,3.3618910895712224,COMPLETE
3349,0.09185,0.27762045777873606,0.4959177805745991,7.451337432117496,0.4111694316312813,11.34645454198699,COMPLETE
3350,0.1307,0.5646387868685979,7.489439152524652,9.988586281068551,1476.1251734596226,0.030595349341982422,COMPLETE
3351,0.1135,0.3352424767705457,1.3143419909515657,7.451337432117496,0.48160356426463263,0.5985950343657075,COMPLETE
3352,0.08495,0.5315493739484576,7.489439152524652,3.0638630129150126,112.323925330586,0.5985950343657075,COMPLETE
3353,0.13655,0.7005072823573785,3.380628422664375,5.196045314781185,1575.9369216711668,1.526275265602974,COMPLETE
3354,0.10255,0.43059631438854956,4.2172191327087765,6.612639322764853,0.061530195681195304,5.745692193785241,COMPLETE
3355,0.1411,0.7804749133859576,7.339695485358947,6.612639322764853,2487.880933611511,0.415916794817734,COMPLETE
3356,0.0972,0.5306801074708273,7.339695485358947,8.081900811612105,0.4111694316312813,11.34645454198699,COMPLETE
3357,0.10685,0.7480576309564524,7.489439152524652,9.988586281068551,112.323925330586,9.195535630694218,COMPLETE
3358,0.1355,0.734483421362811,4.31137035005329,6.027390440535013,1575.9369216711668,0.1882047632017993,COMPLETE
3359,0.0855,0.4730543135616913,4.502362961409503,4.101823977297871,30.54779366423335,0.5985950343657075,COMPLETE
3360,0.08865,0.5882112735944826,7.339695485358947,9.988586281068551,0.4111694316312813,5.320082832789028,COMPLETE
3361,0.1166,0.7581867472618835,7.489439152524652,9.988586281068551,112.323925330586,4.792699168837896,COMPLETE
3362,0.0883,0.23445017388954226,7.489439152524652,1.1679739768270172,112.323925330586,46.43162225085181,COMPLETE
3363,0.08735,0.49935219426033106,7.489439152524652,1.2686176056525094,2489.250408064059,4.792699168837896,COMPLETE
3364,0.07905,0.4606551993471571,7.245196443667046,3.0638630129150126,0.17238586292249744,0.5985950343657075,COMPLETE
3365,0.13175,0.8844059248533822,7.489439152524652,9.988586281068551,1476.1251734596226,79.36287977487018,COMPLETE
3366,0.08165,0.4719850692695829,7.489439152524652,4.180304669996441,0.060475637084139784,2.1102891532478085,COMPLETE
3367,0.0669,0.30415290976776116,7.339695485358947,1.1679739768270172,2.4792588435669867,0.030595349341982422,COMPLETE
3368,0.091,0.5308034492533671,7.321806062638004,3.0638630129150126,61.128832411058866,0.5985950343657075,COMPLETE
3369,0.092,0.44876724479390095,7.339695485358947,4.256093673819688,2.4792588435669867,1.526275265602974,COMPLETE
3370,0.11265,0.6466450700137025,7.339695485358947,6.308118934870641,2.5350509851002125,0.3282947809647012,COMPLETE
3371,0.09745,0.42328717074010075,1.7086667784341705,2.754040559680909,359.71457230765833,1.526275265602974,COMPLETE
3372,0.088,0.4241045973466033,7.339695485358947,5.8081057233180955,2.4792588435669867,44.76380938653201,COMPLETE
3373,0.1179,0.3041138606264597,0.5532468723531021,9.988586281068551,0.061530195681195304,1.526275265602974,COMPLETE
3374,0.08685,0.5635514947053262,7.489439152524652,1.8051958141062716,560.4775189597802,0.7306953052604724,COMPLETE
3375,0.10345,0.6233870294620565,7.321806062638004,2.113779673542099,1476.1251734596226,3.255775173040617,COMPLETE
3376,0.1314,0.7933102286246736,7.489439152524652,5.196045314781185,560.4775189597802,0.5985950343657075,COMPLETE
3377,0.074,0.46190766931071076,5.28700932213262,1.2992706708708701,560.4775189597802,0.13391944103899936,COMPLETE
3378,0.1092,0.7772773540636384,7.321806062638004,7.579869627335266,359.71457230765833,7.3155679636009445,COMPLETE
3379,0.0921,0.5650300553924144,5.5150049043702545,3.0638630129150126,359.71457230765833,1.526275265602974,COMPLETE
3380,0.0679,0.2753649573180452,7.339695485358947,1.1679739768270172,2.4792588435669867,0.030595349341982422,COMPLETE
3381,0.1094,0.7391092591604163,7.339695485358947,9.988586281068551,111.18850587297112,4.792699168837896,COMPLETE
3382,0.1332,0.858124299820657,7.398979747077997,9.988586281068551,1688.3846346819648,53.58576174994864,COMPLETE
3383,0.13385,0.6073104404426567,7.489439152524652,9.988586281068551,1476.1251734596226,0.03941030767630006,COMPLETE
3384,0.1096,0.685336007652289,7.321806062638004,5.674502371900788,61.128832411058866,0.5985950343657075,COMPLETE
3385,0.0658,0.19942693223207797,7.489439152524652,1.2802610555033749,4.6216117253800055,0.5985950343657075,COMPLETE
3386,0.1074,0.5325605233144074,7.489439152524652,1.2992706708708701,2836.3917581332557,0.3166458306328103,COMPLETE
3387,0.11435,0.625085594450752,6.59772038715731,3.0156649020845308,1575.9369216711668,0.06316192775051899,COMPLETE
3388,0.0966,0.46735411655311193,0.46037724583492246,8.418374689108267,1575.9369216711668,1.8602957309646184,COMPLETE
3389,0.08345,0.36761729031119034,7.489439152524652,3.1999915787523325,0.061530195681195304,1.4981213252160623,COMPLETE
3390,0.13175,0.8667147329678423,7.339695485358947,9.988586281068551,359.71457230765833,1.526275265602974,COMPLETE
3391,0.06685,0.2023297950583152,7.489439152524652,1.2992706708708701,0.6465066184133956,0.5985950343657075,COMPLETE
3392,0.0946,0.6308048832885983,7.339695485358947,8.418374689108267,0.5529959922862323,4.418708729683433,COMPLETE
3393,0.1339,0.7245577149582669,2.874323013758674,9.988586281068551,359.71457230765833,0.5985950343657075,COMPLETE
3394,0.1003,0.6297621074680024,7.339695485358947,8.418374689108267,4.6216117253800055,0.5985950343657075,COMPLETE
3395,0.1153,0.5966959646371499,3.7790241425097744,9.988586281068551,153.2860257697558,30.885900600448938,COMPLETE
3396,0.13295,0.6743061913453066,7.356692538748289,2.8605181945834883,1575.9369216711668,0.19191409934857934,COMPLETE
3397,0.06705,0.17748604639564625,7.489439152524652,1.1679739768270172,2.4792588435669867,4.792699168837896,COMPLETE
3398,0.09675,0.5081124472861643,3.7001512568248582,2.8100029422266535,1476.1251734596226,15.304390539534651,COMPLETE
3399,0.13175,0.5579135008692919,7.489439152524652,9.988586281068551,359.71457230765833,0.031809313766425665,COMPLETE
3400,0.09695,0.642062685016192,7.339695485358947,5.8081057233180955,0.022872403443138362,0.13391944103899936,COMPLETE
3401,0.15165,0.8815918072926805,7.304590843783377,8.418374689108267,1575.9369216711668,1.526275265602974,COMPLETE
3402,0.1308,0.8340246517610571,7.489439152524652,9.988586281068551,1688.3846346819648,76.94197724645433,COMPLETE
3403,0.1187,0.6940644488079132,7.489439152524652,8.418374689108267,0.9506878556790075,0.2075516905757788,COMPLETE
3404,0.09645,0.5397710403169094,7.489439152524652,1.7168613762124068,1476.1251734596226,4.792699168837896,COMPLETE
3405,0.0788,0.4247223078011437,7.489439152524652,4.101823977297871,0.48160356426463263,77.51578539440435,COMPLETE
3406,0.08955,0.5670926728367421,7.489439152524652,9.988586281068551,4.6216117253800055,4.792699168837896,COMPLETE
3407,0.1081,0.43926594804500374,2.0796594046089907,8.418374689108267,116.68218004772335,2.1102891532478085,COMPLETE
3408,0.09595,0.6488589272686128,7.339695485358947,5.8081057233180955,0.6494832708888578,0.8066172090490491,COMPLETE
3409,0.10885,0.5716468510107688,5.5150049043702545,5.196045314781185,93.82981700805003,2.776695796910002,COMPLETE
3410,0.0933,0.6512982567316428,7.339695485358947,5.8081057233180955,63.41944690821999,1.0864194972631505,COMPLETE
3411,0.0883,0.5408598998363234,7.321806062638004,5.061348409319827,4.6216117253800055,1.3964044847064154,COMPLETE
3412,0.0835,0.45124297440994343,5.334411901674462,5.921478829148517,1.1267578030689007,1.526275265602974,COMPLETE
3413,0.1093,0.7482256657027319,6.875258688642642,9.988586281068551,116.68218004772335,1.8602957309646184,COMPLETE
3414,0.1036,0.6108520334742308,7.489439152524652,8.418374689108267,65.42850617031253,33.282411742177764,COMPLETE
3415,0.11805,0.6790169217260839,4.401525667137002,7.639970758565217,153.2860257697558,0.7306953052604724,COMPLETE
3416,0.1272,0.8738160465477904,7.489439152524652,5.196045314781185,6081.955716887981,2.1102891532478085,COMPLETE
3417,0.13085,0.8102539486725893,5.430813773936036,5.8081057233180955,560.4775189597802,0.7306953052604724,COMPLETE
3418,0.07715,0.47524404361171074,7.321806062638004,2.758131350099462,61.128832411058866,1.526275265602974,COMPLETE
3419,0.1143,0.7705177793143805,7.489439152524652,4.55981566249151,1476.1251734596226,3.646616628444733,COMPLETE
3420,0.0772,0.4737849735995126,7.321806062638004,3.0638630129150126,30.54779366423335,0.5985950343657075,COMPLETE
3421,0.09475,0.28449373688985824,0.6778979115919537,1.4955726903370994,116.68218004772335,0.026885007664558827,COMPLETE
3422,0.10865,0.346607303126958,1.4054621799071265,9.767312130896007,0.11245604393372541,0.5985950343657075,COMPLETE
3423,0.10925,0.4552749338579614,0.6554388644151743,9.988586281068551,153.2860257697558,0.0505439599298405,COMPLETE
3424,0.14125,0.8749978250911494,7.339695485358947,8.418374689108267,811.8195153192778,2.1102891532478085,COMPLETE
3425,0.06575,0.27920301297988936,7.211246974011563,1.1679739768270172,0.011064191135752277,0.030595349341982422,COMPLETE
3426,0.0918,0.6508290787373641,7.339695485358947,5.061348409319827,0.017944270076093727,0.7306953052604724,COMPLETE
3427,0.10205,0.6291517629586246,7.489439152524652,7.639970758565217,1.1171881114042286,0.7306953052604724,COMPLETE
