number,values_0,values_1,params_delta_deg,params_gamma,params_lambda1,params_lambda2,params_lambda3,params_lambda4,state
3343,0.06805,0.5056666192019036,5.719667260978259,9.890916012877245,0.016767417635497637,0.047570004104159534,40.977335050693426,3.407169759582504e-13,COMPLETE
3344,0.0613,0.5797730057141401,7.051402036894628,5.6596699071572285,0.3474112486367053,0.047570004104159534,0.764092524644605,1.9043961097477443e-12,COMPLETE
3345,0.06515,0.4441431380823142,6.103623020551158,2.947211117258467,104.61067826393281,6.960257180873324,80.46577679760097,5.432263014140687e-13,COMPLETE
3346,0.0765,0.46528609380893615,3.6595373528175266,6.739211750462179,671.9314825823849,110.16646134717259,0.11060646004395691,1.7411112824373338e-14,COMPLETE
3347,0.0968,0.8423295196577468,6.943625321882633,9.890916012877245,123.52077947060401,0.047570004104159534,0.764092524644605,3.407169759582504e-13,COMPLETE
3348,0.0543,0.301042693140913,5.989976616159035,1.7519510271087413,0.4634053899763641,5.054984284069897,76.57127726580364,1.621364679176634e-08,COMPLETE
3349,0.11665,0.8156259797709604,7.296565715563787,8.589555334735461,2661.553121751245,0.004569612957571183,1.1961286443235215,8.720647859508846e-11,COMPLETE
3350,0.07425,0.3613059240580292,1.12492389940928,1.7519510271087413,8.480198819775108,51.0531204742495,0.764092524644605,5.521087576123659e-10,COMPLETE
3351,0.0662,0.2866220737633706,2.814100701907451,9.890916012877245,0.4634053899763641,1.5630282565660134,3.6008094906658137,0.0001090320341973249,COMPLETE
3352,0.07645,0.5291298386113475,6.943625321882633,9.890916012877245,0.036676075062017914,0.05564315315248067,14.732118064935978,2.2563515925025537e-09,COMPLETE
3353,0.07265,0.5327743908231138,7.051402036894628,6.875144787901625,0.07261268023359602,0.08143726543969673,80.32603802459504,8.564477591299451e-11,COMPLETE
3354,0.0871,0.6494845940846405,4.958426658725357,9.890916012877245,0.4634053899763641,186.9306125540257,34.574222073764446,3.649569116806477e-06,COMPLETE
3355,0.0562,0.3693537839282983,4.797597292147365,1.7519510271087413,1.8442663426239594,4.006173959705789,0.764092524644605,3.407169759582504e-13,COMPLETE
3356,0.05095,0.4515800631731698,7.296565715563787,1.7519510271087413,1557.8967506501506,5.054984284069897,76.57127726580364,8.720647859508846e-11,COMPLETE
3357,0.05405,0.31421071554488256,6.943625321882633,1.0726049388472807,0.016767417635497637,546.754814234046,2.606433764399818,1.7411112824373338e-14,COMPLETE
3358,0.07665,0.46717355546153994,5.686980021608849,2.5118580794078285,1.9562826277387932,3.858204027730059,0.012004866918631667,2.1811143402963018e-10,COMPLETE
3359,0.0903,0.19339578593377627,7.296565715563787,3.1788912454430323,2661.553121751245,71.06473792706723,0.764092524644605,5.022551806247666e-14,COMPLETE
3360,0.08295,0.2964486016270887,6.019990742215804,6.176714845716965,0.014162338396506723,186.9306125540257,0.0247605531247782,8.564477591299451e-11,COMPLETE
3361,0.10515,0.8239670260620476,5.686980021608849,6.875144787901625,7843.277665583187,3.858204027730059,10.01235243915526,1.4662518063433114e-13,COMPLETE
3362,0.09585,0.6435237956398643,3.7523591558107,7.242098619980624,10.219725282645827,186.9306125540257,2.606433764399818,1.7411112824373338e-14,COMPLETE
3363,0.0928,0.8105328888174496,7.051402036894628,6.875144787901625,123.52077947060401,0.06857317261521613,0.11060646004395691,5.521087576123659e-10,COMPLETE
3364,0.039,0.2818712237905744,6.943625321882633,1.0726049388472807,0.4634053899763641,0.003017951496519946,59.2437895529571,3.0092675819548274e-09,COMPLETE
3365,0.107,0.7021165710821538,5.686980021608849,9.890916012877245,1604.492452086918,3.858204027730059,59.2437895529571,2.1811143402963018e-10,COMPLETE
3366,0.052,0.18107145646841846,3.6495179056594464,1.1733735228572661,0.4634053899763641,1.5630282565660134,3.6008094906658137,1.5157208008321794e-07,COMPLETE
3367,0.07745,0.5768923417524776,6.019990742215804,9.890916012877245,0.1784805460542277,0.5362196401258538,3.6008094906658137,3.407169759582504e-13,COMPLETE
3368,0.07445,0.6182944906830796,7.051402036894628,2.5118580794078285,123.52077947060401,0.06857317261521613,59.2437895529571,2.1811143402963018e-10,COMPLETE
3369,0.06795,0.42592620108399143,7.296565715563787,6.641926976422129,1.8442663426239594,4.006173959705789,0.764092524644605,9.462313226872705e-05,COMPLETE
3370,0.0496,0.23170059334819593,6.019990742215804,1.0726049388472807,0.014162338396506723,0.1499303733196484,0.0247605531247782,3.811801850956625e-07,COMPLETE
3371,0.0913,0.552122888185251,4.958426658725357,3.9944594338373487,0.4634053899763641,186.9306125540257,0.3868165281470594,3.0541645143911065e-11,COMPLETE
3372,0.09565,0.6763697621983293,4.958426658725357,8.359124144204223,3704.3304025478938,1.5630282565660134,0.05230521801117489,5.432263014140687e-13,COMPLETE
3373,0.05705,0.17900233794553652,3.0455122299916,1.0726049388472807,123.52077947060401,51.0531204742495,12.549082694764847,1.9043961097477443e-12,COMPLETE
3374,0.079,0.4544895895706835,6.943625321882633,1.0726049388472807,2661.553121751245,1.2594502646806938,74.13366798676694,3.0092675819548274e-09,COMPLETE
3375,0.0699,0.35916853985147895,3.462128830196022,1.7888432124204454,7843.277665583187,546.754814234046,59.2437895529571,4.331365543927414e-05,COMPLETE
3376,0.06945,0.5209443138387444,3.7523591558107,9.890916012877245,0.016767417635497637,0.047570004104159534,0.764092524644605,3.407169759582504e-13,COMPLETE
3377,0.11485,0.8241417890102392,6.943625321882633,9.890916012877245,3090.9457533461396,0.002799054371712109,0.11060646004395691,3.407169759582504e-13,COMPLETE
3378,0.04805,0.3467834281128796,5.989976616159035,1.7519510271087413,0.07261268023359602,5.054984284069897,76.57127726580364,8.720647859508846e-11,COMPLETE
3379,0.08825,0.49934531601765636,4.958426658725357,6.641926976422129,24.24897019053138,1.2594502646806938,34.574222073764446,3.649569116806477e-06,COMPLETE
3380,0.08045,0.7629819463463621,7.296565715563787,9.270977541326223,12.412723646412944,0.047570004104159534,0.764092524644605,3.407169759582504e-13,COMPLETE
3381,0.06875,0.14104134403531282,5.989976616159035,8.741900816624833,2484.344497646969,622.9194867991597,0.3359486683616324,3.787929895519139e-07,COMPLETE
3382,0.0693,0.6901675111050487,5.719667260978259,9.890916012877245,0.016767417635497637,318.1893323529047,2.5245438758434986,5.1973423504804924e-14,COMPLETE
3383,0.0797,0.8242637387077671,7.051402036894628,6.641926976422129,123.52077947060401,0.06857317261521613,0.11060646004395691,8.720647859508846e-11,COMPLETE
3384,0.07965,0.14082057131353623,6.943625321882633,2.2991799521485987,3090.9457533461396,110.16646134717259,0.764092524644605,3.407169759582504e-13,COMPLETE
3385,0.0932,0.47668817427673454,5.719667260978259,7.8078637347278095,0.08674332869300426,0.06857317261521613,3.6008094906658137,3.787929895519139e-07,COMPLETE
3386,0.08005,0.5205066838979946,7.051402036894628,2.890579305270301,0.5853302180437225,78.40686125053242,0.49106969850296894,2.2563515925025537e-09,COMPLETE
3387,0.08495,0.527433820059333,6.943625321882633,7.019948844600154,0.4634053899763641,546.754814234046,0.32791743667168133,3.0092675819548274e-09,COMPLETE
3388,0.0885,0.4635782656549736,1.3641677303172186,6.875144787901625,0.07261268023359602,0.08143726543969673,1.1961286443235215,8.564477591299451e-11,COMPLETE
3389,0.07205,0.5073229097422369,6.019990742215804,6.641926976422129,0.1784805460542277,0.5362196401258538,17.543999742650467,1.9043961097477443e-12,COMPLETE
3390,0.09325,0.15575555848061046,4.958426658725357,1.584536916387757,208.22607295194175,0.009707433566872849,0.04082369646290137,6.669125977023365e-05,COMPLETE
3391,0.0772,0.7054735675663402,7.296565715563787,8.741900816624833,123.52077947060401,0.6274951642158411,14.732118064935978,2.2563515925025537e-09,COMPLETE
3392,0.07355,0.6964997401031785,7.296565715563787,6.641926976422129,1.8442663426239594,546.754814234046,76.57127726580364,1.621364679176634e-08,COMPLETE
3393,0.06195,0.3648942031161009,6.019990742215804,1.2997368745646833,0.4634053899763641,51.0531204742495,0.021638694431165926,3.122022240773995e-08,COMPLETE
3394,0.05575,0.18019335704887712,3.7523591558107,1.0726049388472807,0.4634053899763641,0.08755680934938086,2.606433764399818,5.314026320276268e-08,COMPLETE
3395,0.081,0.6612375241649444,7.051402036894628,6.875144787901625,10.627814363352309,0.06857317261521613,0.49106969850296894,1.9043961097477443e-12,COMPLETE
3396,0.06935,0.3965654527589821,4.321630019330213,6.875144787901625,0.016767417635497637,0.009707433566872849,0.010490863545892863,3.787929895519139e-07,COMPLETE
3397,0.0727,0.1708402962190102,2.9816632480356065,3.786492049701135,123.52077947060401,546.754814234046,0.010117774078155787,1.9043961097477443e-12,COMPLETE
3398,0.06215,0.37048351448713945,5.686980021608849,2.5118580794078285,123.52077947060401,3.858204027730059,59.2437895529571,5.521087576123659e-10,COMPLETE
3399,0.05965,0.3718634382156562,6.019990742215804,1.2997368745646833,0.016767417635497637,110.16646134717259,0.06703904597405395,6.995947324097544e-12,COMPLETE
3400,0.08875,0.6634801694399376,2.8467952672042545,6.875144787901625,208.22607295194175,0.08755680934938086,4.230818933588808,5.521087576123659e-10,COMPLETE
3401,0.0941,0.6638606402742163,7.296565715563787,9.890916012877245,12.412723646412944,546.754814234046,18.910830722120053,2.556898659242752e-09,COMPLETE
3402,0.0642,0.2043100528175671,3.0455122299916,1.1866576108137203,15.929643142878758,0.5546595843347364,5.192615578479196,5.521087576123659e-10,COMPLETE
3403,0.07615,0.5278262716179153,4.958426658725357,8.741900816624833,0.12096850935439275,0.23603914771237525,3.6008094906658137,5.432263014140687e-13,COMPLETE
3404,0.0775,0.5597538457409298,4.050574348074197,6.641926976422129,86.39727518510256,1.2594502646806938,1.1961286443235215,3.0092675819548274e-09,COMPLETE
3405,0.1195,0.808116693281197,5.989976616159035,9.198065585684791,2484.344497646969,0.047570004104159534,11.478928737247317,7.242135537625552e-11,COMPLETE
3406,0.0758,0.22404944833306173,5.719667260978259,6.875144787901625,208.22607295194175,110.16646134717259,0.01777158201797886,9.787752692175531e-12,COMPLETE
3407,0.08885,0.3714606605870448,5.719667260978259,6.875144787901625,9.799015719028443,0.001230753246192818,0.6189874847170729,3.787929895519139e-07,COMPLETE
3408,0.0994,0.7114717721608754,5.526685244611174,7.5917629130052084,0.07261268023359602,0.12480776742786713,0.010117774078155787,8.720647859508846e-11,COMPLETE
3409,0.1187,0.773805711292909,6.019990742215804,7.8078637347278095,2661.553121751245,0.5362196401258538,17.543999742650467,1.9043961097477443e-12,COMPLETE
3410,0.08425,0.7212539688846328,5.686980021608849,6.641926976422129,2661.553121751245,1.2594502646806938,59.2437895529571,8.720647859508846e-11,COMPLETE
3411,0.1021,0.778544099303087,7.051402036894628,9.890916012877245,123.52077947060401,0.4878712301792302,0.764092524644605,3.407169759582504e-13,COMPLETE
3412,0.12455,0.7960951032173461,7.051402036894628,7.010653012685627,1365.9795109508957,0.047570004104159534,0.764092524644605,3.407169759582504e-13,COMPLETE
3413,0.0865,0.6183937397317645,7.296565715563787,4.288637556519916,0.6975592224319972,0.0012885739530361744,0.01777158201797886,1.2055649966111017e-10,COMPLETE
3414,0.0504,0.2779687443614953,3.0455122299916,1.0726049388472807,3.9227007475742597,116.15721547372203,0.25906238183759617,5.521087576123659e-10,COMPLETE
3415,0.07085,0.47534531443669836,5.686980021608849,8.741900816624833,0.3624045883074671,3.858204027730059,59.2437895529571,4.331365543927414e-05,COMPLETE
3416,0.1049,0.71503593447825,5.686980021608849,6.875144787901625,7843.277665583187,3.858204027730059,2.606433764399818,4.331365543927414e-05,COMPLETE
3417,0.0759,0.5238712544354295,4.335111916469993,2.2991799521485987,668.4503153731549,1.2594502646806938,2.606433764399818,1.7411112824373338e-14,COMPLETE
3418,0.0559,0.3323712943757768,6.777787426629807,1.0726049388472807,0.4634053899763641,1.5630282565660134,0.010117774078155787,4.196130769219251e-09,COMPLETE
3419,0.0608,0.42339807305465277,7.296565715563787,2.2991799521485987,0.016767417635497637,186.9306125540257,0.01777158201797886,9.787752692175531e-12,COMPLETE
3420,0.06355,0.47138293625522604,4.050574348074197,5.751620494688234,0.07261268023359602,0.4878712301792302,8.213868348493142,8.564477591299451e-11,COMPLETE
3421,0.0868,0.5366332454438191,5.5423923934380985,8.741900816624833,0.3474112486367053,0.06857317261521613,3.6008094906658137,1.9043961097477443e-12,COMPLETE
3422,0.0943,0.6802065185436261,6.943625321882633,3.786492049701135,585.6437475304518,0.06857317261521613,12.549082694764847,3.0092675819548274e-09,COMPLETE
3423,0.09805,0.652638036755273,7.296565715563787,7.242098619980624,104.61067826393281,107.59872434463156,17.420723347107128,8.720647859508846e-11,COMPLETE
3424,0.0425,0.254545055474075,5.553661359325831,1.0726049388472807,2.2526238626393873,51.0531204742495,3.6008094906658137,5.432263014140687e-13,COMPLETE
3425,0.07035,0.2590069439775968,6.103623020551158,1.0726049388472807,104.61067826393281,0.3710234766141632,80.46577679760097,3.649569116806477e-06,COMPLETE
3426,0.0819,0.5121956584046841,4.889638421446748,6.875144787901625,0.6961673049430885,5.054984284069897,11.478928737247317,7.242135537625552e-11,COMPLETE
3427,0.1084,0.5965743320313912,7.051402036894628,1.6547378974750526,1365.9795109508957,0.05564315315248067,1.1373427243248657,4.700687406372716e-09,COMPLETE
3428,0.0808,0.5003145454927371,6.019990742215804,7.044236040144497,0.1784805460542277,0.5362196401258538,3.6008094906658137,1.9043961097477443e-12,COMPLETE
3429,0.08595,0.5195586062359254,6.019990742215804,7.8078637347278095,0.016767417635497637,110.16646134717259,0.010687518228591134,1.7411112824373338e-14,COMPLETE
3430,0.08945,0.6024784414788171,7.051402036894628,3.9944594338373487,2.1687692536607885,51.0531204742495,4.230818933588808,1.5335060532903536e-12,COMPLETE
3431,0.0698,0.567210576726955,6.019990742215804,3.786492049701135,0.016767417635497637,110.16646134717259,12.549082694764847,9.97748780940583e-14,COMPLETE
3432,0.04965,0.2876314252260152,5.025396110280092,1.0726049388472807,3.9227007475742597,186.9306125540257,0.010117774078155787,1.7411112824373338e-14,COMPLETE
3433,0.12795,0.8051639040535663,6.943625321882633,8.741900816624833,123.52077947060401,0.004569612957571183,1.1961286443235215,2.2563515925025537e-09,COMPLETE
3434,0.0674,0.5489985504950345,5.439590829177734,9.890916012877245,0.07134090273467313,1.2594502646806938,17.543999742650467,8.720647859508846e-11,COMPLETE
3435,0.1073,0.7800568847503971,6.943625321882633,8.741900816624833,123.52077947060401,0.08143726543969673,1.1961286443235215,8.215608347091641e-13,COMPLETE
3436,0.07875,0.5082740374773509,4.797597292147365,4.339925980905232,1.8442663426239594,4.006173959705789,0.764092524644605,1.7411112824373338e-14,COMPLETE
3437,0.06755,0.5153284061304375,2.7831909688117955,2.7762241978369846,7843.277665583187,3.858204027730059,59.2437895529571,4.331365543927414e-05,COMPLETE
3438,0.14115,0.7471869160836662,7.051402036894628,8.741900816624833,2484.344497646969,0.08143726543969673,11.478928737247317,7.242135537625552e-11,COMPLETE
3439,0.0973,0.5033805695967682,5.394946003343103,7.242098619980624,23.066713037720803,1.2594502646806938,17.543999742650467,8.720647859508846e-11,COMPLETE
3440,0.07305,0.7176441826103652,7.296565715563787,8.424478947638113,0.6975592224319972,0.12480776742786713,0.01777158201797886,8.720647859508846e-11,COMPLETE
3441,0.09915,0.69983223524175,7.296565715563787,6.641926976422129,208.22607295194175,1.2594502646806938,0.49106969850296894,5.314026320276268e-08,COMPLETE
3442,0.08,0.7072654065267024,7.296565715563787,6.641926976422129,3090.9457533461396,107.59872434463156,34.574222073764446,1.9897264125379086e-06,COMPLETE
3443,0.09825,0.06752624240296037,5.439590829177734,9.890916012877245,2484.344497646969,5.054984284069897,0.04082369646290137,7.242135537625552e-11,COMPLETE
3444,0.0621,0.25236937168365564,5.719667260978259,1.0726049388472807,2.2526238626393873,0.1013397086496358,0.01777158201797886,3.787929895519139e-07,COMPLETE
3445,0.08485,0.5106481396333974,7.051402036894628,6.875144787901625,0.058762762383888195,0.08143726543969673,1.1961286443235215,8.564477591299451e-11,COMPLETE
3446,0.04055,0.32788536378662525,6.943625321882633,1.0726049388472807,0.4634053899763641,546.754814234046,5.192615578479196,3.0092675819548274e-09,COMPLETE
3447,0.05155,0.023174359071048766,3.4064213866928528,5.780625390888407,0.4634053899763641,546.754814234046,0.010117774078155787,4.331365543927414e-05,COMPLETE
3448,0.1134,0.8354417333038775,7.204487065885792,6.875144787901625,3090.9457533461396,0.06857317261521613,0.11060646004395691,3.407169759582504e-13,COMPLETE
3449,0.04595,0.21089963761608943,7.296565715563787,1.0726049388472807,0.6975592224319972,0.12480776742786713,3.6008094906658137,8.720647859508846e-11,COMPLETE
3450,0.11035,0.6524617207278303,7.374508522163699,6.875144787901625,208.22607295194175,0.08755680934938086,0.010117774078155787,2.556898659242752e-09,COMPLETE
3451,0.0692,0.5601193939463769,7.051402036894628,6.875144787901625,0.3474112486367053,0.08755680934938086,0.49106969850296894,5.521087576123659e-10,COMPLETE
3452,0.0626,0.48095429050594,3.2741742980143815,6.875144787901625,0.07261268023359602,0.4878712301792302,8.213868348493142,8.564477591299451e-11,COMPLETE
3453,0.06635,0.35063479539711834,2.2309649890254017,2.4008221963299365,0.3474112486367053,1.2594502646806938,3.6008094906658137,1.9043961097477443e-12,COMPLETE
3454,0.08175,0.6066521821892942,1.2494594363236862,8.741900816624833,0.07261268023359602,0.06857317261521613,0.01777158201797886,8.720647859508846e-11,COMPLETE
3455,0.0901,0.09392743006051167,6.279201801273142,4.3226396684563655,7779.052572210202,107.59872434463156,0.13005016015435802,2.2823114985772594e-05,COMPLETE
3456,0.11125,0.7723745644476925,6.943625321882633,8.741900816624833,123.52077947060401,0.06857317261521613,80.46577679760097,2.2563515925025537e-09,COMPLETE
3457,0.05825,0.25459608943925555,5.1617956485669465,1.0726049388472807,2661.553121751245,107.59872434463156,17.543999742650467,8.325322589616938e-05,COMPLETE
3458,0.04665,0.3318962637600777,7.296565715563787,1.89587673095963,0.026143205811330637,0.06857317261521613,41.24601726153647,8.720647859508846e-11,COMPLETE
3459,0.0922,0.6540068664884873,4.958426658725357,8.359124144204223,0.4634053899763641,186.9306125540257,3.6008094906658137,3.649569116806477e-06,COMPLETE
3460,0.0636,0.3581186967048966,3.7523591558107,1.691083845193091,0.016767417635497637,110.16646134717259,0.0247605531247782,9.118757842057986e-11,COMPLETE
3461,0.03815,0.270393465327629,6.943625321882633,1.0726049388472807,0.4634053899763641,23.427101290292402,2.5245438758434986,3.407169759582504e-13,COMPLETE
3462,0.03885,0.14597087678694623,7.051402036894628,1.0726049388472807,0.4634053899763641,546.754814234046,0.010117774078155787,4.956330731084127e-11,COMPLETE
3463,0.0964,0.5824908705941989,2.165188698401233,6.875144787901625,123.52077947060401,0.1013397086496358,69.28610890269445,6.605880780062405e-09,COMPLETE
3464,0.08285,0.5223162318809573,3.7523591558107,2.2991799521485987,104.61067826393281,0.0920122765390898,80.46577679760097,4.6987671998942796e-11,COMPLETE
3465,0.05935,0.5494900966080043,4.958426658725357,8.359124144204223,2.2526238626393873,0.06857317261521613,3.6008094906658137,5.432263014140687e-13,COMPLETE
3466,0.08055,0.656761788979977,7.051402036894628,7.242098619980624,0.4634053899763641,186.9306125540257,8.213868348493142,8.564477591299451e-11,COMPLETE
3467,0.10945,0.7946679310046758,7.051402036894628,6.641926976422129,2661.553121751245,1.2594502646806938,17.543999742650467,5.521087576123659e-10,COMPLETE
3468,0.0615,0.42307877336313715,5.686980021608849,2.1171329518207394,0.4634053899763641,3.858204027730059,0.031541756191722635,3.0541645143911065e-11,COMPLETE
3469,0.0529,0.3987922161079336,5.686980021608849,2.5118580794078285,5.02660942321193,3.858204027730059,59.2437895529571,2.1811143402963018e-10,COMPLETE
3470,0.0633,0.5098381608772821,1.1135778993204337,8.359124144204223,4.491242393239462,0.4878712301792302,1.9317632431508287,3.0541645143911065e-11,COMPLETE
3471,0.0985,0.6189221515258044,4.958426658725357,7.242098619980624,2484.344497646969,186.9306125540257,34.574222073764446,7.242135537625552e-11,COMPLETE
3472,0.0661,0.4153705245235611,6.943625321882633,1.7519510271087413,3.9227007475742597,5.054984284069897,0.010117774078155787,1.7411112824373338e-14,COMPLETE
3473,0.0759,0.2865958331408563,6.019990742215804,6.875144787901625,0.1784805460542277,0.4878712301792302,3.6008094906658137,4.137167701273811e-05,COMPLETE
3474,0.121,0.7693041530277517,6.019990742215804,6.875144787901625,207.0769850663358,0.009707433566872849,19.78286059300011,3.787929895519139e-07,COMPLETE
3475,0.07195,0.49974633589397716,3.0455122299916,7.8078637347278095,0.3474112486367053,0.06857317261521613,5.192615578479196,5.521087576123659e-10,COMPLETE
3476,0.0807,0.5011699546637493,7.051402036894628,1.7519510271087413,208.22607295194175,0.08755680934938086,0.01081533909521244,5.521087576123659e-10,COMPLETE
3477,0.09895,0.11550570335762425,3.7523591558107,7.8078637347278095,0.016767417635497637,0.06857317261521613,3.6008094906658137,0.0010003527685947724,COMPLETE
3478,0.1061,0.6076153118656993,6.019990742215804,3.786492049701135,123.52077947060401,0.06857317261521613,12.549082694764847,3.649569116806477e-06,COMPLETE
3479,0.09075,0.7730814337156128,4.2294034380055034,9.890916012877245,2661.553121751245,0.06857317261521613,0.2871354274340327,7.242135537625552e-11,COMPLETE
3480,0.085,0.6665124839754755,4.958426658725357,8.359124144204223,3.290790612482992,186.9306125540257,76.57127726580364,2.3453864055123216e-08,COMPLETE
3481,0.0699,0.37066700156817595,5.686980021608849,2.5118580794078285,12.412723646412944,107.59872434463156,59.2437895529571,2.1811143402963018e-10,COMPLETE
3482,0.1064,0.8321289785770593,6.943625321882633,9.890916012877245,123.52077947060401,0.047570004104159534,0.764092524644605,3.407169759582504e-13,COMPLETE
