number,values_0,values_1,params_lambda1,params_lambda2,params_lambda3,state
197,0.32224518365442306,0.023249743191117143,1.3419257266613198,512.0984756468755,31.03350893923145,COMPLETE
198,0.3558429438037464,0.023638549236969324,15.538698832631345,0.0022794295629377953,0.012153602231809899,COMPLETE
199,0.3250449970002,0.033815767837050224,307.9150880821873,0.028116181226127118,0.0004039237048194089,COMPLETE
