number,values_0,values_1,params_lambda1,params_lambda3,state
1193,0.13405772948470102,0.03641199118923611,0.6690760699860392,0.0006161378022008519,COMPLETE
1194,0.12545830277981468,0.03861863140297684,8.246611092209319,0.0001175703183805684,COMPLETE
1195,0.1243917072195187,0.031638642000257775,5440.716116144768,0.0013545967775575624,COMPLETE
1196,0.13105792947136857,0.04443419923921124,82.74378490530653,11.96817969899655,COMPLETE
1197,0.13565762282514499,0.03506515153950566,5593.632645921561,0.07480819270305439,COMPLETE
1198,0.1291913872408506,0.0438349080805759,2336.4416210595627,66.15972412667446,COMPLETE
1199,0.11945870275314979,0.04744777867918563,4414.188047957258,0.0025189857451559687,COMPLETE
1200,0.12525831611225918,0.03752714863658673,5593.632645921561,0.04497392952794033,COMPLETE
1201,0.12885807612825811,0.04011364106374121,190.6407695569932,0.00015647872191529386,COMPLETE
1202,0.12719152056529565,0.0333418454730567,2492.3694157038067,9.711433843795191,COMPLETE
1203,0.12852476501566562,0.03981280354836595,0.30145921457087016,69.48678392850886,COMPLETE
1204,0.13212452503166455,0.03416370092144741,0.3365684916848089,1.834530898067978,COMPLETE
1205,0.12859142723818412,0.0409397293098165,0.012457557354810727,0.005973330656741422,COMPLETE
1206,0.13359109392707152,0.03366138373153883,2492.3694157038067,0.0002657847109381972,COMPLETE
1207,0.12772481834544364,0.03499381560303732,4414.188047957258,0.000773043656421184,COMPLETE
1208,0.1293247116858876,0.03719457337160249,0.022093928693519095,0.00789850176680219,COMPLETE
1209,0.12632491167255516,0.038793030102978486,0.012041999032677284,0.0037971659912415705,COMPLETE
1210,0.1244583694420372,0.046199915567226184,4414.188047957258,0.013369753411955218,COMPLETE
1211,0.12612492500499967,0.04266072514643156,6283.120401032437,0.02394319812760496,COMPLETE
1212,0.13112459169388707,0.04161021153051574,0.15230171152877853,0.19455639841134617,COMPLETE
1213,0.12152523165122325,0.036694436571146107,190.6407695569932,0.0009740430593963422,COMPLETE
1214,0.12192520498633425,0.04494547940370767,1.4702922595329029,0.7377332290300859,COMPLETE
1215,0.1192587160855943,0.043879677752698416,8767.94227631701,0.16210351871562223,COMPLETE
1216,0.13405772948470102,0.04057568545561239,2.4575845897548034,69.48678392850886,COMPLETE
1217,0.12612492500499967,0.04642778277996202,9552.092947795103,0.4055473699259157,COMPLETE
1218,0.13172455169655356,0.032734296179045934,0.07472737190726818,0.019021202752888437,COMPLETE
1219,0.12192520498633425,0.054366488302899724,5593.632645921561,13.146385494085145,COMPLETE
1220,0.12719152056529565,0.0393934029738196,475.56563592421855,41.6103590392096,COMPLETE
1221,0.13165788947403506,0.04257454452232631,55.86832649604926,0.0037971659912415705,COMPLETE
1222,0.1241250583294447,0.03661662345960038,9552.092947795103,0.0010722610207248961,COMPLETE
1223,0.12879141390573962,0.030917450002565832,6283.120401032437,0.00011549720394735295,COMPLETE
1224,0.1297246850209986,0.04229253332843735,4414.188047957258,0.013369753411955218,COMPLETE
1225,0.12779148056796213,0.03588163586513173,6494.409260130267,0.0001349092039581062,COMPLETE
1226,0.12712485834277715,0.03607620989990578,8.246611092209319,13.660112890818198,COMPLETE
1227,0.13059129391373908,0.032343163549740456,1.9097666294018854,0.013369753411955218,COMPLETE
1228,0.12759149390040664,0.04011686318452482,2570.6859162719466,9.711433843795191,COMPLETE
1229,0.12685820945270315,0.04615055265027808,5593.632645921561,0.8854399791458992,COMPLETE
1230,0.12259182721151923,0.04376733345624765,8767.94227631701,1.834530898067978,COMPLETE
1231,0.1301246583561096,0.04322339599638678,99.10969297975042,13.309262603325719,COMPLETE
1232,0.1241917205519632,0.042760816965355726,1699.7548659098384,0.005973330656741422,COMPLETE
1233,0.12259182721151923,0.041845470785549704,0.6690760699860392,1.834530898067978,COMPLETE
1234,0.12645823611759216,0.04017877847128297,0.02589964935635241,0.013517858172829945,COMPLETE
1235,0.13112459169388707,0.0339251329950369,475.56563592421855,19.284803450051854,COMPLETE
1236,0.12812479168055463,0.03191101470866268,1.4702922595329029,1.691824275314435,COMPLETE
1237,0.12839144057062862,0.041215439215462536,2.4575845897548034,0.001988073670134417,COMPLETE
1238,0.1241917205519632,0.03157345806706636,6283.120401032437,66.15972412667446,COMPLETE
1239,0.1303246450236651,0.03918875225059037,82.74378490530653,48.97077104500802,COMPLETE
1240,0.12359176054929671,0.042614254037849485,0.050249094574372814,2.313493567936231,COMPLETE
1241,0.12685820945270315,0.042796749918286435,66.38686159886589,25.621278276244478,COMPLETE
1242,0.13285780947936804,0.03708686100354158,66.38686159886589,0.005973330656741422,COMPLETE
1243,0.13265782281181254,0.0321837399183015,0.18884543242026727,0.019942178100884042,COMPLETE
1244,0.12825811612559163,0.04636035021948373,5693.1973751478445,16.264150610533793,COMPLETE
1245,0.12805812945803613,0.03297413598296557,8.246611092209319,0.0007606839610140546,COMPLETE
1246,0.12225851609892674,0.042277391363732784,190.6407695569932,0.002577489018984798,COMPLETE
1247,0.12599160055996267,0.03802691368841089,8.246611092209319,0.3381273924098311,COMPLETE
1248,0.12639157389507366,0.03923350276988673,4414.188047957258,0.0044613173576673465,COMPLETE
1249,0.13732417838810745,0.041048187473544454,0.23576559617261178,69.48678392850886,COMPLETE
1250,0.1403239784014399,0.03630531465531293,85.13983294953611,0.7218367322605694,COMPLETE
1251,0.1350576628224785,0.03571321270930874,5593.632645921561,1.834530898067978,COMPLETE
1252,0.12359176054929671,0.03853680675364038,1.2665357639135257,1.8110787433498337,COMPLETE
1253,0.1294580361309246,0.048150470214607055,5593.632645921561,0.04939516592601084,COMPLETE
1254,0.12319178721418572,0.03207140070365957,5693.1973751478445,0.00039347519997593437,COMPLETE
1255,0.12299180054663023,0.04081486994018434,3678.0335796520217,69.48678392850886,COMPLETE
1256,0.1239917338844077,0.03945589831346496,0.06508888551429474,0.03253821479224326,COMPLETE
1257,0.12685820945270315,0.043774790770676475,1.4702922595329029,13.146385494085145,COMPLETE
1258,0.13345776948203453,0.04024546102953623,0.6690760699860392,96.82410003855314,COMPLETE
1259,0.12832477834811012,0.04391093327564318,8.246611092209319,0.013712347849273245,COMPLETE
1260,0.12385840943937071,0.034649968827158775,6283.120401032437,0.0003938462711783335,COMPLETE
1261,0.12572495166988867,0.04482324161459336,1699.7548659098384,66.15972412667446,COMPLETE
1262,0.12652489834011066,0.036109329874463886,2091.3874884826155,0.0005614653654615521,COMPLETE
1263,0.13052463169122058,0.03891927399399743,5440.716116144768,0.07477310290547144,COMPLETE
1264,0.12552496500233318,0.05074562916957164,8767.94227631701,0.7218367322605694,COMPLETE
1265,0.1245250316645557,0.0462361589877384,8767.94227631701,0.0037971659912415705,COMPLETE
1266,0.12652489834011066,0.03548073866315248,0.012041999032677284,0.0037971659912415705,COMPLETE
1267,0.11819212052529832,0.040845798714078,5714.47495961426,39.760550590131494,COMPLETE
1268,0.12659156056262916,0.037637788864197476,5.096394001121427,0.7377332290300859,COMPLETE
1269,0.12479168055462969,0.0393035367075255,1090.4310321331288,0.8911018551875542,COMPLETE
1270,0.12359176054929671,0.042128506577161766,3753.604268253584,8.307612067905884,COMPLETE
1271,0.13132457836144257,0.041389718153461943,297.538028054518,20.897805160062205,COMPLETE
1272,0.12185854276381575,0.035257309016385414,1.4702922595329029,0.013369753411955218,COMPLETE
1273,0.13312445836944203,0.04204857858448469,0.21452501892230832,0.0025189857451559687,COMPLETE
1274,0.13725751616558896,0.03467743436093007,2.9582237024141125,0.0037971659912415705,COMPLETE
1275,0.1293913739084061,0.03925370563333978,0.013332465198670958,0.04605531774277381,COMPLETE
1276,0.1296580227984801,0.03241831648894125,5693.1973751478445,0.0001240901577060747,COMPLETE
1277,0.12652489834011066,0.04136943719867917,1.3324781966661436,0.06793609092874144,COMPLETE
1278,0.12519165388974068,0.040423634482473034,8.246611092209319,0.00789850176680219,COMPLETE
1279,0.13125791613892407,0.04072245592644717,8.246611092209319,34.302628455270664,COMPLETE
1280,0.12785814279048063,0.029942929008568268,8767.94227631701,0.00012827722072645552,COMPLETE
1281,0.1294580361309246,0.037269583442625896,50.014159067975704,9.711433843795191,COMPLETE
1282,0.12619158722751816,0.03828101136795186,229.4382783910506,1.834530898067978,COMPLETE
1283,0.12759149390040664,0.03763295959223913,6.749628283480075,21.596494206427717,COMPLETE
1284,0.12519165388974068,0.03465389057241573,8767.94227631701,0.00011113358733775868,COMPLETE
1285,0.12045863609092727,0.03640118967180301,9552.092947795103,0.00014838675684517345,COMPLETE
1286,0.12065862275848277,0.04579569528756928,5593.632645921561,0.013369753411955218,COMPLETE
1287,0.13339110725951603,0.031157894369928933,0.012041999032677284,0.0037971659912415705,COMPLETE
1288,0.12672488500766615,0.04276853354811102,9552.092947795103,37.0531155189915,COMPLETE
1289,0.13252449836677554,0.03880150010722143,2091.3874884826155,0.2874409885692999,COMPLETE
1290,0.13119125391640557,0.036255644543883574,0.1939863138498248,0.004846546033570155,COMPLETE
1291,0.1300579961335911,0.03773209452259816,66.38686159886589,0.0008814796100379826,COMPLETE
1292,0.13405772948470102,0.03942171132628525,1.6475406397150891,0.01761375609197214,COMPLETE
1293,0.12659156056262916,0.03853223507216517,1.8872812904735339,95.22711575142928,COMPLETE
1294,0.12739150723285114,0.03134528760231026,9552.092947795103,0.0010722610207248961,COMPLETE
1295,0.12679154723018465,0.036638137049925745,3015.7291950902327,0.005361071594960461,COMPLETE
1296,0.13319112059196053,0.03949509100586046,1161.0155982121512,69.48678392850886,COMPLETE
1297,0.12579161389240717,0.033309380012610926,10.078382228055156,0.0007568277710092946,COMPLETE
1298,0.13039130724618359,0.0378565381462624,0.4421287693562056,0.1000164088987575,COMPLETE
1299,0.12639157389507366,0.03843018468548216,1.6088074417857459,0.005973330656741422,COMPLETE
1300,0.12705819612025865,0.043186023575921904,295.2221227246881,0.05720211020461515,COMPLETE
1301,0.13219118725418305,0.03961493457229339,1.4702922595329029,13.146385494085145,COMPLETE
1302,0.12519165388974068,0.04140545492154913,0.24998724408128997,17.06376057242179,COMPLETE
1303,0.12519165388974068,0.041956888831728316,6283.120401032437,0.020780224353718374,COMPLETE
1304,0.13225784947670155,0.03392787065534452,2.4575845897548034,0.005100583642164672,COMPLETE
1305,0.12365842277181521,0.04521114913090319,5593.632645921561,5.025251752320809,COMPLETE
1306,0.12805812945803613,0.03927274411015678,4414.188047957258,0.006502981412952409,COMPLETE
1307,0.11999200053329778,0.036280901821885245,6283.120401032437,0.00027825607170659596,COMPLETE
1308,0.12485834277714819,0.04093470822607068,1699.7548659098384,0.0312243982298789,COMPLETE
1309,0.1302579828011466,0.03721741205168695,2560.8450701662587,58.85989778208432,COMPLETE
1310,0.1302579828011466,0.03567289203978853,3492.7125731491933,33.22016024132843,COMPLETE
1311,0.12019198720085328,0.03809925724060507,2.737986252397458,0.07477310290547144,COMPLETE
1312,0.12839144057062862,0.04081102764287317,0.7004318932813454,0.0007122701565550863,COMPLETE
1313,0.13159122725151656,0.029505880574571222,158.2634490864577,0.013369753411955218,COMPLETE
1314,0.12825811612559163,0.045926035895364675,8.246611092209319,2.040320550423498,COMPLETE
1315,0.13339110725951603,0.04368372258206509,1.4702922595329029,34.182231625733245,COMPLETE
1316,0.1303246450236651,0.04134309820892559,0.09948724066340225,0.04497392952794033,COMPLETE
1317,0.12125858276114926,0.03968548905225344,8767.94227631701,0.0037971659912415705,COMPLETE
1318,0.13592427171521898,0.039367373608070015,6837.480148935724,0.9159591409436798,COMPLETE
1319,0.12805812945803613,0.04052386112115042,4366.254977847736,0.6878379047882778,COMPLETE
1320,0.12332511165922272,0.04443994888348866,2.805069163518503,0.07477310290547144,COMPLETE
1321,0.12519165388974068,0.03648313969155964,6283.120401032437,0.1796420946893715,COMPLETE
1322,0.12005866275581628,0.02192296490483983,3110.1377470169305,0.00048691238992271574,COMPLETE
1323,0.1243250449970002,0.04301106985638069,475.56563592421855,9.726932963071103,COMPLETE
1324,0.12799146723551763,0.03758269162288682,0.3629084119186842,0.025922790194725678,COMPLETE
1325,0.12645823611759216,0.04174933242149462,475.56563592421855,0.0037971659912415705,COMPLETE
1326,0.13339110725951603,0.03377322586879152,8767.94227631701,0.002577489018984798,COMPLETE
1327,0.1250583294447037,0.0402032326628235,1511.3398548064783,32.539546363539785,COMPLETE
1328,0.1290580627958136,0.03363796521602419,1030.3690750018447,2.1264579985725915,COMPLETE
1329,0.13125791613892407,0.03856534856868156,0.04584012805394179,0.00023314588019153598,COMPLETE
1330,0.12499166722218519,0.04875480458263793,3110.1377470169305,0.013517858172829945,COMPLETE
1331,0.12392507166188921,0.04206493646192739,1.4702922595329029,0.18229043821618107,COMPLETE
1332,0.12019198720085328,0.04166305677841653,9552.092947795103,0.1467596915516904,COMPLETE
1333,0.12845810279314712,0.03875668807767721,4.681594945975702,1.9122588443562065,COMPLETE
1334,0.13252449836677554,0.04533644589975461,1.4702922595329029,0.013369753411955218,COMPLETE
1335,0.13399106726218252,0.04070031191349888,0.30568834238038406,0.0182193293404572,COMPLETE
1336,0.12699153389774015,0.0326171889010773,0.04584012805394179,2.0241333802928527,COMPLETE
1337,0.1245250316645557,0.037589840180856,971.2020543419138,16.064875789362663,COMPLETE
1338,0.12819145390307313,0.0392427822220281,324.8987640485951,9.711433843795191,COMPLETE
1339,0.135524298380108,0.043662649765013134,0.06033273675464055,19.624272121011547,COMPLETE
1340,0.12025864942337178,0.04618106811547919,8079.210533097424,0.1552191822820825,COMPLETE
1341,0.12792480501299913,0.0460407336575534,8767.94227631701,2.1416112372503364,COMPLETE
1342,0.1239917338844077,0.0468762113874149,6283.120401032437,0.09215901935290116,COMPLETE
1343,0.12019198720085328,0.03619776564140377,8767.94227631701,0.0016193942168779907,COMPLETE
1344,0.13279114725684954,0.04604196985655884,1.4702922595329029,13.146385494085145,COMPLETE
1345,0.1295246983534431,0.039516831685742514,455.45729414007997,0.002577489018984798,COMPLETE
1346,0.1242583827744817,0.031123030018879536,4611.922694917757,0.013517858172829945,COMPLETE
1347,0.12539164055729618,0.03894304951580691,13.34481092328038,0.013517858172829945,COMPLETE
1348,0.13232451169922005,0.042600165844674506,8767.94227631701,0.7218367322605694,COMPLETE
1349,0.12585827611492567,0.031996666648319606,0.10605980739432314,0.005973330656741422,COMPLETE
1350,0.1189254049730018,0.03919539885154952,1.3103539435374882,97.32203748183761,COMPLETE
1351,0.13112459169388707,0.04155733761487911,0.028778020018715565,0.013212901804467797,COMPLETE
1352,0.12579161389240717,0.035004606993918615,3.6049272913090924,0.0005741364885289971,COMPLETE
1353,0.1297246850209986,0.04019181797372599,8767.94227631701,0.050399960617190084,COMPLETE
1354,0.1301913205786281,0.035563719986735576,2492.3694157038067,0.8317743238712353,COMPLETE
1355,0.13379108059462702,0.045194150135630495,6283.120401032437,66.15972412667446,COMPLETE
1356,0.12525831611225918,0.03894759691791928,745.816426829044,0.0038990035910592942,COMPLETE
1357,0.13372441837210852,0.047936542807364514,4414.188047957258,0.005321182941396283,COMPLETE
1358,0.12759149390040664,0.04226098782058023,66.38686159886589,0.005973330656741422,COMPLETE
1359,0.13132457836144257,0.03690440988765147,144.26079663672036,0.01017427295371065,COMPLETE
1360,0.12565828944737018,0.04045084194606262,324.0994131001005,9.711433843795191,COMPLETE
1361,0.1295913605759616,0.031025120131093594,0.016999746392169234,1.3096921419961014,COMPLETE
1362,0.12492500499966669,0.0336214814570694,0.06508888551429474,0.005973330656741422,COMPLETE
1363,0.1240583961069262,0.0428234850467485,3530.2812071422973,9.711433843795191,COMPLETE
1364,0.13685754283047796,0.03982148171392372,77.40961214352983,0.0003397563820284699,COMPLETE
1365,0.12705819612025865,0.03335441095703982,5776.833879588845,0.00048691238992271574,COMPLETE
1366,0.12672488500766615,0.03891727655380881,0.012245049303807246,0.018070099974557514,COMPLETE
1367,0.12599160055996267,0.04032978353485502,0.12528477556022685,0.7218367322605694,COMPLETE
1368,0.12592493833744417,0.04237378306077871,0.018379915797860826,0.013369753411955218,COMPLETE
1369,0.1245916938870742,0.03707500745340158,291.64356327949537,0.00028386581926920023,COMPLETE
1370,0.12625824945003666,0.03880020879784444,0.1313829745406831,0.7918351665439471,COMPLETE
1371,0.13299113392440504,0.03431194784271889,0.12155858010845112,1.834530898067978,COMPLETE
1372,0.12152523165122325,0.044317563118614345,0.24538996344106867,0.7377332290300859,COMPLETE
1373,0.13052463169122058,0.04474170200538678,5.270922982590906,0.0182193293404572,COMPLETE
1374,0.12092527164855676,0.04177306236373031,8767.94227631701,8.307612067905884,COMPLETE
1375,0.12472501833211119,0.039545445345153925,5.822375726926075,0.07826610568883344,COMPLETE
1376,0.13052463169122058,0.0430971903645816,124.40874160256507,0.07477310290547144,COMPLETE
1377,0.13325778281447903,0.03987602072043904,540.5151629771547,0.005718854884210099,COMPLETE
1378,0.13139124058396107,0.03858019202873966,0.09617842138718387,0.35504385098388297,COMPLETE
1379,0.13199120058662756,0.039621964858974755,40.05820378286008,8.226601576997197,COMPLETE
1380,0.1291247250183321,0.04821400480347586,5593.632645921561,48.206604209151614,COMPLETE
1381,0.12759149390040664,0.036110703420247525,8.246611092209319,0.00024651278499380477,COMPLETE
1382,0.12752483167788814,0.0409915798503814,42.66240679166608,0.0037971659912415705,COMPLETE
1383,0.1241917205519632,0.04093817673293784,2492.3694157038067,0.7377332290300859,COMPLETE
1384,0.12819145390307313,0.03329958437539848,0.35963312392679236,0.003976806329412234,COMPLETE
1385,0.1289247383507766,0.040091811887502764,0.06525686357262941,0.0008105522989703324,COMPLETE
1386,0.12759149390040664,0.05193559308561163,5714.47495961426,39.760550590131494,COMPLETE
1387,0.13112459169388707,0.0340838582630695,23.377087940453784,0.013517858172829945,COMPLETE
1388,0.1295913605759616,0.039500256427924534,0.025127720686368992,0.00028924622185579985,COMPLETE
1389,0.12092527164855676,0.040374045330391545,6283.120401032437,63.156766876394066,COMPLETE
1390,0.1188587427504833,0.03054621604776836,6283.120401032437,0.0006609959120564137,COMPLETE
1391,0.1191920538630758,0.04689019329011691,8767.94227631701,0.16210351871562223,COMPLETE
1392,0.12112525831611226,0.046926062735958805,4414.188047957258,69.48678392850886,COMPLETE
1393,0.12085860942603827,0.04218394140918739,4.487693610167909,1.9451088505340488,COMPLETE
1394,0.12592493833744417,0.051011874732770954,8767.94227631701,0.008354274370374283,COMPLETE
1395,0.12359176054929671,0.0484413516457712,0.04584012805394179,4.351918274281499,COMPLETE
1396,0.12092527164855676,0.03530926154094277,0.042978630229177715,8.124528933046582,COMPLETE
1397,0.12799146723551763,0.04017023315426775,25.638479315616152,0.00031829199326529944,COMPLETE
1398,0.12819145390307313,0.03814959083816717,443.60956387256743,5.025251752320809,COMPLETE
1399,0.11972535164322379,0.049158447661535314,8767.94227631701,1.3096921419961014,COMPLETE
1400,0.12519165388974068,0.04396159927863301,9552.092947795103,1.9451088505340488,COMPLETE
1401,0.12145856942870475,0.0413989559105089,6283.120401032437,2.1292406780009268,COMPLETE
1402,0.1243917072195187,0.03368504291567892,3151.9835080281855,0.025922790194725678,COMPLETE
1403,0.12819145390307313,0.037526002211601316,277.66698979672725,6.805109766787683,COMPLETE
1404,0.12159189387374175,0.04209553049753932,52.9180717864294,9.711433843795191,COMPLETE
1405,0.12759149390040664,0.043313905890731995,8767.94227631701,1.3096921419961014,COMPLETE
1406,0.12052529831344577,0.04419953910853856,8767.94227631701,1.4445410349952192,COMPLETE
1407,0.12279181387907473,0.04640074405038297,5440.716116144768,8.623779898445655,COMPLETE
1408,0.12239184054396374,0.03831136338916383,447.76431303242975,0.0037469661476508837,COMPLETE
1409,0.12479168055462969,0.042359470279791374,104.16558938352796,0.7377332290300859,COMPLETE
1410,0.12685820945270315,0.041394037333649644,5693.1973751478445,0.04497392952794033,COMPLETE
1411,0.13105792947136857,0.0397215495801117,8.246611092209319,0.003949182031077511,COMPLETE
1412,0.13152456502899806,0.03497791401330423,0.7166141887254958,0.0008163853935769839,COMPLETE
1413,0.11979201386574229,0.03385373037277846,0.06033273675464055,0.00010633375462169829,COMPLETE
1414,0.12512499166722219,0.04325081861681257,8767.94227631701,9.444812115908027,COMPLETE
1415,0.11799213385774282,0.04378537301005999,5593.632645921561,5.025251752320809,COMPLETE
1416,0.12372508499433371,0.04983616716378125,5440.716116144768,0.0182193293404572,COMPLETE
1417,0.12865808946070262,0.03286055552589124,616.6445976287715,0.07477310290547144,COMPLETE
1418,0.12199186720885274,0.04321797758903845,5593.632645921561,0.08244770502154854,COMPLETE
1419,0.13079128058129458,0.03364578139060594,6283.120401032437,0.00029791226715302117,COMPLETE
1420,0.12279181387907473,0.043722604546101794,5714.47495961426,0.01906305009381497,COMPLETE
1421,0.1355909606026265,0.04368492892533406,53.631693772877256,0.01979727956496571,COMPLETE
1422,0.12859142723818412,0.04109030589141548,6283.120401032437,13.146385494085145,COMPLETE
1423,0.1289914005732951,0.039326771839019774,4414.188047957258,17.98669803473914,COMPLETE
1424,0.12545830277981468,0.040569728802239316,393.13815039968273,0.01979727956496571,COMPLETE
1425,0.1297913472435171,0.03790035136441689,2091.3874884826155,0.3252497449622036,COMPLETE
1426,0.12352509832677822,0.04184859240160857,2091.3874884826155,77.8261267634034,COMPLETE
1427,0.12352509832677822,0.04154906040325836,8.42765606493618,0.0037971659912415705,COMPLETE
1428,0.12759149390040664,0.03964493812396666,0.013332465198670958,0.00013354396029398912,COMPLETE
1429,0.1294580361309246,0.04188144940011607,1.4702922595329029,13.146385494085145,COMPLETE
