number,values_0,values_1,params_delta_deg,params_gamma,params_lambda1,params_lambda3,state
1527,0.08195,0.47304380723920847,7.489439152524652,3.4709986937730752,0.4111694316312813,0.5084006019933035,COMPLETE
1528,0.0666,0.210324106633858,4.933362998330481,1.5232915956522353,0.02058328949269307,0.7306953052604724,COMPLETE
1529,0.09845,0.5951074072119823,5.268832277751818,8.418374689108267,1.079241661233217,4.792699168837896,COMPLETE
1530,0.0799,0.43405722529406865,7.386495200771071,1.8145138315019835,17.823056723410293,0.04841802788233872,COMPLETE
1531,0.093,0.627738197921386,7.398979747077997,3.0156649020845308,315.0117225293658,0.5985950343657075,COMPLETE
1532,0.1396,0.8974251408447681,7.257271731141275,9.988586281068551,1476.1251734596226,1.526275265602974,COMPLETE
1533,0.06985,0.17133894846367606,6.8435536313626235,1.1679739768270172,0.061530195681195304,0.5985950343657075,COMPLETE
1534,0.08255,0.48075877448781984,6.257264218072084,4.101823977297871,0.50010706770691,0.725005173883511,COMPLETE
1535,0.07585,0.4310610695312204,7.398979747077997,3.0156649020845308,1.2835183509248531,0.5084006019933035,COMPLETE
1536,0.08085,0.30084512397753366,4.2467091133397314,2.195218904889921,2.4792588435669867,0.2944924768920615,COMPLETE
1537,0.07695,0.37301727962653036,7.386495200771071,1.2992706708708701,315.0117225293658,20.849095901845793,COMPLETE
1538,0.1032,0.5734907184922617,7.386495200771071,2.0568046149624997,2147.1158445190413,0.10988277638007195,COMPLETE
1539,0.1036,0.5734597635642601,3.987959619130633,3.0156649020845308,2147.1158445190413,16.737001780592855,COMPLETE
1540,0.09435,0.2699091624655064,0.10629698934759085,7.451337432117496,0.4111694316312813,7.53731045150533,COMPLETE
1541,0.1027,0.61374323871348,7.489439152524652,2.9081200120869406,1476.1251734596226,23.992579937779443,COMPLETE
1542,0.07635,0.43089978627642406,7.489439152524652,3.0638630129150126,0.01333967025299093,0.7306953052604724,COMPLETE
1543,0.0804,0.45648186788941164,7.257271731141275,4.730916168079807,1.9411683121291674,10.569095673620039,COMPLETE
1544,0.1002,0.575074360265948,7.386495200771071,9.767312130896007,0.04117507473461879,20.849095901845793,COMPLETE
1545,0.09645,0.4503494465566929,2.2168112002231832,9.988586281068551,5.6878068615007775,0.7306953052604724,COMPLETE
1546,0.1106,0.5470468949251825,5.192065213655563,8.418374689108267,4.6216117253800055,0.5985950343657075,COMPLETE
1547,0.08605,0.5237331630291081,7.339695485358947,7.451337432117496,23.81688076245239,50.038840192758045,COMPLETE
1548,0.09295,0.5312324260670558,4.933362998330481,7.062126769282375,10.955729402655995,0.725005173883511,COMPLETE
1549,0.09875,0.539519838786627,7.257271731141275,7.639970758565217,11.51330111852899,3.9703371647893633,COMPLETE
1550,0.0958,0.6509698343171827,7.257271731141275,5.196045314781185,117.01164712837071,1.526275265602974,COMPLETE
1551,0.1056,0.5730812793930563,1.7775029224951318,8.418374689108267,560.4775189597802,45.011333941927674,COMPLETE
1552,0.13135,0.8305824287639855,5.669059578661803,7.062126769282375,1688.3846346819648,0.725005173883511,COMPLETE
1553,0.05805,0.24591620717356977,7.321806062638004,1.0340435745788543,0.4111694316312813,0.03867301312026583,COMPLETE
1554,0.1276,0.671575260826977,3.316203037846307,3.4709986937730752,1688.3846346819648,0.139349440146658,COMPLETE
1555,0.0794,0.4923691875645801,7.489439152524652,4.390239464358789,3.4096137321043085,1.8602957309646184,COMPLETE
1556,0.09375,0.5511484260655412,7.257271731141275,3.3704975429349244,0.7780556311068269,0.011557536112451222,COMPLETE
1557,0.09785,0.449453641862758,4.603904699529354,7.451337432117496,0.4111694316312813,2.1102891532478085,COMPLETE
1558,0.13035,0.7340761768020311,4.859269400135405,6.694798433810031,315.0117225293658,0.1095851595705672,COMPLETE
1559,0.0983,0.5114988513392625,5.840611058500573,1.4628684222086548,1476.1251734596226,2.1102891532478085,COMPLETE
1560,0.08515,0.4771191077339413,7.257271731141275,3.3704975429349244,25.256462104281205,2.1102891532478085,COMPLETE
1561,0.1165,0.7643381560817938,7.398979747077997,3.4709986937730752,844.1984694870878,0.5985950343657075,COMPLETE
1562,0.0848,0.4998365522167128,7.257271731141275,3.3704975429349244,55.862050609180315,3.9703371647893633,COMPLETE
1563,0.12095,0.8022600615206065,7.489439152524652,8.724254006987675,117.01164712837071,0.5084006019933035,COMPLETE
1564,0.1397,0.8273176604158876,5.669059578661803,7.062126769282375,1688.3846346819648,0.725005173883511,COMPLETE
1565,0.1364,0.8589980411167295,7.313319642189033,8.081625847692138,1364.1776643863184,3.9703371647893633,COMPLETE
1566,0.10915,0.7030541797375253,6.8435536313626235,5.9205788464612255,61.128832411058866,0.5985950343657075,COMPLETE
1567,0.13285,0.8260103538528416,5.481686832099683,7.451337432117496,2058.1425486478074,0.5985950343657075,COMPLETE
1568,0.09545,0.6278987733887866,7.386495200771071,9.767312130896007,0.13358609508312835,2.1102891532478085,COMPLETE
1569,0.07975,0.2890944045710915,6.812644630608508,1.9899361637110005,0.5549010274448358,0.2654266351946152,COMPLETE
1570,0.1059,0.6570137393533713,7.257271731141275,7.639970758565217,0.7326855439425697,1.269868031404911,COMPLETE
1571,0.10415,0.5570414090016378,7.398979747077997,6.694798433810031,0.50010706770691,2.2659877554138568,COMPLETE
1572,0.09655,0.5593304523242277,7.257271731141275,9.933529862520766,1.1642040503079003,4.792699168837896,COMPLETE
1573,0.13715,0.8993355397155903,6.484463233233066,9.988586281068551,647.6283284875512,1.640686187897067,COMPLETE
1574,0.0934,0.5832213289153954,7.489439152524652,6.128450629878762,0.022872403443138362,3.622891406066991,COMPLETE
1575,0.10295,0.5788808979605243,7.257271731141275,3.3704975429349244,1688.3846346819648,0.02472464384169017,COMPLETE
1576,0.08415,0.5221370670629517,6.812644630608508,1.3255751724433114,1476.1251734596226,4.792699168837896,COMPLETE
1577,0.133,0.8858576037594825,7.257271731141275,7.639970758565217,1364.1776643863184,3.9703371647893633,COMPLETE
1578,0.0871,0.5312427544539248,7.489439152524652,4.841462364418728,0.4111694316312813,1.8602957309646184,COMPLETE
1579,0.1032,0.593945215769728,7.489439152524652,3.482085299309284,0.01333967025299093,0.03258337522391156,COMPLETE
1580,0.09905,0.6139837056669192,7.398979747077997,7.639970758565217,61.128832411058866,15.635249172291681,COMPLETE
1581,0.0937,0.4804886564942755,4.933362998330481,3.0352039660395387,0.01333967025299093,0.07489445553342412,COMPLETE
1582,0.08065,0.4061571105088256,7.489439152524652,4.128977545770486,2.4792588435669867,44.76380938653201,COMPLETE
1583,0.1351,0.8241679796497879,4.933362998330481,8.418374689108267,560.4775189597802,1.8602957309646184,COMPLETE
1584,0.12765,0.7507483268611316,7.489439152524652,8.418374689108267,560.4775189597802,58.8365186870629,COMPLETE
1585,0.08155,0.5044689052097835,6.812644630608508,4.101823977297871,0.50010706770691,0.5985950343657075,COMPLETE
1586,0.1424,0.9037092484742166,7.148403074447125,9.933529862520766,2147.1158445190413,4.792699168837896,COMPLETE
1587,0.08095,0.34444129419557196,5.669059578661803,3.0352039660395387,0.01333967025299093,0.725005173883511,COMPLETE
1588,0.10345,0.6945944732878231,7.489439152524652,7.451337432117496,0.4111694316312813,0.5985950343657075,COMPLETE
1589,0.10555,0.6083411826512061,7.257271731141275,8.418374689108267,1.9411683121291674,1.526275265602974,COMPLETE
1590,0.10745,0.5214863067414123,7.489439152524652,1.3142038254451571,6755.71174442274,0.1226937090463323,COMPLETE
1591,0.1396,0.8011545724440927,7.386495200771071,6.694798433810031,6755.71174442274,20.849095901845793,COMPLETE
1592,0.0934,0.5990851895515872,7.489439152524652,4.128977545770486,112.323925330586,1.526275265602974,COMPLETE
1593,0.1293,0.7807425053887453,5.669059578661803,4.5857138451945625,6755.71174442274,0.725005173883511,COMPLETE
1594,0.0716,0.48535249278246617,7.386495200771071,3.0156649020845308,61.128832411058866,4.792699168837896,COMPLETE
1595,0.0711,0.1791623219223344,6.8435536313626235,1.1679739768270172,2.4792588435669867,44.76380938653201,COMPLETE
1596,0.1023,0.5969923359554808,4.859269400135405,3.0156649020845308,6755.71174442274,0.019401437291336865,COMPLETE
1597,0.0847,0.43940316701465754,7.257271731141275,3.3704975429349244,0.7780556311068269,0.5985950343657075,COMPLETE
1598,0.1512,0.809121402060599,3.619003197455695,8.081625847692138,1688.3846346819648,0.725005173883511,COMPLETE
1599,0.1424,0.802265661869159,5.669059578661803,8.455217429709133,1688.3846346819648,0.5985950343657075,COMPLETE
1600,0.1424,0.8958803227824208,6.641989734742594,7.451337432117496,6755.71174442274,2.2659877554138568,COMPLETE
1601,0.0949,0.5491886622959135,1.048351373388516,3.0352039660395387,5973.624001017707,13.737135040054913,COMPLETE
1602,0.10585,0.6518140470732164,7.257271731141275,6.4828222521261765,0.03965872479247531,0.7306953052604724,COMPLETE
1603,0.06455,0.20569797491017994,7.339695485358947,1.373151368491647,0.012147324094428945,0.5985950343657075,COMPLETE
1604,0.07485,0.17765865275626802,5.755116585938978,1.2992706708708701,0.022872403443138362,0.3474335892891787,COMPLETE
1605,0.0677,0.17881563781880735,7.489439152524652,1.1679739768270172,2.4792588435669867,2.358361805033319,COMPLETE
1606,0.12925,0.7314586587047435,7.489439152524652,4.128977545770486,1688.3846346819648,0.5084006019933035,COMPLETE
1607,0.11795,0.25830725855208386,0.2730747247677894,4.390239464358789,117.01164712837071,0.5084006019933035,COMPLETE
1608,0.09975,0.629447728403707,6.812644630608508,5.108432605630243,108.0101606767867,1.526275265602974,COMPLETE
1609,0.0892,0.5272074948340794,7.257271731141275,5.196045314781185,30.54779366423335,3.9703371647893633,COMPLETE
1610,0.0997,0.5537281038838474,7.321806062638004,1.0340435745788543,7660.311819256063,0.5985950343657075,COMPLETE
1611,0.10215,0.7747989521487825,7.489439152524652,4.730916168079807,207.86332117895404,0.7306953052604724,COMPLETE
1612,0.065,0.15847082016162223,7.321806062638004,1.0340435745788543,2.7971852905615386,0.5985950343657075,COMPLETE
1613,0.1336,0.7173956035553969,2.644077535989342,9.988586281068551,1476.1251734596226,2.2659877554138568,COMPLETE
1614,0.13525,0.8784694830880884,7.489439152524652,7.451337432117496,1476.1251734596226,2.1102891532478085,COMPLETE
1615,0.0987,0.5733021678663616,6.5090626678372,4.390239464358789,117.01164712837071,1.366001976316166,COMPLETE
1616,0.07515,0.5220806429245377,7.257271731141275,9.767312130896007,0.7780556311068269,20.849095901845793,COMPLETE
1617,0.07435,0.2754504105387424,7.489439152524652,2.195218904889921,10.955729402655995,16.94815645792604,COMPLETE
1618,0.09205,0.6213435780020975,7.257271731141275,7.451337432117496,0.7780556311068269,2.1102891532478085,COMPLETE
1619,0.1344,0.8566000865857372,7.257271731141275,5.846325579426336,1476.1251734596226,2.1102891532478085,COMPLETE
1620,0.06805,0.20027986316646468,6.8435536313626235,1.363703227880118,2.4792588435669867,0.5985950343657075,COMPLETE
1621,0.1249,0.7817227476631521,7.398979747077997,4.086100466005934,1364.1776643863184,0.7306953052604724,COMPLETE
1622,0.133,0.8504060966677341,5.5150049043702545,8.081625847692138,1364.1776643863184,3.9703371647893633,COMPLETE
1623,0.1169,0.7240486352631968,7.225279577446517,7.639970758565217,359.71457230765833,22.352354367949506,COMPLETE
1624,0.1445,0.8018081926363222,7.257271731141275,7.639970758565217,6194.207988122952,0.301166516049397,COMPLETE
1625,0.07875,0.3430865767166927,7.489439152524652,2.195218904889921,0.8455503617361965,0.24676066682920297,COMPLETE
1626,0.0839,0.30908619842205437,7.489439152524652,1.3912880933212384,4.6216117253800055,0.04526623374799761,COMPLETE
1627,0.1064,0.7041836931830041,7.257271731141275,7.639970758565217,116.68218004772335,15.635249172291681,COMPLETE
1628,0.1044,0.5216637215155768,3.9120059867555557,1.5053530734610838,6755.71174442274,1.526275265602974,COMPLETE
1629,0.078,0.2533335148444257,7.489439152524652,1.7319031489417673,2.4792588435669867,1.526275265602974,COMPLETE
1630,0.11245,0.8042189192851511,7.489439152524652,5.869623929785657,359.71457230765833,1.269868031404911,COMPLETE
1631,0.09365,0.6000966479528236,7.489439152524652,2.195218904889921,560.4775189597802,0.41678774153157633,COMPLETE
1632,0.08565,0.3782321006661659,7.386495200771071,1.368919557425025,315.0117225293658,20.849095901845793,COMPLETE
1633,0.1231,0.7723935919094799,7.489439152524652,3.4709986937730752,1688.3846346819648,1.526275265602974,COMPLETE
1634,0.07555,0.17285590286599803,6.7455921988970164,1.0000874311382033,61.128832411058866,4.792699168837896,COMPLETE
1635,0.1045,0.6467110544078165,7.489439152524652,3.4709986937730752,359.71457230765833,1.269868031404911,COMPLETE
1636,0.0961,0.6242820182790814,7.339695485358947,8.418374689108267,57.15550325912933,11.34645454198699,COMPLETE
1637,0.1147,0.34709036223490247,0.9836034418960177,4.128977545770486,117.01164712837071,0.5084006019933035,COMPLETE
1638,0.0868,0.42322767073970874,6.812644630608508,3.4709986937730752,0.5549010274448358,0.5084006019933035,COMPLETE
1639,0.0817,0.3960686797606261,2.5849499394834483,7.451337432117496,0.4111694316312813,27.589553488632323,COMPLETE
1640,0.12615,0.7359967969454456,2.527455084032924,9.988586281068551,470.1945581173577,1.8602957309646184,COMPLETE
1641,0.08775,0.4822455357774292,4.933362998330481,4.730916168079807,5.6878068615007775,0.7306953052604724,COMPLETE
1642,0.1134,0.725282084042153,7.257271731141275,7.639970758565217,6.3678586691542165,0.08745979786097895,COMPLETE
1643,0.10935,0.6476775846826462,7.398979747077997,5.196045314781185,82.85505752292904,1.526275265602974,COMPLETE
1644,0.10305,0.6506158776747321,7.489439152524652,4.390239464358789,65.42850617031253,0.5084006019933035,COMPLETE
1645,0.11115,0.7041518820612553,7.225279577446517,3.0638630129150126,560.4775189597802,0.36673167645134347,COMPLETE
1646,0.08235,0.3529081474949694,7.339695485358947,1.1679739768270172,384.81053681480347,1.130622265211707,COMPLETE
1647,0.0902,0.5685304266836846,7.398979747077997,3.0156649020845308,0.4957615456085964,0.06195606978013539,COMPLETE
1648,0.07485,0.21114992158774215,4.933362998330481,1.5232915956522353,0.022872403443138362,0.5985950343657075,COMPLETE
1649,0.0856,0.49237666702823146,7.489439152524652,3.4709986937730752,4.6216117253800055,0.5985950343657075,COMPLETE
1650,0.0811,0.19909817079084932,7.489439152524652,1.0000874311382033,117.01164712837071,4.792699168837896,COMPLETE
1651,0.06185,0.20171299265403933,7.489439152524652,1.2992706708708701,0.022872403443138362,0.5985950343657075,COMPLETE
1652,0.0658,0.1277914907127303,7.489439152524652,1.0000874311382033,0.4111694316312813,4.792699168837896,COMPLETE
1653,0.0937,0.21427816647799564,2.4752494537380167,2.195218904889921,10.955729402655995,0.725005173883511,COMPLETE
1654,0.07725,0.4614045723918062,7.339695485358947,3.0352039660395387,0.5529959922862323,0.7306953052604724,COMPLETE
1655,0.08275,0.375918875618997,4.933362998330481,3.0638630129150126,0.01333967025299093,0.5985950343657075,COMPLETE
1656,0.0627,0.17221256665609472,7.339695485358947,1.1679739768270172,2.4792588435669867,58.8365186870629,COMPLETE
1657,0.07635,0.18316563288827123,6.625582864430163,1.2992706708708701,6.3678586691542165,0.5985950343657075,COMPLETE
1658,0.1408,0.8394944337105451,4.859269400135405,7.062126769282375,1688.3846346819648,0.725005173883511,COMPLETE
1659,0.08815,0.47832420520175795,6.579981856400753,3.0638630129150126,60.230259197063944,13.737135040054913,COMPLETE
1660,0.1277,0.8390446190050433,7.489439152524652,7.062126769282375,1688.3846346819648,6.621895430058044,COMPLETE
1661,0.0593,0.20259358049977785,7.489439152524652,1.2992706708708701,0.022872403443138362,0.5985950343657075,COMPLETE
1662,0.1344,0.8325613452147802,5.669059578661803,7.062126769282375,1688.3846346819648,1.526275265602974,COMPLETE
1663,0.13905,0.7599162521764103,7.489439152524652,9.988586281068551,1476.1251734596226,0.23291550704595787,COMPLETE
1664,0.08755,0.3789864928272245,7.339695485358947,4.065154766844482,0.021748253967396165,11.34645454198699,COMPLETE
1665,0.11285,0.7086245716057576,5.5150049043702545,5.196045314781185,560.4775189597802,1.526275265602974,COMPLETE
1666,0.09005,0.5230214339568238,7.339695485358947,8.196470238895392,5.6878068615007775,11.34645454198699,COMPLETE
1667,0.0672,0.1829669695409685,7.339695485358947,1.1679739768270172,2.4792588435669867,0.257283273507887,COMPLETE
1668,0.09145,0.6202976009460273,7.386495200771071,3.4709986937730752,384.81053681480347,2.1102891532478085,COMPLETE
1669,0.0749,0.3078860195982545,7.489439152524652,1.2992706708708701,0.022872403443138362,0.04841802788233872,COMPLETE
1670,0.0775,0.2327081637373213,7.489439152524652,1.0494749065609708,117.01164712837071,0.5084006019933035,COMPLETE
1671,0.1092,0.6768623766824584,7.489439152524652,9.767312130896007,21.241906192078755,0.7037594792077035,COMPLETE
1672,0.08995,0.4984253149914249,2.4383220262261234,4.128977545770486,117.01164712837071,0.5084006019933035,COMPLETE
1673,0.0689,0.19399735308374916,5.5150049043702545,1.2992706708708701,0.48160356426463263,0.5985950343657075,COMPLETE
1674,0.09485,0.47845643490740586,3.783158464216658,9.988586281068551,2.4792588435669867,44.76380938653201,COMPLETE
1675,0.06375,0.19979782368552557,4.933362998330481,1.5232915956522353,2.4792588435669867,44.76380938653201,COMPLETE
1676,0.0748,0.38176092780020077,7.489439152524652,1.2992706708708701,299.70390476110094,0.5985950343657075,COMPLETE
1677,0.11605,0.6987452984518742,7.257271731141275,7.639970758565217,0.010852328854840386,0.10174641461881528,COMPLETE
1678,0.10315,0.6850924220690784,7.489439152524652,9.42555474147756,0.48160356426463263,1.526275265602974,COMPLETE
1679,0.14755,0.8955387490293382,6.641989734742594,7.451337432117496,2899.69581847893,2.2659877554138568,COMPLETE
1680,0.1154,0.7869436653829018,5.334411901674462,9.933529862520766,359.71457230765833,1.526275265602974,COMPLETE
1681,0.11405,0.541922823228954,4.933362998330481,7.451337432117496,0.4111694316312813,0.7306953052604724,COMPLETE
1682,0.10185,0.6680109718735685,4.411418981849944,7.639970758565217,153.2860257697558,4.792699168837896,COMPLETE
1683,0.1112,0.7200860523649388,7.321806062638004,7.914194631840662,30.54779366423335,0.5985950343657075,COMPLETE
1684,0.09325,0.5912471947331732,7.489439152524652,3.4709986937730752,10.955729402655995,0.08991353636167962,COMPLETE
1685,0.13525,0.636690519954957,7.489439152524652,2.195218904889921,6755.71174442274,0.16432524544553262,COMPLETE
1686,0.14135,0.9411384238568419,7.489439152524652,9.988586281068551,4471.35484774812,4.792699168837896,COMPLETE
1687,0.12355,0.7330501952012485,6.641989734742594,7.451337432117496,544.9650617560998,6.078254576141324,COMPLETE
1688,0.0964,0.38857065058291035,6.625582864430163,4.730916168079807,6.3678586691542165,88.75609779620241,COMPLETE
1689,0.1051,0.6048919181571301,6.641989734742594,7.451337432117496,5.489169156867599,0.5587299509412997,COMPLETE
1690,0.1342,0.878817544254992,7.489439152524652,9.988586281068551,1688.3846346819648,4.792699168837896,COMPLETE
1691,0.06955,0.32840772754254344,7.257271731141275,3.0156649020845308,0.47922867479544107,10.304655700293951,COMPLETE
1692,0.13695,0.8226121625991168,7.339695485358947,7.062126769282375,1688.3846346819648,0.725005173883511,COMPLETE
1693,0.092,0.5180184974562014,4.933362998330481,8.418374689108267,5.6878068615007775,1.8602957309646184,COMPLETE
1694,0.0861,0.3433926796258488,5.1190043882270295,3.4709986937730752,0.2225093959695952,1.526275265602974,COMPLETE
1695,0.1257,0.746597498896706,7.489439152524652,3.4709986937730752,1688.3846346819648,0.5985950343657075,COMPLETE
1696,0.1411,0.9299246252065112,7.489439152524652,9.988586281068551,1476.1251734596226,4.792699168837896,COMPLETE
1697,0.0957,0.5653113048000384,7.398979747077997,3.0156649020845308,153.2860257697558,0.7306953052604724,COMPLETE
1698,0.09095,0.5217340330386991,7.489439152524652,5.061348409319827,0.022872403443138362,0.7037594792077035,COMPLETE
1699,0.0972,0.7007180921744898,7.489439152524652,7.204579578056371,65.42850617031253,2.1102891532478085,COMPLETE
1700,0.0948,0.47933996070587753,7.257271731141275,7.639970758565217,0.02058328949269307,15.635249172291681,COMPLETE
1701,0.0918,0.5916027527347082,5.156935048671972,3.0638630129150126,359.71457230765833,0.5985950343657075,COMPLETE
1702,0.105,0.711801464228815,7.489439152524652,9.933529862520766,112.323925330586,18.893074266456036,COMPLETE
1703,0.1132,0.6142796868429528,7.489439152524652,1.8475570771525611,1476.1251734596226,0.5985950343657075,COMPLETE
1704,0.1373,0.853443343466268,7.257271731141275,9.988586281068551,1476.1251734596226,19.341058037848843,COMPLETE
1705,0.10035,0.6151304196540758,7.225279577446517,3.0949985543951763,359.71457230765833,0.5985950343657075,COMPLETE
1706,0.1373,0.8476611187592072,4.93327810284645,6.999195985212719,1688.3846346819648,0.7306953052604724,COMPLETE
1707,0.1095,0.6727892131934697,7.489439152524652,2.195218904889921,1981.6923823901652,0.5985950343657075,COMPLETE
1708,0.0752,0.4503870059656906,7.398979747077997,3.0156649020845308,0.061530195681195304,0.5985950343657075,COMPLETE
1709,0.09965,0.503649077307093,6.8435536313626235,1.1769828153003536,6324.003675060509,0.08373664204696794,COMPLETE
1710,0.1328,0.8993914832072143,7.489439152524652,8.418374689108267,660.4335424180733,1.8602957309646184,COMPLETE
1711,0.0856,0.12861132376329082,1.130552525413468,1.2992706708708701,0.022872403443138362,0.5985950343657075,COMPLETE
1712,0.1025,0.682527785143995,6.641989734742594,7.451337432117496,191.4005321703635,11.34645454198699,COMPLETE
1713,0.0979,0.44085726221699034,2.3670644524050415,1.9338196777924708,1476.1251734596226,69.55695910292978,COMPLETE
1714,0.11355,0.38675439102869485,1.1582237427961029,7.451337432117496,28.623301091967512,0.6011885654697788,COMPLETE
1715,0.07505,0.22952768590270925,3.311097657746201,2.262803631142196,0.03604541775310702,11.34645454198699,COMPLETE
1716,0.0897,0.5515580073492712,7.257271731141275,1.51691479067776,1476.1251734596226,0.5985950343657075,COMPLETE
1717,0.069,0.234750785464023,6.812644630608508,2.0254562429834406,0.09500029425303819,4.792699168837896,COMPLETE
