number,values_0,values_1,params_delta_deg,params_gamma,params_lambda1,params_lambda2,params_lambda3,params_lambda4,state
1953,0.07155,0.6804702511829048,6.943625321882633,7.275491730011424,0.10975573048956343,0.12480776742786713,0.04529608412297882,8.720647859508846e-11,COMPLETE
1954,0.09265,0.6364224936872842,5.719667260978259,6.875144787901625,208.22607295194175,51.0531204742495,4.230818933588808,3.787929895519139e-07,COMPLETE
1955,0.0551,0.3801955464910466,6.351039989269435,2.5118580794078285,0.01460936304794229,0.004061588003228849,59.8687356176073,9.208573810784579e-10,COMPLETE
1956,0.09935,0.5383297858126525,0.43888546350404933,9.890916012877245,3090.9457533461396,0.03067409753549499,0.764092524644605,3.407169759582504e-13,COMPLETE
1957,0.04975,0.3031720687051909,6.643480933997417,1.9511519628195297,1.8278642465471888,2.0518583729409148,80.46577679760097,5.521087576123659e-10,COMPLETE
1958,0.12445,0.8345474717707159,4.335111916469993,9.890916012877245,9720.319765134518,1.2594502646806938,2.4710813083340644,7.242135537625552e-11,COMPLETE
1959,0.10035,0.5886904709175078,4.335111916469993,3.1788912454430323,2661.553121751245,1.2594502646806938,17.543999742650467,7.242135537625552e-11,COMPLETE
1960,0.056,0.20250222399571696,5.439590829177734,1.2997368745646833,0.014162338396506723,0.035459935760040036,0.04082369646290137,3.811801850956625e-07,COMPLETE
1961,0.11895,0.7903784136567062,5.719667260978259,8.33604695260721,2661.553121751245,1.2594502646806938,2.4710813083340644,3.787929895519139e-07,COMPLETE
1962,0.0859,0.37465099296078685,2.205694593453172,2.3739485793717776,1.9562826277387932,51.0531204742495,8.531899519236461,2.1811143402963018e-10,COMPLETE
1963,0.0751,0.5523933259643431,4.958426658725357,8.359124144204223,0.4634053899763641,1.5630282565660134,3.6008094906658137,3.787929895519139e-07,COMPLETE
1964,0.0886,0.7055949649597408,7.426952721753571,3.9944594338373487,208.22607295194175,0.08755680934938086,0.49106969850296894,5.314026320276268e-08,COMPLETE
1965,0.0544,0.3004035173411734,5.989976616159035,1.7519510271087413,0.016767417635497637,5.054984284069897,81.44928932324949,1.7411112824373338e-14,COMPLETE
1966,0.05465,0.26706697447155137,6.943625321882633,1.0726049388472807,12.412723646412944,107.59872434463156,0.010117774078155787,3.0092675819548274e-09,COMPLETE
1967,0.05,0.28836596012914867,6.943625321882633,1.0726049388472807,0.014162338396506723,546.754814234046,0.010117774078155787,3.0092675819548274e-09,COMPLETE
1968,0.06335,0.20296551285746267,3.629478402725804,1.3526137167003873,0.039245727899718565,107.59872434463156,34.574222073764446,0.0014864660264826003,COMPLETE
1969,0.0804,0.4312113401960653,4.958426658725357,8.359124144204223,0.5736061387192244,0.047570004104159534,18.58953907826495,1.9897264125379086e-06,COMPLETE
1970,0.08815,0.6527326666323829,6.57238989727827,8.741900816624833,0.06324086317836522,186.9306125540257,1.8901163785024215,3.0541645143911065e-11,COMPLETE
1971,0.06825,0.14329647829831677,6.019990742215804,3.790654759926865,0.014162338396506723,6.725876805419011,0.0247605531247782,4.331365543927414e-05,COMPLETE
1972,0.1097,0.6262450629780411,3.046425174476959,8.741900816624833,123.52077947060401,0.06857317261521613,14.732118064935978,2.2563515925025537e-09,COMPLETE
1973,0.0993,0.5922435545182472,2.8467952672042545,8.359124144204223,0.4634053899763641,51.0531204742495,4.230818933588808,5.521087576123659e-10,COMPLETE
1974,0.07275,0.37612862841745837,3.7523591558107,2.2991799521485987,696.2953657903797,110.16646134717259,34.574222073764446,3.0541645143911065e-11,COMPLETE
1975,0.06665,0.24527524227211844,4.797597292147365,1.7519510271087413,1.8442663426239594,43.465225604296,0.01777158201797886,3.407169759582504e-13,COMPLETE
1976,0.0678,0.5575228742891944,6.103623020551158,3.3801923275388828,104.61067826393281,0.3710234766141632,12.998485055805963,8.034735543027437e-12,COMPLETE
1977,0.07205,0.5517614468242222,5.840994154165518,8.359124144204223,19.97407255528402,0.8507641380822695,3.6008094906658137,3.0541645143911065e-11,COMPLETE
1978,0.05755,0.1961318693476128,5.719667260978259,1.317692683851555,11.730599517019455,110.16646134717259,0.01777158201797886,9.787752692175531e-12,COMPLETE
1979,0.088,0.5935392442769826,6.943625321882633,8.33604695260721,3090.9457533461396,1.2594502646806938,0.04082369646290137,1.9897264125379086e-06,COMPLETE
1980,0.05285,0.35379335579973686,5.439590829177734,2.5118580794078285,1.9562826277387932,3.858204027730059,59.2437895529571,3.649569116806477e-06,COMPLETE
1981,0.09245,0.12913484912456644,4.958426658725357,8.359124144204223,10.198929630341418,0.01648570879884104,39.6628903023794,0.00024808167352134263,COMPLETE
1982,0.08205,0.6497087736844726,6.57238989727827,3.9944594338373487,208.22607295194175,0.08755680934938086,3.6008094906658137,3.0541645143911065e-11,COMPLETE
1983,0.07505,0.5137360530565787,4.050574348074197,5.751620494688234,0.016767417635497637,0.004569612957571183,2.606433764399818,3.0092675819548274e-09,COMPLETE
1984,0.08545,0.6957677925850834,6.471503429723491,3.9944594338373487,208.22607295194175,0.20998235810307417,0.49106969850296894,5.314026320276268e-08,COMPLETE
1985,0.05305,0.4471094683557122,6.103623020551158,3.3801923275388828,0.4634053899763641,0.3710234766141632,4.230818933588808,1.5335060532903536e-12,COMPLETE
1986,0.05,0.35677145723917375,4.797597292147365,1.7519510271087413,1.8442663426239594,4.006173959705789,0.764092524644605,3.407169759582504e-13,COMPLETE
1987,0.1005,0.5911440113722196,1.4489691062465955,6.875144787901625,208.22607295194175,0.009707433566872849,0.010490863545892863,3.787929895519139e-07,COMPLETE
1988,0.0491,0.3318640996837667,5.719667260978259,2.2991799521485987,0.016767417635497637,110.16646134717259,0.04082369646290137,1.9897264125379086e-06,COMPLETE
1989,0.0812,0.3877941102288267,4.958426658725357,2.2991799521485987,0.4634053899763641,110.16646134717259,34.574222073764446,3.649569116806477e-06,COMPLETE
1990,0.05185,0.17896068814956934,3.0455122299916,1.0726049388472807,104.61067826393281,51.0531204742495,56.06066086844556,3.649569116806477e-06,COMPLETE
1991,0.0705,0.41101906785712133,4.958426658725357,3.3801923275388828,0.4634053899763641,0.3710234766141632,80.46577679760097,3.0541645143911065e-11,COMPLETE
1992,0.042,0.1767558704860011,3.0455122299916,1.0726049388472807,0.4634053899763641,0.4878712301792302,8.213868348493142,5.521087576123659e-10,COMPLETE
1993,0.0926,0.18970300421462813,7.051402036894628,6.875144787901625,9804.59692793911,14.99876385908588,0.11060646004395691,1.6894010759859846e-13,COMPLETE
1994,0.1323,0.8382625281157663,5.439590829177734,9.890916012877245,3090.9457533461396,0.047570004104159534,0.04082369646290137,1.9897264125379086e-06,COMPLETE
1995,0.07745,0.6485519384438266,7.371731789186595,3.3801923275388828,2661.553121751245,1.5758051569871918,17.543999742650467,7.242135537625552e-11,COMPLETE
1996,0.117,0.7714997540899345,6.943625321882633,9.890916012877245,3090.9457533461396,0.009707433566872849,0.010490863545892863,1.9897264125379086e-06,COMPLETE
1997,0.07825,0.4365339410646342,7.371731789186595,3.3801923275388828,1.8278642465471888,2.0518583729409148,80.46577679760097,5.521087576123659e-10,COMPLETE
1998,0.0541,0.391028661561037,4.958426658725357,2.2991799521485987,2.2526238626393873,4.006173959705789,3.6008094906658137,3.407169759582504e-13,COMPLETE
1999,0.1246,0.7661078753245056,6.943625321882633,9.890916012877245,3090.9457533461396,0.01044348401923771,80.46577679760097,3.649569116806477e-06,COMPLETE
2000,0.0754,0.44957431490021693,6.943625321882633,2.5118580794078285,1.9562826277387932,3.858204027730059,0.010490863545892863,3.787929895519139e-07,COMPLETE
2001,0.0893,0.5969384414502913,7.051402036894628,6.875144787901625,123.52077947060401,39.170276175213694,17.543999742650467,7.242135537625552e-11,COMPLETE
2002,0.07515,0.3841467237647353,4.958426658725357,2.2991799521485987,1.8442663426239594,4.006173959705789,1.5751428210856446,3.407169759582504e-13,COMPLETE
2003,0.0906,0.6327163585308964,3.7523591558107,8.741900816624833,123.52077947060401,110.16646134717259,2.606433764399818,4.541950705954353e-12,COMPLETE
2004,0.0894,0.39869622890885004,5.719667260978259,5.517077749628653,0.06324086317836522,0.009707433566872849,0.01075530120466613,3.787929895519139e-07,COMPLETE
2005,0.0619,0.3028557895231322,4.797597292147365,1.7519510271087413,0.016767417635497637,110.16646134717259,0.01777158201797886,9.787752692175531e-12,COMPLETE
2006,0.08675,0.623578486115355,6.943625321882633,8.741900816624833,0.1784805460542277,0.5362196401258538,3.6008094906658137,2.2563515925025537e-09,COMPLETE
2007,0.0886,0.4963740766004936,1.5710540529466466,7.8078637347278095,0.1784805460542277,0.4878712301792302,8.213868348493142,5.521087576123659e-10,COMPLETE
2008,0.0747,0.41793846910914983,4.3548083271808515,1.3526137167003873,584.4014595958016,0.3710234766141632,34.574222073764446,3.649569116806477e-06,COMPLETE
2009,0.08575,0.6510425333884761,6.57238989727827,5.517077749628653,0.06324086317836522,186.9306125540257,3.6008094906658137,3.0541645143911065e-11,COMPLETE
2010,0.089,0.7043751868327792,5.719667260978259,9.890916012877245,1498.159111653543,100.94895572347674,11.890224462149334,3.407169759582504e-13,COMPLETE
2011,0.05665,0.5275815018941826,4.958426658725357,8.359124144204223,0.4634053899763641,1.5630282565660134,3.6008094906658137,3.0541645143911065e-11,COMPLETE
2012,0.08845,0.6373158388787924,6.57238989727827,5.137873631182713,0.06324086317836522,186.9306125540257,3.6008094906658137,3.0541645143911065e-11,COMPLETE
2013,0.0977,0.435454283479115,0.33285993621392507,8.33604695260721,13.797567871307123,1.2594502646806938,0.04082369646290137,1.9897264125379086e-06,COMPLETE
2014,0.0496,0.20239091069664947,6.019990742215804,1.2997368745646833,0.014162338396506723,0.5362196401258538,3.6008094906658137,3.811801850956625e-07,COMPLETE
2015,0.0983,0.8172825780842989,6.943625321882633,6.875144787901625,208.22607295194175,0.1013397086496358,0.764092524644605,3.407169759582504e-13,COMPLETE
2016,0.05975,0.36529055785263453,3.7523591558107,1.3526137167003873,12.412723646412944,107.59872434463156,2.606433764399818,1.7411112824373338e-14,COMPLETE
2017,0.0874,0.5505731048305211,4.958426658725357,5.137873631182713,104.61067826393281,186.9306125540257,0.06619752060278826,3.0541645143911065e-11,COMPLETE
2018,0.08505,0.22965540879343108,2.8483422676697683,3.3801923275388828,1.114710619744237,0.047570004104159534,0.141246349540056,3.649569116806477e-06,COMPLETE
2019,0.07185,0.499679305641163,0.4900978006937262,7.8078637347278095,3.1172569794695915,2.0518583729409148,80.46577679760097,5.521087576123659e-10,COMPLETE
2020,0.1306,0.7946991327386406,7.296565715563787,6.641926976422129,81.13281787605658,0.009707433566872849,0.01777158201797886,3.787929895519139e-07,COMPLETE
2021,0.06285,0.4903556504580951,5.278513987449833,2.6338329439397503,208.22607295194175,1.5630282565660134,3.6008094906658137,2.862819312035373e-14,COMPLETE
2022,0.05775,0.3263050035301835,6.103623020551158,1.7519510271087413,104.61067826393281,5.054984284069897,80.46577679760097,3.649569116806477e-06,COMPLETE
2023,0.0993,0.7590719061207031,6.943625321882633,5.751620494688234,3090.9457533461396,3.21996589887898,14.732118064935978,2.2914694387089566e-14,COMPLETE
2024,0.09515,0.6803775719214067,7.491453905458799,8.359124144204223,123.52077947060401,1.5630282565660134,0.11060646004395691,3.787929895519139e-07,COMPLETE
2025,0.05025,0.3270830813007338,3.0455122299916,2.2991799521485987,0.016767417635497637,0.4878712301792302,2.606433764399818,1.7411112824373338e-14,COMPLETE
2026,0.0927,0.7705622350277211,7.315010602257016,9.890916012877245,0.5814726255411095,0.0010880551992134982,59.2437895529571,2.1811143402963018e-10,COMPLETE
2027,0.0736,0.6773667217678284,6.943625321882633,8.741900816624833,0.014162338396506723,186.9306125540257,4.5766763328676445,2.2563515925025537e-09,COMPLETE
2028,0.0879,0.3612161192865977,0.41948087369172626,3.936964213447509,3090.9457533461396,0.047570004104159534,34.574222073764446,3.649569116806477e-06,COMPLETE
2029,0.1021,0.8376077991781039,5.719667260978259,9.890916012877245,3090.9457533461396,0.1013397086496358,0.764092524644605,3.787929895519139e-07,COMPLETE
2030,0.08815,0.5408444247849736,3.8545697836477335,3.6776563905591177,0.1784805460542277,51.0531204742495,3.6008094906658137,1.2265867439413963e-08,COMPLETE
2031,0.08925,0.5931191266505438,3.5959855881766956,5.517077749628653,314.1782054291994,546.754814234046,3.6008094906658137,3.0092675819548274e-09,COMPLETE
2032,0.0744,0.5989564663773091,6.103623020551158,8.359124144204223,0.4634053899763641,51.0531204742495,80.46577679760097,1.5335060532903536e-12,COMPLETE
2033,0.0569,0.5151272357971831,5.998183401294419,5.59136901789686,1.9562826277387932,5.054984284069897,59.2437895529571,2.1811143402963018e-10,COMPLETE
2034,0.05105,0.2363114983632834,4.653916869245234,1.0726049388472807,12.412723646412944,51.0531204742495,5.192615578479196,5.521087576123659e-10,COMPLETE
2035,0.082,0.4810394584378454,4.958426658725357,8.359124144204223,2.2526238626393873,2.0518583729409148,80.46577679760097,1.6992115370474287e-14,COMPLETE
2036,0.09355,0.657582267254092,4.958426658725357,8.359124144204223,0.4634053899763641,186.9306125540257,3.6008094906658137,3.0541645143911065e-11,COMPLETE
2037,0.0644,0.2363989538086064,4.3548083271808515,1.3526137167003873,1.8442663426239594,4.006173959705789,9.862842498681294,3.649569116806477e-06,COMPLETE
2038,0.0915,0.5015522548897148,4.958426658725357,9.890916012877245,0.1811587708161243,0.047570004104159534,0.764092524644605,3.407169759582504e-13,COMPLETE
2039,0.057,0.30394374502361765,4.050574348074197,1.5693464083184887,0.13198161592328322,0.0014230033914980071,1.1961286443235215,3.0092675819548274e-09,COMPLETE
2040,0.07395,0.6577676509410525,5.439590829177734,9.890916012877245,0.4634053899763641,186.9306125540257,3.6008094906658137,3.0541645143911065e-11,COMPLETE
2041,0.1234,0.7106926466507758,6.943625321882633,5.751620494688234,3090.9457533461396,0.004569612957571183,14.732118064935978,9.787752692175531e-12,COMPLETE
2042,0.1023,0.6475618666295744,4.958426658725357,8.359124144204223,2.2526238626393873,186.9306125540257,3.6008094906658137,5.432263014140687e-13,COMPLETE
2043,0.0805,0.5992177568869013,3.332685661040964,3.6646954762791206,123.52077947060401,0.06857317261521613,25.846822084003957,2.2563515925025537e-09,COMPLETE
2044,0.1079,0.5739084047753404,1.2721785189180879,6.875144787901625,3062.1733586324463,0.06857317261521613,3.6008094906658137,4.187142872327032e-14,COMPLETE
2045,0.0534,0.40470183820222894,4.050574348074197,2.5118580794078285,0.17940322196391464,0.004569612957571183,1.1961286443235215,2.1811143402963018e-10,COMPLETE
2046,0.08985,0.629425087920244,5.719667260978259,5.517077749628653,0.06324086317836522,186.9306125540257,3.6008094906658137,9.787752692175531e-12,COMPLETE
2047,0.0429,0.303280016033707,5.686980021608849,1.6281849520085743,1.9562826277387932,0.3574223861300762,59.2437895529571,2.1811143402963018e-10,COMPLETE
2048,0.10785,0.6981836729420021,4.335111916469993,3.1788912454430323,3090.9457533461396,0.047570004104159534,0.04082369646290137,7.242135537625552e-11,COMPLETE
2049,0.0466,0.22679047179623862,7.312373300899095,1.0726049388472807,12.412723646412944,1.5630282565660134,3.6008094906658137,5.521087576123659e-10,COMPLETE
2050,0.0642,0.28081881619229265,5.686980021608849,2.5118580794078285,1.9562826277387932,0.047570004104159534,0.04082369646290137,1.9897264125379086e-06,COMPLETE
2051,0.10935,0.7279409180803368,2.975859468566831,6.875144787901625,7843.277665583187,1.2594502646806938,2.4710813083340644,6.075412350414064e-11,COMPLETE
2052,0.0842,0.45400153232653984,5.719667260978259,1.3757474756440111,208.22607295194175,0.1013397086496358,0.01777158201797886,2.75153138840492e-08,COMPLETE
2053,0.09395,0.5013929628623441,5.439590829177734,6.641926976422129,32.24716599651381,0.12480776742786713,36.72493555902039,1.9897264125379086e-06,COMPLETE
2054,0.0708,0.3461125707692679,6.57238989727827,1.5335086728615208,177.44171577420843,1.2594502646806938,3.6008094906658137,7.242135537625552e-11,COMPLETE
2055,0.075,0.5785678278942488,4.958426658725357,9.890916012877245,0.10705676410642345,0.047570004104159534,0.764092524644605,5.432263014140687e-13,COMPLETE
2056,0.12795,0.7935664792982833,4.3548083271808515,9.890916012877245,3090.9457533461396,0.047570004104159534,0.04082369646290137,3.649569116806477e-06,COMPLETE
2057,0.10645,0.6103868340049454,3.7523591558107,8.359124144204223,0.016767417635497637,110.16646134717259,4.230818933588808,1.5335060532903536e-12,COMPLETE
2058,0.0787,0.5495143934582818,6.103623020551158,5.137873631182713,104.61067826393281,0.3710234766141632,80.46577679760097,3.649569116806477e-06,COMPLETE
2059,0.08465,0.4638718845063896,4.335111916469993,2.157850763885523,2661.553121751245,186.9306125540257,17.543999742650467,7.242135537625552e-11,COMPLETE
2060,0.06145,0.356021002795698,6.351039989269435,2.2991799521485987,0.016767417635497637,110.16646134717259,34.574222073764446,3.0541645143911065e-11,COMPLETE
2061,0.06635,0.2507244062732441,4.426846410461032,3.458411143783027,0.016767417635497637,233.90552791745466,0.01777158201797886,9.787752692175531e-12,COMPLETE
2062,0.0742,0.19285935126393777,4.958426658725357,8.359124144204223,0.1784805460542277,0.5362196401258538,60.54626335750091,0.0001011525123205258,COMPLETE
2063,0.099,0.5333778883922793,4.797597292147365,5.137873631182713,1.8442663426239594,4.006173959705789,0.010490863545892863,2.840456933647629e-07,COMPLETE
2064,0.0814,0.6570144355575743,4.958426658725357,6.36436389097147,48.074704583660605,186.9306125540257,42.71509006798124,3.0541645143911065e-11,COMPLETE
2065,0.07285,0.46332429347119997,4.958426658725357,2.2991799521485987,595.5777957991284,186.9306125540257,2.606433764399818,1.7411112824373338e-14,COMPLETE
2066,0.1358,0.8288576127023746,5.439590829177734,9.890916012877245,3090.9457533461396,0.047570004104159534,0.04082369646290137,3.649569116806477e-06,COMPLETE
2067,0.0974,0.6011562343752513,2.8467952672042545,6.875144787901625,123.52077947060401,51.0531204742495,4.230818933588808,1.5335060532903536e-12,COMPLETE
2068,0.0731,0.4759276448654193,3.7523591558107,2.2991799521485987,1092.6017556969864,110.16646134717259,2.606433764399818,3.0541645143911065e-11,COMPLETE
2069,0.08425,0.5289441950457694,4.958426658725357,8.359124144204223,0.4634053899763641,2.0932562452893633,4.230818933588808,3.0541645143911065e-11,COMPLETE
2070,0.06685,0.12762422850251223,4.958426658725357,1.5038374335792146,0.4634053899763641,186.9306125540257,0.01777158201797886,3.9694167750317793e-10,COMPLETE
2071,0.06685,0.4891266889767019,4.050574348074197,5.751620494688234,0.07261268023359602,0.17350286616513794,1.1961286443235215,3.0092675819548274e-09,COMPLETE
2072,0.09165,0.4035255281400709,4.653916869245234,1.0726049388472807,208.22607295194175,0.1013397086496358,0.01777158201797886,3.787929895519139e-07,COMPLETE
2073,0.07135,0.5257374558212706,6.351039989269435,3.3801923275388828,12.412723646412944,107.59872434463156,34.574222073764446,3.0541645143911065e-11,COMPLETE
2074,0.14565,0.6553601360015628,4.411575600313586,6.875144787901625,208.22607295194175,0.1013397086496358,0.01777158201797886,3.787929895519139e-07,COMPLETE
2075,0.08515,0.6245718485794695,2.0234761853515204,7.8078637347278095,0.016767417635497637,17.838768357286927,3.6008094906658137,1.9043961097477443e-12,COMPLETE
2076,0.08025,0.5782995471094226,2.8467952672042545,8.359124144204223,0.016767417635497637,110.16646134717259,0.01777158201797886,1.5335060532903536e-12,COMPLETE
2077,0.07475,0.09000829008935121,5.719667260978259,2.1530057480527667,208.22607295194175,1.5630282565660134,0.010490863545892863,3.787929895519139e-07,COMPLETE
2078,0.0646,0.3275697766815845,7.371731789186595,2.2991799521485987,1.8442663426239594,2.0518583729409148,80.46577679760097,3.407169759582504e-13,COMPLETE
2079,0.0883,0.5043389414377817,4.958426658725357,8.359124144204223,0.4634053899763641,1.5630282565660134,3.6008094906658137,3.0541645143911065e-11,COMPLETE
2080,0.08715,0.6177932521854115,7.051402036894628,6.875144787901625,0.010557728499640455,107.59872434463156,34.574222073764446,1.6894010759859846e-13,COMPLETE
2081,0.05205,0.3482401668386951,5.686980021608849,2.4052490656091257,6.806748617962984,3.858204027730059,59.2437895529571,2.1811143402963018e-10,COMPLETE
2082,0.07865,0.48305296797766967,1.1332745422553907,8.359124144204223,2.2526238626393873,1.2594502646806938,16.931942814437573,5.432263014140687e-13,COMPLETE
2083,0.06215,0.5376273380901517,5.686980021608849,2.5118580794078285,2661.553121751245,3.858204027730059,32.62092179900902,7.242135537625552e-11,COMPLETE
2084,0.077,0.6457857746946122,7.296565715563787,6.641926976422129,0.6975592224319972,61.52386505046258,1.080384033318699,8.720647859508846e-11,COMPLETE
2085,0.14015,0.7922627640773703,6.943625321882633,9.890916012877245,3090.9457533461396,0.047570004104159534,11.164683029733121,3.407169759582504e-13,COMPLETE
2086,0.07405,0.03889914925559349,4.3548083271808515,1.3526137167003873,7843.277665583187,107.59872434463156,0.24926467718311032,3.649569116806477e-06,COMPLETE
2087,0.0819,0.4778458334225964,5.918666444244987,5.517077749628653,0.016767417635497637,0.012409272967103762,3.6008094906658137,3.0541645143911065e-11,COMPLETE
2088,0.08465,0.629856871370214,3.7523591558107,7.242098619980624,212.24099110432874,186.9306125540257,34.574222073764446,1.7411112824373338e-14,COMPLETE
2089,0.0591,0.42738018162624575,5.915246869319483,1.7519510271087413,1.8442663426239594,168.65252268697844,3.6008094906658137,3.787929895519139e-07,COMPLETE
2090,0.0817,0.1577345077933517,6.019990742215804,9.890916012877245,0.1784805460542277,0.0010152421459550599,0.04082369646290137,1.9897264125379086e-06,COMPLETE
2091,0.0644,0.5963995433953597,6.103623020551158,3.9944594338373487,104.61067826393281,265.49241847348446,80.46577679760097,5.314026320276268e-08,COMPLETE
