number,values_0,values_1,params_delta_deg,params_gamma,params_lambda1,params_lambda3,state
3618,0.0648,0.20767711298182143,7.489439152524652,1.2901224729323897,0.019315069618518407,0.7306953052604724,COMPLETE
3619,0.127,0.6131898696086502,7.489439152524652,9.988586281068551,1476.1251734596226,0.030595349341982422,COMPLETE
3620,0.14415,0.7929762270095208,6.666959706638387,9.988586281068551,1688.3846346819648,0.2944924768920615,COMPLETE
3621,0.0713,0.12694369290265836,4.579950463588766,1.0109306592074625,4.6216117253800055,0.6308850023170011,COMPLETE
3622,0.12935,0.8049703024434736,7.339695485358947,5.061348409319827,1476.1251734596226,0.7306953052604724,COMPLETE
3623,0.0856,0.10700567022803566,0.4501964219868324,1.050589162505611,78.38477212666335,0.5985950343657075,COMPLETE
3624,0.11175,0.6738748339846675,7.339695485358947,7.639970758565217,153.2860257697558,92.80703208615445,COMPLETE
3625,0.0876,0.4282530571189361,5.443169702125653,1.0340435745788543,1476.1251734596226,3.646616628444733,COMPLETE
3626,0.1379,0.8745160300138032,7.489439152524652,9.988586281068551,1476.1251734596226,4.792699168837896,COMPLETE
3627,0.0896,0.5743158488594752,7.489439152524652,3.4207248376472847,112.56177897104392,1.0864194972631505,COMPLETE
3628,0.08945,0.6534502806665168,7.339695485358947,5.8081057233180955,108.13897778859966,11.34645454198699,COMPLETE
3629,0.0922,0.3071951515381224,2.6430001493405912,3.667946692983201,0.019315069618518407,1.4997724599580782,COMPLETE
3630,0.14205,0.9013408115715671,7.489439152524652,8.418374689108267,1575.9369216711668,2.1102891532478085,COMPLETE
3631,0.0936,0.5783188214228802,7.489439152524652,9.988586281068551,7.214800921395393,2.773646492892522,COMPLETE
3632,0.1008,0.22921273177390172,4.558721038640685,1.9935705833494002,24.687993700004206,2.1102891532478085,COMPLETE
3633,0.11355,0.6842074062787407,5.334411901674462,9.933529862520766,112.323925330586,1.526275265602974,COMPLETE
3634,0.10465,0.6694531825558662,2.5349764050365606,7.451337432117496,524.1907099750379,11.34645454198699,COMPLETE
3635,0.10885,0.7036623659500542,7.339695485358947,9.988586281068551,30.54779366423335,0.5755560193004724,COMPLETE
3636,0.0635,0.15988844515966202,7.489439152524652,1.0000874311382033,0.4111694316312813,0.13391944103899936,COMPLETE
3637,0.0942,0.5852670515414343,7.489439152524652,3.605237698717172,112.323925330586,13.737135040054913,COMPLETE
3638,0.10065,0.7958129424194982,7.489439152524652,9.988586281068551,112.323925330586,1.526275265602974,COMPLETE
3639,0.1368,0.8496416683611862,6.8435536313626235,9.988586281068551,1476.1251734596226,44.76380938653201,COMPLETE
3640,0.1084,0.6682256244968098,7.339695485358947,3.1109816593785697,1302.6493901065826,4.792699168837896,COMPLETE
3641,0.12925,0.8428219335024605,7.339695485358947,9.988586281068551,359.71457230765833,1.8602957309646184,COMPLETE
3642,0.0929,0.3225652220931208,5.1176833270689395,3.0156649020845308,2.8640223426051468,0.5985950343657075,COMPLETE
3643,0.077,0.13208795413704336,5.443169702125653,1.0340435745788543,4.683673495652711,0.5985950343657075,COMPLETE
3644,0.10485,0.6522860454969027,7.321806062638004,8.418374689108267,8.847021105349594,0.5985950343657075,COMPLETE
3645,0.13215,0.880613242843763,7.011306707694752,9.074463265750081,1476.1251734596226,4.792699168837896,COMPLETE
3646,0.0938,0.5696613348073025,7.489439152524652,1.3870310375231512,2859.6839932459134,0.8066172090490491,COMPLETE
3647,0.101,0.5221662673136112,2.422580344203561,4.374485697093977,359.71457230765833,11.34645454198699,COMPLETE
3648,0.13705,0.8459710036396071,7.489439152524652,8.418374689108267,1575.9369216711668,0.5985950343657075,COMPLETE
3649,0.1024,0.5846309017800294,6.666959706638387,9.988586281068551,0.4111694316312813,4.792699168837896,COMPLETE
3650,0.1054,0.4708813830938141,3.7484856077413533,8.418374689108267,4.6216117253800055,0.7306953052604724,COMPLETE
3651,0.07195,0.2453409791492553,6.762227049610639,1.660793312744208,2.4792588435669867,0.2944924768920615,COMPLETE
3652,0.11515,0.7240347612031309,5.287054864108622,8.418374689108267,93.6508074331408,0.34627329650139055,COMPLETE
3653,0.1246,0.8018316020576209,7.489439152524652,8.418374689108267,116.68218004772335,0.3629840000764272,COMPLETE
3654,0.08445,0.28171676444579924,7.211246974011563,2.279507150453469,4.6216117253800055,0.725301469941333,COMPLETE
3655,0.10315,0.5991135552408139,1.784462321074169,5.196045314781185,560.4775189597802,1.526275265602974,COMPLETE
3656,0.10855,0.5258393155672167,7.489439152524652,1.1679739768270172,6298.250043239397,0.22354462490048255,COMPLETE
3657,0.13125,0.8534211923961477,7.339695485358947,7.639970758565217,1575.9369216711668,1.062290424973966,COMPLETE
3658,0.0857,0.3985920713497818,2.17907111698597,3.0156649020845308,17.712903892547914,0.13391944103899936,COMPLETE
3659,0.12325,0.614554643714081,7.339695485358947,3.0638630129150126,359.71457230765833,0.06553503489290163,COMPLETE
3660,0.11285,0.4301102890838149,2.059212556028181,7.639970758565217,0.022872403443138362,0.5551119458102317,COMPLETE
3661,0.10125,0.5789009894178028,7.489439152524652,9.988586281068551,16.304826032785787,2.567041213139624,COMPLETE
3662,0.1453,0.7279838689506515,4.233703790057446,9.988586281068551,1688.3846346819648,0.17238331998360545,COMPLETE
3663,0.1154,0.6271326483898484,4.874267507127047,7.639970758565217,153.2860257697558,23.397159298907734,COMPLETE
3664,0.1185,0.471410249984631,0.48136936182276635,9.988586281068551,1476.1251734596226,0.011842977478863401,COMPLETE
3665,0.09225,0.526648769017715,7.489439152524652,4.373652887699127,35.18065884417502,13.737135040054913,COMPLETE
3666,0.0984,0.7057647581717084,7.489439152524652,9.767312130896007,2.4792588435669867,0.8360014182779373,COMPLETE
3667,0.0617,0.2063706305185323,7.489439152524652,1.262549750857019,10.514983733441577,13.737135040054913,COMPLETE
3668,0.09275,0.4917555871156884,7.489439152524652,9.988586281068551,4.6216117253800055,4.792699168837896,COMPLETE
3669,0.1097,0.3846321625006738,2.5940960231487553,8.418374689108267,23.99629954985195,2.1102891532478085,COMPLETE
3670,0.0702,0.2596905997971764,6.573075568287722,1.775957688444912,22.79918801852944,8.107214106699187,COMPLETE
3671,0.1065,0.3998991245752459,3.109000304726056,9.988586281068551,0.14618897394500707,4.792699168837896,COMPLETE
3672,0.1179,0.7263968783382367,7.489439152524652,8.418374689108267,272.07058701102017,12.954269363122343,COMPLETE
3673,0.14195,0.7817322307339613,3.754847490031652,8.418374689108267,1106.1499780960037,1.3964044847064154,COMPLETE
3674,0.09725,0.49039736458856914,7.339695485358947,7.639970758565217,4.8044951110400635,7.429092597613119,COMPLETE
3675,0.07545,0.19827911666708065,7.321806062638004,1.0340435745788543,30.54779366423335,0.13391944103899936,COMPLETE
3676,0.08185,0.4779594864291082,7.398979747077997,3.0156649020845308,0.393098827724196,0.14623243189713522,COMPLETE
3677,0.0844,0.1567579228021273,1.0957193442858904,1.2992706708708701,0.022872403443138362,0.13391944103899936,COMPLETE
3678,0.125,0.3315948035637707,1.179365709290277,8.418374689108267,4.6216117253800055,1.3964044847064154,COMPLETE
3679,0.06555,0.1794125972426748,7.489439152524652,1.2992706708708701,0.022872403443138362,79.80411190250685,COMPLETE
3680,0.10135,0.6087642556841331,7.489439152524652,4.693410021583558,0.05011403714673695,0.5985950343657075,COMPLETE
3681,0.12685,0.6662531080700255,6.666959706638387,2.7827848984844024,8636.264030151791,98.03099902424502,COMPLETE
3682,0.0776,0.303336589616553,5.909234998510002,2.3335689259140038,0.022872403443138362,0.5985950343657075,COMPLETE
3683,0.11965,0.5384182659526808,7.489439152524652,9.988586281068551,112.323925330586,0.02117166044463598,COMPLETE
3684,0.1352,0.852249282038958,7.339695485358947,9.988586281068551,312.0281015669825,1.3157650113770214,COMPLETE
3685,0.0936,0.5212363273613291,5.620889157471926,9.718261191835115,0.019315069618518407,2.1102891532478085,COMPLETE
3686,0.1125,0.27426645835983415,0.23859523879541011,6.612639322764853,62.439547364340314,1.3157650113770214,COMPLETE
3687,0.1028,0.6625908991042516,7.489439152524652,7.639970758565217,0.061530195681195304,0.5985950343657075,COMPLETE
3688,0.1276,0.8927653803287063,7.489439152524652,9.933529862520766,359.71457230765833,1.526275265602974,COMPLETE
3689,0.14385,0.8860870899882067,7.489439152524652,8.418374689108267,1476.1251734596226,1.8602957309646184,COMPLETE
3690,0.0741,0.1567154303209028,7.489439152524652,1.1679739768270172,2.4792588435669867,2.1102891532478085,COMPLETE
3691,0.06875,0.2523385650358112,7.339695485358947,1.7379120900014777,0.017944270076093727,0.7306953052604724,COMPLETE
3692,0.10105,0.5951854637586024,7.489439152524652,8.418374689108267,0.4111694316312813,4.023930407847424,COMPLETE
3693,0.11415,0.7120363715394759,7.489439152524652,7.885966990045877,116.68218004772335,1.8602957309646184,COMPLETE
3694,0.1211,0.6768967752802638,7.489439152524652,9.767312130896007,24.687993700004206,0.060573577726443714,COMPLETE
3695,0.06915,0.20764350412370305,7.489439152524652,1.4297349448428534,0.6494832708888578,4.792699168837896,COMPLETE
3696,0.1214,0.6394670946633411,7.211246974011563,8.418374689108267,116.68218004772335,0.030595349341982422,COMPLETE
3697,0.1031,0.5375880693677222,7.489439152524652,9.767312130896007,0.010206291664710026,13.737135040054913,COMPLETE
3698,0.12365,0.8743382238679344,7.489439152524652,9.988586281068551,359.71457230765833,1.526275265602974,COMPLETE
3699,0.0695,0.2543987520379035,7.339695485358947,1.1679739768270172,2.4792588435669867,0.030595349341982422,COMPLETE
3700,0.07455,0.2834664682570233,7.071966850650684,1.2992706708708701,2.4792588435669867,0.03865243142586708,COMPLETE
3701,0.14685,0.8631631615339993,7.339695485358947,7.639970758565217,4084.006930890018,1.3157650113770214,COMPLETE
3702,0.0745,0.4695310757336975,7.398979747077997,3.0156649020845308,4.6216117253800055,0.5985950343657075,COMPLETE
3703,0.0994,0.40777408906784224,2.0022100434246886,7.451337432117496,2.4792588435669867,11.34645454198699,COMPLETE
3704,0.10095,0.598812823848118,7.489439152524652,2.0024715673801867,1476.1251734596226,4.792699168837896,COMPLETE
3705,0.0882,0.4824219069213258,7.489439152524652,1.2992706708708701,1575.9369216711668,2.1102891532478085,COMPLETE
3706,0.10945,0.529926413868949,5.635908104563043,9.988586281068551,2.4792588435669867,0.2944924768920615,COMPLETE
3707,0.11715,0.7640164153027392,7.489439152524652,9.988586281068551,112.323925330586,1.526275265602974,COMPLETE
3708,0.08035,0.3920743750820766,6.903012180753286,4.101823977297871,0.032440161812824594,32.26137387200981,COMPLETE
3709,0.12235,0.6667279867332877,7.489439152524652,8.418374689108267,0.036342528926425914,0.04126786068763636,COMPLETE
3710,0.11755,0.7257342311458339,7.489439152524652,9.988586281068551,132.82022724445855,4.792699168837896,COMPLETE
3711,0.1329,0.8840197095517378,7.489439152524652,9.598176983927896,4471.617544167083,83.17189746007304,COMPLETE
3712,0.1039,0.580760116576385,7.489439152524652,9.988586281068551,30.54779366423335,11.34645454198699,COMPLETE
3713,0.06985,0.17526063807664144,6.8435536313626235,1.2992706708708701,0.11806800529776124,2.9491191624226234,COMPLETE
3714,0.08665,0.4751414435571684,7.398979747077997,3.0156649020845308,61.128832411058866,44.76380938653201,COMPLETE
3715,0.1176,0.6963430701156994,7.339695485358947,7.2809487324497955,0.5529959922862323,0.030595349341982422,COMPLETE
3716,0.08945,0.5792127223268767,7.321806062638004,5.061348409319827,0.017944270076093727,0.5985950343657075,COMPLETE
3717,0.0755,0.4766055689148246,7.489439152524652,3.0638630129150126,67.76734546051371,4.792699168837896,COMPLETE
3718,0.08945,0.623915442256391,7.489439152524652,6.612639322764853,6.48522403315561,3.582241529497219,COMPLETE
3719,0.0935,0.6439019273754085,7.321806062638004,5.252842404867624,3.5117497506616533,0.5985950343657075,COMPLETE
3720,0.1086,0.5274095601525591,4.940126266972066,9.988586281068551,6.711063045308862,1.8602957309646184,COMPLETE
3721,0.1233,0.8482190487997056,7.489439152524652,9.988586281068551,302.9051034714493,1.526275265602974,COMPLETE
3722,0.05975,0.1987013094641209,7.211246974011563,1.0340435745788543,0.011064191135752277,0.1065260421922396,COMPLETE
3723,0.0998,0.6580451521666832,7.321806062638004,5.406503926068193,61.128832411058866,0.7916187295333597,COMPLETE
3724,0.11185,0.7363710715715631,7.489439152524652,3.0156649020845308,1476.1251734596226,0.5985950343657075,COMPLETE
3725,0.11825,0.7111143973337671,7.489439152524652,8.160941529838574,359.71457230765833,13.737135040054913,COMPLETE
3726,0.09115,0.6001317370520588,7.489439152524652,7.639970758565217,0.06851566634219772,2.1102891532478085,COMPLETE
3727,0.08345,0.35974815112069214,6.737331083233622,2.8484038118040527,0.5529959922862323,0.7306953052604724,COMPLETE
3728,0.1293,0.8142598973256935,7.339695485358947,7.639970758565217,153.2860257697558,0.43892390883489674,COMPLETE
3729,0.07415,0.2520454308521491,6.8435536313626235,1.536531192373283,24.687993700004206,2.1102891532478085,COMPLETE
3730,0.10115,0.6367042287328273,7.489439152524652,3.8422142204178593,116.68218004772335,0.5985950343657075,COMPLETE
3731,0.12065,0.8248707251436801,7.489439152524652,7.639970758565217,502.1663293731389,4.792699168837896,COMPLETE
3732,0.10965,0.3303474453398709,0.9842124432147599,5.8081057233180955,0.44949750274962713,0.7306953052604724,COMPLETE
3733,0.09655,0.6131212562355332,7.489439152524652,5.848165540852496,4.6216117253800055,0.5985950343657075,COMPLETE
3734,0.0774,0.4254594064568452,7.339695485358947,3.1109816593785697,30.54779366423335,1.3964044847064154,COMPLETE
3735,0.06955,0.11034558984155025,4.017845613409758,1.0340435745788543,0.022872403443138362,0.5985950343657075,COMPLETE
3736,0.1076,0.6508977078526919,7.339695485358947,3.1109816593785697,1476.1251734596226,4.792699168837896,COMPLETE
3737,0.0917,0.6268551349534671,7.489439152524652,9.988586281068551,0.5503013998546388,4.792699168837896,COMPLETE
3738,0.09505,0.5939864229404166,7.339695485358947,7.639970758565217,0.050407024376558376,1.7097100610907403,COMPLETE
3739,0.1021,0.5719580399509117,6.987881512764903,9.988586281068551,24.687993700004206,2.1102891532478085,COMPLETE
3740,0.116,0.6449731628624134,7.211246974011563,8.418374689108267,0.011064191135752277,0.030595349341982422,COMPLETE
3741,0.1498,0.8572849639061045,7.321806062638004,8.418374689108267,1214.7886284164135,1.3964044847064154,COMPLETE
3742,0.0998,0.6701973092964545,7.489439152524652,7.3794551953857095,0.019315069618518407,0.46904863749817116,COMPLETE
3743,0.12605,0.854630863730923,7.339695485358947,7.451337432117496,1575.9369216711668,11.34645454198699,COMPLETE
3744,0.1273,0.8805043399201437,7.489439152524652,9.600259591448967,359.71457230765833,1.3157650113770214,COMPLETE
3745,0.13285,0.86877615812761,7.489439152524652,9.988586281068551,359.71457230765833,1.0864194972631505,COMPLETE
3746,0.0943,0.5588260878160897,7.489439152524652,8.418374689108267,0.019315069618518407,7.164839262501523,COMPLETE
3747,0.13005,0.8792422671949176,7.489439152524652,7.639970758565217,2649.0045320494287,13.737135040054913,COMPLETE
3748,0.14135,0.6979846510373017,6.666959706638387,9.988586281068551,1476.1251734596226,0.08402069357494363,COMPLETE
3749,0.0951,0.5313378065567105,6.666959706638387,8.418374689108267,1.5630285350980229,1.8602957309646184,COMPLETE
3750,0.1294,0.7831599456516201,5.716849609963034,6.374892468585764,1688.3846346819648,12.146893267526337,COMPLETE
3751,0.07815,0.24707342610979444,7.489439152524652,2.195218904889921,0.061530195681195304,4.5996702066918305,COMPLETE
3752,0.1197,0.6471940219395728,3.330587510448996,5.8081057233180955,359.71457230765833,1.0864194972631505,COMPLETE
3753,0.1147,0.5580084280899379,0.8664205458890601,8.101343682744979,1476.1251734596226,1.526275265602974,COMPLETE
3754,0.07385,0.255567461516935,7.489439152524652,2.1457938409119386,0.023367214872880168,4.792699168837896,COMPLETE
3755,0.09165,0.23131832403372177,1.0108591192038905,1.8941512611292954,116.68218004772335,2.1102891532478085,COMPLETE
3756,0.1226,0.6069001069667518,1.9854453534600158,9.988586281068551,359.71457230765833,1.526275265602974,COMPLETE
3757,0.12475,0.6239399062644295,7.339695485358947,7.451337432117496,65.42850617031253,0.02142067667726155,COMPLETE
3758,0.1424,0.8617818684337006,7.339695485358947,6.612639322764853,1418.3027511883918,1.3157650113770214,COMPLETE
3759,0.07385,0.1349168254655837,5.443169702125653,1.0340435745788543,3.9427802629738267,1.010558986363453,COMPLETE
3760,0.06935,0.3102558854232902,7.211246974011563,1.1679739768270172,0.05975520689544397,0.017909065170240338,COMPLETE
3761,0.1053,0.6096026696479099,6.812644630608508,2.0905506319448914,1476.1251734596226,4.792699168837896,COMPLETE
3762,0.10515,0.7263936928122253,7.489439152524652,9.767312130896007,111.18850587297112,13.737135040054913,COMPLETE
3763,0.0874,0.5469205532036865,4.065266434351589,6.75716595525997,30.54779366423335,1.0738768888663448,COMPLETE
3764,0.13555,0.8615186587009411,6.812644630608508,9.988586281068551,1090.7553308824297,4.792699168837896,COMPLETE
3765,0.1406,0.8975979184589167,7.489439152524652,8.418374689108267,1614.2005318958788,2.1102891532478085,COMPLETE
3766,0.108,0.6925544792788615,7.489439152524652,6.612639322764853,36.48880375787611,0.8395382421401469,COMPLETE
3767,0.08105,0.3825930869134161,7.489439152524652,2.4656458276312603,24.88751446348427,0.5985950343657075,COMPLETE
3768,0.12535,0.27346627059684436,0.8513525616282279,8.657625030331275,32.5499016480293,1.526275265602974,COMPLETE
3769,0.1224,0.6360173741207443,7.211246974011563,9.988586281068551,0.011064191135752277,0.030595349341982422,COMPLETE
3770,0.11145,0.7655493734148007,7.321806062638004,9.988586281068551,61.128832411058866,0.5985950343657075,COMPLETE
3771,0.10435,0.5896171940434091,7.211246974011563,4.2633560464040405,0.011064191135752277,0.030595349341982422,COMPLETE
3772,0.081,0.4480977980865421,5.443169702125653,1.0340435745788543,1476.1251734596226,0.5165756003912475,COMPLETE
3773,0.0917,0.5038515223201704,7.339695485358947,4.236869645337586,0.4111694316312813,0.5985950343657075,COMPLETE
3774,0.1029,0.628435874053825,7.339695485358947,8.418374689108267,0.5529959922862323,0.7306953052604724,COMPLETE
3775,0.07885,0.2695971257842056,7.489439152524652,2.195218904889921,0.529397020726381,0.5985950343657075,COMPLETE
3776,0.1355,0.9028673704284969,7.489439152524652,8.418374689108267,1476.1251734596226,4.792699168837896,COMPLETE
3777,0.10455,0.6181603090248129,4.889988930185639,7.639970758565217,0.019315069618518407,0.7306953052604724,COMPLETE
3778,0.1254,0.6106217043725747,7.339695485358947,6.612639322764853,359.71457230765833,0.032066645118164615,COMPLETE
3779,0.0753,0.3038954305460343,7.211246974011563,1.1679739768270172,0.011064191135752277,0.018908674729531033,COMPLETE
3780,0.0875,0.5562269184750911,7.489439152524652,4.101823977297871,0.48160356426463263,0.5985950343657075,COMPLETE
3781,0.09995,0.4763245936853362,7.321806062638004,3.0638630129150126,116.68218004772335,0.02023487992341901,COMPLETE
3782,0.08295,0.3045328825774843,7.339695485358947,1.1679739768270172,111.18850587297112,0.030595349341982422,COMPLETE
3783,0.0943,0.3534200630674309,5.5150049043702545,1.1679739768270172,560.4775189597802,1.526275265602974,COMPLETE
3784,0.09465,0.5136054414763407,6.812644630608508,9.988586281068551,0.04404355935644697,4.792699168837896,COMPLETE
3785,0.1436,0.8930638966809665,6.812644630608508,9.988586281068551,1476.1251734596226,4.792699168837896,COMPLETE
3786,0.0953,0.6250458142139164,7.489439152524652,3.070310343864464,116.68218004772335,0.22098323612553114,COMPLETE
3787,0.08345,0.3528240429230186,7.211246974011563,3.1109816593785697,0.011064191135752277,11.34645454198699,COMPLETE
3788,0.1319,0.8291075111839548,5.443169702125653,5.196045314781185,1476.1251734596226,1.0685189281333363,COMPLETE
3789,0.14255,0.8364220382962761,4.245334045540806,9.988586281068551,1476.1251734596226,3.646616628444733,COMPLETE
3790,0.09325,0.5401484446134064,7.489439152524652,1.675677896558578,1575.9369216711668,2.1102891532478085,COMPLETE
3791,0.1405,0.8343612984152591,7.489439152524652,9.578242435690248,1476.1251734596226,7.872027742403016,COMPLETE
3792,0.0898,0.27838210641148486,7.321806062638004,1.5764069139067285,61.128832411058866,0.5985950343657075,COMPLETE
3793,0.14815,0.8676313376218583,7.489439152524652,9.988586281068551,8750.699184212268,1.177674326227598,COMPLETE
3794,0.10155,0.680595920693068,7.489439152524652,8.418374689108267,24.687993700004206,2.1102891532478085,COMPLETE
3795,0.07885,0.2689824823808136,1.8183703495520802,2.1602289944283357,61.128832411058866,44.76380938653201,COMPLETE
3796,0.0774,0.24280251686168944,0.6536930373112604,1.2992706708708701,0.5529959922862323,0.010436849010409536,COMPLETE
3797,0.07855,0.4234349156662729,5.443169702125653,1.0340435745788543,1476.1251734596226,4.792699168837896,COMPLETE
3798,0.067,0.4253000218796662,7.489439152524652,4.101823977297871,0.48160356426463263,20.53241074618111,COMPLETE
3799,0.0708,0.15800714395916768,5.9761398167323305,1.0160075476457626,0.022872403443138362,0.13391944103899936,COMPLETE
3800,0.08705,0.35062592547897425,7.321806062638004,2.6325117192561205,0.8124005744336052,0.5985950343657075,COMPLETE
3801,0.10045,0.6479448699064783,7.489439152524652,2.145139889762589,1476.1251734596226,4.792699168837896,COMPLETE
3802,0.1156,0.7059963240805687,5.334411901674462,9.933529862520766,112.323925330586,1.526275265602974,COMPLETE
3803,0.1439,0.8989788777670494,6.113254957785057,9.988586281068551,1476.1251734596226,2.1102891532478085,COMPLETE
3804,0.1274,0.620791013780835,3.404743901748421,7.639970758565217,153.2860257697558,0.030595349341982422,COMPLETE
3805,0.0966,0.49927943035475764,6.666959706638387,9.988586281068551,18.963605409074674,12.146893267526337,COMPLETE
3806,0.09505,0.5257262141605756,7.489439152524652,8.418374689108267,3.75723531991993,2.1102891532478085,COMPLETE
3807,0.0957,0.6263648085874387,7.489439152524652,8.418374689108267,0.31846446693770997,2.1102891532478085,COMPLETE
