number,values_0,values_1,params_lambda1,params_lambda2,params_lambda3,state
0,0.3514432371175255,0.01791647947037155,119.74627920977781,0.33618508617228005,0.19186237533118813,COMPLETE
1,0.3459102726484901,0.015715685827441227,0.01266823364506068,0.011818266667056865,0.05974460245993746,COMPLETE
2,0.3295113659089394,0.021519602354088327,265.12151038057925,8.05250606137426,9.325014295204094,COMPLETE
3,0.3673088460769282,0.02086958366514876,4.158185645638728,164.43422889425912,27.440789817741177,COMPLETE
4,0.35337644157056197,0.01991499608639707,0.03111833995061699,15.697089865817073,6.146310246723496,COMPLETE
5,0.3519765348976735,0.016527189404067045,0.09858442951334098,0.003608098542855622,0.02073696844856831,COMPLETE
6,0.3467102193187121,0.022310998542442666,0.037555702404925714,10.043967499597517,43.53241490697324,COMPLETE
7,0.34497700153323113,0.01665047936313012,3.670302886420274,0.015037173046285318,35.2226795071819,COMPLETE
8,0.34831011265915607,0.01985514919273856,326.4035371084049,277.09584108930943,0.002916074991381778,COMPLETE
9,0.3721751883207786,0.024986172563162067,873.1526177571769,0.11755009196745579,4.4851952500349945,COMPLETE
10,0.35430971268582095,0.023903846890412094,0.13374880467391476,8.250770170808956,0.013947443002263747,COMPLETE
11,0.352443170455303,0.019207916272800312,5.501810748196607,0.0028366034911346746,0.03423426977025106,COMPLETE
12,0.3533097793480435,0.02267141698899991,4389.681536130235,324.17456501740605,38.357490619822705,COMPLETE
13,0.3515765615625625,0.01867321114347996,0.42361882331282286,0.7598583115513236,0.10620228959339453,COMPLETE
14,0.3371108592760483,0.033002572594032824,921.6324218112452,0.0141197925694383,0.00037247024451328605,COMPLETE
15,0.350576628224785,0.022500861821636967,7971.980216785966,2.928599482588129,1.2988340224043218,COMPLETE
16,0.34391040597293515,0.024782975715797104,36.69142648929216,0.004255445865679651,0.21121672754190535,COMPLETE
17,0.3473768415438971,0.02476419059683867,7770.647264440213,1.7553708996959754,1.7168258157745666,COMPLETE
18,0.3560429304713019,0.021957818710837802,190.98263539189642,0.10999021794368077,0.1188925139740776,COMPLETE
19,0.34964335710952604,0.01626475341162715,0.18937498797376098,0.8616627274834103,0.00025348952963643294,COMPLETE
20,0.33264449036730886,0.023976727206845322,3.8177615830976683,25.78007892201548,0.002321377368166416,COMPLETE
21,0.3510432637824145,0.02710218953021472,8.224266399158536,0.010278560068641458,60.35834393792696,COMPLETE
22,0.3575094993667089,0.020830775987619114,1.7665262839663332,85.18878419501763,16.393976232246565,COMPLETE
23,0.3400439970668622,0.018377782828349575,50.16602960608112,46.30832603329559,10.150127813922811,COMPLETE
24,0.32931137924138393,0.02642970939762097,2740.7340047017933,0.0460343044685777,0.002776761836693331,COMPLETE
25,0.36997533497766816,0.01934948252548943,0.22702555911566405,0.0501626519303105,40.02687446455645,COMPLETE
26,0.34457702819812014,0.016691231516112414,9.021020475919693,8.42947030205075,13.094079259889208,COMPLETE
27,0.34451036597560164,0.01890438199871846,0.8320527022711185,0.20209145840888237,0.0004134626335265455,COMPLETE
28,0.34364375708286116,0.01906163837665271,39.3827876892342,0.059140888438815445,53.25476495471021,COMPLETE
29,0.3583094460369309,0.022101601962497996,0.11992208029488345,0.012657790572858008,0.2039819663925662,COMPLETE
30,0.3359109392707153,0.022528223532455604,4090.4250562243838,1.3973170725818818,31.991463301962693,COMPLETE
31,0.34917672155189655,0.03352749477724543,1760.9222728919276,0.0478467572272796,0.09273986488175702,COMPLETE
32,0.3409106059596027,0.022391220990428323,2122.125829651635,0.6656703044002312,5.11844744614606,COMPLETE
33,0.33271115258982736,0.020592621160832526,1.3419257266613198,0.3938752091020648,31.03350893923145,COMPLETE
34,0.3365775614959003,0.025814113353114,0.9312690885966353,2.2896539259167317,0.011285236279223778,COMPLETE
35,0.3527764815678955,0.02240805383672624,101.94764984031045,0.02062096605340444,1.386369637836517,COMPLETE
36,0.3561095926938204,0.027426003835991152,3.1151049053498285,815.9273528863137,42.891577809853594,COMPLETE
37,0.351909872675155,0.025734076047192737,0.5981288363012754,3.459133958823272,0.00831930355932718,COMPLETE
38,0.33797746816878876,0.017598285114624673,4.8457489970707455,0.013962632577973927,0.023602124205569397,COMPLETE
39,0.34511032597826813,0.023479036661850777,0.022008455665454982,10.731927936460687,98.68736872940687,COMPLETE
40,0.351643223785081,0.027136160182065806,100.10459551305067,1.0459589352239622,0.021141173098034063,COMPLETE
41,0.3407772815145657,0.04330042901191063,417.9115989289213,0.0022794295629377953,0.012153602231809899,COMPLETE
42,0.3373108459436038,0.024225981061209653,1.14317370190271,0.017041870480125967,95.46767749095419,COMPLETE
43,0.33831077928138126,0.02471127524723686,0.6784989975346336,0.003874417115169112,0.5791705144598926,COMPLETE
44,0.3297113525764949,0.026892281565756678,0.033530160779716496,0.0037288438503293945,0.0002550065817879624,COMPLETE
45,0.32717818812079197,0.09064035579737549,1499.0745749857142,0.0018624612770867563,26.630667879649653,COMPLETE
46,0.3366442237184188,0.02509107589073377,0.1356106356117382,0.0789044578682962,0.14097777988846388,COMPLETE
47,0.33457769482034533,0.017889996209004257,4393.422585888456,3.0790469317601095,0.0006110953515604165,COMPLETE
48,0.32904473035130993,0.0176991154246516,51.38939672999612,41.08997939282877,0.061013765596927214,COMPLETE
49,0.3453769748683421,0.021448695765965226,0.12475165336805108,0.023049437518303,0.004907888614935502,COMPLETE
50,0.32251183254449706,0.025033578448940132,0.29666630004709366,0.002848117294377246,0.00011830266574222965,COMPLETE
51,0.34317712152523167,0.020361611845389208,160.9041851857493,69.36483644035668,0.002433132306094279,COMPLETE
52,0.30957936137590825,0.021584362414221868,0.13414461060654786,226.19690988518522,0.20105092646021125,COMPLETE
53,0.3418438770748617,0.024187780142160525,17.48104162520475,10.398636968447518,0.00608129778447049,COMPLETE
54,0.3313112459169389,0.02417368701835562,1.203294757461707,0.9661371161260169,0.00020510138688257878,COMPLETE
55,0.34284381041263917,0.023684620125278392,15.538698832631345,0.005994938510992763,1.9195034253879626,COMPLETE
56,0.34491033931071263,0.021936461918394556,28.030249545264066,0.0038308773289870333,0.0001250108575565685,COMPLETE
57,0.3359109392707153,0.020160941671538164,0.1387941575007351,0.14319498764272046,0.00016117179634331596,COMPLETE
58,0.3476434904339711,0.02290179325753898,0.1976389736324452,0.2075932545120951,0.18184139359464666,COMPLETE
59,0.36017598826744884,0.01737695099138001,20.120478573379593,0.7938368555477834,3.7492808225809675,COMPLETE
60,0.350976601559896,0.025980000104102813,14.736280340714249,0.002930992423225951,51.78509003072485,COMPLETE
61,0.33951069928671423,0.020319504153535534,41.22097422637858,214.10063533212727,0.0006402585275088245,COMPLETE
62,0.3351109926004933,0.020489143751453012,15.309154117453597,1.353170419005668,3.6487257990216255,COMPLETE
63,0.3521098593427105,0.01884027377176285,2908.534447256948,5.789691940488302,0.005194548986875747,COMPLETE
64,0.3529098060129325,0.020291041544579946,6.422826139319674,0.01702244762798406,64.0125666587575,COMPLETE
65,0.35404306379574696,0.021467204545977534,33.95599053593408,0.0938395493651561,0.0004770552090021213,COMPLETE
66,0.31724551696553566,0.020728140361677125,0.012242618499978764,408.93079260158174,0.5812630575884036,COMPLETE
67,0.37677488167455503,0.024746541661155474,0.32748905628526115,0.03318935077016115,0.007046875184932637,COMPLETE
68,0.3417105526298247,0.01937645996886178,5.704080248369214,83.31235316702536,3.829906924417785,COMPLETE
69,0.35004333044463704,0.018565565114395815,529.715047932333,786.8704915521037,47.04561462992371,COMPLETE
70,0.3209119392040531,0.03649461346946804,6057.363817145152,0.05476651067835111,4.154483407260331,COMPLETE
71,0.32224518365442306,0.018420664763735727,0.010905525417840532,15.459220946183002,0.0015057893955159486,COMPLETE
72,0.3365775614959003,0.02624833535337486,24.050921934662952,1.8271015453452275,25.79957623894393,COMPLETE
73,0.33244450369975337,0.025083653151638696,14.832060949143495,10.9230607781166,54.75499909617034,COMPLETE
74,0.34417705486300915,0.018147593692529947,0.015563253404008598,0.23729701689672927,0.019931282516533828,COMPLETE
75,0.3153789747350177,0.023510529642513905,96.872153577628,0.23187649562034626,0.23313951362062246,COMPLETE
76,0.34984334377708154,0.082826208407101,2233.939320946632,0.004037556055155553,27.700064769278395,COMPLETE
77,0.3561095926938204,0.01745505476372453,8.378233375888628,0.0345751998849392,0.000279559433453549,COMPLETE
78,0.3531764549030065,0.02123697722540383,67.65063522067344,9.094226364747133,0.005668789659110888,COMPLETE
79,0.3423105126324912,0.024582513603175433,1.1035572230214312,0.009655155551604391,0.0004881447564859697,COMPLETE
80,0.32757816145590296,0.021765505189722582,86.33625383720414,14.301239154717221,0.002477350416035789,COMPLETE
81,0.32871141923871744,0.023063126063164782,1.7665262839663332,85.18878419501763,0.013947443002263747,COMPLETE
82,0.3409772681821212,0.028049161522162507,275.26409798060524,0.0460343044685777,20.40582689184429,COMPLETE
83,0.3264449036730885,0.019850949867066224,15.538698832631345,107.00518693948138,1.9195034253879626,COMPLETE
84,0.34817678821411907,0.024162138611961426,7770.647264440213,675.4397951561089,1.7168258157745666,COMPLETE
85,0.3567095526964869,0.05554122231241588,384.60378477590393,0.0018624612770867563,0.0027866740652998873,COMPLETE
86,0.351776548230118,0.025069149696709345,0.11992208029488345,0.012657790572858008,0.3495442183447877,COMPLETE
87,0.3405772948470102,0.017932772859635987,0.6443508644192969,0.0501626519303105,40.02687446455645,COMPLETE
88,0.3635757616158923,0.024843633161752296,0.033530160779716496,91.1005171757456,0.0016572613739615862,COMPLETE
89,0.3684421038597427,0.017515908576718395,0.1356106356117382,0.003874417115169112,0.5791705144598926,COMPLETE
90,0.352309846010266,0.018867032968063538,0.11992208029488345,0.012657790572858008,0.2039819663925662,COMPLETE
91,0.3295113659089394,0.020258243475871456,17.48104162520475,10.398636968447518,0.0004347285493324979,COMPLETE
92,0.3583761082594494,0.020123758755323618,1.3419257266613198,0.3938752091020648,1.343234278346027,COMPLETE
93,0.3473101793213786,0.02175712999729253,265.12151038057925,8.05250606137426,9.325014295204094,COMPLETE
94,0.36610892607159523,0.018921337575971683,0.6784989975346336,183.37385652133526,0.014101422263242035,COMPLETE
95,0.325578294780348,0.017097124597999964,0.4738750019317057,0.0028366034911346746,27.440789817741177,COMPLETE
96,0.3418438770748617,0.022914327580606738,3.8177615830976683,0.0028366034911346746,0.00021658725916375192,COMPLETE
97,0.34397706819545365,0.02567886105770744,0.11992208029488345,0.1883274393314463,0.0001675370705004419,COMPLETE
98,0.35504299713352444,0.024052313090496415,2.1193126192231095,0.0460343044685777,0.002776761836693331,COMPLETE
99,0.33404439704019734,0.015030854177726856,0.6784989975346336,0.003874417115169112,0.5791705144598926,COMPLETE
100,0.36084261049263383,0.02123241238145664,36.69142648929216,0.010278560068641458,0.06723934810240918,COMPLETE
101,0.32711152589827347,0.018092952384369587,0.12475165336805108,0.023049437518303,0.004907888614935502,COMPLETE
102,0.33357776148256785,0.027106227253329708,0.0523473998786699,0.005994938510992763,0.01137300978921462,COMPLETE
103,0.33344443703753085,0.01752511862408375,100.10459551305067,878.2745080966192,0.5791705144598926,COMPLETE
104,0.36030931271248584,0.01581318673354295,0.29666630004709366,0.002848117294377246,0.0002550065817879624,COMPLETE
105,0.3523765082327845,0.026963664733067095,0.6365843730955881,2.80304300138271,0.09273986488175702,COMPLETE
106,0.35944270381974536,0.018610997955022506,873.1526177571769,0.11755009196745579,4.4851952500349945,COMPLETE
107,0.32364509032731154,0.019487154662240283,546.5142075878846,1.0459589352239622,0.2039819663925662,COMPLETE
108,0.33944403706419574,0.020166368096638042,0.9312690885966353,433.10880809149404,0.011285236279223778,COMPLETE
109,0.35417638824078396,0.018044014497817715,190.98263539189642,1.195419266497761,0.021141173098034063,COMPLETE
110,0.34431037930804614,0.02325234927149977,3.1151049053498285,0.003874417115169112,0.00023246328022569156,COMPLETE
111,0.33864409039397375,0.021768316073584978,0.02775569982011368,0.6656703044002312,0.0004039237048194089,COMPLETE
112,0.377041530564629,0.08054207727843526,8669.88715345849,0.004716459383914133,5.11844744614606,COMPLETE
113,0.350709952669822,0.017905946056321658,50.16602960608112,46.30832603329559,10.150127813922811,COMPLETE
114,0.33811079261382576,0.01507118905618167,37.903947588888904,414.9797085529152,0.00020510138688257878,COMPLETE
115,0.33897740150656624,0.030618762036327633,2740.7340047017933,0.0460343044685777,0.002776761836693331,COMPLETE
116,0.3473101793213786,0.026274157916747504,129.07367297601618,0.004999800239819827,0.002321377368166416,COMPLETE
117,0.3533097793480435,0.021992087713530725,0.11992208029488345,156.18024615762775,0.00020510138688257878,COMPLETE
118,0.3479101393240451,0.023468155561530243,23.046983261333185,10.398636968447518,0.013527535818052487,COMPLETE
119,0.3421105259649357,0.027932515867926718,7770.647264440213,0.5487631103920776,0.1433578931598031,COMPLETE
120,0.3348443437104193,0.02658589675325829,0.01266823364506068,0.011818266667056865,4.042361855798847,COMPLETE
121,0.32297846810212655,0.02192159831993701,0.13391786142785395,138.51576670291945,0.011285236279223778,COMPLETE
122,0.36610892607159523,0.02175016065221224,0.13414461060654786,226.19690988518522,0.20105092646021125,COMPLETE
123,0.3573761749216719,0.023852621099976126,4090.4250562243838,53.212084167111065,0.5791705144598926,COMPLETE
124,0.351643223785081,0.022089800939775417,0.5981288363012754,3.459133958823272,4.323899905268341,COMPLETE
125,0.34904339710685955,0.0174498755630651,6004.808881507084,88.43654989015602,0.00025348952963643294,COMPLETE
126,0.3529098060129325,0.058635688912737884,456.31520109530413,0.0022794295629377953,0.002321377368166416,COMPLETE
127,0.3303779748016799,0.01954094441902816,921.6324218112452,0.48953793570171933,2.587348911702282,COMPLETE
128,0.3243117125524965,0.021151327525925065,100.10459551305067,1.0459589352239622,0.0002550065817879624,COMPLETE
129,0.37004199720018666,0.018548293082135174,326.4035371084049,277.09584108930943,0.00793824619960541,COMPLETE
130,0.3629758016132258,0.02135683735797237,4090.4250562243838,1.3973170725818818,0.002321377368166416,COMPLETE
131,0.35024331711219253,0.03118865224639937,0.011406082728766365,0.007007230051804788,0.002338455076980443,COMPLETE
132,0.3416438904073062,0.020560189332954303,0.051649282078407396,226.19690988518522,0.20105092646021125,COMPLETE
133,0.352976468235451,0.09158563742886439,2122.125829651635,0.002848117294377246,0.00011830266574222965,COMPLETE
134,0.33264449036730886,0.04579784747135028,1721.6508317919295,0.011818266667056865,0.05974460245993746,COMPLETE
135,0.3506432904473035,0.024228631426989493,0.1356106356117382,0.0789044578682962,0.2438259329216774,COMPLETE
136,0.3671755216318912,0.09476418486247778,2740.7340047017933,0.0028366034911346746,0.002776761836693331,COMPLETE
137,0.3416438904073062,0.017572264264253977,0.18937498797376098,0.8616627274834103,0.2039819663925662,COMPLETE
138,0.325844943670422,0.019336354782910722,0.29666630004709366,0.002848117294377246,0.00011830266574222965,COMPLETE
139,0.35930937937470836,0.05096259468866281,417.9115989289213,0.0022794295629377953,6.299788629472022,COMPLETE
140,0.325178321445237,0.02299774184467295,4090.4250562243838,1.3973170725818818,0.06564787764700643,COMPLETE
141,0.35337644157056197,0.02309788115113207,0.013152142864570058,3.484347096838387,0.21121672754190535,COMPLETE
142,0.3365108992733818,0.025927888371203738,0.9173304042351013,0.05582038534765545,1.1530660614103958,COMPLETE
143,0.3252449836677555,0.015808078214701402,265.12151038057925,8.05250606137426,0.5791705144598926,COMPLETE
144,0.352976468235451,0.0207189771928401,9.929705923688608,226.19690988518522,0.00020510138688257878,COMPLETE
145,0.33371108592760484,0.02111961243942642,417.9115989289213,12.76959783840962,0.002776761836693331,COMPLETE
146,0.352843143790414,0.018547906607964935,417.9115989289213,0.9549705988400484,0.0008994071660642931,COMPLETE
147,0.36524231717885475,0.02136862647232986,190.98263539189642,0.10999021794368077,0.011285236279223778,COMPLETE
148,0.34984334377708154,0.02588848657284528,0.037555702404925714,1.7553708996959754,43.53241490697324,COMPLETE
149,0.33911072595160324,0.025381213443019735,873.1526177571769,0.11755009196745579,0.004768980354831709,COMPLETE
150,0.3416438904073062,0.015042870480937033,0.1356106356117382,9.273121708234115,0.00029652159780936023,COMPLETE
151,0.34951003266448905,0.021804273778392204,0.1356106356117382,0.005965908750419946,21.569072491214197,COMPLETE
152,0.3663089127391507,0.01812961737233621,4090.4250562243838,1.3973170725818818,2.8415375805954963,COMPLETE
153,0.3418438770748617,0.021797316990378936,0.4658633621122667,0.0022794295629377953,0.012153602231809899,COMPLETE
154,0.3558429438037464,0.024321171781092676,51.816530178960726,0.009771405005695559,31.03350893923145,COMPLETE
155,0.3372441837210853,0.01699999542748373,4.158185645638728,80.43066526554327,60.35834393792696,COMPLETE
156,0.3477101526564896,0.045334121657976754,6635.884855408103,0.0501626519303105,0.0011621093786201118,COMPLETE
157,0.3299780014665689,0.038898213339493386,7971.980216785966,0.0460343044685777,0.002776761836693331,COMPLETE
158,0.351776548230118,0.02377312909335929,51.38939672999612,1.3973170725818818,0.061013765596927214,COMPLETE
159,0.3426438237450837,0.021109773697852226,36.69142648929216,0.0018624612770867563,2.1208252064853124,COMPLETE
160,0.3480434637690821,0.08893419504547134,921.6324218112452,0.0018624612770867563,0.006667805798801799,COMPLETE
161,0.33937737484167724,0.018650964709735696,0.7675136436084571,23.567416464990703,0.0002550065817879624,COMPLETE
162,0.35497633491100594,0.022055662719511926,2.138830181750051,8.05250606137426,26.630667879649653,COMPLETE
163,0.34364375708286116,0.0872920456864195,1499.0745749857142,0.0018624612770867563,26.630667879649653,COMPLETE
164,0.3469102059862676,0.031142712617257314,1499.0745749857142,0.0460343044685777,65.65991415201843,COMPLETE
165,0.3315112325844944,0.02255932747521897,1614.4134057942547,0.19674499141422067,8.396252017010601,COMPLETE
166,0.3470435304313046,0.02342185281197798,2.3905209543013273,815.9273528863137,42.891577809853594,COMPLETE
167,0.3425104993000467,0.025960956181149228,673.223776860986,0.041186019412009243,0.0007831985845757394,COMPLETE
168,0.3511765882274515,0.02329844590008248,0.12475165336805108,0.0018624612770867563,46.30440343512504,COMPLETE
169,0.35490967268848744,0.02026286036079763,8.472257504437634,0.0710781666765033,0.012153602231809899,COMPLETE
170,0.3579761349243384,0.014564653937397294,1527.4056882170871,1.0459589352239622,0.14097777988846388,COMPLETE
171,0.37570828611425905,0.020374446562092505,1.7665262839663332,815.9273528863137,2.126283050311451,COMPLETE
172,0.3459769348710086,0.02471327646065818,1721.6508317919295,815.9273528863137,42.891577809853594,COMPLETE
173,0.3372441837210853,0.02085540015621769,8.224266399158536,0.010278560068641458,23.314371508522434,COMPLETE
174,0.3455102993133791,0.022252448671272188,0.739696397673381,0.004999800239819827,0.002321377368166416,COMPLETE
175,0.34931004599693355,0.024217914235059996,0.6784989975346336,0.005343050121125536,0.15587585500340254,COMPLETE
176,0.350976601559896,0.021319854848879067,1.7665262839663332,85.18878419501763,0.00020510138688257878,COMPLETE
177,0.35897606826211587,0.09625305725144313,1499.0745749857142,0.0018624612770867563,0.021141173098034063,COMPLETE
178,0.3406439570695287,0.05021965496154161,417.9115989289213,0.0022794295629377953,0.011285236279223778,COMPLETE
179,0.3215785614292381,0.051669815002682466,417.9115989289213,0.0022794295629377953,0.012153602231809899,COMPLETE
180,0.3573095126991534,0.022598755444674632,0.29666630004709366,0.002848117294377246,13.238034213610483,COMPLETE
181,0.35370975268315447,0.021032584085664725,0.0538781294981949,1.3973170725818818,27.675657746138164,COMPLETE
182,0.3421771881874542,0.015775129306856216,0.01266823364506068,0.011818266667056865,0.7172867002158089,COMPLETE
183,0.3583094460369309,0.024049908104356286,0.11992208029488345,41.08997939282877,0.3495442183447877,COMPLETE
184,0.34864342377174856,0.023400908360796512,129.07367297601618,1.0459589352239622,0.002321377368166416,COMPLETE
185,0.352843143790414,0.026209178902630192,224.66776147679124,18.74648023931517,26.630667879649653,COMPLETE
186,0.3584427704819679,0.09293968306684165,1520.5372838501282,0.0022794295629377953,0.012153602231809899,COMPLETE
187,0.3467102193187121,0.023431200591221557,8669.88715345849,0.48953793570171933,5.11844744614606,COMPLETE
188,0.34484367708819413,0.02043751335614826,0.12037367784236278,0.3502785449666189,0.00013265816147121234,COMPLETE
189,0.3319778681421239,0.025386303848982363,54.3611831383526,0.004716459383914133,27.440789817741177,COMPLETE
190,0.3469768682087861,0.022124709965514515,134.89126423704204,1.7553708996959754,1.7168258157745666,COMPLETE
191,0.32197853476434907,0.02132057520422866,456.31520109530413,1.0459589352239622,0.0006106987752270689,COMPLETE
192,0.3367108859409373,0.02365796851323589,384.60378477590393,1.0459589352239622,0.0027866740652998873,COMPLETE
193,0.2923138457436171,0.02445525186781951,4184.267465085887,138.51576670291945,0.011285236279223778,COMPLETE
194,0.34911005932937805,0.03109174665481987,0.01266823364506068,0.011818266667056865,1.4025504494272414,COMPLETE
195,0.3296446903539764,0.024255970122466032,0.6365843730955881,2.80304300138271,49.15727330790535,COMPLETE
196,0.3511765882274515,0.02401951830234279,100.10459551305067,1.0459589352239622,0.021141173098034063,COMPLETE
