number,values_0,values_1,params_delta_deg,params_gamma,params_lambda1,params_lambda2,params_lambda3,params_lambda4,state
4317,0.0892,0.6175057926736182,2.4996214348596046,6.875144787901625,7691.62941695241,1.5630282565660134,34.574222073764446,3.0541645143911065e-11,COMPLETE
4318,0.0752,0.4183029239450324,7.051402036894628,3.056397117224239,0.5012909589496314,0.06857317261521613,17.543999742650467,3.0541645143911065e-11,COMPLETE
4319,0.0588,0.3514745631484056,5.686980021608849,2.5118580794078285,1.9562826277387932,34.74982443918535,59.2437895529571,8.720647859508846e-11,COMPLETE
4320,0.0804,0.8129551252172988,6.351039989269435,8.741900816624833,2484.344497646969,5.054984284069897,11.478928737247317,3.0541645143911065e-11,COMPLETE
4321,0.10295,0.8463494387594618,7.051402036894628,9.890916012877245,123.52077947060401,0.047570004104159534,0.49106969850296894,5.521087576123659e-10,COMPLETE
4322,0.0876,0.1800804648744254,1.8939030145465052,6.875144787901625,0.4634053899763641,1.5630282565660134,3.6008094906658137,0.00014949789237753911,COMPLETE
4323,0.07175,0.2791955008163648,1.347134111897113,1.1028979619159323,4416.705263044181,269.4865031398329,5.192615578479196,5.432263014140687e-13,COMPLETE
4324,0.04375,0.05896441311641131,6.943625321882633,1.0726049388472807,0.4634053899763641,2.887967104990631,0.010117774078155787,4.819620859627371e-05,COMPLETE
4325,0.0929,0.6878677281694419,7.296565715563787,6.641926976422129,0.07261268023359602,0.06857317261521613,0.01777158201797886,8.107612518882864e-09,COMPLETE
4326,0.05835,0.16465795847181894,0.4508357097183727,2.2991799521485987,0.016767417635497637,115.71255119018926,0.01777158201797886,8.720647859508846e-11,COMPLETE
4327,0.06095,0.37832466928590663,5.686980021608849,1.5231092234257555,1179.5007424388077,3.858204027730059,3.393131281476133,2.1811143402963018e-10,COMPLETE
4328,0.068,0.5706315280677231,7.051402036894628,6.875144787901625,0.4634053899763641,0.08755680934938086,0.49106969850296894,1.3517558533943714e-08,COMPLETE
4329,0.0962,0.5640074021856806,7.491453905458799,6.875144787901625,1.8442663426239594,116.08954132889538,0.04724228817485067,1.621364679176634e-08,COMPLETE
4330,0.0671,0.5275794931879635,7.051402036894628,2.2991799521485987,0.016767417635497637,115.71255119018926,0.49106969850296894,5.521087576123659e-10,COMPLETE
4331,0.10095,0.8702299246191418,7.051402036894628,8.458997448208544,1365.9795109508957,0.047570004104159534,0.49106969850296894,2.234326522814866e-10,COMPLETE
4332,0.08075,0.6231496703622387,5.989976616159035,2.8859476208268777,123.52077947060401,0.047570004104159534,76.57127726580364,3.407169759582504e-13,COMPLETE
4333,0.08135,0.6880360184236356,7.051402036894628,6.875144787901625,0.07261268023359602,0.4878712301792302,0.05130365928546606,1.7411112824373338e-14,COMPLETE
4334,0.0902,0.4741236191676093,1.362070427991492,3.786492049701135,123.52077947060401,0.19893247793239355,12.549082694764847,9.342013993920842e-12,COMPLETE
4335,0.0984,0.7716702980464887,7.491453905458799,6.875144787901625,3090.9457533461396,1.5630282565660134,0.764092524644605,3.407169759582504e-13,COMPLETE
4336,0.07075,0.5121218326796259,4.958426658725357,8.359124144204223,2.2526238626393873,1.5630282565660134,3.6008094906658137,5.432263014140687e-13,COMPLETE
4337,0.09655,0.6416774237380011,5.686980021608849,6.875144787901625,5566.2977925921405,34.74982443918535,68.68637664775686,1.7411112824373338e-14,COMPLETE
4338,0.07355,0.5222844179980964,6.019990742215804,6.875144787901625,0.014162338396506723,0.0031718608773055987,0.764092524644605,8.413340910359164e-13,COMPLETE
4339,0.0804,0.42340098477243726,7.296565715563787,6.875144787901625,0.4634053899763641,546.754814234046,0.010117774078155787,3.787929895519139e-07,COMPLETE
4340,0.05275,0.25232451925653876,3.0455122299916,1.0726049388472807,43.4020929550414,51.0531204742495,5.192615578479196,5.521087576123659e-10,COMPLETE
4341,0.06105,0.4547941430329858,7.051402036894628,2.5118580794078285,1.9562826277387932,3.858204027730059,0.49106969850296894,2.234326522814866e-10,COMPLETE
4342,0.0828,0.6203017899196718,6.943362991582681,8.19108849040871,1.8442663426239594,4.006173959705789,0.764092524644605,8.564477591299451e-11,COMPLETE
4343,0.0517,0.3206099800297519,6.943625321882633,1.0726049388472807,0.4634053899763641,546.754814234046,5.192615578479196,3.0092675819548274e-09,COMPLETE
4344,0.07235,0.5524598450877427,7.051402036894628,9.890916012877245,0.4634053899763641,0.047570004104159534,0.49106969850296894,2.234326522814866e-10,COMPLETE
4345,0.0755,0.5895110987529245,7.051402036894628,4.410055463217125,2.2526238626393873,1.5630282565660134,0.49106969850296894,5.432263014140687e-13,COMPLETE
4346,0.0829,0.6292615836420058,5.719667260978259,7.8078637347278095,1.8442663426239594,110.16646134717259,3.6008094906658137,1.9043961097477443e-12,COMPLETE
4347,0.13355,0.8092951110483431,6.943625321882633,9.890916012877245,571.4985187456356,0.06857317261521613,0.11060646004395691,5.521087576123659e-10,COMPLETE
4348,0.0585,0.3521071508536084,5.553661359325831,1.1277550463326125,0.4634053899763641,0.0010721412447862505,3.6008094906658137,5.432263014140687e-13,COMPLETE
4349,0.1075,0.7335485278673896,7.051402036894628,5.2135030518438805,1365.9795109508957,0.013382491734246098,0.49106969850296894,2.234326522814866e-10,COMPLETE
4350,0.06655,0.5557163670444653,7.051402036894628,7.8078637347278095,0.014162338396506723,0.06857317261521613,3.6008094906658137,3.811801850956625e-07,COMPLETE
4351,0.11555,0.7464558639911371,7.296565715563787,9.890916012877245,1365.9795109508957,0.047570004104159534,0.01777158201797886,8.720647859508846e-11,COMPLETE
4352,0.07145,0.4258359004338453,6.943625321882633,2.2976288045564877,31.931388793600988,110.16646134717259,5.192615578479196,3.0092675819548274e-09,COMPLETE
4353,0.0844,0.4624169601992555,5.719667260978259,5.985269246461273,0.07261268023359602,0.8378170483846279,5.192615578479196,5.521087576123659e-10,COMPLETE
4354,0.0754,0.6544927696063843,2.6710217660989133,9.890916012877245,1365.9795109508957,4.006173959705789,79.0012086001498,2.234326522814866e-10,COMPLETE
4355,0.08885,0.6780596391176393,7.296565715563787,6.641926976422129,0.07261268023359602,110.16646134717259,2.606433764399818,8.720647859508846e-11,COMPLETE
4356,0.11845,0.8891667771474755,7.051402036894628,9.890916012877245,1365.9795109508957,0.047570004104159534,0.49106969850296894,2.234326522814866e-10,COMPLETE
4357,0.07815,0.6052091359130496,7.051402036894628,6.875144787901625,208.22607295194175,34.74982443918535,0.49106969850296894,5.521087576123659e-10,COMPLETE
4358,0.10855,0.7792764355070275,7.296565715563787,6.641926976422129,2661.553121751245,1.2594502646806938,17.543999742650467,8.720647859508846e-11,COMPLETE
4359,0.10015,0.8575108833898252,7.051402036894628,6.875144787901625,1365.9795109508957,0.1122669744411982,0.49106969850296894,1.4847420250811467e-14,COMPLETE
4360,0.0859,0.10885494832976228,7.051402036894628,8.612862071672874,208.22607295194175,173.55665130407718,0.010117774078155787,3.0092675819548274e-09,COMPLETE
4361,0.0985,0.7917261911695399,6.412755325404686,8.741900816624833,2484.344497646969,5.054984284069897,11.478928737247317,4.5389374712295294e-08,COMPLETE
4362,0.0867,0.5056430843349445,4.958426658725357,8.359124144204223,0.4634053899763641,1.5630282565660134,84.08333862127024,2.556898659242752e-09,COMPLETE
4363,0.0899,0.6816964086471667,7.296565715563787,6.641926976422129,0.4634053899763641,546.754814234046,58.16147091409274,8.09366847303588e-10,COMPLETE
4364,0.0712,0.514768692762434,6.019990742215804,2.2991799521485987,0.13345672067720832,1.301167894913182,0.0247605531247782,5.074140564976713e-08,COMPLETE
4365,0.07355,0.6523184162264118,5.719667260978259,3.2129222721782327,208.22607295194175,0.08755680934938086,0.49106969850296894,5.521087576123659e-10,COMPLETE
4366,0.13415,0.847452400928807,5.865596254145887,9.890916012877245,3090.9457533461396,0.047570004104159534,0.11060646004395691,3.407169759582504e-13,COMPLETE
4367,0.0794,0.6543860952329412,6.943625321882633,9.890916012877245,1365.9795109508957,18.312357725860384,57.482756199222024,1.621364679176634e-08,COMPLETE
4368,0.0691,0.348380307490129,4.958426658725357,1.7519510271087413,0.4634053899763641,186.9306125540257,3.6008094906658137,3.407169759582504e-13,COMPLETE
4369,0.12,0.7904056195261624,4.958426658725357,8.359124144204223,2484.344497646969,1.5630282565660134,11.478928737247317,5.432263014140687e-13,COMPLETE
4370,0.11555,0.524845460333254,6.943625321882633,1.0726049388472807,3090.9457533461396,0.06857317261521613,34.574222073764446,3.407169759582504e-13,COMPLETE
4371,0.1,0.6263737947230134,7.491453905458799,6.223646815956013,2661.553121751245,1.2594502646806938,0.02064721228168251,2.1811143402963018e-10,COMPLETE
4372,0.0725,0.40032569868165346,5.719667260978259,2.2991799521485987,2.2526238626393873,110.16646134717259,0.01777158201797886,5.432263014140687e-13,COMPLETE
4373,0.0638,0.029342287182081237,6.943625321882633,6.223646815956013,0.4634053899763641,1.2594502646806938,0.010117774078155787,0.0011278938476830377,COMPLETE
4374,0.06075,0.2584939240345646,6.019990742215804,1.2997368745646833,0.8098255298872874,0.1013397086496358,17.543999742650467,3.811801850956625e-07,COMPLETE
4375,0.07345,0.5718804020376619,5.719667260978259,6.875144787901625,1.8442663426239594,1.5630282565660134,3.6008094906658137,9.787752692175531e-12,COMPLETE
4376,0.1285,0.8042568889671222,6.943625321882633,9.890916012877245,3090.9457533461396,0.06857317261521613,68.68637664775686,3.407169759582504e-13,COMPLETE
4377,0.0874,0.6179227872098915,7.296565715563787,5.025210689448813,2.2526238626393873,44.45592115785204,3.6008094906658137,7.64597387460597e-09,COMPLETE
4378,0.07935,0.46353427276335324,7.051402036894628,6.223646815956013,0.07261268023359602,0.4878712301792302,17.543999742650467,8.564477591299451e-11,COMPLETE
4379,0.08175,0.5843722464373002,5.686980021608849,6.875144787901625,1365.9795109508957,34.74982443918535,0.49106969850296894,2.234326522814866e-10,COMPLETE
4380,0.05175,0.12106862418931892,7.487004607534404,1.0726049388472807,0.4634053899763641,186.9306125540257,0.010117774078155787,3.811801850956625e-07,COMPLETE
4381,0.07475,0.49464203234450443,7.491453905458799,1.0726049388472807,3761.068940572955,1.2594502646806938,17.543999742650467,3.0541645143911065e-11,COMPLETE
4382,0.08015,0.14158489778120364,5.989976616159035,6.686131862366932,1365.9795109508957,0.1183068643397547,0.49106969850296894,0.009471481762195026,COMPLETE
4383,0.09225,0.6496682777815314,7.41459285790513,9.890916012877245,0.4634053899763641,0.39080409335103344,0.010117774078155787,3.407169759582504e-13,COMPLETE
4384,0.09625,0.574624054497234,6.943625321882633,1.5495935315074323,3090.9457533461396,0.39080409335103344,0.764092524644605,1.6042119228850147e-05,COMPLETE
4385,0.09545,0.6926027989467792,7.491453905458799,6.875144787901625,123.52077947060401,4.006173959705789,0.764092524644605,3.407169759582504e-13,COMPLETE
4386,0.08355,0.5277910170004997,6.412755325404686,8.741900816624833,36.28836748443355,5.054984284069897,11.478928737247317,3.695710555403913e-13,COMPLETE
4387,0.03735,0.20050953009453876,6.943625321882633,1.0726049388472807,0.4634053899763641,0.08755680934938086,66.96633642643508,7.242135537625552e-11,COMPLETE
4388,0.05245,0.27242154385427453,3.0455122299916,1.7519510271087413,1.8442663426239594,5.054984284069897,5.192615578479196,1.621364679176634e-08,COMPLETE
4389,0.0863,0.5341888763407409,6.047690532673129,9.890916012877245,0.3474112486367053,0.00550514182485659,3.6008094906658137,1.9043961097477443e-12,COMPLETE
4390,0.0562,0.3473815987670033,6.019990742215804,1.2997368745646833,0.014162338396506723,186.9306125540257,0.0247605531247782,3.811801850956625e-07,COMPLETE
4391,0.09625,0.7479480177657536,6.412755325404686,8.741900816624833,2484.344497646969,5.054984284069897,17.543999742650467,4.5389374712295294e-08,COMPLETE
4392,0.10395,0.5470517729147648,7.296565715563787,6.641926976422129,2661.553121751245,1.2594502646806938,0.01777158201797886,3.0541645143911065e-11,COMPLETE
4393,0.1027,0.6753227400315169,5.553661359325831,6.875144787901625,208.22607295194175,0.1013397086496358,0.01777158201797886,3.787929895519139e-07,COMPLETE
4394,0.0549,0.06529029982228785,0.8010198493915979,1.0726049388472807,2484.344497646969,546.754814234046,0.010117774078155787,2.7704160598763897e-08,COMPLETE
4395,0.0768,0.6781238222525182,7.296565715563787,3.6027357429860456,2484.344497646969,5.054984284069897,11.478928737247317,4.7197666676124755e-09,COMPLETE
4396,0.04615,0.2753491214618455,7.051402036894628,1.2997368745646833,0.19811341146847147,2.467064269356907,1.2346590123053005,3.811801850956625e-07,COMPLETE
4397,0.10315,0.74334624772786,6.943625321882633,9.754000728724064,123.52077947060401,0.39080409335103344,0.764092524644605,3.407169759582504e-13,COMPLETE
4398,0.08085,0.5359843974045757,6.281035138213339,6.875144787901625,6.686048842450181,0.1013397086496358,59.2437895529571,3.811801850956625e-07,COMPLETE
4399,0.09235,0.648779817378086,6.351039989269435,6.223646815956013,12.412723646412944,107.59872434463156,34.574222073764446,3.0541645143911065e-11,COMPLETE
4400,0.0453,0.23203887395762762,6.019990742215804,1.2997368745646833,0.014162338396506723,1.2594502646806938,17.543999742650467,3.811801850956625e-07,COMPLETE
4401,0.05665,0.3143150751712948,6.943625321882633,1.0726049388472807,0.4634053899763641,110.16646134717259,2.606433764399818,7.242135537625552e-11,COMPLETE
4402,0.05845,0.41868670167292255,5.686980021608849,2.2991799521485987,0.016767417635497637,115.71255119018926,68.68637664775686,3.742991644475886e-07,COMPLETE
4403,0.072,0.37656408393600516,6.943625321882633,9.300994018612291,0.4634053899763641,546.754814234046,0.010117774078155787,3.0092675819548274e-09,COMPLETE
4404,0.0399,0.18477661110221355,6.943625321882633,1.0726049388472807,0.4634053899763641,0.06857317261521613,3.6008094906658137,7.242135537625552e-11,COMPLETE
4405,0.04875,0.2553654100853342,7.051402036894628,1.117484058064833,79.48862993175679,1.2594502646806938,8.213868348493142,3.0541645143911065e-11,COMPLETE
4406,0.0677,0.22423305710805544,5.553661359325831,1.0726049388472807,2.2526238626393873,0.08755680934938086,0.49106969850296894,5.521087576123659e-10,COMPLETE
4407,0.0506,0.06413961122615447,2.7041097840860377,1.0827374641031249,0.4634053899763641,546.754814234046,0.010117774078155787,3.0092675819548274e-09,COMPLETE
4408,0.0518,0.06987261286960036,6.943625321882633,1.8613876130867444,0.4634053899763641,34.74982443918535,0.010117774078155787,4.819620859627371e-05,COMPLETE
4409,0.08895,0.6514934359670468,6.412755325404686,6.875144787901625,2.0598523813930134,34.74982443918535,11.478928737247317,4.5389374712295294e-08,COMPLETE
4410,0.0642,0.5756182143266778,5.989976616159035,6.875144787901625,19.39451653550326,5.054984284069897,11.478928737247317,8.564477591299451e-11,COMPLETE
4411,0.0662,0.4926716622622939,5.719667260978259,2.8206304739816486,0.016767417635497637,110.16646134717259,27.471429810348134,4.5389374712295294e-08,COMPLETE
4412,0.05265,0.2637146581577933,7.296565715563787,1.0726049388472807,479.90339593532843,51.0531204742495,3.6008094906658137,8.720647859508846e-11,COMPLETE
4413,0.0954,0.7166357377101634,6.943625321882633,6.875144787901625,3090.9457533461396,4.006173959705789,0.6895245374832669,3.156500019334438e-07,COMPLETE
4414,0.0486,0.026028829940061723,6.943625321882633,3.2078672924690075,208.22607295194175,546.754814234046,0.010117774078155787,4.819620859627371e-05,COMPLETE
4415,0.079,0.5987136244326475,5.719667260978259,6.875144787901625,0.016767417635497637,34.74982443918535,0.01777158201797886,2.485601893789286e-07,COMPLETE
4416,0.08455,0.6289074158987661,2.1482390569692096,6.875144787901625,0.4634053899763641,14.681399638779428,3.6008094906658137,1.4803899682650718e-08,COMPLETE
4417,0.04885,0.2902339961098462,4.190327793516243,1.0726049388472807,1.8442663426239594,5.054984284069897,0.11392174867775326,1.694606245068702e-14,COMPLETE
4418,0.0743,0.5004012740701621,4.797597292147365,6.400794168331009,0.08945473663473028,4.006173959705789,8.213868348493142,8.564477591299451e-11,COMPLETE
4419,0.11425,0.8184111020283036,6.943625321882633,9.890916012877245,123.52077947060401,0.047570004104159534,3.6008094906658137,6.844680523801779e-14,COMPLETE
4420,0.09045,0.6417618855656305,7.051402036894628,6.875144787901625,123.52077947060401,4.006173959705789,0.764092524644605,5.521087576123659e-10,COMPLETE
4421,0.11255,0.81563763745137,6.019990742215804,9.890916012877245,3090.9457533461396,0.06857317261521613,12.549082694764847,3.407169759582504e-13,COMPLETE
4422,0.06365,0.30050322847948735,4.797597292147365,1.1508473174282217,1.8442663426239594,4.006173959705789,0.010117774078155787,3.407169759582504e-13,COMPLETE
4423,0.1164,0.7665250392913653,7.051402036894628,5.017228971631251,4329.3643956475735,0.06857317261521613,1.0857024010101808,5.521087576123659e-10,COMPLETE
4424,0.0782,0.834738765359427,6.943625321882633,9.890916012877245,123.52077947060401,0.06857317261521613,0.764092524644605,5.521087576123659e-10,COMPLETE
4425,0.094,0.6102375277914321,2.5280602105628662,7.8078637347278095,2661.553121751245,1.2594502646806938,17.543999742650467,3.0541645143911065e-11,COMPLETE
4426,0.12395,0.802383966723785,5.686980021608849,6.875144787901625,5566.2977925921405,1.5630282565660134,3.6008094906658137,2.1811143402963018e-10,COMPLETE
4427,0.0991,0.7203677944657783,2.90171269376787,9.890916012877245,208.22607295194175,0.08755680934938086,0.49106969850296894,2.234326522814866e-10,COMPLETE
4428,0.083,0.2506475247454354,6.019990742215804,3.786492049701135,0.6975592224319972,213.04745622818209,0.01777158201797886,8.720647859508846e-11,COMPLETE
4429,0.10285,0.872769022112309,7.051402036894628,9.890916012877245,1365.9795109508957,0.1183068643397547,0.49106969850296894,2.234326522814866e-10,COMPLETE
4430,0.08665,0.6415288619989151,4.184267991463899,8.741900816624833,0.4634053899763641,186.9306125540257,11.478928737247317,7.242135537625552e-11,COMPLETE
4431,0.10665,0.682771561160398,6.019990742215804,3.786492049701135,1365.9795109508957,0.047570004104159534,0.49106969850296894,3.0770251788588996e-11,COMPLETE
4432,0.0487,0.2782966902866593,4.797597292147365,1.7519510271087413,1.8442663426239594,34.74982443918535,68.68637664775686,3.407169759582504e-13,COMPLETE
4433,0.08545,0.47730458294556327,5.719667260978259,2.2991799521485987,852.0098667026236,0.4878712301792302,0.01777158201797886,1.821861441603418e-13,COMPLETE
4434,0.09645,0.5970274086864245,6.019990742215804,2.1719270048466814,123.52077947060401,0.017999598553897062,0.49106969850296894,1.9043961097477443e-12,COMPLETE
4435,0.05005,0.4447580499505104,7.491453905458799,1.029228808556646,1588.561058909169,1.5630282565660134,0.49106969850296894,3.0541645143911065e-11,COMPLETE
4436,0.0742,0.4767111270372005,4.958426658725357,3.070121969279675,3090.9457533461396,186.9306125540257,0.764092524644605,3.407169759582504e-13,COMPLETE
4437,0.1246,0.7525013495463696,7.051402036894628,6.875144787901625,4684.8077196438735,0.1183068643397547,68.68637664775686,2.1811143402963018e-10,COMPLETE
4438,0.04005,0.023637938318422265,4.958426658725357,1.0726049388472807,2.2526238626393873,546.754814234046,0.010117774078155787,4.819620859627371e-05,COMPLETE
4439,0.0656,0.07030168503032794,6.412755325404686,1.4939761494252524,208.22607295194175,5.054984284069897,0.01777158201797886,3.787929895519139e-07,COMPLETE
4440,0.0871,0.5099085092077231,7.051402036894628,7.8078637347278095,0.4284771633598006,0.06857317261521613,3.6008094906658137,2.234326522814866e-10,COMPLETE
4441,0.09835,0.6481697345332796,3.0455122299916,8.741900816624833,2484.344497646969,51.0531204742495,5.192615578479196,4.5389374712295294e-08,COMPLETE
4442,0.08495,0.650472775341666,6.351039989269435,7.8078637347278095,8.014994496103006,107.59872434463156,34.574222073764446,1.9043961097477443e-12,COMPLETE
4443,0.10525,0.6261246910648217,5.553661359325831,6.875144787901625,43.4020929550414,51.0531204742495,1.2587779006718056,5.521087576123659e-10,COMPLETE
4444,0.08975,0.4977528759451928,3.0745641039746934,8.741900816624833,1.8799684856587866,0.08755680934938086,11.478928737247317,5.521087576123659e-10,COMPLETE
4445,0.04425,0.057391640656705,7.491453905458799,1.0726049388472807,2661.553121751245,546.754814234046,0.010117774078155787,4.4109255185964947e-10,COMPLETE
4446,0.08125,0.483937328537139,7.051402036894628,6.641926976422129,0.6975592224319972,0.12480776742786713,18.928123947718714,2.234326522814866e-10,COMPLETE
4447,0.1049,0.8600358461854934,7.051402036894628,8.458997448208544,1365.9795109508957,0.047570004104159534,0.49106969850296894,9.823060677837954e-08,COMPLETE
4448,0.10775,0.4388216701992449,5.553661359325831,1.0726049388472807,2484.344497646969,0.005148501886829111,3.6008094906658137,4.5389374712295294e-08,COMPLETE
4449,0.0808,0.5885099395880907,6.019990742215804,8.359124144204223,0.014162338396506723,186.9306125540257,0.0247605531247782,3.0541645143911065e-11,COMPLETE
4450,0.08795,0.6220246734773431,3.7523591558107,5.362005019827082,5566.2977925921405,110.16646134717259,2.606433764399818,1.7411112824373338e-14,COMPLETE
4451,0.0917,0.6698209232280209,4.797597292147365,6.641926976422129,1.8442663426239594,0.12480776742786713,0.01777158201797886,8.720647859508846e-11,COMPLETE
4452,0.05565,0.24262255209895392,5.553661359325831,1.1836836669173842,0.016767417635497637,39.345424197227395,2.606433764399818,7.242135537625552e-11,COMPLETE
4453,0.09305,0.5928799755739115,3.982956090145,6.641926976422129,0.07261268023359602,0.06857317261521613,0.01777158201797886,1.9043961097477443e-12,COMPLETE
4454,0.10145,0.6598575396430656,5.686980021608849,4.280462956399293,7843.277665583187,3.858204027730059,59.2437895529571,4.331365543927414e-05,COMPLETE
4455,0.09525,0.6416442650792418,6.943625321882633,9.890916012877245,123.52077947060401,62.242337721935236,0.764092524644605,3.407169759582504e-13,COMPLETE
