number,values_0,values_1,params_delta_deg,params_gamma,params_lambda1,params_lambda3,state
1908,0.09725,0.5746585004445873,7.489439152524652,4.128977545770486,112.323925330586,0.01939436064377028,COMPLETE
1909,0.11825,0.7726852502592374,7.489439152524652,4.730916168079807,1688.3846346819648,6.621895430058044,COMPLETE
1910,0.11385,0.8051343583349946,7.489439152524652,7.639970758565217,153.2860257697558,0.7306953052604724,COMPLETE
1911,0.08685,0.5894107445906043,7.489439152524652,5.869623929785657,4.6216117253800055,1.269868031404911,COMPLETE
1912,0.0813,0.45644585162110934,7.489439152524652,3.8450195733142296,5.6878068615007775,0.7306953052604724,COMPLETE
1913,0.14445,0.8958443107157784,7.257271731141275,9.988586281068551,1476.1251734596226,1.526275265602974,COMPLETE
1914,0.11015,0.6065117191179694,5.334411901674462,9.933529862520766,0.6419076590979546,0.3343880256360611,COMPLETE
1915,0.0855,0.3281806575379116,7.489439152524652,1.531287384100016,102.38130434724592,47.07155500896274,COMPLETE
1916,0.1283,0.7596201646617656,6.847419583293935,8.418374689108267,560.4775189597802,58.8365186870629,COMPLETE
1917,0.07935,0.2538313927956242,7.489439152524652,1.6126655672619434,21.241906192078755,0.7037594792077035,COMPLETE
1918,0.08385,0.445764181644294,7.489439152524652,3.4709986937730752,0.18274787929091177,1.526275265602974,COMPLETE
1919,0.1012,0.5427335082080301,4.933362998330481,5.869623929785657,0.07197942036103139,0.7306953052604724,COMPLETE
1920,0.0871,0.460258227355078,7.489439152524652,4.964155703888781,1.7080053857359299,13.737135040054913,COMPLETE
1921,0.07885,0.39657316551057736,7.489439152524652,2.8491172802814257,2.4792588435669867,0.5985950343657075,COMPLETE
1922,0.1328,0.9047249265783767,7.257271731141275,9.988586281068551,1476.1251734596226,4.792699168837896,COMPLETE
1923,0.1266,0.7627299643067165,7.257271731141275,9.988586281068551,57.04223349537939,0.17733460474370905,COMPLETE
1924,0.09835,0.6259446823045394,7.398979747077997,4.128977545770486,61.128832411058866,0.5084006019933035,COMPLETE
1925,0.14085,0.8233478103212205,4.859269400135405,6.694798433810031,3379.6357444923647,1.526275265602974,COMPLETE
1926,0.0927,0.49681570529805924,7.225279577446517,7.451337432117496,0.01287833831263061,11.34645454198699,COMPLETE
1927,0.10085,0.7247309646229206,7.489439152524652,7.062126769282375,64.68111175378984,1.8602957309646184,COMPLETE
1928,0.07985,0.1529374259778601,3.7014301257389306,1.2992706708708701,0.022872403443138362,0.5985950343657075,COMPLETE
1929,0.069,0.1713245675415933,7.339695485358947,1.1679739768270172,2.4792588435669867,58.8365186870629,COMPLETE
1930,0.07275,0.17169282380045817,6.299415637050077,1.1679739768270172,2.4792588435669867,44.76380938653201,COMPLETE
1931,0.09085,0.5886795566295359,6.812644630608508,7.016673522551503,0.024019358275538236,4.792699168837896,COMPLETE
1932,0.0859,0.3766328548776383,0.41200594135143886,8.253471496126437,2.4792588435669867,4.792699168837896,COMPLETE
1933,0.0722,0.17767095185984977,6.285706002772403,1.2124386235708882,0.5549010274448358,0.7037594792077035,COMPLETE
1934,0.1214,0.8621561198323475,7.489439152524652,9.767312130896007,384.81053681480347,2.1102891532478085,COMPLETE
1935,0.10935,0.6751883582648388,7.489439152524652,6.1674167445891666,359.71457230765833,29.946013691636278,COMPLETE
1936,0.13255,0.8533075412046445,7.489439152524652,8.418374689108267,560.4775189597802,1.8602957309646184,COMPLETE
1937,0.0724,0.22495153092908346,7.339695485358947,1.5232915956522353,2.4792588435669867,0.7306953052604724,COMPLETE
1938,0.11465,0.7568370835809781,7.361044542287532,3.0156649020845308,560.4775189597802,0.5985950343657075,COMPLETE
1939,0.1286,0.8074199286717497,7.489439152524652,5.061348409319827,1688.3846346819648,0.5985950343657075,COMPLETE
1940,0.10685,0.646459294264736,5.334411901674462,4.730916168079807,359.71457230765833,2.6380635409296542,COMPLETE
1941,0.13635,0.8932535995439246,6.244910350994328,9.988586281068551,752.3391268031676,1.8602957309646184,COMPLETE
1942,0.07505,0.48976495878226717,7.489439152524652,1.2992706708708701,787.0790540749365,0.7306953052604724,COMPLETE
1943,0.0703,0.43688293327038363,7.339695485358947,3.1109816593785697,30.54779366423335,11.34645454198699,COMPLETE
1944,0.08685,0.22677380598974295,0.7356901245820422,2.381913004513475,0.07762941553514649,0.5985950343657075,COMPLETE
1945,0.1042,0.6885502443559829,5.334411901674462,8.418374689108267,116.68218004772335,1.8602957309646184,COMPLETE
1946,0.10055,0.49807691341268917,4.933362998330481,9.988586281068551,5.6878068615007775,0.7306953052604724,COMPLETE
1947,0.14625,0.8345607171756902,4.8760349493763835,9.988586281068551,9319.800574133933,4.792699168837896,COMPLETE
1948,0.1247,0.5559083216298639,1.9510004602101991,9.933529862520766,112.323925330586,0.017337309452700518,COMPLETE
1949,0.0795,0.39758694629055086,7.489439152524652,1.2796830524873737,359.71457230765833,1.269868031404911,COMPLETE
1950,0.1061,0.6194518550498374,7.205069846660462,9.798967931214145,10.598567060817986,0.5985950343657075,COMPLETE
1951,0.13975,0.916263625621817,7.489439152524652,9.988586281068551,1476.1251734596226,4.792699168837896,COMPLETE
1952,0.10695,0.6731462404437433,7.489439152524652,3.4709986937730752,1688.3846346819648,11.34645454198699,COMPLETE
1953,0.1418,0.852523842150113,7.257271731141275,9.988586281068551,350.06412084521145,0.7306953052604724,COMPLETE
1954,0.13335,0.7450426287313008,4.933362998330481,9.988586281068551,1067.8570717184546,13.907971085220087,COMPLETE
1955,0.07575,0.3078046738132683,7.321806062638004,1.9234693982784048,30.54779366423335,11.34645454198699,COMPLETE
1956,0.07055,0.3503428931508511,7.489439152524652,1.5232915956522353,81.41504980314468,0.2944924768920615,COMPLETE
1957,0.11055,0.7286806682720057,7.489439152524652,4.390239464358789,359.71457230765833,1.269868031404911,COMPLETE
1958,0.11125,0.7355571169510808,5.7234519582137935,3.0352039660395387,1688.3846346819648,0.7306953052604724,COMPLETE
1959,0.0793,0.49891940101900484,6.147027274717444,3.922778559017364,0.022872403443138362,1.526275265602974,COMPLETE
1960,0.0867,0.4002367323875844,4.575669887146335,1.775957688444912,28.623301091967512,0.04841802788233872,COMPLETE
1961,0.08655,0.5013240953772228,7.321806062638004,3.0638630129150126,116.68218004772335,1.8602957309646184,COMPLETE
1962,0.0839,0.3308641177712468,7.489439152524652,2.966133826630743,0.02058328949269307,2.6254018635263603,COMPLETE
1963,0.08475,0.5021392070895367,7.398979747077997,3.0156649020845308,61.128832411058866,0.5985950343657075,COMPLETE
1964,0.0812,0.3587578504701691,7.339695485358947,2.788685542282405,0.02872081036762444,0.5985950343657075,COMPLETE
1965,0.12675,0.7543847420536712,7.489439152524652,3.4709986937730752,1688.3846346819648,0.5985950343657075,COMPLETE
1966,0.07925,0.3334218496256615,7.489439152524652,2.6626601270130585,0.022872403443138362,3.458394209618335,COMPLETE
1967,0.08375,0.35863024702426116,7.257271731141275,3.0524320614700624,1.9411683121291674,1.526275265602974,COMPLETE
1968,0.09675,0.5787620887013284,7.339695485358947,7.451337432117496,0.4111694316312813,2.1886455452892553,COMPLETE
1969,0.1192,0.695660964842507,7.489439152524652,9.988586281068551,23.564349957813224,0.36514420155667926,COMPLETE
1970,0.09885,0.5992819589575789,7.489439152524652,9.988586281068551,0.48160356426463263,4.792699168837896,COMPLETE
1971,0.0913,0.5049613280965137,7.257271731141275,1.8181519851428887,544.9650617560998,2.4838571327743635,COMPLETE
1972,0.1381,0.862283263614978,7.489439152524652,8.418374689108267,1688.3846346819648,2.1102891532478085,COMPLETE
1973,0.0874,0.3615787331164299,6.315216991645766,3.0156649020845308,0.061530195681195304,0.5985950343657075,COMPLETE
1974,0.1247,0.8438875465304035,7.489439152524652,5.196045314781185,1476.1251734596226,1.526275265602974,COMPLETE
1975,0.08515,0.3469548097853283,7.398979747077997,1.9006953408880205,61.128832411058866,0.5985950343657075,COMPLETE
1976,0.0636,0.19073743371572416,7.321806062638004,1.0340435745788543,30.54779366423335,1.8602957309646184,COMPLETE
1977,0.1047,0.5568628287306023,2.111585464963381,3.4709986937730752,1476.1251734596226,1.526275265602974,COMPLETE
1978,0.0941,0.3922686148374548,4.933362998330481,8.418374689108267,0.01333967025299093,74.81541364063096,COMPLETE
1979,0.0781,0.3040539585078153,7.339695485358947,1.9514734424933273,0.4111694316312813,0.7306953052604724,COMPLETE
1980,0.1178,0.7933613422122113,6.098711628875743,5.8081057233180955,359.71457230765833,1.0864194972631505,COMPLETE
1981,0.11995,0.8691594791843686,7.489439152524652,7.451337432117496,359.71457230765833,1.1166054580267695,COMPLETE
1982,0.1223,0.7331669265219879,5.7514725901831145,5.196045314781185,560.4775189597802,1.526275265602974,COMPLETE
1983,0.08915,0.6226109053726784,7.489439152524652,9.988586281068551,10.764947174834456,2.9582362099200044,COMPLETE
1984,0.0637,0.2771292166276416,7.339695485358947,1.1679739768270172,2.4792588435669867,0.030595349341982422,COMPLETE
1985,0.06405,0.17799081002571351,6.8435536313626235,1.1679739768270172,2.4792588435669867,0.5985950343657075,COMPLETE
1986,0.1029,0.5681776259371837,7.489439152524652,8.418374689108267,0.2811850176299726,0.7602440971316264,COMPLETE
1987,0.0954,0.5252009654468262,3.7209534775680555,2.5365856263207616,1476.1251734596226,10.876990834414629,COMPLETE
1988,0.09715,0.5992524821149152,7.489439152524652,3.0638630129150126,359.71457230765833,13.737135040054913,COMPLETE
1989,0.1015,0.5374601886685519,3.2420206767876754,8.418374689108267,359.71457230765833,0.015714598217383306,COMPLETE
1990,0.0655,0.19076888997196884,7.386495200771071,1.2992706708708701,0.48160356426463263,2.1102891532478085,COMPLETE
1991,0.1108,0.599953413037602,5.334411901674462,5.061348409319827,0.08767495361745045,0.01065154714238771,COMPLETE
1992,0.1228,0.8605708944596856,7.489439152524652,5.266556513523605,1688.3846346819648,1.526275265602974,COMPLETE
1993,0.1159,0.7864675349633431,7.489439152524652,8.51435770472017,117.01164712837071,0.5084006019933035,COMPLETE
1994,0.07665,0.3470412595880901,7.489439152524652,3.0352039660395387,0.06929886975581721,4.792699168837896,COMPLETE
1995,0.1094,0.4846185164972349,5.334411901674462,9.933529862520766,4.6216117253800055,0.5985950343657075,COMPLETE
1996,0.0978,0.6252386621458151,7.489439152524652,7.639970758565217,4.6216117253800055,0.7306953052604724,COMPLETE
1997,0.08905,0.4041069311345552,7.386495200771071,1.8145138315019835,0.02069415685214256,0.04841802788233872,COMPLETE
1998,0.09295,0.5791322079667052,7.489439152524652,8.418374689108267,3.6004191859543666,1.8602957309646184,COMPLETE
1999,0.1246,0.7078361248801376,6.812644630608508,8.527049427018207,28.623301091967512,0.04841802788233872,COMPLETE
2000,0.1089,0.6998088902918831,7.489439152524652,7.639970758565217,71.28638893907183,0.7306953052604724,COMPLETE
2001,0.0859,0.5269906885637724,7.489439152524652,5.869623929785657,0.4111694316312813,4.792699168837896,COMPLETE
2002,0.1104,0.5996213939224655,4.201641289144328,3.4709986937730752,1688.3846346819648,1.526275265602974,COMPLETE
2003,0.06125,0.17898942818216662,7.489439152524652,1.289795798126026,0.4111694316312813,4.792699168837896,COMPLETE
2004,0.0827,0.5017514637503621,7.489439152524652,1.0258436984688408,1575.9369216711668,0.5084006019933035,COMPLETE
2005,0.0929,0.5239194696386117,7.489439152524652,4.437256616142121,0.061530195681195304,0.5985950343657075,COMPLETE
2006,0.08685,0.5076368656206487,7.339695485358947,7.451337432117496,0.07008489138348956,11.34645454198699,COMPLETE
2007,0.1185,0.7956494788413045,7.489439152524652,3.4709986937730752,1688.3846346819648,1.526275265602974,COMPLETE
2008,0.0749,0.25539504853851264,7.489439152524652,1.0000874311382033,153.2860257697558,0.7306953052604724,COMPLETE
2009,0.0782,0.3560243507985192,7.339695485358947,3.0638630129150126,0.4111694316312813,11.34645454198699,COMPLETE
2010,0.14175,0.8416357097247981,4.933362998330481,9.988586281068551,1476.1251734596226,0.7306953052604724,COMPLETE
2011,0.10575,0.5572638769789757,7.489439152524652,1.0191431309787415,7766.389984908916,0.7037594792077035,COMPLETE
2012,0.09825,0.4631902885694348,4.933362998330481,8.435025006197963,5.6878068615007775,1.526275265602974,COMPLETE
2013,0.1196,0.7697550363040933,7.489439152524652,8.418374689108267,560.4775189597802,44.76380938653201,COMPLETE
2014,0.0916,0.5687423020542389,4.977753521687791,5.196045314781185,1.9411683121291674,0.5985950343657075,COMPLETE
2015,0.0996,0.5689562836272904,2.019177560926035,3.4709986937730752,1688.3846346819648,1.0844398620541058,COMPLETE
2016,0.1138,0.8142826617509316,7.489439152524652,7.36675809409086,117.01164712837071,0.5084006019933035,COMPLETE
2017,0.09755,0.5890652399124776,7.489439152524652,3.4709986937730752,112.34650428756017,0.5985950343657075,COMPLETE
2018,0.0807,0.5008940575040607,7.489439152524652,1.8145138315019835,116.68218004772335,0.04841802788233872,COMPLETE
2019,0.0892,0.547706438669111,7.398979747077997,3.0156649020845308,82.85467259925296,0.7306953052604724,COMPLETE
2020,0.0863,0.4239910459132777,7.489439152524652,3.0156649020845308,0.061530195681195304,0.5985950343657075,COMPLETE
2021,0.0729,0.1920611488853193,3.7209534775680555,1.5232915956522353,0.02058328949269307,0.7306953052604724,COMPLETE
2022,0.12815,0.652320058002678,7.489439152524652,8.418374689108267,133.59029955480503,0.04702202488517053,COMPLETE
2023,0.09245,0.5870404975114524,7.489439152524652,5.196045314781185,0.012896138453413475,0.5985950343657075,COMPLETE
2024,0.1137,0.4521060740841489,0.49320357977096174,8.418374689108267,1312.5959705365171,3.7564606675086942,COMPLETE
2025,0.0821,0.27570860633734134,7.339695485358947,2.386734310631893,0.5529959922862323,4.792699168837896,COMPLETE
2026,0.0871,0.5558215527721952,7.489439152524652,3.2471998600197414,61.128832411058866,0.5985950343657075,COMPLETE
2027,0.08635,0.595445785223919,7.489439152524652,4.71090554700479,45.35611867416281,4.792699168837896,COMPLETE
2028,0.1323,0.6822296924367862,7.489439152524652,5.869623929785657,359.71457230765833,0.08493293865880774,COMPLETE
2029,0.0865,0.5049093769227473,7.257271731141275,1.8181519851428887,544.9650617560998,0.7306953052604724,COMPLETE
2030,0.1036,0.6207073456875476,7.386495200771071,9.767312130896007,0.21716051943038603,2.1102891532478085,COMPLETE
2031,0.12215,0.7696854217987791,5.702521199975147,7.496959436031941,359.71457230765833,1.526275265602974,COMPLETE
2032,0.06485,0.2228245983087989,7.257271731141275,1.8181519851428887,0.022872403443138362,6.078254576141324,COMPLETE
2033,0.0857,0.40378972094753957,2.4885603571701176,1.1679739768270172,1688.3846346819648,58.8365186870629,COMPLETE
2034,0.0805,0.4049042346724997,4.933362998330481,3.5824045220028773,0.2811771234125202,0.7306953052604724,COMPLETE
2035,0.1368,0.8001157739960288,7.398979747077997,5.8081057233180955,1476.1251734596226,0.5985950343657075,COMPLETE
2036,0.06625,0.19351300156479417,7.489439152524652,1.2992706708708701,0.48160356426463263,0.5985950343657075,COMPLETE
2037,0.087,0.35213845149980605,2.9071785971875705,3.4709986937730752,0.48160356426463263,0.5985950343657075,COMPLETE
2038,0.10345,0.7224247758304021,7.489439152524652,8.654217273386925,5.6878068615007775,1.269868031404911,COMPLETE
2039,0.05805,0.18492237477512785,7.489439152524652,1.1687358151065277,0.5529959922862323,2.1102891532478085,COMPLETE
2040,0.09615,0.5765914351021673,7.489439152524652,4.101823977297871,0.50010706770691,0.5985950343657075,COMPLETE
2041,0.1246,0.6770973187980113,7.339695485358947,8.71638021399663,2.4792588435669867,0.05084077434481314,COMPLETE
2042,0.09265,0.498197277965429,7.489439152524652,8.418374689108267,4.6216117253800055,23.55206839034836,COMPLETE
2043,0.09375,0.5616464588979854,7.339695485358947,4.730916168079807,5.6878068615007775,0.7306953052604724,COMPLETE
2044,0.0942,0.6217752477228129,7.489439152524652,5.061348409319827,0.48160356426463263,0.7037594792077035,COMPLETE
2045,0.11875,0.8891641401308296,7.489439152524652,8.418374689108267,1575.9369216711668,2.1102891532478085,COMPLETE
2046,0.06955,0.250771988239851,7.321806062638004,1.7568648743146218,0.4111694316312813,4.792699168837896,COMPLETE
2047,0.09505,0.6524461959722985,7.489439152524652,9.767312130896007,4.6216117253800055,2.1102891532478085,COMPLETE
2048,0.10085,0.4974289030499498,4.933362998330481,1.5232915956522353,1476.1251734596226,4.792699168837896,COMPLETE
2049,0.10925,0.6182084162051554,7.489439152524652,8.418374689108267,0.031195307723748743,0.5084006019933035,COMPLETE
2050,0.10015,0.7450541320367926,7.339695485358947,8.418374689108267,24.82117358455121,0.7306953052604724,COMPLETE
2051,0.1212,0.750883395873604,7.489439152524652,8.418374689108267,65.42850617031253,0.07337033631388215,COMPLETE
2052,0.1103,0.7480840769963494,7.489439152524652,5.869623929785657,560.4775189597802,40.085931024705424,COMPLETE
2053,0.07915,0.4023062355477281,5.5150049043702545,1.2992706708708701,560.4775189597802,1.526275265602974,COMPLETE
2054,0.1171,0.6240125275900539,5.5150049043702545,3.107801483633036,1753.261490178206,4.8840899499576205,COMPLETE
2055,0.08075,0.45483105413341074,7.339695485358947,4.48634614596908,0.4111694316312813,7.608796391186771,COMPLETE
2056,0.1164,0.8069349147641681,7.489439152524652,6.845130248933243,117.01164712837071,0.5084006019933035,COMPLETE
2057,0.07375,0.29803902544645794,7.489439152524652,1.0000874311382033,3.848152864189677,0.022124823097635343,COMPLETE
2058,0.07545,0.2532351524615713,7.339695485358947,1.7328424658014496,0.5529959922862323,0.7306953052604724,COMPLETE
2059,0.10155,0.6020853151242105,6.533748787999799,7.451337432117496,13.707966048711086,1.526275265602974,COMPLETE
2060,0.08855,0.2046736869158403,3.569083747483712,1.2992706708708701,15.408286256805626,0.0776788249981511,COMPLETE
2061,0.115,0.7258607537624369,7.339695485358947,3.0352039660395387,1688.3846346819648,1.526275265602974,COMPLETE
2062,0.1451,0.8380163722881147,7.489439152524652,9.988586281068551,1476.1251734596226,0.7037594792077035,COMPLETE
2063,0.11825,0.7540938704510757,3.7209534775680555,8.418374689108267,560.4775189597802,1.526275265602974,COMPLETE
2064,0.09705,0.6212389880769373,7.398979747077997,5.7174146103756,9.405987849555578,0.5985950343657075,COMPLETE
2065,0.0777,0.43466982200031445,7.386495200771071,1.8145138315019835,28.623301091967512,0.04841802788233872,COMPLETE
2066,0.10895,0.5173743321433936,3.7209534775680555,4.453666750773743,0.4111694316312813,0.1422220669811343,COMPLETE
2067,0.08755,0.49582014245106054,7.398979747077997,4.101823977297871,0.014335665130357158,0.5985950343657075,COMPLETE
2068,0.1072,0.672573090949807,7.489439152524652,8.418374689108267,0.07733400772873425,0.5084006019933035,COMPLETE
2069,0.0858,0.26254989131111045,5.334411901674462,1.3268904570753812,112.323925330586,0.5985950343657075,COMPLETE
2070,0.0775,0.2906372465366606,7.489439152524652,1.2992706708708701,0.022872403443138362,0.042287379754470764,COMPLETE
2071,0.0984,0.24892570146390486,0.3908262177770756,3.4709986937730752,3.2912658170808515,0.5985950343657075,COMPLETE
2072,0.0916,0.6192056972706541,7.257271731141275,9.767312130896007,1.9411683121291674,2.1102891532478085,COMPLETE
2073,0.0824,0.3398798762306497,7.030226802411988,3.0638630129150126,0.13833764239291801,4.792699168837896,COMPLETE
2074,0.12135,0.7005902306021808,5.331610824527279,3.4709986937730752,1688.3846346819648,1.526275265602974,COMPLETE
2075,0.0777,0.3467138750092423,7.489439152524652,3.2029244444107516,0.20917047863131313,29.72406868059889,COMPLETE
2076,0.0876,0.5293806751859721,5.334411901674462,3.0352039660395387,112.323925330586,1.526275265602974,COMPLETE
2077,0.09635,0.6500470513600224,7.321806062638004,3.0638630129150126,359.71457230765833,0.5985950343657075,COMPLETE
2078,0.1222,0.80085556739705,7.197874783068861,5.869623929785657,359.71457230765833,0.5020860855088173,COMPLETE
2079,0.09265,0.5259549881407342,7.386495200771071,1.4400802780595148,1688.3846346819648,1.526275265602974,COMPLETE
2080,0.08265,0.4193945378986228,4.933362998330481,1.5232915956522353,560.4775189597802,0.7306953052604724,COMPLETE
2081,0.1025,0.629337981870187,6.258820560202872,2.195218904889921,1476.1251734596226,0.2944924768920615,COMPLETE
2082,0.09265,0.5401935142574823,6.634798205864588,3.075865423027797,112.323925330586,0.5985950343657075,COMPLETE
2083,0.1162,0.637811067458675,7.489439152524652,5.603442158412543,0.022872403443138362,0.010086646127295868,COMPLETE
2084,0.0757,0.39575848854584333,6.098711628875743,1.4290117002046212,359.71457230765833,13.737135040054913,COMPLETE
2085,0.08255,0.5299050328241829,7.489439152524652,4.128977545770486,0.09169913983064946,0.5084006019933035,COMPLETE
2086,0.08895,0.5972540338538068,7.339695485358947,5.061348409319827,0.5529959922862323,0.7306953052604724,COMPLETE
2087,0.07165,0.40702112305871035,7.339695485358947,3.1909502705023685,0.4111694316312813,1.0864194972631505,COMPLETE
2088,0.1158,0.6024490105531063,7.398979747077997,9.988586281068551,3.9952959350158723,0.011906170031331926,COMPLETE
2089,0.1044,0.6190374940542324,7.489439152524652,9.988586281068551,0.061530195681195304,0.5985950343657075,COMPLETE
2090,0.09485,0.4017140613039296,0.5589139551132732,3.84437227852943,484.8319167225806,0.7306953052604724,COMPLETE
2091,0.08665,0.2221182421165334,1.806333098023118,2.058009382850502,0.50010706770691,0.5985950343657075,COMPLETE
2092,0.07885,0.3929938182760213,7.339695485358947,1.0340435745788543,560.4775189597802,11.34645454198699,COMPLETE
2093,0.1416,0.7477194603862285,2.8138925685769958,9.988586281068551,1476.1251734596226,4.792699168837896,COMPLETE
2094,0.0771,0.15478793873312077,2.6805368452368463,1.3383962958806388,2.4792588435669867,0.4339996496336033,COMPLETE
2095,0.09595,0.6842587527809737,7.489439152524652,8.418374689108267,24.687993700004206,2.1102891532478085,COMPLETE
2096,0.1243,0.8701314501065756,6.666959706638387,9.988586281068551,1688.3846346819648,12.146893267526337,COMPLETE
2097,0.14935,0.8341119632059817,7.489439152524652,7.362963081094124,4461.263327176781,0.5985950343657075,COMPLETE
