number,values_0,values_1,params_delta_deg,params_gamma,params_lambda1,params_lambda2,params_lambda3,params_lambda4,state
1258,0.0945,0.49954503157397767,4.797597292147365,2.8034123264003057,0.07261268023359602,4.006173959705789,0.764092524644605,5.521087576123659e-10,COMPLETE
1259,0.0815,0.6592836640947514,4.335111916469993,8.359124144204223,0.4634053899763641,186.9306125540257,17.543999742650467,3.0541645143911065e-11,COMPLETE
1260,0.05815,0.3281233604262194,3.046425174476959,1.7519510271087413,0.6975592224319972,546.754814234046,76.57127726580364,8.720647859508846e-11,COMPLETE
1261,0.075,0.4222330603198845,2.4245545587169754,3.3801923275388828,1.8278642465471888,3.858204027730059,80.46577679760097,9.08105193187992e-10,COMPLETE
1262,0.06145,0.32467441102352246,4.3548083271808515,1.7519510271087413,0.4634053899763641,186.9306125540257,34.574222073764446,3.649569116806477e-06,COMPLETE
1263,0.0875,0.6184069099076006,6.943625321882633,5.712836609458804,3090.9457533461396,546.754814234046,12.491315660805293,3.0541645143911065e-11,COMPLETE
1264,0.0631,0.31274803290864917,5.989976616159035,2.6338329439397503,1.8442663426239594,5.054984284069897,76.57127726580364,1.621364679176634e-08,COMPLETE
1265,0.0642,0.45214761352845334,6.103623020551158,4.001643040966611,0.25457319772869635,1.2594502646806938,80.46577679760097,3.649569116806477e-06,COMPLETE
1266,0.0926,0.5683396541491553,3.046425174476959,8.741900816624833,1.8442663426239594,4.703038707832875,0.04082369646290137,3.787929895519139e-07,COMPLETE
1267,0.09545,0.68481745930414,4.3548083271808515,8.359124144204223,12.412723646412944,186.9306125540257,34.574222073764446,1.4181725927436993e-12,COMPLETE
1268,0.05045,0.39810338914019294,7.051402036894628,1.7519510271087413,1.8442663426239594,0.013005285609873055,0.01777158201797886,3.9694167750317793e-10,COMPLETE
1269,0.08155,0.4818375820690133,5.948642412156692,1.4234508712843703,123.52077947060401,0.06857317261521613,1.4298640803911997,3.787929895519139e-07,COMPLETE
1270,0.1002,0.5814959445428675,2.4140453486635183,8.359124144204223,1.0946066447217027,51.0531204742495,3.6008094906658137,2.013186121683812e-08,COMPLETE
1271,0.11675,0.5771113330483004,3.0455122299916,3.518628750320109,3090.9457533461396,0.08127855699171263,12.248217776700352,1.9897264125379086e-06,COMPLETE
1272,0.0735,0.5063814360220885,4.958426658725357,8.359124144204223,0.016767417635497637,0.015374381282661118,3.6008094906658137,1.7411112824373338e-14,COMPLETE
1273,0.1054,0.7228220214032872,6.943625321882633,3.993357337348769,123.52077947060401,0.06857317261521613,0.1585248694363896,3.787929895519139e-07,COMPLETE
1274,0.0771,0.4623625582880023,5.719667260978259,2.2991799521485987,0.07261268023359602,285.2153277599235,0.764092524644605,1.070701329242786e-06,COMPLETE
1275,0.09135,0.6468241528789219,7.296565715563787,6.641926976422129,0.6975592224319972,0.12480776742786713,0.01777158201797886,6.734075485579663e-08,COMPLETE
1276,0.0484,0.22901536717957843,7.051402036894628,1.1075308654390963,0.07261268023359602,0.02414183045783488,0.11060646004395691,9.787752692175531e-12,COMPLETE
1277,0.0844,0.6566391056129932,4.797597292147365,8.359124144204223,0.4634053899763641,4.006173959705789,0.764092524644605,1.5335060532903536e-12,COMPLETE
1278,0.0624,0.35520860464817794,4.958426658725357,2.6338329439397503,3.1640167021475465,0.3710234766141632,3.6008094906658137,3.649569116806477e-06,COMPLETE
1279,0.067,0.6678086722392378,4.958426658725357,8.359124144204223,2.2526238626393873,186.9306125540257,3.6008094906658137,5.432263014140687e-13,COMPLETE
1280,0.08285,0.5350445444657681,3.0455122299916,3.1519125533512766,0.4634053899763641,51.0531204742495,5.192615578479196,5.521087576123659e-10,COMPLETE
1281,0.0989,0.5497623821899066,5.719667260978259,9.105321878014273,0.010026897074648563,646.955702105101,1.8492403474131858,3.787929895519139e-07,COMPLETE
1282,0.09675,0.6750743829015505,4.958426658725357,8.359124144204223,804.47491128686,186.9306125540257,34.574222073764446,2.326191209470243e-10,COMPLETE
1283,0.0468,0.18361409816822583,5.633083399427747,1.0559094016504837,104.61067826393281,51.0531204742495,80.46577679760097,3.649569116806477e-06,COMPLETE
1284,0.0425,0.20919149166366083,3.7523591558107,1.0726049388472807,0.016767417635497637,51.0531204742495,5.192615578479196,1.7411112824373338e-14,COMPLETE
1285,0.0768,0.5978301126545811,7.296565715563787,6.641926976422129,0.6975592224319972,0.12480776742786713,0.01777158201797886,8.720647859508846e-11,COMPLETE
1286,0.08135,0.388932745993248,5.719667260978259,2.2991799521485987,0.016767417635497637,110.16646134717259,0.01777158201797886,1.1682701663189634e-13,COMPLETE
1287,0.06665,0.46339370993478934,4.958426658725357,2.2991799521485987,0.016767417635497637,110.16646134717259,34.574222073764446,2.344886213377973e-06,COMPLETE
1288,0.0899,0.37842373625189524,2.8467952672042545,9.890916012877245,0.8061367681075937,0.047570004104159534,10.594535312730871,1.9897264125379086e-06,COMPLETE
1289,0.1288,0.5286507117243511,6.455935354345706,6.875144787901625,208.22607295194175,0.32383268288307343,0.01777158201797886,3.787929895519139e-07,COMPLETE
1290,0.0588,0.42220072385229285,7.051402036894628,2.8036597183497527,1.8278642465471888,2.0518583729409148,80.46577679760097,1.9043961097477443e-12,COMPLETE
1291,0.0516,0.3145315248225639,4.958426658725357,1.4234508712843703,44.42412709858529,0.5218478141839406,1.4298640803911997,3.787929895519139e-07,COMPLETE
1292,0.08275,0.6455203976484775,2.516942598757377,7.242098619980624,123.52077947060401,186.9306125540257,34.574222073764446,3.787929895519139e-07,COMPLETE
1293,0.07895,0.6388101464598681,6.655421352222268,5.113119572952756,1.0946066447217027,4.006173959705789,0.04989504186148276,5.521087576123659e-10,COMPLETE
1294,0.0842,0.5760210248264666,4.958426658725357,3.812714163562798,0.18468504546596953,546.754814234046,3.6008094906658137,9.274226703370502e-12,COMPLETE
1295,0.0626,0.4003810160215202,5.633083399427747,2.2991799521485987,0.016767417635497637,51.0531204742495,0.01777158201797886,3.787929895519139e-07,COMPLETE
1296,0.0621,0.4251667635396503,5.686980021608849,2.5118580794078285,0.016767417635497637,3.858204027730059,2.606433764399818,2.1811143402963018e-10,COMPLETE
1297,0.06325,0.33108748250299885,5.633083399427747,1.9370537087438828,0.4634053899763641,0.7318180156919515,0.20898615625021175,3.649569116806477e-06,COMPLETE
1298,0.05315,0.31754474503928554,4.958426658725357,1.0726049388472807,12.412723646412944,546.754814234046,5.192615578479196,3.6565873964879915e-13,COMPLETE
1299,0.07525,0.35069565145494547,1.5568701431988756,1.9370537087438828,0.016767417635497637,110.16646134717259,0.01777158201797886,3.787929895519139e-07,COMPLETE
1300,0.0476,0.20579545654451858,6.943625321882633,1.2997368745646833,1.8442663426239594,186.9306125540257,0.0247605531247782,5.754672627226191e-09,COMPLETE
1301,0.08745,0.6416374839483022,5.719667260978259,6.875144787901625,208.22607295194175,186.9306125540257,3.6008094906658137,1.6894010759859846e-13,COMPLETE
1302,0.04715,0.22605923351787105,4.653916869245234,1.0726049388472807,12.412723646412944,51.0531204742495,5.192615578479196,5.521087576123659e-10,COMPLETE
1303,0.10375,0.6404371953309618,3.0455122299916,8.359124144204223,0.07261268023359602,51.0531204742495,3.6008094906658137,5.521087576123659e-10,COMPLETE
1304,0.0587,0.34946522570368976,6.103623020551158,2.2991799521485987,0.21068030120772424,0.08777741099799043,2.606433764399818,1.1682701663189634e-13,COMPLETE
1305,0.10355,0.7260755033478304,4.522294495784334,8.359124144204223,104.61067826393281,0.2095410737251966,0.4001269852557319,1.289145432906076e-07,COMPLETE
1306,0.081,0.6059013763621836,5.686980021608849,4.25159818421519,1.9562826277387932,3.858204027730059,0.3892815605005412,3.649569116806477e-06,COMPLETE
1307,0.05335,0.40243569061054507,3.618455732984921,1.7519510271087413,0.4634053899763641,546.754814234046,12.491315660805293,3.0541645143911065e-11,COMPLETE
1308,0.0958,0.574627836867992,4.335111916469993,3.1788912454430323,2661.553121751245,1.2594502646806938,17.543999742650467,7.242135537625552e-11,COMPLETE
1309,0.0889,0.21218615572343752,2.539595872312381,1.232837733344364,104.61067826393281,0.5362196401258538,80.46577679760097,3.649569116806477e-06,COMPLETE
1310,0.0852,0.5979930109587563,5.686980021608849,4.6217362615031465,1.9562826277387932,390.7435887195813,2.606433764399818,1.7411112824373338e-14,COMPLETE
1311,0.0692,0.4937534587290086,3.0455122299916,2.503268539178159,0.07261268023359602,51.0531204742495,0.764092524644605,3.407169759582504e-13,COMPLETE
1312,0.0804,0.19237461654455762,7.296565715563787,6.641926976422129,0.6975592224319972,4.703038707832875,76.57127726580364,0.001402719649154545,COMPLETE
1313,0.07655,0.6307707372986256,4.5991070915756875,6.875144787901625,0.07261268023359602,110.16646134717259,0.06896807247569771,1.6894010759859846e-13,COMPLETE
1314,0.071,0.4927195437788483,6.943625321882633,9.890916012877245,0.21068030120772424,0.08777741099799043,7.032379127549698,1.1682701663189634e-13,COMPLETE
1315,0.13715,0.7078702659058284,5.719667260978259,6.875144787901625,3090.9457533461396,0.004569612957571183,14.732118064935978,3.0092675819548274e-09,COMPLETE
1316,0.0901,0.5979257503831301,6.019990742215804,7.8078637347278095,1.8442663426239594,4.006173959705789,3.6008094906658137,1.3292068238494472e-07,COMPLETE
1317,0.0718,0.4728745354687707,3.7523591558107,2.2991799521485987,0.016767417635497637,110.16646134717259,6.491214892667294,9.274226703370502e-12,COMPLETE
1318,0.11635,0.5535793600023031,4.335111916469993,2.5118580794078285,3090.9457533461396,0.047570004104159534,0.764092524644605,2.1811143402963018e-10,COMPLETE
1319,0.09365,0.4530809146436679,4.050574348074197,5.751620494688234,1.8442663426239594,168.65252268697844,0.07667931134917605,3.9694167750317793e-10,COMPLETE
1320,0.09085,0.6327317463361256,6.019990742215804,7.8078637347278095,0.4634053899763641,186.9306125540257,50.980960873927486,1.9043961097477443e-12,COMPLETE
1321,0.0758,0.4237092031889311,5.719667260978259,1.0726049388472807,12.412723646412944,0.009707433566872849,0.023189147228347615,5.521087576123659e-10,COMPLETE
1322,0.07485,0.4712247659376165,4.958426658725357,2.6338329439397503,208.22607295194175,1.5630282565660134,0.764092524644605,3.787929895519139e-07,COMPLETE
1323,0.0873,0.47010384388972515,7.051402036894628,2.8034123264003057,0.07261268023359602,51.0531204742495,5.192615578479196,8.720647859508846e-11,COMPLETE
1324,0.0619,0.3520778037107742,5.719667260978259,1.3526137167003873,0.016767417635497637,4.0341800185584304,0.01777158201797886,9.787752692175531e-12,COMPLETE
1325,0.1324,0.7994380745392612,5.439590829177734,9.890916012877245,3090.9457533461396,0.047570004104159534,0.04082369646290137,1.9897264125379086e-06,COMPLETE
1326,0.07175,0.45516100579603946,3.7523591558107,2.2991799521485987,0.016767417635497637,110.16646134717259,2.606433764399818,1.7411112824373338e-14,COMPLETE
1327,0.0583,0.2990857261622551,6.103623020551158,1.7519510271087413,0.645052816257583,4.703038707832875,76.57127726580364,1.621364679176634e-08,COMPLETE
1328,0.1116,0.8279402834839263,6.103623020551158,6.641926976422129,4829.678832896859,0.08777741099799043,0.06896807247569771,9.274226703370502e-12,COMPLETE
1329,0.0845,0.13326772763144876,5.439590829177734,9.890916012877245,327.4342654726146,0.047570004104159534,0.023189147228347615,0.00013211460437797067,COMPLETE
1330,0.0705,0.4745380386151612,4.958426658725357,4.6814258240363635,0.07261268023359602,1.5630282565660134,3.6008094906658137,6.338054654029837e-09,COMPLETE
1331,0.08435,0.4956103382561877,4.335111916469993,3.1788912454430323,79.20436495692154,168.65252268697844,17.543999742650467,7.242135537625552e-11,COMPLETE
1332,0.1114,0.7854569744322027,6.943625321882633,3.7890673278494873,3090.9457533461396,0.047570004104159534,0.04082369646290137,1.9897264125379086e-06,COMPLETE
1333,0.0975,0.5419949387894094,7.051402036894628,3.3801923275388828,1.8278642465471888,168.65252268697844,0.01777158201797886,3.9694167750317793e-10,COMPLETE
1334,0.0749,0.10881053639816485,1.518510059934699,1.4068314059799514,123.52077947060401,110.16646134717259,2.606433764399818,0.005468443878117418,COMPLETE
1335,0.07365,0.5344066695794574,6.019990742215804,8.359124144204223,0.08476763639309268,0.5362196401258538,4.230818933588808,1.5335060532903536e-12,COMPLETE
1336,0.0776,0.6762540443982052,5.989976616159035,8.359124144204223,151.6985993708822,5.054984284069897,4.230818933588808,1.621364679176634e-08,COMPLETE
1337,0.0868,0.5804861741826342,5.666814550753104,4.6814258240363635,290.38990257029735,51.0531204742495,12.491315660805293,6.338054654029837e-09,COMPLETE
1338,0.0612,0.04739992450094599,6.655421352222268,6.641926976422129,1.0946066447217027,51.0531204742495,0.01777158201797886,0.00011497897383542222,COMPLETE
1339,0.04435,0.38140722486903805,4.958426658725357,1.4234508712843703,0.4634053899763641,546.754814234046,1.1597349721826733,6.84161446778786e-11,COMPLETE
1340,0.051,0.37833382216096456,7.051402036894628,2.2991799521485987,0.016767417635497637,0.06857317261521613,57.94170384558908,1.6894010759859846e-13,COMPLETE
1341,0.04795,0.180041517750349,3.0455122299916,1.0726049388472807,1.8278642465471888,2.0518583729409148,80.46577679760097,5.521087576123659e-10,COMPLETE
1342,0.10745,0.6452737736432261,5.439590829177734,2.5671854591068413,3513.3554009195404,0.047570004104159534,0.04082369646290137,1.9897264125379086e-06,COMPLETE
1343,0.0428,0.2763361845477946,6.103623020551158,1.5219065666764706,0.21068030120772424,0.08777741099799043,0.06896807247569771,1.1682701663189634e-13,COMPLETE
1344,0.0685,0.4995992085385282,6.943625321882633,2.2991799521485987,1495.9027954335406,110.16646134717259,2.606433764399818,3.787929895519139e-07,COMPLETE
1345,0.062,0.2963928639947095,5.719667260978259,8.7048057124361,0.6975592224319972,546.754814234046,0.06896807247569771,9.274226703370502e-12,COMPLETE
1346,0.0572,0.352037296430201,4.581180065379388,2.5118580794078285,1.9562826277387932,3.858204027730059,4.230818933588808,1.5335060532903536e-12,COMPLETE
1347,0.065,0.3563508661296461,4.958426658725357,2.1068078926580935,0.014322279485444712,11.974680920467607,6.598073435050954,3.787929895519139e-07,COMPLETE
1348,0.0651,0.3368841756279679,3.7523591558107,2.2991799521485987,0.016767417635497637,0.004569612957571183,0.3360288426077625,3.0092675819548274e-09,COMPLETE
1349,0.057,0.4154284223864369,6.103623020551158,2.839979984936102,0.21068030120772424,0.08777741099799043,17.543999742650467,2.1811143402963018e-10,COMPLETE
1350,0.071,0.0635607719280975,4.655884123414767,1.4164159313807339,2661.553121751245,186.9306125540257,0.028153998119702945,3.649569116806477e-06,COMPLETE
1351,0.046,0.23072215981504887,6.943625321882633,1.0726049388472807,2.9948983130420066,0.047570004104159534,0.969613819587591,3.407169759582504e-13,COMPLETE
1352,0.0896,0.5871773355783887,4.156353781800757,3.3801923275388828,1.8278642465471888,0.0013939764982932314,80.46577679760097,5.521087576123659e-10,COMPLETE
1353,0.1389,0.8388723766431427,5.719667260978259,6.875144787901625,208.22607295194175,0.009707433566872849,0.010490863545892863,3.787929895519139e-07,COMPLETE
1354,0.08255,0.6762524332632739,3.0455122299916,5.751620494688234,3090.9457533461396,0.004569612957571183,0.037145330599528494,3.0092675819548274e-09,COMPLETE
1355,0.07315,0.593491675926858,5.129054102966783,6.641926976422129,0.6975592224319972,0.4232284163041277,0.01777158201797886,8.720647859508846e-11,COMPLETE
1356,0.07495,0.6592852028090871,6.103623020551158,7.527897234752733,0.21068030120772424,4.549264094133689,1.4298640803911997,6.84161446778786e-11,COMPLETE
1357,0.0459,0.023283514614444112,4.958426658725357,1.9827732262977626,1651.528307307195,186.9306125540257,0.023189147228347615,3.787929895519139e-07,COMPLETE
1358,0.07915,0.6725029848636426,4.958426658725357,8.359124144204223,0.1784805460542277,59.18891955235121,6.4497721878161105,5.432263014140687e-13,COMPLETE
1359,0.06965,0.4510295126120317,6.103623020551158,3.3801923275388828,0.4634053899763641,186.9306125540257,80.46577679760097,3.0541645143911065e-11,COMPLETE
1360,0.08345,0.6933712170706297,4.958426658725357,6.2439680399090705,208.22607295194175,1.5630282565660134,0.3185484525058906,3.787929895519139e-07,COMPLETE
1361,0.08515,0.46832574748277583,6.103623020551158,1.4556234921852556,19.78793221126045,0.009707433566872849,80.46577679760097,3.787929895519139e-07,COMPLETE
1362,0.10115,0.6469803454624097,4.958426658725357,9.084164001475168,0.016767417635497637,51.0531204742495,0.8954013352903136,1.7411112824373338e-14,COMPLETE
1363,0.08535,0.536511952934663,7.371731789186595,3.3801923275388828,0.016767417635497637,51.0531204742495,5.192615578479196,1.7411112824373338e-14,COMPLETE
1364,0.03425,0.2303600054979406,6.351039989269435,1.0726049388472807,12.412723646412944,107.59872434463156,34.574222073764446,3.0541645143911065e-11,COMPLETE
1365,0.10275,0.5524537419530964,0.9190851244968371,8.359124144204223,0.4634053899763641,186.9306125540257,34.574222073764446,3.649569116806477e-06,COMPLETE
1366,0.06545,0.41897857836594105,7.371731789186595,3.3801923275388828,1.8278642465471888,2.0518583729409148,80.46577679760097,1.5694515916884491e-06,COMPLETE
1367,0.0816,0.6756844268716039,5.719667260978259,6.875144787901625,238.35252129954745,51.0531204742495,5.192615578479196,5.521087576123659e-10,COMPLETE
1368,0.04715,0.27805653461697316,5.719667260978259,1.0726049388472807,12.412723646412944,110.16646134717259,5.192615578479196,9.787752692175531e-12,COMPLETE
1369,0.1064,0.523116962699742,3.4231626032917095,6.018941426744371,3090.9457533461396,5.054984284069897,0.16582812013936282,1.9897264125379086e-06,COMPLETE
1370,0.0701,0.4480079461105301,5.989976616159035,1.7519510271087413,1.8442663426239594,0.003177546733169283,76.57127726580364,1.621364679176634e-08,COMPLETE
1371,0.067,0.5436079994141697,5.719667260978259,6.875144787901625,0.1784805460542277,0.009707433566872849,0.01840470878578151,1.9043961097477443e-12,COMPLETE
1372,0.08385,0.5794413486113305,4.958426658725357,6.0730441974423295,1.8442663426239594,186.9306125540257,76.57127726580364,5.432263014140687e-13,COMPLETE
1373,0.07605,0.5896981220095701,6.655421352222268,4.6814258240363635,0.012589425731355042,51.0531204742495,12.491315660805293,1.7411112824373338e-14,COMPLETE
1374,0.05465,0.2523356034849009,3.4377291994618755,1.0726049388472807,12.412723646412944,51.0531204742495,5.192615578479196,1.6393979630253278e-09,COMPLETE
1375,0.1055,0.7189781881757781,5.439590829177734,6.641926976422129,3090.9457533461396,0.267011296645111,0.04082369646290137,8.720647859508846e-11,COMPLETE
1376,0.0982,0.39510130996409815,6.103623020551158,1.8386994267236418,208.22607295194175,0.009707433566872849,0.023189147228347615,3.649569116806477e-06,COMPLETE
1377,0.08755,0.1805193190864644,3.059743892272438,3.1788912454430323,104.61067826393281,0.0027917328407713756,80.46577679760097,3.649569116806477e-06,COMPLETE
1378,0.0644,0.45537344709819816,6.019990742215804,2.2991799521485987,0.016767417635497637,110.16646134717259,3.6008094906658137,1.9043961097477443e-12,COMPLETE
1379,0.0588,0.19833437814486202,4.050574348074197,1.0726049388472807,9.651358503108314,51.0531204742495,5.192615578479196,3.0092675819548274e-09,COMPLETE
1380,0.05235,0.20440472490165962,6.655421352222268,1.0726049388472807,0.07261268023359602,0.16685056743732588,5.192615578479196,1.7411112824373338e-14,COMPLETE
1381,0.0432,0.2529545480778722,5.2817403254646385,1.4234508712843703,0.33899932252483383,0.5218478141839406,3.6008094906658137,3.0541645143911065e-11,COMPLETE
1382,0.04365,0.2296298994699832,4.958426658725357,1.0726049388472807,0.07261268023359602,51.0531204742495,12.491315660805293,6.338054654029837e-09,COMPLETE
1383,0.08165,0.09444958057277773,3.0455122299916,9.572887503384905,3090.9457533461396,51.0531204742495,0.037145330599528494,3.787929895519139e-07,COMPLETE
1384,0.07545,0.4894195731989448,4.3548083271808515,6.875144787901625,0.4634053899763641,186.9306125540257,0.023189147228347615,3.787929895519139e-07,COMPLETE
1385,0.05755,0.530890490000316,4.050574348074197,5.751620494688234,0.07261268023359602,0.004569612957571183,1.1961286443235215,3.0092675819548274e-09,COMPLETE
1386,0.09335,0.6556641712070111,6.485051657135356,6.875144787901625,1516.5577162857671,212.76902966597947,1.4298640803911997,6.84161446778786e-11,COMPLETE
1387,0.06895,0.5217740446126858,6.103623020551158,2.839979984936102,0.21068030120772424,51.0531204742495,0.06896807247569771,1.1682701663189634e-13,COMPLETE
1388,0.048,0.3026826001646412,4.653916869245234,1.3311285140256008,12.412723646412944,51.0531204742495,5.192615578479196,5.521087576123659e-10,COMPLETE
1389,0.0845,0.630028755221631,2.8467952672042545,5.751620494688234,0.4634053899763641,51.0531204742495,4.230818933588808,3.0092675819548274e-09,COMPLETE
1390,0.0857,0.7814397113617216,4.335111916469993,8.33604695260721,2661.553121751245,1.2594502646806938,2.4710813083340644,7.242135537625552e-11,COMPLETE
1391,0.0867,0.5797584296319382,7.296565715563787,3.812714163562798,0.6975592224319972,0.12480776742786713,0.01777158201797886,5.691201975810936e-08,COMPLETE
1392,0.059,0.3295017858265729,6.943625321882633,1.7519510271087413,0.229357259259672,0.010806928579525312,0.764092524644605,3.0541645143911065e-11,COMPLETE
1393,0.05475,0.28229820741755973,4.958426658725357,1.1262935714631688,3090.9457533461396,186.9306125540257,0.764092524644605,3.649569116806477e-06,COMPLETE
1394,0.0765,0.4679992498782863,3.7523591558107,2.2991799521485987,0.016767417635497637,110.16646134717259,2.606433764399818,1.7411112824373338e-14,COMPLETE
1395,0.10325,0.6184837612895105,4.958426658725357,9.890916012877245,0.4634053899763641,186.9306125540257,34.574222073764446,3.649569116806477e-06,COMPLETE
1396,0.10215,0.6233201300033473,4.958426658725357,8.359124144204223,0.4634053899763641,51.0531204742495,4.230818933588808,3.0541645143911065e-11,COMPLETE
