number,values_0,values_1,params_delta_deg,params_gamma,params_lambda1,params_lambda2,params_lambda3,params_lambda4,state
980,0.0708,0.6196959218907815,7.051402036894628,4.6814258240363635,0.07261268023359602,107.59872434463156,12.491315660805293,6.338054654029837e-09,COMPLETE
981,0.057,0.5670946725784636,6.103623020551158,3.3801923275388828,104.61067826393281,0.3710234766141632,80.46577679760097,3.649569116806477e-06,COMPLETE
982,0.09335,0.6360171387977448,4.958426658725357,3.3801923275388828,1359.5918715789169,0.5362196401258538,24.955757031227908,4.737310773437738e-10,COMPLETE
983,0.05525,0.27730053783031944,3.0455122299916,1.5755897189048509,0.07261268023359602,12.292812033684328,5.192615578479196,3.0541645143911065e-11,COMPLETE
984,0.07605,0.549021598756968,6.943625321882633,2.2991799521485987,7375.585218051933,110.16646134717259,14.732118064935978,9.787752692175531e-12,COMPLETE
985,0.0856,0.17221571281342268,6.802286994195404,2.809259653462604,0.6975592224319972,0.001312944883317581,34.574222073764446,3.649569116806477e-06,COMPLETE
986,0.078,0.6327212620613973,2.8467952672042545,6.039735467670868,0.4634053899763641,51.0531204742495,4.230818933588808,1.5335060532903536e-12,COMPLETE
987,0.0894,0.5627062779312638,6.655421352222268,4.6814258240363635,964.8272692275405,432.4833629017861,2.606433764399818,1.735392761179923e-05,COMPLETE
988,0.05895,0.4000781901251003,7.051402036894628,1.5663334940068876,1947.628834735408,808.8074973688359,12.491315660805293,9.787752692175531e-12,COMPLETE
989,0.0855,0.1396732088996593,5.719667260978259,6.641926976422129,2533.6916897999126,546.754814234046,0.01777158201797886,9.274226703370502e-12,COMPLETE
990,0.0722,0.6040001993789603,6.943625321882633,5.751620494688234,0.01844558000984798,186.9306125540257,12.63448282565223,3.0092675819548274e-09,COMPLETE
991,0.06285,0.33123650624356665,4.029088236738399,1.7519510271087413,0.05477176214861042,0.08777741099799043,0.020340586733676527,8.777727458976328e-13,COMPLETE
992,0.0564,0.5733279039119538,6.019990742215804,7.8078637347278095,0.1784805460542277,0.5362196401258538,3.6008094906658137,1.9043961097477443e-12,COMPLETE
993,0.0594,0.44146782934435985,7.371731789186595,3.3801923275388828,12.412723646412944,4.890455014841115,5.192615578479196,6.973866590806984e-07,COMPLETE
994,0.05895,0.34967866389514657,6.655421352222268,2.2991799521485987,0.010601510628514445,0.0040191359975764755,0.04989504186148276,9.787752692175531e-12,COMPLETE
995,0.07355,0.04666465274176851,5.719667260978259,2.2991799521485987,7549.538487778857,110.16646134717259,0.01777158201797886,9.787752692175531e-12,COMPLETE
996,0.08175,0.5433323685030071,4.958426658725357,3.3801923275388828,104.61067826393281,186.9306125540257,3.6008094906658137,3.0541645143911065e-11,COMPLETE
997,0.05665,0.40243547379675954,6.679118635492903,2.839979984936102,0.21068030120772424,0.08777741099799043,0.9585130827879776,6.667839783886985e-09,COMPLETE
998,0.0973,0.48994411310670877,1.0777340000614557,5.751620494688234,0.4634053899763641,51.0531204742495,14.732118064935978,1.5335060532903536e-12,COMPLETE
999,0.07675,0.5489335890156324,6.655421352222268,2.8036597183497527,0.1784805460542277,808.8074973688359,12.491315660805293,1.9043961097477443e-12,COMPLETE
1000,0.07375,0.52514249442085,7.296565715563787,6.641926976422129,0.6975592224319972,12.586883344261294,0.01777158201797886,9.274226703370502e-12,COMPLETE
1001,0.08835,0.6018093287102001,4.140705084611316,5.942797629340911,1.8442663426239594,4.006173959705789,0.764092524644605,3.407169759582504e-13,COMPLETE
1002,0.06085,0.3289923493819069,5.837324551189813,2.825035926636345,0.4634053899763641,0.1013397086496358,0.01777158201797886,3.649569116806477e-06,COMPLETE
1003,0.0768,0.5427667758663425,7.051402036894628,8.359124144204223,0.4634053899763641,0.011940747250039194,34.574222073764446,3.286486186600864e-09,COMPLETE
1004,0.07595,0.502090050917691,4.958426658725357,3.3801923275388828,104.61067826393281,0.5362196401258538,3.6008094906658137,4.737310773437738e-10,COMPLETE
1005,0.038,0.31193998006728846,7.296565715563787,1.145542780904664,0.6975592224319972,546.754814234046,0.01777158201797886,9.274226703370502e-12,COMPLETE
1006,0.04265,0.25136281975394553,4.653916869245234,1.0726049388472807,12.412723646412944,51.0531204742495,5.192615578479196,5.521087576123659e-10,COMPLETE
1007,0.0936,0.816337530836598,7.051402036894628,6.875144787901625,123.52077947060401,0.08777741099799043,0.11060646004395691,1.6894010759859846e-13,COMPLETE
1008,0.05715,0.178622069542874,3.0455122299916,1.0726049388472807,1.8442663426239594,4.703038707832875,76.57127726580364,1.621364679176634e-08,COMPLETE
1009,0.05945,0.4011011607404152,4.335111916469993,3.1788912454430323,1.9562826277387932,1.2594502646806938,17.543999742650467,2.1811143402963018e-10,COMPLETE
1010,0.0707,0.5733170148796747,7.051402036894628,2.8034123264003057,0.018905779766962255,546.754814234046,3.216242699506585,1.7411112824373338e-14,COMPLETE
1011,0.05645,0.4584659532067487,6.943625321882633,2.4277658505765976,0.07261268023359602,546.754814234046,95.76328334443369,3.0092675819548274e-09,COMPLETE
1012,0.05975,0.5008662517647843,7.051402036894628,2.2991799521485987,0.016767417635497637,546.754814234046,12.491315660805293,3.787929895519139e-07,COMPLETE
1013,0.1311,0.7389099382318375,4.041350986588769,6.875144787901625,123.52077947060401,0.06857317261521613,0.11060646004395691,1.6894010759859846e-13,COMPLETE
1014,0.04465,0.2845955069142529,4.335111916469993,1.7519510271087413,0.050307560982052926,4.006173959705789,17.543999742650467,7.242135537625552e-11,COMPLETE
1015,0.0795,0.3915432875230139,3.0455122299916,2.2991799521485987,0.23267174728402856,61.35853723638501,0.01777158201797886,5.521087576123659e-10,COMPLETE
1016,0.04865,0.2798043875202302,4.3548083271808515,1.3526137167003873,12.412723646412944,107.59872434463156,34.574222073764446,3.649569116806477e-06,COMPLETE
1017,0.10075,0.6339257793281516,5.719667260978259,3.179670090469718,208.22607295194175,0.009707433566872849,0.02771473961266056,3.787929895519139e-07,COMPLETE
1018,0.06145,0.4310682256323948,5.517532296506668,1.7519510271087413,1.8442663426239594,4.006173959705789,0.020340586733676527,3.407169759582504e-13,COMPLETE
1019,0.05785,0.3771325845631279,5.989976616159035,2.5118580794078285,1.8442663426239594,3.858204027730059,76.57127726580364,1.621364679176634e-08,COMPLETE
1020,0.08475,0.6013661632309228,6.943625321882633,4.6814258240363635,0.016767417635497637,1.5906661709601175,0.012333623722699088,6.338054654029837e-09,COMPLETE
1021,0.08355,0.4039941164386917,5.199699013291426,2.2991799521485987,0.016767417635497637,110.16646134717259,0.16561793216939094,3.286486186600864e-09,COMPLETE
1022,0.0721,0.6573438883031034,4.958426658725357,8.359124144204223,0.4634053899763641,186.9306125540257,3.6008094906658137,5.521087576123659e-10,COMPLETE
1023,0.07915,0.42471391753178167,2.8467952672042545,3.08516892704702,0.4634053899763641,8.64938516840101,4.230818933588808,3.407169759582504e-13,COMPLETE
1024,0.0587,0.33070666981668995,6.655421352222268,1.7519510271087413,0.07261268023359602,0.08777741099799043,0.020340586733676527,7.242135537625552e-11,COMPLETE
1025,0.0563,0.40009417562605853,3.7523591558107,2.2991799521485987,0.016767417635497637,186.9306125540257,34.574222073764446,6.40525020254831e-10,COMPLETE
1026,0.0887,0.6805639815261764,6.655421352222268,8.741900816624833,208.22607295194175,1.0900923924383954,12.491315660805293,8.1032159991369e-12,COMPLETE
1027,0.05685,0.27565175983582246,3.046425174476959,1.7519510271087413,1.8442663426239594,4.703038707832875,1.4298640803911997,1.621364679176634e-08,COMPLETE
1028,0.0703,0.2522840571897118,0.4384301365593437,1.7519510271087413,0.6975592224319972,242.637915598247,76.57127726580364,8.720647859508846e-11,COMPLETE
1029,0.04715,0.20051901322775198,1.830340287933784,1.4234508712843703,0.01669830320232758,0.5362196401258538,1.4298640803911997,1.9043961097477443e-12,COMPLETE
1030,0.07855,0.6224586340170339,6.103623020551158,6.970939129071404,0.016767417635497637,0.047570004104159534,0.01777158201797886,1.1682701663189634e-13,COMPLETE
1031,0.1191,0.7780125067863483,5.719667260978259,6.875144787901625,208.22607295194175,0.009707433566872849,6.113361930786812,3.787929895519139e-07,COMPLETE
1032,0.0813,0.6361133966335373,4.958426658725357,6.688587334716389,0.18468504546596953,1.5630282565660134,0.04989504186148276,2.013186121683812e-08,COMPLETE
1033,0.09345,0.6043526054504585,3.0455122299916,6.875144787901625,208.22607295194175,0.0017919265380227443,0.037145330599528494,3.787929895519139e-07,COMPLETE
1034,0.06165,0.4591077161534486,4.958426658725357,2.2991799521485987,208.22607295194175,1.5630282565660134,3.6008094906658137,3.787929895519139e-07,COMPLETE
1035,0.09795,0.7903547139383257,5.719667260978259,6.875144787901625,208.22607295194175,0.1013397086496358,0.06896807247569771,1.6894010759859846e-13,COMPLETE
1036,0.0749,0.19927603858752335,1.1625522561898967,1.0726049388472807,208.22607295194175,51.0531204742495,3.6008094906658137,1.5260603586671783e-06,COMPLETE
1037,0.0906,0.34351246284393616,5.686980021608849,2.5118580794078285,2433.7784142550545,3.858204027730059,0.07524110751582844,5.4549222033692975e-14,COMPLETE
1038,0.0543,0.17753558768239092,5.719667260978259,1.0726049388472807,0.07261268023359602,0.1013397086496358,0.11060646004395691,5.521087576123659e-10,COMPLETE
1039,0.05725,0.2831350785755817,7.051402036894628,2.2991799521485987,0.016767417635497637,110.16646134717259,0.01777158201797886,8.720647859508846e-11,COMPLETE
1040,0.07275,0.3557086575813009,3.7877258920765238,2.839979984936102,1.0948273534540924,0.08777741099799043,2.7301983278807467,5.521087576123659e-10,COMPLETE
1041,0.06815,0.1942223115024549,4.3548083271808515,1.3992681928979687,123.52077947060401,107.59872434463156,0.02584381888671511,1.6894010759859846e-13,COMPLETE
1042,0.07715,0.6480864377468353,5.719667260978259,6.875144787901625,0.4634053899763641,186.9306125540257,3.6008094906658137,6.97316218235209e-11,COMPLETE
1043,0.07985,0.6307777284018055,7.296565715563787,6.641926976422129,0.6975592224319972,0.12480776742786713,0.01777158201797886,8.720647859508846e-11,COMPLETE
1044,0.10295,0.8134847614044766,6.943625321882633,9.890916012877245,3090.9457533461396,0.047570004104159534,0.04082369646290137,1.9897264125379086e-06,COMPLETE
1045,0.10865,0.6210511739739231,7.051402036894628,8.359124144204223,60.29141636497916,0.06857317261521613,0.11060646004395691,3.649569116806477e-06,COMPLETE
1046,0.0782,0.7040385729893099,7.296565715563787,9.890916012877245,0.016767417635497637,0.047570004104159534,0.01777158201797886,3.0092675819548274e-09,COMPLETE
1047,0.07495,0.414790172955654,4.335111916469993,3.1788912454430323,121.69847457277554,1.2594502646806938,17.543999742650467,7.242135537625552e-11,COMPLETE
1048,0.0797,0.3476461464238719,0.17428856190567082,6.875144787901625,208.22607295194175,0.009707433566872849,0.023189147228347615,3.787929895519139e-07,COMPLETE
1049,0.06465,0.41693561211787,5.701405112971815,2.2991799521485987,0.016767417635497637,110.16646134717259,0.01777158201797886,1.8240281457617794e-12,COMPLETE
1050,0.0749,0.425898389757702,6.485051657135356,3.3801923275388828,0.33899932252483383,0.5218478141839406,1.4298640803911997,9.491583369340267e-09,COMPLETE
1051,0.0572,0.3055684103618995,4.958426658725357,1.7519510271087413,0.18468504546596953,1.5630282565660134,3.6008094906658137,7.242135537625552e-11,COMPLETE
1052,0.06055,0.2813996147769898,4.029088236738399,1.7519510271087413,1.9562826277387932,3.858204027730059,59.2437895529571,2.1811143402963018e-10,COMPLETE
1053,0.0462,0.20395479561564284,3.0455122299916,1.0726049388472807,0.07261268023359602,51.0531204742495,5.192615578479196,7.242135537625552e-11,COMPLETE
1054,0.0761,0.4810665940004661,6.943625321882633,2.556041911079979,13.15454158398503,110.16646134717259,0.764092524644605,5.432263014140687e-13,COMPLETE
1055,0.0851,0.6497726895953668,7.051402036894628,6.875144787901625,0.1784805460542277,5.162026902638173,0.4789141661116983,2.4454857476599097e-07,COMPLETE
1056,0.08025,0.15126866315577725,3.0455122299916,1.3605884401776378,0.07261268023359602,0.009707433566872849,5.192615578479196,3.787929895519139e-07,COMPLETE
1057,0.0729,0.5272070710390807,6.103623020551158,3.3801923275388828,0.016767417635497637,2.699764989119431,0.01777158201797886,2.6929959253364194e-10,COMPLETE
1058,0.0724,0.6261103461102095,6.555801837170016,4.6814258240363635,0.07261268023359602,2.28514007462796,0.01777158201797886,6.338054654029837e-09,COMPLETE
1059,0.0551,0.42456184148722376,4.797597292147365,1.7519510271087413,20.14254886307457,51.0531204742495,0.764092524644605,3.787929895519139e-07,COMPLETE
1060,0.05695,0.3734928304073756,7.296565715563787,1.7519510271087413,0.6975592224319972,0.12480776742786713,0.01777158201797886,1.5016108089799738e-09,COMPLETE
1061,0.04725,0.3200218564189981,6.485051657135356,1.0726049388472807,0.33899932252483383,51.0531204742495,1.4298640803911997,6.84161446778786e-11,COMPLETE
1062,0.0968,0.6857710310476844,6.655421352222268,8.359124144204223,1.0946066447217027,0.004569612957571183,66.24478620881496,3.0541645143911065e-11,COMPLETE
1063,0.05,0.37016267538206105,3.046425174476959,1.7519510271087413,0.4634053899763641,546.754814234046,76.57127726580364,3.1478206886731276e-08,COMPLETE
1064,0.0689,0.4786452002977968,4.958426658725357,2.6338329439397503,208.22607295194175,1.5630282565660134,3.6008094906658137,3.787929895519139e-07,COMPLETE
1065,0.0726,0.7159771394021471,4.958426658725357,7.242098619980624,0.4634053899763641,186.9306125540257,34.574222073764446,3.649569116806477e-06,COMPLETE
1066,0.0791,0.3774325361180297,7.371731789186595,3.3801923275388828,1.8278642465471888,2.0518583729409148,80.46577679760097,3.649569116806477e-06,COMPLETE
1067,0.07655,0.49897126962885097,3.046425174476959,6.641926976422129,1.8442663426239594,0.12480776742786713,4.863957911330009,2.0199589887474596e-14,COMPLETE
1068,0.0634,0.3236888412654777,6.655421352222268,1.0726049388472807,95.73936007050767,51.0531204742495,0.04989504186148276,2.013186121683812e-08,COMPLETE
1069,0.0685,0.37730561820303854,0.7982238985628478,3.79227694063338,0.1784805460542277,0.5362196401258538,3.6008094906658137,2.1777842788488118e-06,COMPLETE
1070,0.10055,0.5995528288218901,0.8707261536225619,8.359124144204223,0.016767417635497637,110.16646134717259,2.606433764399818,7.057547308392387e-09,COMPLETE
1071,0.0687,0.48813156844972516,5.974686340958091,2.2991799521485987,1.8442663426239594,110.16646134717259,0.764092524644605,1.7411112824373338e-14,COMPLETE
1072,0.06425,0.019428556470740266,7.296565715563787,6.641926976422129,0.4634053899763641,51.0531204742495,0.010889969027670416,0.007834583109766256,COMPLETE
1073,0.0772,0.6513692400390305,7.296565715563787,6.641926976422129,0.6975592224319972,0.003452160787086631,5.192615578479196,4.3648284573015266e-11,COMPLETE
1074,0.0513,0.20190612641848588,4.3548083271808515,1.0726049388472807,0.4634053899763641,51.0531204742495,34.574222073764446,5.521087576123659e-10,COMPLETE
1075,0.07785,0.552318550806479,5.989976616159035,1.7519510271087413,208.22607295194175,0.1013397086496358,0.11060646004395691,1.621364679176634e-08,COMPLETE
1076,0.0787,0.5307081461178895,7.051402036894628,2.8036597183497527,1.7381349353312827,139.61981983587773,12.491315660805293,1.9043961097477443e-12,COMPLETE
1077,0.07145,0.41546615698710176,3.7523591558107,1.7519510271087413,3.284683727650584,110.16646134717259,2.680994369519196,5.432263014140687e-13,COMPLETE
1078,0.07745,0.49939920385008846,7.051402036894628,2.8036597183497527,0.07261268023359602,808.8074973688359,12.491315660805293,5.521087576123659e-10,COMPLETE
1079,0.07435,0.3992564803555277,1.6027673741435646,1.7519510271087413,1.8442663426239594,391.7044072417366,0.764092524644605,3.407169759582504e-13,COMPLETE
1080,0.0659,0.49846736554029164,4.958426658725357,2.2991799521485987,0.016767417635497637,110.16646134717259,2.606433764399818,1.7411112824373338e-14,COMPLETE
1081,0.07045,0.5765969669032984,4.57534050027164,6.875144787901625,0.016767417635497637,0.047570004104159534,0.01777158201797886,3.0092675819548274e-09,COMPLETE
1082,0.14055,0.7704951187437051,4.958426658725357,8.359124144204223,3090.9457533461396,0.004569612957571183,0.01777158201797886,3.0541645143911065e-11,COMPLETE
1083,0.0732,0.40363898210737004,3.046425174476959,1.7519510271087413,4920.762370815237,4.703038707832875,76.57127726580364,1.7411112824373338e-14,COMPLETE
1084,0.063,0.2999137096723927,6.103623020551158,1.7519510271087413,0.21068030120772424,0.08777741099799043,0.020340586733676527,1.1635363013374307e-14,COMPLETE
1085,0.1052,0.6517576961148683,4.958426658725357,4.6814258240363635,3090.9457533461396,0.10278728951217363,12.491315660805293,3.0541645143911065e-11,COMPLETE
1086,0.0507,0.2664674041470328,4.653916869245234,1.0726049388472807,12.412723646412944,51.0531204742495,0.01777158201797886,3.0092675819548274e-09,COMPLETE
1087,0.0815,0.5441676954466464,0.8488948147205232,6.875144787901625,4.337104387215193,0.003414358497008155,7.9619829957935435,1.6894010759859846e-13,COMPLETE
1088,0.09635,0.5388982668044336,4.029088236738399,5.743419928636016,0.05477176214861042,8.478400853291632,0.020340586733676527,7.242135537625552e-11,COMPLETE
1089,0.0821,0.524108343294572,4.3548083271808515,7.8078637347278095,0.37240378326002116,0.5362196401258538,3.6008094906658137,1.9043961097477443e-12,COMPLETE
1090,0.0742,0.4930988420480488,6.485051657135356,4.6814258240363635,0.07261268023359602,0.5218478141839406,12.491315660805293,6.338054654029837e-09,COMPLETE
1091,0.09255,0.624241868984432,7.345248839946649,2.6338329439397503,340.5467931589891,0.004569612957571183,3.6008094906658137,3.787929895519139e-07,COMPLETE
1092,0.102,0.5480991943027252,2.8467952672042545,9.205674212878165,0.4634053899763641,51.0531204742495,4.230818933588808,4.4154407907055135e-14,COMPLETE
1093,0.09435,0.609440900587038,4.3548083271808515,8.359124144204223,20.14254886307457,51.0531204742495,0.7479602477652876,3.787929895519139e-07,COMPLETE
1094,0.0899,0.7032592239506548,6.655421352222268,5.113119572952756,1.0946066447217027,0.0014916312876942998,0.04989504186148276,1.1682701663189634e-13,COMPLETE
1095,0.0643,0.39135551352933007,3.046425174476959,1.7519510271087413,1.8442663426239594,4.703038707832875,0.06896807247569771,1.621364679176634e-08,COMPLETE
1096,0.04935,0.22683952382997155,7.296565715563787,1.1277921167404463,0.6975592224319972,0.12480776742786713,0.764092524644605,8.720647859508846e-11,COMPLETE
1097,0.06195,0.5598627247846633,7.051402036894628,2.686335699777961,0.1784805460542277,808.8074973688359,12.491315660805293,1.9043961097477443e-12,COMPLETE
1098,0.07635,0.38171657144185417,0.7886140997507057,2.839979984936102,0.21068030120772424,0.08777741099799043,0.024909722141418872,1.1682701663189634e-13,COMPLETE
1099,0.096,0.5713480350275657,4.958426658725357,8.359124144204223,0.4634053899763641,4.819354710115999,0.023189147228347615,3.0541645143911065e-11,COMPLETE
1100,0.045,0.17909647979889193,3.0455122299916,1.0726049388472807,0.033455449609671756,0.047570004104159534,0.01777158201797886,3.0092675819548274e-09,COMPLETE
1101,0.0462,0.3044391819869508,6.943625321882633,1.7519510271087413,0.057952965585384576,4.006173959705789,76.57127726580364,3.407169759582504e-13,COMPLETE
1102,0.1076,0.555141785529023,4.3548083271808515,8.359124144204223,0.18468504546596953,186.9306125540257,3.6008094906658137,3.649569116806477e-06,COMPLETE
1103,0.05675,0.3075963083209426,6.103623020551158,1.7519510271087413,104.61067826393281,4.703038707832875,80.46577679760097,1.621364679176634e-08,COMPLETE
1104,0.11915,0.7207006155986896,6.943625321882633,5.751620494688234,3090.9457533461396,0.004569612957571183,14.732118064935978,3.0092675819548274e-09,COMPLETE
1105,0.0772,0.5212718946420792,6.655421352222268,5.113119572952756,1.0946066447217027,51.0531204742495,0.04989504186148276,2.013186121683812e-08,COMPLETE
1106,0.0935,0.5868030490878546,6.555801837170016,4.6814258240363635,0.016767417635497637,110.16646134717259,2.606433764399818,6.338054654029837e-09,COMPLETE
1107,0.0502,0.2207437839473956,3.0455122299916,1.3183760033019234,0.07261268023359602,0.1013397086496358,0.06896807247569771,3.748646922272629e-14,COMPLETE
1108,0.07565,0.49953193776622745,6.103623020551158,3.3801923275388828,40.056211019093816,0.08777741099799043,80.46577679760097,3.649569116806477e-06,COMPLETE
1109,0.0926,0.4112824179647503,5.982066876080524,4.6814258240363635,0.07261268023359602,2.28514007462796,0.01777158201797886,1.9897264125379086e-06,COMPLETE
1110,0.05245,0.2913548191172462,3.6125232994467185,1.0726049388472807,0.07261268023359602,6.431176315051276,0.037145330599528494,1.1690703573160312e-11,COMPLETE
1111,0.0536,0.3349714965518784,6.555801837170016,1.7519510271087413,53.0564835384463,2.28514007462796,0.764092524644605,6.338054654029837e-09,COMPLETE
1112,0.0588,0.20532060084655654,5.719667260978259,1.2997368745646833,0.18468504546596953,0.009707433566872849,0.0247605531247782,3.787929895519139e-07,COMPLETE
1113,0.0888,0.49725337988361024,5.974686340958091,5.588572277928419,1.8442663426239594,0.04153146748566293,0.764092524644605,1.962132118333243e-08,COMPLETE
1114,0.0632,0.42403067371277714,4.3548083271808515,3.90988141292412,12.412723646412944,3.858204027730059,34.287494839932144,6.775223367149507e-05,COMPLETE
1115,0.0927,0.26814911694262994,5.152885615691349,8.741900816624833,208.22607295194175,0.1013397086496358,2.606433764399818,2.491908114343091e-05,COMPLETE
1116,0.04885,0.3035713118292768,4.958426658725357,1.0726049388472807,3985.483445373554,546.754814234046,3.6008094906658137,3.0541645143911065e-11,COMPLETE
1117,0.07655,0.700644266685185,2.5763246119278818,6.875144787901625,208.22607295194175,0.009707433566872849,0.023189147228347615,3.787929895519139e-07,COMPLETE
1118,0.04385,0.22807027305898,4.797597292147365,1.0726049388472807,0.07261268023359602,4.006173959705789,0.764092524644605,5.521087576123659e-10,COMPLETE
