number,values_0,values_1,params_delta_deg,params_gamma,params_lambda1,params_lambda2,params_lambda3,params_lambda4,state
700,0.0897,0.3785306606732033,1.678335460412354,2.2991799521485987,0.016767417635497637,110.16646134717259,12.491315660805293,1.7411112824373338e-14,COMPLETE
701,0.0469,0.2943095405469112,3.9382149117267224,1.7519510271087413,0.016767417635497637,107.59872434463156,0.020340586733676527,3.286486186600864e-09,COMPLETE
702,0.0446,0.02411702968245563,7.428833569420627,9.47835620413639,3226.182741211103,186.9306125540257,0.029894407935772343,9.568348606324787e-10,COMPLETE
703,0.06475,0.3475574495032673,5.222006085429418,1.4340837999230842,3107.1103012488666,546.754814234046,12.491315660805293,3.787929895519139e-07,COMPLETE
704,0.08465,0.4794135604206575,3.7523591558107,2.2991799521485987,0.016767417635497637,186.9306125540257,3.6008094906658137,1.7411112824373338e-14,COMPLETE
705,0.08575,0.4769067385145144,4.958426658725357,6.875144787901625,0.18468504546596953,0.1013397086496358,3.6008094906658137,9.315383284712006e-13,COMPLETE
706,0.0743,0.48357808352858256,5.454740959534136,2.2991799521485987,24.004391834680227,110.16646134717259,0.16790396698196025,9.152354487403374e-07,COMPLETE
707,0.0577,0.47549177942089665,6.655421352222268,1.7519510271087413,1845.644422733216,51.0531204742495,0.764092524644605,3.407169759582504e-13,COMPLETE
708,0.0443,0.22732061786282684,5.719667260978259,1.0659878282717528,208.22607295194175,130.35892220229573,80.74370165856052,1.6894010759859846e-13,COMPLETE
709,0.07345,0.515051168970202,2.705037410432543,8.359124144204223,0.4634053899763641,186.9306125540257,0.0247605531247782,3.0541645143911065e-11,COMPLETE
710,0.05165,0.3859373582343868,4.958426658725357,1.4234508712843703,0.33899932252483383,0.5218478141839406,0.0247605531247782,7.780978646363174e-14,COMPLETE
711,0.08345,0.49942175910379727,3.7523591558107,2.2991799521485987,0.016767417635497637,110.16646134717259,3.6008094906658137,3.0541645143911065e-11,COMPLETE
712,0.0856,0.6141600133038735,4.958426658725357,8.359124144204223,0.4634053899763641,5.054984284069897,3.6008094906658137,1.6894010759859846e-13,COMPLETE
713,0.0991,0.6001053912506733,3.046425174476959,8.359124144204223,1.3374981934556878,4.703038707832875,0.6108657231284711,2.450464818207948e-13,COMPLETE
714,0.0711,0.4248037504456529,6.943625321882633,1.783805364054492,0.039795245467244764,6.297650324316545,0.0647822925310974,5.034711660071739e-13,COMPLETE
715,0.0628,0.4013931138949568,4.958426658725357,3.3801923275388828,104.61067826393281,7.702493440371241,37.73689435060112,4.737310773437738e-10,COMPLETE
716,0.06325,0.27715391638713005,4.3548083271808515,1.3526137167003873,12.412723646412944,107.59872434463156,34.574222073764446,3.649569116806477e-06,COMPLETE
717,0.0686,0.39934824825910775,3.7523591558107,1.3526137167003873,23.082448543212173,0.021875706805845035,34.574222073764446,9.568348606324787e-10,COMPLETE
718,0.07105,0.44621534513951056,7.051402036894628,5.027011330668697,0.6975592224319972,51.0531204742495,0.01984553134518119,8.720647859508846e-11,COMPLETE
719,0.09215,0.6477997225461622,5.633083399427747,8.617728126802856,0.016767417635497637,546.754814234046,12.491315660805293,1.7411112824373338e-14,COMPLETE
720,0.10445,0.7624868343948621,5.719667260978259,6.875144787901625,208.22607295194175,0.009707433566872849,0.023189147228347615,3.787929895519139e-07,COMPLETE
721,0.0588,0.3083509388122296,4.3548083271808515,1.7519510271087413,0.4634053899763641,0.010168618128053657,0.764092524644605,3.286486186600864e-09,COMPLETE
722,0.10035,0.4469665526658289,0.9923661559186289,5.751620494688234,0.6975592224319972,0.004569612957571183,0.01777158201797886,8.720647859508846e-11,COMPLETE
723,0.08205,0.5219888183007919,5.719667260978259,6.875144787901625,208.22607295194175,16.977499148669867,34.574222073764446,3.649569116806477e-06,COMPLETE
724,0.0714,0.05955735413152039,7.296565715563787,6.641926976422129,0.18468504546596953,1.5630282565660134,0.01777158201797886,0.0002543493353976778,COMPLETE
725,0.0679,0.2839445834011891,3.046425174476959,1.7519510271087413,1.8442663426239594,0.12356704687940531,0.03274004405219608,1.621364679176634e-08,COMPLETE
726,0.05815,0.3181611812753266,5.633083399427747,1.0726049388472807,20.14254886307457,51.0531204742495,0.06896807247569771,3.787929895519139e-07,COMPLETE
727,0.0719,0.46437815866644405,7.051402036894628,2.8036597183497527,0.1784805460542277,808.8074973688359,0.01777158201797886,1.9043961097477443e-12,COMPLETE
728,0.07765,0.5034884830415828,4.958426658725357,3.082249516174237,0.05477176214861042,186.9306125540257,0.0247605531247782,7.242135537625552e-11,COMPLETE
729,0.04455,0.2901343866047813,3.0455122299916,1.0726049388472807,0.07261268023359602,51.0531204742495,0.037145330599528494,5.521087576123659e-10,COMPLETE
730,0.07995,0.5771008994284693,7.296565715563787,6.641926976422129,691.8666606952439,107.59872434463156,34.574222073764446,3.286486186600864e-09,COMPLETE
731,0.0532,0.33715167145485225,7.051402036894628,1.2997368745646833,0.0806724837212131,186.9306125540257,12.491315660805293,1.9043961097477443e-12,COMPLETE
732,0.0478,0.2508668022418218,4.3548083271808515,1.3526137167003873,0.014451086031266984,107.59872434463156,34.574222073764446,3.649569116806477e-06,COMPLETE
733,0.0759,0.4501685505831523,6.885298092346967,2.2991799521485987,0.016767417635497637,546.754814234046,67.3480431143814,1.7411112824373338e-14,COMPLETE
734,0.07645,0.43815934159971986,6.485051657135356,1.9397751571919686,0.06483803734091015,4.703038707832875,0.027371668774221813,9.429527923787952e-09,COMPLETE
735,0.0548,0.39825614123282255,7.002442424298846,1.3526137167003873,0.019607071158490193,107.59872434463156,1.4298640803911997,3.286486186600864e-09,COMPLETE
736,0.0731,0.5357726615502348,4.924393805783297,3.3801923275388828,79.56289996407236,0.5362196401258538,3.6008094906658137,4.737310773437738e-10,COMPLETE
737,0.0738,0.6299112751269595,2.174762538002772,5.751620494688234,4109.907502881502,4.711560334982923,14.732118064935978,3.407169759582504e-13,COMPLETE
738,0.06445,0.5712131151599781,4.335111916469993,2.5118580794078285,2661.553121751245,1.2594502646806938,17.543999742650467,7.242135537625552e-11,COMPLETE
739,0.0479,0.30111979187771126,5.989976616159035,1.7519510271087413,0.016767417635497637,5.054984284069897,76.57127726580364,1.7411112824373338e-14,COMPLETE
740,0.0915,0.5741980746912327,4.3548083271808515,8.660710108077945,5.477526091354363,73.96335004778312,34.574222073764446,3.286486186600864e-09,COMPLETE
741,0.0805,0.4294910128559518,4.17291485968679,4.6814258240363635,0.07261268023359602,0.3710234766141632,80.46577679760097,3.649569116806477e-06,COMPLETE
742,0.0478,0.252578511434805,7.051402036894628,1.0726049388472807,0.016767417635497637,110.16646134717259,12.491315660805293,1.7411112824373338e-14,COMPLETE
743,0.067,0.5632164394938419,3.7523591558107,3.3801923275388828,104.61067826393281,657.7688180604079,80.46577679760097,3.649569116806477e-06,COMPLETE
744,0.0884,0.5668630581889489,2.056316300425298,5.5167680669010615,1.8442663426239594,4.006173959705789,0.015894394601643602,5.432263014140687e-13,COMPLETE
745,0.06605,0.48843886257092956,7.296565715563787,1.7519510271087413,58.120973670222,0.12480776742786713,0.01777158201797886,1.621364679176634e-08,COMPLETE
746,0.08285,0.7052310201639298,6.943625321882633,5.751620494688234,0.016767417635497637,546.754814234046,14.732118064935978,3.0092675819548274e-09,COMPLETE
747,0.1172,0.6737406803455186,5.719667260978259,6.875144787901625,208.22607295194175,0.1013397086496358,0.01777158201797886,3.787929895519139e-07,COMPLETE
748,0.07115,0.4786537929166049,4.958426658725357,4.6814258240363635,0.18468504546596953,5.421542884810628,12.491315660805293,3.811801850956625e-07,COMPLETE
749,0.0935,0.569164020620547,3.7523591558107,3.3801923275388828,626.9628355422188,0.021875706805845035,94.45626116932038,3.649569116806477e-06,COMPLETE
750,0.0459,0.23073652288950347,3.0455122299916,1.3526137167003873,0.4634053899763641,159.18416046857251,34.574222073764446,3.940696606650611e-07,COMPLETE
751,0.08835,0.37641114559055466,5.719667260978259,6.875144787901625,0.016767417635497637,0.009707433566872849,0.023189147228347615,3.787929895519139e-07,COMPLETE
752,0.08675,0.4998195664323561,4.958426658725357,8.359124144204223,0.4634053899763641,0.5362196401258538,3.6008094906658137,4.737310773437738e-10,COMPLETE
753,0.08645,0.6026961915051892,3.7523591558107,9.47835620413639,0.6975592224319972,17.665422641370547,0.01777158201797886,8.720647859508846e-11,COMPLETE
754,0.0662,0.40597017376709543,4.4018861607917925,1.9188606278664637,20.14254886307457,51.0531204742495,4.199554630202121,3.590715688740197e-11,COMPLETE
755,0.09795,0.5457223550039093,4.958426658725357,8.359124144204223,0.4634053899763641,6.183050066840282,8.454540399849332,4.3883375142816094e-14,COMPLETE
756,0.05395,0.32690117135269803,4.958426658725357,1.4234508712843703,104.61067826393281,0.3243301944137198,1.4298640803911997,4.737310773437738e-10,COMPLETE
757,0.08095,0.6224189391657986,4.335111916469993,8.359124144204223,5.160068849740023,186.9306125540257,17.543999742650467,1.7411112824373338e-14,COMPLETE
758,0.07525,0.4026951496147904,6.943625321882633,1.9700256009424664,1.8442663426239594,4.006173959705789,0.764092524644605,3.402471518813307e-13,COMPLETE
759,0.0501,0.2540617151001286,4.3548083271808515,1.3526137167003873,0.019607071158490193,107.59872434463156,34.574222073764446,1.9043961097477443e-12,COMPLETE
760,0.0939,0.594591009639341,4.3548083271808515,8.528259812725711,0.06483803734091015,107.59872434463156,34.574222073764446,3.286486186600864e-09,COMPLETE
761,0.0669,0.3898409136826535,7.296565715563787,1.783805364054492,0.024079476033887815,6.297650324316545,0.01777158201797886,8.720647859508846e-11,COMPLETE
762,0.0524,0.284741556268151,4.3548083271808515,1.3526137167003873,12.412723646412944,107.59872434463156,17.543999742650467,7.242135537625552e-11,COMPLETE
763,0.0508,0.31770010322779874,4.958426658725357,1.2997368745646833,0.18468504546596953,186.9306125540257,0.0247605531247782,3.286486186600864e-09,COMPLETE
764,0.0645,0.5479414131307833,6.655421352222268,5.113119572952756,1.0946066447217027,0.027342365558740894,12.491315660805293,2.013186121683812e-08,COMPLETE
765,0.067,0.35075727756597236,3.999286460242423,1.3526137167003873,0.8742307522813463,55.29124057933768,1.4298640803911997,4.2492945351362414e-11,COMPLETE
766,0.1056,0.5984158079250922,6.103623020551158,8.528259812725711,0.06483803734091015,0.18963702738854007,0.027371668774221813,2.450464818207948e-13,COMPLETE
767,0.078,0.6639609258733814,4.958426658725357,8.359124144204223,0.4634053899763641,22.523517054680845,3.6008094906658137,3.0541645143911065e-11,COMPLETE
768,0.10065,0.6246305856018134,6.103623020551158,3.3801923275388828,1925.2380929054996,0.3710234766141632,19.585216550898043,3.649569116806477e-06,COMPLETE
769,0.0944,0.7342317221084158,5.719667260978259,6.875144787901625,208.22607295194175,0.3948992832762138,0.04989504186148276,2.013186121683812e-08,COMPLETE
770,0.0671,0.38545524525062463,4.958426658725357,1.3526137167003873,0.18468504546596953,186.9306125540257,3.6008094906658137,3.286486186600864e-09,COMPLETE
771,0.05845,0.37877503043373617,5.686980021608849,2.5118580794078285,0.019607071158490193,0.08461218904615202,1.4298640803911997,2.1811143402963018e-10,COMPLETE
772,0.0662,0.4650850261618787,6.103623020551158,1.783805364054492,0.039795245467244764,6.297650324316545,0.0647822925310974,4.3883375142816094e-14,COMPLETE
773,0.09615,0.5084214196240981,2.4570783739325743,5.113119572952756,0.07261268023359602,51.0531204742495,12.491315660805293,6.349226914310599e-07,COMPLETE
774,0.10275,0.796206040817056,6.485051657135356,7.034025631242198,936.9885478266519,0.5218478141839406,1.4298640803911997,1.7411112824373338e-14,COMPLETE
775,0.0549,0.39260700092249606,7.296565715563787,2.2991799521485987,0.016767417635497637,546.754814234046,0.16561793216939094,3.286486186600864e-09,COMPLETE
776,0.0729,0.41740801403143096,7.051402036894628,2.8034123264003057,0.6975592224319972,546.754814234046,0.16052296825627121,8.720647859508846e-11,COMPLETE
777,0.07175,0.5678033112122349,4.3548083271808515,2.138236922105847,2661.553121751245,1.2594502646806938,34.574222073764446,7.242135537625552e-11,COMPLETE
778,0.09045,0.7239531832278353,4.552813390321045,9.47835620413639,23.082448543212173,0.021875706805845035,94.45626116932038,9.568348606324787e-10,COMPLETE
779,0.0621,0.34098286181269916,3.211828524941016,2.169886995805713,0.016767417635497637,5.054984284069897,3.6008094906658137,1.6894010759859846e-13,COMPLETE
780,0.079,0.5534129279791176,4.958426658725357,3.3801923275388828,104.61067826393281,0.5362196401258538,3.6008094906658137,4.737310773437738e-10,COMPLETE
781,0.07845,0.5079796298576691,7.051402036894628,2.8034123264003057,0.6975592224319972,546.754814234046,3.6008094906658137,1.7411112824373338e-14,COMPLETE
782,0.05725,0.22937530669523798,4.3548083271808515,1.3526137167003873,0.4634053899763641,0.1013397086496358,34.574222073764446,3.787929895519139e-07,COMPLETE
783,0.0645,0.17646367751569225,3.046425174476959,1.0475656782585803,1.8442663426239594,4.703038707832875,76.57127726580364,1.621364679176634e-08,COMPLETE
784,0.06255,0.6253243357726443,6.655421352222268,6.875144787901625,1.0946066447217027,0.1013397086496358,0.04989504186148276,3.787929895519139e-07,COMPLETE
785,0.0753,0.4638191568725575,7.051402036894628,2.2991799521485987,19.812379936255955,0.09033414882545628,86.17347937951276,1.0322038421482684e-13,COMPLETE
786,0.05105,0.39911554897726415,5.633083399427747,1.9370537087438828,1.4298076118067742,51.0531204742495,5.192615578479196,5.521087576123659e-10,COMPLETE
787,0.0924,0.6216749316374595,3.0455122299916,6.861265937047631,2.038559016811463,51.0531204742495,5.192615578479196,3.940696606650611e-07,COMPLETE
788,0.0904,0.4506935108904837,0.6468082254249904,3.1788912454430323,2661.553121751245,1.2594502646806938,0.5583788395632069,7.242135537625552e-11,COMPLETE
789,0.0659,0.3228454447478205,7.051402036894628,2.2991799521485987,0.016767417635497637,0.3710234766141632,80.46577679760097,3.649569116806477e-06,COMPLETE
790,0.05875,0.3763015698306766,3.7523591558107,1.8679223884519711,48.79615570788893,159.76711419446772,2.606433764399818,3.940696606650611e-07,COMPLETE
791,0.0353,0.3151468918876615,5.719667260978259,2.2991799521485987,0.016767417635497637,110.16646134717259,0.01777158201797886,9.787752692175531e-12,COMPLETE
792,0.05195,0.32509981854890546,4.797597292147365,1.9370537087438828,1.8442663426239594,5.054984284069897,76.57127726580364,1.6894010759859846e-13,COMPLETE
793,0.06035,0.4208031953640587,5.633083399427747,1.9370537087438828,20.14254886307457,51.0531204742495,0.06896807247569771,3.787929895519139e-07,COMPLETE
794,0.06075,0.3978271849688608,4.7693847738739406,1.4234508712843703,0.016767417635497637,110.16646134717259,1.4298640803911997,1.7411112824373338e-14,COMPLETE
795,0.06305,0.5737740628378565,6.655421352222268,2.7198247517129923,0.016767417635497637,51.0531204742495,2.606433764399818,6.338054654029837e-09,COMPLETE
796,0.05315,0.2483536841696774,4.958426658725357,1.0726049388472807,0.4634053899763641,51.0531204742495,5.192615578479196,5.521087576123659e-10,COMPLETE
797,0.0545,0.2237721264608006,3.0455122299916,1.0726049388472807,0.07261268023359602,51.0531204742495,5.192615578479196,5.521087576123659e-10,COMPLETE
798,0.0658,0.42494078669566215,7.051402036894628,1.7519510271087413,0.6975592224319972,4.006173959705789,0.01777158201797886,1.1865762403164725e-13,COMPLETE
799,0.08735,0.5963030505063627,5.019945982552374,8.528259812725711,20.14254886307457,4.703038707832875,0.06896807247569771,3.787929895519139e-07,COMPLETE
800,0.0571,0.33265270669386254,3.046425174476959,1.7519510271087413,2.2337001561148564,0.05685802257194423,0.764092524644605,2.450464818207948e-13,COMPLETE
801,0.0364,0.22955703217703036,4.653916869245234,1.0726049388472807,12.412723646412944,51.0531204742495,5.192615578479196,5.521087576123659e-10,COMPLETE
802,0.0778,0.5706685117786898,1.1759058879199127,6.696081753409979,0.6975592224319972,546.754814234046,12.491315660805293,5.55775070096848e-10,COMPLETE
803,0.07155,0.15789112468951097,6.485051657135356,1.7519510271087413,1.8442663426239594,4.703038707832875,1.4298640803911997,0.0004587713711033813,COMPLETE
804,0.0588,0.3404096150354815,4.3548083271808515,1.8252594866665723,0.19816747672742144,107.59872434463156,14.732118064935978,3.286486186600864e-09,COMPLETE
805,0.05085,0.2964855810702883,4.958426658725357,1.0726049388472807,0.18468504546596953,546.754814234046,3.6008094906658137,1.7411112824373338e-14,COMPLETE
806,0.08625,0.2815694757007276,6.7627207505695575,8.359124144204223,0.4634053899763641,0.17740617781052795,12.491315660805293,2.2255557834536047e-05,COMPLETE
807,0.07835,0.5023355388324686,3.0455122299916,6.641926976422129,0.6975592224319972,0.12480776742786713,5.192615578479196,8.720647859508846e-11,COMPLETE
808,0.10605,0.7067489482582006,5.719667260978259,6.875144787901625,208.22607295194175,0.06271631336554626,0.01100114671654725,3.787929895519139e-07,COMPLETE
809,0.08075,0.5908268696359582,6.655421352222268,4.6814258240363635,0.07261268023359602,51.0531204742495,17.543999742650467,7.242135537625552e-11,COMPLETE
810,0.05625,0.3732380013927846,7.051402036894628,1.3526137167003873,12.412723646412944,107.59872434463156,0.16561793216939094,3.286486186600864e-09,COMPLETE
811,0.06005,0.3487741691918979,4.3548083271808515,1.7519510271087413,0.4634053899763641,0.08777741099799043,0.020340586733676527,3.286486186600864e-09,COMPLETE
812,0.0804,0.3097623027704154,6.943625321882633,1.5440639780321583,2281.604868528627,41.5736609283715,0.764092524644605,1.628664357167257e-07,COMPLETE
813,0.08625,0.5240755624166128,4.3548083271808515,4.56705320608154,0.07261268023359602,51.0531204742495,34.574222073764446,3.649569116806477e-06,COMPLETE
814,0.10305,0.6207011350667349,4.958426658725357,8.359124144204223,0.05477176214861042,0.08777741099799043,0.016208672232239565,3.0541645143911065e-11,COMPLETE
815,0.0767,0.5340872986733873,6.103623020551158,5.751620494688234,0.016767417635497637,6.297650324316545,14.732118064935978,1.9918408020652964e-14,COMPLETE
816,0.0497,0.4292106814336753,7.371731789186595,3.3801923275388828,1.8278642465471888,2.0518583729409148,80.46577679760097,5.521087576123659e-10,COMPLETE
817,0.0732,0.17978528801273325,5.719667260978259,1.7519510271087413,1.8442663426239594,0.1013397086496358,0.06896807247569771,7.291044617218847e-06,COMPLETE
818,0.04765,0.3170728586705793,6.103623020551158,1.783805364054492,0.039795245467244764,51.0531204742495,55.920996573471015,4.3883375142816094e-14,COMPLETE
819,0.06185,0.42569376247659313,5.633083399427747,1.9370537087438828,20.14254886307457,51.0531204742495,0.06896807247569771,1.120474999009459e-13,COMPLETE
820,0.0481,0.2741061656738555,7.299744542030595,1.492608267698936,0.07261268023359602,0.07657027093292927,5.192615578479196,1.9043961097477443e-12,COMPLETE
821,0.0826,0.5585182849815759,4.029088236738399,6.314443290632456,0.05477176214861042,0.08777741099799043,0.020340586733676527,3.787929895519139e-07,COMPLETE
822,0.07515,0.4720580763228938,4.797597292147365,4.6814258240363635,1.8442663426239594,2.7055930877735976,12.491315660805293,1.6894010759859846e-13,COMPLETE
823,0.06495,0.4505972859950569,4.3548083271808515,2.4424962701434825,0.7906314489555125,107.59872434463156,5.612803760053722,1.7411112824373338e-14,COMPLETE
824,0.0832,0.6248518062430063,4.958426658725357,8.359124144204223,0.4634053899763641,186.9306125540257,3.6008094906658137,3.0541645143911065e-11,COMPLETE
825,0.0588,0.3463704007440133,6.441782847931022,1.7519510271087413,1.8442663426239594,4.006173959705789,0.764092524644605,3.407169759582504e-13,COMPLETE
826,0.06775,0.3304498575615245,3.7523591558107,1.3526137167003873,12.412723646412944,490.51787937333165,2.606433764399818,3.649569116806477e-06,COMPLETE
827,0.0502,0.27821606371485086,3.570790721323194,1.0726049388472807,0.07261268023359602,51.0531204742495,0.037145330599528494,3.940696606650611e-07,COMPLETE
828,0.1021,0.545095605171554,1.0259334229668196,8.741900816624833,208.22607295194175,0.009707433566872849,0.03600742006897419,3.787929895519139e-07,COMPLETE
829,0.08835,0.10863583702116998,3.046425174476959,3.469234980735601,1.8442663426239594,0.17740617781052795,2.5484053364548584,0.0016604800433285792,COMPLETE
830,0.0811,0.30155631750859113,3.046425174476959,1.7519510271087413,1.8442663426239594,51.0531204742495,12.491315660805293,1.621364679176634e-08,COMPLETE
831,0.06345,0.3372419198336391,6.943625321882633,1.2421331378098548,0.016767417635497637,499.17852383685954,3.6008094906658137,3.407169759582504e-13,COMPLETE
832,0.11245,0.6869600634611476,4.335111916469993,9.369958274526958,208.22607295194175,0.1013397086496358,0.01777158201797886,7.242135537625552e-11,COMPLETE
833,0.11205,0.289310970016481,6.103623020551158,3.3801923275388828,104.61067826393281,0.004569612957571183,14.732118064935978,3.649569116806477e-06,COMPLETE
834,0.0683,0.49931729838191385,3.7523591558107,2.8036597183497527,0.016767417635497637,808.8074973688359,12.491315660805293,1.9043961097477443e-12,COMPLETE
835,0.07895,0.5159193479735994,4.707694731652751,6.875144787901625,0.21068030120772424,0.1013397086496358,0.11060646004395691,1.6894010759859846e-13,COMPLETE
836,0.05885,0.42669683350115456,4.958426658725357,3.812714163562798,0.07261268023359602,1.5630282565660134,94.9812382601241,1.4411310191528362e-14,COMPLETE
837,0.0995,0.787201582226416,7.051402036894628,6.875144787901625,123.52077947060401,0.06857317261521613,0.11060646004395691,1.6894010759859846e-13,COMPLETE
838,0.07225,0.4225527415059745,3.999286460242423,2.8036597183497527,0.019607071158490193,107.59872434463156,34.574222073764446,6.338054654029837e-09,COMPLETE
839,0.07155,0.6036969389927507,6.103623020551158,8.528259812725711,0.06483803734091015,0.08777741099799043,0.06896807247569771,2.450464818207948e-13,COMPLETE
