number,values_0,values_1,params_delta_deg,params_gamma,params_lambda1,params_lambda2,params_lambda3,params_lambda4,state
1814,0.09985,0.7180900686647069,4.335111916469993,8.33604695260721,2661.553121751245,1.2594502646806938,17.543999742650467,1.1401032479937693e-05,COMPLETE
1815,0.0611,0.3038695858145473,5.439590829177734,1.2997368745646833,7.242489780739193,0.047570004104159534,15.917389083265357,4.2390887748972734e-07,COMPLETE
1816,0.08985,0.6461712284733632,4.335111916469993,8.33604695260721,0.4634053899763641,186.9306125540257,3.6008094906658137,1.9725506286892827e-05,COMPLETE
1817,0.12605,0.5396528717797238,4.958426658725357,3.8911651451248765,7720.774364052719,1.5630282565660134,0.01777158201797886,3.787929895519139e-07,COMPLETE
1818,0.0998,0.49208125982314904,2.6485056017182735,1.5094425833581544,208.22607295194175,0.009707433566872849,0.010490863545892863,3.407169759582504e-13,COMPLETE
1819,0.05605,0.30442157805248243,3.0455122299916,1.7519510271087413,0.07261268023359602,4.006173959705789,8.213868348493142,5.521087576123659e-10,COMPLETE
1820,0.0997,0.6453819216642002,4.958426658725357,8.359124144204223,1145.5352099975437,51.0531204742495,4.230818933588808,3.649569116806477e-06,COMPLETE
1821,0.08865,0.6032019575273461,3.0455122299916,8.938173732838814,1.8442663426239594,51.0531204742495,5.192615578479196,5.521087576123659e-10,COMPLETE
1822,0.0412,0.2515173156826793,4.653916869245234,1.0726049388472807,12.412723646412944,51.0531204742495,5.192615578479196,5.521087576123659e-10,COMPLETE
1823,0.0762,0.11823628036489424,4.797597292147365,1.7519510271087413,1.8442663426239594,0.047570004104159534,0.764092524644605,4.2697825180695714e-05,COMPLETE
1824,0.072,0.3505917199436755,4.958426658725357,1.3526137167003873,0.4634053899763641,186.9306125540257,3.6008094906658137,3.649569116806477e-06,COMPLETE
1825,0.07965,0.3981359636985178,0.1355474210586105,4.162682992956468,3090.9457533461396,0.047570004104159534,5.192615578479196,5.521087576123659e-10,COMPLETE
1826,0.08435,0.5562690885344823,4.050574348074197,5.751620494688234,0.07261268023359602,107.59872434463156,34.574222073764446,3.0541645143911065e-11,COMPLETE
1827,0.06585,0.6433143468696706,6.57238989727827,5.517077749628653,0.06324086317836522,186.9306125540257,3.6008094906658137,3.0541645143911065e-11,COMPLETE
1828,0.06545,0.5049554093082488,5.686980021608849,6.875144787901625,0.25171018513732496,3.858204027730059,59.2437895529571,3.649569116806477e-06,COMPLETE
1829,0.1074,0.7794977177976472,4.958426658725357,9.890916012877245,208.22607295194175,0.047570004104159534,3.6008094906658137,3.407169759582504e-13,COMPLETE
1830,0.05435,0.2310304756669803,4.958426658725357,1.2997368745646833,60.55585205001289,1.2594502646806938,64.89518682810233,3.811801850956625e-07,COMPLETE
1831,0.08585,0.46124364337147644,2.8467952672042545,8.359124144204223,0.2674028685851314,0.01687523773573245,80.46577679760097,1.5335060532903536e-12,COMPLETE
1832,0.12185,0.7858539572789361,4.958426658725357,9.890916012877245,3090.9457533461396,0.047570004104159534,0.04082369646290137,3.649569116806477e-06,COMPLETE
1833,0.04595,0.17947032731691764,3.0455122299916,1.0726049388472807,0.07261268023359602,51.0531204742495,86.51858638636354,1.1575035403266996e-07,COMPLETE
1834,0.10865,0.6277973502916588,2.8467952672042545,8.359124144204223,12.412723646412944,51.0531204742495,0.044516516205707415,1.5335060532903536e-12,COMPLETE
1835,0.06305,0.09596043232816422,5.719667260978259,6.875144787901625,208.22607295194175,4.006173959705789,0.010490863545892863,3.787929895519139e-07,COMPLETE
1836,0.06805,0.29867269015223535,2.1618958610840515,1.7519510271087413,1.8442663426239594,186.9306125540257,38.968428615196956,1.621364679176634e-08,COMPLETE
1837,0.0571,0.3405630681466066,4.958426658725357,1.7793843271580778,0.4634053899763641,523.417311695384,0.4610037058366123,3.787929895519139e-07,COMPLETE
1838,0.08455,0.426070731024377,4.958426658725357,2.6338329439397503,208.22607295194175,1.5630282565660134,3.6008094906658137,3.0541645143911065e-11,COMPLETE
1839,0.0644,0.48488783929695556,7.051402036894628,4.039570563475777,0.4634053899763641,0.06857317261521613,1.3944102398625915,1.064198737439203e-09,COMPLETE
1840,0.04555,0.3219722870662561,7.081965798134031,1.662953722402111,0.4634053899763641,51.0531204742495,34.574222073764446,5.521087576123659e-10,COMPLETE
1841,0.0774,0.5429544425336987,7.051402036894628,7.8078637347278095,0.1784805460542277,0.01439612764471427,0.19027069350386352,1.9043961097477443e-12,COMPLETE
1842,0.07075,0.4259686635216376,7.051402036894628,1.7519510271087413,208.22607295194175,168.65252268697844,0.49106969850296894,5.314026320276268e-08,COMPLETE
1843,0.1323,0.8474024504864556,4.958426658725357,8.359124144204223,3090.9457533461396,0.047570004104159534,0.04082369646290137,1.9897264125379086e-06,COMPLETE
1844,0.06205,0.36930801915423495,6.332900071710462,1.3526137167003873,12.412723646412944,523.417311695384,8.80975868516661,3.407169759582504e-13,COMPLETE
1845,0.1209,0.7733461878456246,6.943625321882633,5.751620494688234,3090.9457533461396,0.08755680934938086,0.49106969850296894,5.314026320276268e-08,COMPLETE
1846,0.0756,0.2796049787915825,5.439590829177734,7.242098619980624,0.4634053899763641,0.047570004104159534,0.04082369646290137,3.649569116806477e-06,COMPLETE
1847,0.0609,0.38177656661013787,7.175383606773682,2.2991799521485987,0.016767417635497637,0.047570004104159534,0.7507462275986648,9.787752692175531e-12,COMPLETE
1848,0.08435,0.5248868912489231,2.941828619276936,4.792363523948435,1.8442663426239594,0.06857317261521613,0.11060646004395691,3.407169759582504e-13,COMPLETE
1849,0.07135,0.4457632435458045,5.719667260978259,3.1788912454430323,42.808132883059486,1.2594502646806938,17.543999742650467,9.787752692175531e-12,COMPLETE
1850,0.07445,0.29118122681922187,4.335111916469993,8.33604695260721,963.5874667665109,546.754814234046,2.4710813083340644,0.0009411872169128287,COMPLETE
1851,0.0866,0.3449628572873617,4.958426658725357,8.741900816624833,208.22607295194175,25.12185899675293,0.04529608412297882,3.649569116806477e-06,COMPLETE
1852,0.09225,0.6360131007796055,4.653916869245234,7.242098619980624,0.4634053899763641,186.9306125540257,0.02493785897151178,5.521087576123659e-10,COMPLETE
1853,0.0973,0.6894407527273911,5.719667260978259,8.359124144204223,10.031596592582707,186.9306125540257,3.6008094906658137,3.787929895519139e-07,COMPLETE
1854,0.07025,0.5814739711187279,5.8080659226604965,9.890916012877245,0.016767417635497637,0.10539484843766883,0.764092524644605,3.407169759582504e-13,COMPLETE
1855,0.05615,0.4530930413421883,6.103623020551158,3.8374068929026808,1.8442663426239594,4.006173959705789,80.46577679760097,3.649569116806477e-06,COMPLETE
1856,0.0596,0.27729960137927384,7.051402036894628,1.2139719592310083,0.016767417635497637,0.08755680934938086,0.01777158201797886,5.314026320276268e-08,COMPLETE
1857,0.0981,0.6199911005131772,6.351039989269435,2.2991799521485987,12.412723646412944,0.0014363136173853887,2.606433764399818,3.0541645143911065e-11,COMPLETE
1858,0.06725,0.4756819729436926,3.7523591558107,2.2991799521485987,1.8442663426239594,168.65252268697844,2.606433764399818,3.9694167750317793e-10,COMPLETE
1859,0.0735,0.5513931473754061,3.046425174476959,6.169735386811497,208.22607295194175,4.703038707832875,3.6008094906658137,5.314026320276268e-08,COMPLETE
1860,0.0861,0.6170417904092377,5.686980021608849,8.741900816624833,0.026752069301225964,0.06857317261521613,0.04529608412297882,2.1811143402963018e-10,COMPLETE
1861,0.07495,0.4869685529285462,6.103623020551158,2.2991799521485987,104.61067826393281,0.3710234766141632,0.5202235225037772,3.649569116806477e-06,COMPLETE
1862,0.08775,0.5310839591279166,3.046425174476959,7.8078637347278095,0.4634053899763641,4.703038707832875,3.6008094906658137,3.0541645143911065e-11,COMPLETE
1863,0.0454,0.3699635163096032,4.3548083271808515,1.3526137167003873,12.412723646412944,107.59872434463156,3.6008094906658137,3.649569116806477e-06,COMPLETE
1864,0.0725,0.47278366150336726,6.103623020551158,3.3801923275388828,104.61067826393281,1.8677482342748142,80.46577679760097,3.649569116806477e-06,COMPLETE
1865,0.08205,0.6941591383224336,7.051402036894628,8.359124144204223,123.52077947060401,1.5630282565660134,0.11060646004395691,1.6894010759859846e-13,COMPLETE
1866,0.0975,0.8048780440846415,6.943625321882633,5.137873631182713,3090.9457533461396,0.009707433566872849,0.010490863545892863,3.787929895519139e-07,COMPLETE
1867,0.1003,0.6749822988148413,5.439590829177734,5.751620494688234,3090.9457533461396,0.047570004104159534,14.732118064935978,3.649569116806477e-06,COMPLETE
1868,0.10495,0.5176048002519705,1.5381369989278344,3.9944594338373487,208.22607295194175,0.08755680934938086,0.06939331004656728,5.314026320276268e-08,COMPLETE
1869,0.10615,0.6024204209530789,7.051402036894628,5.533508640521096,0.6975592224319972,546.754814234046,13.083839516640335,1.6894010759859846e-13,COMPLETE
1870,0.056,0.40553820567661886,6.943625321882633,1.5277127386788103,2.2526238626393873,186.9306125540257,0.764092524644605,5.432263014140687e-13,COMPLETE
1871,0.1174,0.8192686564110016,6.943625321882633,8.359124144204223,3090.9457533461396,0.047570004104159534,3.6008094906658137,3.787929895519139e-07,COMPLETE
1872,0.06255,0.3505374895711295,4.958426658725357,2.6338329439397503,0.4634053899763641,546.754814234046,0.010117774078155787,3.0092675819548274e-09,COMPLETE
1873,0.0677,0.3713977452624828,5.719667260978259,2.2363376157314074,0.016767417635497637,0.1013397086496358,0.01777158201797886,3.787929895519139e-07,COMPLETE
1874,0.0789,0.5538906447018821,4.335111916469993,8.33604695260721,123.52077947060401,3.3947544042939533,14.732118064935978,7.242135537625552e-11,COMPLETE
1875,0.0839,0.6626724559929044,4.958426658725357,7.242098619980624,3090.9457533461396,186.9306125540257,34.574222073764446,3.649569116806477e-06,COMPLETE
1876,0.07045,0.19530978925754566,5.719667260978259,2.2071924307697164,123.52077947060401,110.16646134717259,0.01777158201797886,1.6894010759859846e-13,COMPLETE
1877,0.0587,0.3890513110453593,6.943625321882633,2.2991799521485987,0.016767417635497637,0.8224119328314903,2.606433764399818,1.9897264125379086e-06,COMPLETE
1878,0.0674,0.44363180005303265,5.686980021608849,2.5118580794078285,279.7972948646916,186.9306125540257,59.2437895529571,2.1811143402963018e-10,COMPLETE
1879,0.08315,0.7345858372089574,7.051402036894628,3.9944594338373487,208.22607295194175,0.08755680934938086,0.49106969850296894,5.314026320276268e-08,COMPLETE
1880,0.04645,0.3512739175610258,7.051402036894628,1.7519510271087413,1.8442663426239594,4.006173959705789,50.23966440126417,7.666798774734778e-12,COMPLETE
1881,0.0858,0.13777486376088446,4.958426658725357,5.43729076424926,208.22607295194175,3.0366657020768746,0.11060646004395691,0.0002447828566548769,COMPLETE
1882,0.0922,0.6535037589286585,7.051402036894628,8.359124144204223,1.8442663426239594,186.9306125540257,3.6008094906658137,5.432263014140687e-13,COMPLETE
1883,0.0761,0.5368758378249496,6.019990742215804,7.8078637347278095,0.1784805460542277,0.5362196401258538,0.764092524644605,1.9043961097477443e-12,COMPLETE
1884,0.06025,0.3559643455382704,6.103623020551158,3.3801923275388828,0.6975592224319972,85.87632352211756,0.01777158201797886,8.720647859508846e-11,COMPLETE
1885,0.0772,0.4504369791402422,4.335111916469993,1.3526137167003873,2661.553121751245,1.2594502646806938,17.543999742650467,3.407169759582504e-13,COMPLETE
1886,0.05285,0.24041852504772027,4.3548083271808515,1.3526137167003873,0.2202426460397087,107.59872434463156,34.574222073764446,3.649569116806477e-06,COMPLETE
1887,0.0681,0.5150410082302515,4.958426658725357,8.359124144204223,2.2526238626393873,0.1013397086496358,3.6008094906658137,1.6894010759859846e-13,COMPLETE
1888,0.06585,0.3901845525452948,5.989976616159035,1.7519510271087413,208.22607295194175,1.5630282565660134,76.57127726580364,3.787929895519139e-07,COMPLETE
1889,0.10875,0.8129537815793975,7.051402036894628,6.875144787901625,123.52077947060401,0.06857317261521613,0.11060646004395691,1.6894010759859846e-13,COMPLETE
1890,0.0754,0.38908211875858295,6.019990742215804,1.9086386090005782,0.014162338396506723,186.9306125540257,5.087237720624697,3.811801850956625e-07,COMPLETE
1891,0.08335,0.353495959295349,7.371731789186595,3.3801923275388828,1.8278642465471888,2.0518583729409148,2.606433764399818,7.342661663748658e-05,COMPLETE
1892,0.083,0.525549099023292,3.046425174476959,7.318908880495356,1.8442663426239594,4.703038707832875,34.574222073764446,1.9043961097477443e-12,COMPLETE
1893,0.1287,0.8267768284952816,7.051402036894628,9.890916012877245,749.1392132862779,0.047570004104159534,2.8087489248881568,3.9694167750317793e-10,COMPLETE
1894,0.09735,0.6648268341281136,3.00497789743346,5.807765671504575,123.52077947060401,4.006173959705789,0.11060646004395691,3.407169759582504e-13,COMPLETE
1895,0.06245,0.5236704030991873,7.46267807870026,4.466404819470496,1.9562826277387932,2.0518583729409148,4.492000486005937,2.1811143402963018e-10,COMPLETE
1896,0.0489,0.27106301171919406,3.0455122299916,1.0726049388472807,0.07261268023359602,2.1125775637171773,0.010117774078155787,1.6837253299815194e-10,COMPLETE
1897,0.09465,0.8174219517264514,7.491453905458799,6.875144787901625,123.52077947060401,0.06857317261521613,0.11060646004395691,3.787929895519139e-07,COMPLETE
1898,0.0491,0.20084190991542855,3.0455122299916,1.0726049388472807,0.4634053899763641,51.0531204742495,5.192615578479196,5.521087576123659e-10,COMPLETE
1899,0.09605,0.6494375130762062,6.943625321882633,8.33604695260721,3.5198280076439734,117.73617254161356,0.010117774078155787,7.242135537625552e-11,COMPLETE
1900,0.0934,0.6433021563654403,4.958426658725357,8.359124144204223,208.22607295194175,209.3447600378107,3.6008094906658137,3.0541645143911065e-11,COMPLETE
1901,0.13905,0.7692017985012468,7.371731789186595,9.82787628809648,3090.9457533461396,0.047570004104159534,13.289846455066609,5.521087576123659e-10,COMPLETE
1902,0.1044,0.7695440820926,5.439590829177734,9.890916012877245,3090.9457533461396,0.047570004104159534,0.013138165397098459,2.1811143402963018e-10,COMPLETE
1903,0.10495,0.5884899816661944,6.943625321882633,2.9551442959093652,208.22607295194175,0.06857317261521613,0.04529608412297882,4.800885591099991e-06,COMPLETE
1904,0.0781,0.5571023465461529,6.5586794591568465,3.7683594588692926,0.026711212881046432,186.9306125540257,3.6008094906658137,4.451652970879066e-12,COMPLETE
1905,0.10375,0.5979417704951823,4.335111916469993,2.9562031740160917,2990.4460058048235,0.349579660528779,17.543999742650467,1.9043961097477443e-12,COMPLETE
1906,0.0574,0.46688630868503395,0.4615302664116796,7.8078637347278095,1.8442663426239594,0.06857317261521613,14.732118064935978,1.9043961097477443e-12,COMPLETE
1907,0.07405,0.5123365389259743,3.87075339143857,8.359124144204223,0.4634053899763641,0.047570004104159534,3.6008094906658137,3.0541645143911065e-11,COMPLETE
1908,0.0689,0.3539032026660842,3.7523591558107,1.3526137167003873,12.412723646412944,110.16646134717259,2.606433764399818,3.407169759582504e-13,COMPLETE
1909,0.0643,0.2017447957104743,4.3548083271808515,1.3526137167003873,12.412723646412944,1.2594502646806938,34.574222073764446,3.649569116806477e-06,COMPLETE
1910,0.0507,0.3756511160751219,4.335111916469993,2.5118580794078285,0.15275225761364522,3.858204027730059,17.543999742650467,3.811801850956625e-07,COMPLETE
1911,0.0918,0.5022198001466314,3.046425174476959,7.8078637347278095,1.8442663426239594,3.858204027730059,17.543999742650467,1.9043961097477443e-12,COMPLETE
1912,0.1147,0.5176894079597387,6.943625321882633,1.0726049388472807,123.52077947060401,0.0032590159319484022,0.010117774078155787,1.3151185471784672e-14,COMPLETE
1913,0.0795,0.46363815254857255,2.8467952672042545,8.359124144204223,0.4634053899763641,110.16646134717259,0.010810121624027306,1.7411112824373338e-14,COMPLETE
1914,0.0458,0.37337569637475365,4.797597292147365,2.2991799521485987,1.8442663426239594,4.006173959705789,9.862842498681294,3.407169759582504e-13,COMPLETE
1915,0.07435,0.39851180053156726,3.7523591558107,2.2991799521485987,0.016767417635497637,28.268170910369694,2.606433764399818,9.787752692175531e-12,COMPLETE
1916,0.07505,0.431525877804706,1.2076656542784077,3.3801923275388828,12.412723646412944,107.59872434463156,80.46577679760097,6.147047979813801e-12,COMPLETE
1917,0.0749,0.6811376737666298,6.103623020551158,6.181047064025945,104.61067826393281,0.08755680934938086,9.055107979343223,5.314026320276268e-08,COMPLETE
1918,0.0585,0.2544517724708139,5.719667260978259,1.0726049388472807,12.412723646412944,51.0531204742495,0.01777158201797886,3.787929895519139e-07,COMPLETE
1919,0.0916,0.5760974622990866,1.4313660545933904,8.359124144204223,3090.9457533461396,0.004935779780480911,6.543538684936248,5.432263014140687e-13,COMPLETE
1920,0.089,0.4993382984837398,3.046425174476959,7.8078637347278095,1.8442663426239594,3.858204027730059,17.543999742650467,2.1811143402963018e-10,COMPLETE
1921,0.11815,0.7162969688490117,6.103623020551158,8.33604695260721,2661.553121751245,1.2594502646806938,80.46577679760097,3.649569116806477e-06,COMPLETE
1922,0.095,0.6029003283438964,6.57238989727827,5.517077749628653,0.06324086317836522,186.9306125540257,3.6008094906658137,3.0541645143911065e-11,COMPLETE
1923,0.07485,0.5298167244963844,3.046425174476959,7.8078637347278095,1.8442663426239594,0.03892503661341855,3.6008094906658137,1.9043961097477443e-12,COMPLETE
1924,0.1187,0.8078532108482981,5.439590829177734,9.890916012877245,3090.9457533461396,0.001196020279404667,0.04082369646290137,1.9897264125379086e-06,COMPLETE
1925,0.0884,0.6678319738216711,4.958426658725357,5.751620494688234,3090.9457533461396,0.004569612957571183,3.6008094906658137,5.432263014140687e-13,COMPLETE
1926,0.08415,0.3749244579246941,3.7523591558107,8.741900816624833,208.22607295194175,110.16646134717259,0.04529608412297882,1.7411112824373338e-14,COMPLETE
1927,0.08475,0.43885401415814984,4.3548083271808515,1.3526137167003873,12.412723646412944,0.004030644172756327,3.6008094906658137,3.407169759582504e-13,COMPLETE
1928,0.08305,0.49145026757810517,6.103623020551158,3.181540212844584,104.61067826393281,0.3710234766141632,80.46577679760097,3.649569116806477e-06,COMPLETE
1929,0.07015,0.6382660465117098,4.3548083271808515,8.359124144204223,12.412723646412944,51.0531204742495,4.230818933588808,3.649569116806477e-06,COMPLETE
1930,0.07395,0.5656658442939275,6.103623020551158,3.3801923275388828,1.8278642465471888,0.3710234766141632,0.05088415876829443,6.406494048494712e-11,COMPLETE
1931,0.07355,0.48328929507113755,7.296565715563787,6.641926976422129,0.6975592224319972,0.12480776742786713,2.4025020119077043,8.720647859508846e-11,COMPLETE
1932,0.07455,0.5012383780674647,2.8467952672042545,8.359124144204223,0.4634053899763641,1.5636275786230631,73.1341721454972,1.5335060532903536e-12,COMPLETE
1933,0.09,0.6791854402492012,4.958426658725357,8.359124144204223,0.016767417635497637,186.9306125540257,3.6008094906658137,1.7411112824373338e-14,COMPLETE
1934,0.05685,0.24791578286066615,5.642410344581119,1.5293185522789918,12.412723646412944,107.59872434463156,34.574222073764446,3.649569116806477e-06,COMPLETE
1935,0.0732,0.4147138259796334,6.103623020551158,3.3801923275388828,4.116189665793134,0.3710234766141632,34.574222073764446,3.649569116806477e-06,COMPLETE
1936,0.0952,0.1409057942862146,5.686980021608849,8.359124144204223,3090.9457533461396,3.858204027730059,0.04082369646290137,4.331365543927414e-05,COMPLETE
1937,0.0576,0.3793552930912355,6.943625321882633,1.7519510271087413,3.6242710406425727,0.047570004104159534,0.01777158201797886,3.9694167750317793e-10,COMPLETE
1938,0.0927,0.1866337645328781,5.719667260978259,6.875144787901625,7843.277665583187,3.858204027730059,0.010490863545892863,0.00025912018075468325,COMPLETE
1939,0.0707,0.5635562061286713,4.958426658725357,8.359124144204223,1.9562826277387932,3.858204027730059,9.356936383990286,5.432263014140687e-13,COMPLETE
1940,0.05775,0.32805095573381976,4.050574348074197,1.7519510271087413,0.36103332527025184,0.004569612957571183,1.1961286443235215,1.2213728974561164e-14,COMPLETE
1941,0.04685,0.30209111315196036,7.371731789186595,1.2997368745646833,0.014162338396506723,186.9306125540257,13.248331712835379,3.811801850956625e-07,COMPLETE
1942,0.1232,0.7351991990645901,4.958426658725357,8.741900816624833,3090.9457533461396,0.06857317261521613,14.732118064935978,2.2563515925025537e-09,COMPLETE
1943,0.1079,0.7735447218160175,6.943625321882633,8.359124144204223,7251.954070515976,0.047570004104159534,0.04082369646290137,1.2424807895265233e-10,COMPLETE
1944,0.10005,0.8179614291329806,6.943625321882633,5.137873631182713,104.61067826393281,0.009707433566872849,0.010490863545892863,3.787929895519139e-07,COMPLETE
1945,0.05145,0.3205853727835746,7.051402036894628,1.3526137167003873,0.03371935734945801,523.417311695384,34.574222073764446,3.407169759582504e-13,COMPLETE
1946,0.06925,0.3738041065199055,6.103623020551158,2.5118580794078285,1.9562826277387932,3.858204027730059,17.543999742650467,1.677770678119529e-13,COMPLETE
1947,0.07065,0.5154074658100728,4.3548083271808515,6.875144787901625,12.412723646412944,4.780087957857572,0.010490863545892863,3.787929895519139e-07,COMPLETE
1948,0.06865,0.450985774272359,2.8942564700233984,8.741900816624833,208.22607295194175,110.16646134717259,0.04529608412297882,1.5607830226860703e-14,COMPLETE
1949,0.0898,0.6968775161476483,2.8467952672042545,8.359124144204223,3090.9457533461396,51.0531204742495,4.230818933588808,1.5335060532903536e-12,COMPLETE
1950,0.10295,0.623013310321433,2.8467952672042545,8.359124144204223,0.6975592224319972,51.0531204742495,4.230818933588808,2.7307975521061933e-13,COMPLETE
1951,0.0621,0.3536609811444246,3.7523591558107,2.2991799521485987,0.016767417635497637,110.16646134717259,80.46577679760097,1.3221165222656555e-05,COMPLETE
1952,0.1662,0.7684577243976041,5.439590829177734,9.890916012877245,3090.9457533461396,0.0054292269783808985,0.04082369646290137,1.6894010759859846e-13,COMPLETE
