number,values_0,values_1,params_delta_deg,params_gamma,params_lambda1,params_lambda3,state
3808,0.1335,0.864907034474699,7.489439152524652,8.418374689108267,1476.1251734596226,3.646616628444733,COMPLETE
3809,0.1032,0.6164660567053655,7.489439152524652,3.0638630129150126,359.71457230765833,85.44477108279935,COMPLETE
3810,0.11795,0.7587933905625803,7.489439152524652,4.30437344766625,359.71457230765833,0.5305437321475595,COMPLETE
3811,0.142,0.8729264353396978,7.339695485358947,9.988586281068551,1575.9369216711668,4.792699168837896,COMPLETE
3812,0.11105,0.6778616862579685,7.489439152524652,8.418374689108267,0.18757496354022943,0.03535936021385445,COMPLETE
3813,0.072,0.20475921740755024,3.2371772498516345,1.0483882172678727,0.179327356103976,0.030595349341982422,COMPLETE
3814,0.121,0.819571509424734,7.339695485358947,9.988586281068551,153.2860257697558,0.7306953052604724,COMPLETE
3815,0.0989,0.42551516013572044,2.6401036099670443,7.639970758565217,30.54779366423335,11.34645454198699,COMPLETE
3816,0.0741,0.45358828547368085,7.489439152524652,1.0340435745788543,1476.1251734596226,4.792699168837896,COMPLETE
3817,0.10785,0.6576288607150913,5.334411901674462,9.988586281068551,112.323925330586,10.84418492220004,COMPLETE
3818,0.08095,0.38995819656032166,7.362525021640617,3.0156649020845308,0.14095000732375132,0.5985950343657075,COMPLETE
3819,0.08425,0.35709841573303963,7.339695485358947,3.1109816593785697,13.90002302376504,11.34645454198699,COMPLETE
3820,0.10175,0.6814765919318079,7.489439152524652,8.418374689108267,4.6216117253800055,1.3157650113770214,COMPLETE
3821,0.1142,0.7087569213395827,7.489439152524652,7.639970758565217,153.2860257697558,13.737135040054913,COMPLETE
3822,0.08855,0.35009965595624576,7.398979747077997,2.8079176257868736,0.061530195681195304,1.3716760143784998,COMPLETE
3823,0.0811,0.3821382885209664,7.489439152524652,2.112655351760861,0.022872403443138362,0.13391944103899936,COMPLETE
3824,0.11105,0.7362295203598125,7.489439152524652,9.361433107745171,116.68218004772335,18.148707480685825,COMPLETE
3825,0.0666,0.15298563517252656,7.489439152524652,1.1679739768270172,0.019315069618518407,8.051850375562656,COMPLETE
3826,0.09585,0.6380313018455749,7.339695485358947,9.988586281068551,1.258875290527135,3.646616628444733,COMPLETE
3827,0.12595,0.7303552602343555,7.339695485358947,8.60644557768735,359.71457230765833,32.3150245315449,COMPLETE
3828,0.08845,0.5256578204882241,6.8435536313626235,9.988586281068551,2.4792588435669867,44.76380938653201,COMPLETE
3829,0.0611,0.25019614692443304,7.339695485358947,1.1679739768270172,0.295807063735504,0.06973596239586297,COMPLETE
3830,0.12855,0.7287902709634142,7.339695485358947,4.721937340149496,359.71457230765833,0.16473075759885536,COMPLETE
3831,0.10455,0.630620813571141,7.489439152524652,9.91610856462906,0.019315069618518407,2.1102891532478085,COMPLETE
3832,0.09075,0.5711106570180409,7.489439152524652,2.196223273571391,560.4775189597802,1.526275265602974,COMPLETE
3833,0.0771,0.35642586927861636,7.339695485358947,1.039516088364536,359.71457230765833,1.0864194972631505,COMPLETE
3834,0.0862,0.24016877949926815,6.384870990966285,2.169553627688084,0.061530195681195304,2.1102891532478085,COMPLETE
3835,0.07035,0.2121024805671835,7.339695485358947,1.5263825438161032,0.5529959922862323,1.526275265602974,COMPLETE
3836,0.08695,0.3889062439175623,7.398979747077997,1.316252447589793,61.128832411058866,0.030595349341982422,COMPLETE
3837,0.07695,0.38583989000487234,7.339695485358947,2.5929224448570674,0.06611529142219816,0.9091145530763761,COMPLETE
3838,0.1202,0.7666755133824301,7.35983615531899,5.061348409319827,560.4775189597802,1.526275265602974,COMPLETE
3839,0.08525,0.2644032824948646,5.5150049043702545,2.195218904889921,2.4792588435669867,0.2944924768920615,COMPLETE
3840,0.1007,0.5629266263564525,5.334411901674462,9.933529862520766,4.6216117253800055,1.3964044847064154,COMPLETE
3841,0.08975,0.5574515887687839,7.489439152524652,5.061348409319827,0.017944270076093727,2.1102891532478085,COMPLETE
3842,0.12585,0.8613024807336166,7.339695485358947,8.418374689108267,1536.9619855055832,15.436703536221925,COMPLETE
3843,0.0952,0.5492091438313604,7.489439152524652,8.418374689108267,0.011064191135752277,2.1102891532478085,COMPLETE
3844,0.1357,0.649439250786958,2.2468959212184516,9.599481968104127,1476.1251734596226,4.792699168837896,COMPLETE
3845,0.1096,0.6641267528812707,7.489439152524652,6.612639322764853,6.48522403315561,0.3270964342650079,COMPLETE
3846,0.0628,0.22861164570173342,7.489439152524652,1.101211699839688,61.128832411058866,10.475778116839388,COMPLETE
3847,0.11895,0.4429417870682006,1.3061973484727245,9.933529862520766,153.2860257697558,1.526275265602974,COMPLETE
3848,0.1119,0.7242253382240061,7.489439152524652,6.612639322764853,359.71457230765833,4.010674288909624,COMPLETE
3849,0.13665,0.7604638042726884,7.398979747077997,5.073549444172891,3241.592921066852,0.3022463514300426,COMPLETE
3850,0.1212,0.8109131307889473,7.339695485358947,6.612639322764853,359.71457230765833,1.3157650113770214,COMPLETE
3851,0.1179,0.7717637963215465,7.489439152524652,9.988586281068551,112.323925330586,4.792699168837896,COMPLETE
3852,0.09645,0.6092872237025218,7.489439152524652,3.0638630129150126,359.71457230765833,13.737135040054913,COMPLETE
3853,0.0694,0.20206772272350138,7.489439152524652,1.1679739768270172,2.4792588435669867,0.13391944103899936,COMPLETE
3854,0.0887,0.49458108162186093,5.133266532669468,7.451337432117496,0.4111694316312813,4.792699168837896,COMPLETE
3855,0.08135,0.5465980614127913,7.489439152524652,4.101823977297871,6.48522403315561,0.5985950343657075,COMPLETE
3856,0.10795,0.7417096422647698,7.339695485358947,7.639970758565217,153.2860257697558,4.792699168837896,COMPLETE
3857,0.10005,0.6685472579823781,7.339695485358947,7.639970758565217,4.6216117253800055,0.7306953052604724,COMPLETE
3858,0.08835,0.500279981906437,7.2034445873102415,2.195218904889921,359.71457230765833,7.229980871992937,COMPLETE
3859,0.1264,0.8427830048041819,6.812644630608508,5.196045314781185,7352.894889640626,1.526275265602974,COMPLETE
3860,0.06465,0.17453089477625416,7.489439152524652,1.3225244807582155,0.022872403443138362,1.526275265602974,COMPLETE
3861,0.10705,0.7279329773073967,7.489439152524652,6.612639322764853,2.4792588435669867,0.2944924768920615,COMPLETE
3862,0.0709,0.4728969829541311,7.489439152524652,4.101823977297871,0.022872403443138362,0.5985950343657075,COMPLETE
3863,0.108,0.4226996163759157,2.8415457576239476,9.988586281068551,0.064536007371035,1.526275265602974,COMPLETE
3864,0.06925,0.2566639020284448,7.489439152524652,1.2992706708708701,0.022872403443138362,0.07899621808581027,COMPLETE
3865,0.10245,0.5971992424276684,7.489439152524652,8.418374689108267,24.687993700004206,4.792699168837896,COMPLETE
3866,0.13455,0.6614941212445082,7.489439152524652,9.988586281068551,359.71457230765833,0.06975491131623211,COMPLETE
3867,0.0674,0.20032709358292305,7.321806062638004,1.1679739768270172,3.6483343222657822,0.5985950343657075,COMPLETE
3868,0.13855,0.8800705342484234,7.339695485358947,9.988586281068551,2046.6058445328788,4.792699168837896,COMPLETE
3869,0.121,0.6515221514818144,2.7463207450618814,9.988586281068551,359.71457230765833,4.047581377862915,COMPLETE
3870,0.14415,0.8913229274100704,7.489439152524652,9.988586281068551,1476.1251734596226,3.5335649443407138,COMPLETE
3871,0.08075,0.4099830193795708,7.489439152524652,3.0638630129150126,0.13733081107918949,0.5985950343657075,COMPLETE
3872,0.1004,0.5786913806066033,7.489439152524652,8.418374689108267,0.019315069618518407,0.8629341428436784,COMPLETE
3873,0.11235,0.680965797622567,6.666959706638387,5.8081057233180955,359.71457230765833,12.146893267526337,COMPLETE
3874,0.0643,0.197390009625998,5.5150049043702545,1.2992706708708701,9.931811011672886,13.159611451630171,COMPLETE
3875,0.0908,0.5250255324625754,7.489439152524652,6.612639322764853,0.3088211431391635,4.792699168837896,COMPLETE
3876,0.13995,0.6784714066031262,7.489439152524652,8.418374689108267,553.5117706079106,0.07191323823421092,COMPLETE
3877,0.09245,0.5864295155677475,7.489439152524652,6.612639322764853,22.916663829188607,1.3964044847064154,COMPLETE
3878,0.12005,0.33671987783261575,0.4955725385534204,8.418374689108267,359.71457230765833,13.737135040054913,COMPLETE
3879,0.09525,0.6507837225070746,7.489439152524652,4.9315381136828735,0.19635775563404856,0.07899621808581027,COMPLETE
3880,0.12795,0.6506358506867171,7.339695485358947,8.418374689108267,5793.628310179968,0.030595349341982422,COMPLETE
3881,0.09525,0.5205816191988853,7.489439152524652,7.639970758565217,0.12020999256043768,2.1102891532478085,COMPLETE
3882,0.12455,0.8665612931171952,7.339695485358947,9.988586281068551,1476.1251734596226,4.792699168837896,COMPLETE
3883,0.1186,0.7548974542473551,7.489439152524652,8.418374689108267,359.71457230765833,24.69258432844077,COMPLETE
3884,0.11785,0.7606125450429566,7.489439152524652,3.21564404623997,2365.0095658352443,1.3157650113770214,COMPLETE
3885,0.08,0.46750117487652443,7.321806062638004,4.101823977297871,0.48160356426463263,0.5985950343657075,COMPLETE
3886,0.14025,0.8948664308925796,7.489439152524652,9.988586281068551,1476.1251734596226,1.5680469713374396,COMPLETE
3887,0.12735,0.9039745275300094,7.489439152524652,9.988586281068551,1476.1251734596226,4.792699168837896,COMPLETE
3888,0.10345,0.5795403770869605,5.748265316774864,4.101823977297871,0.011064191135752277,0.030595349341982422,COMPLETE
3889,0.11095,0.5282124504443209,7.489439152524652,2.21327036481238,359.71457230765833,0.07899621808581027,COMPLETE
3890,0.13115,0.7386375747848153,4.769845521584728,8.418374689108267,359.71457230765833,2.1102891532478085,COMPLETE
3891,0.09585,0.46448465798160093,1.9682285357075717,4.437583200960835,153.2860257697558,0.7306953052604724,COMPLETE
3892,0.0847,0.33984431737510173,7.339695485358947,1.1679739768270172,127.69512886835504,0.030595349341982422,COMPLETE
3893,0.09195,0.42901989968303544,2.70888747120831,7.304355521475117,1.773587894458004,1.0864194972631505,COMPLETE
3894,0.13915,0.8755697632200783,7.489439152524652,9.988586281068551,1515.1834651926638,1.526275265602974,COMPLETE
3895,0.104,0.7149556036456631,6.812644630608508,8.418374689108267,65.42850617031253,4.792699168837896,COMPLETE
3896,0.11605,0.8057804894828872,7.489439152524652,8.418374689108267,116.68218004772335,1.8602957309646184,COMPLETE
3897,0.06685,0.17139909494322939,7.489439152524652,1.0340435745788543,4.6216117253800055,0.5985950343657075,COMPLETE
3898,0.1341,0.5386036179087594,7.489439152524652,9.767312130896007,1575.9369216711668,0.023746693688979366,COMPLETE
3899,0.0964,0.5653820692382922,5.785038951073367,9.988586281068551,0.1485051453056504,4.792699168837896,COMPLETE
3900,0.0967,0.4881193862654469,7.339695485358947,7.451337432117496,0.4111694316312813,11.34645454198699,COMPLETE
3901,0.1025,0.6637313517199683,7.339695485358947,5.8081057233180955,0.2592110377970444,0.12007839303264316,COMPLETE
3902,0.0928,0.3723337749491631,6.666959706638387,1.1679739768270172,1688.3846346819648,0.030595349341982422,COMPLETE
3903,0.0971,0.42280965271203724,6.585970082169553,1.0340435745788543,1476.1251734596226,44.76380938653201,COMPLETE
3904,0.0944,0.4865967426690685,6.666959706638387,9.988586281068551,0.36609879773391035,12.146893267526337,COMPLETE
3905,0.087,0.492830354843342,7.489439152524652,9.988586281068551,4.5415257554153525,44.54648970844939,COMPLETE
3906,0.0769,0.3006366328919435,7.489439152524652,2.1588214640284127,0.5503013998546388,1.3157650113770214,COMPLETE
3907,0.12235,0.8267057328923038,7.339695485358947,6.612639322764853,359.71457230765833,1.3157650113770214,COMPLETE
3908,0.09965,0.44913369249733487,7.339695485358947,7.451337432117496,11.029824212366417,53.426552592153065,COMPLETE
3909,0.07905,0.45140354728752163,5.5150049043702545,1.354216044980717,560.4775189597802,0.5985950343657075,COMPLETE
3910,0.11775,0.8421475847826058,7.489439152524652,6.612639322764853,359.71457230765833,1.3157650113770214,COMPLETE
3911,0.0817,0.333131553157628,7.211246974011563,1.0340435745788543,359.71457230765833,8.59367917613428,COMPLETE
3912,0.1013,0.6061524780799615,6.8435536313626235,7.639970758565217,0.8391130786874567,0.2695078668635029,COMPLETE
3913,0.0655,0.15124622453894734,7.321806062638004,1.0340435745788543,0.0601473291882523,0.5985950343657075,COMPLETE
3914,0.09855,0.5077269962538344,5.52384086679849,9.988586281068551,0.015057033035072203,4.792699168837896,COMPLETE
3915,0.08525,0.13005423773443198,3.8754912560611756,1.0340435745788543,30.54779366423335,1.010558986363453,COMPLETE
3916,0.0714,0.227976053552137,7.489439152524652,1.6890127312814283,0.022872403443138362,0.7306953052604724,COMPLETE
3917,0.13575,0.8989909016386071,7.489439152524652,7.639970758565217,1476.1251734596226,2.1102891532478085,COMPLETE
3918,0.13285,0.6570088529553852,7.489439152524652,7.639970758565217,153.2860257697558,0.07899621808581027,COMPLETE
3919,0.0957,0.625102640421786,7.489439152524652,8.418374689108267,11.445867564247227,2.1102891532478085,COMPLETE
3920,0.09165,0.6357128081740246,7.489439152524652,7.119598285781757,0.05805706406981714,2.1102891532478085,COMPLETE
3921,0.09695,0.4077435236440299,4.688057408359341,3.0638630129150126,30.54779366423335,0.5985950343657075,COMPLETE
3922,0.1196,0.30503979721536095,2.553227867401783,5.196045314781185,2.4792588435669867,3.7705833104095947,COMPLETE
3923,0.09655,0.5455350775402549,7.283592801350966,3.0638630129150126,112.323925330586,1.526275265602974,COMPLETE
3924,0.07945,0.2455540556937131,7.489439152524652,1.1801625385226422,116.68218004772335,2.1102891532478085,COMPLETE
3925,0.0952,0.3825517217466082,7.339695485358947,4.627114872625429,0.4111694316312813,44.76380938653201,COMPLETE
3926,0.0874,0.5810639753741037,6.812644630608508,9.988586281068551,0.48160356426463263,54.20822894701807,COMPLETE
3927,0.0838,0.580037571571342,7.2723089278854225,6.606432970953896,0.02472317920406651,2.9191113276896496,COMPLETE
3928,0.1467,0.8339796866789239,7.321806062638004,5.8081057233180955,6466.850520120734,0.5985950343657075,COMPLETE
3929,0.11735,0.8455730864362411,7.339695485358947,5.196045314781185,560.4775189597802,1.0864194972631505,COMPLETE
3930,0.1163,0.5333995115184486,4.023256261836821,5.122950517570666,116.68218004772335,3.496879262427491,COMPLETE
3931,0.09425,0.5312208144939035,5.334411901674462,9.933529862520766,6.48522403315561,1.3157650113770214,COMPLETE
3932,0.09155,0.5204147699647202,7.489439152524652,9.988586281068551,0.5503013998546388,4.792699168837896,COMPLETE
3933,0.1072,0.5676886190321887,3.9864868401697837,9.988586281068551,0.022872403443138362,0.13391944103899936,COMPLETE
3934,0.0976,0.2323033330591395,0.3917701543937324,3.1109816593785697,0.8529526063772959,2.595601394558052,COMPLETE
3935,0.09205,0.5520118605235595,7.339695485358947,9.988586281068551,0.09869381337965963,4.792699168837896,COMPLETE
3936,0.09515,0.49843378557203666,3.5179041441734347,6.612639322764853,6.48522403315561,0.5985950343657075,COMPLETE
3937,0.08285,0.4416970781739158,4.36503509561558,3.139623693387797,61.128832411058866,0.5985950343657075,COMPLETE
3938,0.1113,0.627827870850736,7.489439152524652,8.418374689108267,0.022872403443138362,0.13391944103899936,COMPLETE
3939,0.12195,0.6938408849805525,4.906437732878244,7.639970758565217,153.2860257697558,0.7306953052604724,COMPLETE
3940,0.09635,0.6734032415596828,7.339695485358947,5.061348409319827,359.71457230765833,4.792699168837896,COMPLETE
3941,0.1078,0.678951707936207,5.247745679010757,9.988586281068551,153.2860257697558,4.792699168837896,COMPLETE
3942,0.12745,0.6768519562896032,7.489439152524652,9.767312130896007,111.18850587297112,0.06381886177366168,COMPLETE
3943,0.1197,0.583713216570366,7.489439152524652,2.5078194846832016,1476.1251734596226,0.13391944103899936,COMPLETE
3944,0.0776,0.37260064690307043,7.489439152524652,2.195218904889921,30.54779366423335,0.5985950343657075,COMPLETE
3945,0.0798,0.5004251038509032,7.339695485358947,3.1109816593785697,116.68218004772335,1.8602957309646184,COMPLETE
3946,0.10385,0.4183036115356819,0.4540227456568209,7.639970758565217,1476.1251734596226,4.792699168837896,COMPLETE
3947,0.07715,0.16249562344996252,7.321806062638004,1.0340435745788543,30.54779366423335,4.792699168837896,COMPLETE
3948,0.0716,0.3270927206648948,7.321806062638004,1.1679739768270172,4.6216117253800055,0.030595349341982422,COMPLETE
3949,0.1261,0.89156506346565,7.489439152524652,9.988586281068551,1476.1251734596226,4.792699168837896,COMPLETE
3950,0.09845,0.626698624893406,7.489439152524652,2.195218904889921,1575.9369216711668,2.1102891532478085,COMPLETE
3951,0.0991,0.6014801408701067,6.812644630608508,8.418374689108267,0.019315069618518407,2.1102891532478085,COMPLETE
3952,0.0908,0.4896624464532021,7.339695485358947,5.061348409319827,0.017944270076093727,4.792699168837896,COMPLETE
3953,0.1264,0.6077311879275353,7.339695485358947,7.639970758565217,153.2860257697558,0.030595349341982422,COMPLETE
3954,0.09905,0.5673204709816129,7.339695485358947,9.988586281068551,30.54779366423335,11.34645454198699,COMPLETE
3955,0.1086,0.6464111674372183,7.321806062638004,9.988586281068551,0.017944270076093727,0.5985950343657075,COMPLETE
3956,0.07145,0.2746587856989891,5.443169702125653,1.1679739768270172,0.011064191135752277,0.030595349341982422,COMPLETE
3957,0.13455,0.9041978921970247,7.489439152524652,9.988586281068551,1476.1251734596226,11.34645454198699,COMPLETE
3958,0.0982,0.629682379474849,7.489439152524652,8.418374689108267,4.6216117253800055,1.3964044847064154,COMPLETE
3959,0.11,0.6778793303070122,7.489439152524652,8.418374689108267,65.42850617031253,4.111402995223956,COMPLETE
3960,0.1207,0.44214141493589576,7.339695485358947,9.988586281068551,1476.1251734596226,0.012262750634837352,COMPLETE
3961,0.07975,0.49341244690671554,7.321806062638004,3.6854011129776656,0.5529959922862323,0.7306953052604724,COMPLETE
3962,0.13675,0.8571713517734874,6.699763905576901,9.988586281068551,359.71457230765833,1.526275265602974,COMPLETE
3963,0.06315,0.200486837738024,6.8868602057486745,1.1173128555125744,30.54779366423335,1.3157650113770214,COMPLETE
3964,0.11055,0.472476647549117,0.7256314478065667,7.639970758565217,0.011064191135752277,0.030595349341982422,COMPLETE
3965,0.13735,0.8954582384898787,6.812644630608508,8.418374689108267,1476.1251734596226,1.8602957309646184,COMPLETE
3966,0.13745,0.7580069385958228,7.489439152524652,4.1228633890077875,1476.1251734596226,0.5724386106648577,COMPLETE
3967,0.0927,0.2797879788706286,1.390749235828311,2.2977468880773553,153.2860257697558,1.3481867754530164,COMPLETE
3968,0.09485,0.5201412158388714,6.501179106113755,8.418374689108267,0.019315069618518407,2.1102891532478085,COMPLETE
3969,0.1011,0.5014334415482349,5.482908101088168,7.639970758565217,0.5529959922862323,0.7306953052604724,COMPLETE
3970,0.1134,0.7370890296083216,7.321806062638004,9.988586281068551,61.128832411058866,1.5300748484254258,COMPLETE
3971,0.09495,0.705462731019001,7.489439152524652,8.418374689108267,24.687993700004206,2.1102891532478085,COMPLETE
3972,0.1417,0.9033376071343193,7.339695485358947,9.988586281068551,5330.739080359486,4.792699168837896,COMPLETE
3973,0.12685,0.7607391092661614,6.666959706638387,9.988586281068551,359.71457230765833,12.146893267526337,COMPLETE
3974,0.132,0.9001299454633126,7.339695485358947,9.988586281068551,468.8283192107735,1.3964044847064154,COMPLETE
3975,0.09,0.624401524549533,7.339695485358947,8.418374689108267,0.07901569601719857,2.1102891532478085,COMPLETE
3976,0.0778,0.3973111746750724,7.489439152524652,3.0156649020845308,6.48522403315561,1.3157650113770214,COMPLETE
3977,0.1085,0.7246461014509046,7.339695485358947,3.0156649020845308,1080.4874260684683,0.6970767008358846,COMPLETE
3978,0.0641,0.2047790296175815,7.489439152524652,1.2992706708708701,13.973401962787221,2.1102891532478085,COMPLETE
3979,0.06005,0.27999477102585324,7.211246974011563,1.0340435745788543,0.011064191135752277,0.030595349341982422,COMPLETE
3980,0.08435,0.4552439574928926,7.321806062638004,4.101823977297871,0.48160356426463263,0.5985950343657075,COMPLETE
3981,0.08245,0.5266611486548726,7.489439152524652,3.635707500049627,2.327540896505269,1.3599130536418602,COMPLETE
3982,0.0638,0.16094492004869967,7.489439152524652,1.1363418851645617,2.4792588435669867,0.4104265079728401,COMPLETE
3983,0.0925,0.5555306956235623,5.575007212675362,8.418374689108267,0.4111694316312813,2.1102891532478085,COMPLETE
3984,0.11345,0.7482678633154114,7.321806062638004,9.767312130896007,111.18850587297112,13.737135040054913,COMPLETE
3985,0.10495,0.426120586639864,2.547030919407195,9.988586281068551,5.463004516278291,1.526275265602974,COMPLETE
3986,0.09305,0.5928887606469025,7.339695485358947,7.451337432117496,1.9671228418934674,1.526275265602974,COMPLETE
3987,0.11935,0.66755271642545,7.211246974011563,9.767312130896007,0.011064191135752277,0.030595349341982422,COMPLETE
3988,0.09375,0.6275074667427974,7.489439152524652,8.418374689108267,0.019315069618518407,2.1102891532478085,COMPLETE
3989,0.0636,0.2519302535860107,4.6408488757778255,1.1679739768270172,2.0122575885700065,0.030595349341982422,COMPLETE
3990,0.0673,0.20539337920485318,7.489439152524652,1.329677624462579,0.019315069618518407,2.1102891532478085,COMPLETE
3991,0.09335,0.5178351200760615,5.581684621147168,9.988586281068551,0.50915573651879,4.792699168837896,COMPLETE
3992,0.12525,0.8654340333343745,6.812644630608508,9.988586281068551,359.71457230765833,1.0864194972631505,COMPLETE
3993,0.1276,0.9028821932697958,7.489439152524652,9.988586281068551,1476.1251734596226,4.792699168837896,COMPLETE
3994,0.0783,0.42689031497859686,7.064342622879888,3.447498222367163,0.022872403443138362,1.3157650113770214,COMPLETE
3995,0.1018,0.3647988823611557,3.2479690262043195,5.863104623611835,0.4111694316312813,9.300193545437548,COMPLETE
3996,0.13715,0.6333661970383436,7.339695485358947,8.418374689108267,4035.2229917835607,0.028308563894378337,COMPLETE
3997,0.0978,0.54023976256329,7.489439152524652,2.828190677747145,65.42850617031253,0.02368896970054128,COMPLETE
