number,values_0,values_1,params_lambda1,params_lambda3,state
716,0.12779148056796213,0.041533114998678754,0.26458837202059327,3.147207396423025,COMPLETE
717,0.12285847610159323,0.03967449766154764,253.74577966870086,7.3205992016438755,COMPLETE
718,0.12385840943937071,0.04410201506302483,5593.632645921561,15.659063361009094,COMPLETE
719,0.13059129391373908,0.03891245110664644,475.56563592421855,14.550696002474908,COMPLETE
720,0.134324378374775,0.035945348530722655,195.20457405931006,0.0037971659912415705,COMPLETE
721,0.12112525831611226,0.040299861040244134,6283.120401032437,0.01979727956496571,COMPLETE
722,0.13752416505566295,0.045109901916495936,3.4102969681313575,0.1787015128610421,COMPLETE
723,0.1347910139324045,0.038209094448374156,190.6407695569932,0.0008484195300169926,COMPLETE
724,0.12379174721685221,0.04323792592773166,2.4575845897548034,0.03403767378504881,COMPLETE
725,0.12792480501299913,0.039753511175017034,2.4575845897548034,41.6103590392096,COMPLETE
726,0.14352376508232784,0.036035077309763394,0.012127413643070037,0.006849198390150826,COMPLETE
727,0.12572495166988867,0.04385807112333371,246.82820973942975,0.00034757359836652576,COMPLETE
728,0.12025864942337178,0.03997995819536599,3110.1377470169305,0.14102424514089043,COMPLETE
729,0.13045796946870208,0.040994671496693384,396.766149605379,9.711433843795191,COMPLETE
730,0.12499166722218519,0.03885082764619367,329.2779478379662,0.00223849247260165,COMPLETE
731,0.12672488500766615,0.039350911460289004,0.018774801409243598,9.711433843795191,COMPLETE
732,0.12525831611225918,0.03937542170591976,30.365334693765934,0.20459361358484757,COMPLETE
733,0.134591027264849,0.0458662354865028,78.52915049577521,0.37059708965780397,COMPLETE
734,0.12752483167788814,0.037999999760652346,16.886308826223747,70.62434065921288,COMPLETE
735,0.12252516498900073,0.041014046888223216,3178.775809052605,45.88984825886697,COMPLETE
736,0.12712485834277715,0.04759373280670274,0.16995976177956715,0.013369753411955218,COMPLETE
737,0.13365775614959002,0.02889217770905571,0.04694529332354954,0.00024292333627412178,COMPLETE
738,0.1296580227984801,0.04380856231067995,0.011863429302585089,0.0033228216997009236,COMPLETE
739,0.13572428504766348,0.03621416820717498,82.93414961872442,0.0031625769920390085,COMPLETE
740,0.12752483167788814,0.036824186719404295,5.994226707535303,0.0005873620680294338,COMPLETE
741,0.12085860942603827,0.03878218925198436,0.010890559488386489,1.834530898067978,COMPLETE
742,0.12552496500233318,0.0370563205197995,3.676145151602411,0.7921591618691878,COMPLETE
743,0.12512499166722219,0.045483421448824946,8.246611092209319,0.003949182031077511,COMPLETE
744,0.12639157389507366,0.03768405815736613,4414.188047957258,0.013369753411955218,COMPLETE
745,0.12852476501566562,0.03759743211899924,3110.1377470169305,9.711433843795191,COMPLETE
746,0.13285780947936804,0.03151597266103445,2520.9641690830526,0.00016999567666638966,COMPLETE
747,0.12032531164589028,0.05019104543263389,6283.120401032437,1.9451088505340488,COMPLETE
748,0.13325778281447903,0.03995719012918564,30.365334693765934,0.00789850176680219,COMPLETE
749,0.12532497833477768,0.04188318596082844,4996.796040477171,1.9451088505340488,COMPLETE
750,0.12865808946070262,0.038106345364520504,0.06508888551429474,18.227087133016195,COMPLETE
751,0.12645823611759216,0.046021434695387525,30.79383366023682,0.0005873620680294338,COMPLETE
752,0.12645823611759216,0.041816866904230955,66.38686159886589,1.5513295761572716,COMPLETE
753,0.14159056062929137,0.030763123768757394,0.16995976177956715,0.013369753411955218,COMPLETE
754,0.12825811612559163,0.03546351358846704,8.246611092209319,0.003949182031077511,COMPLETE
755,0.134724351709886,0.0445350998265839,4414.188047957258,0.007401133484243915,COMPLETE
756,0.13652423171788547,0.03870410456689287,268.1783815335158,4.057292820586186,COMPLETE
757,0.1302579828011466,0.04472028081343113,0.26666502328334685,9.711433843795191,COMPLETE
758,0.12279181387907473,0.039083865266392834,2.5814205131864316,0.02626512734972538,COMPLETE
759,0.13232451169922005,0.042170518679691855,15.78426745760539,0.7218367322605694,COMPLETE
760,0.12085860942603827,0.04322696615057033,3.3106783706439598,0.013369753411955218,COMPLETE
761,0.12552496500233318,0.04072004538228683,4909.817539076437,0.06947444204686948,COMPLETE
762,0.12159189387374175,0.036985484561512176,0.024114220988020105,19.50385663057766,COMPLETE
763,0.12745816945536964,0.041429674596685624,7034.963500574714,0.2443207956014585,COMPLETE
764,0.13065795613625758,0.03276087369712388,0.021209047099110593,0.004658308715315376,COMPLETE
765,0.12485834277714819,0.034819396622010716,8.246611092209319,1.6537546011361808,COMPLETE
766,0.12285847610159323,0.03171713390542582,5.578129784555031,0.00048691238992271574,COMPLETE
767,0.134857676154923,0.03862990894584344,2.119226995033251,0.0031625769920390085,COMPLETE
768,0.1188587427504833,0.03831167002437236,0.43781499294901555,0.011396867828278043,COMPLETE
769,0.11819212052529832,0.03762165623852899,5440.716116144768,0.03329634937628848,COMPLETE
770,0.12839144057062862,0.03974746266015496,0.027337773746399684,5.522662547146233,COMPLETE
771,0.12019198720085328,0.0448928354002902,9663.822542325219,22.841846439688357,COMPLETE
772,0.1299913339110726,0.035312957343871285,40.50378152084833,13.146385494085145,COMPLETE
773,0.1342577161522565,0.03728453137836146,9.44978979841195,0.20459361358484757,COMPLETE
774,0.1241917205519632,0.04334783368141396,6283.120401032437,0.013369753411955218,COMPLETE
775,0.13079128058129458,0.0387729316094989,0.012041999032677284,0.5883369107333462,COMPLETE
776,0.12665822278514766,0.04289369659084991,30.79383366023682,0.10366268999454002,COMPLETE
777,0.12745816945536964,0.035956119666150116,1610.5486780796668,0.07608691410776466,COMPLETE
778,0.12852476501566562,0.04086738676056066,4581.663778104491,54.67958108943627,COMPLETE
779,0.13212452503166455,0.041837340170789904,0.4521287000382297,0.0009377219510318374,COMPLETE
780,0.13839077394840343,0.03533053877128795,246.82820973942975,65.79557262689511,COMPLETE
781,0.1294580361309246,0.03349208601606741,3.2523087020331123,2.2483988403297,COMPLETE
782,0.13752416505566295,0.041829205851873046,475.56563592421855,0.26464399269403,COMPLETE
783,0.12352509832677822,0.03809978480135841,495.958662105077,1.0575820848063144,COMPLETE
784,0.12532497833477768,0.045544801356171914,5440.716116144768,0.08108583097497056,COMPLETE
785,0.13052463169122058,0.03602681328285536,1.4702922595329029,0.012305788094618507,COMPLETE
786,0.12232517832144524,0.04290261566759349,2703.5995920943274,0.00785708573185152,COMPLETE
787,0.12692487167522165,0.042197142713317044,1096.6322846321302,0.2775262154951333,COMPLETE
788,0.12652489834011066,0.04589714097344617,81.48580150117351,0.16207729309253507,COMPLETE
789,0.12699153389774015,0.035440773142476366,242.094494980771,9.711433843795191,COMPLETE
790,0.12232517832144524,0.04245564356854857,0.06033273675464055,1.8606270338609645,COMPLETE
791,0.13232451169922005,0.03594680463403318,375.2833791149161,0.013369753411955218,COMPLETE
792,0.13039130724618359,0.041108931920387545,0.06033273675464055,0.02452825038265152,COMPLETE
793,0.13132457836144257,0.03410888077305104,495.958662105077,0.02626512734972538,COMPLETE
794,0.12485834277714819,0.046433848210244454,1.702309173954951,96.82410003855314,COMPLETE
795,0.12825811612559163,0.03301897016969366,246.82820973942975,0.0005154427548319697,COMPLETE
796,0.13319112059196053,0.042380080781764216,2810.86205200871,1.9451088505340488,COMPLETE
797,0.12759149390040664,0.03891628166744241,2.4575845897548034,82.48986728298992,COMPLETE
798,0.13045796946870208,0.03997834453605674,0.22189980518085534,1.9451088505340488,COMPLETE
799,0.11992533831077928,0.04861765579233145,4414.188047957258,0.07477310290547144,COMPLETE
800,0.12839144057062862,0.03703975941015635,499.4622765861853,53.49703666194694,COMPLETE
801,0.1342577161522565,0.03529224826203836,0.06508888551429474,9.711433843795191,COMPLETE
802,0.13405772948470102,0.03249789327087658,1.8845804064594573,0.24951347105644187,COMPLETE
803,0.12332511165922272,0.041724509810380964,2.119226995033251,0.00789850176680219,COMPLETE
804,0.12052529831344577,0.04690710346363004,1699.7548659098384,66.15972412667446,COMPLETE
805,0.12079194720351977,0.04704763691259428,8767.94227631701,1.3096921419961014,COMPLETE
806,0.13299113392440504,0.04268441954249206,1.4687404201683594,1.8606270338609645,COMPLETE
807,0.12865808946070262,0.03661908114050554,3110.1377470169305,37.17983957511728,COMPLETE
808,0.12339177388174122,0.04262457923369121,66.38686159886589,0.0005158759241843622,COMPLETE
809,0.12619158722751816,0.03977332939768514,3110.1377470169305,0.14102424514089043,COMPLETE
810,0.13352443170455303,0.04685315820901916,11.28559855050589,0.005973330656741422,COMPLETE
811,0.12272515165655623,0.045429040235770796,13.765172648524608,81.23405201966396,COMPLETE
812,0.13139124058396107,0.040775347089441465,0.5143143660457591,9.711433843795191,COMPLETE
813,0.12299180054663023,0.04003826358799798,0.19117039749381867,0.0008681238779247684,COMPLETE
814,0.13272448503433104,0.03539123006089553,1.1926593364999685,0.38369820178706154,COMPLETE
815,0.12592493833744417,0.032244204726605004,4414.188047957258,0.00048691238992271574,COMPLETE
816,0.12812479168055463,0.04242972023804896,0.06508888551429474,0.005973330656741422,COMPLETE
817,0.13919072061862542,0.03975743078633824,0.06033273675464055,0.0182193293404572,COMPLETE
818,0.13105792947136857,0.037811043404521086,0.06508888551429474,0.0031625769920390085,COMPLETE
819,0.12792480501299913,0.04503724132459415,3345.5659433815545,0.018737554575547696,COMPLETE
820,0.1291913872408506,0.03807880943159386,8.246611092209319,0.003949182031077511,COMPLETE
821,0.13072461835877608,0.03677094909960339,0.06337997873251434,9.711433843795191,COMPLETE
822,0.12345843610425972,0.04279185809642616,3110.1377470169305,2.313493567936231,COMPLETE
823,0.13285780947936804,0.04133364439484092,7.377641339071757,70.62434065921288,COMPLETE
824,0.13399106726218252,0.043092224970547786,44.571283132123085,0.7734652529429128,COMPLETE
825,0.12619158722751816,0.040779227271002166,5440.716116144768,0.0182193293404572,COMPLETE
826,0.1292580494633691,0.03515179942849384,3110.1377470169305,0.00034757359836652576,COMPLETE
827,0.12585827611492567,0.04008356791094932,1438.1653254742157,0.005973330656741422,COMPLETE
828,0.12592493833744417,0.03688948123603617,0.021608660387910532,1.3071277890787274,COMPLETE
829,0.13199120058662756,0.030173810393874394,2.5814205131864316,0.0182193293404572,COMPLETE
830,0.13105792947136857,0.04026446078083025,0.011863429302585089,0.018074812951011307,COMPLETE
831,0.13205786280914605,0.03693838236013777,0.06033273675464055,0.003949182031077511,COMPLETE
832,0.1240583961069262,0.04135541194219897,5593.632645921561,59.67029777125878,COMPLETE
833,0.12825811612559163,0.043935011437713035,0.43885327585778605,7.988540468545826,COMPLETE
834,0.12532497833477768,0.03508124119138777,0.07929571851056483,0.013369753411955218,COMPLETE
835,0.1250583294447037,0.04333865303966648,9.099818722581666,0.013517858172829945,COMPLETE
836,0.1299913339110726,0.03517977176967818,3.676145151602411,16.34070599851184,COMPLETE
837,0.12739150723285114,0.035598470422885144,1.4702922595329029,0.004715960693650675,COMPLETE
838,0.13372441837210852,0.04017016264109879,66.38686159886589,0.005973330656741422,COMPLETE
839,0.13185787614159056,0.044650500208590925,222.4866899400138,96.82410003855314,COMPLETE
840,0.13212452503166455,0.04195060148350855,0.01820180995502251,9.711433843795191,COMPLETE
841,0.1189254049730018,0.04279856753192671,8767.94227631701,0.007853098177982144,COMPLETE
842,0.1293913739084061,0.034368561288290106,0.2543585618697708,0.20730143164158207,COMPLETE
843,0.12812479168055463,0.037936032170474185,1755.5360142624459,41.54036136772985,COMPLETE
844,0.12532497833477768,0.042264709249885374,3660.955545229687,0.007033266899358505,COMPLETE
845,0.12712485834277715,0.038411971760326846,0.09024096715039788,70.62434065921288,COMPLETE
846,0.13205786280914605,0.041041042322960505,0.027877593842728213,0.01979727956496571,COMPLETE
847,0.12372508499433371,0.04505083982560205,9.204499117068405,0.008961842640275832,COMPLETE
848,0.12759149390040664,0.04250759607805363,965.1449277889925,41.6103590392096,COMPLETE
849,0.1293247116858876,0.038657806970830134,0.4473445904313048,68.77384555066477,COMPLETE
850,0.13239117392173855,0.043312114088102156,65.8178948899816,0.02626512734972538,COMPLETE
851,0.134324378374775,0.03718065679904793,0.26458837202059327,9.711433843795191,COMPLETE
852,0.1293913739084061,0.03480892217219496,9552.092947795103,0.0010722610207248961,COMPLETE
853,0.1343910405972935,0.04015185680525309,0.25181491640876363,0.0182193293404572,COMPLETE
854,0.12225851609892674,0.04752736016694681,6283.120401032437,0.013369753411955218,COMPLETE
855,0.1189254049730018,0.04775125182079114,6696.964215911571,0.0182193293404572,COMPLETE
856,0.12605826278248117,0.04270313407139287,0.17046474446622203,13.146385494085145,COMPLETE
857,0.12512499166722219,0.04046536576280954,475.56563592421855,9.711433843795191,COMPLETE
858,0.12612492500499967,0.039837442123114984,0.050249094574372814,0.0005264724262848038,COMPLETE
859,0.12365842277181521,0.038611228493428955,8100.465938590562,0.00045086557446558323,COMPLETE
860,0.1296580227984801,0.03326833933692487,14.46481154185984,4.1943973361691125,COMPLETE
861,0.12805812945803613,0.040780564767804915,1280.2031930946987,0.054150299574154175,COMPLETE
862,0.1245250316645557,0.04691908199764825,6283.120401032437,82.6173255986769,COMPLETE
863,0.12839144057062862,0.03936647263025949,46.89911288820492,0.013369753411955218,COMPLETE
864,0.12232517832144524,0.04585575609398979,4414.188047957258,0.013369753411955218,COMPLETE
865,0.13045796946870208,0.03401231322058861,0.19666215087391237,0.12888523076440253,COMPLETE
866,0.12785814279048063,0.03722980428756662,5693.1973751478445,0.002776449522058831,COMPLETE
867,0.12752483167788814,0.040554292551860514,8767.94227631701,0.021910605831570916,COMPLETE
868,0.11999200053329778,0.04938779784211742,2700.3120878457144,0.013369753411955218,COMPLETE
869,0.12192520498633425,0.04211406944771776,326.87794461615886,0.00789850176680219,COMPLETE
870,0.12639157389507366,0.037610389196029236,4414.188047957258,0.00010271748776736822,COMPLETE
871,0.13385774281714552,0.03228639506369831,0.8249155599852713,0.005973330656741422,COMPLETE
872,0.13339110725951603,0.037177681768017626,80.06559646200674,0.3608953651332299,COMPLETE
873,0.12859142723818412,0.030208870259558127,0.07298187082788,0.01979727956496571,COMPLETE
874,0.12812479168055463,0.044913131287663534,5593.632645921561,39.98537526434049,COMPLETE
875,0.13145790280647957,0.03702734892401283,2881.13145616061,1.8606270338609645,COMPLETE
876,0.12372508499433371,0.04322196002979324,0.012041999032677284,0.013517858172829945,COMPLETE
877,0.1239917338844077,0.042941675702909174,36.808357699532564,0.0025281656846861695,COMPLETE
878,0.12699153389774015,0.04928707704297932,2091.3874884826155,66.15972412667446,COMPLETE
879,0.12172521831877875,0.0360216668333226,0.018833705245912564,9.711433843795191,COMPLETE
880,0.12785814279048063,0.03664523135387438,0.020335548931405337,1.9451088505340488,COMPLETE
881,0.12579161389240717,0.041106596052429445,0.012041999032677284,0.13484875770619287,COMPLETE
882,0.12712485834277715,0.04021575589547355,1063.3586194598722,0.15115058383273366,COMPLETE
883,0.12172521831877875,0.040262625771774675,8767.94227631701,0.8833913313153409,COMPLETE
884,0.12719152056529565,0.036896131380643835,0.3682835308092814,0.0016663912809088248,COMPLETE
885,0.12612492500499967,0.04155633983702144,0.6278233117469366,3.0202135040160245,COMPLETE
886,0.12292513832411173,0.03742634791075686,0.26458837202059327,0.000838371128885715,COMPLETE
887,0.1250583294447037,0.0430355950845317,0.012041999032677284,0.7758328266207865,COMPLETE
888,0.1187254183054463,0.043490905955745306,0.6690760699860392,9.711433843795191,COMPLETE
889,0.12332511165922272,0.04063780353454558,236.51750550791516,45.797386319900276,COMPLETE
890,0.13132457836144257,0.04568700468561948,5693.1973751478445,0.09641799567103602,COMPLETE
891,0.12599160055996267,0.041653807989315395,0.2935775609273646,0.013517858172829945,COMPLETE
892,0.12205852943137124,0.05077419654401351,5593.632645921561,1.834530898067978,COMPLETE
893,0.12199186720885274,0.044006824797989674,19.952062540972502,0.04241654796164287,COMPLETE
894,0.12739150723285114,0.037786860748988106,555.0775078019674,0.057024397662645415,COMPLETE
895,0.12559162722485168,0.03698470305935066,475.56563592421855,0.0037971659912415705,COMPLETE
896,0.1294580361309246,0.03733700117154809,494.782246838793,0.005973330656741422,COMPLETE
897,0.12659156056262916,0.04127361969662717,0.022018146371012643,0.4273545696289683,COMPLETE
898,0.12179188054129725,0.04119959147334945,475.56563592421855,37.82514408934622,COMPLETE
899,0.12312512499166722,0.04374744171927017,0.7722404963663404,12.478510182121553,COMPLETE
900,0.1295913605759616,0.039699424509141094,30.79383366023682,9.711433843795191,COMPLETE
901,0.11965868942070529,0.04775427441892333,6283.120401032437,69.48678392850886,COMPLETE
902,0.1299246716885541,0.043439841236772164,0.06508888551429474,9.711433843795191,COMPLETE
903,0.12205852943137124,0.03392104357822634,2.119226995033251,1.834530898067978,COMPLETE
904,0.12592493833744417,0.03979521425197883,10.451312317783172,0.012047046738363973,COMPLETE
905,0.12739150723285114,0.03507655124300741,8.246611092209319,0.003949182031077511,COMPLETE
906,0.13719085394307046,0.04126167784448783,56.305177389182894,0.6299901326033984,COMPLETE
907,0.12619158722751816,0.042842319618931334,0.011864679974083294,1.834530898067978,COMPLETE
908,0.1289914005732951,0.04262678898868855,6283.120401032437,1.834530898067978,COMPLETE
909,0.12352509832677822,0.04035541207615174,0.011863429302585089,0.004176070140213358,COMPLETE
910,0.13039130724618359,0.039812172988917094,0.2257337667962975,0.054950456384086015,COMPLETE
911,0.13079128058129458,0.042145225024036934,8767.94227631701,0.032221051102807235,COMPLETE
912,0.12605826278248117,0.04213741523903143,5693.1973751478445,0.013517858172829945,COMPLETE
913,0.13132457836144257,0.04453059069495376,3110.1377470169305,0.03746103123329104,COMPLETE
914,0.13185787614159056,0.03883071588130551,3547.732497808199,0.002127503046545811,COMPLETE
915,0.12159189387374175,0.0480727134000661,6283.120401032437,0.04497392952794033,COMPLETE
916,0.12539164055729618,0.04467221690270557,0.26458837202059327,0.007661486697498361,COMPLETE
917,0.12885807612825811,0.03601482337095886,0.06033273675464055,0.0182193293404572,COMPLETE
918,0.13732417838810745,0.03328567202593537,0.0445628178512935,1.834530898067978,COMPLETE
919,0.13259116058929404,0.03881186453515679,0.037817648546941154,0.0034871606239963117,COMPLETE
920,0.13612425838277448,0.03509869841720905,39.35134506408411,0.08476053474139705,COMPLETE
921,0.1342577161522565,0.0376879745740823,0.09946768518122989,8.251388933765819,COMPLETE
922,0.12612492500499967,0.037461871490356374,2.5814205131864316,0.02626512734972538,COMPLETE
923,0.12559162722485168,0.04151928339205475,4414.188047957258,0.48189847926502893,COMPLETE
924,0.12679154723018465,0.03939540325973799,475.56563592421855,0.0182193293404572,COMPLETE
925,0.12279181387907473,0.03996215724662773,3110.1377470169305,16.624125859027064,COMPLETE
926,0.12045863609092727,0.04354677692486048,3110.1377470169305,0.006221277441853538,COMPLETE
927,0.12385840943937071,0.03611444213364992,17.778606421655688,0.00019934963766040533,COMPLETE
928,0.1245916938870742,0.04101920915513963,9104.433573075836,0.04301196475544126,COMPLETE
929,0.13279114725684954,0.038853611920527685,13.765172648524608,81.23405201966396,COMPLETE
930,0.13185787614159056,0.036912006860821626,8.246611092209319,0.003949182031077511,COMPLETE
931,0.13312445836944203,0.0394088921695877,0.07910229025818855,0.2035525216126576,COMPLETE
932,0.1301246583561096,0.041165122715031734,9242.650399328428,0.0019561291351941168,COMPLETE
933,0.12865808946070262,0.03983818356917151,1.7409891370551458,0.0005873620680294338,COMPLETE
934,0.12485834277714819,0.04378762994745073,22.090445414970375,0.00023320836650039695,COMPLETE
935,0.13305779614692353,0.0418545639592153,82.74378490530653,15.659063361009094,COMPLETE
936,0.13332444503699753,0.034794076091329784,148.2838228658068,93.38875723597859,COMPLETE
937,0.1349243383774415,0.03821596300607535,0.01818207409457862,1.834530898067978,COMPLETE
938,0.13172455169655356,0.039908260360756766,8.246611092209319,7.190173693198497,COMPLETE
939,0.12712485834277715,0.0438290970388103,0.21471052339270183,3.0196317685912595,COMPLETE
940,0.12385840943937071,0.037628257383204806,13.765172648524608,0.0037971659912415705,COMPLETE
941,0.12552496500233318,0.04216443344988624,0.098387116098795,0.0007857848241070588,COMPLETE
942,0.13165788947403506,0.035571017156490824,0.11594598382494925,0.0037971659912415705,COMPLETE
943,0.1297913472435171,0.03250816529033827,475.56563592421855,0.011373285719607606,COMPLETE
944,0.13059129391373908,0.041931217765978974,0.38568404593773536,0.0025847668325858233,COMPLETE
945,0.1297913472435171,0.045657831028326976,0.0548630637099102,0.013369753411955218,COMPLETE
946,0.1345243650423305,0.033913856319379244,0.27204190174573323,0.16207729309253507,COMPLETE
947,0.12545830277981468,0.03753216353657947,0.01603861783124278,0.005444909871723835,COMPLETE
948,0.1242583827744817,0.04269782005790669,3.676145151602411,0.7921591618691878,COMPLETE
949,0.12692487167522165,0.03802796222470839,2091.3874884826155,66.15972412667446,COMPLETE
950,0.1351909872675155,0.03790907494684649,723.5185838792518,0.0638114729752724,COMPLETE
951,0.1239917338844077,0.03855506422266679,0.6690760699860392,0.013369753411955218,COMPLETE
952,0.12672488500766615,0.04252042446969359,5593.632645921561,5.025251752320809,COMPLETE
953,0.12665822278514766,0.047600847024317536,0.050249094574372814,31.829479850860494,COMPLETE
954,0.12472501833211119,0.04205492925201136,6283.120401032437,0.00740273177463078,COMPLETE
