number,values_0,values_1,params_delta_deg,params_gamma,params_lambda1,params_lambda2,params_lambda3,params_lambda4,state
3483,0.0408,0.19521189832669417,6.943625321882633,1.0726049388472807,0.4634053899763641,51.0531204742495,0.010117774078155787,7.242135537625552e-11,COMPLETE
3484,0.09745,0.6769379246079305,5.553661359325831,9.777716456062198,2.2526238626393873,51.0531204742495,3.6008094906658137,5.432263014140687e-13,COMPLETE
3485,0.0769,0.5330178144031297,2.792211205495524,6.875144787901625,123.52077947060401,5.054984284069897,11.478928737247317,7.242135537625552e-11,COMPLETE
3486,0.09695,0.5524042704674591,7.051402036894628,7.8078637347278095,0.3474112486367053,546.754814234046,0.021301223080871994,3.0092675819548274e-09,COMPLETE
3487,0.09385,0.5389357775843936,5.719667260978259,9.743864018448043,0.016767417635497637,110.16646134717259,0.01777158201797886,9.787752692175531e-12,COMPLETE
3488,0.0512,0.3067971029525894,2.80010220368001,1.0726049388472807,208.22607295194175,51.0531204742495,0.49106969850296894,5.432263014140687e-13,COMPLETE
3489,0.12325,0.7575005193991575,6.019990742215804,8.741900816624833,2484.344497646969,0.5362196401258538,11.478928737247317,1.9043961097477443e-12,COMPLETE
3490,0.09545,0.744122673514376,7.296565715563787,6.641926976422129,3090.9457533461396,0.12480776742786713,0.01777158201797886,3.407169759582504e-13,COMPLETE
3491,0.05665,0.2677230743689501,7.296565715563787,1.0726049388472807,3.9227007475742597,0.12480776742786713,0.01777158201797886,8.720647859508846e-11,COMPLETE
3492,0.09095,0.6398992569676204,5.719667260978259,6.875144787901625,0.07261268023359602,0.4878712301792302,0.010490863545892863,8.564477591299451e-11,COMPLETE
3493,0.1093,0.7353383108316459,5.989976616159035,8.741900816624833,2484.344497646969,5.054984284069897,11.478928737247317,1.621364679176634e-08,COMPLETE
3494,0.05725,0.014479987328470114,7.051402036894628,1.0726049388472807,208.22607295194175,546.754814234046,0.010117774078155787,7.242135537625552e-11,COMPLETE
3495,0.06325,0.2003007665264372,7.296565715563787,6.641926976422129,3090.9457533461396,454.5380013443715,0.733544937395448,8.720647859508846e-11,COMPLETE
3496,0.06,0.27783590555256216,3.7523591558107,1.0726049388472807,0.4634053899763641,110.16646134717259,3.6008094906658137,1.7411112824373338e-14,COMPLETE
3497,0.07875,0.6590538477557134,7.051402036894628,6.641926976422129,87.0446821097491,13.196540862554182,3.6008094906658137,1.9043961097477443e-12,COMPLETE
3498,0.05165,0.22622312639934836,5.553661359325831,1.0726049388472807,2.2526238626393873,0.34690773463953,0.12912377204487277,5.432263014140687e-13,COMPLETE
3499,0.08735,0.5985660192232928,6.019990742215804,3.786492049701135,123.52077947060401,0.06857317261521613,12.549082694764847,3.649569116806477e-06,COMPLETE
3500,0.1098,0.6055375763467987,6.943625321882633,9.890916012877245,7843.277665583187,3.858204027730059,0.11060646004395691,3.4081136242549416e-08,COMPLETE
3501,0.0492,0.3147170802719174,2.8467952672042545,1.7519510271087413,1.8442663426239594,8.394196853688406,4.230818933588808,1.5335060532903536e-12,COMPLETE
3502,0.0719,0.5507699971869648,7.051402036894628,7.8078637347278095,0.1784805460542277,0.06857317261521613,3.6008094906658137,1.9043961097477443e-12,COMPLETE
3503,0.0572,0.283253407299027,6.019990742215804,1.2997368745646833,2.2526238626393873,51.0531204742495,3.6008094906658137,3.811801850956625e-07,COMPLETE
3504,0.06585,0.5259212148537116,6.019990742215804,7.8078637347278095,0.1784805460542277,0.5362196401258538,3.6008094906658137,1.9043961097477443e-12,COMPLETE
3505,0.09165,0.5332158744870734,3.8676447164257093,7.8078637347278095,3.574618242126413,0.4585700152063676,3.6008094906658137,1.9043961097477443e-12,COMPLETE
3506,0.06505,0.49516541671841396,7.296565715563787,9.890916012877245,12.412723646412944,107.59872434463156,34.574222073764446,0.0022227311387210116,COMPLETE
3507,0.04745,0.5094456888192179,4.812614441890751,2.2991799521485987,0.016767417635497637,115.71255119018926,2.606433764399818,7.242135537625552e-11,COMPLETE
3508,0.04485,0.22757799878447962,6.943625321882633,1.0726049388472807,0.4634053899763641,4.006173959705789,0.764092524644605,3.340580896265526e-11,COMPLETE
3509,0.0882,0.7776858112194427,7.051402036894628,6.875144787901625,208.22607295194175,0.08143726543969673,0.49106969850296894,5.521087576123659e-10,COMPLETE
3510,0.07445,0.47463337226075125,3.7523591558107,2.2991799521485987,12.412723646412944,110.16646134717259,2.606433764399818,8.720647859508846e-11,COMPLETE
3511,0.07045,0.6858354360560552,7.296565715563787,9.890916012877245,0.4634053899763641,0.20773622156261484,0.764092524644605,9.283734102547479e-10,COMPLETE
3512,0.0908,0.5451273640166869,7.051402036894628,7.8078637347278095,0.3474112486367053,0.06857317261521613,0.11060646004395691,1.9043961097477443e-12,COMPLETE
3513,0.04535,0.3037992567108757,0.40361473089826916,1.0726049388472807,0.4634053899763641,546.754814234046,0.010117774078155787,9.787752692175531e-12,COMPLETE
3514,0.0666,0.22221882973695956,6.774364187267729,2.2991799521485987,0.028328233821644146,110.16646134717259,0.01777158201797886,4.710876379468397e-06,COMPLETE
3515,0.04225,0.20464392292651593,3.7523591558107,1.0726049388472807,0.4634053899763641,0.48332692499366325,0.08992866171717696,1.7411112824373338e-14,COMPLETE
3516,0.14045,0.7904191336823293,6.943625321882633,9.890916012877245,3090.9457533461396,0.009707433566872849,7.67120787334231,3.407169759582504e-13,COMPLETE
3517,0.1005,0.6558212743967051,7.296565715563787,6.641926976422129,12.412723646412944,0.047570004104159534,3.513275826593914,8.720647859508846e-11,COMPLETE
3518,0.0781,0.5472940337432297,6.351039989269435,3.1788912454430323,2661.553121751245,107.59872434463156,17.543999742650467,7.423057353111367e-13,COMPLETE
3519,0.07495,0.5238685204882044,5.737563905734309,9.890916012877245,0.05949423982407924,0.047570004104159534,2.606433764399818,2.234326522814866e-10,COMPLETE
3520,0.0586,0.302514575144301,5.439590829177734,1.4191848546290413,0.02699093822812187,1.5630282565660134,0.47643080785317476,1.9897264125379086e-06,COMPLETE
3521,0.0863,0.6479336786412287,6.943625321882633,3.786492049701135,123.52077947060401,0.06857317261521613,6.756704647801911,7.242135537625552e-11,COMPLETE
3522,0.0843,0.7091907806396271,5.686980021608849,6.875144787901625,123.52077947060401,0.06857317261521613,59.2437895529571,7.889041452908569e-08,COMPLETE
3523,0.1028,0.7104000739662216,7.296565715563787,6.641926976422129,1853.4729348688686,0.06857317261521613,0.010117774078155787,2.556898659242752e-09,COMPLETE
3524,0.0651,0.5273641354660922,4.958426658725357,7.8078637347278095,0.4634053899763641,0.5362196401258538,3.6008094906658137,1.9043961097477443e-12,COMPLETE
3525,0.1029,0.8038315424538323,7.051402036894628,6.875144787901625,208.22607295194175,0.08755680934938086,0.1548126775531122,5.432263014140687e-13,COMPLETE
3526,0.0615,0.2714706579732658,6.943625321882633,3.037897120979533,1.6501157194715061,546.754814234046,0.010117774078155787,1.7411112824373338e-14,COMPLETE
3527,0.1389,0.8370940790690995,6.943625321882633,9.890916012877245,3090.9457533461396,0.06857317261521613,0.11060646004395691,2.371534547441559e-13,COMPLETE
3528,0.0866,0.6973939624108544,7.051402036894628,3.9944594338373487,208.22607295194175,0.08755680934938086,0.49106969850296894,5.314026320276268e-08,COMPLETE
3529,0.0858,0.47629777114823535,1.6496111402634273,6.641926976422129,0.07261268023359602,0.06857317261521613,15.176827532136254,2.2563515925025537e-09,COMPLETE
3530,0.1143,0.6264358675424152,5.989976616159035,3.1788912454430323,2661.553121751245,5.054984284069897,0.7422217965057676,1.621364679176634e-08,COMPLETE
3531,0.1007,0.8491164138354181,4.335111916469993,9.890916012877245,2661.553121751245,0.06857317261521613,0.18553129556620213,7.242135537625552e-11,COMPLETE
3532,0.1068,0.647756952490354,4.958426658725357,8.359124144204223,2.2526238626393873,0.0022293411443320356,3.6008094906658137,1.082668647136393e-08,COMPLETE
3533,0.0636,0.5312316141716429,1.7168411112344564,8.359124144204223,1.9562826277387932,3.858204027730059,59.2437895529571,3.0541645143911065e-11,COMPLETE
3534,0.05925,0.3876712113558466,4.335111916469993,3.1788912454430323,0.4634053899763641,1.2594502646806938,3.6008094906658137,7.242135537625552e-11,COMPLETE
3535,0.05335,0.2537395347471828,6.943625321882633,1.0726049388472807,3.9227007475742597,0.06857317261521613,0.010117774078155787,1.7411112824373338e-14,COMPLETE
3536,0.1188,0.778344278628929,6.103623020551158,9.890916012877245,123.52077947060401,0.047570004104159534,80.46577679760097,4.28505824412308e-12,COMPLETE
3537,0.0862,0.5392971112398917,5.719667260978259,6.875144787901625,10.057975320702074,1.5630282565660134,3.6008094906658137,3.787929895519139e-07,COMPLETE
3538,0.09435,0.7868698319042268,7.296565715563787,6.641926976422129,2661.553121751245,5.054984284069897,11.478928737247317,7.242135537625552e-11,COMPLETE
3539,0.04645,0.3324285433432113,7.051402036894628,1.8737694239765987,0.07261268023359602,1.2594502646806938,17.543999742650467,7.242135537625552e-11,COMPLETE
3540,0.1024,0.7326908020198438,6.019990742215804,6.875144787901625,123.52077947060401,0.06857317261521613,3.6008094906658137,5.521087576123659e-10,COMPLETE
3541,0.101,0.6595166204785264,3.7523591558107,9.890916012877245,0.11862116357168734,110.16646134717259,2.606433764399818,4.555161903103474e-11,COMPLETE
3542,0.06815,0.04293631300860758,6.943625321882633,1.0726049388472807,165.62896911632876,114.90858580432828,0.010117774078155787,7.242135537625552e-11,COMPLETE
3543,0.0917,0.09156529132403107,6.943625321882633,7.242098619980624,2095.587057794697,186.9306125540257,0.11060646004395691,3.407169759582504e-13,COMPLETE
3544,0.07015,0.5663557343710206,7.296565715563787,6.875144787901625,0.07261268023359602,0.4878712301792302,3.220088949721492,8.720647859508846e-11,COMPLETE
3545,0.12295,0.7167090198656807,6.943625321882633,9.890916012877245,3090.9457533461396,0.5362196401258538,0.11060646004395691,3.407169759582504e-13,COMPLETE
3546,0.06315,0.4699225037673442,7.296565715563787,2.8381544709549926,0.6975592224319972,0.06857317261521613,0.01777158201797886,7.742831187650925e-12,COMPLETE
3547,0.09365,0.6001199799778411,4.797597292147365,3.3801923275388828,1.8442663426239594,0.3710234766141632,0.022339618305084064,3.407169759582504e-13,COMPLETE
3548,0.0679,0.15372746091923045,5.276988961598319,1.2988454855318023,208.22607295194175,6.899614302283617,2.606433764399818,0.0006815274324700364,COMPLETE
3549,0.0556,0.3886268014645736,6.351039989269435,2.5118580794078285,1.9562826277387932,3.858204027730059,34.574222073764446,3.0541645143911065e-11,COMPLETE
3550,0.1036,0.6902203005859143,3.1343949151900192,6.875144787901625,208.22607295194175,0.08755680934938086,0.49106969850296894,5.521087576123659e-10,COMPLETE
3551,0.1214,0.7733769188645632,4.797597292147365,9.890916012877245,3090.9457533461396,0.047570004104159534,0.764092524644605,1.9897264125379086e-06,COMPLETE
3552,0.08305,0.14631515201468193,7.491453905458799,2.069083884103123,0.1784805460542277,0.00676016359277298,0.013697656472074115,3.6471519078170324e-06,COMPLETE
3553,0.0564,0.2284780400200812,5.686980021608849,1.0726049388472807,0.4634053899763641,546.754814234046,59.2437895529571,4.331365543927414e-05,COMPLETE
3554,0.10475,0.6782584950822415,5.173583684614153,6.875144787901625,123.52077947060401,1.5630282565660134,0.3359486683616324,3.787929895519139e-07,COMPLETE
3555,0.03665,0.12284100971424261,6.943625321882633,1.0726049388472807,3.9227007475742597,546.754814234046,0.010117774078155787,1.7411112824373338e-14,COMPLETE
3556,0.06105,0.3719850530966099,4.812614441890751,2.2991799521485987,0.06250957461201935,0.00154055737752604,2.606433764399818,7.242135537625552e-11,COMPLETE
3557,0.0793,0.5824272656582951,4.958426658725357,8.359124144204223,2.2526238626393873,1.5630282565660134,3.6008094906658137,3.0541645143911065e-11,COMPLETE
3558,0.0934,0.66652553609813,4.3924555413160284,5.491083554135927,9.45532285319647,0.002016671616870569,34.574222073764446,8.720647859508846e-11,COMPLETE
3559,0.0777,0.5666024525499427,7.051402036894628,9.890916012877245,0.07261268023359602,0.08143726543969673,1.1961286443235215,1.2412483488179038e-07,COMPLETE
3560,0.0937,0.6646075304758091,7.296565715563787,9.890916012877245,12.412723646412944,107.59872434463156,34.574222073764446,8.720647859508846e-11,COMPLETE
3561,0.0773,0.5076186472493514,4.958426658725357,5.931656396581594,2.2526238626393873,1.5630282565660134,3.6008094906658137,5.432263014140687e-13,COMPLETE
3562,0.09125,0.566881775458379,3.7523591558107,8.359124144204223,0.4634053899763641,110.16646134717259,4.230818933588808,1.5335060532903536e-12,COMPLETE
3563,0.1015,0.5958015142132228,6.943625321882633,9.890916012877245,3090.9457533461396,186.9306125540257,2.5245438758434986,9.297074674879823e-08,COMPLETE
3564,0.0904,0.8117354707048131,7.491453905458799,6.875144787901625,123.52077947060401,0.06857317261521613,0.4537212433343251,8.564477591299451e-11,COMPLETE
3565,0.0554,0.4056616379142362,7.051402036894628,2.984566102364234,0.07261268023359602,0.08143726543969673,1.1961286443235215,8.564477591299451e-11,COMPLETE
3566,0.0604,0.20368424010057737,3.0455122299916,1.0726049388472807,0.07261268023359602,43.54051839557317,5.192615578479196,5.521087576123659e-10,COMPLETE
3567,0.06475,0.4628161020098921,6.019990742215804,3.786492049701135,0.3474112486367053,0.06857317261521613,12.549082694764847,1.9043961097477443e-12,COMPLETE
3568,0.0682,0.5371421858000995,7.296565715563787,7.242098619980624,0.4634053899763641,0.047570004104159534,34.574222073764446,1.3305764127640516e-11,COMPLETE
3569,0.0842,0.5823408244046218,7.296565715563787,9.890916012877245,0.0757058773646021,0.05564315315248067,2.5245438758434986,3.407169759582504e-13,COMPLETE
3570,0.11845,0.7391753326233942,6.943625321882633,6.375651389137384,208.22607295194175,0.047570004104159534,0.010490863545892863,3.407169759582504e-13,COMPLETE
3571,0.08955,0.56196030577185,3.4975851452248508,3.786492049701135,12.412723646412944,107.59872434463156,12.549082694764847,8.720647859508846e-11,COMPLETE
3572,0.07905,0.4165332311463442,1.7763567229987405,3.786492049701135,0.4634053899763641,0.06857317261521613,0.045294466165967565,1.9043961097477443e-12,COMPLETE
3573,0.0766,0.47672768125120357,5.686980021608849,6.875144787901625,0.4634053899763641,3.858204027730059,59.2437895529571,3.0092675819548274e-09,COMPLETE
3574,0.0533,0.2279493554485357,6.943625321882633,1.0726049388472807,0.4634053899763641,0.06857317261521613,5.192615578479196,3.0092675819548274e-09,COMPLETE
3575,0.0883,0.6161197412552358,7.296565715563787,7.242098619980624,12.412723646412944,115.71255119018926,34.574222073764446,7.242135537625552e-11,COMPLETE
3576,0.08955,0.5786447247454966,1.799887946672508,7.242098619980624,3090.9457533461396,107.59872434463156,34.574222073764446,1.82218856673294e-11,COMPLETE
3577,0.08325,0.78445067175575,5.553661359325831,8.741900816624833,2484.344497646969,5.054984284069897,11.478928737247317,7.242135537625552e-11,COMPLETE
3578,0.0869,0.4488453661531673,0.568376679880326,3.125186472270982,123.52077947060401,110.16646134717259,0.11060646004395691,5.521087576123659e-10,COMPLETE
3579,0.0517,0.3247350591579979,6.943625321882633,1.5221902309752111,0.022401936527729656,0.08755680934938086,0.49106969850296894,5.521087576123659e-10,COMPLETE
3580,0.0522,0.1817259500592907,7.051402036894628,1.0726049388472807,0.4634053899763641,546.754814234046,0.010117774078155787,2.234326522814866e-10,COMPLETE
3581,0.0723,0.3767466910096328,4.335111916469993,3.1788912454430323,0.017975949624016854,1.2594502646806938,17.543999742650467,7.242135537625552e-11,COMPLETE
3582,0.1014,0.5829369375025992,4.812614441890751,8.359124144204223,0.016767417635497637,186.9306125540257,3.6008094906658137,7.242135537625552e-11,COMPLETE
3583,0.04705,0.22878687375961232,6.943625321882633,1.0726049388472807,0.09769760899019762,0.047570004104159534,1.3982607209709945,7.242135537625552e-11,COMPLETE
3584,0.09095,0.633829658043877,4.797597292147365,7.8078637347278095,0.3474112486367053,32.65151083393804,0.764092524644605,3.407169759582504e-13,COMPLETE
3585,0.0352,0.14046220133732076,5.719667260978259,1.0726049388472807,0.016767417635497637,546.754814234046,0.01777158201797886,3.0092675819548274e-09,COMPLETE
3586,0.0682,0.4925159096093273,7.491453905458799,6.875144787901625,0.08936935767062652,0.06857317261521613,6.282393807857707,3.787929895519139e-07,COMPLETE
3587,0.0956,0.6396310139308571,6.943625321882633,6.641926976422129,0.07261268023359602,0.12480776742786713,0.01777158201797886,1.7025566103408043e-11,COMPLETE
3588,0.0698,0.47753218343299114,1.8093888508575895,8.359124144204223,2.2526238626393873,1.5630282565660134,14.732118064935978,2.2563515925025537e-09,COMPLETE
3589,0.10575,0.6072993314318464,5.967455074145009,8.359124144204223,0.3984952323663929,51.0531204742495,4.230818933588808,3.649569116806477e-06,COMPLETE
3590,0.08025,0.42792294595354513,6.351039989269435,2.119560204328685,12.412723646412944,0.06857317261521613,0.11060646004395691,5.521087576123659e-10,COMPLETE
3591,0.0605,0.32491930630091304,6.943625321882633,1.0726049388472807,8.848626160253092,5.584040944807099,0.01777158201797886,2.839414018376779e-07,COMPLETE
3592,0.0756,0.5698171188233814,6.943625321882633,9.890916012877245,0.4634053899763641,0.047570004104159534,5.4301111060934595,3.0092675819548274e-09,COMPLETE
3593,0.0986,0.522432603813038,6.943625321882633,6.875144787901625,3090.9457533461396,2.4241604798671252,0.28638625236688264,4.331365543927414e-05,COMPLETE
3594,0.08015,0.7013776094349559,7.051402036894628,8.359124144204223,208.22607295194175,1.5630282565660134,3.6008094906658137,3.0541645143911065e-11,COMPLETE
3595,0.0796,0.3934927554086163,5.719667260978259,2.2991799521485987,0.016767417635497637,110.16646134717259,0.01777158201797886,9.787752692175531e-12,COMPLETE
3596,0.0597,0.4159392654926081,6.760905475237823,1.0726049388472807,208.22607295194175,0.1013397086496358,0.01777158201797886,2.3105558352981655e-13,COMPLETE
3597,0.1001,0.7443808988474079,6.019990742215804,7.8078637347278095,1365.9795109508957,0.006348046891868086,0.18612956210891068,2.3588967315724986e-12,COMPLETE
3598,0.0773,0.11807964057552783,3.972147972321078,7.8078637347278095,208.22607295194175,4.303702534053087,0.01777158201797886,1.9043961097477443e-12,COMPLETE
3599,0.0678,0.23095109516624626,2.8467952672042545,1.0726049388472807,11.210143547439165,51.0531204742495,4.230818933588808,1.5335060532903536e-12,COMPLETE
3600,0.08855,0.5104096201331972,3.1292294406385848,7.989565637327375,55.690542744888425,1.2594502646806938,17.543999742650467,3.407169759582504e-13,COMPLETE
3601,0.1317,0.7875647288181415,7.491453905458799,9.890916012877245,123.52077947060401,0.047570004104159534,0.059873914385622784,3.787929895519139e-07,COMPLETE
3602,0.1237,0.5558734198950366,4.797597292147365,6.875144787901625,892.2969816917366,3.858204027730059,0.764092524644605,4.331365543927414e-05,COMPLETE
3603,0.1018,0.7424478896411795,1.5647361652668017,6.875144787901625,1578.975479978281,0.08755680934938086,0.026243069973063637,5.521087576123659e-10,COMPLETE
3604,0.07315,0.45575148579025426,5.686980021608849,2.5118580794078285,1.9562826277387932,3.858204027730059,1.1961286443235215,2.1811143402963018e-10,COMPLETE
3605,0.0454,0.22311991207699197,1.969929682603818,1.0726049388472807,0.4634053899763641,31.23737291514751,0.010117774078155787,3.0092675819548274e-09,COMPLETE
3606,0.0762,0.49837229952796713,1.1977206731601633,6.641926976422129,0.4634053899763641,1.2594502646806938,34.574222073764446,2.200625161432269e-11,COMPLETE
3607,0.10375,0.7942800807578482,7.296565715563787,6.641926976422129,2661.553121751245,1.2594502646806938,17.543999742650467,8.720647859508846e-11,COMPLETE
3608,0.06995,0.43056698202919014,6.943625321882633,2.081991355549592,104.61067826393281,0.3710234766141632,80.46577679760097,3.649569116806477e-06,COMPLETE
3609,0.05105,0.29998487146263086,6.351039989269435,1.0726049388472807,0.4634053899763641,107.59872434463156,0.0962631623695263,3.0541645143911065e-11,COMPLETE
3610,0.1013,0.7018864728965647,7.051402036894628,3.9944594338373487,123.52077947060401,0.08755680934938086,0.069695554382358,5.314026320276268e-08,COMPLETE
3611,0.1208,0.4954330640605483,6.351039989269435,1.0726049388472807,363.9778189191896,0.047570004104159534,34.574222073764446,2.234326522814866e-10,COMPLETE
3612,0.04285,0.36717305151157587,7.051402036894628,2.2991799521485987,0.016767417635497637,0.4878712301792302,8.213868348493142,8.564477591299451e-11,COMPLETE
3613,0.1025,0.6754011688884519,7.051402036894628,3.9944594338373487,2661.553121751245,0.0015101030961527518,0.49106969850296894,8.720647859508846e-11,COMPLETE
3614,0.10265,0.585315700039056,3.859604096962893,8.359124144204223,5.626680129521508,110.16646134717259,3.6008094906658137,3.0541645143911065e-11,COMPLETE
3615,0.0908,0.7704686744469548,5.075226180853811,9.890916012877245,3090.9457533461396,5.054984284069897,2.5245438758434986,3.407169759582504e-13,COMPLETE
3616,0.1122,0.7904271389554531,5.553661359325831,6.875144787901625,208.22607295194175,0.1013397086496358,0.44035739571937466,5.432263014140687e-13,COMPLETE
3617,0.0929,0.6025900438467793,6.019990742215804,7.8078637347278095,0.4634053899763641,546.754814234046,5.192615578479196,5.979756394926687e-11,COMPLETE
3618,0.0826,0.7496563170880443,6.943625321882633,7.660060737717503,12.412723646412944,0.047570004104159534,0.764092524644605,3.407169759582504e-13,COMPLETE
3619,0.07885,0.5085526068622431,5.004133350311897,6.641926976422129,0.07261268023359602,0.12480776742786713,0.4955938566643088,7.242135537625552e-11,COMPLETE
3620,0.10515,0.8971293554011045,7.051402036894628,9.890916012877245,1365.9795109508957,0.047570004104159534,0.49106969850296894,2.234326522814866e-10,COMPLETE
3621,0.07485,0.17871578459196724,6.943625321882633,9.890916012877245,3090.9457533461396,546.754814234046,0.11060646004395691,1.7411112824373338e-14,COMPLETE
