number,values_0,values_1,params_delta_deg,params_gamma,params_lambda1,params_lambda3,state
3428,0.1252,0.8247386027733633,6.729464897501328,5.8081057233180955,359.71457230765833,0.7306953052604724,COMPLETE
3429,0.0781,0.42965861482069656,7.321806062638004,1.0340435745788543,692.5878120600468,0.5985950343657075,COMPLETE
3430,0.08415,0.4991789686685367,7.489439152524652,1.8106534183711205,359.71457230765833,0.2944924768920615,COMPLETE
3431,0.1102,0.4885471047558643,7.489439152524652,3.0156649020845308,1476.1251734596226,0.01322477665211861,COMPLETE
3432,0.13585,0.8506206592481612,7.489439152524652,9.988586281068551,1476.1251734596226,60.34591917921575,COMPLETE
3433,0.07785,0.43317906263494615,7.3549742250053765,3.0638630129150126,0.061530195681195304,0.5985950343657075,COMPLETE
3434,0.09445,0.2569452154871813,7.339695485358947,1.1679739768270172,153.2860257697558,0.7306953052604724,COMPLETE
3435,0.1007,0.6305671207542433,7.489439152524652,9.988586281068551,0.022872403443138362,0.5985950343657075,COMPLETE
3436,0.10045,0.5804230178587437,7.489439152524652,9.988586281068551,0.022872403443138362,1.526275265602974,COMPLETE
3437,0.09535,0.6966438798549436,7.489439152524652,8.418374689108267,0.019315069618518407,2.1102891532478085,COMPLETE
3438,0.0799,0.425079553408499,7.489439152524652,1.5525615162873339,359.71457230765833,13.737135040054913,COMPLETE
3439,0.13125,0.8414165849680468,7.489439152524652,6.1605220973732475,370.4654137880751,0.5985950343657075,COMPLETE
3440,0.1119,0.7386766239031493,7.339695485358947,9.988586281068551,43.6957618553681,3.646616628444733,COMPLETE
3441,0.0797,0.4529933068519436,4.675117783360348,3.0156649020845308,61.128832411058866,0.7306953052604724,COMPLETE
3442,0.1062,0.5934136436929274,7.339695485358947,3.775563486220683,0.4111694316312813,0.024972857977992174,COMPLETE
3443,0.10305,0.6659189383216699,7.321806062638004,3.0638630129150126,359.71457230765833,0.5985950343657075,COMPLETE
3444,0.08805,0.5933888988617394,7.489439152524652,6.612639322764853,6.48522403315561,1.3157650113770214,COMPLETE
3445,0.0604,0.1498121242526591,7.339695485358947,1.0340435745788543,0.0465254297299156,0.5985950343657075,COMPLETE
3446,0.09555,0.47754884737131387,2.2872347914117457,9.988586281068551,111.18850587297112,13.737135040054913,COMPLETE
3447,0.1161,0.7235884119590887,7.489439152524652,8.418374689108267,116.68218004772335,1.8602957309646184,COMPLETE
3448,0.07465,0.3266116537631836,7.489439152524652,1.4072952555720888,153.2860257697558,4.792699168837896,COMPLETE
3449,0.1112,0.6988687852551649,6.832298223561225,8.418374689108267,112.323925330586,2.1102891532478085,COMPLETE
3450,0.09205,0.5561845879084831,7.321806062638004,5.500595080498222,0.4111694316312813,0.5985950343657075,COMPLETE
3451,0.08475,0.502293320638138,7.489439152524652,3.0156649020845308,61.128832411058866,0.5985950343657075,COMPLETE
3452,0.08505,0.4666666168227941,5.681358401216625,5.196045314781185,3.974547176750094,1.526275265602974,COMPLETE
3453,0.1375,0.8979516388184832,7.489439152524652,8.418374689108267,1575.9369216711668,2.1102891532478085,COMPLETE
3454,0.0743,0.17520350478005414,7.339695485358947,1.0340435745788543,30.54779366423335,0.5985950343657075,COMPLETE
3455,0.10175,0.47391519865754145,2.8779172014773358,9.933529862520766,2.4792588435669867,1.526275265602974,COMPLETE
3456,0.12035,0.6394203451016855,4.122521726411296,2.195218904889921,1575.9369216711668,0.2944924768920615,COMPLETE
3457,0.1166,0.45009036658391904,1.7946593258002077,9.988586281068551,2.4792588435669867,0.2944924768920615,COMPLETE
3458,0.07265,0.3433439589676534,7.489439152524652,2.195218904889921,4.6216117253800055,0.5985950343657075,COMPLETE
3459,0.13325,0.886249750900151,7.489439152524652,9.988586281068551,359.71457230765833,2.5531648778881637,COMPLETE
3460,0.0811,0.47600270985044874,5.334411901674462,3.1109816593785697,112.323925330586,1.526275265602974,COMPLETE
3461,0.06645,0.2275122739557567,7.489439152524652,1.2992706708708701,0.061530195681195304,0.13391944103899936,COMPLETE
3462,0.0691,0.2029609987755401,7.489439152524652,1.3674974069946337,0.21095777458485312,2.1102891532478085,COMPLETE
3463,0.13635,0.8926189368065223,7.489439152524652,9.988586281068551,1476.1251734596226,4.792699168837896,COMPLETE
3464,0.11495,0.773956984006863,7.489439152524652,8.418374689108267,156.57334966779806,1.8602957309646184,COMPLETE
3465,0.1008,0.5959242127706402,5.156994118992101,2.7187634325065777,560.4775189597802,0.5985950343657075,COMPLETE
3466,0.10425,0.6884060537710041,7.489439152524652,2.93674834704511,1575.9369216711668,2.1102891532478085,COMPLETE
3467,0.09555,0.490476393030308,4.92963798500106,9.988586281068551,0.48160356426463263,0.5985950343657075,COMPLETE
3468,0.08115,0.42436085516790545,2.2387919300586736,2.7187634325065777,215.05696312501925,12.146893267526337,COMPLETE
3469,0.0723,0.15123344668602062,5.334411901674462,1.1938657414826843,0.022872403443138362,1.526275265602974,COMPLETE
3470,0.0839,0.3101350645706199,6.666959706638387,1.7560111640095153,46.291176092712185,0.5985950343657075,COMPLETE
3471,0.13265,0.741133128565599,4.2376248058725325,8.841368474310277,1476.1251734596226,6.264867031145251,COMPLETE
3472,0.15175,0.8823821916764593,7.489439152524652,9.988586281068551,1476.1251734596226,1.526275265602974,COMPLETE
3473,0.09645,0.6056246009991414,6.09066196939423,8.418374689108267,4.6216117253800055,0.5985950343657075,COMPLETE
3474,0.1134,0.506311078703465,3.799551183129501,7.639970758565217,0.2748384141654528,0.7306953052604724,COMPLETE
3475,0.1038,0.599582831154107,7.489439152524652,8.529593119984648,0.48160356426463263,0.5985950343657075,COMPLETE
3476,0.10055,0.47805715471062565,4.390054301754714,9.988586281068551,0.061530195681195304,4.792699168837896,COMPLETE
3477,0.10785,0.7258460947312806,7.321806062638004,8.418374689108267,30.54779366423335,0.5985950343657075,COMPLETE
3478,0.1077,0.6772632664920181,7.489439152524652,9.988586281068551,0.022872403443138362,1.526275265602974,COMPLETE
3479,0.0633,0.13992954532356286,7.321806062638004,1.0000874311382033,0.08922984244589945,4.792699168837896,COMPLETE
3480,0.10065,0.6697934670770578,7.489439152524652,5.513104631062516,71.24028349344489,2.1102891532478085,COMPLETE
3481,0.1249,0.7701609498220977,7.489439152524652,9.767312130896007,153.2860257697558,13.737135040054913,COMPLETE
3482,0.0812,0.17752019681893697,4.203756810347998,1.2992706708708701,2.4792588435669867,0.2944924768920615,COMPLETE
3483,0.09025,0.6446852225483106,7.321806062638004,8.283244821457274,0.5529959922862323,1.3964044847064154,COMPLETE
3484,0.0608,0.274873100563632,7.398979747077997,1.775957688444912,0.022872403443138362,0.5985950343657075,COMPLETE
3485,0.08895,0.5557283299792686,6.812644630608508,8.418374689108267,4.538783556974162,37.25076774430422,COMPLETE
3486,0.13815,0.8892646048172465,7.489439152524652,9.988586281068551,1476.1251734596226,4.792699168837896,COMPLETE
3487,0.0714,0.281146193650282,4.888741914308159,1.2992706708708701,0.022872403443138362,0.02007693510278496,COMPLETE
3488,0.0831,0.5144837519899629,7.339695485358947,3.7077075638100734,30.54779366423335,0.7306953052604724,COMPLETE
3489,0.12035,0.4933417259596568,6.223957040111202,2.7187634325065777,560.4775189597802,0.03961195820789001,COMPLETE
3490,0.10105,0.5735513861099549,6.666959706638387,9.988586281068551,0.022872403443138362,12.146893267526337,COMPLETE
3491,0.08035,0.3086900737014178,7.398979747077997,2.4648460612596095,1.0450188029740042,0.5985950343657075,COMPLETE
3492,0.08415,0.42952311469688936,1.803170009146012,3.0638630129150126,331.8233502721085,4.792699168837896,COMPLETE
3493,0.13705,0.8680146352131797,7.489439152524652,9.988586281068551,1476.1251734596226,4.792699168837896,COMPLETE
3494,0.12885,0.6913707065306095,1.9424310489405916,8.418374689108267,359.71457230765833,0.05195545032481974,COMPLETE
3495,0.08255,0.15097686568861945,0.12215583022210118,1.0340435745788543,0.3809240723376463,0.010533177202369357,COMPLETE
3496,0.092,0.47839622642828916,7.489439152524652,6.612639322764853,2.428638297450127,14.812169448974496,COMPLETE
3497,0.07965,0.36858999774312307,7.489439152524652,3.0156649020845308,0.061530195681195304,0.5985950343657075,COMPLETE
3498,0.07945,0.47467873507618313,7.489439152524652,3.0638630129150126,30.263627998438107,0.5985950343657075,COMPLETE
3499,0.0854,0.37492005205507745,7.339695485358947,1.848367087764542,112.323925330586,1.3157650113770214,COMPLETE
3500,0.1077,0.6840216922035418,7.489439152524652,2.535063692309998,1209.6454426426224,0.7934952697132324,COMPLETE
3501,0.1161,0.7724580827450104,7.489439152524652,7.639970758565217,153.2860257697558,2.1102891532478085,COMPLETE
3502,0.07695,0.28037597132632597,7.339695485358947,2.266706893974273,0.5529959922862323,21.646619319954524,COMPLETE
3503,0.0666,0.22313088758655303,7.339695485358947,1.2992706708708701,0.4111694316312813,0.5985950343657075,COMPLETE
3504,0.13175,0.8018803590819512,4.033822744940598,9.988586281068551,1476.1251734596226,4.792699168837896,COMPLETE
3505,0.1383,0.866489037322236,6.023691739413453,9.988586281068551,1476.1251734596226,4.792699168837896,COMPLETE
3506,0.1327,0.8196328381221772,4.431570488126525,9.933529862520766,560.4775189597802,1.526275265602974,COMPLETE
3507,0.1446,0.8801248816002575,7.489439152524652,8.418374689108267,1058.7609117699067,2.1102891532478085,COMPLETE
3508,0.0703,0.13137516493275067,7.489439152524652,1.0000874311382033,0.4111694316312813,4.792699168837896,COMPLETE
3509,0.1209,0.7965812834047032,7.339695485358947,7.639970758565217,118.47869673740527,0.7306953052604724,COMPLETE
3510,0.1001,0.6248803259606014,7.321806062638004,7.774192976603129,39.428407693923226,11.34645454198699,COMPLETE
3511,0.08815,0.4284830804831778,3.3248536804457727,4.101823977297871,0.48160356426463263,0.5985950343657075,COMPLETE
3512,0.07995,0.501324955351833,7.489439152524652,1.7016896627123075,359.71457230765833,1.3157650113770214,COMPLETE
3513,0.081,0.3501393370158264,6.314800085924504,2.5909511572983366,2.4792588435669867,0.8066172090490491,COMPLETE
3514,0.10265,0.6496141095185214,7.489439152524652,3.0638630129150126,359.71457230765833,2.1102891532478085,COMPLETE
3515,0.0809,0.500384027617581,7.489439152524652,2.407722407987984,252.46186145128087,1.8602957309646184,COMPLETE
3516,0.1039,0.6564090469213689,7.489439152524652,2.347155944128823,1476.1251734596226,2.088572968907801,COMPLETE
3517,0.0774,0.426009449605228,5.771040942769903,1.0340435745788543,1476.1251734596226,1.010558986363453,COMPLETE
3518,0.06045,0.23188161137883825,7.489439152524652,1.3330152272922624,4.6216117253800055,0.5985950343657075,COMPLETE
3519,0.09245,0.5531221834484129,7.489439152524652,8.418374689108267,2.7440083411806357,1.8602957309646184,COMPLETE
3520,0.09805,0.5440533213171224,3.1701403706165974,9.988586281068551,2.4792588435669867,0.16278011320337743,COMPLETE
3521,0.0939,0.4931732330172771,5.443169702125653,1.551397150514549,1476.1251734596226,80.7406939705012,COMPLETE
3522,0.10465,0.6597802470467958,7.489439152524652,8.418374689108267,8.676557319115458,0.5985950343657075,COMPLETE
3523,0.0911,0.5052972525688663,7.339695485358947,7.451337432117496,6.040329797871905,11.34645454198699,COMPLETE
3524,0.1055,0.6921574674824438,7.321806062638004,3.0638630129150126,1688.3846346819648,12.146893267526337,COMPLETE
3525,0.09565,0.6752776646990872,7.489439152524652,2.9583122982594694,359.71457230765833,0.5985950343657075,COMPLETE
3526,0.08995,0.458624893584099,7.489439152524652,2.195218904889921,10.590434659746853,0.031173038926967232,COMPLETE
3527,0.0956,0.6252958096097073,7.398979747077997,8.418374689108267,0.061530195681195304,2.1102891532478085,COMPLETE
3528,0.1329,0.8037666054832774,5.633704455060251,8.595447804302493,1476.1251734596226,11.34645454198699,COMPLETE
3529,0.11615,0.8254212548934949,7.489439152524652,6.102328026868661,560.4775189597802,1.526275265602974,COMPLETE
3530,0.1106,0.3310547768161011,1.0763541921033672,5.061348409319827,24.687993700004206,2.1102891532478085,COMPLETE
3531,0.10025,0.6559703678511964,7.489439152524652,5.196045314781185,2.4526386720579247,0.13391944103899936,COMPLETE
3532,0.09955,0.6644991424917732,7.489439152524652,8.418374689108267,0.4352464977799297,0.7306953052604724,COMPLETE
3533,0.1113,0.712904678254932,7.339695485358947,7.639970758565217,153.2860257697558,2.1102891532478085,COMPLETE
3534,0.12255,0.8254457930062182,7.489439152524652,5.196045314781185,560.4775189597802,1.526275265602974,COMPLETE
3535,0.1143,0.7781266884637088,7.489439152524652,9.988586281068551,112.323925330586,1.526275265602974,COMPLETE
3536,0.12855,0.8893654489695345,7.489439152524652,9.988586281068551,359.71457230765833,1.526275265602974,COMPLETE
3537,0.13255,0.9148507575950106,7.398979747077997,9.988586281068551,1476.1251734596226,4.792699168837896,COMPLETE
3538,0.11215,0.7044645390763156,7.489439152524652,9.767312130896007,111.18850587297112,32.54731787684607,COMPLETE
3539,0.13035,0.894736955819645,7.489439152524652,9.988586281068551,1476.1251734596226,43.205339145821306,COMPLETE
3540,0.1237,0.6243792324351509,7.489439152524652,8.418374689108267,0.02612984449783322,0.024291334734525445,COMPLETE
3541,0.1073,0.6814676078078548,6.812644630608508,8.418374689108267,65.42850617031253,4.792699168837896,COMPLETE
3542,0.06525,0.1807129283229242,4.007892711687712,1.4297349448428534,0.6494832708888578,1.5418602747262318,COMPLETE
3543,0.0599,0.20499298707752,7.489439152524652,1.2992706708708701,2.03013172928489,0.5985950343657075,COMPLETE
3544,0.09195,0.4259403325523961,7.489439152524652,5.182240770361348,12.166571905009015,13.737135040054913,COMPLETE
3545,0.1181,0.6500107665998773,5.373472949271659,7.639970758565217,153.2860257697558,24.54165536628788,COMPLETE
3546,0.07285,0.10294006621180427,0.6903454864669748,1.0000874311382033,0.061530195681195304,4.792699168837896,COMPLETE
3547,0.1328,0.8619775834087575,7.339695485358947,8.418374689108267,359.71457230765833,0.7306953052604724,COMPLETE
3548,0.1122,0.7539794798412266,7.489439152524652,9.933529862520766,112.323925330586,1.526275265602974,COMPLETE
3549,0.1055,0.7090149751454592,7.321806062638004,8.418374689108267,65.42850617031253,2.1102891532478085,COMPLETE
3550,0.0889,0.38212437008406647,2.76668928338523,2.7187634325065777,116.68218004772335,14.141768761547445,COMPLETE
3551,0.08485,0.15709088747473854,3.473033567313649,1.4297349448428534,0.6494832708888578,0.8066172090490491,COMPLETE
3552,0.12185,0.8546851448575029,7.489439152524652,5.656673400543446,1476.1251734596226,4.792699168837896,COMPLETE
3553,0.11945,0.7369584891131903,6.197966438962515,7.639970758565217,153.2860257697558,0.7306953052604724,COMPLETE
3554,0.06965,0.2287814557830796,7.489439152524652,1.7699209449695394,0.016017101285379753,1.8602957309646184,COMPLETE
3555,0.06315,0.13168604169749054,7.489439152524652,1.0500462480218127,0.022872403443138362,4.792699168837896,COMPLETE
3556,0.1229,0.8393082253223587,6.812644630608508,9.988586281068551,359.71457230765833,5.2008648394523425,COMPLETE
3557,0.0656,0.15278500251166477,7.489439152524652,1.1679739768270172,2.4792588435669867,44.76380938653201,COMPLETE
3558,0.07595,0.4526805409147634,6.812644630608508,1.071322290947519,1476.1251734596226,0.5985950343657075,COMPLETE
3559,0.07915,0.5035904924552522,7.489439152524652,3.1109816593785697,30.54779366423335,0.7306953052604724,COMPLETE
3560,0.131,0.8183093454600248,7.339695485358947,7.639970758565217,1476.1251734596226,0.7306953052604724,COMPLETE
3561,0.11935,0.8485085098221725,7.339695485358947,6.612639322764853,359.71457230765833,1.3157650113770214,COMPLETE
3562,0.14465,0.8593972811509242,7.489439152524652,9.988586281068551,1476.1251734596226,1.526275265602974,COMPLETE
3563,0.1059,0.5285227640811387,7.339695485358947,2.906172560386717,2.4792588435669867,0.030595349341982422,COMPLETE
3564,0.08615,0.32346605163875347,7.489439152524652,2.195218904889921,0.5295273041676261,0.5985950343657075,COMPLETE
3565,0.0996,0.5416115506340518,7.339695485358947,9.988586281068551,1.2571777324246323,4.792699168837896,COMPLETE
3566,0.09215,0.6863693966078659,7.489439152524652,2.7187634325065777,560.4775189597802,0.7306953052604724,COMPLETE
3567,0.08685,0.5276154322319658,7.398979747077997,3.0156649020845308,61.128832411058866,2.1102891532478085,COMPLETE
3568,0.11185,0.7004563113250615,5.5150049043702545,5.196045314781185,359.71457230765833,1.526275265602974,COMPLETE
3569,0.0965,0.39483509999338307,1.510133654020389,1.8955973723798956,1476.1251734596226,4.792699168837896,COMPLETE
3570,0.09875,0.691584914694272,7.489439152524652,8.282030625515599,4.6216117253800055,0.5985950343657075,COMPLETE
3571,0.09765,0.575452176897923,7.339695485358947,5.061348409319827,0.5529959922862323,0.6398027462016909,COMPLETE
3572,0.12295,0.7013057137094509,5.5150049043702545,5.196045314781185,560.4775189597802,1.526275265602974,COMPLETE
3573,0.08495,0.14668022106024842,1.1632040304973386,1.3521529960652552,0.022872403443138362,0.5985950343657075,COMPLETE
3574,0.07295,0.36546195467170467,7.211246974011563,3.0638630129150126,0.011064191135752277,13.737135040054913,COMPLETE
3575,0.11625,0.7783597447375197,7.489439152524652,9.933529862520766,112.323925330586,1.526275265602974,COMPLETE
3576,0.12875,0.8615592310400594,6.804333762095754,8.418374689108267,1476.1251734596226,3.646616628444733,COMPLETE
3577,0.10415,0.6287732629568441,7.339695485358947,3.116190558733073,359.71457230765833,1.010558986363453,COMPLETE
3578,0.11655,0.586853678555472,5.31453694504764,4.101823977297871,0.48160356426463263,0.0310911055321694,COMPLETE
3579,0.0783,0.47216080657063075,7.489439152524652,1.7308919378564165,359.71457230765833,13.737135040054913,COMPLETE
3580,0.0994,0.5562361480859886,7.489439152524652,8.418374689108267,11.45467972157631,2.1102891532478085,COMPLETE
3581,0.08725,0.32617106321727063,7.339695485358947,1.4578368117438267,153.2860257697558,0.7306953052604724,COMPLETE
3582,0.0973,0.2589824838381798,0.5948786463554958,3.0638630129150126,4.6216117253800055,1.3964044847064154,COMPLETE
3583,0.09985,0.5729928783495944,7.489439152524652,1.811388033646456,1575.9369216711668,2.3200887165235784,COMPLETE
3584,0.10195,0.48447743665360415,2.1673415250363166,8.751220254618724,116.68218004772335,7.675699795582554,COMPLETE
3585,0.08025,0.2739026261099042,7.339695485358947,1.0512157310687695,153.2860257697558,1.9501407781458437,COMPLETE
3586,0.07225,0.4064504116620056,7.321806062638004,2.245317764627026,61.128832411058866,2.1102891532478085,COMPLETE
3587,0.0664,0.22184586132934406,6.8435536313626235,1.1679739768270172,57.59941287611571,1.526275265602974,COMPLETE
3588,0.11565,0.5805662142486231,0.7872706995281307,9.988586281068551,1476.1251734596226,0.5985950343657075,COMPLETE
3589,0.0973,0.38099233267462873,0.8818683342799392,9.988586281068551,2.4792588435669867,4.792699168837896,COMPLETE
3590,0.07945,0.4051544887351187,5.2974626680940595,1.7948307800559349,153.2860257697558,1.454545138503899,COMPLETE
3591,0.09345,0.6818639287399764,7.489439152524652,6.612639322764853,0.5503013998546388,1.3157650113770214,COMPLETE
3592,0.0685,0.1828746171942062,7.321806062638004,1.0340435745788543,30.54779366423335,0.5985950343657075,COMPLETE
3593,0.12265,0.9052548790656905,7.489439152524652,9.988586281068551,359.71457230765833,1.526275265602974,COMPLETE
3594,0.0612,0.25452261192727194,7.211246974011563,1.0340435745788543,0.011064191135752277,0.030595349341982422,COMPLETE
3595,0.07295,0.3186643812629132,6.812644630608508,1.6738969491141478,48.59743013699194,4.792699168837896,COMPLETE
3596,0.11015,0.684295638695978,7.489439152524652,8.418374689108267,0.026191810053557092,0.1252899315601943,COMPLETE
3597,0.10625,0.3746939252739623,2.2236013967053094,9.988586281068551,30.54779366423335,14.861838179671679,COMPLETE
3598,0.0755,0.27109740649227354,7.339695485358947,1.9941424805357275,0.5529959922862323,0.7306953052604724,COMPLETE
3599,0.1088,0.6965341687021481,6.812644630608508,2.707214467236155,1476.1251734596226,0.589205230644228,COMPLETE
3600,0.11245,0.6774221378807429,4.65172326510555,3.0156649020845308,1038.0774079784321,0.5985950343657075,COMPLETE
3601,0.10035,0.2874227805929857,0.1283680621279728,8.418374689108267,0.019315069618518407,0.5480351798736385,COMPLETE
3602,0.1037,0.5382451303093153,7.398979747077997,1.775957688444912,1476.1251734596226,4.792699168837896,COMPLETE
3603,0.12755,0.8108914935228482,6.228025825121384,7.187363764786405,1476.1251734596226,3.78279429135193,COMPLETE
3604,0.09525,0.5992303521548326,7.489439152524652,9.988586281068551,0.016305026222654163,10.514927983924258,COMPLETE
3605,0.1301,0.8933104464684931,7.489439152524652,9.988586281068551,1476.1251734596226,4.792699168837896,COMPLETE
3606,0.11755,0.6016044065183007,1.4167984460041083,9.988586281068551,1688.3846346819648,12.146893267526337,COMPLETE
3607,0.1269,0.8090167762937098,7.489439152524652,8.418374689108267,359.71457230765833,2.1102891532478085,COMPLETE
3608,0.1028,0.6274006115806673,7.339695485358947,5.541801766661239,0.061530195681195304,0.0839567761403903,COMPLETE
3609,0.1077,0.39776796773490175,7.489439152524652,1.126944320792207,1077.1687565945156,0.046735549872362975,COMPLETE
3610,0.1109,0.716442360637593,5.443169702125653,3.1109816593785697,1476.1251734596226,1.010558986363453,COMPLETE
3611,0.12905,0.7967001236477017,7.489439152524652,9.767312130896007,112.323925330586,0.19866338803134279,COMPLETE
3612,0.13725,0.8630980165002937,5.7886573057873285,9.988586281068551,2413.3671698641388,4.792699168837896,COMPLETE
3613,0.0849,0.28796116011047157,6.666959706638387,3.0156649020845308,0.061530195681195304,19.13270297307883,COMPLETE
3614,0.11495,0.6379245941276221,7.321806062638004,8.418374689108267,35.70707098128019,0.030595349341982422,COMPLETE
3615,0.0554,0.2780994866350691,7.489439152524652,1.2992706708708701,0.022872403443138362,0.07899621808581027,COMPLETE
3616,0.08055,0.525401864047842,7.489439152524652,5.156029958674213,0.6494832708888578,0.8066172090490491,COMPLETE
3617,0.11625,0.7970877860617164,7.489439152524652,3.9631236247462933,3767.145286076438,1.010558986363453,COMPLETE
