number,values_0,values_1,params_delta_deg,params_gamma,params_lambda1,params_lambda2,params_lambda3,params_lambda4,state
4873,0.04325,0.17967178787689725,3.7523591558107,1.057829366064995,1.9562826277387932,3.858204027730059,59.2437895529571,2.1811143402963018e-10,COMPLETE
4874,0.1144,0.8058959573166256,6.019990742215804,8.458997448208544,1365.9795109508957,0.06857317261521613,0.49106969850296894,1.9043961097477443e-12,COMPLETE
4875,0.06465,0.42261145127879146,5.719667260978259,2.2991799521485987,0.4634053899763641,0.24140158174480325,0.01777158201797886,2.556898659242752e-09,COMPLETE
4876,0.08945,0.19611510072410224,7.051402036894628,6.875144787901625,43.4020929550414,0.08755680934938086,59.2437895529571,4.331365543927414e-05,COMPLETE
4877,0.0807,0.6986068732163406,7.051402036894628,6.875144787901625,208.22607295194175,32.327289859557595,0.49106969850296894,5.521087576123659e-10,COMPLETE
4878,0.0638,0.374677218636202,7.051402036894628,1.2357281506266582,43.4020929550414,0.08755680934938086,0.49106969850296894,7.242135537625552e-11,COMPLETE
4879,0.0857,0.7984794294303674,7.051402036894628,6.875144787901625,208.22607295194175,0.31928221916960103,0.49106969850296894,5.521087576123659e-10,COMPLETE
4880,0.12315,0.7741718672895709,7.051402036894628,8.458997448208544,1365.9795109508957,0.047570004104159534,1.044777551289966,3.606274002988392e-07,COMPLETE
4881,0.0849,0.794853490260714,4.81812293726806,8.741900816624833,1365.9795109508957,0.1122669744411982,11.478928737247317,1.4847420250811467e-14,COMPLETE
4882,0.09725,0.5678667306439935,7.491453905458799,6.875144787901625,0.3474112486367053,1.5630282565660134,3.6008094906658137,1.9043961097477443e-12,COMPLETE
4883,0.0439,0.3558447794992793,5.686980021608849,2.0980746951804803,1.9562826277387932,3.858204027730059,59.2437895529571,2.1811143402963018e-10,COMPLETE
4884,0.1079,0.6266089538697038,6.019990742215804,3.786492049701135,123.52077947060401,0.06857317261521613,12.549082694764847,1.9043961097477443e-12,COMPLETE
4885,0.08755,0.6093939381833454,4.812614441890751,6.875144787901625,0.016767417635497637,34.74982443918535,2.606433764399818,7.242135537625552e-11,COMPLETE
4886,0.0863,0.6978961388192226,5.686980021608849,9.890916012877245,5566.2977925921405,34.74982443918535,7.8381698932401624,2.234326522814866e-10,COMPLETE
4887,0.04235,0.07202658891288409,6.943625321882633,1.0726049388472807,12.412723646412944,546.754814234046,0.010117774078155787,1.3113184361191454e-08,COMPLETE
4888,0.0333,0.3124747253271417,6.943625321882633,1.2997368745646833,1.8442663426239594,546.754814234046,0.0247605531247782,1.7411112824373338e-14,COMPLETE
4889,0.05005,0.5781107430765863,4.812614441890751,2.7880471518398893,123.52077947060401,115.71255119018926,12.549082694764847,1.9043961097477443e-12,COMPLETE
4890,0.10505,0.7475102676068227,7.051402036894628,9.890916012877245,43.4020929550414,0.08755680934938086,44.07640367306234,5.521087576123659e-10,COMPLETE
4891,0.07115,0.36262734681661135,7.491453905458799,1.4689098823285098,2661.553121751245,10.023385401310824,0.764092524644605,1.9043961097477443e-12,COMPLETE
4892,0.05695,0.40259647938292303,7.112469745069554,2.2991799521485987,0.016767417635497637,110.16646134717259,59.2437895529571,2.1811143402963018e-10,COMPLETE
4893,0.0878,0.39775941413088195,5.716539933999876,2.369191316302906,12.412723646412944,107.59872434463156,34.574222073764446,3.0541645143911065e-11,COMPLETE
4894,0.08945,0.5419306800867657,5.686980021608849,9.890916012877245,1.9562826277387932,0.06857317261521613,0.764092524644605,2.1811143402963018e-10,COMPLETE
4895,0.04455,0.21733839050682105,6.943625321882633,1.0726049388472807,0.014162338396506723,186.9306125540257,0.0247605531247782,1.0541219629001365e-07,COMPLETE
4896,0.05295,0.2551931021139203,7.051402036894628,1.0726049388472807,43.4020929550414,2.7821241290493,0.010117774078155787,1.7411112824373338e-14,COMPLETE
4897,0.1385,0.8174240969693797,7.051402036894628,9.890916012877245,5566.2977925921405,0.047570004104159534,3.875219523000611,2.1811143402963018e-10,COMPLETE
4898,0.09855,0.5940856661178286,5.719667260978259,6.875144787901625,0.4634053899763641,1.5630282565660134,0.01777158201797886,3.787929895519139e-07,COMPLETE
4899,0.0605,0.32477689491663647,7.051402036894628,1.0370950034544215,0.2533739759723465,120.84440236141198,0.49106969850296894,5.521087576123659e-10,COMPLETE
4900,0.0768,0.8090183685360305,7.051402036894628,6.161888714076582,208.22607295194175,0.1013397086496358,0.49106969850296894,5.521087576123659e-10,COMPLETE
4901,0.06985,0.44164234612874964,4.812614441890751,2.2991799521485987,1.8442663426239594,115.71255119018926,0.08760821671008018,9.787752692175531e-12,COMPLETE
4902,0.08615,0.6223714608012962,6.943625321882633,9.28786190407374,0.4634053899763641,0.06857317261521613,0.764092524644605,8.720647859508846e-11,COMPLETE
4903,0.08235,0.6124499612974259,5.686980021608849,6.875144787901625,2.0598523813930134,34.74982443918535,0.010117774078155787,1.7411112824373338e-14,COMPLETE
4904,0.1294,0.6843477179321341,6.019990742215804,8.458997448208544,7843.277665583187,0.06857317261521613,0.49106969850296894,4.331365543927414e-05,COMPLETE
4905,0.1096,0.7665566064567665,7.051402036894628,6.875144787901625,1365.9795109508957,0.047570004104159534,3.6008094906658137,3.0541645143911065e-11,COMPLETE
4906,0.10105,0.5975927197665993,5.686980021608849,2.1577137813910228,1365.9795109508957,0.06857317261521613,0.49106969850296894,2.1811143402963018e-10,COMPLETE
4907,0.1124,0.7708186905517475,7.051402036894628,9.890916012877245,208.22607295194175,0.08755680934938086,6.681606847264298,9.787752692175531e-12,COMPLETE
4908,0.0781,0.642413023890938,6.943625321882633,7.589823477100721,8.134170807715309,546.754814234046,0.010117774078155787,2.556898659242752e-09,COMPLETE
4909,0.07705,0.6980170474118045,6.794707535833707,8.995513550990662,0.016767417635497637,115.71255119018926,0.764092524644605,1.9043961097477443e-12,COMPLETE
4910,0.0874,0.5745297999288131,7.491453905458799,6.875144787901625,0.946319085618214,527.2833488135889,8.213868348493142,0.000330250175616567,COMPLETE
4911,0.081,0.38261830227365934,2.4741609640598856,6.875144787901625,6400.948254059571,3.858204027730059,0.04458813412639787,4.331365543927414e-05,COMPLETE
4912,0.10095,0.6995207918888096,4.774801920669698,6.875144787901625,1365.9795109508957,1.2594502646806938,17.543999742650467,1.4847420250811467e-14,COMPLETE
4913,0.0704,0.6515281285453238,7.491453905458799,7.8078637347278095,1.1374417180197147,68.72222497389903,46.92512104175946,4.072994270736077e-09,COMPLETE
4914,0.08705,0.6148158904972589,7.051402036894628,8.890006462791709,208.22607295194175,68.72222497389903,68.68637664775686,5.521087576123659e-10,COMPLETE
4915,0.07785,0.5519579597221599,7.051402036894628,6.875144787901625,0.4634053899763641,0.08755680934938086,0.49106969850296894,5.521087576123659e-10,COMPLETE
4916,0.1305,0.7734217620985446,4.958426658725357,8.359124144204223,5566.2977925921405,0.15011214432818784,68.68637664775686,2.1811143402963018e-10,COMPLETE
4917,0.0592,0.278655310942412,7.051402036894628,1.543675600384161,0.4634053899763641,34.74982443918535,68.68637664775686,8.720647859508846e-11,COMPLETE
4918,0.12485,0.6612189877443072,0.35265350665648854,9.890916012877245,7843.277665583187,3.858204027730059,0.49106969850296894,2.55451654045657e-09,COMPLETE
4919,0.05985,0.17882028674607403,5.686980021608849,1.0726049388472807,2.2526238626393873,34.74982443918535,68.68637664775686,3.5994163768071687e-13,COMPLETE
4920,0.06045,0.22772852125873855,5.719667260978259,1.0726049388472807,1.8442663426239594,0.01993052114185104,0.04724228817485067,9.787752692175531e-12,COMPLETE
4921,0.09535,0.6251506470157232,6.943625321882633,6.875144787901625,0.4634053899763641,546.754814234046,42.831001667198436,1.7411112824373338e-14,COMPLETE
4922,0.05415,0.19947481531495329,5.553661359325831,1.0726049388472807,99.59247162238702,5.054984284069897,11.478928737247317,7.242135537625552e-11,COMPLETE
4923,0.152,0.8213730554094348,7.491453905458799,8.458997448208544,1365.9795109508957,0.047570004104159534,0.49106969850296894,4.072994270736077e-09,COMPLETE
4924,0.08615,0.6290193739257623,5.883183198038435,6.223646815956013,0.1589255012347984,107.59872434463156,17.543999742650467,3.0541645143911065e-11,COMPLETE
4925,0.11285,0.644568023363793,5.686980021608849,3.9401988261028356,7843.277665583187,3.858204027730059,59.2437895529571,3.0541645143911065e-11,COMPLETE
4926,0.07325,0.04978283107829648,4.812614441890751,2.2991799521485987,1365.9795109508957,115.71255119018926,0.053830640549813236,1.9043961097477443e-12,COMPLETE
4927,0.04775,0.20258238250201432,5.686980021608849,1.0726049388472807,12.412723646412944,34.74982443918535,98.7421975512634,8.720647859508846e-11,COMPLETE
4928,0.08585,0.3237118994177473,6.943625321882633,6.875144787901625,0.314426276880156,218.42508356621576,0.04264319002098964,8.720647859508846e-11,COMPLETE
4929,0.10775,0.8059353057792368,7.051402036894628,6.875144787901625,2484.344497646969,0.4878712301792302,8.213868348493142,4.5389374712295294e-08,COMPLETE
4930,0.0829,0.7898905507139818,5.686980021608849,8.741900816624833,2484.344497646969,5.054984284069897,11.478928737247317,2.1811143402963018e-10,COMPLETE
4931,0.11155,0.7047760105600406,7.051402036894628,9.890916012877245,208.22607295194175,0.08755680934938086,0.017283663937189987,6.166934157039208e-09,COMPLETE
4932,0.11455,0.8428287875693675,6.943625321882633,9.890916012877245,5566.2977925921405,0.06857317261521613,0.1359659863081148,1.5463400818822022e-11,COMPLETE
4933,0.0567,0.4057322510396404,6.943625321882633,1.6079229967627675,1.8442663426239594,34.74982443918535,0.49106969850296894,2.1811143402963018e-10,COMPLETE
4934,0.08225,0.5911118764488612,7.491453905458799,8.890006462791709,0.4634053899763641,68.72222497389903,68.68637664775686,3.407169759582504e-13,COMPLETE
4935,0.11245,0.7730507231401431,7.491453905458799,6.875144787901625,1365.9795109508957,1.2594502646806938,17.543999742650467,3.0541645143911065e-11,COMPLETE
4936,0.0868,0.7713882284676864,7.051402036894628,9.890916012877245,43.4020929550414,0.08755680934938086,0.49106969850296894,2.234326522814866e-10,COMPLETE
4937,0.05205,0.29270421279370523,6.003396921697794,1.0726049388472807,3.2682531670108097,34.74982443918535,0.49106969850296894,9.787752692175531e-12,COMPLETE
4938,0.04625,0.33430625154229765,5.719667260978259,1.0726049388472807,1.8442663426239594,51.0531204742495,0.08760821671008018,9.787752692175531e-12,COMPLETE
4939,0.0725,0.6085671628137324,7.051402036894628,9.890916012877245,1.8442663426239594,0.047570004104159534,0.49106969850296894,9.787752692175531e-12,COMPLETE
4940,0.0693,0.014183646397939129,6.943625321882633,1.0726049388472807,1333.9842529552363,966.2031848037096,0.010117774078155787,4.819620859627371e-05,COMPLETE
4941,0.08335,0.6735980289596402,6.412755325404686,8.741900816624833,3.6692206875736586,0.013227422967598072,0.2823050440854717,1.9043961097477443e-12,COMPLETE
4942,0.08325,0.6658733965689374,6.943625321882633,8.741900816624833,2495.016801119479,546.754814234046,11.478928737247317,7.242135537625552e-11,COMPLETE
4943,0.0441,0.2569308011123169,5.553661359325831,1.0726049388472807,2.2526238626393873,51.0531204742495,3.6008094906658137,4.5389374712295294e-08,COMPLETE
4944,0.1082,0.5882016834873612,5.719667260978259,7.8078637347278095,0.3474112486367053,110.16646134717259,0.764092524644605,1.9043961097477443e-12,COMPLETE
4945,0.12115,0.8052792240296045,7.491453905458799,9.890916012877245,2661.553121751245,1.2594502646806938,0.764092524644605,1.5058649260604908e-09,COMPLETE
4946,0.05195,0.34386850267997526,7.296565715563787,2.1522400220310383,0.04397231118521956,0.047570004104159534,17.543999742650467,5.521087576123659e-10,COMPLETE
4947,0.09195,0.5918013756205807,7.051402036894628,9.890916012877245,1.9562826277387932,3.858204027730059,59.2437895529571,2.234326522814866e-10,COMPLETE
4948,0.05105,0.25844725345089076,7.051402036894628,1.0726049388472807,0.3066330187138372,0.08755680934938086,0.010117774078155787,3.41854450706124e-14,COMPLETE
4949,0.08145,0.7838159234028633,5.989976616159035,6.223646815956013,2661.553121751245,1.2594502646806938,11.478928737247317,7.242135537625552e-11,COMPLETE
4950,0.0718,0.5107547507892861,5.686980021608849,2.6778787140949976,2.6975879561723097,34.74982443918535,0.49106969850296894,8.720647859508846e-11,COMPLETE
4951,0.0842,0.5839727089446635,7.051402036894628,9.890916012877245,2.0598523813930134,0.08755680934938086,0.49106969850296894,5.521087576123659e-10,COMPLETE
4952,0.1037,0.7384548197449752,5.719667260978259,6.875144787901625,208.22607295194175,0.1013397086496358,0.01777158201797886,3.787929895519139e-07,COMPLETE
4953,0.08525,0.14568560948661316,6.412755325404686,8.741900816624833,1173.8791255454653,5.054984284069897,0.01777158201797886,4.5389374712295294e-08,COMPLETE
4954,0.0808,0.7419710274626331,6.412755325404686,8.741900816624833,1365.9795109508957,5.054984284069897,11.478928737247317,4.5389374712295294e-08,COMPLETE
4955,0.07185,0.27829439641793446,4.251938449569474,1.6079229967627675,2.6975879561723097,0.06857317261521613,0.49106969850296894,2.1811143402963018e-10,COMPLETE
4956,0.0567,0.23288856055974894,6.943625321882633,1.0787119892723038,0.4634053899763641,12.592383276038712,2.070814542445428,3.407169759582504e-13,COMPLETE
4957,0.09335,0.662404580824119,5.686980021608849,6.875144787901625,0.07261268023359602,34.74982443918535,0.15035883199434294,8.564477591299451e-11,COMPLETE
4958,0.05335,0.36062008021459835,5.686980021608849,1.9256227039794567,4.476343518555286,0.08755680934938086,68.68637664775686,2.1811143402963018e-10,COMPLETE
4959,0.08045,0.7020908731451492,7.296565715563787,6.641926976422129,252.2985241163533,546.754814234046,59.2437895529571,4.331365543927414e-05,COMPLETE
4960,0.06835,0.4123015157713683,6.943625321882633,2.1563210269803643,1.8442663426239594,4.006173959705789,0.764092524644605,3.407169759582504e-13,COMPLETE
4961,0.05275,0.40172858267416583,5.686980021608849,2.5118580794078285,0.3474112486367053,3.858204027730059,59.2437895529571,1.9043961097477443e-12,COMPLETE
4962,0.077,0.59767099622572,3.7246783973229807,2.2991799521485987,1365.9795109508957,0.047570004104159534,0.49106969850296894,3.4199141123923717e-12,COMPLETE
4963,0.08515,0.6320759719518992,2.307734109490477,6.875144787901625,0.07261268023359602,546.754814234046,0.010117774078155787,1.0926038460657844e-13,COMPLETE
4964,0.061,0.1479521061465009,6.036525339266391,1.0787119892723038,7843.277665583187,546.754814234046,2.070814542445428,4.331365543927414e-05,COMPLETE
4965,0.08135,0.6717859698459847,7.491453905458799,8.890006462791709,123.52077947060401,68.72222497389903,12.549082694764847,1.2245955139867084e-11,COMPLETE
4966,0.07935,0.5418808661203809,5.719667260978259,5.622446642042832,0.016767417635497637,110.16646134717259,0.01777158201797886,8.720647859508846e-11,COMPLETE
4967,0.0853,0.8072498885232118,7.238607783075848,6.875144787901625,208.22607295194175,0.08755680934938086,0.49106969850296894,5.521087576123659e-10,COMPLETE
4968,0.0757,0.534889952161248,6.185582283298008,2.2991799521485987,0.4634053899763641,115.71255119018926,2.606433764399818,7.242135537625552e-11,COMPLETE
4969,0.066,0.30124227487948035,5.719667260978259,1.0726049388472807,0.016767417635497637,110.16646134717259,0.3076364403920102,9.787752692175531e-12,COMPLETE
4970,0.1017,0.7948589377174895,4.8472295454394905,8.741900816624833,2484.344497646969,5.054984284069897,11.478928737247317,7.242135537625552e-11,COMPLETE
4971,0.0502,0.30834855637139663,6.943625321882633,1.0726049388472807,15.131306076761144,546.754814234046,3.6008094906658137,5.432263014140687e-13,COMPLETE
4972,0.0752,0.6005895745473516,5.719667260978259,9.28786190407374,0.4634053899763641,34.74982443918535,68.68637664775686,3.787929895519139e-07,COMPLETE
4973,0.0757,0.6007973578001146,5.719667260978259,9.353376534607882,0.016767417635497637,34.74982443918535,68.68637664775686,9.787752692175531e-12,COMPLETE
4974,0.0505,0.1772297363670879,4.974074398359207,1.0726049388472807,12.412723646412944,107.59872434463156,59.2437895529571,1.0541219629001365e-07,COMPLETE
4975,0.0816,0.7061197641334992,7.051402036894628,6.875144787901625,43.4020929550414,0.10403086367086663,0.49106969850296894,2.900997783157103e-07,COMPLETE
4976,0.0421,0.20862941213736239,5.686980021608849,1.0726049388472807,1.2443484107041183,34.74982443918535,68.68637664775686,2.1811143402963018e-10,COMPLETE
4977,0.06045,0.1876969568661118,3.3434824986792515,1.0726049388472807,0.4634053899763641,546.754814234046,68.68637664775686,3.0092675819548274e-09,COMPLETE
4978,0.06215,0.33270219798582445,6.943625321882633,1.0726049388472807,0.3474112486367053,546.754814234046,0.764092524644605,3.0092675819548274e-09,COMPLETE
4979,0.08995,0.6575191099167198,5.553661359325831,8.741900816624833,2.2526238626393873,51.0531204742495,3.6008094906658137,5.432263014140687e-13,COMPLETE
4980,0.0409,0.19888245907764407,7.296565715563787,1.0726049388472807,0.4634053899763641,0.3718736212917251,2.606433764399818,8.720647859508846e-11,COMPLETE
4981,0.0993,0.61454271142275,7.051402036894628,9.890916012877245,1.8442663426239594,546.754814234046,0.49106969850296894,2.234326522814866e-10,COMPLETE
4982,0.1251,0.7799588546404954,6.019990742215804,8.458997448208544,1365.9795109508957,0.047570004104159534,0.49106969850296894,1.9043961097477443e-12,COMPLETE
4983,0.11285,0.8181456577729784,6.943625321882633,9.890916012877245,123.52077947060401,0.06857317261521613,0.764092524644605,1.9043961097477443e-12,COMPLETE
4984,0.0379,0.1967514479617973,4.812614441890751,1.0726049388472807,0.4634053899763641,546.754814234046,0.010117774078155787,3.0092675819548274e-09,COMPLETE
4985,0.1112,0.663424883422673,2.0978392161622623,7.937751060836266,2661.553121751245,1.5630282565660134,3.6008094906658137,3.0541645143911065e-11,COMPLETE
4986,0.0859,0.5845514574251136,5.686980021608849,6.875144787901625,2.0598523813930134,34.74982443918535,68.68637664775686,2.1811143402963018e-10,COMPLETE
4987,0.0989,0.7038038067000584,7.491453905458799,8.890006462791709,2.2526238626393873,51.0531204742495,3.6008094906658137,4.072994270736077e-09,COMPLETE
4988,0.0338,0.2768669196168246,6.943625321882633,1.0726049388472807,0.03985091962876208,10.023385401310824,0.010117774078155787,1.0541219629001365e-07,COMPLETE
4989,0.09495,0.6510076018317227,1.0633063724324416,8.458997448208544,2.6975879561723097,10.051032605636687,0.49106969850296894,2.234326522814866e-10,COMPLETE
4990,0.05775,0.300178517773155,5.719667260978259,2.2991799521485987,0.016767417635497637,110.16646134717259,0.01777158201797886,3.0092675819548274e-09,COMPLETE
4991,0.04155,0.37404074792346753,6.943625321882633,1.0726049388472807,1.8442663426239594,51.0531204742495,0.08760821671008018,9.787752692175531e-12,COMPLETE
4992,0.07545,0.6641968960335454,7.051402036894628,9.890916012877245,3.022670989305793,0.047570004104159534,0.49106969850296894,2.556898659242752e-09,COMPLETE
4993,0.044,0.2601270138665327,5.686980021608849,1.0726049388472807,2.0598523813930134,546.754814234046,68.68637664775686,3.695531438502717e-07,COMPLETE
4994,0.06525,0.06447797583203695,5.719667260978259,1.7082868738904728,489.2014253223572,5.054984284069897,0.01777158201797886,4.5389374712295294e-08,COMPLETE
4995,0.0369,0.29937619564863066,4.430719096665829,1.0726049388472807,0.4634053899763641,546.754814234046,1.2300565939636767,2.6781960253261075e-14,COMPLETE
4996,0.08055,0.044785569495937386,7.296565715563787,6.641926976422129,2661.553121751245,546.754814234046,0.010117774078155787,1.7411112824373338e-14,COMPLETE
4997,0.0761,0.6797156593288142,7.051402036894628,7.8078637347278095,0.3474112486367053,10.023385401310824,0.764092524644605,2.234326522814866e-10,COMPLETE
4998,0.0814,0.6413889662204347,6.943625321882633,9.890916012877245,0.4634053899763641,546.754814234046,0.49106969850296894,3.0092675819548274e-09,COMPLETE
4999,0.13885,0.7909190348906092,7.491453905458799,9.890916012877245,1365.9795109508957,0.004179818620831071,0.5323765491740605,3.0541645143911065e-11,COMPLETE
