number,values_0,values_1,params_delta_deg,params_gamma,params_lambda1,params_lambda2,params_lambda3,params_lambda4,state
3761,0.05595,0.30052390646696325,7.296565715563787,1.0726049388472807,12.412723646412944,0.047570004104159534,0.764092524644605,3.0541645143911065e-11,COMPLETE
3762,0.0907,0.5687602582232053,0.8855925829889031,6.641926976422129,2661.553121751245,1.2594502646806938,17.543999742650467,3.787929895519139e-07,COMPLETE
3763,0.12165,0.6917439794472142,6.943625321882633,8.741900816624833,123.52077947060401,0.06857317261521613,0.010117774078155787,2.556898659242752e-09,COMPLETE
3764,0.08375,0.7474707183620286,4.335111916469993,6.641926976422129,2661.553121751245,1.2594502646806938,17.543999742650467,7.242135537625552e-11,COMPLETE
3765,0.1395,0.8288100010411237,7.296565715563787,9.890916012877245,1365.9795109508957,0.12480776742786713,0.2525067546774367,1.9897264125379086e-06,COMPLETE
3766,0.05845,0.4216557162254806,4.335111916469993,3.1788912454430323,0.6975592224319972,0.12480776742786713,2.7046461214993824,5.8324380367888804e-08,COMPLETE
3767,0.05295,0.016227935396645857,6.019990742215804,1.2997368745646833,0.014162338396506723,5.054984284069897,0.0247605531247782,0.0006578288476622151,COMPLETE
3768,0.0908,0.6466645020646837,3.640489887681252,6.641926976422129,0.6975592224319972,0.12480776742786713,0.01777158201797886,7.967228205962065e-13,COMPLETE
3769,0.0454,0.22990980740009098,7.491453905458799,1.0726049388472807,12.412723646412944,107.59872434463156,34.574222073764446,3.0541645143911065e-11,COMPLETE
3770,0.07065,0.6720173636547665,4.958426658725357,7.8078637347278095,0.3474112486367053,186.9306125540257,3.6008094906658137,3.0541645143911065e-11,COMPLETE
3771,0.0829,0.5527476048262794,5.989976616159035,7.8078637347278095,0.3474112486367053,5.054984284069897,11.478928737247317,7.242135537625552e-11,COMPLETE
3772,0.06655,0.3556376273302367,4.797597292147365,1.7519510271087413,1.8442663426239594,546.754814234046,0.010117774078155787,3.407169759582504e-13,COMPLETE
3773,0.12725,0.7170578259584913,7.051402036894628,9.890916012877245,208.22607295194175,0.047570004104159534,0.010490863545892863,3.787929895519139e-07,COMPLETE
3774,0.0958,0.8101425649686099,7.051402036894628,6.875144787901625,208.22607295194175,0.08755680934938086,0.49106969850296894,5.521087576123659e-10,COMPLETE
3775,0.0926,0.7295967204544366,5.686980021608849,6.875144787901625,7843.277665583187,3.858204027730059,2.2225713029468572,4.331365543927414e-05,COMPLETE
3776,0.04805,0.19358975199263176,6.943625321882633,1.0726049388472807,0.4634053899763641,546.754814234046,0.010117774078155787,3.0092675819548274e-09,COMPLETE
3777,0.0956,0.7910979644186957,6.943625321882633,6.875144787901625,208.22607295194175,0.08755680934938086,0.764092524644605,3.292372248308308e-11,COMPLETE
3778,0.06965,0.289013213250534,6.943625321882633,1.0726049388472807,0.07261268023359602,546.754814234046,5.192615578479196,5.521087576123659e-10,COMPLETE
3779,0.0466,0.38089580235216186,7.051402036894628,2.398799485838285,0.2104683296806297,0.08755680934938086,0.49106969850296894,5.521087576123659e-10,COMPLETE
3780,0.0927,0.6284462086947225,5.439590829177734,9.890916012877245,3.296334102909408,0.047570004104159534,0.04082369646290137,3.275904768115317e-14,COMPLETE
3781,0.1184,0.2996492085258337,1.7203116381748502,3.3801923275388828,123.52077947060401,0.06857317261521613,0.3359486683616324,3.649569116806477e-06,COMPLETE
3782,0.1026,0.7020716780765998,6.943625321882633,9.890916012877245,3090.9457533461396,0.06857317261521613,0.010117774078155787,3.407169759582504e-13,COMPLETE
3783,0.0828,0.5247374703028811,7.051402036894628,6.875144787901625,0.4634053899763641,0.4878712301792302,8.213868348493142,1.5335060532903536e-12,COMPLETE
3784,0.0721,0.5766929176491205,6.019990742215804,3.786492049701135,123.52077947060401,107.59872434463156,12.549082694764847,1.9043961097477443e-12,COMPLETE
3785,0.097,0.544438879033891,6.943625321882633,3.1788912454430323,0.4634053899763641,546.754814234046,0.010117774078155787,3.0092675819548274e-09,COMPLETE
3786,0.051,0.23418545938663587,5.553661359325831,1.0726049388472807,2.2526238626393873,51.0531204742495,3.6008094906658137,5.432263014140687e-13,COMPLETE
3787,0.10165,0.6856304569024866,7.051402036894628,6.875144787901625,104.61067826393281,0.06857317261521613,0.11060646004395691,3.649569116806477e-06,COMPLETE
3788,0.0699,0.6208673144648674,6.32852831417279,8.359124144204223,49.57768215733854,7.048358601207179,3.6008094906658137,3.0541645143911065e-11,COMPLETE
3789,0.07535,0.30471282539169836,2.8467952672042545,8.359124144204223,0.4634053899763641,546.754814234046,0.08385429601503971,1.7411112824373338e-14,COMPLETE
3790,0.0658,0.18084943997378458,0.11262456152155959,1.0726049388472807,2484.344497646969,0.24978747493640807,37.7989146219419,2.4322086974580394e-14,COMPLETE
3791,0.08075,0.6658272726106512,5.989976616159035,8.741900816624833,2484.344497646969,110.16646134717259,11.478928737247317,7.242135537625552e-11,COMPLETE
3792,0.08745,0.27970063945943063,6.351039989269435,9.890916012877245,12.412723646412944,0.0992174099101549,0.764092524644605,1.3863566941021755e-05,COMPLETE
3793,0.09095,0.6361893138265275,7.296565715563787,7.242098619980624,0.4634053899763641,186.9306125540257,7.314698546649336,1.0194855927870633e-11,COMPLETE
3794,0.0858,0.46676116315973376,7.051402036894628,7.242098619980624,0.09750978508651072,546.754814234046,0.010117774078155787,8.720647859508846e-11,COMPLETE
3795,0.0792,0.5519044040580676,4.797597292147365,8.741900816624833,1.8442663426239594,4.006173959705789,11.478928737247317,7.242135537625552e-11,COMPLETE
3796,0.08945,0.5506323947706169,7.296565715563787,6.641926976422129,0.07261268023359602,0.0035498358222560357,0.01777158201797886,8.720647859508846e-11,COMPLETE
3797,0.08935,0.6455379574188063,7.051402036894628,6.875144787901625,0.07261268023359602,0.4878712301792302,0.3359486683616324,3.787929895519139e-07,COMPLETE
3798,0.10705,0.6390919249455496,3.3045319109337865,6.875144787901625,3.6692234898496423,546.754814234046,34.574222073764446,8.640198235792326e-10,COMPLETE
3799,0.06775,0.5230972628089811,0.5283892511376543,8.359124144204223,208.22607295194175,0.08755680934938086,3.6008094906658137,5.521087576123659e-10,COMPLETE
3800,0.05125,0.20517821639132663,5.553661359325831,1.0726049388472807,2.2526238626393873,51.0531204742495,80.46577679760097,5.432263014140687e-13,COMPLETE
3801,0.0739,0.48623160228196555,7.051402036894628,1.8910184145243263,208.22607295194175,0.5362196401258538,0.49106969850296894,5.314026320276268e-08,COMPLETE
3802,0.1188,0.7239758771303862,7.296565715563787,6.641926976422129,3669.7847656822564,0.08755680934938086,0.010117774078155787,5.314026320276268e-08,COMPLETE
3803,0.0867,0.5864222213814093,7.491453905458799,6.875144787901625,0.4634053899763641,546.754814234046,0.3359486683616324,3.787929895519139e-07,COMPLETE
3804,0.0672,0.4200723764932796,6.019990742215804,2.319120603826277,0.014162338396506723,186.9306125540257,0.11060646004395691,3.407169759582504e-13,COMPLETE
3805,0.0913,0.15651250731938654,5.686980021608849,1.2997368745646833,7843.277665583187,3.858204027730059,59.2437895529571,0.006846693766433294,COMPLETE
3806,0.05675,0.3467050163367353,5.989976616159035,1.7519510271087413,1.8442663426239594,5.054984284069897,0.764092524644605,1.621364679176634e-08,COMPLETE
3807,0.08475,0.5705999233153292,6.943625321882633,3.7044493653147397,0.4634053899763641,546.754814234046,0.010117774078155787,2.2563515925025537e-09,COMPLETE
3808,0.05985,0.0415495789412018,7.051402036894628,2.2991799521485987,208.22607295194175,878.1210412153216,0.01777158201797886,5.521087576123659e-10,COMPLETE
3809,0.0725,0.06612330144418485,7.051402036894628,9.890916012877245,1365.9795109508957,134.17009362320715,0.04082369646290137,1.9897264125379086e-06,COMPLETE
3810,0.0958,0.6825210537848843,5.989976616159035,3.9317146295530976,2484.344497646969,0.5362196401258538,3.6008094906658137,1.2073214637949699e-13,COMPLETE
3811,0.0632,0.426687913935891,6.019990742215804,3.786492049701135,0.1784805460542277,0.5362196401258538,12.549082694764847,1.9043961097477443e-12,COMPLETE
3812,0.07705,0.7317899306240117,7.296565715563787,6.641926976422129,2661.553121751245,73.9565414206771,17.543999742650467,3.649569116806477e-06,COMPLETE
3813,0.09695,0.7791408345506731,7.051402036894628,8.359124144204223,123.52077947060401,0.06857317261521613,3.6008094906658137,3.0541645143911065e-11,COMPLETE
3814,0.04605,0.24723308277226602,7.233881954168647,1.0726049388472807,1.8442663426239594,546.754814234046,76.57127726580364,1.621364679176634e-08,COMPLETE
3815,0.0754,0.4529867798638296,7.491453905458799,1.0726049388472807,123.52077947060401,0.06857317261521613,0.3359486683616324,3.787929895519139e-07,COMPLETE
3816,0.0478,0.320493642633802,7.051402036894628,1.0726049388472807,70.0811340831119,110.16646134717259,2.606433764399818,2.234326522814866e-10,COMPLETE
3817,0.09625,0.5262113868611283,6.019990742215804,3.786492049701135,123.52077947060401,115.71255119018926,2.606433764399818,7.242135537625552e-11,COMPLETE
3818,0.04885,0.2806106509913835,6.019990742215804,1.7519510271087413,0.1784805460542277,4.006173959705789,3.6008094906658137,1.9043961097477443e-12,COMPLETE
3819,0.0848,0.014387359132815306,6.943625321882633,8.922243208129368,2191.4679744079535,546.754814234046,0.010117774078155787,9.814082754232276e-09,COMPLETE
3820,0.0459,0.03589631952069095,6.943625321882633,1.0726049388472807,0.4634053899763641,546.754814234046,0.01777158201797886,4.819620859627371e-05,COMPLETE
3821,0.09235,0.6212074989361795,2.669108659679384,8.359124144204223,0.014162338396506723,186.9306125540257,3.6008094906658137,3.811801850956625e-07,COMPLETE
3822,0.0641,0.5980788015360632,7.051402036894628,6.641926976422129,208.22607295194175,546.754814234046,0.49106969850296894,5.314026320276268e-08,COMPLETE
3823,0.0667,0.41947726641463196,6.103623020551158,3.3801923275388828,104.61067826393281,8.237383974059652,80.46577679760097,3.649569116806477e-06,COMPLETE
3824,0.1034,0.19668188701488248,5.989976616159035,7.242098619980624,575.4867286095123,186.9306125540257,0.023158448417606857,8.720647859508846e-11,COMPLETE
3825,0.08645,0.47592774059820075,7.051402036894628,6.641926976422129,2661.553121751245,1.2594502646806938,0.010117774078155787,8.720647859508846e-11,COMPLETE
3826,0.075,0.42173606407968234,3.0455122299916,2.2991799521485987,0.07261268023359602,51.0531204742495,2.606433764399818,7.242135537625552e-11,COMPLETE
3827,0.0614,0.34401055663413377,7.296565715563787,5.910509080924493,0.4634053899763641,546.754814234046,0.010117774078155787,3.5893466219229975e-13,COMPLETE
3828,0.0803,0.6196117788365801,3.7523591558107,6.641926976422129,0.6975592224319972,110.16646134717259,2.606433764399818,1.7411112824373338e-14,COMPLETE
3829,0.12235,0.7668334845475547,6.943625321882633,8.741900816624833,208.22607295194175,0.08755680934938086,14.732118064935978,2.2563515925025537e-09,COMPLETE
3830,0.07225,0.5041247869251612,5.719667260978259,2.2991799521485987,1.8442663426239594,0.003821024146786821,0.01777158201797886,1.621364679176634e-08,COMPLETE
3831,0.08795,0.6582487844891809,4.27230201402407,9.890916012877245,12.412723646412944,0.047570004104159534,0.49106969850296894,2.234326522814866e-10,COMPLETE
3832,0.10365,0.7636378812480132,5.719667260978259,5.413291236702326,208.22607295194175,0.06857317261521613,0.11060646004395691,3.407169759582504e-13,COMPLETE
3833,0.06565,0.5040048779004689,5.9746439969193705,6.875144787901625,48.79846040961405,3.858204027730059,75.74901896842798,2.4942959661792885e-14,COMPLETE
3834,0.0526,0.20575012979295879,6.351039989269435,1.0726049388472807,0.4634053899763641,1.5630282565660134,3.6008094906658137,3.0541645143911065e-11,COMPLETE
3835,0.05475,0.6302138602309861,7.491453905458799,6.875144787901625,0.4634053899763641,1.5630282565660134,3.6008094906658137,3.0541645143911065e-11,COMPLETE
3836,0.0399,0.2528308482121878,6.943625321882633,1.0726049388472807,3.9227007475742597,4.006173959705789,0.764092524644605,1.7411112824373338e-14,COMPLETE
3837,0.07815,0.605086833718759,6.943625321882633,3.786492049701135,123.52077947060401,195.43791875721456,12.549082694764847,2.2563515925025537e-09,COMPLETE
3838,0.09785,0.8536664572468033,7.051402036894628,9.890916012877245,208.22607295194175,0.08755680934938086,0.49106969850296894,5.521087576123659e-10,COMPLETE
3839,0.09465,0.7477758057846767,7.296565715563787,7.8078637347278095,154.54354204242253,0.06857317261521613,3.6008094906658137,6.9308639064212464e-12,COMPLETE
3840,0.09055,0.630711668313104,6.715978681984438,2.0998770523685315,2484.344497646969,0.06857317261521613,0.11060646004395691,7.242135537625552e-11,COMPLETE
3841,0.06785,0.5457824942852153,6.019990742215804,7.8078637347278095,0.1784805460542277,0.06857317261521613,3.6008094906658137,3.787929895519139e-07,COMPLETE
3842,0.04175,0.20149546028893844,6.357800796389835,1.008717742620664,0.07631700588327218,110.16646134717259,44.376091276558924,1.7411112824373338e-14,COMPLETE
3843,0.06505,0.45484616695361985,4.1355768474259005,4.169022703200762,1.8442663426239594,5.054984284069897,76.57127726580364,7.242135537625552e-11,COMPLETE
3844,0.069,0.3671377641401897,7.051402036894628,6.875144787901625,208.22607295194175,5.054984284069897,0.04724228817485067,7.855442470564522e-06,COMPLETE
3845,0.07755,0.5638319095492813,6.019990742215804,8.359124144204223,0.1784805460542277,0.5362196401258538,3.6008094906658137,1.9043961097477443e-12,COMPLETE
3846,0.09615,0.5937760930138796,4.812614441890751,6.875144787901625,5566.2977925921405,115.71255119018926,2.606433764399818,1.5072600015649494e-10,COMPLETE
3847,0.08135,0.6079213977166708,7.051402036894628,6.875144787901625,0.09750978508651072,0.047570004104159534,68.1528777422823,3.0092675819548274e-09,COMPLETE
3848,0.0555,0.3368360903804009,6.943625321882633,1.7519510271087413,3090.9457533461396,86.47736323086576,76.57127726580364,3.407169759582504e-13,COMPLETE
3849,0.06045,0.5441465097229699,5.719667260978259,6.875144787901625,0.07261268023359602,0.1013397086496358,1.1961286443235215,3.787929895519139e-07,COMPLETE
3850,0.0391,0.32185827138668455,7.051402036894628,1.0726049388472807,0.07261268023359602,51.0531204742495,0.013347468710543492,5.521087576123659e-10,COMPLETE
3851,0.1073,0.8648061937519009,7.051402036894628,9.890916012877245,1044.9811981338833,0.047570004104159534,0.11067376028452343,3.407169759582504e-13,COMPLETE
3852,0.0873,0.7566152366478871,5.719667260978259,6.875144787901625,797.3977859226554,0.1013397086496358,0.01777158201797886,3.787929895519139e-07,COMPLETE
3853,0.1193,0.754321831825123,5.439590829177734,9.890916012877245,1365.9795109508957,0.047570004104159534,3.826781650018344,1.9897264125379086e-06,COMPLETE
3854,0.0831,0.6633435308655122,7.4953257243873725,3.9973306274843674,208.22607295194175,10.13812598310631,0.3359486683616324,3.787929895519139e-07,COMPLETE
3855,0.092,0.7042647895393913,5.439590829177734,9.890916012877245,3090.9457533461396,475.737222657986,68.68637664775686,1.9897264125379086e-06,COMPLETE
3856,0.07435,0.3502833697866652,4.958426658725357,2.538691201866125,1.8442663426239594,5.054984284069897,76.57127726580364,3.0541645143911065e-11,COMPLETE
3857,0.10805,0.781695013013134,7.296565715563787,6.875144787901625,146.47619584397933,0.047570004104159534,0.49106969850296894,3.407169759582504e-13,COMPLETE
3858,0.04355,0.2133207027174301,6.943625321882633,1.0726049388472807,0.4634053899763641,5.054984284069897,11.478928737247317,7.242135537625552e-11,COMPLETE
3859,0.07335,0.37921794691879457,7.296565715563787,6.641926976422129,12.412723646412944,107.59872434463156,0.01777158201797886,3.0541645143911065e-11,COMPLETE
3860,0.0833,0.044952552477980544,4.678389217189202,9.890916012877245,1365.9795109508957,5.054984284069897,0.04082369646290137,1.9897264125379086e-06,COMPLETE
3861,0.05425,0.3788689417255122,6.943625321882633,1.7519510271087413,0.4634053899763641,546.754814234046,76.57127726580364,3.0092675819548274e-09,COMPLETE
3862,0.05605,0.3917102291093731,5.719667260978259,2.2991799521485987,0.016767417635497637,0.06857317261521613,0.01777158201797886,9.787752692175531e-12,COMPLETE
3863,0.05405,0.17879429606133518,2.812685233524143,1.0726049388472807,3.9227007475742597,0.3710234766141632,80.46577679760097,1.7411112824373338e-14,COMPLETE
3864,0.0535,0.38127842916875404,5.989976616159035,2.375991097381796,5.867353411976829,0.4878712301792302,8.213868348493142,1.621364679176634e-08,COMPLETE
3865,0.0503,0.3461336935155185,5.989976616159035,1.7519510271087413,1.8442663426239594,5.054984284069897,3.6008094906658137,1.621364679176634e-08,COMPLETE
3866,0.06195,0.3932607732663415,4.958426658725357,2.766692453087041,0.4634053899763641,0.06707437551596371,76.57127726580364,1.621364679176634e-08,COMPLETE
3867,0.1092,0.7253593661617016,6.019990742215804,7.8078637347278095,208.22607295194175,0.1013397086496358,3.6008094906658137,1.9043961097477443e-12,COMPLETE
3868,0.0737,0.5518083643268306,6.943625321882633,8.359124144204223,0.058083698370368524,1.5630282565660134,3.6008094906658137,7.242135537625552e-11,COMPLETE
3869,0.0835,0.541803596322145,5.103922061559302,8.359124144204223,0.016767417635497637,110.16646134717259,0.01777158201797886,3.0541645143911065e-11,COMPLETE
3870,0.08555,0.6254508459995597,4.958426658725357,8.359124144204223,0.011286797849052486,115.71255119018926,3.6008094906658137,3.0541645143911065e-11,COMPLETE
3871,0.06475,0.2122274151101282,7.296565715563787,1.0726049388472807,2661.553121751245,73.9565414206771,17.543999742650467,3.649569116806477e-06,COMPLETE
3872,0.10405,0.7435668996845979,7.296565715563787,6.875144787901625,7843.277665583187,1.2594502646806938,59.2437895529571,4.331365543927414e-05,COMPLETE
3873,0.0972,0.5595396947323914,1.1761503828443711,7.8078637347278095,2661.553121751245,1.2594502646806938,3.6008094906658137,8.720647859508846e-11,COMPLETE
3874,0.0921,0.6326256049973604,5.989976616159035,6.641926976422129,0.4634053899763641,546.754814234046,76.57127726580364,1.621364679176634e-08,COMPLETE
3875,0.05835,0.0817615138799052,7.051402036894628,3.950719157776376,3.9227007475742597,546.754814234046,0.010117774078155787,1.7411112824373338e-14,COMPLETE
3876,0.057,0.32354813123193493,6.351039989269435,1.0726049388472807,12.412723646412944,1.3405281602606647,0.0206355913428255,2.2563515925025537e-09,COMPLETE
3877,0.0576,0.2979581630592524,4.181602052539953,1.0726049388472807,0.4634053899763641,110.16646134717259,0.010117774078155787,1.7411112824373338e-14,COMPLETE
3878,0.0784,0.5246424676253728,7.296565715563787,6.641926976422129,0.3474112486367053,0.06857317261521613,3.6008094906658137,2.8231609956582056e-10,COMPLETE
3879,0.0939,0.8035453176114221,7.296565715563787,9.890916012877245,3090.9457533461396,0.05564315315248067,0.01777158201797886,8.720647859508846e-11,COMPLETE
3880,0.0399,0.22225678358158957,6.943625321882633,1.0726049388472807,0.4634053899763641,546.754814234046,0.010117774078155787,1.7411112824373338e-14,COMPLETE
3881,0.09125,0.585817353723485,7.051402036894628,6.385096187369466,0.21864361449057423,546.754814234046,0.010117774078155787,3.0092675819548274e-09,COMPLETE
3882,0.06175,0.023017678237672777,6.943625321882633,1.1319165388948504,156.30636852770533,546.754814234046,0.010117774078155787,1.9043961097477443e-12,COMPLETE
3883,0.128,0.791210772661348,7.051402036894628,9.890916012877245,208.22607295194175,0.08755680934938086,0.49106969850296894,5.521087576123659e-10,COMPLETE
3884,0.1152,0.778768376251223,5.439590829177734,9.890916012877245,208.22607295194175,0.047570004104159534,0.49106969850296894,3.7623480583644496e-14,COMPLETE
3885,0.049,0.17706530790699254,3.0455122299916,1.0726049388472807,1.8750291897500895,51.0531204742495,28.912224496532993,3.407169759582504e-13,COMPLETE
3886,0.09505,0.6776126614369449,7.296565715563787,9.890916012877245,12.412723646412944,0.06857317261521613,63.73176357907832,1.9043961097477443e-12,COMPLETE
3887,0.049,0.40696225843182504,7.051402036894628,3.4132708073510285,0.3474112486367053,0.06857317261521613,3.6008094906658137,1.9043961097477443e-12,COMPLETE
3888,0.11605,0.7847876503079891,4.7106285040701685,9.890916012877245,3090.9457533461396,0.08755680934938086,0.04082369646290137,5.314026320276268e-08,COMPLETE
3889,0.09005,0.6502734957328358,7.491453905458799,6.875144787901625,123.52077947060401,34.74982443918535,0.764092524644605,2.976947227565609e-10,COMPLETE
3890,0.0735,0.12077822392777159,6.943625321882633,8.741900816624833,123.52077947060401,546.754814234046,0.010117774078155787,2.2563515925025537e-09,COMPLETE
3891,0.1017,0.6736181306420258,4.216168352105994,6.641926976422129,208.22607295194175,0.08755680934938086,0.01777158201797886,5.314026320276268e-08,COMPLETE
3892,0.1267,0.7314632203951441,7.296565715563787,6.875144787901625,123.52077947060401,0.047570004104159534,65.1008318120623,5.521087576123659e-10,COMPLETE
3893,0.10125,0.6898750658546646,5.719667260978259,6.875144787901625,129.40402321774005,0.09648113669123666,0.01777158201797886,3.787929895519139e-07,COMPLETE
3894,0.108,0.48033005723907973,0.2299957579898674,8.75540293570609,1.8442663426239594,5.054984284069897,0.04724228817485067,8.720647859508846e-11,COMPLETE
3895,0.0699,0.47186828573355616,7.296565715563787,1.7519510271087413,2661.553121751245,4.006173959705789,18.79872392979599,3.649569116806477e-06,COMPLETE
3896,0.13095,0.8357928060482717,7.051402036894628,9.890916012877245,3219.930686518906,0.08755680934938086,0.49106969850296894,5.521087576123659e-10,COMPLETE
3897,0.10985,0.7321624560244336,7.051402036894628,6.641926976422129,1365.9795109508957,0.12480776742786713,0.01777158201797886,8.720647859508846e-11,COMPLETE
3898,0.0841,0.6868179414675343,7.051402036894628,7.8078637347278095,9.924103535045997,0.06857317261521613,0.11060646004395691,1.9043961097477443e-12,COMPLETE
3899,0.0901,0.6701679727490417,5.553661359325831,8.359124144204223,0.4634053899763641,186.9306125540257,3.6008094906658137,3.0541645143911065e-11,COMPLETE
