number,values_0,values_1,params_delta_deg,params_gamma,params_lambda1,params_lambda2,params_lambda3,params_lambda4,state
3065,0.0989,0.6340913487032281,1.2409685006132725,6.875144787901625,208.22607295194175,0.1013397086496358,0.01777158201797886,3.787929895519139e-07,COMPLETE
3066,0.10315,0.5591433717552596,2.8467952672042545,4.9550176355058975,0.016767417635497637,51.0531204742495,4.230818933588808,9.787752692175531e-12,COMPLETE
3067,0.04635,0.17663657902318486,6.351039989269435,1.0726049388472807,12.412723646412944,107.59872434463156,34.574222073764446,3.0541645143911065e-11,COMPLETE
3068,0.10575,0.7509989229084941,5.439590829177734,9.890916012877245,44.04639235187185,0.047570004104159534,0.764092524644605,3.407169759582504e-13,COMPLETE
3069,0.07765,0.3441367214407362,5.553661359325831,2.250249749177473,2.2526238626393873,10.543778290730046,0.010117774078155787,5.432263014140687e-13,COMPLETE
3070,0.04035,0.2850455708312871,4.3548083271808515,1.3526137167003873,12.412723646412944,4.006173959705789,0.764092524644605,3.649569116806477e-06,COMPLETE
3071,0.08665,0.633275266512868,7.296565715563787,6.641926976422129,2661.553121751245,186.9306125540257,3.6008094906658137,3.0541645143911065e-11,COMPLETE
3072,0.06585,0.5046230007628701,7.051402036894628,7.867052929041814,0.07261268023359602,0.004569612957571183,31.35538968094344,3.0092675819548274e-09,COMPLETE
3073,0.12945,0.39873966235668823,5.686980021608849,6.875144787901625,3090.9457533461396,0.047570004104159534,59.2437895529571,4.331365543927414e-05,COMPLETE
3074,0.05255,0.24889643536756006,4.919191671993809,1.0726049388472807,0.07261268023359602,107.59872434463156,5.192615578479196,4.37766113448285e-14,COMPLETE
3075,0.0749,0.49792433410198955,3.7523591558107,2.2991799521485987,0.016767417635497637,110.16646134717259,2.606433764399818,1.7411112824373338e-14,COMPLETE
3076,0.05315,0.11927622576944316,6.943625321882633,1.0726049388472807,11.794713729794676,546.754814234046,0.010117774078155787,3.407169759582504e-13,COMPLETE
3077,0.07755,0.6614958555105187,4.958426658725357,7.242098619980624,0.4634053899763641,186.9306125540257,34.574222073764446,3.649569116806477e-06,COMPLETE
3078,0.04895,0.25525866787478874,4.797597292147365,1.0726049388472807,1.8442663426239594,12.897322981045999,0.764092524644605,3.0541645143911065e-11,COMPLETE
3079,0.04895,0.25348243587060804,5.553661359325831,1.0726049388472807,123.52077947060401,51.0531204742495,3.6008094906658137,1.9043961097477443e-12,COMPLETE
3080,0.0629,0.4755200120466514,7.296565715563787,2.2625915975907906,0.6975592224319972,3.858204027730059,0.236773388314481,2.1811143402963018e-10,COMPLETE
3081,0.0489,0.3583314119719853,7.296565715563787,1.3526137167003873,12.412723646412944,546.754814234046,34.574222073764446,5.416904860289747e-11,COMPLETE
3082,0.06695,0.5775018627290646,6.019990742215804,7.8078637347278095,0.1784805460542277,0.5362196401258538,3.6008094906658137,1.9043961097477443e-12,COMPLETE
3083,0.08725,0.5472069070583349,6.019990742215804,3.3947155241687095,0.016767417635497637,2.991400068411949,0.0247605531247782,3.811801850956625e-07,COMPLETE
3084,0.0695,0.54625260097123,7.296565715563787,6.641926976422129,1.9562826277387932,3.858204027730059,5.401948879414502,8.720647859508846e-11,COMPLETE
3085,0.08275,0.5066941370443548,6.943625321882633,6.641926976422129,0.17342154773882928,546.754814234046,0.010117774078155787,1.7411112824373338e-14,COMPLETE
3086,0.03765,0.3002564080860578,3.7523591558107,1.0726049388472807,0.4634053899763641,110.16646134717259,2.606433764399818,1.7411112824373338e-14,COMPLETE
3087,0.0874,0.6585148682516621,7.296565715563787,8.741900816624833,110.83491428020417,1.2594502646806938,14.732118064935978,2.2563515925025537e-09,COMPLETE
3088,0.1039,0.7930847133991585,4.797597292147365,9.890916012877245,3090.9457533461396,0.2330020660836358,2.5245438758434986,3.407169759582504e-13,COMPLETE
3089,0.0914,0.6482153781929002,3.373615117615811,6.875144787901625,7843.277665583187,51.0531204742495,4.230818933588808,1.5335060532903536e-12,COMPLETE
3090,0.13575,0.7818661132388118,7.0974380630891005,9.890916012877245,736.7795568350219,0.047570004104159534,11.478928737247317,1.9966806761522345e-07,COMPLETE
3091,0.07325,0.6369118373447271,7.296565715563787,7.242098619980624,0.4634053899763641,51.0531204742495,34.574222073764446,5.432263014140687e-13,COMPLETE
3092,0.10125,0.7438379229793821,5.439590829177734,9.890916012877245,2.2526238626393873,0.0016193856664091604,3.6008094906658137,1.4235765094888543e-11,COMPLETE
3093,0.0966,0.5413149812638146,0.8803308152506976,6.875144787901625,3090.9457533461396,0.05564315315248067,2.5245438758434986,3.787929895519139e-07,COMPLETE
3094,0.0688,0.47134033059586483,5.686980021608849,8.359124144204223,2.2526238626393873,1.5630282565660134,3.6008094906658137,4.331365543927414e-05,COMPLETE
3095,0.1026,0.6851261407865512,2.800103772175598,6.875144787901625,208.22607295194175,0.009707433566872849,3.6008094906658137,1.9043961097477443e-12,COMPLETE
3096,0.1006,0.6345160409279536,6.943625321882633,8.741900816624833,245.49236668784027,1.2594502646806938,17.543999742650467,1.9419267250355348e-05,COMPLETE
3097,0.05335,0.3501886719431504,5.686980021608849,1.545374644348314,208.22607295194175,4.353391096801158,0.49106969850296894,5.314026320276268e-08,COMPLETE
3098,0.05765,0.32775259218202785,4.958426658725357,1.7519510271087413,0.4623350472547507,4.006173959705789,0.764092524644605,4.3939188097366557e-13,COMPLETE
3099,0.09205,0.6667246047471133,7.051402036894628,6.875144787901625,123.52077947060401,22.698439677423348,0.11060646004395691,5.521087576123659e-10,COMPLETE
3100,0.0824,0.2558349807970418,7.296565715563787,1.3526137167003873,8.104982809516967,0.047570004104159534,0.764092524644605,3.649569116806477e-06,COMPLETE
3101,0.0452,0.29672744494610853,6.351039989269435,1.0726049388472807,12.412723646412944,107.59872434463156,5.192615578479196,3.0541645143911065e-11,COMPLETE
3102,0.05415,0.25250716549422486,5.553661359325831,1.0726049388472807,1.9562826277387932,51.0531204742495,3.6008094906658137,2.1811143402963018e-10,COMPLETE
3103,0.0891,0.6731001107926713,7.296565715563787,6.641926976422129,12.412723646412944,107.59872434463156,34.574222073764446,8.720647859508846e-11,COMPLETE
3104,0.08125,0.732598406150564,6.943625321882633,4.545222532641744,3090.9457533461396,7.448518234422106,2.5245438758434986,8.720647859508846e-11,COMPLETE
3105,0.09725,0.6833717587881615,7.051402036894628,6.875144787901625,208.22607295194175,0.1013397086496358,0.01777158201797886,3.787929895519139e-07,COMPLETE
3106,0.10355,0.19239983897123772,5.686980021608849,3.9944594338373487,208.22607295194175,0.08755680934938086,0.49106969850296894,6.078590177705195e-05,COMPLETE
3107,0.071,0.6459097037768845,4.958426658725357,8.359124144204223,0.4634053899763641,186.9306125540257,3.6008094906658137,3.0541645143911065e-11,COMPLETE
3108,0.05255,0.11666663185547375,0.12278931060236471,1.3526137167003873,12.412723646412944,0.047570004104159534,0.04082369646290137,1.9897264125379086e-06,COMPLETE
3109,0.0835,0.4582057882707927,7.296565715563787,6.875144787901625,0.07261268023359602,0.017272545824456496,0.764092524644605,1.5489801067199488e-13,COMPLETE
3110,0.08035,0.5627146436921103,7.296565715563787,6.641926976422129,0.6975592224319972,1.5630282565660134,3.6008094906658137,8.720647859508846e-11,COMPLETE
3111,0.0658,0.39627996854448627,6.943625321882633,3.352073087367006,0.07261268023359602,0.4878712301792302,17.543999742650467,8.564477591299451e-11,COMPLETE
3112,0.0837,0.4652296541392368,4.050574348074197,8.706371283670823,0.07261268023359602,186.9306125540257,0.0247605531247782,3.811801850956625e-07,COMPLETE
3113,0.107,0.7231572959214421,5.719667260978259,4.141581436780047,208.22607295194175,0.004569612957571183,0.019886457257985924,3.0092675819548274e-09,COMPLETE
3114,0.0756,0.5417913303728883,4.050574348074197,8.591428298782967,1.8442663426239594,33.597584423752544,76.57127726580364,7.317541150657651e-08,COMPLETE
3115,0.0932,0.6239962728755657,7.051402036894628,6.641926976422129,12.412723646412944,13.523850146502149,0.11060646004395691,8.720647859508846e-11,COMPLETE
3116,0.07505,0.5611718705339653,7.051402036894628,6.875144787901625,0.07261268023359602,0.08143726543969673,1.1961286443235215,8.564477591299451e-11,COMPLETE
3117,0.08235,0.40225931812748184,1.0131624195792268,7.242098619980624,0.0914533493387556,186.9306125540257,0.021329900540422747,8.720647859508846e-11,COMPLETE
3118,0.0867,0.6480685714730553,7.296565715563787,6.641926976422129,0.17786916011243956,186.9306125540257,34.574222073764446,8.720647859508846e-11,COMPLETE
3119,0.10635,0.84542404200601,6.943625321882633,9.890916012877245,3090.9457533461396,0.06857317261521613,0.11060646004395691,3.407169759582504e-13,COMPLETE
3120,0.0773,0.4763833774715067,3.1375953631216134,5.751620494688234,0.07261268023359602,0.004569612957571183,0.01777158201797886,8.720647859508846e-11,COMPLETE
3121,0.08035,0.40707463849986864,6.019990742215804,3.786492049701135,0.07261268023359602,0.06857317261521613,12.549082694764847,5.521087576123659e-10,COMPLETE
3122,0.06725,0.5496628419165459,4.958426658725357,8.913001367100188,0.4634053899763641,0.06857317261521613,3.6008094906658137,3.0541645143911065e-11,COMPLETE
3123,0.04775,0.3012908021792642,5.553661359325831,1.0726049388472807,123.52077947060401,51.0531204742495,0.3359486683616324,1.3517403907756707e-05,COMPLETE
3124,0.082,0.6359154691377171,5.719667260978259,6.875144787901625,2.2526238626393873,51.0531204742495,3.6008094906658137,5.432263014140687e-13,COMPLETE
3125,0.091,0.5768631475212571,6.702208489974324,1.8844116820984895,208.22607295194175,0.03189869274527535,0.04082369646290137,1.9897264125379086e-06,COMPLETE
3126,0.07605,0.4992700404718008,7.051402036894628,1.2997368745646833,208.22607295194175,0.08755680934938086,0.49106969850296894,3.811801850956625e-07,COMPLETE
3127,0.0755,0.5541112309589187,7.051402036894628,3.9944594338373487,208.22607295194175,107.59872434463156,0.49106969850296894,5.314026320276268e-08,COMPLETE
3128,0.09925,0.550292991436159,4.958426658725357,2.6338329439397503,208.22607295194175,0.12480776742786713,0.011740513625506419,3.787929895519139e-07,COMPLETE
3129,0.05645,0.34995218453192795,6.019990742215804,1.2997368745646833,0.07261268023359602,186.9306125540257,1.1961286443235215,3.0092675819548274e-09,COMPLETE
3130,0.07315,0.1825194775875097,5.686980021608849,6.641926976422129,11.15660151252111,0.12480776742786713,0.01777158201797886,4.331365543927414e-05,COMPLETE
3131,0.0851,0.6326823394221115,5.021939852878219,6.875144787901625,13.078104640973018,0.02406173609106344,31.644168567853146,7.242135537625552e-11,COMPLETE
3132,0.09615,0.7233449884395784,6.943625321882633,5.2516723694102945,123.52077947060401,0.06857317261521613,65.23565349123191,2.2563515925025537e-09,COMPLETE
3133,0.0831,0.6248728187635696,5.553661359325831,6.641926976422129,0.4634053899763641,51.0531204742495,3.6008094906658137,5.432263014140687e-13,COMPLETE
3134,0.0817,0.45873915710879065,3.7523591558107,2.2991799521485987,0.016767417635497637,110.16646134717259,0.39295021579876827,1.7411112824373338e-14,COMPLETE
3135,0.07885,0.5258066171234115,2.8467952672042545,3.3801923275388828,0.4634053899763641,51.0531204742495,4.230818933588808,3.649569116806477e-06,COMPLETE
3136,0.06865,0.549701721908454,7.296565715563787,4.221736324979451,1.8442663426239594,107.59872434463156,34.574222073764446,8.720647859508846e-11,COMPLETE
3137,0.0827,0.30115021553934684,4.958426658725357,7.242098619980624,0.4634053899763641,186.9306125540257,0.9610670726507721,0.00030150775348059087,COMPLETE
3138,0.1023,0.5659575254849728,7.296565715563787,6.641926976422129,0.4634053899763641,0.804977220116266,0.01777158201797886,2.556898659242752e-09,COMPLETE
3139,0.1162,0.7671809612098638,7.051402036894628,6.875144787901625,208.22607295194175,0.08755680934938086,7.032502368068423,8.564477591299451e-11,COMPLETE
3140,0.11195,0.6327677889616713,7.14439053063274,6.641926976422129,3090.9457533461396,107.59872434463156,2.5245438758434986,1.973389399147103e-10,COMPLETE
3141,0.0583,0.35134357773672503,5.256336582294931,1.7519510271087413,1.8442663426239594,0.1013397086496358,0.01777158201797886,3.407169759582504e-13,COMPLETE
3142,0.06565,0.5012619042367533,4.797597292147365,3.352073087367006,0.07261268023359602,4.006173959705789,0.764092524644605,3.407169759582504e-13,COMPLETE
3143,0.10015,0.45533657453711224,7.004260453255224,6.875144787901625,7843.277665583187,3.858204027730059,0.057498235694246703,4.331365543927414e-05,COMPLETE
3144,0.07375,0.1442077119735972,7.296565715563787,6.641926976422129,541.141042164365,107.59872434463156,0.010490863545892863,8.720647859508846e-11,COMPLETE
3145,0.0692,0.3428907338238416,7.296565715563787,1.3156109894732353,12.412723646412944,0.047570004104159534,0.764092524644605,1.30750701313571e-13,COMPLETE
3146,0.0709,0.49154623873855247,6.943625321882633,6.641926976422129,0.4634053899763641,546.754814234046,0.010117774078155787,3.0092675819548274e-09,COMPLETE
3147,0.05445,0.2057052915424576,3.0455122299916,1.0726049388472807,43.66558736564637,51.0531204742495,5.192615578479196,5.521087576123659e-10,COMPLETE
3148,0.0945,0.21856673046866512,5.686980021608849,2.5118580794078285,5043.692398307794,3.858204027730059,0.01756669211777377,2.1811143402963018e-10,COMPLETE
3149,0.05705,0.383746063292943,7.491453905458799,1.3526137167003873,12.412723646412944,107.59872434463156,3.6008094906658137,3.787929895519139e-07,COMPLETE
3150,0.07495,0.6538170814530074,7.296565715563787,6.875144787901625,2661.553121751245,458.7849551273379,17.543999742650467,8.720647859508846e-11,COMPLETE
3151,0.06415,0.25455212215476,5.719667260978259,8.359124144204223,1.4398488076457587,186.9306125540257,0.010490863545892863,1.0223489283506998e-06,COMPLETE
3152,0.0748,0.6736105846281216,7.296565715563787,2.451080892092397,2661.553121751245,1.2594502646806938,17.543999742650467,8.720647859508846e-11,COMPLETE
3153,0.0994,0.6784099745296448,7.051402036894628,3.9944594338373487,123.52077947060401,0.08755680934938086,14.732118064935978,2.2563515925025537e-09,COMPLETE
3154,0.0864,0.39956218892046147,4.967171163073906,8.359124144204223,0.15755567662073067,0.047570004104159534,0.04082369646290137,1.9897264125379086e-06,COMPLETE
3155,0.09245,0.622921026731102,7.051402036894628,3.9944594338373487,208.22607295194175,107.59872434463156,0.49106969850296894,5.314026320276268e-08,COMPLETE
3156,0.057,0.2120743871469848,4.3548083271808515,1.3526137167003873,12.412723646412944,0.4878712301792302,8.213868348493142,3.649569116806477e-06,COMPLETE
3157,0.0813,0.11546716237512203,3.7523591558107,3.352073087367006,0.07261268023359602,110.16646134717259,2.606433764399818,0.005798044845157998,COMPLETE
3158,0.0638,0.44823029094867106,7.296565715563787,3.352073087367006,0.07261268023359602,0.4878712301792302,8.213868348493142,8.564477591299451e-11,COMPLETE
3159,0.08495,0.6396462071031478,7.051402036894628,8.359124144204223,123.52077947060401,1.5630282565660134,3.6008094906658137,3.0541645143911065e-11,COMPLETE
3160,0.09135,0.5919694381074361,3.7523591558107,3.786492049701135,0.016767417635497637,110.16646134717259,0.16402683257525486,1.9043961097477443e-12,COMPLETE
3161,0.0411,0.18000193562634392,3.7523591558107,1.0726049388472807,1.8442663426239594,5.054984284069897,76.57127726580364,1.621364679176634e-08,COMPLETE
3162,0.04745,0.2804150751423803,3.7523591558107,1.0726049388472807,0.4634053899763641,51.0531204742495,2.606433764399818,1.7411112824373338e-14,COMPLETE
3163,0.0838,0.21249472788019483,1.3268610707634088,3.786492049701135,7843.277665583187,0.06857317261521613,59.2437895529571,4.331365543927414e-05,COMPLETE
3164,0.1001,0.4943154267558291,6.943625321882633,8.359124144204223,0.4634053899763641,0.4878712301792302,86.74396564441875,8.564477591299451e-11,COMPLETE
3165,0.1035,0.8350526144188234,6.943625321882633,9.890916012877245,2661.553121751245,1.2594502646806938,2.5245438758434986,3.407169759582504e-13,COMPLETE
3166,0.0596,0.302726138575749,5.989976616159035,1.7519510271087413,0.4634053899763641,5.054984284069897,34.574222073764446,1.621364679176634e-08,COMPLETE
3167,0.0744,0.6156159182799941,4.797597292147365,9.890916012877245,1.8442663426239594,4.006173959705789,0.764092524644605,3.407169759582504e-13,COMPLETE
3168,0.07545,0.6076709264899554,4.958426658725357,7.242098619980624,0.016767417635497637,186.9306125540257,0.20835337630503112,1.7411112824373338e-14,COMPLETE
3169,0.1319,0.7013380656782678,6.943625321882633,4.032019209672144,3090.9457533461396,0.047570004104159534,0.764092524644605,3.407169759582504e-13,COMPLETE
3170,0.04185,0.09956282730087773,6.943625321882633,1.5399892431839914,0.4634053899763641,546.754814234046,0.010117774078155787,3.0092675819548274e-09,COMPLETE
3171,0.05645,0.23472925470416398,6.019990742215804,1.2321979650557722,25.58360732809137,3.858204027730059,59.2437895529571,1.9043961097477443e-12,COMPLETE
3172,0.092,0.5261936892770596,1.4405649868053443,9.890916012877245,12.412723646412944,0.047570004104159534,0.764092524644605,1.4001292636520742e-08,COMPLETE
3173,0.06855,0.0955271821423063,5.719667260978259,6.875144787901625,341.38905376472866,5.054984284069897,0.02546664824328765,3.787929895519139e-07,COMPLETE
3174,0.06965,0.46320269196554237,7.051402036894628,3.9944594338373487,2.2526238626393873,0.08755680934938086,3.6008094906658137,5.432263014140687e-13,COMPLETE
3175,0.07975,0.5715605798999089,5.719667260978259,9.890916012877245,0.016767417635497637,0.06857317261521613,0.11060646004395691,3.407169759582504e-13,COMPLETE
3176,0.1182,0.7633968391957755,7.296565715563787,8.359124144204223,12.412723646412944,0.003817846623585521,34.574222073764446,3.0541645143911065e-11,COMPLETE
3177,0.0909,0.6252424058500597,6.943625321882633,6.641926976422129,12.412723646412944,107.59872434463156,0.11060646004395691,3.407169759582504e-13,COMPLETE
3178,0.0863,0.7148398976273231,7.296565715563787,8.741900816624833,2484.344497646969,186.9306125540257,34.574222073764446,8.720647859508846e-11,COMPLETE
3179,0.0719,0.5750713941629468,7.296565715563787,6.641926976422129,0.07261268023359602,0.004569612957571183,0.01777158201797886,8.720647859508846e-11,COMPLETE
3180,0.04165,0.25484174001414717,3.0455122299916,1.0726049388472807,0.07261268023359602,110.16646134717259,5.192615578479196,0.00020076711730330495,COMPLETE
3181,0.0823,0.17158594560037124,7.296565715563787,7.242098619980624,0.4634053899763641,1.0048919207332607,34.574222073764446,0.0016840956722355615,COMPLETE
3182,0.07,0.5318169394052393,7.296565715563787,6.641926976422129,0.6975592224319972,0.12480776742786713,0.9007471891691929,8.720647859508846e-11,COMPLETE
3183,0.0936,0.6440060767876119,7.296565715563787,5.302023668554363,0.4634053899763641,1.5630282565660134,0.01777158201797886,8.720647859508846e-11,COMPLETE
3184,0.08375,0.4030274947103817,1.9203947326204354,1.8991036803654382,0.4634053899763641,54.73736255256172,0.010117774078155787,7.242135537625552e-11,COMPLETE
3185,0.07485,0.4454747137162668,3.7523591558107,2.2991799521485987,0.016767417635497637,110.16646134717259,2.606433764399818,1.7411112824373338e-14,COMPLETE
3186,0.04985,0.25621010307711634,7.296565715563787,1.2250077952855236,0.4634053899763641,186.9306125540257,34.574222073764446,3.407169759582504e-13,COMPLETE
3187,0.05905,0.2016987382111171,6.700586061359405,1.2997368745646833,0.014162338396506723,0.047570004104159534,0.0247605531247782,1.9897264125379086e-06,COMPLETE
3188,0.13455,0.7203662166348388,5.439590829177734,6.641926976422129,2661.553121751245,0.047570004104159534,17.543999742650467,1.9897264125379086e-06,COMPLETE
3189,0.07005,0.42256497042749125,5.686980021608849,2.5118580794078285,12.412723646412944,107.59872434463156,59.2437895529571,3.0541645143911065e-11,COMPLETE
3190,0.0791,0.4573357601056724,5.439590829177734,9.890916012877245,1.4135693532947264,0.047570004104159534,0.04082369646290137,1.9897264125379086e-06,COMPLETE
3191,0.05065,0.27158617824576925,0.29100721715304245,1.4459574311166226,8176.620889878377,546.754814234046,34.574222073764446,7.242135537625552e-11,COMPLETE
3192,0.0567,0.3287482622237418,7.296565715563787,1.5301572503396699,123.52077947060401,107.59872434463156,34.574222073764446,8.720647859508846e-11,COMPLETE
3193,0.109,0.606072093473085,6.943625321882633,2.2991799521485987,7558.066539658481,0.06857317261521613,2.606433764399818,1.861509167853726e-14,COMPLETE
3194,0.07975,0.4959765763715075,4.958426658725357,6.641926976422129,4.393519485252465,1.5630282565660134,3.6008094906658137,3.787929895519139e-07,COMPLETE
3195,0.0725,0.6569536213344201,7.296565715563787,6.641926976422129,0.016767417635497637,0.12480776742786713,0.02673826520991979,8.720647859508846e-11,COMPLETE
3196,0.07895,0.6541159339006194,6.351039989269435,9.151177322481159,12.412723646412944,110.16646134717259,34.574222073764446,1.7411112824373338e-14,COMPLETE
3197,0.07125,0.4258237624650206,4.958426658725357,3.786492049701135,1.7144019056828752,0.06857317261521613,12.549082694764847,1.9043961097477443e-12,COMPLETE
3198,0.0866,0.6737149826126743,7.296565715563787,6.641926976422129,0.6975592224319972,0.12480776742786713,0.01777158201797886,8.720647859508846e-11,COMPLETE
3199,0.05145,0.352972613678738,4.958426658725357,2.3239766948079685,0.4634053899763641,1.5630282565660134,3.6008094906658137,3.0541645143911065e-11,COMPLETE
3200,0.05415,0.3471710917637059,4.797597292147365,1.7519510271087413,1.8442663426239594,0.12480776742786713,0.764092524644605,8.720647859508846e-11,COMPLETE
3201,0.0549,0.2972168506139917,6.019990742215804,1.7519510271087413,0.1784805460542277,4.006173959705789,3.6008094906658137,3.407169759582504e-13,COMPLETE
3202,0.0978,0.49773872054214924,3.74116385036072,3.786492049701135,123.52077947060401,1.5817653633128559,12.549082694764847,1.7411112824373338e-14,COMPLETE
3203,0.06405,0.5529765790032543,7.296565715563787,7.242098619980624,0.13572363288007885,0.6736121333388547,52.889823921781435,8.720647859508846e-11,COMPLETE
