number,values_0,values_1,params_delta_deg,params_gamma,params_lambda1,params_lambda2,params_lambda3,params_lambda4,state
1536,0.0557,0.3771752561214315,4.958426658725357,1.3526137167003873,3389.202209315723,186.9306125540257,3.6008094906658137,3.649569116806477e-06,COMPLETE
1537,0.1468,0.8148653813590063,6.943625321882633,9.890916012877245,3090.9457533461396,0.047570004104159534,1.7908030572645164,1.8161456189690293e-09,COMPLETE
1538,0.0853,0.3917951779553635,6.019990742215804,3.2792809847860105,0.014162338396506723,186.9306125540257,0.0247605531247782,3.811801850956625e-07,COMPLETE
1539,0.079,0.4241069170353513,3.7523591558107,2.2991799521485987,0.016767417635497637,110.16646134717259,2.606433764399818,1.7411112824373338e-14,COMPLETE
1540,0.10115,0.7935335650496114,6.943625321882633,8.741900816624833,208.22607295194175,0.06857317261521613,0.04529608412297882,3.787929895519139e-07,COMPLETE
1541,0.0546,0.15265738211073063,0.11921925236153806,1.1098655122958205,0.07261268023359602,4.508708734245029,0.49106969850296894,5.314026320276268e-08,COMPLETE
1542,0.08465,0.5418209898815554,7.051402036894628,1.7519510271087413,3090.9457533461396,2.889938283535454,0.764092524644605,2.5597557258227256e-12,COMPLETE
1543,0.10215,0.5225425079848425,4.958426658725357,1.513669637191869,123.52077947060401,0.009562038292372461,0.04082369646290137,5.430506505144336e-13,COMPLETE
1544,0.06775,0.31150933657062185,1.478466178303202,2.8034123264003057,0.6975592224319972,1.5630282565660134,3.6008094906658137,8.720647859508846e-11,COMPLETE
1545,0.09605,0.7678337085458283,3.046425174476959,8.741900816624833,123.52077947060401,0.214067216488943,0.2083347494436004,1.9043961097477443e-12,COMPLETE
1546,0.09475,0.4909476015479594,6.943625321882633,1.3526137167003873,12.412723646412944,0.004569612957571183,1.1760128381183215,1.8408580211580353e-10,COMPLETE
1547,0.0892,0.34030327319926107,5.439590829177734,9.890916012877245,0.4634053899763641,0.047570004104159534,0.04082369646290137,3.649569116806477e-06,COMPLETE
1548,0.0601,0.2295486861369373,2.8467952672042545,1.2997368745646833,0.014162338396506723,401.6145557975673,0.0247605531247782,3.811801850956625e-07,COMPLETE
1549,0.1199,0.6975512821479066,4.335111916469993,8.33604695260721,2661.553121751245,1.2594502646806938,41.10710059684658,7.242135537625552e-11,COMPLETE
1550,0.12345,0.8304071089106974,5.719667260978259,6.875144787901625,208.22607295194175,0.009707433566872849,0.01777158201797886,9.274226703370502e-12,COMPLETE
1551,0.07255,0.4302518037517047,0.14433949509045305,8.888597050641076,1.8442663426239594,4.703038707832875,3.6008094906658137,3.407169759582504e-13,COMPLETE
1552,0.06995,0.49426189802869347,4.958426658725357,8.33604695260721,7.923511979015814,1.2594502646806938,34.574222073764446,7.134040030210143e-10,COMPLETE
1553,0.0737,0.5427520903048234,7.051402036894628,2.8034123264003057,12.412723646412944,546.754814234046,5.192615578479196,2.376335948657833e-11,COMPLETE
1554,0.0617,0.42534687009293787,4.958426658725357,2.6338329439397503,104.61067826393281,1.5630282565660134,54.23643403987032,3.649569116806477e-06,COMPLETE
1555,0.0739,0.5872747271130553,6.8187912226914245,6.875144787901625,0.019528190728135077,0.06857317261521613,0.0671285849722132,1.6894010759859846e-13,COMPLETE
1556,0.10645,0.6739682477704044,4.335111916469993,8.33604695260721,2661.553121751245,3.858204027730059,59.2437895529571,7.242135537625552e-11,COMPLETE
1557,0.06185,0.2522018371728663,5.864604169544608,1.2997368745646833,0.18468504546596953,0.007054876772755201,0.0247605531247782,1.6894010759859846e-13,COMPLETE
1558,0.08305,0.43961376199095575,4.050574348074197,5.751620494688234,0.014162338396506723,0.004569612957571183,1.1961286443235215,3.0092675819548274e-09,COMPLETE
1559,0.0625,0.40200505275165044,4.050574348074197,2.8036597183497527,0.1784805460542277,0.004569612957571183,12.491315660805293,3.0092675819548274e-09,COMPLETE
1560,0.0875,0.6200366445835975,4.958426658725357,7.242098619980624,0.07261268023359602,186.9306125540257,1.1961286443235215,3.649569116806477e-06,COMPLETE
1561,0.0707,0.3666552701551963,2.8467952672042545,2.8034123264003057,0.6975592224319972,546.754814234046,0.053640229710454075,1.5335060532903536e-12,COMPLETE
1562,0.07755,0.5541527055085009,7.051402036894628,2.8036597183497527,0.1784805460542277,808.8074973688359,12.491315660805293,1.9043961097477443e-12,COMPLETE
1563,0.0748,0.684903337638865,4.335111916469993,8.33604695260721,208.22607295194175,1.5630282565660134,3.6008094906658137,3.787929895519139e-07,COMPLETE
1564,0.08585,0.6157345100347369,6.019990742215804,7.8078637347278095,0.1784805460542277,0.08777741099799043,0.06896807247569771,1.1682701663189634e-13,COMPLETE
1565,0.0728,0.04176535115307338,7.296565715563787,6.875144787901625,208.22607295194175,546.754814234046,0.01777158201797886,9.274226703370502e-12,COMPLETE
1566,0.0612,0.4503926428014235,3.7523591558107,2.2991799521485987,0.07261268023359602,51.0531204742495,0.12103631800962131,5.521087576123659e-10,COMPLETE
1567,0.0653,0.46708866537000865,3.7523591558107,2.2991799521485987,0.016767417635497637,110.16646134717259,0.0385814071838796,1.7411112824373338e-14,COMPLETE
1568,0.0932,0.5248280851081911,6.943625321882633,1.0730684149436114,3090.9457533461396,0.047570004104159534,0.04082369646290137,3.407169759582504e-13,COMPLETE
1569,0.05855,0.3937645210863525,7.051402036894628,1.7519510271087413,1.8442663426239594,0.7548899092636552,0.07249182291513659,1.255459285498909e-11,COMPLETE
1570,0.0765,0.5535501142422727,6.943625321882633,8.741900816624833,0.21068030120772424,0.08777741099799043,2.1361291203782047,1.1682701663189634e-13,COMPLETE
1571,0.0751,0.1542914163073383,2.9855889226456918,1.2043093488609087,208.22607295194175,4.671580414267349,0.0247605531247782,3.787929895519139e-07,COMPLETE
1572,0.06725,0.15617824369206473,7.051402036894628,8.359124144204223,208.22607295194175,186.9306125540257,0.018004241124954055,5.314026320276268e-08,COMPLETE
1573,0.086,0.3058893574909348,5.604398103729107,3.3801923275388828,1.3458572380195897,0.3710234766141632,6.452041938555118,1.0045126645326873e-05,COMPLETE
1574,0.07135,0.6469521001289095,5.686980021608849,8.359124144204223,1.9562826277387932,3.858204027730059,4.230818933588808,1.5335060532903536e-12,COMPLETE
1575,0.0623,0.6165700885790498,7.371731789186595,3.3801923275388828,208.22607295194175,0.3232690491122393,80.46577679760097,3.787929895519139e-07,COMPLETE
1576,0.06865,0.5599218567354197,5.719667260978259,3.8467963689814715,3090.9457533461396,110.16646134717259,34.49763847954444,9.787752692175531e-12,COMPLETE
1577,0.11555,0.6260856240445408,4.050574348074197,5.751620494688234,351.3041230368715,186.9306125540257,34.574222073764446,3.0092675819548274e-09,COMPLETE
1578,0.08715,0.5495111747487165,4.335111916469993,2.3270530655812576,2661.553121751245,1.2594502646806938,34.574222073764446,7.242135537625552e-11,COMPLETE
1579,0.05115,0.4511079879048216,7.296565715563787,3.0225158925237463,0.6975592224319972,0.12480776742786713,3.6008094906658137,5.432263014140687e-13,COMPLETE
1580,0.05485,0.36607572799141774,5.686980021608849,2.5118580794078285,0.4634053899763641,3.3796200129460776,59.2437895529571,2.1811143402963018e-10,COMPLETE
1581,0.1142,0.5062079304282348,6.351039989269435,1.0726049388472807,3090.9457533461396,0.1013397086496358,34.574222073764446,9.759036003290203e-13,COMPLETE
1582,0.09765,0.5542917413125626,4.958426658725357,8.359124144204223,0.4634053899763641,186.9306125540257,3.6008094906658137,0.0001088655364136866,COMPLETE
1583,0.0844,0.5647157469977762,7.296565715563787,6.641926976422129,0.6975592224319972,4.006173959705789,0.01777158201797886,3.407169759582504e-13,COMPLETE
1584,0.09795,0.5545281119889198,3.7523591558107,2.2991799521485987,3090.9457533461396,0.047570004104159534,2.606433764399818,3.407169759582504e-13,COMPLETE
1585,0.0615,0.3755277498360209,5.719667260978259,2.2991799521485987,0.01412316358568774,0.009707433566872849,0.010490863545892863,1.7411112824373338e-14,COMPLETE
1586,0.10325,0.043030375265377986,3.7523591558107,3.1788912454430323,2661.553121751245,110.16646134717259,0.19032458273908237,7.242135537625552e-11,COMPLETE
1587,0.0981,0.6419992682538638,4.958426658725357,7.242098619980624,0.4634053899763641,186.9306125540257,3.6008094906658137,3.649569116806477e-06,COMPLETE
1588,0.09475,0.6699783407773836,3.046425174476959,8.741900816624833,123.52077947060401,0.1013397086496358,15.311444895426654,3.787929895519139e-07,COMPLETE
1589,0.0713,0.6420773494635462,6.019990742215804,4.6814258240363635,1.8879681585883947,186.9306125540257,12.491315660805293,3.6833591391144344e-06,COMPLETE
1590,0.07715,0.6008068640755722,6.943625321882633,5.751620494688234,0.4634053899763641,51.0531204742495,46.77639836243533,3.0092675819548274e-09,COMPLETE
1591,0.0747,0.481884263411602,3.534900894396281,2.8034123264003057,0.6975592224319972,3.858204027730059,0.01777158201797886,8.720647859508846e-11,COMPLETE
1592,0.0843,0.5750940901102424,4.335111916469993,3.1788912454430323,6.966168241784175,0.003740018540172464,0.01777158201797886,3.407169759582504e-13,COMPLETE
1593,0.0995,0.5857459484319151,4.3548083271808515,6.875144787901625,12.412723646412944,0.009707433566872849,34.574222073764446,3.787929895519139e-07,COMPLETE
1594,0.11075,0.836138410736243,7.051402036894628,6.875144787901625,123.52077947060401,0.06857317261521613,0.11060646004395691,1.6894010759859846e-13,COMPLETE
1595,0.0727,0.7310733618993737,5.719667260978259,6.875144787901625,208.22607295194175,0.1013397086496358,0.01777158201797886,3.787929895519139e-07,COMPLETE
1596,0.07745,0.5486803414272394,5.589951783360743,3.3801923275388828,104.61067826393281,0.3710234766141632,80.46577679760097,3.649569116806477e-06,COMPLETE
1597,0.0602,0.377982206593266,2.484673142580527,1.7519510271087413,208.22607295194175,5.054984284069897,0.49106969850296894,5.314026320276268e-08,COMPLETE
1598,0.06195,0.027573633062623195,7.051402036894628,4.50627241619146,1.8442663426239594,4.006173959705789,0.01777158201797886,0.005674941053519622,COMPLETE
1599,0.0707,0.32434620800394687,3.7523591558107,2.2991799521485987,0.016767417635497637,0.009237464031998328,47.31702993232124,1.7411112824373338e-14,COMPLETE
1600,0.06415,0.4025891496551434,5.367812694940888,1.7519510271087413,1.8442663426239594,168.65252268697844,0.37320011604658865,3.9694167750317793e-10,COMPLETE
1601,0.1029,0.32089371057604305,5.938242422545831,2.6338329439397503,208.22607295194175,1.5630282565660134,0.04082369646290137,3.649569116806477e-06,COMPLETE
1602,0.07125,0.47516637106985926,5.719667260978259,2.2991799521485987,4.611847937882046,110.16646134717259,4.978570332004545,9.787752692175531e-12,COMPLETE
1603,0.1117,0.7523456106262462,5.989976616159035,8.33604695260721,2661.553121751245,1.2594502646806938,76.57127726580364,7.242135537625552e-11,COMPLETE
1604,0.10445,0.6243690057453183,6.655421352222268,7.8078637347278095,1.8442663426239594,51.0531204742495,0.5687262040093961,6.338054654029837e-09,COMPLETE
1605,0.0715,0.4049364597104663,5.719667260978259,8.741900816624833,0.016767417635497637,110.16646134717259,0.01777158201797886,1.9043961097477443e-12,COMPLETE
1606,0.0733,0.3882315015104819,7.051402036894628,1.7519510271087413,0.021294500943847383,168.65252268697844,0.01777158201797886,3.9694167750317793e-10,COMPLETE
1607,0.07745,0.3938485533517637,6.019990742215804,8.741900816624833,0.014162338396506723,186.9306125540257,0.07711691410081703,1.9043961097477443e-12,COMPLETE
1608,0.067,0.3248142011619661,4.3548083271808515,1.3526137167003873,12.412723646412944,107.59872434463156,0.04082369646290137,1.9897264125379086e-06,COMPLETE
1609,0.05855,0.18168460753123,3.0455122299916,1.0726049388472807,0.07261268023359602,51.0531204742495,5.192615578479196,9.211747068416803e-08,COMPLETE
1610,0.0846,0.017645732955560805,5.439590829177734,9.890916012877245,3090.9457533461396,186.9306125540257,0.04082369646290137,3.0541645143911065e-11,COMPLETE
1611,0.11075,0.827406585792941,5.719667260978259,9.890916012877245,3090.9457533461396,0.1013397086496358,0.764092524644605,3.407169759582504e-13,COMPLETE
1612,0.12325,0.7476335799068595,4.335111916469993,8.359124144204223,2661.553121751245,1.2594502646806938,4.230818933588808,1.5335060532903536e-12,COMPLETE
1613,0.0981,0.366905159221337,7.051402036894628,4.076387653004293,1.8442663426239594,186.9306125540257,0.0247605531247782,3.9694167750317793e-10,COMPLETE
1614,0.1255,0.8129025019139268,5.719667260978259,6.875144787901625,208.22607295194175,0.1013397086496358,0.11060646004395691,1.6894010759859846e-13,COMPLETE
1615,0.07885,0.6056111348285287,6.655421352222268,4.6814258240363635,0.07261268023359602,51.0531204742495,5.192615578479196,5.521087576123659e-10,COMPLETE
1616,0.0642,0.41698667157632946,7.386296960720818,1.7519510271087413,1.8442663426239594,5.054984284069897,0.01777158201797886,9.787752692175531e-12,COMPLETE
1617,0.0548,0.3761640288298595,4.335111916469993,2.5118580794078285,0.016767417635497637,0.2003442811132022,17.543999742650467,2.1811143402963018e-10,COMPLETE
1618,0.0866,0.5083136055751937,6.943625321882633,5.751620494688234,0.014162338396506723,1.532622101087091,14.732118064935978,6.456917551524149e-10,COMPLETE
1619,0.0809,0.5325770232809008,4.335111916469993,2.5118580794078285,208.22607295194175,0.1013397086496358,17.543999742650467,3.787929895519139e-07,COMPLETE
1620,0.05585,0.3407258599853864,6.943625321882633,1.7519510271087413,0.6975592224319972,0.009045923867597096,0.01777158201797886,8.720647859508846e-11,COMPLETE
1621,0.06945,0.4889164900534005,4.797597292147365,2.2991799521485987,0.016767417635497637,4.006173959705789,0.01777158201797886,3.407169759582504e-13,COMPLETE
1622,0.09775,0.21375624262824566,5.439590829177734,1.7519510271087413,7541.824071671657,4.006173959705789,0.04082369646290137,0.0006197632437366288,COMPLETE
1623,0.08535,0.6905048003059383,7.296565715563787,6.641926976422129,0.07261268023359602,51.0531204742495,12.491315660805293,6.338054654029837e-09,COMPLETE
1624,0.0774,0.6009313618651818,6.943625321882633,3.4599672870686695,1.8442663426239594,0.004569612957571183,0.764092524644605,3.407169759582504e-13,COMPLETE
1625,0.05925,0.25640482554870675,4.958426658725357,1.3526137167003873,12.412723646412944,107.59872434463156,34.574222073764446,3.787929895519139e-07,COMPLETE
1626,0.05895,0.2803591287722536,4.958426658725357,1.2997368745646833,0.6975592224319972,127.46061437170125,0.01777158201797886,3.811801850956625e-07,COMPLETE
1627,0.08615,0.5484538321616286,7.051402036894628,6.875144787901625,1.8442663426239594,0.06857317261521613,0.11060646004395691,1.6894010759859846e-13,COMPLETE
1628,0.0806,0.6259161807707992,4.050574348074197,5.751620494688234,0.07261268023359602,186.9306125540257,34.574222073764446,3.0092675819548274e-09,COMPLETE
1629,0.06675,0.5878978185619393,6.019990742215804,7.8078637347278095,0.1784805460542277,0.5362196401258538,3.6008094906658137,1.9043961097477443e-12,COMPLETE
1630,0.09545,0.6501551627584528,6.148024642357465,6.875144787901625,0.4634053899763641,546.754814234046,0.010490863545892863,3.0092675819548274e-09,COMPLETE
1631,0.0845,0.2593492718851858,2.9305266893628157,5.0087123563672735,2.2526238626393873,186.9306125540257,0.01777158201797886,3.407169759582504e-13,COMPLETE
1632,0.084,0.6310366280909305,4.653916869245234,9.890916012877245,12.412723646412944,51.0531204742495,0.04082369646290137,5.521087576123659e-10,COMPLETE
1633,0.07135,0.46681560324002613,6.351039989269435,2.2991799521485987,0.016767417635497637,107.59872434463156,2.606433764399818,3.0541645143911065e-11,COMPLETE
1634,0.0544,0.31898976546063085,5.039536287206675,1.2997368745646833,12.412723646412944,51.0531204742495,0.0247605531247782,3.811801850956625e-07,COMPLETE
1635,0.05835,0.4286798923544012,4.958426658725357,1.7519510271087413,1.8442663426239594,186.9306125540257,3.6008094906658137,1.4798983635226913e-12,COMPLETE
1636,0.0657,0.4172517634706308,3.7523591558107,1.7519510271087413,1.8442663426239594,4.006173959705789,0.01777158201797886,3.407169759582504e-13,COMPLETE
1637,0.07405,0.5161805078223646,4.958426658725357,2.8034123264003057,0.6975592224319972,546.754814234046,3.6008094906658137,3.715026380292558e-08,COMPLETE
1638,0.06585,0.7176701986284147,5.173397110427815,3.9944594338373487,31.25643993245734,0.1013397086496358,0.04082369646290137,2.3870902621628926e-12,COMPLETE
1639,0.0666,0.498175514637711,7.051402036894628,3.0508535038080185,1.8442663426239594,4.006173959705789,0.764092524644605,5.432263014140687e-13,COMPLETE
1640,0.0791,0.11296665861128938,6.943625321882633,8.741900816624833,208.22607295194175,0.06857317261521613,0.04529608412297882,0.002470962566688463,COMPLETE
1641,0.08555,0.6482825809482434,4.958426658725357,7.242098619980624,0.4634053899763641,110.16646134717259,34.574222073764446,1.7411112824373338e-14,COMPLETE
1642,0.0859,0.43832480722378653,4.335111916469993,1.2898476533527683,2661.553121751245,1.2594502646806938,3.6008094906658137,2.5099753344071754e-10,COMPLETE
1643,0.1068,0.040264544257867234,1.6982872874039567,2.2991799521485987,3090.9457533461396,110.16646134717259,0.04082369646290137,1.7411112824373338e-14,COMPLETE
1644,0.1073,0.772590576478837,4.3548083271808515,8.741900816624833,123.52077947060401,0.06857317261521613,0.04082369646290137,3.787929895519139e-07,COMPLETE
1645,0.06855,0.3726176070156755,5.719667260978259,2.2991799521485987,0.016767417635497637,66.30767566195983,34.97043686028137,2.7375666804152473e-10,COMPLETE
1646,0.0951,0.7876127275213627,4.958426658725357,8.741900816624833,83.17959030833369,0.06857317261521613,3.6008094906658137,3.0541645143911065e-11,COMPLETE
1647,0.09845,0.7723324456850199,6.943625321882633,9.890916012877245,708.2418969771976,0.047570004104159534,80.46577679760097,1.9897264125379086e-06,COMPLETE
1648,0.07905,0.4500674350936871,4.958426658725357,1.7519510271087413,5235.361217019605,4.006173959705789,44.70951726369941,3.787929895519139e-07,COMPLETE
1649,0.05385,0.2061149238608332,6.351039989269435,1.0726049388472807,208.22607295194175,3.926862948112624,34.574222073764446,3.787929895519139e-07,COMPLETE
1650,0.0565,0.39283762453563315,7.051402036894628,1.7519510271087413,1.8442663426239594,168.65252268697844,0.01777158201797886,3.9694167750317793e-10,COMPLETE
1651,0.11475,0.681602176477553,5.719667260978259,6.875144787901625,208.22607295194175,0.1013397086496358,0.01777158201797886,3.787929895519139e-07,COMPLETE
1652,0.0914,0.7823751380522186,5.719667260978259,6.875144787901625,3090.9457533461396,0.1013397086496358,0.01777158201797886,3.787929895519139e-07,COMPLETE
1653,0.08725,0.6175737065479041,7.051402036894628,5.751620494688234,8.098360317414071,0.08755680934938086,14.732118064935978,2.029764625732783e-12,COMPLETE
1654,0.06945,0.5492911618472146,6.103623020551158,3.3801923275388828,104.61067826393281,0.3710234766141632,80.46577679760097,3.649569116806477e-06,COMPLETE
1655,0.0859,0.6575816438075888,4.3548083271808515,8.359124144204223,0.4634053899763641,186.9306125540257,34.574222073764446,3.649569116806477e-06,COMPLETE
1656,0.06435,0.49658509466533085,6.943625321882633,3.588239546274598,0.08209124594208814,0.06857317261521613,0.10106312242255514,3.787929895519139e-07,COMPLETE
1657,0.1034,0.7590192673667755,6.943625321882633,5.751620494688234,3090.9457533461396,0.004569612957571183,14.732118064935978,3.0092675819548274e-09,COMPLETE
1658,0.0629,0.25203174167030445,7.051402036894628,2.8034123264003057,0.6975592224319972,0.047570004104159534,0.660532620312148,3.649569116806477e-06,COMPLETE
1659,0.0513,0.3703072684710946,6.943625321882633,2.2991799521485987,0.016767417635497637,12.7433114588357,14.732118064935978,3.0092675819548274e-09,COMPLETE
1660,0.0577,0.2815228293030431,3.7523591558107,1.4433350509996126,0.4634053899763641,110.16646134717259,12.268786036632221,3.0541645143911065e-11,COMPLETE
1661,0.0723,0.2699974022670971,1.5431376565797523,1.0726049388472807,1.8442663426239594,44.84974502738894,0.764092524644605,1.0940250127770873e-10,COMPLETE
1662,0.0766,0.7480289256705208,5.686980021608849,6.875144787901625,7843.277665583187,3.858204027730059,59.2437895529571,4.331365543927414e-05,COMPLETE
1663,0.049,0.010326250633710827,6.943625321882633,1.0726049388472807,0.016767417635497637,546.754814234046,0.010117774078155787,0.0023407940271021714,COMPLETE
1664,0.06815,0.615987119167824,7.371731789186595,8.33604695260721,1.8278642465471888,1.2594502646806938,3.433527659370331,5.521087576123659e-10,COMPLETE
1665,0.0415,0.2860234060379069,3.7523591558107,1.0726049388472807,0.07261268023359602,51.0531204742495,2.606433764399818,5.521087576123659e-10,COMPLETE
1666,0.05655,0.022628412246959932,4.958426658725357,8.359124144204223,0.4094527630866069,497.11870880440307,0.01777158201797886,0.0053871825382595506,COMPLETE
1667,0.06775,0.4344167577005407,7.051402036894628,1.7519510271087413,1.8442663426239594,20.56062882332569,0.42873972450035647,3.407169759582504e-13,COMPLETE
1668,0.0677,0.33615518216867557,4.335111916469993,2.2991799521485987,0.016767417635497637,1.2594502646806938,2.4710813083340644,2.588667085361784e-07,COMPLETE
1669,0.0502,0.20377575104838208,3.0455122299916,1.0726049388472807,123.52077947060401,1.2280328130640805,5.192615578479196,3.787929895519139e-07,COMPLETE
1670,0.03755,0.20262857465550976,4.958426658725357,1.0726049388472807,12.412723646412944,14.38825869953757,5.192615578479196,4.810075272371215e-06,COMPLETE
1671,0.043,0.2032604113550426,4.797597292147365,1.0726049388472807,0.05336565421191137,0.5234431764461012,0.764092524644605,5.521087576123659e-10,COMPLETE
1672,0.08895,0.6033391218401438,7.371731789186595,3.3801923275388828,1.8278642465471888,0.004569612957571183,1.1961286443235215,5.521087576123659e-10,COMPLETE
1673,0.05735,0.17922534405976487,3.7523591558107,1.0726049388472807,12.412723646412944,107.59872434463156,34.574222073764446,3.0541645143911065e-11,COMPLETE
1674,0.0624,0.4887493585741785,4.958426658725357,2.6338329439397503,208.22607295194175,1.5630282565660134,3.6008094906658137,3.787929895519139e-07,COMPLETE
