number,values_0,values_1,params_delta_deg,params_gamma,params_lambda1,params_lambda2,params_lambda3,params_lambda4,state
280,0.0629,0.15695629823537394,0.6369866499378445,1.0740453559242513,0.024002509249427918,0.026029536794764555,0.2903763919503425,1.1993391736258183e-07,COMPLETE
281,0.0638,0.5483404477577534,6.943625321882633,5.113119572952756,1.0946066447217027,0.12480776742786713,14.732118064935978,8.720647859508846e-11,COMPLETE
282,0.04625,0.31174243367308296,6.103623020551158,1.7519510271087413,0.21068030120772424,0.08777741099799043,0.06896807247569771,1.6894010759859846e-13,COMPLETE
283,0.0923,0.588374024392988,3.6458832232502703,8.359124144204223,5.403629304722727,3.858204027730059,4.230818933588808,1.5085857231899863e-09,COMPLETE
284,0.06905,0.5020651596305679,6.447811570556941,6.875144787901625,0.5606287050152496,0.054361423084864746,8.478604732169215,3.787929895519139e-07,COMPLETE
285,0.0557,0.2826541447972356,6.485051657135356,1.2293865125275927,6.544484254749669,243.12586844183596,0.2903763919503425,1.1682701663189634e-13,COMPLETE
286,0.0715,0.3166591097231593,4.2603663154594775,6.875144787901625,0.019607071158490193,545.1677653003622,0.01777158201797886,3.787929895519139e-07,COMPLETE
287,0.06485,0.41497627259912406,4.387863964059436,3.3801923275388828,48.82299940456844,2.012068492092538,2.606433764399818,8.424673547315899e-06,COMPLETE
288,0.08685,0.49264136216350024,3.999286460242423,3.3801923275388828,72.91096237472114,186.9306125540257,80.46577679760097,8.424673547315899e-06,COMPLETE
289,0.0396,0.26150269884537247,7.296565715563787,1.0726049388472807,0.6975592224319972,51.0531204742495,5.192615578479196,3.940696606650611e-07,COMPLETE
290,0.0946,0.44580336124864195,3.7523591558107,1.228734714353838,246.64943784978303,0.054361423084864746,7.146903739304916,1.2038654211851023e-08,COMPLETE
291,0.08395,0.5496021558113174,5.537909246919412,9.465761141368246,0.014163043718649002,0.0017001303126525393,2.606433764399818,6.338054654029837e-09,COMPLETE
292,0.0644,0.5986835744037644,5.686980021608849,2.5118580794078285,38.10594732437026,0.08674168362298547,0.01777158201797886,2.450464818207948e-13,COMPLETE
293,0.07825,0.47020994703360136,2.1366758659893685,2.839979984936102,6.544484254749669,0.008579521878881117,2.500142582090174,1.6894010759859846e-13,COMPLETE
294,0.0628,0.5401284079907808,5.772100366242379,3.2243370920705345,379.3173261661696,2.1687267560446846,2.606433764399818,1.1993391736258183e-07,COMPLETE
295,0.05005,0.3448483201439218,3.046425174476959,1.4234508712843703,0.06483803734091015,0.5218478141839406,0.027371668774221813,2.450464818207948e-13,COMPLETE
296,0.06405,0.4706853880617338,6.103623020551158,2.5118580794078285,0.21068030120772424,1.6488841567567056,0.06896807247569771,2.1811143402963018e-10,COMPLETE
297,0.08635,0.5019310450928621,4.429599901283036,2.8036597183497527,0.21068030120772424,38.72992698470038,1.4298640803911997,5.257273938195842e-09,COMPLETE
298,0.11025,0.6465308191601715,3.046425174476959,8.528259812725711,5502.709049790211,0.17740617781052795,12.491315660805293,2.450464818207948e-13,COMPLETE
299,0.0841,0.5473875250540582,5.826108180232255,4.826713485401669,1.8442663426239594,181.15138448930398,76.57127726580364,3.0541645143911065e-11,COMPLETE
300,0.0594,0.4014972509221701,4.5161700470934925,2.839979984936102,0.21068030120772424,0.08777741099799043,0.06896807247569771,1.1682701663189634e-13,COMPLETE
301,0.0729,0.6041895623849477,7.340945924280415,3.3801923275388828,104.61067826393281,0.3710234766141632,80.46577679760097,3.649569116806477e-06,COMPLETE
302,0.1161,0.6728247870529154,7.256367224677574,3.3801923275388828,1099.0996473129526,0.05722988957601947,0.01777158201797886,3.787929895519139e-07,COMPLETE
303,0.07855,0.6022940950787397,7.256367224677574,8.661993098468232,0.07261268023359602,186.9306125540257,5.192615578479196,1.4383874752260185e-13,COMPLETE
304,0.0672,0.3743808146564728,5.07985354852306,1.9462192645671181,0.6975592224319972,0.44649345881738217,0.029174303571910313,4.443488697213951e-11,COMPLETE
305,0.04665,0.32018464087034204,7.296565715563787,1.2487236682963678,0.6975592224319972,0.44649345881738217,0.01777158201797886,1.1682701663189634e-13,COMPLETE
306,0.0613,0.2669018147024139,4.797597292147365,1.5455685639813577,62.43778013936985,53.06163757643024,76.57127726580364,2.669710731963384e-08,COMPLETE
307,0.0674,0.3475566456490646,2.1366758659893685,2.839979984936102,0.014163043718649002,0.17740617781052795,0.09326296625414227,1.1682701663189634e-13,COMPLETE
308,0.07715,0.4928959369287781,4.335111916469993,5.808868829748669,62.43778013936985,53.06163757643024,0.03019843517815248,6.751302591176863e-11,COMPLETE
309,0.07555,0.3429456472527423,3.7523591558107,6.875144787901625,208.22607295194175,110.16646134717259,0.01777158201797886,3.787929895519139e-07,COMPLETE
310,0.0642,0.39783235130754285,4.335111916469993,3.1788912454430323,0.18055694270512732,0.054361423084864746,17.543999742650467,1.1371650130205796e-14,COMPLETE
311,0.07955,0.5107021245159257,3.7523591558107,2.8036597183497527,0.014163043718649002,110.16646134717259,2.606433764399818,1.7411112824373338e-14,COMPLETE
312,0.0636,0.22036085027825925,3.999286460242423,1.3526137167003873,0.014163043718649002,107.59872434463156,80.46577679760097,6.338054654029837e-09,COMPLETE
313,0.0897,0.6623293802808629,3.7523591558107,8.377992360274892,246.64943784978303,110.16646134717259,80.46577679760097,3.649569116806477e-06,COMPLETE
314,0.0573,0.5567512924427026,4.958426658725357,3.3801923275388828,0.04834415223632933,51.0531204742495,5.192615578479196,3.649569116806477e-06,COMPLETE
315,0.06415,0.45305126074523533,4.797597292147365,2.8036597183497527,1.8442663426239594,5.054984284069897,1.4298640803911997,6.338054654029837e-09,COMPLETE
316,0.0796,0.5944597011852699,3.7523591558107,8.377992360274892,2.824815337292512,110.16646134717259,2.606433764399818,3.3647718492660773e-09,COMPLETE
317,0.05195,0.2821064736388556,6.103623020551158,1.6279687987777078,0.21068030120772424,0.3710234766141632,80.46577679760097,1.6894010759859846e-13,COMPLETE
318,0.0883,0.5468297996937577,2.0610446381574583,3.3801923275388828,72.91096237472114,0.06538206208660806,80.46577679760097,6.338054654029837e-09,COMPLETE
319,0.0434,0.31989455673571215,5.989976616159035,1.7519510271087413,1.8442663426239594,5.054984284069897,76.57127726580364,1.621364679176634e-08,COMPLETE
320,0.05975,0.35731654220787057,3.0984669846514787,2.8036597183497527,0.1784805460542277,0.17740617781052795,5.937549622770696,6.338054654029837e-09,COMPLETE
321,0.0819,0.6386159631779592,2.8467952672042545,8.359124144204223,1766.3154686651803,51.0531204742495,12.491315660805293,1.5335060532903536e-12,COMPLETE
322,0.04975,0.2448465590140686,5.528965119864356,1.2463068926718883,0.4634053899763641,51.0531204742495,12.491315660805293,1.5335060532903536e-12,COMPLETE
323,0.09625,0.5767308557480116,3.3673525455725244,3.1788912454430323,62.43778013936985,11.739481102126906,0.19263894761394765,7.242135537625552e-11,COMPLETE
324,0.04905,0.46757702822829744,3.7523591558107,2.2991799521485987,0.016767417635497637,110.16646134717259,2.606433764399818,1.7411112824373338e-14,COMPLETE
325,0.0547,0.42428416537340163,4.335111916469993,3.1788912454430323,1.0946066447217027,0.12480776742786713,34.574222073764446,7.242135537625552e-11,COMPLETE
326,0.0986,0.6502339705573337,7.296565715563787,2.839979984936102,575.4906226530351,0.08777741099799043,0.01777158201797886,1.1682701663189634e-13,COMPLETE
327,0.08065,0.483279753053443,3.7523591558107,2.506135820262354,0.5606287050152496,110.16646134717259,7.146903739304916,9.152354487403374e-07,COMPLETE
328,0.09865,0.7002467011986022,5.719667260978259,6.875144787901625,208.22607295194175,0.1013397086496358,0.01777158201797886,3.787929895519139e-07,COMPLETE
329,0.05595,0.37761330794220305,6.103623020551158,2.5667299278096025,0.016767417635497637,0.08777741099799043,2.606433764399818,1.6894010759859846e-13,COMPLETE
330,0.0431,0.27752700621173215,4.3548083271808515,1.3526137167003873,0.4634053899763641,186.9306125540257,34.574222073764446,3.286486186600864e-09,COMPLETE
331,0.09205,0.48317706330912225,2.056316300425298,2.8036597183497527,0.26617409366755124,460.248832826313,10.702769404709919,6.338054654029837e-09,COMPLETE
332,0.05325,0.30541789822282717,6.103623020551158,1.7519510271087413,0.5493719993593001,0.08777741099799043,64.16334040406225,1.6894010759859846e-13,COMPLETE
333,0.06225,0.40343435383485443,7.296565715563787,3.1788912454430323,0.21068030120772424,0.026029536794764555,76.70279194576531,3.2408239014163186e-13,COMPLETE
334,0.0776,0.3725479081191701,3.7523591558107,2.5667299278096025,0.016767417635497637,6.746569155809414,2.606433764399818,9.152354487403374e-07,COMPLETE
335,0.07895,0.40519093958345404,5.686980021608849,2.5118580794078285,1.9562826277387932,0.021875706805845035,59.2437895529571,9.568348606324787e-10,COMPLETE
336,0.07945,0.1592589560768078,6.085936124753439,6.0196653982081365,1.7669126752088802,0.17740617781052795,80.46577679760097,8.897611140431153e-05,COMPLETE
337,0.0778,0.4826068060403266,4.335111916469993,3.1788912454430323,0.21068030120772424,0.026029536794764555,0.01777158201797886,3.2408239014163186e-13,COMPLETE
338,0.04205,0.21564069832185878,2.8467952672042545,1.0726049388472807,0.4634053899763641,51.0531204742495,5.192615578479196,1.5335060532903536e-12,COMPLETE
339,0.07605,0.6424150184483585,2.840205742530506,8.815771858274038,0.4634053899763641,51.0531204742495,4.230818933588808,1.5335060532903536e-12,COMPLETE
340,0.07215,0.6155508097277147,5.772100366242379,2.839979984936102,62.43778013936985,0.08777741099799043,3.616911213787438,1.1682701663189634e-13,COMPLETE
341,0.0824,0.6308668230098402,5.816239118870492,5.032053856498939,104.61067826393281,0.17740617781052795,14.732118064935978,6.338054654029837e-09,COMPLETE
342,0.06585,0.4454851415659153,3.7523591558107,2.5033277105189193,0.5606287050152496,110.16646134717259,7.146903739304916,3.3647718492660773e-09,COMPLETE
343,0.0659,0.6242995384683143,6.655421352222268,4.6814258240363635,0.07261268023359602,51.0531204742495,12.491315660805293,6.338054654029837e-09,COMPLETE
344,0.07845,0.45190082783396085,6.103623020551158,1.783805364054492,0.039795245467244764,3.96286338309059,0.06896807247569771,3.407169759582504e-13,COMPLETE
345,0.0964,0.5753990030630252,5.719667260978259,6.875144787901625,0.4634053899763641,51.0531204742495,0.01777158201797886,1.5335060532903536e-12,COMPLETE
346,0.0566,0.35450079763233744,6.103623020551158,2.5667299278096025,0.016767417635497637,0.08777741099799043,2.606433764399818,9.152354487403374e-07,COMPLETE
347,0.07845,0.6241036357225281,3.518596375525721,3.3801923275388828,187.8489768150728,0.054361423084864746,7.146903739304916,1.2038654211851023e-08,COMPLETE
348,0.06475,0.519127409754006,3.3235578793299063,2.5667299278096025,0.1784805460542277,110.16646134717259,2.606433764399818,9.152354487403374e-07,COMPLETE
349,0.06235,0.41936414565361674,3.046425174476959,1.783805364054492,0.039795245467244764,5.054984284069897,0.06896807247569771,2.450464818207948e-13,COMPLETE
350,0.06455,0.669145936265932,4.958426658725357,8.359124144204223,0.4634053899763641,186.9306125540257,3.6008094906658137,3.0541645143911065e-11,COMPLETE
351,0.0618,0.4274701298926566,1.8848202356671995,3.3801923275388828,0.6975592224319972,107.59872434463156,57.372021626881,3.286486186600864e-09,COMPLETE
352,0.04995,0.15553937029061957,3.0455122299916,1.0726049388472807,0.07261268023359602,0.12480776742786713,96.32523567279951,3.940696606650611e-07,COMPLETE
353,0.04705,0.23336574477725402,4.3548083271808515,1.3526137167003873,12.412723646412944,107.59872434463156,80.46577679760097,3.286486186600864e-09,COMPLETE
354,0.05685,0.46542215433704975,6.103623020551158,1.783805364054492,0.039795245467244764,6.297650324316545,0.0647822925310974,4.3883375142816094e-14,COMPLETE
355,0.0628,0.5746577194968117,6.103623020551158,3.3801923275388828,104.61067826393281,0.3710234766141632,80.46577679760097,3.649569116806477e-06,COMPLETE
356,0.06355,0.25187985880582053,5.826108180232255,2.839979984936102,0.18468504546596953,3.3736658784802294,80.46577679760097,0.0001894326790292109,COMPLETE
357,0.04505,0.35393027788308046,4.797597292147365,1.7519510271087413,1.8442663426239594,4.006173959705789,0.764092524644605,3.407169759582504e-13,COMPLETE
358,0.06915,0.5427594722490113,2.8467952672042545,8.359124144204223,1.9562826277387932,3.858204027730059,4.230818933588808,1.5335060532903536e-12,COMPLETE
359,0.07955,0.5829466415229411,5.826108180232255,3.812714163562798,0.18468504546596953,1.5630282565660134,0.0247605531247782,1.4411310191528362e-14,COMPLETE
360,0.1095,0.6363628733326573,7.051402036894628,2.8036597183497527,2533.9430426478866,0.043038717079399595,12.491315660805293,1.6894010759859846e-13,COMPLETE
361,0.0742,0.636688184282657,5.17169377297071,8.528259812725711,0.06483803734091015,0.14573544011572329,0.027371668774221813,2.450464818207948e-13,COMPLETE
362,0.06,0.3286529907046745,3.7523591558107,2.2991799521485987,0.016767417635497637,0.07361684874915614,2.606433764399818,2.2704812826588045e-12,COMPLETE
363,0.08155,0.5059456199335646,4.3548083271808515,2.0117238004086353,104.61067826393281,0.12480776742786713,34.574222073764446,8.720647859508846e-11,COMPLETE
364,0.05345,0.22402078310436221,5.686980021608849,1.1032437430590238,0.1784805460542277,0.0038242296205185174,12.491315660805293,2.1811143402963018e-10,COMPLETE
365,0.0725,0.5312226571568143,5.686980021608849,2.5033277105189193,2118.59475034272,3.858204027730059,59.2437895529571,1.2038654211851023e-08,COMPLETE
366,0.095,0.5365892089383281,6.103623020551158,9.628503509756111,0.08483406601269286,51.0531204742495,0.01746342497905136,2.2704812826588045e-12,COMPLETE
367,0.0542,0.33268678791079326,5.719667260978259,1.7519510271087413,0.21068030120772424,0.1013397086496358,0.01777158201797886,1.6894010759859846e-13,COMPLETE
368,0.081,0.3230699445366846,4.3548083271808515,1.1092290760008179,104.61067826393281,0.16551768327250904,80.46577679760097,6.338054654029837e-09,COMPLETE
369,0.0408,0.2231378391083334,4.3548083271808515,1.0902599996446103,0.21068030120772424,0.12480776742786713,0.06896807247569771,1.1682701663189634e-13,COMPLETE
370,0.0914,0.6249921657865247,2.8467952672042545,8.359124144204223,0.036692569286623046,51.0531204742495,0.07549604599441283,1.5335060532903536e-12,COMPLETE
371,0.0729,0.5489587215966666,6.842756712894734,3.3801923275388828,104.61067826393281,0.3710234766141632,80.46577679760097,3.649569116806477e-06,COMPLETE
372,0.05645,0.36805943391017437,3.7523591558107,2.5667299278096025,0.016767417635497637,110.16646134717259,87.6443350446743,9.152354487403374e-07,COMPLETE
373,0.08455,0.5269878055392866,2.628647446760433,8.12437502924717,0.022016922731769563,0.3710234766141632,80.46577679760097,9.482621027458303e-09,COMPLETE
374,0.0544,0.2870539437999389,5.719667260978259,1.1036106272554498,246.64943784978303,110.16646134717259,2.606433764399818,3.3647718492660773e-09,COMPLETE
375,0.06815,0.49884208786621814,4.452739577150898,5.57273495022442,23.082448543212173,0.3710234766141632,94.45626116932038,3.649569116806477e-06,COMPLETE
376,0.0868,0.4598166014146809,4.958426658725357,8.359124144204223,0.4634053899763641,186.9306125540257,0.012991095659660834,9.152354487403374e-07,COMPLETE
377,0.0605,0.25653809774726066,3.7523591558107,1.7519510271087413,23.082448543212173,49.095279214861435,94.45626116932038,8.355831474607183e-14,COMPLETE
378,0.1011,0.6553381851115412,7.051402036894628,2.8036597183497527,1775.9604054605222,0.17740617781052795,12.491315660805293,8.720647859508846e-11,COMPLETE
379,0.0615,0.3481596090984381,5.65001351511787,2.5667299278096025,0.016767417635497637,0.44649345881738217,1.4298640803911997,9.152354487403374e-07,COMPLETE
380,0.04075,0.3079272677926013,2.4363066922394347,1.5455685639813577,1.9562826277387932,3.858204027730059,3.0759866888437664,2.1811143402963018e-10,COMPLETE
381,0.0831,0.5990136199839838,3.7523591558107,6.7179458022232055,0.4634053899763641,110.16646134717259,2.606433764399818,3.3647718492660773e-09,COMPLETE
382,0.04365,0.27461976256146897,4.958426658725357,1.4234508712843703,0.33899932252483383,0.5218478141839406,80.46577679760097,6.84161446778786e-11,COMPLETE
383,0.06445,0.4467441461552136,3.518596375525721,2.5033277105189193,12.412723646412944,107.59872434463156,7.146903739304916,3.286486186600864e-09,COMPLETE
384,0.111,0.6441082574006884,3.7523591558107,8.377992360274892,0.18468504546596953,110.16646134717259,8.569940261066668,3.3647718492660773e-09,COMPLETE
385,0.046,0.2041046937659004,6.485051657135356,1.0254811708920843,1.9562826277387932,0.5218478141839406,59.2437895529571,6.84161446778786e-11,COMPLETE
386,0.07415,0.6506392934471471,6.103623020551158,5.751620494688234,106.9046891744982,0.3710234766141632,80.46577679760097,3.649569116806477e-06,COMPLETE
387,0.05845,0.4191190323850804,7.296565715563787,2.8780430777819794,0.6975592224319972,0.12480776742786713,55.92237929992714,8.720647859508846e-11,COMPLETE
388,0.0881,0.5174942161528359,0.49267004240459356,3.812714163562798,0.18468504546596953,1.5630282565660134,0.0247605531247782,1.4411310191528362e-14,COMPLETE
389,0.07695,0.586051210560747,6.103623020551158,3.3801923275388828,17.89473187396098,0.08777741099799043,0.06896807247569771,1.1682701663189634e-13,COMPLETE
390,0.0446,0.27925837896950295,2.8467952672042545,1.4234508712843703,0.09881808894621637,0.08461218904615202,1.4298640803911997,1.5335060532903536e-12,COMPLETE
391,0.0712,0.5884803372030295,5.826108180232255,1.783805364054492,758.0821206044428,0.08777741099799043,0.0247605531247782,1.4411310191528362e-14,COMPLETE
392,0.05485,0.24021022977486983,5.772100366242379,1.0740453559242513,62.43778013936985,51.0531204742495,3.616911213787438,3.940696606650611e-07,COMPLETE
393,0.08185,0.5737292269517418,4.797597292147365,3.812714163562798,0.18468504546596953,5.054984284069897,0.0247605531247782,1.4411310191528362e-14,COMPLETE
394,0.0639,0.4242093974178397,6.103623020551158,2.839979984936102,0.21068030120772424,0.17740617781052795,0.06896807247569771,1.1682701663189634e-13,COMPLETE
395,0.05165,0.22604681366582213,4.85449260006362,1.0726049388472807,0.07261268023359602,53.06163757643024,5.192615578479196,3.940696606650611e-07,COMPLETE
396,0.05075,0.2688783602936065,5.719667260978259,1.3526137167003873,0.4634053899763641,186.9306125540257,0.01777158201797886,3.787929895519139e-07,COMPLETE
397,0.0755,0.11990254452201093,7.051402036894628,7.811264848983889,0.014163043718649002,1.5630282565660134,0.0247605531247782,6.545598437244497e-05,COMPLETE
398,0.07325,0.6123025629076596,5.07985354852306,8.377992360274892,62.43778013936985,110.16646134717259,2.606433764399818,3.3647718492660773e-09,COMPLETE
399,0.0752,0.5436042660394601,2.8467952672042545,8.359124144204223,0.4634053899763641,51.0531204742495,0.3433535540911756,7.845919323069124e-14,COMPLETE
400,0.06255,0.38724249586940684,4.335111916469993,2.5667299278096025,1.0946066447217027,0.022544534316442343,34.574222073764446,1.1826481602972628e-12,COMPLETE
401,0.0539,0.43841050605747506,4.958426658725357,3.812714163562798,0.18468504546596953,1.5630282565660134,3.6008094906658137,1.4411310191528362e-14,COMPLETE
402,0.1048,0.45565055449268305,4.3548083271808515,1.0318454088584204,1576.537521534778,0.07313692059863067,12.491315660805293,9.152354487403374e-07,COMPLETE
403,0.10085,0.7468545203385359,5.719667260978259,6.875144787901625,208.22607295194175,0.1013397086496358,0.11060646004395691,1.6894010759859846e-13,COMPLETE
404,0.0627,0.3831123834351289,5.686980021608849,2.5118580794078285,0.06483803734091015,4.703038707832875,59.2437895529571,2.1874311883554917e-13,COMPLETE
405,0.07595,0.5482084337650134,6.103623020551158,3.5442191887004864,0.21068030120772424,0.28973340859891816,0.06896807247569771,1.6894010759859846e-13,COMPLETE
406,0.0454,0.3064656254068003,4.958426658725357,1.2997368745646833,0.18468504546596953,186.9306125540257,0.0247605531247782,3.811801850956625e-07,COMPLETE
407,0.0619,0.398315288775743,4.3548083271808515,1.783805364054492,12.412723646412944,0.995373567845339,0.0647822925310974,4.3883375142816094e-14,COMPLETE
408,0.06105,0.4352805793864325,3.7523591558107,1.7519510271087413,1.8442663426239594,110.16646134717259,2.606433764399818,3.407169759582504e-13,COMPLETE
409,0.06895,0.4481261027542364,6.103623020551158,1.783805364054492,0.039795245467244764,5.054984284069897,0.0647822925310974,3.407169759582504e-13,COMPLETE
410,0.07915,0.6386314005704585,4.8865348071926284,6.875144787901625,208.22607295194175,51.0531204742495,12.491315660805293,3.787929895519139e-07,COMPLETE
411,0.07455,0.3935585206517183,5.07985354852306,2.2991799521485987,62.43778013936985,5.368991340046684,2.606433764399818,1.7411112824373338e-14,COMPLETE
412,0.07745,0.43227797325673517,6.103623020551158,1.783805364054492,0.039795245467244764,186.9306125540257,3.6008094906658137,4.3883375142816094e-14,COMPLETE
413,0.0911,0.6003489550646738,4.335111916469993,3.1788912454430323,2661.553121751245,0.026029536794764555,17.543999742650467,7.242135537625552e-11,COMPLETE
414,0.06715,0.09248027758518301,4.958426658725357,8.359124144204223,0.4634053899763641,186.9306125540257,0.2798478547293826,0.0007917363769975126,COMPLETE
415,0.05975,0.4030281908506785,4.3548083271808515,1.783805364054492,0.4634053899763641,6.297650324316545,0.0647822925310974,3.286486186600864e-09,COMPLETE
416,0.05635,0.3250631971457158,6.755395469425466,1.7519510271087413,1.8442663426239594,186.9306125540257,76.57127726580364,5.576919961813523e-14,COMPLETE
417,0.11075,0.6806744576366319,3.7523591558107,8.377992360274892,246.64943784978303,0.08777741099799043,2.606433764399818,1.1682701663189634e-13,COMPLETE
418,0.0908,0.6546733087772012,6.103623020551158,6.875144787901625,0.06483803734091015,4.703038707832875,0.030132911462572354,1.8862199994147838e-14,COMPLETE
419,0.0966,0.6850098415806622,3.046425174476959,6.875144787901625,1119.1871047645736,0.49666391642908636,2.606433764399818,2.9847317084458213e-10,COMPLETE
