number,values_0,values_1,params_delta_deg,params_gamma,params_lambda1,params_lambda3,state
0,0.0796,0.29661893489043206,7.466104260050497,1.6705974543865034,0.02538900808440516,0.24133690159984034,COMPLETE
1,0.0913,0.35053618187103885,2.596437355274286,5.310472980773323,0.14105665628727165,3.624518789722739,COMPLETE
2,0.1276,0.6716294533353699,3.563698108933897,6.872208690066344,572.7284543742186,0.05610871420871274,COMPLETE
3,0.1238,0.6978217264466651,5.561181509172287,7.795649162862653,157.76472984301373,0.08614457198150818,COMPLETE
4,0.1009,0.6398884285382012,5.5150049043702545,6.375236854260541,30.54779366423335,0.5985950343657075,COMPLETE
5,0.10225,0.20163032525213512,0.6172535427226684,1.6685243788788928,8.529295686269778,0.10753035396836841,COMPLETE
6,0.11755,0.6067029237825317,6.373220028764386,2.6165637316925068,1726.8598499372624,69.37427279487777,COMPLETE
7,0.0662,0.20763099609838864,6.228153096296031,1.0494278839365214,0.9749595627776878,0.019518614897246274,COMPLETE
8,0.11605,0.6068105349744357,5.648344185544544,4.256982401260227,0.12426726828676826,0.022329527760628305,COMPLETE
9,0.13385,0.28388693229312895,1.6806813376657945,9.411448401096534,273.94632499472834,0.01333862594826848,COMPLETE
10,0.09735,0.20977040830269922,1.8555996032267388,1.4706851740259606,0.590625629023177,0.04391670121755487,COMPLETE
11,0.0918,0.2654439689688681,2.445656565334105,2.046621328207407,10.663792943386317,0.37899801721319787,COMPLETE
12,0.10765,0.3976247909662859,0.6501390125994883,3.834251196536236,2022.4284041722115,3.835844418358415,COMPLETE
13,0.11305,0.527606572099717,3.2535597786937265,3.5462976791544953,552.0532581997185,7.062579976457381,COMPLETE
14,0.11495,0.6239253734690697,6.4327845822812355,2.395863875504564,1433.6859436079505,79.88179341733795,COMPLETE
15,0.0919,0.11234321860958807,1.070700982585878,1.1824222188442066,0.07181546562881545,0.4777337991013341,COMPLETE
16,0.1269,0.5789423960466363,3.1421442185484896,3.527896999516271,4792.464316739701,3.6737160755706766,COMPLETE
17,0.1103,0.5710824796046924,4.593311846962319,9.276524832853482,22.404802370853613,0.7867467306386959,COMPLETE
18,0.1119,0.5350148207868315,2.9960933044121676,3.636861807859614,928.0691358012833,0.013256607997446958,COMPLETE
19,0.0908,0.4046537045017461,2.331581812460897,8.548323964814713,0.06363584545345846,50.394466226004596,COMPLETE
20,0.10055,0.321071900696431,1.80081579562787,1.808206232949079,0.19378061715881154,0.02383662817864222,COMPLETE
21,0.1258,0.4997419973769857,1.8082215922428297,7.986959133671966,206.97644820492854,10.024286145402035,COMPLETE
22,0.1292,0.5539941267066316,1.6185963901965041,4.1586569508846685,4772.15388837701,0.013744588585769928,COMPLETE
23,0.104,0.5442073271545541,1.2464461612664937,6.776081133103234,472.53321985754735,1.4874310019960524,COMPLETE
24,0.08855,0.2898433948102014,2.42848823335437,1.8943260575893233,0.17363936680345932,0.11576607187846226,COMPLETE
25,0.14015,0.7441007613668433,3.9263853480036732,6.997691793670614,6918.474747767029,0.09277540282070948,COMPLETE
26,0.11285,0.5773709879986303,3.978114881758379,5.486508696408005,0.011260104752787463,0.0623631790206634,COMPLETE
27,0.1206,0.371358866000073,0.9051880720188049,2.7953589641653553,0.08966993501391612,0.03255547902522131,COMPLETE
28,0.0941,0.4693981486931142,6.743337396038037,1.4022913402036523,1136.9451617293491,21.06244841510019,COMPLETE
29,0.08295,0.2909918614405223,3.0106057652043923,2.9149538972511664,0.014707970623769872,0.6499917104826919,COMPLETE
30,0.0974,0.4072784134868701,1.8892823822974358,5.600304491850606,53.18440558386166,23.35585477562936,COMPLETE
31,0.0927,0.18409383283164338,1.878577420324864,1.6281651179671892,0.19353032789830518,0.22696864983299098,COMPLETE
32,0.0783,0.2847541491204028,5.608567316603186,2.6851029970103544,0.013312218698214922,13.846907547344033,COMPLETE
33,0.1,0.41289874832683715,1.725904925943869,2.4338622860693446,874.1330303163832,10.475882099332132,COMPLETE
34,0.0876,0.2138368152932711,4.419840123160088,1.5945809847216492,0.3448706967670991,0.18406866225157814,COMPLETE
35,0.12685,0.688747417041729,3.790531816933903,5.700713517581756,4722.573507795204,43.97293913130812,COMPLETE
36,0.0916,0.23650563218609055,3.58313464608959,2.7857507304507183,2.136762935747518,54.63099150658512,COMPLETE
37,0.107,0.5449448106862397,3.9991657306056503,9.413482932589199,0.6675336240955052,0.6805162092954433,COMPLETE
38,0.06765,0.1828926969686687,7.351751324003693,1.2992706708708701,0.022872403443138362,0.7242985480394712,COMPLETE
39,0.0973,0.3365304560395326,3.4378312476670434,4.144651829759461,0.33545717069597697,42.463823558415875,COMPLETE
40,0.1228,0.7225573496144068,7.3111785443559505,5.0511732625518295,285.7790488175034,0.1399163420901721,COMPLETE
41,0.0888,0.18695060986736156,3.4099180219956797,1.9873909843390936,0.17367781104921115,3.4810098741224977,COMPLETE
42,0.0747,0.15304856734030373,2.210908662319974,1.371223183378064,0.919210048293306,12.630413240768252,COMPLETE
43,0.102,0.2754796663322057,0.2960079642618221,6.760916388246953,2.146591394793584,51.366314923631336,COMPLETE
44,0.08515,0.22493855255866851,2.8711698160207777,1.2566093898263968,128.16678613219463,67.732139360194,COMPLETE
45,0.0839,0.23839264110280114,5.960138319014591,2.824148953430383,0.33284075795421086,52.25838045736777,COMPLETE
46,0.0858,0.5507852880901211,7.257271731141275,5.196045314781185,1.9411683121291674,1.526275265602974,COMPLETE
47,0.08995,0.3344432579825694,1.61247810963069,3.0750105499467444,3.7592603356883285,0.3853203834060334,COMPLETE
48,0.1258,0.6473776729625698,6.812644630608508,4.510361913834067,0.5549010274448358,0.012443470054244883,COMPLETE
49,0.0795,0.33062986091564434,4.097318033812412,2.082816787946359,0.01682899849443549,0.19921512103521935,COMPLETE
50,0.0956,0.44428753093944995,1.0562859813305001,2.6307048556380646,2313.9683548246926,4.072504836370441,COMPLETE
51,0.06895,0.15165326890980493,5.076670003247146,1.183864546299759,0.010294111436649002,9.411536564134298,COMPLETE
52,0.1446,0.5916083592518993,2.3713729740366536,8.099643749530454,6740.875606588302,0.02739193948918892,COMPLETE
53,0.07635,0.18514245419397365,3.3344606159624472,1.3606116871448248,3.535358619335088,73.8160652358767,COMPLETE
54,0.0753,0.19444608386960213,2.829805034921895,1.5651528483778223,0.03323162261792681,0.7495052001284879,COMPLETE
55,0.08775,0.21331296405350864,3.8579478727222294,2.066452540088676,14.208752046496574,25.28624152277267,COMPLETE
56,0.079,0.18505381539202534,1.6631403188898242,1.4809815068054901,25.854852193367364,0.5934734598510701,COMPLETE
57,0.09725,0.35714297587422583,0.5833128116946337,9.840804570484812,0.028660418562744337,0.25306962850359427,COMPLETE
58,0.1287,0.3625208621479097,0.8329426419821616,4.3730641590615855,0.044568925976587806,0.10257012244723256,COMPLETE
59,0.09545,0.5732427837141754,5.939170481881678,8.053117581805795,0.747253043227065,4.8269015675922065,COMPLETE
60,0.1128,0.555639442481592,3.5292205186109387,3.540828116656344,256.4915806564701,0.024952099803240622,COMPLETE
61,0.0801,0.461027694932096,7.386495200771071,1.8145138315019835,28.623301091967512,0.04841802788233872,COMPLETE
62,0.0706,0.3544021154972219,5.827113301687939,1.3296769002026185,343.73057923520304,1.4141176649591676,COMPLETE
63,0.09895,0.550663625893814,5.381858702293355,7.451337432117496,0.4111694316312813,0.762764451422855,COMPLETE
64,0.09755,0.5738985390469734,6.998570432374837,5.950827672861153,0.01333967025299093,0.7306953052604724,COMPLETE
65,0.0819,0.1905780388797471,1.544342930433876,1.8438446347179427,8.141140687355298,2.126688718315185,COMPLETE
66,0.1009,0.3754156348468154,2.9749567558335412,1.699503393970215,1682.5822245299014,1.394744750596564,COMPLETE
67,0.11755,0.18622160097069207,0.5494987785238856,1.1426889750198737,174.77343181630346,0.042472683269881996,COMPLETE
68,0.07305,0.15957087482475474,4.6345873632545755,1.256494764232378,0.022372710947910237,1.0922965381844774,COMPLETE
69,0.0929,0.5159635655338811,4.305982618086691,3.026166894157264,3.1350789894471887,0.011749550410459862,COMPLETE
70,0.10715,0.6458405188167113,6.973898707063055,7.508812096467525,0.16590259730141543,0.40927508607969953,COMPLETE
71,0.11275,0.4656147915671778,1.938926106932242,9.087460543413709,13.75327318980228,0.37117658881977084,COMPLETE
72,0.0943,0.4403957643870198,4.378011050526785,7.447988967750218,0.09403747535706525,0.7202429180445923,COMPLETE
73,0.1201,0.7255730689068632,1.441782102972152,8.928904969540103,2758.2044299778786,1.1455582253601304,COMPLETE
74,0.0959,0.4161477175885926,3.639272469369107,6.326492498759037,27.70945767369785,83.59765042416015,COMPLETE
75,0.1218,0.5596825705908971,3.2342614694771625,7.716956152431088,0.3991416433153113,0.02905967905537422,COMPLETE
76,0.1154,0.22167306921984373,0.3714326954978988,2.4668205712459903,0.030928630484786532,0.06878385694851079,COMPLETE
77,0.09005,0.3267128337235466,5.34350018162054,2.8320734546831314,13.522510295487697,2.1102891532478085,COMPLETE
78,0.11115,0.5514218246383182,1.885070427035611,3.0352039660395387,6755.71174442274,0.725005173883511,COMPLETE
79,0.09265,0.26121506119280696,4.714594625564984,2.69896767279987,0.05638738336150601,1.586419580993275,COMPLETE
80,0.11285,0.5768618093323867,3.5767663211188676,3.4403790761011215,143.68539701649053,0.040693828980036345,COMPLETE
81,0.1179,0.20452645419270862,1.7534124611447541,1.0250716565946363,796.9638522730953,13.21076902376178,COMPLETE
82,0.1307,0.6182606323040875,2.862368560211606,8.2636025320606,869.7530465257089,0.03168328309134959,COMPLETE
83,0.08205,0.26402938516726954,6.232071729712408,1.7594833912179524,0.01151965102399535,0.28220434963382407,COMPLETE
84,0.1265,0.4849669380108623,1.8078622084056417,7.562253423893055,1.7115405193262219,0.0699472168919477,COMPLETE
85,0.097,0.5456575680172062,6.719955172972431,2.87329184153772,1.868113721224129,0.01586248843698154,COMPLETE
86,0.0976,0.4546013638533039,5.549003007609404,7.415123752999991,0.11276654956375644,16.04679978641563,COMPLETE
87,0.09535,0.3444648326290542,0.27474337497730683,4.0031073349616735,2.190885366169707,0.0396979976488373,COMPLETE
88,0.0914,0.4737991074935563,7.398979747077997,2.99838938907905,61.128832411058866,32.402251569270184,COMPLETE
89,0.0827,0.1963362227536886,7.339695485358947,1.0567072421993136,62.697590963815536,11.34645454198699,COMPLETE
90,0.10155,0.3389299936472354,0.7788792884417953,3.2232822869572217,261.950309024431,1.6840995912863275,COMPLETE
91,0.0621,0.17841026015109407,6.8435536313626235,1.1679739768270172,2.4792588435669867,44.76380938653201,COMPLETE
92,0.11155,0.31396343074615407,0.16199044260022796,3.9833224549082002,6649.291504263214,47.09847155254907,COMPLETE
93,0.09335,0.595523461316885,7.489439152524652,4.390239464358789,20.742218430268597,0.5084006019933035,COMPLETE
94,0.07885,0.35696137827418684,2.1400458194082677,1.4973801307178418,632.6228905046459,13.809916121420061,COMPLETE
95,0.1115,0.26222128533997374,1.2540211794852885,2.2846133731118696,0.6825938962817633,0.05552406034279757,COMPLETE
96,0.0838,0.3604724147567682,6.139130625639881,3.315945713584284,0.04073331394919802,72.57830932179442,COMPLETE
97,0.105,0.5475485786356316,4.488730394906111,7.112160223532937,80.21514844734943,10.517700528165557,COMPLETE
98,0.0754,0.15352073941959762,2.2144397973341685,1.4066872624786666,1.2869559035083624,11.046175708135658,COMPLETE
99,0.0766,0.36040392685475114,4.400305109968493,1.367793264680829,598.6615620059632,5.252393949938683,COMPLETE
100,0.0853,0.32863324756609524,4.81356933150241,3.5218506768049913,1.2724168882774245,4.370048393475307,COMPLETE
101,0.1137,0.49608500025246033,5.825650639791702,1.1783230776144702,6216.532122447228,0.09083195419680534,COMPLETE
102,0.08735,0.47346292309361887,5.121566894654992,2.517041383920063,0.03898979318556761,0.01189494371002977,COMPLETE
103,0.1012,0.6918697568766445,7.478544785118224,8.99541846861229,1.6230104062355606,0.6637361019931125,COMPLETE
104,0.11225,0.6464723848562359,5.069360439513679,7.996646201616493,0.8133726327106653,0.05493148423960867,COMPLETE
105,0.07575,0.17559181578175814,7.226248871678973,1.1429205684851076,22.63114544938977,44.45397915225416,COMPLETE
106,0.08055,0.37474833842935096,5.682937906848967,2.448591096137091,2.7826496594297607,0.3677779320047744,COMPLETE
107,0.1208,0.36623995819105054,0.5815685402840504,5.29632452620883,13.676048235887794,0.172372078140636,COMPLETE
108,0.11515,0.6249444917357726,2.5455370720532993,4.034456052561329,713.1063909371504,0.3989335132691185,COMPLETE
109,0.07215,0.2451985422132847,7.057116083691382,1.5734301201407261,0.406081320385467,8.85537453070778,COMPLETE
110,0.12555,0.5703709995195738,2.6080427952529712,6.110305418059103,175.5796004515449,0.5684517876204833,COMPLETE
111,0.0879,0.3862700987941694,2.603397922590822,1.3431835823849814,2592.363426468808,0.01526540354772985,COMPLETE
112,0.12525,0.6478180993269207,4.461799413676051,2.4852484343229997,4281.48380650221,0.16643189193085461,COMPLETE
113,0.11515,0.21679949051563735,0.6483648014662399,3.493980441837814,1.167794128309604,73.35801813284685,COMPLETE
114,0.09525,0.46961711445406706,5.61336619720419,3.3672993873569954,53.80807130592566,3.714311920530108,COMPLETE
115,0.08125,0.13636409661503232,2.4801409727404335,1.2075045091122973,0.018006736166440745,0.14026826681928783,COMPLETE
116,0.1137,0.42116008026050905,1.3085334653377576,3.1792005017034803,8.32767718603735,0.018387305553749598,COMPLETE
117,0.14585,0.7457689614622428,4.959420262850996,4.129126007747511,9056.982120671171,0.15154549321280533,COMPLETE
118,0.10645,0.5847403854328368,4.142860594524235,6.9600376410120175,0.025437850025857786,0.06629888756173917,COMPLETE
119,0.10695,0.2517916098221642,1.720375175153852,3.7809163252141516,10.84704739460409,66.16433771373806,COMPLETE
120,0.0924,0.49960276069538395,7.000389669702646,2.8040993829426037,0.02245057692655168,0.05553350607071608,COMPLETE
121,0.1085,0.2599114131791032,0.7826719477793815,6.214059828790281,0.3765370988033568,1.587771548278975,COMPLETE
122,0.0951,0.1882242829399972,4.959831967637865,1.1488534571740787,75.58313637126474,39.559756379822154,COMPLETE
123,0.13015,0.6434358368804646,2.8511900667173076,4.575942486031681,1172.4479833059252,43.8681957879473,COMPLETE
124,0.12575,0.841000416646874,6.497462010340833,7.14727279136695,294.9465289327683,0.5391201405634892,COMPLETE
125,0.06635,0.17609043261723523,0.1423927633030198,1.6650857723263992,0.7338969708663581,34.08526154859988,COMPLETE
126,0.11245,0.5124796059290361,1.0514757878581262,4.156372405714614,4239.505918668621,27.553526964384037,COMPLETE
127,0.1092,0.23459535591753475,1.7612319144733133,3.5490559547312324,12.933192496010717,14.829989494131054,COMPLETE
128,0.0931,0.425335739978101,2.5879492292723714,6.055188167526536,4.3555341208158325,0.4064274954090309,COMPLETE
129,0.1064,0.3081026136196693,0.8666343963587093,6.162808528428928,0.014111349866670451,5.713218197870926,COMPLETE
130,0.09405,0.34957156805089523,3.820888518758071,1.5849568435590429,249.68474916722874,2.5049789049513156,COMPLETE
131,0.08895,0.2998403942426602,0.864756215594347,3.8389469405162617,1.3866174012804962,60.464932430704,COMPLETE
132,0.11025,0.3319425196246218,1.536630503893159,6.37427371605731,0.037933994749054074,7.508594347363379,COMPLETE
133,0.1183,0.6878688650754068,7.480665459684607,9.123500396940623,10.254284805782731,0.14875767420250272,COMPLETE
134,0.095,0.5506342471687894,5.9138883699491,3.721405127888629,0.28986373877386085,0.021283635102035826,COMPLETE
135,0.07,0.20645482154002384,5.823216238644069,1.2547221676329845,32.319980735467645,0.4652068490652935,COMPLETE
136,0.09315,0.42522983221098065,2.826459675545529,7.328216548609326,0.34638464160674765,20.547910156338585,COMPLETE
137,0.0789,0.22747323214929546,4.520245829728443,1.157424804907036,0.04219682114742547,0.014056698053558789,COMPLETE
138,0.10695,0.5236084814024397,4.51613330732032,2.423765655276442,937.8481247539468,4.570992729096211,COMPLETE
139,0.0975,0.5494993338837056,5.691099015795666,2.4312408985744427,503.9931768520296,88.91410239398084,COMPLETE
140,0.1137,0.2967178923760628,1.0232751170556662,3.3551479921822036,5.693017839679813,0.1826003932678413,COMPLETE
141,0.1072,0.49818960460331335,1.0952361469221512,3.349072627011073,2237.8415895002295,0.5993775623888421,COMPLETE
142,0.1164,0.6250038807751396,5.235717673264429,5.581437040713061,0.6083720765092633,0.09046477285472478,COMPLETE
143,0.07815,0.42503927393173874,7.309016090579767,2.368139402117864,1.147631704418901,0.15318219193232085,COMPLETE
144,0.07815,0.3022861684100435,6.958862290979034,2.544742539137642,0.021291504664163,19.99104001765332,COMPLETE
145,0.0879,0.3889793098351184,4.323612991275797,1.1758136195103135,716.3529192442393,0.08355403234321626,COMPLETE
146,0.08165,0.1790079598926118,1.9822442102040336,1.4046483482284298,29.257766505591963,2.8170167880041777,COMPLETE
147,0.1154,0.4971486800581754,1.725904925943869,3.198725898888523,2313.9683548246926,10.475882099332132,COMPLETE
148,0.077,0.37415746642467923,6.086053401403324,2.8320734546831314,0.04102984570986746,2.1102891532478085,COMPLETE
149,0.08595,0.5899260477047152,7.339695485358947,7.451337432117496,0.4111694316312813,11.34645454198699,COMPLETE
150,0.10305,0.3023051276775574,3.58313464608959,4.144651829759461,0.33545717069597697,2.7260540493360885,COMPLETE
151,0.12635,0.7478143499173904,1.725904925943869,9.413482932589199,874.1330303163832,0.6805162092954433,COMPLETE
152,0.0982,0.3354602137570152,3.2342614694771625,1.699503393970215,0.3991416433153113,0.02905967905537422,COMPLETE
153,0.07625,0.35203400903361454,3.58313464608959,2.7857507304507183,2.136762935747518,0.42674945598165653,COMPLETE
154,0.0667,0.19828822993159506,5.827113301687939,1.3296769002026185,0.025890681393685437,0.5985950343657075,COMPLETE
155,0.06905,0.37699635631641726,4.940397068324327,3.0352039660395387,2.136762935747518,0.725005173883511,COMPLETE
156,0.0813,0.2812242015683667,5.608567316603186,2.6851029970103544,0.013312218698214922,13.846907547344033,COMPLETE
157,0.10465,0.499470302297705,3.9991657306056503,2.395863875504564,1433.6859436079505,12.552667171137678,COMPLETE
158,0.07985,0.3836215669999025,7.257271731141275,1.8145138315019835,165.4041457150081,51.837057486367705,COMPLETE
159,0.08895,0.2256212916681552,2.9749567558335412,1.699503393970215,53.18440558386166,23.35585477562936,COMPLETE
160,0.1057,0.6861853363634444,5.34350018162054,3.0352039660395387,6755.71174442274,2.1102891532478085,COMPLETE
161,0.07835,0.3541970058804045,1.8892823822974358,1.4973801307178418,632.6228905046459,23.35585477562936,COMPLETE
162,0.0799,0.12488524304127505,2.210908662319974,1.0349923919098447,9.914994884267644,12.630413240768252,COMPLETE
163,0.11645,0.5510948744128941,1.885070427035611,3.0352039660395387,6755.71174442274,1.4874310019960524,COMPLETE
164,0.08435,0.1727854183839498,5.5150049043702545,1.0567072421993136,62.697590963815536,11.34645454198699,COMPLETE
165,0.0926,0.4621722107161506,7.386495200771071,1.8145138315019835,598.6615620059632,5.252393949938683,COMPLETE
166,0.10435,0.7037276573923363,7.489439152524652,7.639970758565217,30.54779366423335,0.5985950343657075,COMPLETE
167,0.1095,0.6395538124099132,5.939170481881678,7.716956152431088,0.3991416433153113,0.02905967905537422,COMPLETE
168,0.10005,0.5605352838088794,7.257271731141275,1.9089523660217274,1726.8598499372624,3.9703371647893633,COMPLETE
169,0.09745,0.43004967527619903,2.8704622067687735,7.716956152431088,0.012321623353921948,1.1978662200146621,COMPLETE
170,0.08535,0.17346244371747177,1.231549139893947,1.4022913402036523,0.3991416433153113,21.06244841510019,COMPLETE
171,0.0941,0.28043879083517526,2.9749567558335412,3.8898159147092635,0.3920301995719809,11.34645454198699,COMPLETE
172,0.0859,0.4268476782578046,3.2342614694771625,7.716956152431088,8.529295686269778,62.493815744501724,COMPLETE
173,0.08285,0.2725107025045894,4.400305109968493,1.367793264680829,92.82206366903544,5.252393949938683,COMPLETE
174,0.07575,0.18369123038427376,7.351751324003693,1.2992706708708701,1.9411683121291674,1.526275265602974,COMPLETE
175,0.1156,0.7000340239382823,7.386495200771071,8.055871767960358,28.623301091967512,0.04841802788233872,COMPLETE
176,0.10965,0.648304833614401,5.5150049043702545,8.262636744830575,30.54779366423335,0.5985950343657075,COMPLETE
177,0.1068,0.6333489126586737,5.015087845644564,3.671714116833704,1476.1251734596226,4.792699168837896,COMPLETE
178,0.08885,0.2184378012526964,3.4099180219956797,1.9873909843390936,0.17367781104921115,0.7684581064000697,COMPLETE
179,0.10915,0.252493182154787,2.2719390134821618,3.646112620052233,2.4792588435669867,44.76380938653201,COMPLETE
180,0.10475,0.42398891959877294,2.8711698160207777,5.600304491850606,53.18440558386166,5.441312040789246,COMPLETE
181,0.0984,0.20196848826538216,0.9051880720188049,2.7953589641653553,0.08966993501391612,4.8269015675922065,COMPLETE
182,0.08805,0.11133062367820246,0.6501390125994883,1.0567072421993136,62.697590963815536,0.9748353504772814,COMPLETE
183,0.0792,0.2924124141282486,7.398979747077997,2.99838938907905,0.013312218698214922,13.846907547344033,COMPLETE
184,0.09515,0.3789468093044584,1.725904925943869,5.950827672861153,0.05109523190358239,10.475882099332132,COMPLETE
185,0.1245,0.44326081361251307,0.6578958202118839,9.413482932589199,598.6615620059632,5.252393949938683,COMPLETE
186,0.14085,0.5552661340100461,0.42711796918343303,9.840804570484812,4727.189639165575,0.25306962850359427,COMPLETE
187,0.11435,0.6134368376008542,6.139130625639881,3.315945713584284,2022.4284041722115,72.57830932179442,COMPLETE
188,0.09125,0.5513287980558857,6.743337396038037,1.2992706708708701,1136.9451617293491,0.7242985480394712,COMPLETE
189,0.1027,0.47985949843532383,1.8892823822974358,5.600304491850606,0.016793998762577547,0.08614457198150818,COMPLETE
190,0.08495,0.3262073494446288,7.489439152524652,3.315945713584284,0.04073331394919802,72.57830932179442,COMPLETE
