number,values_0,values_1,params_delta_deg,params_gamma,params_lambda1,params_lambda2,params_lambda3,params_lambda4,state
2231,0.04975,0.3002182538423729,5.989976616159035,1.7519510271087413,1.9562826277387932,5.054984284069897,76.57127726580364,1.621364679176634e-08,COMPLETE
2232,0.06905,0.5109738956833363,4.335111916469993,3.3801923275388828,97.30134878087011,0.3710234766141632,4.230818933588808,1.5335060532903536e-12,COMPLETE
2233,0.09175,0.5745182824179919,4.311984988481746,8.359124144204223,0.07261268023359602,12.638836843720334,3.6008094906658137,5.521087576123659e-10,COMPLETE
2234,0.1058,0.5452606232067112,0.6022714170290244,8.33604695260721,2661.553121751245,7.7533319869143,2.4710813083340644,7.242135537625552e-11,COMPLETE
2235,0.05645,0.45500539770909015,5.719667260978259,2.2991799521485987,0.016767417635497637,186.9306125540257,13.068614491041336,3.649569116806477e-06,COMPLETE
2236,0.06915,0.5234844545183311,4.958426658725357,8.359124144204223,0.4634053899763641,0.47374895560439373,3.6008094906658137,1.4969745554987885e-10,COMPLETE
2237,0.0907,0.2713296937223812,6.943625321882633,6.875144787901625,3090.9457533461396,0.004569612957571183,59.2437895529571,4.331365543927414e-05,COMPLETE
2238,0.06615,0.43043116736492737,6.019990742215804,1.7519510271087413,1.8442663426239594,0.5362196401258538,0.01777158201797886,3.9694167750317793e-10,COMPLETE
2239,0.11795,0.7438343898633892,6.943625321882633,9.890916012877245,3090.9457533461396,0.1013397086496358,0.01777158201797886,3.787929895519139e-07,COMPLETE
2240,0.07865,0.3922019956179281,5.719667260978259,2.2991799521485987,0.016767417635497637,720.9807555988541,0.010117774078155787,9.787752692175531e-12,COMPLETE
2241,0.0925,0.18242003125186518,4.958426658725357,3.3801923275388828,0.4634053899763641,0.02331993298284069,80.46577679760097,3.649569116806477e-06,COMPLETE
2242,0.0788,0.3378780193676732,4.050574348074197,6.875144787901625,0.07261268023359602,526.0773267572463,0.010490863545892863,3.787929895519139e-07,COMPLETE
2243,0.1399,0.7531447143268365,6.943625321882633,5.137873631182713,3090.9457533461396,0.009707433566872849,0.010490863545892863,1.9897264125379086e-06,COMPLETE
2244,0.093,0.7921542572110342,5.686980021608849,6.875144787901625,7843.277665583187,5.054984284069897,59.2437895529571,5.347323893953287e-09,COMPLETE
2245,0.0883,0.5894913399463381,4.335111916469993,8.33604695260721,72.7701102126188,1.2594502646806938,5.192615578479196,7.242135537625552e-11,COMPLETE
2246,0.04285,0.26820334726962985,5.686980021608849,1.0726049388472807,0.4634053899763641,546.754814234046,0.010117774078155787,1.848153778022814e-08,COMPLETE
2247,0.09055,0.14717757095455625,4.958426658725357,5.751620494688234,0.4634053899763641,1.5630282565660134,6.4688635949905,0.00477218384288046,COMPLETE
2248,0.0642,0.24345385345094434,5.628384999949085,9.890916012877245,3090.9457533461396,186.9306125540257,0.04082369646290137,5.966045586320618e-07,COMPLETE
2249,0.0584,0.3066089428156604,4.797597292147365,1.7519510271087413,1.8442663426239594,4.006173959705789,0.764092524644605,3.407169759582504e-13,COMPLETE
2250,0.097,0.6078389810132353,3.568006285915961,7.8078637347278095,1.8442663426239594,50.56187642027036,3.6008094906658137,1.9043961097477443e-12,COMPLETE
2251,0.0894,0.01578676227305957,6.943625321882633,9.890916012877245,3090.9457533461396,546.754814234046,0.010117774078155787,3.0092675819548274e-09,COMPLETE
2252,0.09805,0.5645740071278821,2.8467952672042545,8.359124144204223,3.863028649822961,0.047570004104159534,0.04082369646290137,1.5335060532903536e-12,COMPLETE
2253,0.051,0.4650079669945627,6.943625321882633,2.0463493192035402,12.412723646412944,546.754814234046,5.192615578479196,3.0092675819548274e-09,COMPLETE
2254,0.0867,0.6006303079747959,4.797597292147365,8.359124144204223,1.8442663426239594,4.006173959705789,3.6008094906658137,3.0541645143911065e-11,COMPLETE
2255,0.06995,0.572204820152623,4.797597292147365,8.359124144204223,1.8442663426239594,4.006173959705789,9.862842498681294,3.407169759582504e-13,COMPLETE
2256,0.0604,0.5249776633818027,6.943625321882633,5.751620494688234,0.15564142845818718,0.004569612957571183,1.1961286443235215,3.0092675819548274e-09,COMPLETE
2257,0.0759,0.44708538885541194,3.046425174476959,3.3801923275388828,330.15436208339713,4.703038707832875,3.6008094906658137,5.521087576123659e-10,COMPLETE
2258,0.07,0.5728641820691154,3.7523591558107,6.009116533871037,0.016767417635497637,110.16646134717259,2.606433764399818,1.7411112824373338e-14,COMPLETE
2259,0.08295,0.6521907261560425,4.797597292147365,7.242098619980624,1.8442663426239594,186.9306125540257,0.764092524644605,3.649569116806477e-06,COMPLETE
2260,0.09165,0.7967001055859748,2.8467952672042545,8.359124144204223,3090.9457533461396,0.047570004104159534,0.04082369646290137,1.9897264125379086e-06,COMPLETE
2261,0.0737,0.582861850611526,3.3530455604676335,7.8078637347278095,733.8935672166494,3.858204027730059,3.6008094906658137,1.9582867173310088e-05,COMPLETE
2262,0.0973,0.611888950390058,3.117481773690304,5.137873631182713,104.61067826393281,110.16646134717259,2.606433764399818,9.392086645410261e-08,COMPLETE
2263,0.1054,0.6618131424515664,4.335111916469993,4.205375576436834,2661.553121751245,4.006173959705789,0.764092524644605,7.242135537625552e-11,COMPLETE
2264,0.04285,0.1713860702577559,6.943625321882633,1.0726049388472807,0.4634053899763641,546.754814234046,0.010117774078155787,3.0092675819548274e-09,COMPLETE
2265,0.0541,0.2864962576616049,6.019990742215804,1.2997368745646833,16.626950294703803,110.16646134717259,0.0247605531247782,1.7411112824373338e-14,COMPLETE
2266,0.0648,0.22654219400953202,6.351039989269435,1.0726049388472807,3090.9457533461396,107.59872434463156,34.574222073764446,3.0541645143911065e-11,COMPLETE
2267,0.0529,0.4242489161093426,6.943625321882633,2.5118580794078285,1.9562826277387932,30.83487700587726,59.2437895529571,2.1811143402963018e-10,COMPLETE
2268,0.075,0.4033663330671014,4.335111916469993,3.9944594338373487,0.07261268023359602,0.06627592792870478,8.213868348493142,5.521087576123659e-10,COMPLETE
2269,0.11505,0.5277444677249905,4.335111916469993,3.1788912454430323,2661.553121751245,4.006173959705789,17.543999742650467,3.407169759582504e-13,COMPLETE
2270,0.07085,0.5377761620722765,5.439590829177734,9.890916012877245,1.8278642465471888,2.0518583729409148,80.46577679760097,5.521087576123659e-10,COMPLETE
2271,0.1085,0.6291584460627143,3.7523591558107,9.890916012877245,3090.9457533461396,110.16646134717259,2.606433764399818,1.7411112824373338e-14,COMPLETE
2272,0.05445,0.3419972978186553,5.686980021608849,2.5118580794078285,1.9562826277387932,3.858204027730059,59.2437895529571,3.0541645143911065e-11,COMPLETE
2273,0.0858,0.6275890724637425,6.019990742215804,7.638421384427523,0.9431845657194964,3.0012539940661944,0.0247605531247782,3.811801850956625e-07,COMPLETE
2274,0.04815,0.23029873897840844,4.653916869245234,1.0726049388472807,12.412723646412944,107.59872434463156,5.192615578479196,3.0541645143911065e-11,COMPLETE
2275,0.0696,0.48073547954362394,4.335111916469993,6.036089815779133,0.4634053899763641,1.2594502646806938,48.83400238995498,7.242135537625552e-11,COMPLETE
2276,0.06225,0.3616201991366917,4.797597292147365,1.7519510271087413,208.22607295194175,4.006173959705789,0.764092524644605,3.787929895519139e-07,COMPLETE
2277,0.07105,0.06720103289664198,4.3548083271808515,1.7519510271087413,253.54424087429547,168.65252268697844,0.01777158201797886,3.9694167750317793e-10,COMPLETE
2278,0.08415,0.44329602795846085,5.719667260978259,2.4704511939831795,0.4634053899763641,3.4648724188172415,0.010490863545892863,3.787929895519139e-07,COMPLETE
2279,0.07105,0.4035785866003237,4.797597292147365,1.7519510271087413,1.8442663426239594,4.006173959705789,0.1979611845218387,3.407169759582504e-13,COMPLETE
2280,0.10905,0.7549537851734284,5.439590829177734,9.890916012877245,3090.9457533461396,0.047570004104159534,4.230818933588808,1.5335060532903536e-12,COMPLETE
2281,0.05855,0.3632486607200527,4.912803203744066,2.2991799521485987,0.07261268023359602,0.005105650248565318,9.068169315907982,1.7411112824373338e-14,COMPLETE
2282,0.07945,0.6530033840771549,4.3548083271808515,6.875144787901625,0.3887954272226797,0.1013397086496358,0.01777158201797886,3.887500041381397e-13,COMPLETE
2283,0.0741,0.23066812525087024,4.3548083271808515,1.3526137167003873,12.412723646412944,0.06857317261521613,14.732118064935978,3.649569116806477e-06,COMPLETE
2284,0.03815,0.3620537218882691,5.989976616159035,1.7519510271087413,0.016767417635497637,110.16646134717259,76.57127726580364,1.7411112824373338e-14,COMPLETE
2285,0.1014,0.2671626483926898,4.958426658725357,8.359124144204223,3090.9457533461396,3.8454361854631496,0.04082369646290137,1.9897264125379086e-06,COMPLETE
2286,0.0893,0.6859546819105267,5.719667260978259,6.875144787901625,208.22607295194175,0.1013397086496358,0.01777158201797886,3.787929895519139e-07,COMPLETE
2287,0.07645,0.38159555848863996,4.335111916469993,2.5118580794078285,1.339925431229682,3.858204027730059,0.764092524644605,3.407169759582504e-13,COMPLETE
2288,0.0496,0.5130351199265983,4.917776784410538,3.9944594338373487,0.07261268023359602,0.4878712301792302,8.213868348493142,5.314026320276268e-08,COMPLETE
2289,0.0704,0.5896827932588514,4.958426658725357,7.242098619980624,0.34320006884481824,186.9306125540257,3.6008094906658137,1.457560823672089e-09,COMPLETE
2290,0.07875,0.7081676001390415,6.943625321882633,8.741900816624833,123.52077947060401,0.7687990857865484,14.732118064935978,2.2563515925025537e-09,COMPLETE
2291,0.06315,0.49810129000838016,7.051402036894628,3.9944594338373487,0.4634053899763641,0.08755680934938086,35.69083575319472,1.5335060532903536e-12,COMPLETE
2292,0.0757,0.18376099550277913,4.3548083271808515,5.494063109140756,18.9235536401055,107.59872434463156,0.3644832613988522,0.00039321888973516036,COMPLETE
2293,0.0667,0.4766332231417639,4.050574348074197,5.751620494688234,0.07261268023359602,0.004569612957571183,0.01777158201797886,3.125542367116925e-11,COMPLETE
2294,0.0484,0.23350789217160137,2.9222758507775453,1.3526137167003873,12.412723646412944,107.59872434463156,34.574222073764446,3.0541645143911065e-11,COMPLETE
2295,0.10395,0.6615405413669401,4.958426658725357,7.645882218280694,4.929735205948364,186.9306125540257,0.4952104673829058,3.0541645143911065e-11,COMPLETE
2296,0.0651,0.5206010856922278,4.335111916469993,9.890916012877245,0.8926080844344468,1.2594502646806938,2.4710813083340644,7.242135537625552e-11,COMPLETE
2297,0.08545,0.6369631024785857,4.958426658725357,8.359124144204223,2.2526238626393873,186.9306125540257,3.6008094906658137,5.432263014140687e-13,COMPLETE
2298,0.09825,0.6866212810591051,3.042611319707352,5.137873631182713,104.61067826393281,0.009707433566872849,0.010490863545892863,3.787929895519139e-07,COMPLETE
2299,0.07565,0.5315056947723981,4.335111916469993,3.1788912454430323,3090.9457533461396,1.2594502646806938,0.04082369646290137,1.9897264125379086e-06,COMPLETE
2300,0.08415,0.6488931174046697,4.958426658725357,8.359124144204223,2.2526238626393873,186.9306125540257,1.8358197193210473,5.432263014140687e-13,COMPLETE
2301,0.0461,0.2489220973975474,4.335111916469993,1.3526137167003873,1.9562826277387932,107.59872434463156,34.574222073764446,5.924699712725514e-11,COMPLETE
2302,0.0706,0.47524902691413545,4.958426658725357,2.6338329439397503,208.22607295194175,1.5630282565660134,3.6008094906658137,3.787929895519139e-07,COMPLETE
2303,0.1111,0.6286371986305357,0.6285507979809731,8.359124144204223,12.412723646412944,186.9306125540257,5.192615578479196,5.521087576123659e-10,COMPLETE
2304,0.09655,0.8391604181973334,7.051402036894628,6.875144787901625,123.52077947060401,0.06857317261521613,0.11060646004395691,5.521087576123659e-10,COMPLETE
2305,0.089,0.5482670723229733,4.958426658725357,8.359124144204223,0.4634053899763641,2.493205095279271,4.230818933588808,3.384082134085677e-10,COMPLETE
2306,0.04815,0.3857679260625119,7.371731789186595,2.5118580794078285,1.8278642465471888,2.0518583729409148,17.543999742650467,5.521087576123659e-10,COMPLETE
2307,0.1131,0.2488905675662198,5.439590829177734,6.875144787901625,655.4845039444103,0.047570004104159534,12.040754874877948,4.331365543927414e-05,COMPLETE
2308,0.1003,0.693115644539128,7.491453905458799,2.6338329439397503,208.22607295194175,0.06857317261521613,0.11060646004395691,3.787929895519139e-07,COMPLETE
2309,0.0978,0.7687448003127688,7.296565715563787,6.641926976422129,123.52077947060401,0.06857317261521613,0.11060646004395691,1.6894010759859846e-13,COMPLETE
2310,0.06465,0.5578193132171763,4.335111916469993,3.1788912454430323,2661.553121751245,3.858204027730059,17.543999742650467,7.242135537625552e-11,COMPLETE
2311,0.0928,0.6117395804232933,7.235742402021626,6.875144787901625,123.52077947060401,97.0893872740885,0.11060646004395691,3.787929895519139e-07,COMPLETE
2312,0.08205,0.5287548077934493,3.046425174476959,7.8078637347278095,1.8442663426239594,0.1892813633151634,34.574222073764446,1.9043961097477443e-12,COMPLETE
2313,0.087,0.5237550668360105,4.958426658725357,2.2991799521485987,3090.9457533461396,0.004251418775331885,14.720012534969092,1.7411112824373338e-14,COMPLETE
2314,0.1158,0.7697346339525561,4.050574348074197,5.137873631182713,104.61067826393281,0.009707433566872849,0.010490863545892863,3.0092675819548274e-09,COMPLETE
2315,0.06715,0.6512269366702259,7.491453905458799,6.875144787901625,123.52077947060401,1.5843181915448912,3.6008094906658137,3.787929895519139e-07,COMPLETE
2316,0.1177,0.862437209511084,6.943625321882633,9.890916012877245,3090.9457533461396,0.05564315315248067,2.5245438758434986,3.407169759582504e-13,COMPLETE
2317,0.1165,0.7879258626864665,5.174476515957163,6.875144787901625,3090.9457533461396,0.06857317261521613,0.11060646004395691,1.9897264125379086e-06,COMPLETE
2318,0.06775,0.5296494664710909,4.958426658725357,3.9944594338373487,1.8177915410469534,0.4878712301792302,0.21041180883254942,3.0541645143911065e-11,COMPLETE
2319,0.0801,0.5586312065637902,7.4216061670011815,1.8139428949120853,1.9562826277387932,0.0016793205326192354,12.53081439320536,2.1811143402963018e-10,COMPLETE
2320,0.07435,0.16845422146724137,0.4892138999159187,2.2991799521485987,0.016767417635497637,110.16646134717259,0.01777158201797886,9.787752692175531e-12,COMPLETE
2321,0.09075,0.5268131140026093,4.958426658725357,8.359124144204223,2.2526238626393873,0.1013397086496358,0.764092524644605,5.432263014140687e-13,COMPLETE
2322,0.05095,0.18996785666365235,6.943625321882633,1.0726049388472807,1.5372733023299356,546.754814234046,0.010117774078155787,3.787929895519139e-07,COMPLETE
2323,0.09895,0.16286256011266168,2.8467952672042545,1.0726049388472807,3090.9457533461396,0.047570004104159534,0.26518830907029944,9.7241940802476e-05,COMPLETE
2324,0.06875,0.6124362884082896,7.491453905458799,6.875144787901625,0.4634053899763641,0.06857317261521613,0.11060646004395691,3.787929895519139e-07,COMPLETE
2325,0.08165,0.6486986438624871,4.958426658725357,7.8078637347278095,279.86870255598427,4.703038707832875,3.6008094906658137,1.9043961097477443e-12,COMPLETE
2326,0.06895,0.37397827832696007,3.7523591558107,2.2991799521485987,12.412723646412944,107.59872434463156,34.574222073764446,3.649569116806477e-06,COMPLETE
2327,0.0581,0.351922937524408,6.943625321882633,1.3526137167003873,104.61067826393281,107.59872434463156,0.19645477613104773,3.649569116806477e-06,COMPLETE
2328,0.0683,0.5298758428244207,5.51913148200563,2.5118580794078285,0.016767417635497637,110.16646134717259,2.606433764399818,1.7411112824373338e-14,COMPLETE
2329,0.0732,0.6006988796415379,4.958426658725357,2.6338329439397503,74.63836385223708,0.06192320951182911,3.6008094906658137,1.6894010759859846e-13,COMPLETE
2330,0.0951,0.570247205852621,6.351039989269435,2.0463493192035402,12.412723646412944,0.006897525921045521,34.574222073764446,3.0092675819548274e-09,COMPLETE
2331,0.06575,0.632392144665891,4.653916869245234,7.8078637347278095,12.412723646412944,4.703038707832875,1.624074071853784,5.521087576123659e-10,COMPLETE
2332,0.05715,0.2713472210018928,5.719667260978259,2.2991799521485987,0.016767417635497637,110.16646134717259,0.01777158201797886,9.787752692175531e-12,COMPLETE
2333,0.05675,0.6191085394902539,4.958426658725357,8.359124144204223,2.2526238626393873,1.5630282565660134,3.6008094906658137,5.432263014140687e-13,COMPLETE
2334,0.0855,0.8038095378792299,7.051402036894628,6.875144787901625,208.22607295194175,0.08755680934938086,0.49106969850296894,8.564477591299451e-11,COMPLETE
2335,0.06885,0.4430659493983915,4.958426658725357,3.739342420175707,4.044794951883597,0.08755680934938086,3.6008094906658137,1.3302427543698365e-06,COMPLETE
2336,0.07365,0.35302247031554834,5.686980021608849,2.5118580794078285,1.9562826277387932,3.858204027730059,59.2437895529571,2.6861954196775594e-11,COMPLETE
2337,0.0674,0.3475522212628303,3.2235759737169953,2.5118580794078285,0.6975592224319972,0.12480776742786713,3.7880623795682236,8.720647859508846e-11,COMPLETE
2338,0.0844,0.6008547536801979,3.7523591558107,6.875144787901625,0.016767417635497637,3.858204027730059,2.606433764399818,1.7411112824373338e-14,COMPLETE
2339,0.05985,0.39451451203913446,3.0455122299916,3.9944594338373487,0.07261268023359602,0.4878712301792302,2.2458156088651595,1.5438580322175286e-06,COMPLETE
2340,0.0983,0.4423288948601863,5.989976616159035,6.875144787901625,1.8442663426239594,199.03733166185273,0.01777158201797886,3.787929895519139e-07,COMPLETE
2341,0.0994,0.6138839950165357,5.719667260978259,6.875144787901625,0.4634053899763641,186.9306125540257,3.6008094906658137,3.0541645143911065e-11,COMPLETE
2342,0.1031,0.6226191159940216,2.8467952672042545,8.359124144204223,1.8442663426239594,7.778056308488712,0.764092524644605,1.5335060532903536e-12,COMPLETE
2343,0.05285,0.2296145711535442,2.8467952672042545,1.3526137167003873,0.7611721601170116,107.59872434463156,0.04082369646290137,1.9897264125379086e-06,COMPLETE
2344,0.0831,0.6356027336896035,4.335111916469993,3.1788912454430323,2661.553121751245,1.2594502646806938,24.538342069169286,7.242135537625552e-11,COMPLETE
2345,0.11895,0.7937673427427373,4.2039277023958945,6.875144787901625,208.22607295194175,0.009707433566872849,0.010490863545892863,3.787929895519139e-07,COMPLETE
2346,0.1298,0.7998710799489697,5.686980021608849,8.359124144204223,3090.9457533461396,0.047570004104159534,59.2437895529571,2.1811143402963018e-10,COMPLETE
2347,0.06245,0.3829889861684014,3.7523591558107,1.7519510271087413,0.016767417635497637,110.16646134717259,2.606433764399818,1.621364679176634e-08,COMPLETE
2348,0.08775,0.6465414140454059,4.335111916469993,2.9553438045173452,2661.553121751245,1.2594502646806938,2.4710813083340644,1.6690669101260857e-08,COMPLETE
2349,0.0716,0.5466607805107752,6.103623020551158,3.3801923275388828,104.61067826393281,546.754814234046,5.192615578479196,3.0092675819548274e-09,COMPLETE
2350,0.0807,0.5393771086164597,7.296565715563787,8.359124144204223,0.4634053899763641,0.12480776742786713,3.6008094906658137,8.720647859508846e-11,COMPLETE
2351,0.0824,0.48256542358441895,6.141894624999039,3.3801923275388828,0.016767417635497637,110.16646134717259,32.15997491183098,9.787752692175531e-12,COMPLETE
2352,0.0995,0.789620510629455,6.943625321882633,9.890916012877245,3090.9457533461396,0.047570004104159534,0.764092524644605,3.407169759582504e-13,COMPLETE
2353,0.0402,0.18026179860188293,5.650749266849404,1.0726049388472807,0.014162338396506723,2.492475221646677,5.192615578479196,3.811801850956625e-07,COMPLETE
2354,0.11255,0.5532672269195833,5.926221365939184,3.83504715734085,0.014162338396506723,51.0531204742495,5.192615578479196,0.00018487083291030278,COMPLETE
2355,0.11145,0.7291739662411565,5.686980021608849,6.875144787901625,7843.277665583187,3.858204027730059,59.2437895529571,4.331365543927414e-05,COMPLETE
2356,0.08295,0.5767750170542487,5.43335082144107,5.751620494688234,0.07261268023359602,107.59872434463156,1.1961286443235215,3.649569116806477e-06,COMPLETE
2357,0.1356,0.36285426027956214,6.103623020551158,6.875144787901625,104.61067826393281,0.009707433566872849,80.46577679760097,3.649569116806477e-06,COMPLETE
2358,0.0723,0.3831773935273775,4.653916869245234,1.0726049388472807,12.412723646412944,0.007305391142524475,5.192615578479196,5.521087576123659e-10,COMPLETE
2359,0.0572,0.29056185734696705,6.943625321882633,2.0786887896604425,1.8442663426239594,546.754814234046,0.010117774078155787,1.621364679176634e-08,COMPLETE
2360,0.1147,0.05791265243132401,4.335111916469993,5.370900748482471,2661.553121751245,168.65252268697844,0.01777158201797886,7.242135537625552e-11,COMPLETE
2361,0.09445,0.5967800337555261,6.57238989727827,5.517077749628653,1.8442663426239594,186.9306125540257,3.6008094906658137,1.9043961097477443e-12,COMPLETE
2362,0.06115,0.27352144219504526,4.797597292147365,1.7519510271087413,1.8442663426239594,4.006173959705789,3.6008094906658137,3.0541645143911065e-11,COMPLETE
2363,0.0891,0.5360402099783635,7.051402036894628,5.960100820480976,1.8442663426239594,168.65252268697844,0.01777158201797886,3.9694167750317793e-10,COMPLETE
2364,0.07525,0.4421585111453028,2.8467952672042545,2.2991799521485987,0.016767417635497637,37.55452317822381,0.04082369646290137,9.787752692175531e-12,COMPLETE
2365,0.08015,0.23927602638523973,4.958426658725357,2.6338329439397503,0.07261268023359602,1.5630282565660134,3.6008094906658137,5.6435010992666085e-05,COMPLETE
2366,0.0737,0.6142288710258249,7.051402036894628,3.9944594338373487,201.56694452588056,110.16646134717259,0.49106969850296894,2.3946868196430907e-12,COMPLETE
2367,0.07915,0.7422687755107631,6.943625321882633,6.875144787901625,208.22607295194175,0.047570004104159534,0.04082369646290137,1.9897264125379086e-06,COMPLETE
2368,0.03935,0.20368093285973063,4.653916869245234,1.0205445004970402,0.4634053899763641,51.0531204742495,5.192615578479196,3.0541645143911065e-11,COMPLETE
2369,0.0841,0.697177913610092,6.943625321882633,6.875144787901625,208.22607295194175,1.2594502646806938,2.4710813083340644,7.242135537625552e-11,COMPLETE
