number,values_0,values_1,params_lambda1,params_lambda3,state
0,0.0,0.07624992496016587,0.0823774935982339,0.5281191555208476,COMPLETE
1,0.0,0.07492384582538053,7331.0147918883895,0.025709443136546162,COMPLETE
2,0.0,0.06789658653652089,0.7450232674255967,10.676705794926795,COMPLETE
3,0.0,0.07168869447856534,180.62715670971428,13.97999915443519,COMPLETE
4,0.0,0.06790384686513976,1586.2314080858619,0.23139670972789375,COMPLETE
5,0.0,0.0663449202338965,263.5314377954919,12.7574046685481,COMPLETE
6,0.0,0.06776968551914529,40.89172374751404,25.19151888615942,COMPLETE
7,0.0,0.0745315968160562,0.11336895366420673,0.02375941158819946,COMPLETE
8,0.0,0.07424763568668542,0.6225187772567919,0.004046246254916541,COMPLETE
9,0.0,0.07242240488565488,24.46777427500804,1.2472745141637447,COMPLETE
10,0.0,0.07082316469139055,3415.368978530252,0.009295220297708282,COMPLETE
11,0.0,0.06934978405259266,0.14425120428102606,0.38073062328454665,COMPLETE
12,0.0,0.07338801045612699,6052.7332849440345,5.038754747464007,COMPLETE
13,0.0,0.06945824205214762,587.1847557328076,0.23656511558878318,COMPLETE
14,0.0,0.07211360538231931,0.5123012963047274,14.270659259215694,COMPLETE
15,0.0,0.07834088136914318,4.192998761144268,1.7141506082599618,COMPLETE
16,0.0,0.07695984099259004,0.014966052888874438,2.8568377367341515,COMPLETE
17,0.0,0.07188470998111898,0.033108061315623466,2.2096857965058256,COMPLETE
18,0.0,0.05897436772387705,1288.1500253465642,0.00011461296330832796,COMPLETE
19,0.0,0.06740385192750208,3.497043803522203,0.00025584518116151004,COMPLETE
20,0.0,0.07653590646703405,7.479015105083923,0.00017205335451432493,COMPLETE
21,0.0,0.07324067324316019,157.41704231410233,2.3071607818234807,COMPLETE
22,0.0,0.06928383481476297,6.577254312266043,0.058103492598374384,COMPLETE
23,0.0,0.0715919586334222,0.16531503360664604,0.013624577642684724,COMPLETE
24,0.0,0.0688799093972188,16.404334753100382,6.505594000042856,COMPLETE
25,0.0,0.06774224492975,0.054330023608630755,0.009371321468043982,COMPLETE
26,0.0,0.07869039025862998,83.79414807568077,0.002291512878983546,COMPLETE
27,0.0,0.07208076281276127,3.816514400733927,0.17457468596711928,COMPLETE
28,0.0,0.07685258418735721,3.3763508319201603,39.24491990813462,COMPLETE
29,0.0,0.07083343284955859,128.7276491040635,50.588144148660014,COMPLETE
30,0.0,0.08158233541801367,2525.2992654679647,0.00042671146486399135,COMPLETE
31,0.0,0.07900436135721188,809.1791309266355,0.0022813939542548544,COMPLETE
32,0.0,0.08687332215564725,0.14175848225886795,0.28557412444415503,COMPLETE
33,0.0,0.08973954411850688,167.24127039872647,0.6281973192600224,COMPLETE
34,0.0,0.13064177348190095,49.76220198678533,0.06170046976955652,COMPLETE
35,0.0,0.15005238885104472,3.6670946760424137,0.007987577931521262,COMPLETE
36,0.0,0.12889529355715088,0.6548786898411818,14.883592442676997,COMPLETE
37,0.0,0.08048260885924073,466.9000005449334,0.002612942007719671,COMPLETE
38,0.0,0.07788020829157533,0.6525572493615062,0.4925704587555795,COMPLETE
39,0.0,0.07599411135165861,623.1277425322068,0.006159972423348942,COMPLETE
40,0.0,0.07313950559998562,0.018901911159798987,16.41219491294407,COMPLETE
41,0.0,0.07229782869619102,0.1624816330112394,26.743007428150914,COMPLETE
42,0.0,0.07617387456117625,191.38229069060432,0.00039191815750602867,COMPLETE
43,0.0,0.06638783749054666,344.67134888877575,2.4062311085378494,COMPLETE
44,0.0,0.07187478067675347,1.1789832263501625,15.744825533634081,COMPLETE
45,0.0,0.07432454615880092,189.85980521194122,0.00013652725825945573,COMPLETE
46,0.0,0.07450125419647546,0.03182200997009388,0.6960397041313889,COMPLETE
47,0.0,0.07299470393452617,0.4912509099531884,1.2623936025023779,COMPLETE
48,0.0,0.06998332526251681,4467.969869127375,0.4856549510739139,COMPLETE
49,0.0,0.0757849590231606,5.410963465355921,94.7155176854975,COMPLETE
50,0.0,0.07760567973766626,0.24084783188691805,0.2669565145838075,COMPLETE
51,0.0,0.07325104651254123,42.98873457896284,11.335827753590237,COMPLETE
52,0.0,0.07628634675343116,0.1667846706799792,0.16881892757988126,COMPLETE
53,0.0,0.07053293389005419,0.2905438113531972,0.0022121912976436294,COMPLETE
54,0.0,0.07199861407274404,44.15161951230622,0.012302352015935264,COMPLETE
55,0.0,0.07059751553074797,53.32817602886549,0.012313985776374667,COMPLETE
56,0.0,0.06995019910099075,1.4430852417217535,57.78639659898936,COMPLETE
57,0.0,0.07253964174773196,5.519790856220577,0.07199590660260202,COMPLETE
58,0.0,0.06633964705316209,2607.360788264959,0.000598779423024051,COMPLETE
59,0.0,0.07828541796880513,654.4307746826267,0.0006518349053909588,COMPLETE
60,0.0,0.0727882297555598,9.932786810857746,4.580026673292969,COMPLETE
61,0.0,0.07177534932305082,0.015453690887409636,0.02919229528907902,COMPLETE
62,0.0,0.0736197882144031,0.02194211022267258,0.010644185763997472,COMPLETE
63,0.0,0.07321760791597107,0.015907548053091632,0.48171114543132026,COMPLETE
64,0.0,0.06465462538466656,4298.294084536758,0.0002084359672596889,COMPLETE
65,0.0,0.07139122633886562,0.01462814930202196,0.009144595409238315,COMPLETE
66,0.0,0.06326467030714625,5703.034511551574,0.0011457504187719523,COMPLETE
67,0.0,0.0758886189983157,2205.4559887513205,0.9474875099702472,COMPLETE
68,0.0,0.0758557810749393,10.738297735133546,0.0734946509767307,COMPLETE
69,0.0,0.07384726976539667,0.025829408395171987,0.006217980067208252,COMPLETE
70,0.0,0.07270301599779723,89.94201138696593,0.08545266014281991,COMPLETE
71,0.0,0.07642182006515774,0.0909455841489279,14.295337809657633,COMPLETE
72,0.0,0.07557233703068718,117.62837847112732,97.02751418681552,COMPLETE
73,0.0,0.07124537358741503,3.451543121896808,0.007498154146448436,COMPLETE
74,0.0,0.07441037236579894,11.781736863322061,0.003046771735614353,COMPLETE
75,0.0,0.07036229786044212,43.099143694581585,0.07817645173551807,COMPLETE
76,0.0,0.08175988579617458,0.07504492299485561,0.05714520159796633,COMPLETE
77,0.0,0.06659054773605008,0.06843656905742009,0.0028213680186307483,COMPLETE
78,0.0,0.06839888725825073,7.88450293859366,0.20514058702566018,COMPLETE
79,0.0,0.07075103329750977,0.018901911159798987,16.41219491294407,COMPLETE
80,0.0,0.06630524392760602,391.1926223825881,0.4856549510739139,COMPLETE
81,0.0,0.07364897081963749,623.1277425322068,4.956537793973016,COMPLETE
82,0.0,0.07478975553339637,2.570449742737801,11.033549914966034,COMPLETE
83,0.0,0.0768014192882366,1432.5465701161281,0.23139670972789375,COMPLETE
84,0.0,0.07227213886542126,86.28800552038354,10.906329060040873,COMPLETE
85,0.0,0.06859598286525227,5.410963465355921,94.7155176854975,COMPLETE
86,0.0,0.06666618370859169,167.24127039872647,0.0918432072931006,COMPLETE
87,0.0,0.059995145755119196,1288.1500253465642,0.00011461296330832796,COMPLETE
88,0.0,0.07131481642292517,16.645638875718653,0.0022813939542548544,COMPLETE
89,0.0,0.07401039593830629,6.577254312266043,0.058103492598374384,COMPLETE
90,0.0,0.07226441990772049,3.6670946760424137,0.0004877768203322324,COMPLETE
91,0.0,0.07959753884468018,0.06666467141572965,0.00042671146486399135,COMPLETE
92,0.0,0.07054230375107536,49.76220198678533,0.0006044570093019373,COMPLETE
93,0.0,0.0592925048819235,587.1847557328076,0.00014034088142352483,COMPLETE
94,0.0,0.07025083041259388,0.6525572493615062,0.4925704587555795,COMPLETE
95,0.0,0.07280449293294151,0.016204278143466012,0.4925704587555795,COMPLETE
96,0.0,0.07215803653541075,7331.0147918883895,0.025709443136546162,COMPLETE
97,0.0,0.06868050797266317,0.16531503360664604,0.013624577642684724,COMPLETE
98,0.0,0.07045417828066515,0.14175848225886795,0.14803445062285497,COMPLETE
99,0.0,0.0746940061856618,587.1847557328076,16.41219491294407,COMPLETE
100,0.0,0.07566714487981087,128.7276491040635,0.002291512878983546,COMPLETE
101,0.0,0.07622385159201804,0.550662502520241,0.002291512878983546,COMPLETE
102,0.0,0.07636011035357236,4.616144317872392,0.5281191555208476,COMPLETE
103,0.0,0.07457091047368107,0.16323443879244282,13.97999915443519,COMPLETE
104,0.0,0.07096081934853649,4.192998761144268,0.014904096979930732,COMPLETE
105,0.0,0.07842987615305103,2.4584547433787884,0.0007127702803752188,COMPLETE
106,0.0,0.07069311999575986,0.03500563388260496,77.43534784920483,COMPLETE
107,0.0,0.07511623343420903,16.404334753100382,6.505594000042856,COMPLETE
108,0.0,0.06825267364389272,0.0823774935982339,1.0919593558313756,COMPLETE
109,0.0,0.0731477113127304,5.468209178817078,0.00042671146486399135,COMPLETE
110,0.0,0.06765146431492051,5.410963465355921,94.7155176854975,COMPLETE
111,0.0,0.07366782171315094,3.3763508319201603,2.8568377367341515,COMPLETE
112,0.0,0.057240743790044825,2525.2992654679647,0.00036547109216545216,COMPLETE
113,0.0,0.0790072072214166,6052.7332849440345,0.1081928938117169,COMPLETE
114,0.0,0.07606686408293482,0.033108061315623466,2.3071607818234807,COMPLETE
115,0.0,0.0674439798491979,120.23753975016412,0.00036959494347425743,COMPLETE
116,0.0,0.07749046851668848,35.04670414572725,0.03809293852379196,COMPLETE
117,0.0,0.07439371840927263,0.6525572493615062,0.020773983623534522,COMPLETE
118,0.0,0.07703061264135687,10.307263069209377,0.11087240093548927,COMPLETE
119,0.0,0.07921242845352577,0.019124466336413938,0.252901262000926,COMPLETE
120,0.0,0.06916248023353981,3.6670946760424137,69.28355686897564,COMPLETE
121,0.0,0.07322777323342079,41.56070238403375,0.006159972423348942,COMPLETE
122,0.0,0.076741603200647,1.7300444518561904,0.003982194989942686,COMPLETE
123,0.0,0.06812330162538803,40.16306020688071,0.00020169031320639076,COMPLETE
124,0.0,0.07092500957016173,178.61703134586566,0.17457468596711928,COMPLETE
125,0.0,0.06849174581613302,1845.1039598843092,5.813122967646072,COMPLETE
126,0.0,0.07230116354949945,3.6670946760424137,0.0022813939542548544,COMPLETE
127,0.0,0.07394693765840976,0.018901911159798987,0.1152714177977498,COMPLETE
128,0.0,0.07152991535868326,3.816514400733927,6.913735037717307,COMPLETE
129,0.0,0.08248866891651886,809.1791309266355,0.015017532020814798,COMPLETE
130,0.0,0.07017495255728019,0.14175848225886795,0.15553173104173865,COMPLETE
131,0.0,0.07848157818884666,16.404334753100382,0.21523699382362713,COMPLETE
132,0.0,0.0710930835881343,3.6670946760424137,0.007987577931521262,COMPLETE
133,0.0,0.0757120377505196,2654.404033969712,0.3238912239237897,COMPLETE
134,0.0,0.06981976925139642,1.5883244127695224,0.00029181087285573223,COMPLETE
135,0.0,0.07273839704363412,623.1277425322068,0.009295220297708282,COMPLETE
136,0.0,0.07560014913274685,12.645198252766859,0.00017205335451432493,COMPLETE
137,0.0,0.07385000472773426,3.816514400733927,0.06170046976955652,COMPLETE
138,0.0,0.0717088481690174,191.38229069060432,0.00039191815750602867,COMPLETE
139,0.0,0.07212204023691883,3415.368978530252,0.06170046976955652,COMPLETE
140,0.0,0.07096609902467721,1.4430852417217535,57.78639659898936,COMPLETE
141,0.0,0.07267873459581849,3.497043803522203,0.00025584518116151004,COMPLETE
142,0.0,0.08191372340356397,3091.730276495974,39.24491990813462,COMPLETE
143,0.0,0.06657740601822601,3622.9035998659797,0.4856549510739139,COMPLETE
144,0.0,0.06744915159954484,0.02160379643627471,0.0017133284014402878,COMPLETE
145,0.0,0.07307199512357547,1.7826885515225759,0.00011461296330832796,COMPLETE
146,0.0,0.07856899673665309,120.62601944665978,0.5281191555208476,COMPLETE
147,0.0,0.0763848465499035,83.79414807568077,0.002291512878983546,COMPLETE
148,0.0,0.07548645240031499,0.6225187772567919,0.004046246254916541,COMPLETE
149,0.0,0.0757895715713625,157.41704231410233,2.3071607818234807,COMPLETE
150,0.0,0.07873794409481875,643.0157935796261,2.8568377367341515,COMPLETE
151,0.0,0.07422881921058311,2790.301905459558,1.1773703066408963,COMPLETE
152,0.0,0.07442204929786622,11.023706518726923,0.004046246254916541,COMPLETE
153,0.0,0.07529468871910829,3.816514400733927,44.69893861929692,COMPLETE
154,0.0,0.07558213279287002,2.931215863742789,14.270659259215694,COMPLETE
155,0.0,0.07129590638355376,0.018901911159798987,0.00042671146486399135,COMPLETE
156,0.0,0.07152915254946883,31.906887723691582,0.01777240962029233,COMPLETE
157,0.0,0.07272508994883663,263.5314377954919,0.000376632896212367,COMPLETE
158,0.0,0.07396696872085753,0.036628627137717765,0.00264245780516643,COMPLETE
159,0.0,0.07515668935547631,809.1791309266355,0.007769180876846531,COMPLETE
160,0.0,0.07471055875129903,10.307263069209377,0.11087240093548927,COMPLETE
161,0.0,0.07593549795236382,0.01325798009961497,0.006784979073978235,COMPLETE
162,0.0,0.07391107453127757,17.588405547176173,1.421685016135106,COMPLETE
163,0.0,0.07362422327461045,4.616144317872392,0.04991032970255093,COMPLETE
164,0.0,0.07023935661808108,3.3763508319201603,0.0007127702803752188,COMPLETE
165,0.0,0.07223782589418255,4002.919904020804,0.022312940456469376,COMPLETE
166,0.0,0.07157113543184912,12.857302730834768,0.10279407462922609,COMPLETE
167,0.0,0.08370370823637963,35.04670414572725,0.0016489162923333195,COMPLETE
168,0.0,0.08078570879590542,6069.558954662461,0.3813400368757065,COMPLETE
169,0.0,0.07350116259533375,0.24084783188691805,39.24491990813462,COMPLETE
170,0.0,0.07668467425091462,5153.280118279156,0.005013379492933892,COMPLETE
171,0.0,0.05980243408723054,809.1791309266355,0.00012424047676960176,COMPLETE
172,0.0,0.07665950357374574,0.018901911159798987,16.41219491294407,COMPLETE
173,0.0,0.07399347349190351,83.79414807568077,0.002291512878983546,COMPLETE
174,0.0,0.07385290150670838,5.410963465355921,94.7155176854975,COMPLETE
175,0.0,0.07064779760150265,31.13133382358513,0.00042671146486399135,COMPLETE
176,0.0,0.07080371283483425,0.16323443879244282,13.97999915443519,COMPLETE
177,0.0,0.07766647716314344,1.2672142964804183,0.1081928938117169,COMPLETE
178,0.0,0.07529911086592898,11.014699668259208,0.2669565145838075,COMPLETE
179,0.0,0.06823687501491442,7.672723029097915,1.5293487132310737,COMPLETE
180,0.0,0.07084273079953599,11.485755849155169,34.4765919060341,COMPLETE
181,0.0,0.07423915762109602,227.23668187840548,0.0023381683427601565,COMPLETE
182,0.0,0.06896860093952513,13.863457819685104,0.007987577931521262,COMPLETE
183,0.0,0.0659860270767421,0.10175037292754036,0.28125502103907013,COMPLETE
184,0.0,0.08189740992611894,83.79414807568077,0.002291512878983546,COMPLETE
185,0.0,0.07287498910779473,35.04670414572725,0.02346833986257525,COMPLETE
186,0.0,0.07764003722024866,319.9700422626513,0.14525096691482658,COMPLETE
187,0.0,0.06417675610860617,0.06666467141572965,0.00042671146486399135,COMPLETE
188,0.0,0.07759740732864573,1.4434531828568546,0.6281973192600224,COMPLETE
189,0.0,0.07654646405344534,49.76220198678533,0.06170046976955652,COMPLETE
190,0.0,0.06908700288166991,1184.7226428695446,0.00042671146486399135,COMPLETE
191,0.0,0.07317312232782211,0.14175848225886795,0.003982194989942686,COMPLETE
192,0.0,0.06504181724099176,167.24127039872647,0.00042671146486399135,COMPLETE
193,0.0,0.07296647708581856,1782.7219134515829,0.002291512878983546,COMPLETE
194,0.0,0.07027256995463584,0.033108061315623466,2.3071607818234807,COMPLETE
195,0.0,0.07180999649245196,37.26900330367858,0.00042671146486399135,COMPLETE
196,0.0,0.07136034553929792,0.612325976947006,0.002291512878983546,COMPLETE
197,0.0,0.07729100357796861,0.18337877723880724,0.03315620029144965,COMPLETE
198,0.0,0.07449957419964384,718.1034726232133,0.00042671146486399135,COMPLETE
199,0.0,0.07378584514444264,24.06528416903382,0.09428203616325916,COMPLETE
200,0.0,0.07919219728319969,0.025189659395424606,13.77386597342457,COMPLETE
201,0.0,0.0751173157152178,5.22920274211589,0.0023584468297836443,COMPLETE
202,0.0,0.07746744746305265,5.410963465355921,94.7155176854975,COMPLETE
203,0.0,0.07849781265169631,809.1791309266355,2.851980895336985,COMPLETE
204,0.0,0.07361608611889245,0.6525572493615062,45.03479251277186,COMPLETE
205,0.0,0.06819756645762491,1334.9872411963074,4.035019069587491,COMPLETE
206,0.0,0.07616560153698078,0.6525572493615062,0.4925704587555795,COMPLETE
207,0.0,0.07125573750659672,4.192998761144268,0.06170046976955652,COMPLETE
208,0.0,0.061687555448355955,809.1791309266355,0.00011923275008555087,COMPLETE
209,0.0,0.08144298204170008,15.930753782485565,0.015017532020814798,COMPLETE
210,0.0,0.07815090502725928,6538.307584143768,0.5281191555208476,COMPLETE
211,0.0,0.06986769855467061,2.4584547433787884,0.0055402356253144115,COMPLETE
212,0.0,0.07623990776003707,809.1791309266355,0.06170046976955652,COMPLETE
213,0.0,0.060581075995874895,4285.268644130333,0.00039191815750602867,COMPLETE
214,0.0,0.07857252476865452,0.019124466336413938,0.8796437127924208,COMPLETE
215,0.0,0.08068959207865378,0.011469784162600792,0.1081928938117169,COMPLETE
216,0.0,0.07660386124112302,7054.5748754130145,0.2669565145838075,COMPLETE
217,0.0,0.08135708173150649,0.014300727995746838,0.0022813939542548544,COMPLETE
218,0.0,0.0744205846478113,2.157785210384808,0.001039308656322231,COMPLETE
219,0.0,0.07731851884393366,278.8160949658767,0.4925704587555795,COMPLETE
220,0.0,0.07615920672285828,0.30315701862372185,0.6281973192600224,COMPLETE
221,0.0,0.07246073960553005,4.616144317872392,0.6281973192600224,COMPLETE
222,0.0,0.07257888173151593,0.019124466336413938,0.002328924678644928,COMPLETE
223,0.0,0.05906164457900406,2525.2992654679647,0.00013431235882417587,COMPLETE
224,0.0,0.07219204534301299,0.25690348254180645,0.0001066373491606367,COMPLETE
225,0.0,0.0716514393292177,83.79414807568077,0.002291512878983546,COMPLETE
226,0.0,0.06813746746993306,6.094753636645412,0.003982194989942686,COMPLETE
227,0.0,0.07153052064951265,35.04670414572725,32.980216250281316,COMPLETE
228,0.0,0.07013687921809028,0.014966052888874438,0.003294823495861598,COMPLETE
229,0.0,0.07644846910098567,6052.7332849440345,0.0037781346289307454,COMPLETE
230,0.0,0.0770345903929274,0.14175848225886795,0.002291512878983546,COMPLETE
231,0.0,0.07621260596368917,0.014966052888874438,0.01655047370468874,COMPLETE
232,0.0,0.07396655059848518,1.612992827086241,14.019863426985188,COMPLETE
233,0.0,0.07159643446549414,43.30834035782139,2.8568377367341515,COMPLETE
234,0.0,0.07414806942087965,809.1791309266355,0.28557412444415503,COMPLETE
235,0.0,0.0693683276346914,3900.8472453708396,6.505594000042856,COMPLETE
236,0.0,0.07154744363106637,809.1791309266355,0.0002842001539426299,COMPLETE
237,0.0,0.07414832804572397,0.06666467141572965,0.031203028042824307,COMPLETE
238,0.0,0.07893902827594118,0.22231011439950768,0.0022813939542548544,COMPLETE
239,0.0,0.07071264446198651,0.05328987094077747,0.0003403457852178627,COMPLETE
240,0.0,0.07689057451674786,6.270118938295526,0.03809293852379196,COMPLETE
241,0.0,0.07874046583043531,9.317489872128832,0.001241169674480661,COMPLETE
242,0.0,0.06534292479774634,0.019124466336413938,13.77386597342457,COMPLETE
243,0.0,0.07206074469007552,1.2672142964804183,0.0028926365091875702,COMPLETE
244,0.0,0.06819026254600276,1.4434531828568546,0.6281973192600224,COMPLETE
245,0.0,0.07903123557517926,3130.1391752847494,0.015017532020814798,COMPLETE
246,0.0,0.06726492571330567,0.014966052888874438,2.8568377367341515,COMPLETE
247,0.0,0.07093215346734356,809.1791309266355,0.28557412444415503,COMPLETE
248,0.0,0.07013638351451416,4.192998761144268,0.026609889300033083,COMPLETE
249,0.0,0.07444846198109682,10.307263069209377,0.11087240093548927,COMPLETE
250,0.0,0.07424838832416077,0.6525572493615062,5.069385872102636,COMPLETE
251,0.0,0.07531232229136527,1.8190664591240135,0.005013379492933892,COMPLETE
252,0.0,0.0781491226172253,2525.2992654679647,0.035157078527452534,COMPLETE
253,0.0,0.07414819741828577,6069.558954662461,0.002291512878983546,COMPLETE
254,0.0,0.07160796141074977,3.3763508319201603,39.24491990813462,COMPLETE
255,0.0,0.0747529936123074,0.18337877723880724,0.0026216894541690023,COMPLETE
256,0.0,0.07576239755072871,0.24084783188691805,2.851980895336985,COMPLETE
257,0.0,0.07546625587429062,0.7854045393966416,2.8568377367341515,COMPLETE
258,0.0,0.06925718450367438,0.27646553423606857,0.001127055240426541,COMPLETE
259,0.0,0.06891671490121551,10.307263069209377,0.010031953627584632,COMPLETE
260,0.0,0.07794344653284035,6052.7332849440345,0.025892489532927592,COMPLETE
261,0.0,0.07092057156381133,453.82746654592097,0.04877567311240308,COMPLETE
262,0.0,0.07143544646353688,0.12737788072368195,2.851980895336985,COMPLETE
263,0.0,0.07270656635832028,0.6525572493615062,0.1081928938117169,COMPLETE
264,0.0,0.07822743732041994,5381.34340278899,0.002291512878983546,COMPLETE
265,0.0,0.08335077872671909,0.14175848225886795,0.28557412444415503,COMPLETE
266,0.0,0.07183781084680305,809.1791309266355,0.02402623608429687,COMPLETE
267,0.0,0.07090315700936613,79.5886211143723,0.14561645158110942,COMPLETE
268,0.0,0.07521866216833428,1.778396549883784,16.41219491294407,COMPLETE
269,0.0,0.07455275592946402,6069.558954662461,28.767488754665468,COMPLETE
270,0.0,0.07579239825143179,1.4434531828568546,0.6281973192600224,COMPLETE
271,0.0,0.07059452235404537,0.025189659395424606,0.007420753823962881,COMPLETE
272,0.0,0.08101315882147432,0.24084783188691805,0.1375665660731773,COMPLETE
273,0.0,0.07310657802947267,809.1791309266355,0.0022813939542548544,COMPLETE
274,0.0,0.07102467097168777,4.616144317872392,0.015017532020814798,COMPLETE
275,0.0,0.07400711012178829,10.307263069209377,0.09122776883422773,COMPLETE
276,0.0,0.07831433316578197,1.2672142964804183,0.1081928938117169,COMPLETE
277,0.0,0.06877800204814323,1.4434531828568546,0.5407830603594436,COMPLETE
278,0.0,0.08020215855004745,167.24127039872647,0.2669565145838075,COMPLETE
279,0.0,0.07008394313343337,0.07580436784376252,0.0009302131075591245,COMPLETE
280,0.0,0.07307843031905174,752.2757638690068,0.6071195660581225,COMPLETE
281,0.0,0.07326306003876204,809.1791309266355,0.9511231702147503,COMPLETE
282,0.0,0.07465369912351631,49.76220198678533,0.6281973192600224,COMPLETE
283,0.0,0.07040115813095298,28.609382110247772,21.09145387467252,COMPLETE
284,0.0,0.07640120729928819,10.307263069209377,0.11087240093548927,COMPLETE
285,0.0,0.07186571505413741,975.8671130988797,0.0008009227551723009,COMPLETE
286,0.0,0.07364014531597697,6069.558954662461,0.007987577931521262,COMPLETE
287,0.0,0.0698462980505388,809.1791309266355,0.28557412444415503,COMPLETE
288,0.0,0.0771580865105397,0.3027523104453944,0.06170046976955652,COMPLETE
