number,values_0,values_1,params_delta_deg,params_gamma,params_lambda1,params_lambda3,state
764,0.0916,0.5388305712528255,7.351751324003693,9.988586281068551,0.5616281392659456,72.57830932179442,COMPLETE
765,0.10255,0.7182233540298706,7.489439152524652,4.390239464358789,117.01164712837071,0.5084006019933035,COMPLETE
766,0.0671,0.18061110061986832,7.489439152524652,1.2992706708708701,0.48160356426463263,2.2659877554138568,COMPLETE
767,0.11465,0.7368216667012917,7.489439152524652,3.0352039660395387,1688.3846346819648,0.5985950343657075,COMPLETE
768,0.07845,0.4478212932003801,6.812644630608508,3.4709986937730752,0.5549010274448358,0.5084006019933035,COMPLETE
769,0.09775,0.6105277080211993,7.489439152524652,8.081625847692138,1.9411683121291674,0.5985950343657075,COMPLETE
770,0.0973,0.7469453937306125,7.489439152524652,8.418374689108267,4.6216117253800055,0.5985950343657075,COMPLETE
771,0.10255,0.6509085835743749,7.489439152524652,9.988586281068551,0.015732557407324474,0.5084006019933035,COMPLETE
772,0.093,0.5817918549600215,7.489439152524652,9.930382492461733,0.4111694316312813,11.34645454198699,COMPLETE
773,0.1293,0.8437877678028328,5.669059578661803,7.062126769282375,1688.3846346819648,0.725005173883511,COMPLETE
774,0.10825,0.4302570163360082,2.49805320475049,7.639970758565217,30.54779366423335,4.792699168837896,COMPLETE
775,0.0926,0.6119184718815147,7.489439152524652,2.195218904889921,560.4775189597802,0.41678774153157633,COMPLETE
776,0.0919,0.3318406170195566,1.4000336080974987,5.196045314781185,2.10269058434203,1.0042291812767146,COMPLETE
777,0.1137,0.6578660830868346,2.3225900791592933,5.196045314781185,155.06510076874815,0.052882695912678586,COMPLETE
778,0.08895,0.3075711130360899,1.725904925943869,1.2992706708708701,874.1330303163832,0.6805162092954433,COMPLETE
779,0.0838,0.2233537104418477,7.489439152524652,1.2992706708708701,28.385596201958766,0.5985950343657075,COMPLETE
780,0.07875,0.19909469286878406,7.0933939454494315,1.088800546416285,61.128832411058866,0.8128929189723558,COMPLETE
781,0.12685,0.748768788992451,5.608567316603186,9.32057031103337,258.12658116675004,1.526275265602974,COMPLETE
782,0.108,0.6933465115985826,7.257271731141275,8.928904969540103,49.85311259912372,3.9703371647893633,COMPLETE
783,0.0918,0.4678888857684442,2.981662124317787,3.9685682953535353,30.54779366423335,0.7306953052604724,COMPLETE
784,0.07275,0.3700166931539209,5.827113301687939,2.773946398622405,2.880805974985026,0.7306953052604724,COMPLETE
785,0.07905,0.3224457277603183,2.4244239269851073,3.0352039660395387,0.747253043227065,0.7306953052604724,COMPLETE
786,0.11305,0.6547206781413967,7.489439152524652,6.9755994856378924,0.02617246998998412,0.04612607148867499,COMPLETE
787,0.1098,0.4815273563460858,2.981662124317787,5.950827672861153,28.623301091967512,0.7306953052604724,COMPLETE
788,0.0991,0.6505212910001653,6.778075540011049,7.639970758565217,0.01333967025299093,0.7306953052604724,COMPLETE
789,0.0844,0.567972501808655,7.398979747077997,3.0156649020845308,61.128832411058866,0.5985950343657075,COMPLETE
790,0.10225,0.6760203716502278,7.489439152524652,8.081625847692138,1.9411683121291674,0.5985950343657075,COMPLETE
791,0.06765,0.15751990098816848,7.398979747077997,1.1679739768270172,2.4792588435669867,51.44191747894303,COMPLETE
792,0.13105,0.7242163854651261,1.725904925943869,9.413482932589199,874.1330303163832,0.6805162092954433,COMPLETE
793,0.0993,0.2750131488809124,2.6559084392829235,1.0862885355256005,874.1330303163832,2.1102891532478085,COMPLETE
794,0.0967,0.2038062769886008,1.1770251942167642,1.455274921789699,0.33202090890028046,0.052882695912678586,COMPLETE
795,0.0797,0.2989723067060525,4.933362998330481,2.497915877123761,2.880805974985026,0.7306953052604724,COMPLETE
796,0.101,0.6209724861273788,7.489439152524652,1.7370446749589081,874.1330303163832,0.6805162092954433,COMPLETE
797,0.10125,0.5518877776003186,3.537159685928091,6.662419966226693,0.4111694316312813,0.41678774153157633,COMPLETE
798,0.0608,0.21862047066016843,7.321806062638004,1.0340435745788543,0.675650103955018,0.052882695912678586,COMPLETE
799,0.1075,0.6842831865204394,7.386495200771071,9.767312130896007,3.0214334835334675,0.5985950343657075,COMPLETE
800,0.09105,0.40549777864344805,3.9963528740237715,6.113302384492647,2.4792588435669867,44.76380938653201,COMPLETE
801,0.0706,0.34374275272031557,5.939170481881678,2.441766244251271,0.48160356426463263,0.5985950343657075,COMPLETE
802,0.10945,0.6803385371240794,7.489439152524652,7.639970758565217,30.54779366423335,0.5985950343657075,COMPLETE
803,0.0871,0.33459011942015593,4.463588212289253,3.3704975429349244,5.6878068615007775,2.1102891532478085,COMPLETE
804,0.0797,0.5256431716663896,7.321806062638004,4.9992923832262095,0.747253043227065,0.8420390894808036,COMPLETE
805,0.0843,0.20618547210166172,2.981662124317787,1.966599769120339,5.6878068615007775,0.7306953052604724,COMPLETE
806,0.11515,0.6772806798026749,7.398979747077997,7.451337432117496,0.7780556311068269,0.0367758044805299,COMPLETE
807,0.10905,0.5051397851009352,2.6559084392829235,9.413482932589199,30.54779366423335,1.526275265602974,COMPLETE
808,0.07825,0.4237094081306586,4.940397068324327,3.0352039660395387,2.553714710277211,0.345899746650559,COMPLETE
809,0.10025,0.45435336086799705,4.303720943051663,2.8320734546831314,0.1735750647236552,0.052882695912678586,COMPLETE
810,0.1253,0.20381150347740568,0.2728155224608698,4.756109292991287,2.4792588435669867,44.76380938653201,COMPLETE
811,0.09475,0.37807233192448436,5.608567316603186,1.0000874311382033,1476.1251734596226,4.792699168837896,COMPLETE
812,0.08205,0.4390775782719389,6.8435536313626235,3.0352039660395387,2.136762935747518,0.3224017511707687,COMPLETE
813,0.09925,0.673954725173378,7.489439152524652,2.4919121796023087,874.1330303163832,0.5084006019933035,COMPLETE
814,0.1358,0.878248477613326,6.812644630608508,7.80747046181326,3153.939669442835,4.792699168837896,COMPLETE
815,0.0932,0.5352799369130022,5.770851527523645,5.950827672861153,5.6878068615007775,0.7306953052604724,COMPLETE
816,0.0937,0.5571210693205928,4.933362998330481,4.624171633355213,0.01333967025299093,0.7306953052604724,COMPLETE
817,0.08945,0.3812321626184017,5.5150049043702545,3.3704975429349244,3.2627002306478956,0.48001073896625235,COMPLETE
818,0.07185,0.2531787848456136,6.8435536313626235,1.4669524504198699,28.623301091967512,2.3468955135229153,COMPLETE
819,0.0936,0.47071710118164783,3.8196277853027643,8.928904969540103,2.136762935747518,0.725005173883511,COMPLETE
820,0.1191,0.7463189296204322,5.280090073895156,8.928904969540103,359.71457230765833,11.34645454198699,COMPLETE
821,0.0838,0.4223084839364887,7.489439152524652,2.9674941142751496,30.54779366423335,12.31124689310312,COMPLETE
822,0.0796,0.3828333936885342,6.8435536313626235,1.1679739768270172,686.3461727666778,44.76380938653201,COMPLETE
823,0.09125,0.30580604739455464,4.859269400135405,3.3004056693140713,0.01333967025299093,1.2079028988050542,COMPLETE
824,0.08155,0.4354783705815874,6.8435536313626235,8.936771842662786,2.4792588435669867,44.76380938653201,COMPLETE
825,0.0959,0.5283573966182317,6.812644630608508,8.928904969540103,0.5549010274448358,11.34645454198699,COMPLETE
826,0.09655,0.5586401705830468,4.940397068324327,3.0352039660395387,2.136762935747518,0.04525730350224685,COMPLETE
827,0.12525,0.5917839312699389,1.4640845331199057,8.081625847692138,359.71457230765833,0.5985950343657075,COMPLETE
828,0.12615,0.8450545435858062,5.939170481881678,9.988586281068551,1476.1251734596226,4.792699168837896,COMPLETE
829,0.1058,0.6846808995787258,7.489439152524652,7.639970758565217,1.9411683121291674,0.5985950343657075,COMPLETE
830,0.08725,0.1350683993587936,1.9031723858585035,1.2992706708708701,0.022872403443138362,69.89199349893173,COMPLETE
831,0.08535,0.4206772315153602,1.725904925943869,8.081625847692138,1.9411683121291674,0.5985950343657075,COMPLETE
832,0.09545,0.6056430304180606,6.8435536313626235,4.390239464358789,20.742218430268597,0.5084006019933035,COMPLETE
833,0.1176,0.6472951197682398,2.981662124317787,8.928904969540103,359.71457230765833,11.34645454198699,COMPLETE
834,0.0963,0.5924683367176946,1.7286970270654878,5.032975302309055,874.1330303163832,1.526275265602974,COMPLETE
835,0.08875,0.38126101924605427,3.5476416696883666,3.0156649020845308,30.54779366423335,0.5985950343657075,COMPLETE
836,0.1354,0.851918430176314,6.0865987324130435,9.32057031103337,1476.1251734596226,4.792699168837896,COMPLETE
837,0.08385,0.30587703238834063,4.945735915430485,1.2992706708708701,61.128832411058866,0.0367758044805299,COMPLETE
838,0.1163,0.6101190152635967,2.8444252808617114,2.8320734546831314,6755.71174442274,0.052882695912678586,COMPLETE
839,0.078,0.4481111369886886,7.257271731141275,5.196045314781185,1.9411683121291674,3.9703371647893633,COMPLETE
840,0.1066,0.5837912035843006,5.34350018162054,3.0352039660395387,796.9057594080199,2.1102891532478085,COMPLETE
841,0.1266,0.7961684657482352,5.608567316603186,8.053117581805795,1476.1251734596226,4.8269015675922065,COMPLETE
842,0.0706,0.3762482691265064,7.257271731141275,1.6808760827144953,117.01164712837071,1.526275265602974,COMPLETE
843,0.1159,0.6505857228508215,2.981662124317787,7.481462947249241,560.6322074728731,12.14714961991701,COMPLETE
844,0.08965,0.41015925771853656,4.933362998330481,5.308275657707873,4.402708575407526,11.34645454198699,COMPLETE
845,0.07585,0.18263299784255382,5.34350018162054,1.3973216230618415,2.4792588435669867,44.76380938653201,COMPLETE
846,0.09455,0.6479894761268269,7.257271731141275,5.196045314781185,132.91443044234634,1.526275265602974,COMPLETE
847,0.0896,0.4517742583260089,2.981662124317787,8.51578587556894,5.6878068615007775,0.7306953052604724,COMPLETE
848,0.0731,0.4759939657879669,7.321806062638004,3.0352039660395387,30.54779366423335,2.1102891532478085,COMPLETE
849,0.0778,0.37709993523438645,7.339695485358947,2.834893005154769,0.4111694316312813,0.5985950343657075,COMPLETE
850,0.1055,0.3041033127262827,2.183566079896136,4.291621543815187,2.4792588435669867,0.6538641128538936,COMPLETE
851,0.09935,0.5763569389936055,7.489439152524652,7.639970758565217,5.6878068615007775,0.5985950343657075,COMPLETE
852,0.08685,0.3966918733641672,5.608567316603186,1.2992706708708701,1476.1251734596226,0.0367758044805299,COMPLETE
853,0.1107,0.6994967388143498,4.940397068324327,3.0352039660395387,1688.3846346819648,0.9437258830306278,COMPLETE
854,0.0829,0.4250546077317367,6.812644630608508,1.8145138315019835,28.623301091967512,0.06634644441401615,COMPLETE
855,0.1253,0.6084110339632006,7.398979747077997,3.3704975429349244,4153.714112566238,0.0367758044805299,COMPLETE
856,0.12325,0.5464436063019126,7.386495200771071,1.8145138315019835,5110.851803263357,0.04841802788233872,COMPLETE
857,0.0964,0.6201773036477801,6.8435536313626235,8.150908853121543,0.019310802036540495,1.3911990509444683,COMPLETE
858,0.11585,0.6111705302789701,5.34350018162054,3.0352039660395387,874.1330303163832,0.11926910147156167,COMPLETE
859,0.09555,0.5697148104823755,5.280090073895156,3.0352039660395387,359.71457230765833,2.1102891532478085,COMPLETE
860,0.08875,0.5007763456987399,5.280090073895156,6.93980651916622,0.4111694316312813,11.34645454198699,COMPLETE
861,0.08875,0.5738262592634945,7.257271731141275,2.7294646618638243,30.54779366423335,0.033466725779728916,COMPLETE
862,0.1014,0.5695434089635473,4.767178139408607,2.0456255921338298,6755.71174442274,2.1102891532478085,COMPLETE
863,0.09375,0.40915154044967295,2.326195167474341,8.928904969540103,1.9411683121291674,11.34645454198699,COMPLETE
864,0.11035,0.724052255085772,4.767178139408607,4.762248977307948,6755.71174442274,2.1102891532478085,COMPLETE
865,0.13615,0.8475395678377415,6.812644630608508,9.988586281068551,1476.1251734596226,0.725005173883511,COMPLETE
866,0.1031,0.6379196256880805,5.5150049043702545,8.081625847692138,30.54779366423335,0.5985950343657075,COMPLETE
867,0.09795,0.6112336509924959,5.5150049043702545,7.765654438906126,0.5549010274448358,0.5084006019933035,COMPLETE
868,0.0642,0.1994842307727282,7.489439152524652,1.2992706708708701,0.022872403443138362,2.1102891532478085,COMPLETE
869,0.09075,0.3733275898331005,4.933362998330481,4.452959544077785,0.5549010274448358,30.285503295850994,COMPLETE
870,0.10635,0.5553699467422385,5.007005919975302,9.767312130896007,1.9411683121291674,2.1102891532478085,COMPLETE
871,0.1199,0.6605164738714089,7.398979747077997,3.0156649020845308,2206.3502799927064,32.402251569270184,COMPLETE
872,0.0991,0.5488701191415373,5.608567316603186,9.933529862520766,0.9615552540100645,13.809916121420061,COMPLETE
873,0.09535,0.6405723610312356,7.257271731141275,8.953655830293592,30.54779366423335,3.9703371647893633,COMPLETE
874,0.1089,0.6090706917209976,5.725979329777759,8.936771842662786,0.01333967025299093,0.7306953052604724,COMPLETE
875,0.1022,0.5960562768642088,6.812644630608508,9.988586281068551,0.022872403443138362,0.5985950343657075,COMPLETE
876,0.13205,0.832100841034539,5.608567316603186,6.375236854260541,1476.1251734596226,0.7997601204319784,COMPLETE
877,0.09755,0.38123096141905005,4.933362998330481,4.730916168079807,5.6878068615007775,4.792699168837896,COMPLETE
878,0.1059,0.6342643153565939,5.5150049043702545,6.375236854260541,30.54779366423335,0.5985950343657075,COMPLETE
879,0.12975,0.8447148397306763,6.0195191788931774,5.196045314781185,6755.71174442274,2.1102891532478085,COMPLETE
880,0.07105,0.15905462368606146,4.859269400135405,1.2992706708708701,0.055180751274777534,2.2659877554138568,COMPLETE
881,0.08485,0.12778016442881368,1.725904925943869,1.2992706708708701,0.022872403443138362,0.6805162092954433,COMPLETE
882,0.10655,0.7789069812460527,7.489439152524652,9.17383655017091,135.12739810952655,3.9703371647893633,COMPLETE
883,0.09685,0.5780849187176632,5.374938723229122,8.936771842662786,1.9411683121291674,1.526275265602974,COMPLETE
884,0.0896,0.525555511357618,7.339695485358947,9.413482932589199,0.4111694316312813,11.34645454198699,COMPLETE
885,0.0646,0.19796144904823024,7.489439152524652,1.2992706708708701,0.022872403443138362,2.1102891532478085,COMPLETE
886,0.1243,0.7067171361776738,5.34350018162054,3.651595257801766,6755.71174442274,2.1102891532478085,COMPLETE
887,0.09095,0.5145585938588604,5.5150049043702545,1.6547770335219978,560.4775189597802,0.3224017511707687,COMPLETE
888,0.07305,0.1857353183263311,7.489439152524652,1.2992706708708701,1.530981853484126,0.5985950343657075,COMPLETE
889,0.07745,0.2818790384571199,7.386495200771071,1.8145138315019835,0.4111694316312813,0.41678774153157633,COMPLETE
890,0.12695,0.4162780364993409,5.5150049043702545,9.146079626553355,560.4775189597802,0.013271312739952941,COMPLETE
891,0.10175,0.45315426190985775,2.8538152290566545,3.1266054432281805,258.12658116675004,1.526275265602974,COMPLETE
892,0.09095,0.4528263575000472,3.781707407820993,8.081625847692138,4.6216117253800055,4.0357694266525,COMPLETE
893,0.10995,0.5960607581729143,5.608567316603186,9.32057031103337,1.045670975870805,1.526275265602974,COMPLETE
894,0.1294,0.7736175053743457,6.4922347260243845,6.694798433810031,6755.71174442274,15.635249172291681,COMPLETE
895,0.0906,0.6150903825143719,7.225279577446517,3.0638630129150126,359.71457230765833,11.34645454198699,COMPLETE
896,0.1377,0.8943937637113438,7.386495200771071,9.933529862520766,2147.1158445190413,4.792699168837896,COMPLETE
897,0.07125,0.18064495356925514,7.321806062638004,1.0340435745788543,30.54779366423335,0.5985950343657075,COMPLETE
898,0.09225,0.3005899900438251,2.029853754499439,3.6489595839123257,0.747253043227065,4.8269015675922065,COMPLETE
899,0.0761,0.36753526995836505,6.1575360109564885,2.195218904889921,2.880805974985026,0.23943674870059578,COMPLETE
900,0.10005,0.600524085848972,7.257271731141275,7.451337432117496,0.022872403443138362,0.5985950343657075,COMPLETE
901,0.10855,0.6062719270477597,5.280090073895156,4.554162049710896,359.71457230765833,4.279787560507997,COMPLETE
902,0.06865,0.12957716760761087,5.827113301687939,1.0072476048825507,2.880805974985026,0.7306953052604724,COMPLETE
903,0.08305,0.3079138309158792,5.5150049043702545,3.0352039660395387,0.01333967025299093,1.526275265602974,COMPLETE
904,0.0797,0.38605098763237533,6.512749834924003,3.0352039660395387,2.136762935747518,0.725005173883511,COMPLETE
905,0.0759,0.1362280613201234,3.3050324203869508,1.2992706708708701,0.48160356426463263,0.5985950343657075,COMPLETE
906,0.09545,0.6032545847828215,7.489439152524652,7.639970758565217,4.6216117253800055,2.2956973646590204,COMPLETE
907,0.059,0.17237379462420807,7.339695485358947,1.1679739768270172,2.4792588435669867,58.8365186870629,COMPLETE
908,0.07385,0.21508774016670135,7.489439152524652,1.477462268798483,4.6216117253800055,0.5985950343657075,COMPLETE
909,0.10685,0.6811949162477163,7.257271731141275,6.662419966226693,30.54779366423335,0.5985950343657075,COMPLETE
910,0.1372,0.8736158572014874,6.641989734742594,7.451337432117496,2899.69581847893,11.34645454198699,COMPLETE
911,0.13115,0.8342919033346683,6.812644630608508,7.451337432117496,1476.1251734596226,4.792699168837896,COMPLETE
912,0.07375,0.3713645910842015,7.489439152524652,3.0352039660395387,2.136762935747518,4.792699168837896,COMPLETE
913,0.10765,0.5998837272404167,3.232381597277297,3.0352039660395387,1539.8224240679256,0.5985950343657075,COMPLETE
914,0.09875,0.4766295096072693,6.812644630608508,1.1712558092464478,1476.1251734596226,5.263907113396357,COMPLETE
915,0.08715,0.5409979384385073,7.489439152524652,3.0156649020845308,117.01164712837071,0.5985950343657075,COMPLETE
916,0.1208,0.6692739267713762,4.767178139408607,7.451337432117496,28.623301091967512,0.04841802788233872,COMPLETE
917,0.13035,0.8540698810836275,5.5150049043702545,8.081625847692138,1364.1776643863184,3.9703371647893633,COMPLETE
918,0.0908,0.5254211446411631,7.339695485358947,7.610151165642061,0.4111694316312813,11.34645454198699,COMPLETE
919,0.10815,0.4614583464147101,2.981662124317787,8.928904969540103,3.5368781317675393,0.7306953052604724,COMPLETE
920,0.0632,0.13172050791526002,5.682466907927493,1.0105475676829394,4.6216117253800055,2.2659877554138568,COMPLETE
921,0.1054,0.4781301582499196,4.933362998330481,8.053117581805795,5.6878068615007775,4.8269015675922065,COMPLETE
922,0.07885,0.13028021828050812,3.6783168805008466,1.1679739768270172,0.5549010274448358,0.5084006019933035,COMPLETE
923,0.11095,0.7691922153847652,7.489439152524652,3.4709986937730752,1688.3846346819648,0.5985950343657075,COMPLETE
924,0.13875,0.7990484306687079,7.489439152524652,4.493104072298703,6711.521412335229,0.5985950343657075,COMPLETE
925,0.09985,0.5660753118639185,6.03613403822846,7.062126769282375,4.6216117253800055,2.4056309584136866,COMPLETE
926,0.0768,0.4214972417176972,5.827113301687939,3.0352039660395387,2.880805974985026,0.5985950343657075,COMPLETE
927,0.1303,0.8383121498714503,5.939170481881678,8.053117581805795,1476.1251734596226,4.792699168837896,COMPLETE
928,0.1468,0.8934904769559533,7.489439152524652,8.418374689108267,560.4775189597802,1.8602957309646184,COMPLETE
929,0.09325,0.40641879271671416,2.981662124317787,7.451337432117496,0.4111694316312813,0.7306953052604724,COMPLETE
930,0.10795,0.7457587425536786,5.5150049043702545,5.196045314781185,560.4775189597802,1.526275265602974,COMPLETE
931,0.13595,0.8357034004061555,4.23889944611168,8.928904969540103,359.71457230765833,0.5490150507978799,COMPLETE
932,0.147,0.8282442177282427,5.5150049043702545,8.081625847692138,1410.5125114019775,0.7306953052604724,COMPLETE
933,0.0928,0.556335314261003,7.398979747077997,3.0156649020845308,61.128832411058866,0.019741076694555916,COMPLETE
934,0.11165,0.6184603801228886,5.280090073895156,7.639970758565217,4.134085132635928,0.5985950343657075,COMPLETE
935,0.0855,0.35944077238031913,2.981662124317787,3.3704975429349244,5.6878068615007775,0.725005173883511,COMPLETE
936,0.08015,0.32510337050523813,7.257271731141275,1.6830728729124345,51.87896749081269,15.635249172291681,COMPLETE
937,0.0804,0.2799989977127318,5.280090073895156,2.195218904889921,8.12391032120536,0.41678774153157633,COMPLETE
938,0.0624,0.1773421651304775,6.8435536313626235,1.1679739768270172,2.4792588435669867,0.6323288349159578,COMPLETE
939,0.0726,0.3237012914728184,4.933362998330481,2.773946398622405,0.07784011381802453,0.7306953052604724,COMPLETE
940,0.10985,0.6567847759023115,2.261262434212134,7.062126769282375,560.4775189597802,1.526275265602974,COMPLETE
941,0.0673,0.15907623660034795,7.398979747077997,1.054178658775115,3.226823186887424,0.5985950343657075,COMPLETE
942,0.0828,0.29845016368958505,5.669059578661803,1.9286303362657695,29.635959217970594,0.725005173883511,COMPLETE
943,0.09495,0.6450407517113529,7.257271731141275,7.451337432117496,0.7780556311068269,2.1102891532478085,COMPLETE
944,0.0576,0.15648387060815724,7.489439152524652,1.0000874311382033,0.4111694316312813,4.792699168837896,COMPLETE
945,0.0783,0.27777423073977653,7.386495200771071,1.8145138315019835,28.623301091967512,4.047725915145316,COMPLETE
946,0.14225,0.8408140712508375,6.778075540011049,7.639970758565217,3393.7886450161604,0.7306953052604724,COMPLETE
947,0.0849,0.3154502722527433,2.731063429531665,3.0352039660395387,0.675650103955018,0.725005173883511,COMPLETE
948,0.0789,0.23930056778983602,7.489439152524652,2.081945085312953,6.122583341029568,11.34645454198699,COMPLETE
949,0.08555,0.39863657835486016,7.386495200771071,1.8145138315019835,0.9615552540100645,0.04841802788233872,COMPLETE
950,0.0943,0.5582556168469196,5.669059578661803,7.062126769282375,30.54779366423335,9.97013927018016,COMPLETE
951,0.0994,0.528430798132793,7.489439152524652,9.767312130896007,4.6216117253800055,2.1102891532478085,COMPLETE
952,0.09485,0.2498122116980655,3.1728250155788187,1.6830728729124345,116.68218004772335,15.635249172291681,COMPLETE
953,0.11055,0.42277173980373817,2.981662124317787,5.950827672861153,36.65186800453371,0.7306953052604724,COMPLETE
954,0.09455,0.5435959624760692,7.339695485358947,7.451337432117496,0.5549010274448358,11.34645454198699,COMPLETE
955,0.0684,0.22229613393399192,6.073812153251893,1.2992706708708701,0.022872403443138362,0.17693111945974221,COMPLETE
