number,values_0,values_1,params_delta_deg,params_gamma,params_lambda1,params_lambda2,params_lambda3,params_lambda4,state
3622,0.1047,0.5598661670664894,6.019990742215804,7.8078637347278095,0.1784805460542277,0.5362196401258538,0.01777158201797886,3.787929895519139e-07,COMPLETE
3623,0.03925,0.2045376087931121,6.019990742215804,1.0726049388472807,0.4634053899763641,0.5362196401258538,3.6008094906658137,6.054666140071687e-07,COMPLETE
3624,0.10525,0.47278285245789203,7.296565715563787,6.641926976422129,104.61067826393281,0.12480776742786713,0.01777158201797886,3.649569116806477e-06,COMPLETE
3625,0.0877,0.6798426078855873,7.491453905458799,6.875144787901625,123.52077947060401,110.16646134717259,2.8482969150400095,1.8155331503158389e-09,COMPLETE
3626,0.0835,0.7103140194175127,5.989976616159035,8.741900816624833,0.016767417635497637,110.16646134717259,11.478928737247317,7.242135537625552e-11,COMPLETE
3627,0.15105,0.8361288208506178,7.084828247944138,9.890916012877245,123.52077947060401,0.0036222772954126094,5.192615578479196,3.407169759582504e-13,COMPLETE
3628,0.0795,0.031564660854130525,5.989976616159035,2.2991799521485987,2484.344497646969,110.16646134717259,0.01777158201797886,0.0009371357404885486,COMPLETE
3629,0.0892,0.6595234321748904,7.296565715563787,6.641926976422129,12.412723646412944,600.7912611782664,17.543999742650467,3.407169759582504e-13,COMPLETE
3630,0.08325,0.3207942464910089,4.579206828017267,7.242098619980624,3.9227007475742597,0.19788177559916884,0.010117774078155787,3.649569116806477e-06,COMPLETE
3631,0.06965,0.039614608992577266,5.719667260978259,2.2991799521485987,208.22607295194175,110.16646134717259,0.010490863545892863,9.787752692175531e-12,COMPLETE
3632,0.08285,0.46620313976882244,5.719667260978259,2.914005294876021,2.2526238626393873,0.6534921917604861,0.01777158201797886,3.787929895519139e-07,COMPLETE
3633,0.09035,0.18093151578773176,6.943625321882633,7.242098619980624,0.4634053899763641,0.047570004104159534,0.764092524644605,1.97922145486153e-05,COMPLETE
3634,0.0854,0.566177088546624,7.051402036894628,7.8078637347278095,0.04554951978322279,0.06857317261521613,3.6008094906658137,3.0541645143911065e-11,COMPLETE
3635,0.0761,0.4764899015837389,7.051402036894628,4.607348055833254,0.4634053899763641,0.034901271135405816,1.1961286443235215,2.556898659242752e-09,COMPLETE
3636,0.07885,0.6281117156280442,6.732357099085157,9.890916012877245,3.159482501983647,0.047570004104159534,0.764092524644605,8.720647859508846e-11,COMPLETE
3637,0.0982,0.5718917015552958,6.103623020551158,6.875144787901625,208.22607295194175,0.1013397086496358,0.01777158201797886,3.649569116806477e-06,COMPLETE
3638,0.08845,0.6536386324966855,7.051402036894628,9.890916012877245,1365.9795109508957,929.6633627129753,34.574222073764446,2.234326522814866e-10,COMPLETE
3639,0.0622,0.37689806631633765,7.296565715563787,1.4518789275681732,2661.553121751245,403.50808676058165,17.543999742650467,8.564477591299451e-11,COMPLETE
3640,0.078,0.5675261772073825,6.019990742215804,9.890916012877245,0.1784805460542277,0.06857317261521613,3.6008094906658137,1.9043961097477443e-12,COMPLETE
3641,0.0568,0.1809629180261277,7.051402036894628,1.0726049388472807,0.4634053899763641,0.08143726543969673,1.1961286443235215,8.564477591299451e-11,COMPLETE
3642,0.09295,0.715907372956376,3.7523591558107,8.741900816624833,2484.344497646969,5.054984284069897,11.478928737247317,7.242135537625552e-11,COMPLETE
3643,0.0604,0.23626082896858558,3.6908645441818315,1.0726049388472807,0.4634053899763641,51.0531204742495,2.606433764399818,1.7411112824373338e-14,COMPLETE
3644,0.09695,0.57859381727222,2.8467952672042545,8.359124144204223,0.016767417635497637,51.0531204742495,0.01777158201797886,1.8984477547223754e-13,COMPLETE
3645,0.0718,0.48181912404700344,6.943625321882633,6.641926976422129,0.6975592224319972,546.754814234046,0.04828407606015354,8.720647859508846e-11,COMPLETE
3646,0.07985,0.16829525042151483,6.943625321882633,4.104615523185782,0.016767417635497637,546.754814234046,0.010117774078155787,2.038567370184007e-06,COMPLETE
3647,0.0825,0.5855590299841822,4.335111916469993,3.1788912454430323,7843.277665583187,1.2594502646806938,59.2437895529571,4.331365543927414e-05,COMPLETE
3648,0.0875,0.6977469967104072,7.051402036894628,9.890916012877245,0.3474112486367053,0.047570004104159534,0.01723519313338033,1.9043961097477443e-12,COMPLETE
3649,0.0785,0.5908044781784649,6.943625321882633,8.359124144204223,3.9227007475742597,546.754814234046,0.010117774078155787,1.5335060532903536e-12,COMPLETE
3650,0.0701,0.5176802807985336,6.943625321882633,6.875144787901625,123.52077947060401,7.54443912402199,59.2437895529571,4.331365543927414e-05,COMPLETE
3651,0.12685,0.7087578582806068,6.943625321882633,9.890916012877245,208.22607295194175,0.05564315315248067,0.010490863545892863,3.407169759582504e-13,COMPLETE
3652,0.1085,0.8373507062124376,5.719667260978259,6.875144787901625,208.22607295194175,0.009707433566872849,0.010490863545892863,3.787929895519139e-07,COMPLETE
3653,0.086,0.5308191177820779,4.958426658725357,4.335068794900392,104.61067826393281,186.9306125540257,0.9327439604378265,3.649569116806477e-06,COMPLETE
3654,0.0592,0.2539991290390927,6.943625321882633,1.0726049388472807,2.300631579940496,0.06857317261521613,0.010117774078155787,1.7411112824373338e-14,COMPLETE
3655,0.101,0.6506938726769159,2.187110978380949,6.875144787901625,123.52077947060401,0.12696464981494876,0.3359486683616324,8.564477591299451e-11,COMPLETE
3656,0.0956,0.6864838820876727,7.296565715563787,7.242098619980624,12.412723646412944,0.047570004104159534,34.574222073764446,3.5062421283129145e-08,COMPLETE
3657,0.0415,0.09376861977643319,5.05336751899353,1.0726049388472807,0.4634053899763641,110.16646134717259,0.04005500180765361,4.331365543927414e-05,COMPLETE
3658,0.08375,0.21399942538086003,4.958426658725357,8.359124144204223,2.2526238626393873,1.5630282565660134,0.764092524644605,0.00017349939556610846,COMPLETE
3659,0.12105,0.7590110766803168,6.103623020551158,7.8078637347278095,104.61067826393281,0.059059396688812806,4.4800100120613235,1.9043961097477443e-12,COMPLETE
3660,0.0738,0.5564277304817081,7.051402036894628,8.359124144204223,0.4634053899763641,0.08143726543969673,1.1961286443235215,2.6953452002080092e-14,COMPLETE
3661,0.08995,0.6487126658165892,6.351039989269435,9.890916012877245,12.412723646412944,107.59872434463156,34.574222073764446,3.0541645143911065e-11,COMPLETE
3662,0.0561,0.349526138796799,5.553661359325831,1.9812875090250557,12.412723646412944,5.054984284069897,0.764092524644605,7.242135537625552e-11,COMPLETE
3663,0.13065,0.8250327041186766,5.439590829177734,9.890916012877245,3090.9457533461396,0.047570004104159534,0.04082369646290137,1.9897264125379086e-06,COMPLETE
3664,0.07225,0.5912032256639075,5.439590829177734,9.890916012877245,1.8442663426239594,0.047570004104159534,76.57127726580364,1.0983401550485142e-14,COMPLETE
3665,0.08395,0.7287012886178404,7.051402036894628,6.641926976422129,0.14359886520401832,0.12480776742786713,0.01777158201797886,8.720647859508846e-11,COMPLETE
3666,0.11275,0.6968073461068232,5.439590829177734,9.890916012877245,123.52077947060401,0.06857317261521613,2.56538932579242,1.9897264125379086e-06,COMPLETE
3667,0.07655,0.5088720010111367,6.351039989269435,8.359124144204223,2.2526238626393873,1.5630282565660134,34.574222073764446,5.432263014140687e-13,COMPLETE
3668,0.0666,0.7109077657072429,7.491453905458799,6.875144787901625,123.52077947060401,4.006173959705789,0.764092524644605,3.407169759582504e-13,COMPLETE
3669,0.0768,0.5168124991348172,3.285951376553347,8.359124144204223,0.4634053899763641,0.02259033321231426,3.6008094906658137,8.720647859508846e-11,COMPLETE
3670,0.09325,0.6367673371044352,7.296565715563787,8.741900816624833,72.14553131982682,107.59872434463156,14.938528279104256,2.907203615713739e-06,COMPLETE
3671,0.10545,0.7393031715019347,5.553661359325831,6.875144787901625,2484.344497646969,5.054984284069897,1.1961286443235215,8.564477591299451e-11,COMPLETE
3672,0.10025,0.7014136715951884,6.786864390676342,6.641926976422129,618.6290304581248,0.12480776742786713,0.010490863545892863,3.787929895519139e-07,COMPLETE
3673,0.1334,0.7724291208411767,5.686980021608849,9.890916012877245,1124.386428641863,0.047570004104159534,0.764092524644605,4.9536232507804895e-09,COMPLETE
3674,0.10505,0.7870522023672876,6.943625321882633,9.890916012877245,123.52077947060401,0.08755680934938086,0.764092524644605,5.314026320276268e-08,COMPLETE
3675,0.05085,0.46311552971591474,5.553661359325831,3.9944594338373487,208.22607295194175,5.054984284069897,12.493569628483362,5.314026320276268e-08,COMPLETE
3676,0.08165,0.6128094020641838,7.296565715563787,6.641926976422129,2.2526238626393873,1.5630282565660134,0.01777158201797886,8.720647859508846e-11,COMPLETE
3677,0.0728,0.535410888012087,7.051402036894628,6.875144787901625,0.07261268023359602,0.4878712301792302,13.586487974904616,3.787929895519139e-07,COMPLETE
3678,0.0614,0.2735845084537858,6.351039989269435,1.0726049388472807,12.412723646412944,107.59872434463156,8.213868348493142,3.0541645143911065e-11,COMPLETE
3679,0.10275,0.18753465828357993,7.051402036894628,6.875144787901625,208.22607295194175,0.009707433566872849,0.11060646004395691,8.81688515993176e-05,COMPLETE
3680,0.1014,0.8079262928323118,6.943625321882633,9.890916012877245,123.52077947060401,0.047570004104159534,1.8194846176867283,3.407169759582504e-13,COMPLETE
3681,0.11925,0.8561754337853453,7.051402036894628,9.890916012877245,1365.9795109508957,0.047570004104159534,0.04082369646290137,1.9897264125379086e-06,COMPLETE
3682,0.1002,0.5917749010444253,7.051402036894628,3.0790289441750254,208.22607295194175,0.08755680934938086,34.574222073764446,3.2771456821232834e-06,COMPLETE
3683,0.09065,0.6213831315287798,4.812614441890751,6.875144787901625,0.016767417635497637,115.71255119018926,2.606433764399818,7.242135537625552e-11,COMPLETE
3684,0.11705,0.778052387028604,6.943625321882633,9.890916012877245,123.52077947060401,0.047570004104159534,0.764092524644605,3.407169759582504e-13,COMPLETE
3685,0.10015,0.46302478887464904,2.2609792202108214,9.890916012877245,3.9227007475742597,0.047570004104159534,0.764092524644605,1.7411112824373338e-14,COMPLETE
3686,0.06115,0.4697431528532893,5.472695532361089,1.1985999454577785,123.52077947060401,0.047570004104159534,0.764092524644605,1.9043961097477443e-12,COMPLETE
3687,0.08885,0.6051664636836004,5.719667260978259,6.875144787901625,0.4634053899763641,0.009707433566872849,0.010490863545892863,2.556898659242752e-09,COMPLETE
3688,0.10895,0.7843852226608212,5.686980021608849,6.875144787901625,7843.277665583187,3.858204027730059,3.6008094906658137,1.9043961097477443e-12,COMPLETE
3689,0.0933,0.559201682982966,5.553661359325831,3.240310746492471,2.2526238626393873,51.0531204742495,3.6008094906658137,5.432263014140687e-13,COMPLETE
3690,0.07955,0.541072408738098,4.335111916469993,3.1788912454430323,2661.553121751245,12.974808669037445,17.543999742650467,7.242135537625552e-11,COMPLETE
3691,0.0688,0.42817807340326663,5.553661359325831,2.5118580794078285,1.9562826277387932,3.858204027730059,0.3574239194963053,2.1811143402963018e-10,COMPLETE
3692,0.11015,0.8511442260438591,6.943625321882633,9.890916012877245,3090.9457533461396,0.08755680934938086,0.49106969850296894,5.314026320276268e-08,COMPLETE
3693,0.0864,0.6113744658501054,4.958426658725357,8.359124144204223,2.2526238626393873,1.5630282565660134,0.8025491353094317,3.0541645143911065e-11,COMPLETE
3694,0.05105,0.28036371768870477,5.439590829177734,1.2997368745646833,0.014162338396506723,186.9306125540257,13.91899640723714,1.9897264125379086e-06,COMPLETE
3695,0.07335,0.127691165856462,4.958426658725357,1.494029393092529,2.2526238626393873,1.5630282565660134,3.6008094906658137,0.002949605421704285,COMPLETE
3696,0.07065,0.7401301110363626,7.051402036894628,8.741900816624833,81.47238887672447,5.054984284069897,1.1961286443235215,8.564477591299451e-11,COMPLETE
3697,0.07985,0.6405221741225301,5.553661359325831,8.741900816624833,1.8442663426239594,5.054984284069897,11.478928737247317,1.621364679176634e-08,COMPLETE
3698,0.0984,0.6133799270494769,4.958426658725357,7.242098619980624,123.52077947060401,186.9306125540257,34.574222073764446,3.649569116806477e-06,COMPLETE
3699,0.08965,0.6844984502243996,5.719667260978259,8.359124144204223,0.17189191091491696,186.9306125540257,3.6008094906658137,3.0541645143911065e-11,COMPLETE
3700,0.0851,0.5049601258726878,6.943625321882633,8.741900816624833,0.4081655814818445,0.6881858946448333,14.732118064935978,7.242135537625552e-11,COMPLETE
3701,0.06285,0.15230101899114212,4.812614441890751,1.0726049388472807,2.2526238626393873,51.0531204742495,73.5799874714666,0.0016904977844085939,COMPLETE
3702,0.11,0.8204789320465797,6.943625321882633,9.890916012877245,123.52077947060401,0.047570004104159534,0.030553875203692554,3.407169759582504e-13,COMPLETE
3703,0.0603,0.32475620577240677,6.943625321882633,1.0726049388472807,0.4634053899763641,383.43057079552284,2.5245438758434986,3.407169759582504e-13,COMPLETE
3704,0.05925,0.16541266324167872,6.943625321882633,1.2997368745646833,0.4634053899763641,186.9306125540257,0.010117774078155787,3.811801850956625e-07,COMPLETE
3705,0.06075,0.27740746346974593,4.948195195609465,1.0726049388472807,0.07261268023359602,620.9890606889237,5.192615578479196,3.0092675819548274e-09,COMPLETE
3706,0.0943,0.5331913133555729,7.051402036894628,7.8078637347278095,0.3474112486367053,0.00941293524953946,3.6008094906658137,3.0541645143911065e-11,COMPLETE
3707,0.093,0.793188535958522,7.051402036894628,6.875144787901625,208.22607295194175,0.08755680934938086,0.49106969850296894,5.521087576123659e-10,COMPLETE
3708,0.09445,0.5246884389517268,0.7689364607497028,9.890916012877245,3090.9457533461396,0.047570004104159534,8.213868348493142,8.564477591299451e-11,COMPLETE
3709,0.05175,0.3475649888802721,6.943625321882633,1.8817971165855027,1.2589521443072373,0.06857317261521613,0.11060646004395691,3.407169759582504e-13,COMPLETE
3710,0.0909,0.04406767057228403,7.296565715563787,6.641926976422129,540.7900783013034,6.553752361869406,0.020183971933939032,8.720647859508846e-11,COMPLETE
3711,0.08985,0.661443009068941,4.958426658725357,7.242098619980624,0.4634053899763641,3.460221973000056,0.01777158201797886,9.787752692175531e-12,COMPLETE
3712,0.05855,0.30531837606185025,5.553661359325831,1.0726049388472807,2661.553121751245,51.0531204742495,3.6008094906658137,8.720647859508846e-11,COMPLETE
3713,0.1037,0.6268348962583519,1.891442630820134,6.875144787901625,0.07261268023359602,0.4878712301792302,0.038479442063098175,8.720647859508846e-11,COMPLETE
3714,0.0621,0.3604176692229795,5.989976616159035,1.7519510271087413,1.8442663426239594,5.054984284069897,0.764092524644605,1.298259319360076e-09,COMPLETE
3715,0.08065,0.4985412226722845,3.44125133859043,6.875144787901625,123.52077947060401,4.006173959705789,0.01777158201797886,8.720647859508846e-11,COMPLETE
3716,0.06195,0.17848639689322346,5.553661359325831,1.0726049388472807,2.2526238626393873,0.3710234766141632,3.6008094906658137,3.649569116806477e-06,COMPLETE
3717,0.1493,0.7876650506430091,5.439590829177734,9.890916012877245,3090.9457533461396,0.047570004104159534,0.04082369646290137,1.9897264125379086e-06,COMPLETE
3718,0.13405,0.7811938131887813,5.553661359325831,8.741900816624833,2484.344497646969,0.013852072006624104,0.010117774078155787,3.0092675819548274e-09,COMPLETE
3719,0.07465,0.4939869652247864,7.051402036894628,3.9944594338373487,0.9375618411875101,0.009707433566872849,0.49106969850296894,5.314026320276268e-08,COMPLETE
3720,0.11615,0.8327511933148275,7.296565715563787,6.875144787901625,208.22607295194175,0.009707433566872849,0.010490863545892863,3.787929895519139e-07,COMPLETE
3721,0.0772,0.556142676083939,7.491453905458799,8.359124144204223,2.2526238626393873,1.5630282565660134,0.021168269649633198,3.787929895519139e-07,COMPLETE
3722,0.0922,0.7865103706845182,4.958426658725357,8.359124144204223,2930.9205686200316,1.5630282565660134,3.6008094906658137,3.0541645143911065e-11,COMPLETE
3723,0.03885,0.19353626929222373,7.051402036894628,1.0726049388472807,0.3474112486367053,546.754814234046,0.010117774078155787,7.242135537625552e-11,COMPLETE
3724,0.06285,0.308125888956531,5.686980021608849,2.5118580794078285,1.9562826277387932,546.754814234046,0.010117774078155787,2.1811143402963018e-10,COMPLETE
3725,0.08625,0.6400301143182673,1.3730646004818834,7.242098619980624,0.4634053899763641,110.16646134717259,2.606433764399818,1.7411112824373338e-14,COMPLETE
3726,0.08585,0.5044207161687413,3.309379003463504,2.7763341479840578,2661.553121751245,5.054984284069897,11.478928737247317,7.242135537625552e-11,COMPLETE
3727,0.0918,0.6629178713646319,7.491453905458799,7.242098619980624,12.412723646412944,107.59872434463156,0.3359486683616324,4.971519616514026e-14,COMPLETE
3728,0.09035,0.722974953165232,7.051402036894628,7.8078637347278095,12.412723646412944,0.038687616275165676,0.764092524644605,3.407169759582504e-13,COMPLETE
3729,0.0938,0.6980904314767743,7.051402036894628,6.875144787901625,208.22607295194175,0.08755680934938086,0.010117774078155787,5.521087576123659e-10,COMPLETE
3730,0.08445,0.4215104544954171,0.6505212673736184,2.8104808029658854,123.52077947060401,0.047570004104159534,0.764092524644605,3.407169759582504e-13,COMPLETE
3731,0.08605,0.45528931854857535,4.2602610357196085,6.875144787901625,0.07261268023359602,0.5103500787560857,1.1961286443235215,8.564477591299451e-11,COMPLETE
3732,0.03145,0.031005659264311886,6.943625321882633,1.0726049388472807,0.4634053899763641,546.754814234046,0.010117774078155787,4.819620859627371e-05,COMPLETE
3733,0.07725,0.57720537403771,7.051402036894628,9.890916012877245,0.46407152921123107,0.047570004104159534,0.49106969850296894,2.234326522814866e-10,COMPLETE
3734,0.055,0.5615988640628378,7.051402036894628,6.875144787901625,0.09750978508651072,546.754814234046,0.010117774078155787,3.0092675819548274e-09,COMPLETE
3735,0.05095,0.22831933423122155,7.051402036894628,1.0726049388472807,0.5791821529062022,546.754814234046,95.38000118724145,2.6378016332782343e-05,COMPLETE
3736,0.0448,0.3269180507369564,6.943625321882633,1.0726049388472807,1.8442663426239594,5.054984284069897,0.04724228817485067,1.621364679176634e-08,COMPLETE
3737,0.094,0.7773494951104569,7.296565715563787,6.875144787901625,12.412723646412944,0.047570004104159534,0.01777158201797886,3.407169759582504e-13,COMPLETE
3738,0.05645,0.20536518232409826,4.335111916469993,1.0726049388472807,0.4634053899763641,123.62248067438074,17.543999742650467,7.242135537625552e-11,COMPLETE
3739,0.0893,0.5530382952181181,1.8372555711737624,8.359124144204223,123.52077947060401,0.07296834769236775,3.6008094906658137,3.376335199432529e-07,COMPLETE
3740,0.08405,0.6729751794836549,7.051402036894628,9.890916012877245,104.61067826393281,0.3710234766141632,80.46577679760097,2.234326522814866e-10,COMPLETE
3741,0.09345,0.715363920262121,6.943625321882633,6.633766272193786,123.52077947060401,0.12318995296729693,0.010117774078155787,3.0092675819548274e-09,COMPLETE
3742,0.03885,0.1179332189197096,6.943625321882633,1.2186148505353722,0.4634053899763641,546.754814234046,0.010117774078155787,3.0092675819548274e-09,COMPLETE
3743,0.0563,0.38013476140078767,5.719667260978259,2.2991799521485987,0.016767417635497637,0.0070010820997066315,6.270124213050574,9.787752692175531e-12,COMPLETE
3744,0.049,0.32344312773410255,5.719667260978259,1.0726049388472807,10.012774323027275,51.0531204742495,0.8399863630963859,9.787752692175531e-12,COMPLETE
3745,0.09085,0.667893627015258,4.958426658725357,8.359124144204223,0.4634053899763641,186.9306125540257,3.6008094906658137,1.5335060532903536e-12,COMPLETE
3746,0.09715,0.7294400047109453,4.621624918239847,6.875144787901625,123.52077947060401,0.047570004104159534,0.49106969850296894,3.787929895519139e-07,COMPLETE
3747,0.04895,0.2052124799253967,5.553661359325831,1.0726049388472807,0.8219907929162001,12.143000555711792,3.6008094906658137,5.432263014140687e-13,COMPLETE
3748,0.1048,0.7373245319840644,7.051402036894628,6.875144787901625,123.52077947060401,0.06857317261521613,0.11060646004395691,1.9897264125379086e-06,COMPLETE
3749,0.0749,0.5578802847231574,5.719667260978259,6.875144787901625,208.22607295194175,0.1679523843057958,0.01777158201797886,1.9897264125379086e-06,COMPLETE
3750,0.0934,0.5972862016361542,6.019990742215804,7.8078637347278095,0.1784805460542277,0.5362196401258538,0.12245105198787853,3.787929895519139e-07,COMPLETE
3751,0.1101,0.7677036176552999,6.943625321882633,6.875144787901625,208.22607295194175,0.0017296883170340035,2.5245438758434986,3.787929895519139e-07,COMPLETE
3752,0.07165,0.5001949872031475,7.296565715563787,6.875144787901625,0.25158089938572226,0.1013397086496358,82.5098794658547,8.720647859508846e-11,COMPLETE
3753,0.08415,0.6215779470031992,5.553661359325831,4.895165956961837,2.2526238626393873,51.0531204742495,5.192615578479196,5.432263014140687e-13,COMPLETE
3754,0.0429,0.21269122123450712,7.296565715563787,1.0726049388472807,0.4634053899763641,546.754814234046,0.010117774078155787,8.720647859508846e-11,COMPLETE
3755,0.0831,0.5495385105742192,7.051402036894628,9.890916012877245,0.3474112486367053,0.0037518248438985755,79.05077284475732,2.234326522814866e-10,COMPLETE
3756,0.0762,0.6154051778708386,4.958426658725357,8.359124144204223,2.2526238626393873,1.5630282565660134,3.6008094906658137,1.9043961097477443e-12,COMPLETE
3757,0.0526,0.2797111389768468,6.103623020551158,1.0726049388472807,104.61067826393281,546.754814234046,5.192615578479196,3.649569116806477e-06,COMPLETE
3758,0.0752,0.17771616337290058,0.7406707668525739,1.2997368745646833,0.014162338396506723,0.06857317261521613,0.3359486683616324,3.787929895519139e-07,COMPLETE
3759,0.06895,0.543640210540094,5.686980021608849,3.3873699137135773,12.412723646412944,107.59872434463156,34.574222073764446,8.720647859508846e-11,COMPLETE
3760,0.0584,0.7242504061375429,5.686980021608849,6.875144787901625,5566.2977925921405,34.74982443918535,68.68637664775686,2.1811143402963018e-10,COMPLETE
