number,values_0,values_1,params_delta_deg,params_gamma,params_lambda1,params_lambda2,params_lambda3,params_lambda4,state
1119,0.0502,0.2533880158362629,6.103623020551158,1.3526137167003873,12.412723646412944,107.59872434463156,80.46577679760097,3.649569116806477e-06,COMPLETE
1120,0.056,0.22875528271432455,4.797597292147365,1.4234508712843703,1.8442663426239594,0.5218478141839406,0.764092524644605,6.84161446778786e-11,COMPLETE
1121,0.05835,0.1958381334040706,3.337894557168487,1.0726049388472807,0.18468504546596953,186.9306125540257,0.037145330599528494,3.811801850956625e-07,COMPLETE
1122,0.06745,0.4821395174501163,5.719667260978259,2.2991799521485987,0.016767417635497637,72.34854326126346,2.606433764399818,1.7411112824373338e-14,COMPLETE
1123,0.07625,0.6345390157926769,3.7523591558107,8.359124144204223,0.016767417635497637,110.16646134717259,4.230818933588808,1.5335060532903536e-12,COMPLETE
1124,0.0702,0.5341718876249448,4.653916869245234,3.3801923275388828,104.61067826393281,0.3710234766141632,5.192615578479196,3.649569116806477e-06,COMPLETE
1125,0.0752,0.3547411067429934,6.943625321882633,2.2991799521485987,1.8442663426239594,4.006173959705789,1.1121165603137946,1.7411112824373338e-14,COMPLETE
1126,0.06025,0.2282023693163751,3.046425174476959,1.7519510271087413,1.8442663426239594,0.3710234766141632,76.57127726580364,3.649569116806477e-06,COMPLETE
1127,0.0729,0.44046811456953544,4.958426658725357,7.242098619980624,1.9190982083610688,0.1013397086496358,34.574222073764446,3.649569116806477e-06,COMPLETE
1128,0.06065,0.4500284848420633,3.7523591558107,2.2991799521485987,0.016767417635497637,110.16646134717259,0.11060646004395691,1.7411112824373338e-14,COMPLETE
1129,0.0803,0.559891897703859,5.974686340958091,4.830329598292491,3.774872290755579,795.9536565913329,1.4186283538347184,1.7411112824373338e-14,COMPLETE
1130,0.07615,0.5597981749369841,5.300684552700785,3.245596936964539,0.4634053899763641,51.0531204742495,7.737605172333476,1.6894010759859846e-13,COMPLETE
1131,0.07695,0.46290921451755673,3.7523591558107,2.2991799521485987,2661.553121751245,1.2594502646806938,0.03510882688956507,1.7411112824373338e-14,COMPLETE
1132,0.08845,0.6935968917063048,7.296565715563787,6.641926976422129,0.6975592224319972,0.2504340183425954,0.01777158201797886,3.407169759582504e-13,COMPLETE
1133,0.13655,0.7962219601912519,5.719667260978259,6.875144787901625,208.22607295194175,0.009707433566872849,0.023189147228347615,1.089877579794414e-06,COMPLETE
1134,0.06605,0.3395173374663983,3.0455122299916,2.2991799521485987,0.07261268023359602,110.16646134717259,0.01777158201797886,7.242135537625552e-11,COMPLETE
1135,0.06315,0.32423038233622103,4.958426658725357,1.7906810360633434,0.4634053899763641,186.9306125540257,16.335176186774753,3.0541645143911065e-11,COMPLETE
1136,0.0855,0.6336550219918431,6.765849812490482,4.6814258240363635,0.016767417635497637,110.16646134717259,12.491315660805293,1.7411112824373338e-14,COMPLETE
1137,0.06565,0.4440136798029675,3.7523591558107,2.2991799521485987,0.016767417635497637,110.16646134717259,2.606433764399818,9.787752692175531e-12,COMPLETE
1138,0.0679,0.47012066627157795,6.655421352222268,3.3801923275388828,1.8278642465471888,51.0531204742495,80.46577679760097,1.9639577795694706e-14,COMPLETE
1139,0.113,0.8332676565676905,6.943625321882633,8.741900816624833,3090.9457533461396,0.1013397086496358,0.04082369646290137,3.787929895519139e-07,COMPLETE
1140,0.07085,0.395602461629927,2.8467952672042545,1.7519510271087413,0.4634053899763641,51.0531204742495,0.764092524644605,1.5335060532903536e-12,COMPLETE
1141,0.08845,0.13660909485942596,4.958426658725357,2.6338329439397503,208.22607295194175,0.3060196342216639,3.6008094906658137,0.0006769360393854532,COMPLETE
1142,0.10595,0.5595163174196035,5.719667260978259,6.875144787901625,208.22607295194175,0.1013397086496358,0.02014956421148336,3.649569116806477e-06,COMPLETE
1143,0.0768,0.6485883576656876,7.296565715563787,6.641926976422129,0.6975592224319972,0.22851003525019048,0.01777158201797886,8.720647859508846e-11,COMPLETE
1144,0.0691,0.4225027932379566,4.3543452504277695,1.9370537087438828,0.4634053899763641,51.0531204742495,0.06896807247569771,3.649569116806477e-06,COMPLETE
1145,0.0871,0.5441989824263986,5.719667260978259,1.4361123373683973,208.22607295194175,0.1013397086496358,0.06896807247569771,3.787929895519139e-07,COMPLETE
1146,0.08435,0.6922060006745357,4.958426658725357,8.359124144204223,0.4634053899763641,0.0017218653666619722,3.6008094906658137,1.5335060532903536e-12,COMPLETE
1147,0.07765,0.5846578398279855,2.8467952672042545,8.359124144204223,0.4634053899763641,51.0531204742495,0.764092524644605,1.5335060532903536e-12,COMPLETE
1148,0.05285,0.40341003838073686,5.633083399427747,1.9370537087438828,20.14254886307457,51.0531204742495,0.06896807247569771,3.787929895519139e-07,COMPLETE
1149,0.0864,0.3559570616705417,4.3548083271808515,6.641926976422129,0.6975592224319972,0.12480776742786713,0.015395168574367419,3.649569116806477e-06,COMPLETE
1150,0.07725,0.18985528526488518,6.103623020551158,3.3801923275388828,0.016767417635497637,0.6576924825033955,80.46577679760097,0.0002647542920356977,COMPLETE
1151,0.0358,0.14869307110289817,7.051402036894628,1.7519510271087413,1.8442663426239594,168.65252268697844,0.01777158201797886,3.9694167750317793e-10,COMPLETE
1152,0.1081,0.6009631473795047,2.5234181334551886,6.875144787901625,208.22607295194175,0.009707433566872849,0.023189147228347615,3.787929895519139e-07,COMPLETE
1153,0.0758,0.4755758057507258,7.051402036894628,2.8034123264003057,0.6975592224319972,4.006173959705789,0.764092524644605,8.720647859508846e-11,COMPLETE
1154,0.07825,0.14129639707852626,4.958426658725357,7.242098619980624,635.0827095548633,0.7679788087037476,5.192615578479196,0.00615001176733907,COMPLETE
1155,0.08925,0.6398869952783441,4.581505542837919,6.641926976422129,0.6975592224319972,0.12480776742786713,0.01777158201797886,8.720647859508846e-11,COMPLETE
1156,0.0896,0.405681333316487,5.989976616159035,6.875144787901625,208.22607295194175,5.054984284069897,76.57127726580364,0.0002124950608880435,COMPLETE
1157,0.10615,0.5886054649719091,1.430367257170627,6.641926976422129,0.6975592224319972,546.754814234046,3.6008094906658137,5.3627602673886106e-12,COMPLETE
1158,0.03195,0.14525147205075584,4.958426658725357,1.0726049388472807,0.18468504546596953,579.524426135088,0.0247605531247782,3.811801850956625e-07,COMPLETE
1159,0.07055,0.5351616965814534,5.719667260978259,8.101472613269985,0.0393360680746495,0.1013397086496358,13.233508762438394,1.9043961097477443e-12,COMPLETE
1160,0.0995,0.10130536139756534,2.1426431033009066,6.875144787901625,1071.8250673337363,0.004569612957571183,0.06896807247569771,0.008772660808914713,COMPLETE
1161,0.0726,0.3256997754345995,0.25961082699635507,3.1788912454430323,0.07261268023359602,110.16646134717259,12.491315660805293,0.0003118588936197604,COMPLETE
1162,0.0593,0.34730773108179275,5.719667260978259,1.3526137167003873,208.22607295194175,92.36287955653118,0.06896807247569771,3.787929895519139e-07,COMPLETE
1163,0.05965,0.3010087520400366,4.3548083271808515,1.3526137167003873,0.4634053899763641,107.59872434463156,3.6008094906658137,3.0541645143911065e-11,COMPLETE
1164,0.06,0.24046156965599097,1.0934962185723496,1.2997368745646833,0.18468504546596953,186.9306125540257,12.491315660805293,2.834257917255206e-05,COMPLETE
1165,0.06555,0.34509655640423254,4.958426658725357,1.2997368745646833,0.18468504546596953,186.9306125540257,0.9097353013233607,3.0541645143911065e-11,COMPLETE
1166,0.0771,0.5506659774602161,7.051402036894628,6.875144787901625,0.3171251686646822,0.06857317261521613,17.543999742650467,1.6894010759859846e-13,COMPLETE
1167,0.10425,0.7914971047454759,6.943625321882633,9.890916012877245,3090.9457533461396,0.1013397086496358,0.04082369646290137,7.519496121714586e-07,COMPLETE
1168,0.08115,0.42664076160258463,3.7523591558107,2.2991799521485987,123.52077947060401,110.16646134717259,0.11060646004395691,1.6894010759859846e-13,COMPLETE
1169,0.05695,0.32495649333666676,3.446664506410058,1.4234508712843703,0.07261268023359602,51.0531204742495,1.4298640803911997,6.84161446778786e-11,COMPLETE
1170,0.1003,0.6758974267482802,4.958426658725357,6.875144787901625,71.44047466217224,0.009707433566872849,52.456115417196806,3.0541645143911065e-11,COMPLETE
1171,0.09255,0.5725356472439987,3.7523591558107,2.2991799521485987,208.22607295194175,0.009707433566872849,2.606433764399818,1.7411112824373338e-14,COMPLETE
1172,0.07195,0.13676125534528835,3.0455122299916,1.0726049388472807,1.6857610604443494,51.0531204742495,5.192615578479196,0.0032940125598523045,COMPLETE
1173,0.06415,0.30493156818413597,3.7523591558107,1.1068847187098396,0.016767417635497637,110.16646134717259,2.606433764399818,1.7411112824373338e-14,COMPLETE
1174,0.0685,0.38344453512507437,2.8467952672042545,1.7519510271087413,1.8442663426239594,51.0531204742495,4.230818933588808,2.2340238955833826e-09,COMPLETE
1175,0.0663,0.480606504442554,6.485051657135356,4.340702320327844,0.33899932252483383,0.5218478141839406,1.4298640803911997,1.621364679176634e-08,COMPLETE
1176,0.06785,0.5094719298797806,7.051402036894628,2.8036597183497527,0.1784805460542277,0.002001646214325643,0.17141718394444772,1.9327914029668217e-12,COMPLETE
1177,0.06555,0.5918230635337923,6.943625321882633,4.6814258240363635,1.8442663426239594,51.0531204742495,12.491315660805293,6.338054654029837e-09,COMPLETE
1178,0.09395,0.510041217543485,3.7082375423298304,4.6814258240363635,0.4634053899763641,186.9306125540257,0.015626222844422822,6.338054654029837e-09,COMPLETE
1179,0.0848,0.15820007550837242,5.719667260978259,2.2918999114039726,0.4634053899763641,0.009707433566872849,0.7423377064033778,3.649569116806477e-06,COMPLETE
1180,0.0626,0.42661016688768794,4.62744953084699,3.812714163562798,0.18468504546596953,0.06857317261521613,0.11060646004395691,1.6894010759859846e-13,COMPLETE
1181,0.07055,0.3789328935706729,2.8467952672042545,1.7519510271087413,0.4634053899763641,840.382629687161,50.05767004040656,1.5335060532903536e-12,COMPLETE
1182,0.06795,0.7110548110333348,4.958426658725357,6.641926976422129,0.4634053899763641,546.754814234046,12.491315660805293,3.0541645143911065e-11,COMPLETE
1183,0.04875,0.4567477807973387,6.943625321882633,1.7519510271087413,1.8442663426239594,133.11272106492007,0.764092524644605,2.8097727990239004e-07,COMPLETE
1184,0.11435,0.608306088031341,3.7523591558107,5.113119572952756,6388.295406624134,51.0531204742495,2.606433764399818,2.013186121683812e-08,COMPLETE
1185,0.04735,0.26197093000640553,5.719667260978259,1.0726049388472807,208.22607295194175,4.006173959705789,0.764092524644605,5.521087576123659e-10,COMPLETE
1186,0.09725,0.5810947276417846,6.655421352222268,6.641926976422129,0.6975592224319972,0.12480776742786713,0.01777158201797886,2.013186121683812e-08,COMPLETE
1187,0.05235,0.4225776941413376,7.371731789186595,3.3801923275388828,1.8278642465471888,2.0518583729409148,80.46577679760097,5.521087576123659e-10,COMPLETE
1188,0.0746,0.6101384150431534,5.771761867577055,3.1788912454430323,2661.553121751245,1.2594502646806938,17.543999742650467,8.751517767713937e-06,COMPLETE
1189,0.0943,0.6506613469067828,4.958426658725357,7.065708331596735,0.18468504546596953,110.16646134717259,3.6008094906658137,9.787752692175531e-12,COMPLETE
1190,0.1435,0.7739140154786535,5.719667260978259,6.875144787901625,208.22607295194175,0.009707433566872849,0.023189147228347615,3.787929895519139e-07,COMPLETE
1191,0.0679,0.23203763972843344,7.051402036894628,1.7519510271087413,1.8442663426239594,168.65252268697844,0.023189147228347615,3.9694167750317793e-10,COMPLETE
1192,0.0648,0.3525261041531352,5.989976616159035,2.5118580794078285,1.8442663426239594,3.858204027730059,76.57127726580364,1.1752848541525622e-06,COMPLETE
1193,0.0621,0.3533919097858351,4.029088236738399,2.839477993942072,0.05477176214861042,1.5630282565660134,3.6008094906658137,7.242135537625552e-11,COMPLETE
1194,0.05815,0.3019941437472926,4.958426658725357,1.9370537087438828,0.010817263535208602,186.9306125540257,37.99721234956415,0.0020786002085018407,COMPLETE
1195,0.0762,0.3522420981602554,3.0455122299916,1.7519510271087413,6.018812537669866,51.0531204742495,1.0418176543687896,5.521087576123659e-10,COMPLETE
1196,0.08945,0.5509641055978022,2.7640652804638273,7.242098619980624,208.22607295194175,186.9306125540257,34.574222073764446,3.649569116806477e-06,COMPLETE
1197,0.09945,0.6491734601443988,7.051402036894628,2.8036597183497527,12.412723646412944,0.002378193439583192,12.491315660805293,1.9043961097477443e-12,COMPLETE
1198,0.102,0.8415925124388097,6.943625321882633,9.890916012877245,3090.9457533461396,0.047570004104159534,0.764092524644605,3.407169759582504e-13,COMPLETE
1199,0.0872,0.5195068200702543,4.958426658725357,3.333774601612804,0.9414781489364835,546.754814234046,0.037145330599528494,5.521087576123659e-10,COMPLETE
1200,0.06785,0.3987330363183799,4.029088236738399,3.1788912454430323,0.05477176214861042,1.2594502646806938,17.543999742650467,7.242135537625552e-11,COMPLETE
1201,0.063,0.4718717810304348,5.719667260978259,2.2991799521485987,0.016767417635497637,110.16646134717259,2.606433764399818,1.7411112824373338e-14,COMPLETE
1202,0.0832,0.5919596097076227,7.051402036894628,2.8036597183497527,0.1784805460542277,808.8074973688359,12.491315660805293,1.9043961097477443e-12,COMPLETE
1203,0.1268,0.7378784341706086,5.719667260978259,6.9037748344659535,208.22607295194175,0.009707433566872849,0.9101247373196588,1.4411310191528362e-14,COMPLETE
1204,0.0945,0.3239854376377851,0.31522398437891325,3.3801923275388828,104.61067826393281,0.3710234766141632,34.574222073764446,3.649569116806477e-06,COMPLETE
1205,0.0924,0.4301903978924459,6.103623020551158,6.875144787901625,33.87209709735393,0.1013397086496358,0.01777158201797886,3.649569116806477e-06,COMPLETE
1206,0.0828,0.49994426882146026,4.653916869245234,7.816247227865375,12.412723646412944,1.2654566576853943,4.230818933588808,5.179340425210513e-08,COMPLETE
1207,0.09155,0.13169660484705673,4.3548083271808515,3.5039536631226835,0.22253181632295144,0.0016451257279201767,4.230818933588808,3.649569116806477e-06,COMPLETE
1208,0.05575,0.327816814625115,5.686980021608849,1.1545424766565597,1.9562826277387932,3.858204027730059,0.010452202159047363,2.1811143402963018e-10,COMPLETE
1209,0.0902,0.44046109866204436,3.7523591558107,2.2991799521485987,0.07261268023359602,110.16646134717259,0.5705115205995891,1.7411112824373338e-14,COMPLETE
1210,0.09585,0.7851571484213558,6.943625321882633,8.741900816624833,123.52077947060401,0.06857317261521613,0.04082369646290137,3.787929895519139e-07,COMPLETE
1211,0.0655,0.40137197484478676,4.029088236738399,2.6826455664901006,0.05477176214861042,0.08777741099799043,0.020340586733676527,7.242135537625552e-11,COMPLETE
1212,0.0956,0.1424016420385492,6.103623020551158,2.527835423037664,0.18468504546596953,0.08777741099799043,0.6649924504758782,0.0006424963218543874,COMPLETE
1213,0.0598,0.22551919541036186,6.655421352222268,1.0726049388472807,0.07261268023359602,51.0531204742495,12.491315660805293,5.521087576123659e-10,COMPLETE
1214,0.04965,0.32209151452498863,4.335111916469993,1.1807669167115635,1.8442663426239594,48.204695172040395,0.01777158201797886,3.9694167750317793e-10,COMPLETE
1215,0.05065,0.2036375434031067,5.686980021608849,1.1098519337679686,1.9562826277387932,3.858204027730059,59.2437895529571,2.1811143402963018e-10,COMPLETE
1216,0.0955,0.5374088138167701,4.958426658725357,8.359124144204223,0.4634053899763641,4.703038707832875,76.57127726580364,3.0541645143911065e-11,COMPLETE
1217,0.06235,0.39791778026005664,5.719667260978259,2.8998029172001427,0.019152678469914714,0.0023282958934458067,16.23713480597578,9.787752692175531e-12,COMPLETE
1218,0.0561,0.49679582493307145,4.050574348074197,5.751620494688234,0.07261268023359602,0.004569612957571183,1.1961286443235215,3.0092675819548274e-09,COMPLETE
1219,0.0869,0.4551364527563224,3.7523591558107,2.2991799521485987,0.016767417635497637,110.16646134717259,2.606433764399818,1.7411112824373338e-14,COMPLETE
1220,0.09835,0.6350822518098009,4.958426658725357,8.359124144204223,0.07261268023359602,186.9306125540257,12.491315660805293,3.0541645143911065e-11,COMPLETE
1221,0.1092,0.6733636085092226,5.719667260978259,6.875144787901625,208.22607295194175,0.1013397086496358,0.01777158201797886,3.787929895519139e-07,COMPLETE
1222,0.0826,0.42334985024809996,6.103623020551158,2.839979984936102,0.21068030120772424,0.08777741099799043,0.06896807247569771,5.792844992823693e-10,COMPLETE
1223,0.06875,0.4982683366640659,4.958426658725357,2.6338329439397503,8259.75131853054,233.3932931710411,3.6008094906658137,2.671346545381444e-09,COMPLETE
1224,0.05315,0.445299161007979,4.958426658725357,3.812714163562798,0.18468504546596953,1.5630282565660134,3.6008094906658137,1.298609616582355e-06,COMPLETE
1225,0.0693,0.42608488120880095,7.051402036894628,3.812714163562798,19.078023355083864,1.5630282565660134,12.491315660805293,1.4411310191528362e-14,COMPLETE
1226,0.10885,0.8469921588117797,5.439590829177734,9.890916012877245,3090.9457533461396,0.047570004104159534,0.04082369646290137,1.9897264125379086e-06,COMPLETE
1227,0.07345,0.422726659461255,4.958426658725357,3.812714163562798,0.18468504546596953,0.008008029834136178,3.6008094906658137,3.0092675819548274e-09,COMPLETE
1228,0.05305,0.3266669229256857,6.943625321882633,1.7519510271087413,0.02144370725565754,0.5362196401258538,0.764092524644605,1.9043961097477443e-12,COMPLETE
1229,0.0467,0.37656631146657077,4.335111916469993,2.5118580794078285,1.9562826277387932,3.858204027730059,17.543999742650467,2.1811143402963018e-10,COMPLETE
1230,0.07245,0.6628255758310049,6.655421352222268,9.10903787670684,0.07261268023359602,51.0531204742495,80.46577679760097,3.649569116806477e-06,COMPLETE
1231,0.08215,0.40342694437657994,0.22196684994008783,2.8036597183497527,0.1784805460542277,808.8074973688359,12.491315660805293,3.649569116806477e-06,COMPLETE
1232,0.0909,0.5213099022804799,4.958426658725357,7.242098619980624,0.4634053899763641,4.703038707832875,34.574222073764446,3.649569116806477e-06,COMPLETE
1233,0.08825,0.5634618471892867,7.051402036894628,8.741900816624833,1.8442663426239594,0.1013397086496358,0.06896807247569771,3.787929895519139e-07,COMPLETE
1234,0.0848,0.5632683795301284,7.051402036894628,2.8036597183497527,2.5414962642236607,808.8074973688359,12.491315660805293,5.283335158665892e-07,COMPLETE
1235,0.0498,0.26472604456398363,0.23633295058724269,1.3526137167003873,12.412723646412944,107.59872434463156,5.192615578479196,3.649569116806477e-06,COMPLETE
1236,0.10225,0.7691536281205403,5.719667260978259,8.741900816624833,208.22607295194175,0.1013397086496358,0.06896807247569771,2.760738121283757e-09,COMPLETE
1237,0.06595,0.3505019814096224,5.633083399427747,6.211220460891489,739.2190380614419,186.9306125540257,0.06896807247569771,3.787929895519139e-07,COMPLETE
1238,0.05855,0.2543613625185805,3.046425174476959,1.7519510271087413,1.8442663426239594,0.6761987916188964,0.764092524644605,3.407169759582504e-13,COMPLETE
1239,0.05545,0.2496345236665025,4.958426658725357,1.2997368745646833,1.9562826277387932,3.858204027730059,59.2437895529571,2.1811143402963018e-10,COMPLETE
1240,0.10925,0.660807064766493,6.943625321882633,8.741900816624833,3090.9457533461396,0.8533477265548717,0.04082369646290137,3.787929895519139e-07,COMPLETE
1241,0.0849,0.6052764433570826,4.797597292147365,8.359124144204223,0.4634053899763641,186.9306125540257,0.12971052915871445,5.521087576123659e-10,COMPLETE
1242,0.0637,0.4306769997375592,5.719667260978259,6.875144787901625,0.15889749898861213,0.1013397086496358,34.574222073764446,3.649569116806477e-06,COMPLETE
1243,0.0687,0.42338545196320226,4.958426658725357,3.812714163562798,0.18468504546596953,2.151398478441076,17.543999742650467,3.544668431433014e-11,COMPLETE
1244,0.0594,0.4112851387680399,7.051402036894628,2.8034123264003057,32.34372737176424,546.754814234046,0.01777158201797886,7.470394488175353e-08,COMPLETE
1245,0.08425,0.15152137066666285,4.958426658725357,7.242098619980624,0.4634053899763641,0.004597776728737345,34.574222073764446,3.649569116806477e-06,COMPLETE
1246,0.0665,0.3728510380879281,5.989976616159035,1.3952039451723066,1.8442663426239594,0.004569612957571183,1.6262985152540996,1.621364679176634e-08,COMPLETE
1247,0.0851,0.3664346405270113,3.7523591558107,2.2991799521485987,0.016767417635497637,110.16646134717259,0.017351072254511053,1.7411112824373338e-14,COMPLETE
1248,0.0577,0.2518574238856565,1.265010533820733,1.4234508712843703,9.98919416709078,4.006173959705789,0.764092524644605,6.84161446778786e-11,COMPLETE
1249,0.0671,0.39874804581000234,7.051402036894628,1.7519510271087413,1.8442663426239594,51.0531204742495,5.192615578479196,3.9694167750317793e-10,COMPLETE
1250,0.07695,0.2020050746809462,4.797597292147365,9.506992678391146,208.22607295194175,1.5630282565660134,0.764092524644605,0.00032068492140384505,COMPLETE
1251,0.10315,0.5723630550515856,4.958426658725357,8.359124144204223,0.4634053899763641,186.9306125540257,3.6008094906658137,1.0934565655155794e-09,COMPLETE
1252,0.05755,0.05664888770829707,7.051402036894628,5.113119572952756,0.6975592224319972,546.754814234046,0.04989504186148276,0.00022902257467987184,COMPLETE
1253,0.0875,0.4458505750248741,3.0455122299916,2.2991799521485987,0.07261268023359602,110.16646134717259,2.606433764399818,5.521087576123659e-10,COMPLETE
1254,0.10105,0.6070949639731755,7.051402036894628,6.875144787901625,123.52077947060401,20.06184077889144,0.11060646004395691,1.946221115533338e-12,COMPLETE
1255,0.04735,0.32030412753047655,4.236404463773383,1.7519510271087413,1.8442663426239594,4.006173959705789,76.57127726580364,4.7260571885402753e-08,COMPLETE
1256,0.06105,0.3727147170405197,4.797597292147365,1.7519510271087413,1.8442663426239594,677.627773244924,0.764092524644605,3.407169759582504e-13,COMPLETE
1257,0.0618,0.23191422255093613,4.958426658725357,1.0726049388472807,0.4634053899763641,0.1013397086496358,0.01156606569895463,3.0541645143911065e-11,COMPLETE
