number,values_0,values_1,params_delta_deg,params_gamma,params_lambda1,params_lambda2,params_lambda3,params_lambda4,state
4595,0.0779,0.4827327038815496,6.255365596356223,1.0726049388472807,6973.176893295061,1.5630282565660134,34.574222073764446,3.0541645143911065e-11,COMPLETE
4596,0.06175,0.28736089462697983,6.943625321882633,1.0726049388472807,0.4634053899763641,546.754814234046,12.549082694764847,7.242135537625552e-11,COMPLETE
4597,0.06305,0.3772993753149515,6.943625321882633,1.96507456784411,0.4634053899763641,0.1013397086496358,0.010117774078155787,3.787929895519139e-07,COMPLETE
4598,0.09025,0.4832538243435576,1.894667447661958,6.875144787901625,1.8442663426239594,5.054984284069897,3.6008094906658137,3.0541645143911065e-11,COMPLETE
4599,0.0494,0.30677111970995513,5.989976616159035,1.7519510271087413,1.8442663426239594,34.74982443918535,68.68637664775686,2.1811143402963018e-10,COMPLETE
4600,0.1282,0.8592623231923462,6.943625321882633,9.890916012877245,1365.9795109508957,0.047570004104159534,0.49106969850296894,2.234326522814866e-10,COMPLETE
4601,0.055,0.45780818380258487,7.491453905458799,3.9432997616514096,0.3474112486367053,1.2594502646806938,3.6008094906658137,1.9043961097477443e-12,COMPLETE
4602,0.06235,0.28778066150284587,7.051402036894628,1.0726049388472807,123.52077947060401,0.5816859705880667,34.574222073764446,3.0541645143911065e-11,COMPLETE
4603,0.11715,0.7818616639901226,5.686980021608849,9.890916012877245,5566.2977925921405,0.7682452820153245,0.764092524644605,5.521087576123659e-10,COMPLETE
4604,0.04135,0.02120191907373493,6.943625321882633,1.0726049388472807,23.893635686950056,546.754814234046,0.010117774078155787,4.819620859627371e-05,COMPLETE
4605,0.08015,0.7624248298130674,7.051402036894628,8.741900816624833,2484.344497646969,5.054984284069897,11.478928737247317,5.521087576123659e-10,COMPLETE
4606,0.09875,0.6883388299101594,7.296565715563787,6.641926976422129,2661.553121751245,5.054984284069897,17.543999742650467,1.621364679176634e-08,COMPLETE
4607,0.05985,0.2671583675108091,7.491453905458799,1.0726049388472807,1.8442663426239594,1.2594502646806938,0.04724228817485067,9.787752692175531e-12,COMPLETE
4608,0.0762,0.48752745982302387,5.989976616159035,2.2991799521485987,2484.344497646969,110.16646134717259,11.478928737247317,7.242135537625552e-11,COMPLETE
4609,0.0461,0.32882213222391676,6.943625321882633,1.0726049388472807,0.17838921090240656,546.754814234046,5.192615578479196,4.819620859627371e-05,COMPLETE
4610,0.1007,0.8777879421929069,7.051402036894628,9.890916012877245,1365.9795109508957,0.1183068643397547,0.49106969850296894,2.234326522814866e-10,COMPLETE
4611,0.0399,0.1440750954372749,3.785260097488497,1.0726049388472807,0.4634053899763641,546.754814234046,0.010117774078155787,7.242135537625552e-11,COMPLETE
4612,0.0533,0.34051534003083683,5.989976616159035,1.7519510271087413,0.32703070777516435,110.16646134717259,76.57127726580364,9.787752692175531e-12,COMPLETE
4613,0.09475,0.8457305062992838,6.019990742215804,8.458997448208544,1365.9795109508957,0.06857317261521613,0.49106969850296894,1.9043961097477443e-12,COMPLETE
4614,0.0647,0.7092646569779534,7.296565715563787,6.875144787901625,43.4020929550414,1.2594502646806938,0.49106969850296894,8.720647859508846e-11,COMPLETE
4615,0.08945,0.4977152544542057,5.719667260978259,1.0726049388472807,485.7614074231987,0.1122669744411982,0.04724228817485067,9.787752692175531e-12,COMPLETE
4616,0.04685,0.018743591922639066,6.351039989269435,1.0726049388472807,0.4634053899763641,546.754814234046,0.010117774078155787,8.556671413555337e-05,COMPLETE
4617,0.11765,0.75669687309422,7.491453905458799,6.058034082073051,2661.553121751245,1.2594502646806938,17.543999742650467,3.0541645143911065e-11,COMPLETE
4618,0.07815,0.751649587630353,5.989976616159035,6.240360399284202,2661.553121751245,1.2594502646806938,76.57127726580364,3.2375353670675824e-12,COMPLETE
4619,0.04785,0.2816072418750836,6.351039989269435,1.0726049388472807,12.412723646412944,0.08755680934938086,34.574222073764446,5.521087576123659e-10,COMPLETE
4620,0.0648,0.39781815986084684,5.719667260978259,2.02308533621044,0.016767417635497637,110.16646134717259,0.764092524644605,9.787752692175531e-12,COMPLETE
4621,0.09155,0.38655734337272085,7.051402036894628,4.2773648492902385,1365.9795109508957,546.754814234046,0.49106969850296894,2.234326522814866e-10,COMPLETE
4622,0.08475,0.3397725926619385,7.296565715563787,6.641926976422129,0.4634053899763641,546.754814234046,0.010117774078155787,2.556898659242752e-09,COMPLETE
4623,0.0557,0.22546586947488723,5.686980021608849,1.5099853367216358,1.8442663426239594,5.054984284069897,76.57127726580364,4.331365543927414e-05,COMPLETE
4624,0.07835,0.5558782539030455,7.051402036894628,1.2355315983433468,1365.9795109508957,0.30842915391835135,0.49106969850296894,1.4847420250811467e-14,COMPLETE
4625,0.0754,0.5441435460901973,5.686980021608849,6.875144787901625,1.2085360484967678,34.74982443918535,68.68637664775686,8.720647859508846e-11,COMPLETE
4626,0.07705,0.5438944930965713,6.019990742215804,1.2997368745646833,1365.9795109508957,0.1122669744411982,0.0247605531247782,3.811801850956625e-07,COMPLETE
4627,0.06035,0.24243305457675052,2.2047765418107335,1.0726049388472807,0.4634053899763641,546.754814234046,0.49106969850296894,4.819620859627371e-05,COMPLETE
4628,0.05095,0.25817418391508873,7.051402036894628,1.0726049388472807,0.4634053899763641,0.003803046474241014,0.08099162080014817,3.0092675819548274e-09,COMPLETE
4629,0.06965,0.32753868587386503,3.7126819784803535,1.2997368745646833,2.0598523813930134,186.9306125540257,0.0247605531247782,3.811801850956625e-07,COMPLETE
4630,0.08135,0.5266150545897696,5.553661359325831,3.7929793671283507,2484.344497646969,51.0531204742495,11.478928737247317,4.5389374712295294e-08,COMPLETE
4631,0.04415,0.19325318754610535,5.719667260978259,1.0726049388472807,1.8442663426239594,546.754814234046,0.04724228817485067,9.787752692175531e-12,COMPLETE
4632,0.08995,0.11416160330914078,2.8402147664959614,8.741900816624833,2484.344497646969,0.06857317261521613,12.549082694764847,0.0006444535464171395,COMPLETE
4633,0.081,0.13050550847910164,5.553661359325831,1.0726049388472807,0.6975592224319972,0.12480776742786713,3.6008094906658137,0.0009439709751727814,COMPLETE
4634,0.0482,0.2545630516706704,5.553661359325831,1.0726049388472807,0.03570703885763201,51.0531204742495,3.6008094906658137,8.843679285832121e-12,COMPLETE
4635,0.0661,0.3252080733467039,5.719667260978259,2.2991799521485987,0.016767417635497637,110.16646134717259,0.01777158201797886,9.787752692175531e-12,COMPLETE
4636,0.08415,0.5771084563727905,7.296565715563787,6.641926976422129,144.06079779337645,1.2594502646806938,34.574222073764446,8.720647859508846e-11,COMPLETE
4637,0.0844,0.6510718967157473,4.797597292147365,7.8078637347278095,13.311255644141665,10.023385401310824,0.764092524644605,1.9043961097477443e-12,COMPLETE
4638,0.0907,0.5574561039893792,3.697800912566472,6.875144787901625,0.016767417635497637,34.74982443918535,0.018404308463128866,7.242135537625552e-11,COMPLETE
4639,0.0738,0.7614828403797268,7.051402036894628,6.875144787901625,43.4020929550414,0.08755680934938086,0.49106969850296894,5.262936443851837e-14,COMPLETE
4640,0.07425,0.07556325787246196,0.8552356701177339,1.0726049388472807,0.4634053899763641,0.047570004104159534,0.010117774078155787,4.819620859627371e-05,COMPLETE
4641,0.06335,0.29854137270750497,7.114358365128398,1.0726049388472807,0.4634053899763641,546.754814234046,3.6008094906658137,3.0092675819548274e-09,COMPLETE
4642,0.1051,0.7432971764617744,5.719667260978259,3.9246220219708197,123.52077947060401,0.06857317261521613,0.08760821671008018,1.8862041377795294e-09,COMPLETE
4643,0.09525,0.5035505394508959,4.812614441890751,6.641926976422129,0.016767417635497637,1.2594502646806938,2.606433764399818,5.4199757198917384e-08,COMPLETE
4644,0.0545,0.20268345806304724,4.797597292147365,1.0726049388472807,1.8442663426239594,4.006173959705789,0.764092524644605,3.407169759582504e-13,COMPLETE
4645,0.09235,0.6438401609091793,6.351039989269435,9.890916012877245,12.412723646412944,107.59872434463156,1.9597329366549396,3.0541645143911065e-11,COMPLETE
4646,0.069,0.4927108793894335,6.019990742215804,3.786492049701135,123.52077947060401,1.2594502646806938,17.543999742650467,8.000833624191762e-06,COMPLETE
4647,0.06525,0.3309237972246437,7.051402036894628,1.0726049388472807,0.046174633023985556,51.0531204742495,0.49106969850296894,5.432263014140687e-13,COMPLETE
4648,0.1182,0.7978729015674538,7.051402036894628,7.8078637347278095,1365.9795109508957,0.047570004104159534,0.764092524644605,1.9043961097477443e-12,COMPLETE
4649,0.0688,0.06850571425264004,7.296565715563787,1.0726049388472807,0.020256137249893804,0.12480776742786713,0.010117774078155787,0.00025725125435396547,COMPLETE
4650,0.0612,0.5518535485459027,7.051402036894628,6.641926976422129,0.6975592224319972,0.08755680934938086,0.49106969850296894,5.521087576123659e-10,COMPLETE
4651,0.08405,0.5688070353854907,7.296565715563787,6.641926976422129,0.4634053899763641,546.754814234046,0.010117774078155787,2.556898659242752e-09,COMPLETE
4652,0.0678,0.29821139623452914,2.0000957431049575,1.0726049388472807,2.2526238626393873,546.754814234046,5.192615578479196,9.667836921724016e-07,COMPLETE
4653,0.07305,0.02340966412695268,7.491453905458799,8.741900816624833,2661.553121751245,5.054984284069897,0.013459263082459589,3.838878249869022e-14,COMPLETE
4654,0.14825,0.8100017607978145,7.051402036894628,9.890916012877245,1365.9795109508957,0.047570004104159534,0.49106969850296894,2.234326522814866e-10,COMPLETE
4655,0.05535,0.25078546044584604,6.943625321882633,1.0726049388472807,0.4634053899763641,546.754814234046,93.12030781471864,7.242135537625552e-11,COMPLETE
4656,0.13635,0.8162513088278687,7.051402036894628,9.836134702495038,1365.9795109508957,0.047570004104159534,0.49106969850296894,5.521087576123659e-10,COMPLETE
4657,0.0619,0.36458565934673365,6.351039989269435,2.2991799521485987,0.016767417635497637,110.16646134717259,0.01777158201797886,7.242135537625552e-11,COMPLETE
4658,0.07135,0.35099531897017217,4.797597292147365,1.7519510271087413,163.73255774818753,4.006173959705789,0.764092524644605,3.407169759582504e-13,COMPLETE
4659,0.06695,0.4748424566273984,6.07822343119631,2.2991799521485987,0.016767417635497637,115.71255119018926,2.606433764399818,1.9043961097477443e-12,COMPLETE
4660,0.1009,0.5626229004863854,0.5254815834984184,6.641926976422129,2484.344497646969,0.012198281853505777,0.010117774078155787,2.556898659242752e-09,COMPLETE
4661,0.0689,0.7113470993922408,7.296565715563787,6.875144787901625,43.4020929550414,1.2594502646806938,0.49106969850296894,8.720647859508846e-11,COMPLETE
4662,0.0722,0.056418292733905695,7.051402036894628,1.7519510271087413,1365.9795109508957,4.006173959705789,0.01086622304104927,2.4252152999280014e-14,COMPLETE
4663,0.0789,0.5809216215385784,5.286123174522021,7.8078637347278095,0.016767417635497637,0.06857317261521613,3.6008094906658137,1.9468687164673652e-10,COMPLETE
4664,0.09845,0.6239496522100747,5.553661359325831,9.890916012877245,1365.9795109508957,9.502541405075533,0.49106969850296894,4.5389374712295294e-08,COMPLETE
4665,0.0785,0.09549873604256444,5.686980021608849,1.2997368745646833,7843.277665583187,17.98706010590754,0.0247605531247782,3.811801850956625e-07,COMPLETE
4666,0.089,0.47088200791671686,6.943625321882633,6.875144787901625,0.4634053899763641,10.089868272492492,0.01777158201797886,3.787929895519139e-07,COMPLETE
4667,0.0619,0.17122049530531258,1.276663508060981,1.0726049388472807,0.014162338396506723,186.9306125540257,0.0247605531247782,3.811801850956625e-07,COMPLETE
4668,0.0667,0.09430861550941282,7.051402036894628,9.890916012877245,1365.9795109508957,110.16646134717259,0.04192975988609492,2.234326522814866e-10,COMPLETE
4669,0.07805,0.5541710937814094,7.051402036894628,8.458997448208544,0.07261268023359602,0.4878712301792302,8.213868348493142,8.564477591299451e-11,COMPLETE
4670,0.11695,0.7287769019934172,5.719667260978259,6.641926976422129,369.6009902600085,0.1013397086496358,0.010117774078155787,1.3404839830361645e-12,COMPLETE
4671,0.07615,0.4681917059858645,5.719667260978259,2.2991799521485987,0.016767417635497637,51.0531204742495,0.01777158201797886,9.787752692175531e-12,COMPLETE
4672,0.06235,0.3708252890609695,6.351039989269435,2.1868204717261173,12.412723646412944,107.59872434463156,34.574222073764446,3.0541645143911065e-11,COMPLETE
4673,0.0815,0.042485490131000066,6.049898760634285,9.890916012877245,1365.9795109508957,546.754814234046,0.010117774078155787,2.234326522814866e-10,COMPLETE
4674,0.0531,0.3430664980627805,6.351039989269435,1.0726049388472807,208.22607295194175,546.754814234046,0.49106969850296894,5.521087576123659e-10,COMPLETE
4675,0.10835,0.8246299545324178,7.491453905458799,8.890006462791709,2661.553121751245,0.047570004104159534,3.6008094906658137,4.072994270736077e-09,COMPLETE
4676,0.0937,0.7713033073517102,5.553661359325831,6.875144787901625,2484.344497646969,1.5630282565660134,11.478928737247317,4.5389374712295294e-08,COMPLETE
4677,0.04785,0.2433879979287049,5.719667260978259,1.0726049388472807,104.88342864713962,110.16646134717259,0.04724228817485067,9.787752692175531e-12,COMPLETE
4678,0.04915,0.30285943547744804,6.351039989269435,1.0726049388472807,12.412723646412944,51.0531204742495,0.08760821671008018,3.0541645143911065e-11,COMPLETE
4679,0.05655,0.18204523606486622,6.351039989269435,1.0726049388472807,0.3474112486367053,0.02150438567788419,1.0946179045371487,1.9043961097477443e-12,COMPLETE
4680,0.0559,0.31752449979465597,3.6668136490101393,1.0726049388472807,0.4634053899763641,1.2594502646806938,0.010117774078155787,7.242135537625552e-11,COMPLETE
4681,0.10275,0.6968848027843535,7.051402036894628,8.741900816624833,2484.344497646969,5.054984284069897,0.49106969850296894,4.5389374712295294e-08,COMPLETE
4682,0.0925,0.2877859832623612,0.6905188571842302,6.240360399284202,2661.553121751245,1.2594502646806938,3.6008094906658137,4.819620859627371e-05,COMPLETE
4683,0.1124,0.7902963568456872,6.943625321882633,9.890916012877245,123.52077947060401,0.1183068643397547,0.505415952086693,2.234326522814866e-10,COMPLETE
4684,0.03805,0.2043542716221936,6.351039989269435,1.0726049388472807,12.412723646412944,107.59872434463156,34.574222073764446,3.0541645143911065e-11,COMPLETE
4685,0.0589,0.3963804175223283,4.812614441890751,2.2991799521485987,0.016767417635497637,1.2594502646806938,2.606433764399818,8.720647859508846e-11,COMPLETE
4686,0.0598,0.31923059155524686,7.491453905458799,1.0726049388472807,0.4634053899763641,546.754814234046,3.6008094906658137,0.000450207423895967,COMPLETE
4687,0.08675,0.17244200133750207,6.943625321882633,7.8078637347278095,0.3474112486367053,0.06857317261521613,0.2020890647253902,4.819620859627371e-05,COMPLETE
4688,0.07065,0.6763561551732651,6.019990742215804,3.587497389124168,2095.064439264595,0.06857317261521613,0.010117774078155787,1.9043961097477443e-12,COMPLETE
4689,0.06425,0.27930317234535107,5.9981863089183305,1.0726049388472807,3.9227007475742597,1.2594502646806938,0.010117774078155787,1.7411112824373338e-14,COMPLETE
4690,0.13485,0.7408773871211521,5.989976616159035,7.410474567665492,1365.9795109508957,0.047570004104159534,11.478928737247317,2.234326522814866e-10,COMPLETE
4691,0.1155,0.8598876625113122,7.051402036894628,9.890916012877245,1365.9795109508957,0.1183068643397547,0.49106969850296894,2.234326522814866e-10,COMPLETE
4692,0.0678,0.4993192456344646,4.812614441890751,2.2991799521485987,0.016767417635497637,115.71255119018926,2.606433764399818,1.2810802689424157e-14,COMPLETE
4693,0.08285,0.638893621150031,4.812614441890751,6.875144787901625,43.4020929550414,115.71255119018926,0.49106969850296894,5.812214841787119e-10,COMPLETE
4694,0.07785,0.42387635631841575,4.812614441890751,2.2991799521485987,893.2611794618655,115.71255119018926,2.606433764399818,7.242135537625552e-11,COMPLETE
4695,0.08125,0.683065610633441,7.051402036894628,6.240511256624477,43.4020929550414,1.2594502646806938,0.49106969850296894,2.234326522814866e-10,COMPLETE
4696,0.08635,0.5324809600420415,7.051402036894628,3.786492049701135,123.52077947060401,514.5975825596256,0.49106969850296894,5.521087576123659e-10,COMPLETE
4697,0.06285,0.5266518965456847,7.051402036894628,6.875144787901625,7.162610335013471,0.4878712301792302,34.574222073764446,3.0541645143911065e-11,COMPLETE
4698,0.08505,0.6853311068636375,7.051402036894628,9.890916012877245,0.07261268023359602,15.641676836295588,0.49106969850296894,5.521087576123659e-10,COMPLETE
4699,0.09705,0.6592616275907175,7.051402036894628,6.641926976422129,1365.9795109508957,9.164486831979373,0.49106969850296894,8.720647859508846e-11,COMPLETE
4700,0.08815,0.6411186527265962,4.3500765050397625,9.890916012877245,1365.9795109508957,34.74982443918535,0.49106969850296894,2.234326522814866e-10,COMPLETE
4701,0.07415,0.6720889276996787,5.686980021608849,6.875144787901625,43.4020929550414,34.74982443918535,0.49106969850296894,2.1811143402963018e-10,COMPLETE
4702,0.1003,0.040690776097942555,5.989976616159035,8.741900816624833,2484.344497646969,110.16646134717259,0.01777158201797886,7.242135537625552e-11,COMPLETE
4703,0.06185,0.35144104270815196,5.553661359325831,1.0726049388472807,208.22607295194175,51.0531204742495,0.49106969850296894,5.432263014140687e-13,COMPLETE
4704,0.03265,0.2571446846943995,6.943625321882633,1.0726049388472807,12.412723646412944,107.59872434463156,0.010117774078155787,1.0541219629001365e-07,COMPLETE
4705,0.0869,0.6253768729971418,3.866507616801316,8.741900816624833,2484.344497646969,107.59872434463156,34.574222073764446,3.0541645143911065e-11,COMPLETE
4706,0.0772,0.6501215675338321,7.296565715563787,3.786492049701135,123.52077947060401,1.2594502646806938,0.49189293988114646,1.9043961097477443e-12,COMPLETE
4707,0.073,0.5453640761960794,7.051402036894628,9.890916012877245,0.016767417635497637,0.047570004104159534,0.49106969850296894,2.234326522814866e-10,COMPLETE
4708,0.0585,0.47945141810852737,6.019990742215804,3.786492049701135,123.52077947060401,3.858204027730059,12.549082694764847,4.992360926072699e-07,COMPLETE
4709,0.03585,0.1912302257829686,7.267032018245925,1.0726049388472807,3.9227007475742597,51.0531204742495,0.010117774078155787,1.7411112824373338e-14,COMPLETE
4710,0.1079,0.7396993300984231,7.296565715563787,3.786492049701135,957.6830702454131,0.06857317261521613,0.034149350003532065,8.720647859508846e-11,COMPLETE
4711,0.07085,0.5697415802561749,6.019990742215804,3.786492049701135,351.14561551274767,1.2594502646806938,3.6008094906658137,1.9043961097477443e-12,COMPLETE
4712,0.0917,0.6480503322977518,3.777191650967886,9.890916012877245,2.9132487032459102,5.054984284069897,0.49106969850296894,2.234326522814866e-10,COMPLETE
4713,0.06385,0.17740467558407255,4.46422476222163,1.0726049388472807,0.4634053899763641,1.2594502646806938,17.543999742650467,4.819620859627371e-05,COMPLETE
4714,0.0845,0.6016221740896933,7.296565715563787,6.875144787901625,43.4020929550414,34.74982443918535,68.68637664775686,2.1811143402963018e-10,COMPLETE
4715,0.08965,0.7964349215443788,7.051402036894628,8.458997448208544,208.22607295194175,0.08755680934938086,0.49106969850296894,2.234326522814866e-10,COMPLETE
4716,0.0807,0.4552111842949618,5.816138990019176,1.0726049388472807,208.22607295194175,0.08755680934938086,0.04724228817485067,5.521087576123659e-10,COMPLETE
4717,0.1024,0.4530774335523722,5.553661359325831,1.2997368745646833,93.96174005243807,0.001844711734094924,11.478928737247317,4.5389374712295294e-08,COMPLETE
4718,0.0678,0.40255137134286223,7.296565715563787,2.2991799521485987,43.4020929550414,115.71255119018926,0.06372851622492412,7.242135537625552e-11,COMPLETE
4719,0.0485,0.29072639530981076,5.686980021608849,1.0726049388472807,0.4634053899763641,110.16646134717259,4.772746656341574,1.7411112824373338e-14,COMPLETE
4720,0.13715,0.8492216645753082,6.019990742215804,8.458997448208544,1365.9795109508957,0.06857317261521613,0.49106969850296894,1.9043961097477443e-12,COMPLETE
4721,0.09175,0.7511921959625464,5.553661359325831,8.741900816624833,2484.344497646969,5.054984284069897,11.478928737247317,4.5389374712295294e-08,COMPLETE
4722,0.05555,0.3034927185976527,5.719667260978259,1.0726049388472807,1.8442663426239594,51.0531204742495,0.08760821671008018,7.43796468245668e-08,COMPLETE
4723,0.09055,0.45618301195034955,0.48543478277539953,8.741900816624833,1.9562826277387932,3.858204027730059,11.478928737247317,7.242135537625552e-11,COMPLETE
4724,0.13465,0.743015754806507,7.051402036894628,6.875144787901625,1365.9795109508957,0.047570004104159534,0.49106969850296894,2.234326522814866e-10,COMPLETE
4725,0.11685,0.5762266315533053,7.051402036894628,2.166619744024107,1365.9795109508957,0.1183068643397547,0.018309114436317442,1.5489222988030206e-13,COMPLETE
4726,0.0805,0.6011332331885918,5.686980021608849,6.875144787901625,2.0598523813930134,34.74982443918535,68.68637664775686,2.1811143402963018e-10,COMPLETE
4727,0.04595,0.23009127119681466,6.351039989269435,1.0726049388472807,12.412723646412944,107.59872434463156,34.574222073764446,8.164909152341166e-11,COMPLETE
4728,0.08655,0.4259226092415922,2.460543347416021,2.2991799521485987,1365.9795109508957,88.11379589597144,0.49106969850296894,1.2009850423170551e-08,COMPLETE
4729,0.07365,0.47291908283157036,4.958426658725357,3.9432997616514096,2.2526238626393873,1.5630282565660134,3.6008094906658137,1.9043961097477443e-12,COMPLETE
4730,0.0526,0.2039450120707649,5.686980021608849,1.0726049388472807,0.4634053899763641,546.754814234046,68.68637664775686,2.1811143402963018e-10,COMPLETE
4731,0.05265,0.026136721008444424,6.943625321882633,1.0726049388472807,3515.595143536467,51.0531204742495,0.010117774078155787,5.743560765641662e-09,COMPLETE
4732,0.05625,0.3005562816708231,6.019990742215804,1.2997368745646833,12.412723646412944,186.9306125540257,0.0247605531247782,3.811801850956625e-07,COMPLETE
4733,0.102,0.7940169047775073,7.491453905458799,6.223646815956013,2661.553121751245,1.2594502646806938,17.543999742650467,3.0541645143911065e-11,COMPLETE
