number,values_0,values_1,params_delta_deg,params_gamma,params_lambda1,params_lambda3,state
2858,0.068,0.20015157412405804,7.489439152524652,1.2992706708708701,4.6498981845080785,1.8602957309646184,COMPLETE
2859,0.0964,0.6831345734821805,7.489439152524652,8.418374689108267,65.42850617031253,2.1102891532478085,COMPLETE
2860,0.10565,0.6778093058951445,7.489439152524652,8.418374689108267,116.68218004772335,13.737135040054913,COMPLETE
2861,0.10655,0.6267009925204355,7.339695485358947,8.418374689108267,24.687993700004206,2.1102891532478085,COMPLETE
2862,0.13815,0.4829269502466838,7.339695485358947,9.988586281068551,359.71457230765833,0.030595349341982422,COMPLETE
2863,0.1118,0.7614293861857397,7.489439152524652,8.418374689108267,116.68218004772335,1.8602957309646184,COMPLETE
2864,0.1112,0.6987490847472211,7.489439152524652,8.418374689108267,65.42850617031253,2.1102891532478085,COMPLETE
2865,0.0865,0.28564004297626755,7.489439152524652,2.195218904889921,2.4792588435669867,0.2944924768920615,COMPLETE
2866,0.0962,0.5745079232036846,7.489439152524652,4.28973733102024,111.18850587297112,13.737135040054913,COMPLETE
2867,0.13135,0.6806757431586491,7.339695485358947,9.933529862520766,112.323925330586,0.0559509809309037,COMPLETE
2868,0.12585,0.6435727190286895,7.321806062638004,6.5024734472550465,359.71457230765833,0.04175551584742247,COMPLETE
2869,0.0665,0.16020551930766996,7.339695485358947,1.1679739768270172,2.4792588435669867,6.018828733972627,COMPLETE
2870,0.1257,0.7508884263057612,7.489439152524652,9.767312130896007,209.87880658124143,13.737135040054913,COMPLETE
2871,0.08835,0.10714485532384856,0.9078172976720889,1.0000874311382033,58.12114238140428,0.1249835063278487,COMPLETE
2872,0.0671,0.12892179482373045,7.489439152524652,1.0000874311382033,0.4111694316312813,4.792699168837896,COMPLETE
2873,0.07705,0.42771440506926617,7.339695485358947,1.3815092067065275,359.71457230765833,25.9309591510853,COMPLETE
2874,0.10315,0.6644665247050929,7.339695485358947,7.829031369859742,0.5529959922862323,0.7306953052604724,COMPLETE
2875,0.06675,0.18315265984210632,7.489439152524652,1.2992706708708701,0.022872403443138362,4.792699168837896,COMPLETE
2876,0.07885,0.27751198329510873,7.339695485358947,1.1679739768270172,2.4792588435669867,0.030595349341982422,COMPLETE
2877,0.072,0.34625362370270846,7.489439152524652,3.1109816593785697,0.11952673222043222,3.3734223080069916,COMPLETE
2878,0.0967,0.6008846800256238,7.489439152524652,9.988586281068551,6.3563590258525675,2.9721846513382584,COMPLETE
2879,0.0777,0.40546582206929604,1.3080147196015777,2.195218904889921,1476.1251734596226,4.792699168837896,COMPLETE
2880,0.0916,0.6571096843829207,7.321806062638004,5.376807828163037,103.50902000687822,4.792699168837896,COMPLETE
2881,0.07325,0.4118715125917963,7.489439152524652,1.775957688444912,153.2860257697558,0.7306953052604724,COMPLETE
2882,0.1203,0.753568665792817,7.489439152524652,7.451337432117496,359.71457230765833,11.34645454198699,COMPLETE
2883,0.09945,0.6000423811596962,6.812644630608508,2.951198361179832,560.4775189597802,1.526275265602974,COMPLETE
2884,0.1313,0.8300789993529294,7.339695485358947,7.451337432117496,1476.1251734596226,11.34645454198699,COMPLETE
2885,0.09865,0.373281113249398,2.2488219013519437,5.6342077292785,0.4606566842929474,0.8848454452058393,COMPLETE
2886,0.1417,0.7833160438060278,4.448326842243869,9.988586281068551,1476.1251734596226,4.792699168837896,COMPLETE
2887,0.1117,0.706670627842531,7.489439152524652,5.610368706174791,116.68218004772335,1.8602957309646184,COMPLETE
2888,0.07455,0.4638584760819971,7.489439152524652,1.0114956203738166,1476.1251734596226,2.1102891532478085,COMPLETE
2889,0.1267,0.8572324944952132,7.339695485358947,7.451337432117496,359.71457230765833,0.7306953052604724,COMPLETE
2890,0.08845,0.4870761013089603,7.489439152524652,3.107169736365082,116.68218004772335,7.537547530487387,COMPLETE
2891,0.06645,0.3241575577464747,7.489439152524652,1.2992706708708701,0.022872403443138362,0.023526414423958017,COMPLETE
2892,0.0769,0.42118106321358684,7.489439152524652,2.4292433488986678,65.42850617031253,2.1102891532478085,COMPLETE
2893,0.1087,0.7829615501434246,7.489439152524652,7.451337432117496,359.71457230765833,11.889313346619694,COMPLETE
2894,0.0964,0.5761092838493304,6.812644630608508,3.0638630129150126,48.73195945558973,0.19144195807357378,COMPLETE
2895,0.07265,0.28507385240439403,4.509055864613991,1.2992706708708701,0.022872403443138362,0.04189332312899492,COMPLETE
2896,0.08975,0.5922389275905271,7.489439152524652,9.988586281068551,1.0859406787940669,1.526275265602974,COMPLETE
2897,0.0796,0.3269024600662325,6.666959706638387,1.0873088568919205,359.71457230765833,19.85962119092576,COMPLETE
2898,0.0854,0.38185843438833106,7.489439152524652,2.7187634325065777,24.017370034222363,13.737135040054913,COMPLETE
2899,0.134,0.8393633472622046,7.339695485358947,5.8081057233180955,1376.2322355243807,1.0864194972631505,COMPLETE
2900,0.1275,0.8488257873152141,6.812644630608508,7.639970758565217,1476.1251734596226,4.792699168837896,COMPLETE
2901,0.0865,0.4755207633060315,1.602650958320292,7.451337432117496,94.5770839714296,11.34645454198699,COMPLETE
2902,0.099,0.4547979915768402,7.398979747077997,3.0156649020845308,61.128832411058866,0.010584868037172613,COMPLETE
2903,0.08655,0.4797545482650874,4.4197057434689215,7.451337432117496,0.011663295973088439,25.9309591510853,COMPLETE
2904,0.0941,0.5319236128005045,7.398979747077997,8.418374689108267,4.6216117253800055,7.839132445746106,COMPLETE
2905,0.0869,0.47555235351293407,7.489439152524652,8.418374689108267,2.311956489536877,12.146893267526337,COMPLETE
2906,0.1044,0.6552513287449528,7.321806062638004,8.400808814673104,0.738442465934532,0.7306953052604724,COMPLETE
2907,0.10245,0.6651870434080732,7.398979747077997,9.988586281068551,0.061530195681195304,0.5985950343657075,COMPLETE
2908,0.1279,0.8255284438516561,7.489439152524652,7.451337432117496,359.71457230765833,1.1166054580267695,COMPLETE
2909,0.0967,0.549160381172234,3.8210128731681903,9.988586281068551,0.022872403443138362,4.792699168837896,COMPLETE
2910,0.0833,0.3319650356717497,7.489439152524652,2.719674925280597,0.4111694316312813,4.792699168837896,COMPLETE
2911,0.1393,0.8939613633391058,7.489439152524652,9.988586281068551,1476.1251734596226,1.8602957309646184,COMPLETE
2912,0.13855,0.507000142307555,6.812644630608508,7.639970758565217,1476.1251734596226,0.015784739212765415,COMPLETE
2913,0.1061,0.5747056444575882,7.489439152524652,1.6164809527757489,1575.9369216711668,2.1102891532478085,COMPLETE
2914,0.116,0.8004388294679617,7.489439152524652,4.101823977297871,1575.9369216711668,2.1102891532478085,COMPLETE
2915,0.14195,0.6062807984747252,7.489439152524652,4.390239464358789,1575.9369216711668,0.04797820662657444,COMPLETE
2916,0.1276,0.525446745612229,7.489439152524652,9.988586281068551,359.71457230765833,0.03152516786742475,COMPLETE
2917,0.0798,0.4295552404671932,5.359340971697118,3.0156649020845308,61.128832411058866,4.792699168837896,COMPLETE
2918,0.1015,0.4761188751647695,5.5150049043702545,5.196045314781185,0.22540262841417696,0.36938529137710135,COMPLETE
2919,0.07445,0.361570477015923,7.339695485358947,1.1679739768270172,359.71457230765833,10.792540722580759,COMPLETE
2920,0.12065,0.7018715625704723,6.666959706638387,9.988586281068551,139.39174644638558,11.54518621482892,COMPLETE
2921,0.1161,0.6526577474772746,7.489439152524652,3.47120146656854,560.4775189597802,0.13391944103899936,COMPLETE
2922,0.07015,0.24777589688099316,7.489439152524652,1.0000874311382033,0.4111694316312813,0.04309722137792593,COMPLETE
2923,0.13445,0.8785392188773467,7.489439152524652,9.988586281068551,359.71457230765833,1.526275265602974,COMPLETE
2924,0.11015,0.5788896062772014,7.339695485358947,1.1966363401209084,9043.367385855341,1.0864194972631505,COMPLETE
2925,0.0996,0.6234455270132448,7.489439152524652,7.276115644850872,0.022872403443138362,0.5985950343657075,COMPLETE
2926,0.08425,0.5743100978291723,7.489439152524652,4.390239464358789,0.41772267640240174,0.5985950343657075,COMPLETE
2927,0.1434,0.8246007597788877,4.8408746479668965,8.418374689108267,1575.9369216711668,2.1102891532478085,COMPLETE
2928,0.0574,0.22774778578972096,7.489439152524652,1.3039471906394462,0.022872403443138362,1.8602957309646184,COMPLETE
2929,0.0893,0.5040435512321979,7.339695485358947,4.4858212874062575,0.48160356426463263,0.5985950343657075,COMPLETE
2930,0.0729,0.23231724865303485,7.489439152524652,1.6408927867910155,0.48160356426463263,0.5985950343657075,COMPLETE
2931,0.1008,0.652910579854873,7.489439152524652,2.7187634325065777,560.4775189597802,0.7306953052604724,COMPLETE
2932,0.0957,0.5416245890622272,7.489439152524652,3.1161513047600877,0.022872403443138362,0.014221485078051358,COMPLETE
2933,0.10205,0.6550511477180403,7.489439152524652,4.390239464358789,117.01164712837071,1.8602957309646184,COMPLETE
2934,0.09135,0.6310163059158601,7.339695485358947,7.451337432117496,0.4111694316312813,1.9422572735997865,COMPLETE
2935,0.0627,0.14915001437622405,7.489439152524652,1.0000874311382033,0.061530195681195304,3.078149166892409,COMPLETE
2936,0.11115,0.7233825331661896,7.489439152524652,4.390239464358789,359.71457230765833,1.1166054580267695,COMPLETE
2937,0.10845,0.6879078637582635,6.8435536313626235,7.639970758565217,153.2860257697558,44.76380938653201,COMPLETE
2938,0.06375,0.17235391740051215,7.489439152524652,1.0000874311382033,0.9358729896740521,0.5985950343657075,COMPLETE
2939,0.11395,0.7678275807491066,5.5150049043702545,5.196045314781185,560.4775189597802,1.1166054580267695,COMPLETE
2940,0.09725,0.6543942865337256,7.489439152524652,7.639970758565217,0.5335410308621299,0.5985950343657075,COMPLETE
2941,0.1433,0.785991576443757,7.489439152524652,9.988586281068551,359.71457230765833,0.2676990315563902,COMPLETE
2942,0.1244,0.8662581903698354,7.489439152524652,5.797600674276281,1476.1251734596226,4.792699168837896,COMPLETE
2943,0.09175,0.20253078731252383,1.2003950964970214,2.3276095777320096,0.09863482686585197,4.792699168837896,COMPLETE
2944,0.09675,0.6230605898914165,7.489439152524652,3.1109816593785697,560.4775189597802,11.34645454198699,COMPLETE
2945,0.0712,0.15083525607585369,4.727756895096573,1.1679739768270172,2.4792588435669867,0.5985950343657075,COMPLETE
2946,0.0646,0.17866036934091853,7.339695485358947,1.2992706708708701,0.2274008931102362,2.567701022107806,COMPLETE
2947,0.1173,0.47982433111728795,5.188903638692757,7.639970758565217,153.2860257697558,0.013398193401796427,COMPLETE
2948,0.1027,0.6850577474471599,7.339695485358947,8.418374689108267,65.42850617031253,2.1102891532478085,COMPLETE
2949,0.08265,0.46704846611729456,7.489439152524652,1.0056485026688822,1476.1251734596226,4.792699168837896,COMPLETE
2950,0.09095,0.59892074986144,7.489439152524652,9.988586281068551,0.5529959922862323,4.792699168837896,COMPLETE
2951,0.0998,0.6251651922806558,5.491633097339707,3.4028870039096115,359.71457230765833,0.9117374699328749,COMPLETE
2952,0.10015,0.5071445271359568,7.489439152524652,9.988586281068551,3.0723707989651468,4.792699168837896,COMPLETE
2953,0.13885,0.8314657939723975,7.489439152524652,9.988586281068551,1476.1251734596226,0.5985950343657075,COMPLETE
2954,0.1028,0.5616399577053464,7.489439152524652,9.988586281068551,0.5423310792346033,1.526275265602974,COMPLETE
2955,0.13635,0.8595830273853658,7.489439152524652,8.722659759722317,346.5903884659161,0.7306953052604724,COMPLETE
2956,0.12355,0.8052733035407207,7.489439152524652,8.418374689108267,359.71457230765833,1.8602957309646184,COMPLETE
2957,0.07515,0.30782117064634945,7.339695485358947,1.1679739768270172,30.54779366423335,0.030595349341982422,COMPLETE
2958,0.1099,0.7200713300714263,7.489439152524652,8.418374689108267,4.6216117253800055,0.12961084312962956,COMPLETE
2959,0.091,0.5514793363095779,7.489439152524652,3.1109816593785697,119.36176574044642,0.8960268918015606,COMPLETE
2960,0.08025,0.36996924887588145,7.321806062638004,3.0638630129150126,0.4111694316312813,0.5985950343657075,COMPLETE
2961,0.13025,0.6418231049355029,6.8435536313626235,7.639970758565217,174.81255899143062,0.04985356761017102,COMPLETE
2962,0.1422,0.8667706984379258,5.5150049043702545,7.0529413064214,2591.9778385808186,2.1102891532478085,COMPLETE
2963,0.14565,0.8643609213607191,6.812644630608508,9.988586281068551,1476.1251734596226,0.9117374699328749,COMPLETE
2964,0.1119,0.6485165844965992,7.339695485358947,8.418374689108267,0.5529959922862323,0.03592175021551325,COMPLETE
2965,0.10795,0.7248724101403644,7.489439152524652,2.7187634325065777,3745.3042824132062,0.7306953052604724,COMPLETE
2966,0.13715,0.7864759562135966,7.489439152524652,7.5785899029687265,297.95173019792173,0.2944924768920615,COMPLETE
2967,0.13955,0.88330530160779,7.489439152524652,9.988586281068551,1476.1251734596226,4.792699168837896,COMPLETE
2968,0.0714,0.5018034303176447,7.489439152524652,2.7652771653358617,112.323925330586,1.526275265602974,COMPLETE
2969,0.0904,0.5787404174486853,6.812644630608508,4.390239464358789,117.01164712837071,25.9309591510853,COMPLETE
2970,0.0668,0.17854952947611613,7.339695485358947,1.1679739768270172,2.4792588435669867,0.19083680961845448,COMPLETE
2971,0.11315,0.748024927889222,7.339695485358947,7.451337432117496,153.2860257697558,0.7306953052604724,COMPLETE
2972,0.09475,0.260575905313355,0.9618436533245409,1.3726866419579553,1575.9369216711668,2.1102891532478085,COMPLETE
2973,0.0792,0.3827653228546526,7.339695485358947,1.775957688444912,0.061530195681195304,0.030595349341982422,COMPLETE
2974,0.1066,0.6360255468479912,7.339695485358947,8.075871294584745,0.5529959922862323,0.01253906235398645,COMPLETE
2975,0.0797,0.3530454187974793,7.489439152524652,1.0856540586347518,359.71457230765833,4.792699168837896,COMPLETE
2976,0.1226,0.656126087790335,7.489439152524652,8.418374689108267,24.687993700004206,0.016916853351584046,COMPLETE
2977,0.06525,0.19583430905374008,7.489439152524652,1.2992706708708701,0.022872403443138362,4.792699168837896,COMPLETE
2978,0.09785,0.5071735345980325,5.31616363407229,7.451337432117496,0.7557635907231842,11.34645454198699,COMPLETE
2979,0.12385,0.8005210734942455,7.489439152524652,9.988586281068551,112.323925330586,1.526275265602974,COMPLETE
2980,0.13715,0.8407517490397675,6.666959706638387,8.418374689108267,1688.3846346819648,0.5985950343657075,COMPLETE
2981,0.1253,0.8835313255152045,7.489439152524652,9.988586281068551,359.71457230765833,1.526275265602974,COMPLETE
2982,0.11745,0.6727841700630028,5.860134276136747,7.639970758565217,42.96328679420298,0.7306953052604724,COMPLETE
2983,0.0961,0.5176779209888117,7.398979747077997,8.418374689108267,0.061530195681195304,2.084815282368795,COMPLETE
2984,0.0912,0.45368488158556586,1.8539900159211065,2.270671138380184,1476.1251734596226,4.792699168837896,COMPLETE
2985,0.09915,0.46562041950365646,5.249243267348295,9.988586281068551,0.10751200504497899,75.14918813444366,COMPLETE
2986,0.10465,0.47966078201779366,7.489439152524652,2.195218904889921,2.4792588435669867,0.039738520410628635,COMPLETE
2987,0.0912,0.5725066075538795,7.489439152524652,5.8081057233180955,0.16096012719650646,1.0864194972631505,COMPLETE
2988,0.08195,0.21172870776202712,5.0892162862195764,1.775957688444912,0.061530195681195304,13.737135040054913,COMPLETE
2989,0.0654,0.16766606554891306,7.489439152524652,1.11404869595773,0.5529959922862323,0.7306953052604724,COMPLETE
2990,0.0958,0.6310751945521753,7.489439152524652,8.418374689108267,24.687993700004206,2.1102891532478085,COMPLETE
2991,0.0824,0.3761363298496754,7.339695485358947,1.1679739768270172,359.71457230765833,0.5587634728916858,COMPLETE
2992,0.0636,0.1785169597834623,7.489439152524652,1.0000874311382033,0.4111694316312813,0.13391944103899936,COMPLETE
2993,0.0697,0.1327863494205968,7.321806062638004,1.0340435745788543,2.4792588435669867,44.76380938653201,COMPLETE
2994,0.1273,0.8572858393132786,7.489439152524652,9.988586281068551,359.71457230765833,1.8134624463948232,COMPLETE
2995,0.1041,0.629829993959637,7.489439152524652,2.7187634325065777,560.4775189597802,6.8607550725029505,COMPLETE
2996,0.1372,0.8699828029145529,7.489439152524652,9.988586281068551,1476.1251734596226,4.792699168837896,COMPLETE
2997,0.06605,0.25081593576682437,7.489439152524652,1.2992706708708701,0.02337465332019417,0.13391944103899936,COMPLETE
2998,0.1235,0.5511249954910928,1.1048982806666592,7.411392794743276,1476.1251734596226,4.792699168837896,COMPLETE
2999,0.1349,0.9077012048863875,7.489439152524652,8.418374689108267,9454.457281601339,2.1102891532478085,COMPLETE
3000,0.09535,0.5293942524272703,7.489439152524652,9.767312130896007,0.05966034020864583,4.792699168837896,COMPLETE
3001,0.1148,0.681649808890973,4.183832560476854,4.101823977297871,359.71457230765833,0.34016073318928575,COMPLETE
3002,0.0807,0.16572062353768222,3.7641616708272325,1.2992706708708701,0.02393360724795977,1.1166054580267695,COMPLETE
3003,0.1001,0.6403122155991997,7.489439152524652,8.418374689108267,0.04963982445946961,2.1102891532478085,COMPLETE
3004,0.0763,0.2512494245555461,7.489439152524652,1.0000874311382033,0.4111694316312813,0.021862647909230412,COMPLETE
3005,0.1308,0.6615913898206947,7.489439152524652,9.145253513588663,359.71457230765833,0.08052400512692084,COMPLETE
3006,0.09865,0.2825221948252492,1.1537937265797742,3.8552898439814096,0.061530195681195304,0.5985950343657075,COMPLETE
3007,0.08715,0.5267573195946044,7.489439152524652,9.767312130896007,0.12302676984227283,13.737135040054913,COMPLETE
3008,0.1138,0.8203525845410582,7.339695485358947,7.639970758565217,153.2860257697558,0.7306953052604724,COMPLETE
3009,0.09915,0.6140481065447482,7.489439152524652,3.0638630129150126,359.71457230765833,13.737135040054913,COMPLETE
3010,0.1024,0.6686400082433929,7.489439152524652,8.418374689108267,24.687993700004206,2.1102891532478085,COMPLETE
3011,0.09865,0.5466893385876932,7.489439152524652,9.988586281068551,0.48160356426463263,34.8774023697913,COMPLETE
3012,0.09455,0.546519127133033,7.339695485358947,8.035209547988167,3.981802412158924,4.792699168837896,COMPLETE
3013,0.1085,0.677825346817032,7.321806062638004,3.0638630129150126,560.4775189597802,0.5985950343657075,COMPLETE
3014,0.08285,0.3584294015234701,7.321806062638004,3.0638630129150126,0.4190647479583424,4.792699168837896,COMPLETE
3015,0.0779,0.10247286599275912,0.4351346408045419,1.0340435745788543,30.54779366423335,0.5985950343657075,COMPLETE
3016,0.0885,0.6343629156573578,7.321806062638004,8.418374689108267,4.6216117253800055,1.3964044847064154,COMPLETE
3017,0.11775,0.40684224246333833,0.34863408683587094,3.1109816593785697,30.54779366423335,0.030212930605288454,COMPLETE
3018,0.0992,0.6763355144422729,7.339695485358947,7.7092517701854195,30.54779366423335,1.526275265602974,COMPLETE
3019,0.0635,0.15016766842140372,7.489439152524652,1.0000874311382033,0.4111694316312813,4.792699168837896,COMPLETE
3020,0.1442,0.8966042107201396,6.099963448901082,9.988586281068551,1476.1251734596226,2.1102891532478085,COMPLETE
3021,0.09125,0.5251208072501826,7.489439152524652,3.228869749865527,111.18850587297112,13.737135040054913,COMPLETE
3022,0.0921,0.5209250367346542,7.339695485358947,7.451337432117496,0.018441978141097454,11.34645454198699,COMPLETE
3023,0.07045,0.25578035300137747,7.398979747077997,1.775957688444912,0.061530195681195304,0.5985950343657075,COMPLETE
3024,0.0654,0.19587335212685986,7.321806062638004,1.0340435745788543,30.54779366423335,0.5985950343657075,COMPLETE
3025,0.1193,0.6529470682916236,5.334411901674462,5.885311273512638,112.323925330586,0.03952223247594178,COMPLETE
3026,0.0992,0.40746314256618055,1.1465340247413676,4.101823977297871,359.71457230765833,12.146893267526337,COMPLETE
3027,0.06595,0.1473660984239153,7.321806062638004,1.0000874311382033,0.05413481926539975,0.5985950343657075,COMPLETE
3028,0.08205,0.40446749150650524,7.398979747077997,3.0638630129150126,0.061530195681195304,0.5985950343657075,COMPLETE
3029,0.10225,0.5998483113238311,6.666959706638387,9.988586281068551,0.022872403443138362,0.5985950343657075,COMPLETE
3030,0.12285,0.7915284930110171,7.489439152524652,4.197913193959432,1476.1251734596226,0.5985950343657075,COMPLETE
3031,0.09055,0.3918928392033892,2.3440880736499463,3.9396071823114647,111.18850587297112,4.792699168837896,COMPLETE
3032,0.14175,0.8139695997852967,5.416419282460999,8.418374689108267,6571.130826112113,0.5985950343657075,COMPLETE
3033,0.12295,0.49760490921447725,2.752312060017252,9.767312130896007,111.18850587297112,0.015893547953107892,COMPLETE
3034,0.0744,0.24989741554408407,7.489439152524652,1.775957688444912,0.061530195681195304,3.679865972069919,COMPLETE
3035,0.1359,0.8837380839216227,6.812644630608508,9.988586281068551,1476.1251734596226,4.792699168837896,COMPLETE
3036,0.1137,0.4748164829636244,0.67834223606029,9.988586281068551,1476.1251734596226,1.526275265602974,COMPLETE
3037,0.131,0.882221088795061,7.489439152524652,9.988586281068551,1476.1251734596226,4.792699168837896,COMPLETE
3038,0.09835,0.620808968310919,7.489439152524652,3.4285343933579093,153.2860257697558,0.7306953052604724,COMPLETE
3039,0.10885,0.7520648090928774,7.489439152524652,9.767312130896007,116.68218004772335,13.737135040054913,COMPLETE
3040,0.0749,0.5212962128253895,7.339695485358947,2.957897552641991,2.4792588435669867,0.030595349341982422,COMPLETE
3041,0.1116,0.7244277406495008,5.577789975368826,8.418374689108267,112.323925330586,1.526275265602974,COMPLETE
3042,0.07075,0.4487362463735648,7.489439152524652,2.1071886461782747,153.2860257697558,0.7306953052604724,COMPLETE
3043,0.07895,0.46604130557036777,7.339695485358947,4.004766151574847,30.54779366423335,11.34645454198699,COMPLETE
3044,0.10715,0.6352742262327198,7.398979747077997,7.451337432117496,61.128832411058866,1.7506305859961395,COMPLETE
3045,0.08975,0.4634238122176048,7.489439152524652,4.101823977297871,0.48160356426463263,0.5985950343657075,COMPLETE
3046,0.0753,0.3052834164074601,7.321806062638004,1.3892211555560452,76.56449673890558,35.224336192679345,COMPLETE
3047,0.1325,0.9139757177815558,7.489439152524652,9.988586281068551,1476.1251734596226,4.792699168837896,COMPLETE
