number,values_0,values_1,params_delta_deg,params_gamma,params_lambda1,params_lambda3,state
382,0.09745,0.5227986721328493,5.049992081991676,1.5620615526297108,1726.8598499372624,3.9703371647893633,COMPLETE
383,0.10875,0.479853502192271,0.2926187365606514,3.671714116833704,1476.1251734596226,0.07975600052654433,COMPLETE
384,0.09965,0.4638373391090651,1.9979013372563055,7.451337432117496,0.01333967025299093,2.1102891532478085,COMPLETE
385,0.06965,0.2026954120994115,6.998570432374837,1.4973801307178418,0.01333967025299093,13.124640614099622,COMPLETE
386,0.11545,0.5784017511892975,3.790531816933903,3.0891658448040933,4722.573507795204,43.97293913130812,COMPLETE
387,0.0958,0.5790327594077351,5.34350018162054,3.0352039660395387,598.6615620059632,32.95988688802954,COMPLETE
388,0.1233,0.7282559342508618,5.939170481881678,8.053117581805795,626.3769059757965,79.88179341733795,COMPLETE
389,0.0926,0.25221801988384457,2.1400458194082677,3.315945713584284,12.550688154826977,1.414537504948159,COMPLETE
390,0.1436,0.675443192007674,3.563698108933897,6.872208690066344,572.7284543742186,0.05610871420871274,COMPLETE
391,0.08475,0.4596660856084629,6.998570432374837,7.451337432117496,0.04891793799227172,16.141449004081903,COMPLETE
392,0.1237,0.40006939693323196,3.563698108933897,8.02388233256416,572.7284543742186,0.012443470054244883,COMPLETE
393,0.08615,0.423926268494078,2.210908662319974,9.664425615241475,0.503948780420648,3.872729166838025,COMPLETE
394,0.09985,0.4380644572498526,1.441782102972152,8.928904969540103,0.010614434580828225,0.6754507850423032,COMPLETE
395,0.1093,0.6150021308703315,5.561181509172287,7.795649162862653,157.76472984301373,12.630413240768252,COMPLETE
396,0.09105,0.5103691794564166,7.257271731141275,1.9089523660217274,343.73057923520304,3.9703371647893633,COMPLETE
397,0.09235,0.43844307868483956,7.386495200771071,1.367793264680829,598.6615620059632,5.252393949938683,COMPLETE
398,0.13425,0.8429973588953881,6.340270625527657,9.075011551503009,598.6615620059632,0.725005173883511,COMPLETE
399,0.1237,0.6722648321336022,5.273514966725931,7.407343662012591,472.53321985754735,51.837057486367705,COMPLETE
400,0.07755,0.37162258464702774,5.827113301687939,1.3296769002026185,343.73057923520304,1.4141176649591676,COMPLETE
401,0.10565,0.6309435518398024,7.351751324003693,8.262636744830575,0.526074093376905,0.7242985480394712,COMPLETE
402,0.08365,0.26369716673200433,6.812644630608508,2.9222023507882056,1.0019415433975927,9.7872435916681,COMPLETE
403,0.07555,0.4252619006056535,6.684810628603401,7.451337432117496,0.4111694316312813,72.57830932179442,COMPLETE
404,0.09995,0.2768338296014783,1.2464461612664937,1.3511000390655363,343.73057923520304,0.01048644372784838,COMPLETE
405,0.07395,0.3815734598727483,7.398979747077997,3.0156649020845308,0.5549010274448358,32.402251569270184,COMPLETE
406,0.06435,0.1957326296465494,4.620194325364714,1.371223183378064,0.4111694316312813,12.630413240768252,COMPLETE
407,0.12885,0.6291688270239358,6.261554241884566,6.872208690066344,572.7284543742186,0.028394575735254703,COMPLETE
408,0.1123,0.5957828136817183,3.383625736987287,6.460156686335299,0.4111694316312813,0.025004855044647934,COMPLETE
409,0.0985,0.4521051121022393,3.2342614694771625,7.716956152431088,44.63468613137388,4.792699168837896,COMPLETE
410,0.1073,0.5623022460754674,4.593311846962319,7.639970758565217,30.54779366423335,0.7867467306386959,COMPLETE
411,0.10135,0.6224631121993601,5.106919666244777,8.92618653775349,52.54594664878624,34.15738571213933,COMPLETE
412,0.07455,0.31043229447832926,6.746612843885219,3.0352039660395387,2.136762935747518,72.57830932179442,COMPLETE
413,0.14545,0.8357731219917094,5.5150049043702545,6.375236854260541,6755.71174442274,0.5985950343657075,COMPLETE
414,0.10055,0.5536774086736009,7.386495200771071,5.950827672861153,0.01333967025299093,0.7306953052604724,COMPLETE
415,0.0899,0.26244169523037775,4.400305109968493,2.889349185914767,5.6878068615007775,5.252393949938683,COMPLETE
416,0.09675,0.4738867830279441,4.481260023297004,6.471007209113867,30.54779366423335,13.846907547344033,COMPLETE
417,0.0727,0.2022767094280396,4.579121279149248,1.3296769002026185,2.136762935747518,0.725005173883511,COMPLETE
418,0.1111,0.663775435610046,6.743337396038037,3.671714116833704,1136.9451617293491,4.792699168837896,COMPLETE
419,0.0784,0.3677050194220977,6.447120450448571,1.367793264680829,282.26830643153414,5.252393949938683,COMPLETE
420,0.0868,0.5188196827072389,6.086053401403324,1.2992706708708701,1397.0712301648882,2.1102891532478085,COMPLETE
421,0.08105,0.15830190804658895,1.8892823822974358,1.4973801307178418,0.08723507362687263,23.35585477562936,COMPLETE
422,0.1037,0.3397005810480737,1.2464461612664937,6.776081133103234,3.46923321472212,1.4874310019960524,COMPLETE
423,0.0793,0.3985220379119461,5.939170481881678,2.2889268393954483,0.747253043227065,0.2188290377071901,COMPLETE
424,0.09795,0.6155408707837904,7.351751324003693,8.262636744830575,0.23422802685955715,1.526275265602974,COMPLETE
425,0.0741,0.15279387724590485,7.489439152524652,1.084005491587622,8.529295686269778,62.493815744501724,COMPLETE
426,0.0774,0.29911410453793025,5.939170481881678,1.3296769002026185,0.3991416433153113,0.02905967905537422,COMPLETE
427,0.1448,0.7028753766902771,1.8892823822974358,5.600304491850606,598.6615620059632,0.08614457198150818,COMPLETE
428,0.09435,0.5251027255630366,6.743337396038037,1.2992706708708701,1136.9451617293491,0.7242985480394712,COMPLETE
429,0.10135,0.6881066004280237,7.489439152524652,7.716956152431088,20.742218430268597,0.5084006019933035,COMPLETE
430,0.0821,0.22836872928874005,7.257271731141275,1.607564179582652,1.9411683121291674,1.526275265602974,COMPLETE
431,0.08315,0.1223853581471372,0.5408156816562598,1.1679739768270172,2.4792588435669867,0.7242985480394712,COMPLETE
432,0.0712,0.18160001274025533,4.593311846962319,1.2992706708708701,22.404802370853613,35.19954663568096,COMPLETE
433,0.1326,0.856543697913256,7.339695485358947,7.451337432117496,4623.372686033773,11.34645454198699,COMPLETE
434,0.0779,0.2878293114287148,6.086053401403324,2.8320734546831314,0.04102984570986746,2.1102891532478085,COMPLETE
435,0.10995,0.7296556387168895,1.4322152738664755,7.045772063789709,2758.2044299778786,1.1455582253601304,COMPLETE
436,0.08365,0.24927209916128448,7.257271731141275,2.6851029970103544,0.013312218698214922,13.846907547344033,COMPLETE
437,0.09345,0.23756037161233468,1.6740289789218106,3.0352039660395387,10.068808950250773,0.725005173883511,COMPLETE
438,0.1383,0.8205358942190549,5.5150049043702545,7.409704445424306,4722.573507795204,0.5985950343657075,COMPLETE
439,0.1301,0.5722297550327181,7.300648833532226,9.276524832853482,1353.3879144801354,0.024705815018530725,COMPLETE
440,0.05175,0.17804882725368337,7.489439152524652,1.0000874311382033,20.742218430268597,7.642238523199323,COMPLETE
441,0.08105,0.13917173659190432,0.7102083325811804,1.3296769002026185,5.205234234410455,1.1455582253601304,COMPLETE
442,0.14095,0.7693255416415444,6.596515949163411,8.928904969540103,2758.2044299778786,0.17132475051464052,COMPLETE
443,0.10715,0.5885511018149087,3.2342614694771625,7.716956152431088,103.56520385251078,2.0222553590153423,COMPLETE
444,0.1159,0.6829070349785056,7.257271731141275,7.451337432117496,165.4041457150081,51.837057486367705,COMPLETE
445,0.05935,0.20746031147974428,7.489439152524652,1.2992706708708701,0.022872403443138362,0.5985950343657075,COMPLETE
446,0.07395,0.22331263203885332,1.6285065656413917,1.2992706708708701,1.9411683121291674,0.0367758044805299,COMPLETE
447,0.0828,0.2180420036261316,7.257271731141275,1.9089523660217274,0.01226199959605446,3.9703371647893633,COMPLETE
448,0.10055,0.29605916334443577,2.052329009932334,1.8145138315019835,1.9084124571965124,0.04841802788233872,COMPLETE
449,0.073,0.12847781151586818,1.9768657194378954,1.102708643247712,0.04102984570986746,4.792699168837896,COMPLETE
450,0.1303,0.8620055417755708,4.859269400135405,6.694798433810031,6755.71174442274,2.2659877554138568,COMPLETE
451,0.0693,0.353887098166274,2.809763561673483,1.8145138315019835,165.4041457150081,0.3262701891123551,COMPLETE
452,0.07135,0.16945006473445023,3.431576233166152,1.2992706708708701,0.4111694316312813,0.7242985480394712,COMPLETE
453,0.05525,0.2016803926886866,7.321806062638004,1.0340435745788543,30.54779366423335,0.5985950343657075,COMPLETE
454,0.1198,0.7269660997279075,1.441782102972152,8.081625847692138,2758.2044299778786,0.5985950343657075,COMPLETE
455,0.0954,0.6229060676529705,7.257271731141275,7.639970758565217,30.54779366423335,3.9703371647893633,COMPLETE
456,0.10255,0.5510374943714744,5.747542079531425,8.081625847692138,0.01333967025299093,16.141449004081903,COMPLETE
457,0.08745,0.47093144038789453,6.8435536313626235,5.950827672861153,0.01333967025299093,44.76380938653201,COMPLETE
458,0.09255,0.47029677926852975,4.940397068324327,3.0352039660395387,2.136762935747518,0.08614457198150818,COMPLETE
459,0.0679,0.3952604121300054,5.827113301687939,2.773946398622405,2.880805974985026,0.7306953052604724,COMPLETE
460,0.07135,0.23102475737102476,5.939170481881678,1.8145138315019835,0.747253043227065,51.837057486367705,COMPLETE
461,0.08025,0.20511578771838734,5.5150049043702545,1.2992706708708701,30.54779366423335,0.31342579359182204,COMPLETE
462,0.1122,0.5295958462732093,7.386495200771071,1.1679739768270172,6886.626831103493,44.76380938653201,COMPLETE
463,0.10025,0.6120345481695042,5.959584715132569,4.452959544077785,135.3480366801373,0.5084006019933035,COMPLETE
464,0.10915,0.6581264166212036,5.879452740058061,5.950827672861153,5.6878068615007775,0.04406143679654252,COMPLETE
465,0.0885,0.4253652098175032,6.812644630608508,1.0000874311382033,1476.1251734596226,4.8269015675922065,COMPLETE
466,0.13365,0.6503854022426483,2.115807101062064,9.988586281068551,232.12693604189357,0.12140983466752493,COMPLETE
467,0.0729,0.4053980711109996,4.933362998330481,3.0352039660395387,0.01333967025299093,0.7306953052604724,COMPLETE
468,0.0829,0.23402839828215352,6.812644630608508,1.167453292575526,0.5549010274448358,0.012443470054244883,COMPLETE
469,0.1168,0.631336192145055,3.2342614694771625,7.716956152431088,8.529295686269778,0.04909225795263199,COMPLETE
470,0.07495,0.3351411175383237,7.351751324003693,1.1679739768270172,227.62519360107055,72.57830932179442,COMPLETE
471,0.10075,0.6798007745193818,7.489439152524652,7.639970758565217,4.6216117253800055,0.5985950343657075,COMPLETE
472,0.1049,0.6378121271477883,7.257271731141275,2.3413358912894533,1726.8598499372624,3.9703371647893633,COMPLETE
473,0.0909,0.23052263780649174,2.2648944719320894,2.8320734546831314,0.04102984570986746,32.504593210709686,COMPLETE
474,0.1482,0.8737225454047313,4.767178139408607,7.451337432117496,6755.71174442274,2.1102891532478085,COMPLETE
475,0.14725,0.6926853994490394,5.561181509172287,9.988586281068551,1476.1251734596226,0.08614457198150818,COMPLETE
476,0.11725,0.6043420648742862,5.939170481881678,4.972331896749305,0.9615552540100645,0.0359717075982095,COMPLETE
477,0.09805,0.3531410955300116,0.7759767810642604,3.400289216183908,0.747253043227065,0.08614457198150818,COMPLETE
478,0.1282,0.7487684881395087,2.401727703683239,9.767312130896007,6755.71174442274,2.1102891532478085,COMPLETE
479,0.1204,0.673247166978656,7.489439152524652,3.0352039660395387,6755.71174442274,25.230634701109523,COMPLETE
480,0.08115,0.49225830808931825,6.086053401403324,2.8320734546831314,0.675650103955018,0.052882695912678586,COMPLETE
481,0.11635,0.7476757092301745,5.280090073895156,8.928904969540103,359.71457230765833,11.34645454198699,COMPLETE
482,0.0763,0.3853396726003801,4.940397068324327,3.0352039660395387,0.9615552540100645,0.3641137502774362,COMPLETE
483,0.07425,0.39519732464451635,5.5150049043702545,3.0352039660395387,0.019310802036540495,0.48001073896625235,COMPLETE
484,0.0884,0.4457694861583144,5.5150049043702545,2.8296571530534003,1.5998843932450557,0.02905967905537422,COMPLETE
485,0.0853,0.45666877223589425,5.054657060616675,3.3704975429349244,5.6878068615007775,0.725005173883511,COMPLETE
486,0.0815,0.3022622121229357,5.827113301687939,1.2850974790127137,0.025890681393685437,0.02905967905537422,COMPLETE
487,0.06795,0.20276114164500195,7.489439152524652,1.2992706708708701,1.530981853484126,2.476864350072082,COMPLETE
488,0.12655,0.552639349196054,5.827113301687939,8.928904969540103,343.73057923520304,0.021378550066455417,COMPLETE
489,0.0723,0.38118744020846457,7.351751324003693,1.220279108534154,447.2587056778763,4.088219494293139,COMPLETE
490,0.09625,0.28254645618883,2.6559084392829235,3.3704975429349244,5.6878068615007775,1.526275265602974,COMPLETE
491,0.11625,0.6475304719164005,7.398979747077997,3.0156649020845308,1476.1251734596226,32.402251569270184,COMPLETE
492,0.0958,0.5740400014562922,7.257271731141275,8.081625847692138,10.622887591695337,3.9703371647893633,COMPLETE
493,0.0981,0.5882674808411008,5.827113301687939,6.375236854260541,0.01333967025299093,0.7306953052604724,COMPLETE
494,0.11435,0.5749491582037577,5.015087845644564,1.8145138315019835,1476.1251734596226,0.13692864145640987,COMPLETE
495,0.0754,0.18304052865265028,7.489439152524652,1.2992706708708701,0.022872403443138362,0.5985950343657075,COMPLETE
496,0.12305,0.681521401647532,5.34350018162054,3.0352039660395387,6755.71174442274,2.1102891532478085,COMPLETE
497,0.1072,0.20504429687181763,0.8854057561773948,3.0156649020845308,30.54779366423335,32.402251569270184,COMPLETE
498,0.0977,0.5260332976579289,5.939170481881678,8.053117581805795,0.747253043227065,4.8269015675922065,COMPLETE
499,0.0835,0.42930010640939753,6.812644630608508,4.452959544077785,0.747253043227065,4.8269015675922065,COMPLETE
500,0.09285,0.4005531731566013,5.939170481881678,4.5076477048244055,0.747253043227065,4.8269015675922065,COMPLETE
501,0.1066,0.6907477510146562,7.489439152524652,8.081625847692138,0.01759640623800515,0.33178713579232383,COMPLETE
502,0.0748,0.13371499379159477,4.940397068324327,1.1679739768270172,2.136762935747518,12.486814362609458,COMPLETE
503,0.07825,0.15481083329627698,3.2094637712732603,1.2992706708708701,0.022872403443138362,1.9540685804500786,COMPLETE
504,0.0811,0.20569167953059755,7.489439152524652,1.2992706708708701,0.022872403443138362,0.5985950343657075,COMPLETE
505,0.0778,0.180380227097338,6.998570432374837,1.3296769002026185,0.0527497736201183,16.141449004081903,COMPLETE
506,0.12325,0.8514555858800459,6.743337396038037,5.888849496962725,1526.4963430298274,1.6219506211286647,COMPLETE
507,0.1367,0.8889387383999697,6.985497245556651,9.413482932589199,874.1330303163832,1.526275265602974,COMPLETE
508,0.09535,0.5085902278629918,3.2342614694771625,4.390239464358789,20.742218430268597,0.5084006019933035,COMPLETE
509,0.0969,0.5977997894237113,7.0131374903818795,3.0352039660395387,343.73057923520304,1.4141176649591676,COMPLETE
510,0.1056,0.3793369899006923,1.2681870715362535,7.716956152431088,5.6878068615007775,0.725005173883511,COMPLETE
511,0.12185,0.5722532951577619,2.716591864115511,7.639970758565217,1030.4111145670686,0.015314693259950298,COMPLETE
512,0.076,0.382997595498597,7.398979747077997,1.2992706708708701,50.34825264967407,0.0367758044805299,COMPLETE
513,0.07095,0.17702314657371573,6.8435536313626235,1.1679739768270172,1.353038445501337,1.1455582253601304,COMPLETE
514,0.08205,0.3878030485292227,5.5150049043702545,1.1210547310693908,560.4775189597802,0.06724925391347408,COMPLETE
515,0.078,0.39256198691750294,7.257271731141275,1.8145138315019835,165.4041457150081,51.837057486367705,COMPLETE
516,0.10865,0.5976395524077659,5.608567316603186,2.8320734546831314,1476.1251734596226,34.95647716578237,COMPLETE
517,0.09695,0.4540665400037554,6.8435536313626235,1.1679739768270172,1476.1251734596226,4.792699168837896,COMPLETE
518,0.08485,0.3765528434923969,5.939170481881678,3.735440352873939,0.9615552540100645,32.402251569270184,COMPLETE
519,0.1416,0.821782788293874,6.1458772717344505,8.936771842662786,6755.71174442274,72.57830932179442,COMPLETE
520,0.09485,0.4872803000198919,5.827113301687939,1.3296769002026185,1224.788549710177,1.4141176649591676,COMPLETE
521,0.0806,0.20183374698034723,5.911610322334688,1.2992706708708701,30.54779366423335,0.7242985480394712,COMPLETE
522,0.07685,0.2779927345677547,7.398979747077997,1.3296769002026185,61.128832411058866,1.4141176649591676,COMPLETE
523,0.1117,0.6689268304047326,7.351751324003693,5.168495316784347,5.6878068615007775,0.026656874373421745,COMPLETE
524,0.0823,0.15808706861389077,2.4204636517039946,1.3296769002026185,0.01333967025299093,4.8109238114188635,COMPLETE
525,0.1111,0.6011454740818507,5.827113301687939,8.081625847692138,0.025890681393685437,0.5985950343657075,COMPLETE
526,0.07575,0.20013636258003137,6.385333400451008,1.360000628443929,0.747253043227065,7.654815499588187,COMPLETE
527,0.0756,0.16329901964814542,5.827113301687939,1.3296769002026185,0.01333967025299093,4.251957437718942,COMPLETE
528,0.07825,0.2524660868834161,7.489439152524652,1.9457134310936381,1.9411683121291674,0.5985950343657075,COMPLETE
529,0.0944,0.5595993707050754,5.5150049043702545,1.4973801307178418,1807.5297837102523,0.5985950343657075,COMPLETE
530,0.0938,0.4442059110988065,5.561181509172287,1.2696846847877379,1413.4176038767177,4.8269015675922065,COMPLETE
531,0.09735,0.532024735773614,5.608567316603186,9.933529862520766,0.09561506052711778,4.792699168837896,COMPLETE
532,0.0948,0.2953831798947248,3.1558397241444274,1.3296769002026185,343.73057923520304,0.8022013691654138,COMPLETE
533,0.13275,0.6013964647507638,1.725904925943869,9.413482932589199,874.1330303163832,59.07167118045061,COMPLETE
534,0.09845,0.20022471623404373,0.38731791005041183,2.389694535854312,2.136762935747518,0.725005173883511,COMPLETE
535,0.0723,0.2780422600440217,6.8435536313626235,1.1921193028448782,0.01903430887924785,0.02905967905537422,COMPLETE
536,0.08255,0.5277702190808322,7.228402960541321,4.390239464358789,0.45274829805018196,0.5084006019933035,COMPLETE
537,0.09695,0.4370812136430712,4.290380773569373,5.950827672861153,2.4870215776847697,0.7306953052604724,COMPLETE
538,0.1273,0.8556136772479646,5.939170481881678,7.716956152431088,1476.1251734596226,4.792699168837896,COMPLETE
539,0.0937,0.5972538297394504,5.608567316603186,9.933529862520766,0.03604813279300506,4.792699168837896,COMPLETE
540,0.0801,0.13187793457552233,1.441782102972152,1.2992706708708701,0.022872403443138362,1.1455582253601304,COMPLETE
541,0.0664,0.12856617541377735,4.831351586770396,1.0000874311382033,0.0909767792216294,0.7242985480394712,COMPLETE
542,0.1234,0.7603278690106579,2.5499905434855306,5.950827672861153,1224.788549710177,0.7306953052604724,COMPLETE
543,0.0866,0.4732974848951321,7.489439152524652,1.8145138315019835,195.31751467983707,0.5084006019933035,COMPLETE
544,0.07835,0.39454231590080896,7.398979747077997,4.641409487658536,2.4792588435669867,32.402251569270184,COMPLETE
545,0.13765,0.8190271467081497,4.477320221085238,9.933529862520766,1476.1251734596226,0.5137085673411959,COMPLETE
546,0.07045,0.20342591000015028,7.489439152524652,1.0000874311382033,59.248457815954794,62.493815744501724,COMPLETE
547,0.07755,0.3013760215248567,7.489439152524652,1.276631636458871,5.6878068615007775,0.012184538320338771,COMPLETE
548,0.13555,0.8976100562968142,6.998570432374837,8.928904969540103,2758.2044299778786,1.1455582253601304,COMPLETE
549,0.10895,0.5777417110620963,3.7633712237639454,3.671728269451662,61.128832411058866,0.0367758044805299,COMPLETE
550,0.0814,0.3111574344707034,7.398979747077997,3.0156649020845308,0.01333967025299093,32.402251569270184,COMPLETE
551,0.09075,0.5610999879890772,7.221781628954063,7.451337432117496,0.4111694316312813,11.34645454198699,COMPLETE
552,0.08495,0.1305856387661184,1.1859436416930684,1.2992706708708701,0.022872403443138362,0.5985950343657075,COMPLETE
553,0.13725,0.906402385855373,5.608567316603186,9.933529862520766,1476.1251734596226,4.792699168837896,COMPLETE
554,0.08015,0.377679679020452,7.489439152524652,1.8145138315019835,0.06524936907679514,0.04841802788233872,COMPLETE
555,0.08845,0.5487906220336844,7.024794826874063,5.950827672861153,0.01333967025299093,2.1102891532478085,COMPLETE
556,0.13835,0.87994583309559,5.533052512370508,7.451337432117496,1726.8598499372624,2.1102891532478085,COMPLETE
557,0.10545,0.5948113101508725,4.7598131006046644,5.950827672861153,30.54779366423335,0.5985950343657075,COMPLETE
558,0.1176,0.6380021841374253,7.071954511121835,1.9089523660217274,5529.596525796676,4.8269015675922065,COMPLETE
559,0.07375,0.3467265355954189,2.981662124317787,3.3704975429349244,0.01333967025299093,0.7306953052604724,COMPLETE
560,0.1062,0.5502861872373527,7.257271731141275,1.8188462380290327,6755.71174442274,0.10188123727020375,COMPLETE
561,0.06685,0.2061000299200939,5.827113301687939,1.3296769002026185,7.325241287164646,0.5985950343657075,COMPLETE
562,0.0929,0.4002228359577934,5.5150049043702545,1.4973801307178418,560.4775189597802,44.76380938653201,COMPLETE
563,0.08715,0.5211023368915321,2.6559084392829235,2.2119027367625876,874.1330303163832,1.526275265602974,COMPLETE
564,0.0808,0.4225998034224606,6.812644630608508,4.452959544077785,0.747253043227065,4.8269015675922065,COMPLETE
565,0.0704,0.2030514562282032,5.827113301687939,1.3296769002026185,1.1438363289855793,0.5084006019933035,COMPLETE
566,0.0808,0.34867362463159657,5.827113301687939,4.274226060930464,0.01333967025299093,39.623551661500684,COMPLETE
567,0.08745,0.46882522100131885,6.086053401403324,2.8320734546831314,0.04102984570986746,0.028060249127075575,COMPLETE
568,0.0762,0.3475002311029226,7.398979747077997,1.2992706708708701,61.128832411058866,0.013485409145721229,COMPLETE
569,0.08635,0.4955706535942707,7.257271731141275,7.716956152431088,0.9615552540100645,51.837057486367705,COMPLETE
570,0.12425,0.7506738799140837,7.489439152524652,6.181810113006519,1224.788549710177,0.41678774153157633,COMPLETE
571,0.08085,0.4400556145809849,6.516105227053193,5.647247105570762,0.022872403443138362,31.139068878968317,COMPLETE
572,0.0752,0.3793434611308545,7.489439152524652,2.2731979694506776,0.4111694316312813,0.41678774153157633,COMPLETE
