number,values_0,values_1,params_delta_deg,params_gamma,params_lambda1,params_lambda2,params_lambda3,params_lambda4,state
2648,0.0816,0.7349937662872438,6.943625321882633,9.890916012877245,3090.9457533461396,51.0531204742495,5.192615578479196,3.407169759582504e-13,COMPLETE
2649,0.09535,0.6478819418453777,4.958426658725357,8.359124144204223,0.4634053899763641,0.35896798769406363,0.2860894901946454,3.0541645143911065e-11,COMPLETE
2650,0.05985,0.27863637607894054,4.3548083271808515,1.3526137167003873,0.4634053899763641,51.0531204742495,3.6008094906658137,3.649569116806477e-06,COMPLETE
2651,0.08115,0.7340039402215117,7.296565715563787,9.29886475249584,0.6975592224319972,0.12480776742786713,0.01777158201797886,8.720647859508846e-11,COMPLETE
2652,0.07865,0.6406440084587034,7.051402036894628,6.875144787901625,2.2526238626393873,186.9306125540257,3.6008094906658137,8.564477591299451e-11,COMPLETE
2653,0.0722,0.17965784411389776,3.0455122299916,1.0726049388472807,2661.553121751245,51.0531204742495,17.543999742650467,8.720647859508846e-11,COMPLETE
2654,0.10225,0.6341506012156819,6.943625321882633,2.323481330663308,3090.9457533461396,0.047570004104159534,0.764092524644605,3.407169759582504e-13,COMPLETE
2655,0.09865,0.4944520864484417,5.719667260978259,6.875144787901625,1959.4307479530696,0.1013397086496358,76.57127726580364,2.512564625118338e-05,COMPLETE
2656,0.1211,0.8049283303267211,4.050574348074197,6.875144787901625,208.22607295194175,0.004569612957571183,0.010490863545892863,3.0092675819548274e-09,COMPLETE
2657,0.07775,0.41160054688418657,3.7523591558107,2.2991799521485987,0.016767417635497637,110.16646134717259,1.1961286443235215,3.0092675819548274e-09,COMPLETE
2658,0.0654,0.29817064997212417,1.4115954242146775,1.0726049388472807,27.46879153878267,541.6667412583575,5.192615578479196,5.521087576123659e-10,COMPLETE
2659,0.06995,0.45814896906089014,6.019990742215804,3.9944594338373487,0.1784805460542277,0.4878712301792302,3.6008094906658137,1.9043961097477443e-12,COMPLETE
2660,0.07455,0.5260443354903279,1.9671531481359397,8.359124144204223,0.07261268023359602,0.03029975122141938,8.213868348493142,5.521087576123659e-10,COMPLETE
2661,0.06705,0.5802261773408953,7.051402036894628,6.077799520470157,1.8442663426239594,168.65252268697844,0.01777158201797886,3.9694167750317793e-10,COMPLETE
2662,0.10095,0.5530545686614032,4.958426658725357,6.67929460016964,0.4634053899763641,4.006173959705789,3.6008094906658137,3.0541645143911065e-11,COMPLETE
2663,0.0933,0.6760454211951833,4.595955616422972,6.875144787901625,7843.277665583187,3.858204027730059,59.2437895529571,4.331365543927414e-05,COMPLETE
2664,0.1212,0.8216448469370842,7.051402036894628,6.875144787901625,4765.1230867966415,0.06857317261521613,0.11060646004395691,5.521087576123659e-10,COMPLETE
2665,0.09075,0.7507157083275764,7.491453905458799,5.925068568790166,123.52077947060401,0.08755680934938086,64.25690200330858,5.314026320276268e-08,COMPLETE
2666,0.0516,0.22227281053987463,4.3548083271808515,1.3526137167003873,12.412723646412944,222.05611037819423,76.57127726580364,1.621364679176634e-08,COMPLETE
2667,0.1076,0.7847897084122137,4.335111916469993,8.33604695260721,2661.553121751245,1.2594502646806938,2.4710813083340644,7.242135537625552e-11,COMPLETE
2668,0.05095,0.3568169402489937,7.051402036894628,2.0257967011631655,29.51721596859741,3.858204027730059,59.2437895529571,4.331365543927414e-05,COMPLETE
2669,0.11445,0.6031807017574837,4.958426658725357,8.359124144204223,0.4634053899763641,186.9306125540257,3.6008094906658137,3.0541645143911065e-11,COMPLETE
2670,0.07305,0.5185302252147815,6.103623020551158,8.359124144204223,0.4634053899763641,0.3710234766141632,4.230818933588808,3.649569116806477e-06,COMPLETE
2671,0.07045,0.34698544451885066,2.9455290040971467,2.6338329439397503,123.52077947060401,1.5630282565660134,14.732118064935978,3.787929895519139e-07,COMPLETE
2672,0.0949,0.7263967228637349,4.52285312297683,8.359124144204223,3090.9457533461396,0.0012685969128527178,0.04082369646290137,1.9897264125379086e-06,COMPLETE
2673,0.07,0.5199070397504572,4.958426658725357,6.875144787901625,0.07261268023359602,0.4878712301792302,3.6008094906658137,3.0541645143911065e-11,COMPLETE
2674,0.09415,0.5223857765201078,6.669240702645416,7.242098619980624,0.014162338396506723,186.9306125540257,0.0247605531247782,3.811801850956625e-07,COMPLETE
2675,0.0578,0.5100705151155718,4.3548083271808515,5.887768334186823,0.012011190400256897,1.2594502646806938,17.543999742650467,3.649569116806477e-06,COMPLETE
2676,0.10885,0.7077990721721968,7.296565715563787,6.875144787901625,2661.553121751245,0.1013397086496358,0.01777158201797886,3.787929895519139e-07,COMPLETE
2677,0.0778,0.19964103797013572,5.439590829177734,1.7519510271087413,1.8442663426239594,0.047570004104159534,0.022370880578645076,3.649569116806477e-06,COMPLETE
2678,0.0861,0.2851249919208896,7.296565715563787,1.0754882498335592,2661.553121751245,1.2594502646806938,0.024286903530613496,3.9694167750317793e-10,COMPLETE
2679,0.06745,0.27699025366741614,3.0455122299916,2.5118580794078285,0.11118838397050779,51.0531204742495,59.2437895529571,5.521087576123659e-10,COMPLETE
2680,0.07105,0.4440164232710963,3.7523591558107,2.2991799521485987,0.016767417635497637,110.16646134717259,2.606433764399818,1.7411112824373338e-14,COMPLETE
2681,0.0631,0.43503479743721646,5.686980021608849,2.5118580794078285,1.9562826277387932,0.047570004104159534,59.2437895529571,2.1811143402963018e-10,COMPLETE
2682,0.12455,0.7321890107630619,5.719667260978259,3.9944594338373487,208.22607295194175,0.009707433566872849,0.010490863545892863,3.787929895519139e-07,COMPLETE
2683,0.0748,0.2686242317876879,2.898877644797926,7.242098619980624,1.8278642465471888,186.9306125540257,0.0247605531247782,3.649569116806477e-06,COMPLETE
2684,0.0737,0.5750743168497124,4.3548083271808515,7.8078637347278095,0.1784805460542277,0.5362196401258538,0.19862818939527815,1.420767041648384e-14,COMPLETE
2685,0.06545,0.3446489304691449,5.719667260978259,1.4060210204048722,104.61067826393281,0.3710234766141632,80.46577679760097,3.649569116806477e-06,COMPLETE
2686,0.08555,0.45081975011018993,5.719667260978259,2.2991799521485987,0.016767417635497637,415.17558491884034,24.273118271698515,1.621364679176634e-08,COMPLETE
2687,0.1011,0.699989771122614,5.719667260978259,6.875144787901625,17.366929274318196,0.009707433566872849,0.04082369646290137,3.787929895519139e-07,COMPLETE
2688,0.0994,0.501270486286968,5.439590829177734,9.890916012877245,12.412723646412944,0.047570004104159534,0.027954982389527053,1.9897264125379086e-06,COMPLETE
2689,0.07,0.6104102245787216,4.958426658725357,5.798756886503692,208.22607295194175,1.5630282565660134,3.6008094906658137,3.787929895519139e-07,COMPLETE
2690,0.1124,0.2889175056736579,7.051402036894628,3.7679807510816494,2484.344497646969,5.054984284069897,0.11060646004395691,5.521087576123659e-10,COMPLETE
2691,0.0905,0.587176682579745,6.943625321882633,7.8078637347278095,0.4634053899763641,546.754814234046,0.010117774078155787,1.9043961097477443e-12,COMPLETE
2692,0.0721,0.27641833434948354,3.0455122299916,1.7519510271087413,65.16446939922409,51.0531204742495,76.57127726580364,1.621364679176634e-08,COMPLETE
2693,0.0513,0.15320398237390256,6.103623020551158,2.2991799521485987,74.38074043935653,110.16646134717259,0.01777158201797886,3.649569116806477e-06,COMPLETE
2694,0.03485,0.2528423174179465,5.553661359325831,1.0726049388472807,2.2526238626393873,51.0531204742495,3.6008094906658137,5.432263014140687e-13,COMPLETE
2695,0.0931,0.7232502391107312,4.958426658725357,8.359124144204223,2484.344497646969,5.054984284069897,11.478928737247317,3.4569675073634465e-13,COMPLETE
2696,0.0533,0.30019600954249653,5.989976616159035,1.7519510271087413,1.8442663426239594,5.054984284069897,76.57127726580364,1.0518800793720384e-06,COMPLETE
2697,0.09255,0.6395995646421054,6.019990742215804,6.641926976422129,0.1784805460542277,107.59872434463156,37.30186529325076,8.720647859508846e-11,COMPLETE
2698,0.0428,0.20179399575809007,6.351039989269435,1.0726049388472807,12.412723646412944,107.59872434463156,34.574222073764446,3.0541645143911065e-11,COMPLETE
2699,0.0817,0.6516112410699016,4.958426658725357,8.359124144204223,0.4634053899763641,186.9306125540257,5.192615578479196,3.0541645143911065e-11,COMPLETE
2700,0.12945,0.7854389015554438,5.989976616159035,9.890916012877245,3090.9457533461396,0.047570004104159534,0.983738614339313,3.407169759582504e-13,COMPLETE
2701,0.11525,0.7518255885545496,5.439590829177734,8.33604695260721,3090.9457533461396,0.08636455706293805,11.478928737247317,1.9897264125379086e-06,COMPLETE
2702,0.08435,0.43346000804338874,3.0455122299916,3.9944594338373487,0.4634053899763641,118.81808441656808,8.213868348493142,0.0007168376164894876,COMPLETE
2703,0.1217,0.8169854588931792,5.439590829177734,9.890916012877245,3090.9457533461396,0.047570004104159534,0.04082369646290137,3.407169759582504e-13,COMPLETE
2704,0.12945,0.7398698893229579,4.958426658725357,8.359124144204223,2661.553121751245,0.01704017944188197,17.543999742650467,1.9897264125379086e-06,COMPLETE
2705,0.05495,0.2271815844977295,2.182424545134206,1.3526137167003873,0.016782953301375962,24.489117491436506,34.574222073764446,5.521087576123659e-10,COMPLETE
2706,0.11795,0.7457235739019177,5.686980021608849,6.875144787901625,7843.277665583187,0.049178309942622116,0.3268342033173107,3.787929895519139e-07,COMPLETE
2707,0.07895,0.01769351075377214,6.351039989269435,1.0726049388472807,208.22607295194175,107.59872434463156,0.010490863545892863,3.787929895519139e-07,COMPLETE
2708,0.06455,0.6301172814275096,7.296565715563787,6.641926976422129,0.016767417635497637,0.12480776742786713,0.01777158201797886,8.720647859508846e-11,COMPLETE
2709,0.11135,0.7995123542666502,5.439590829177734,9.890916012877245,3090.9457533461396,0.24909180507580628,8.213868348493142,3.649569116806477e-06,COMPLETE
2710,0.04695,0.17646009604840168,2.749285360279842,1.0726049388472807,1216.3532598800487,107.59872434463156,34.574222073764446,9.787752692175531e-12,COMPLETE
2711,0.0582,0.20201472886867586,4.958426658725357,1.0726049388472807,0.4634053899763641,0.005989617667913635,0.010117774078155787,3.0092675819548274e-09,COMPLETE
2712,0.06825,0.5481755861413743,4.958426658725357,8.359124144204223,0.4634053899763641,1.5630282565660134,3.6008094906658137,3.0541645143911065e-11,COMPLETE
2713,0.0868,0.7810264016953489,7.296565715563787,8.741900816624833,123.52077947060401,0.12480776742786713,14.732118064935978,2.2563515925025537e-09,COMPLETE
2714,0.107,0.736105977594494,7.296565715563787,6.641926976422129,2661.553121751245,2.662119446815355,39.176185024238755,1.9966846764723044e-10,COMPLETE
2715,0.0969,0.5054608858402275,4.050574348074197,8.359124144204223,0.4634053899763641,1.5630282565660134,3.6008094906658137,3.0092675819548274e-09,COMPLETE
2716,0.1125,0.6276261117662933,3.6433674915888754,6.641926976422129,2661.553121751245,1.2594502646806938,17.543999742650467,1.9897264125379086e-06,COMPLETE
2717,0.0728,0.423337922889612,4.958426658725357,2.6338329439397503,1.8442663426239594,0.023706701165072952,3.6008094906658137,3.9694167750317793e-10,COMPLETE
2718,0.1153,0.7967368137387935,7.051402036894628,5.7230005221098805,208.22607295194175,0.021643126046848368,0.6712497062878992,8.564477591299451e-11,COMPLETE
2719,0.07845,0.6502938158474124,4.958426658725357,8.359124144204223,2661.553121751245,126.69863438015521,3.6008094906658137,8.720647859508846e-11,COMPLETE
2720,0.06985,0.5134340730732208,7.051402036894628,6.875144787901625,0.4634053899763641,0.4878712301792302,3.6008094906658137,8.564477591299451e-11,COMPLETE
2721,0.0973,0.22528823267701545,2.1679202561673856,8.359124144204223,0.07261268023359602,0.004569612957571183,1.1961286443235215,3.787929895519139e-07,COMPLETE
2722,0.04515,0.19903371025502684,6.943625321882633,1.0726049388472807,0.4634053899763641,0.047570004104159534,0.764092524644605,3.407169759582504e-13,COMPLETE
2723,0.0531,0.03518462618939251,3.7523591558107,6.641926976422129,0.016767417635497637,110.16646134717259,0.01777158201797886,5.7687214602928755e-05,COMPLETE
2724,0.0786,0.5721722371707617,5.719667260978259,2.2991799521485987,123.52077947060401,0.06857317261521613,0.01777158201797886,9.787752692175531e-12,COMPLETE
2725,0.0468,0.3524843046401913,4.3548083271808515,1.3526137167003873,0.07261268023359602,107.59872434463156,5.192615578479196,3.649569116806477e-06,COMPLETE
2726,0.09965,0.7775860792478198,7.268456678053456,6.875144787901625,208.22607295194175,0.06857317261521613,14.732118064935978,3.787929895519139e-07,COMPLETE
2727,0.0798,0.07035156503287388,4.357841304786858,8.911443008432846,208.22607295194175,1.5630282565660134,0.010490863545892863,3.787929895519139e-07,COMPLETE
2728,0.06575,0.5016194073843434,4.911803020913776,6.641926976422129,0.6975592224319972,0.12480776742786713,17.543999742650467,8.720647859508846e-11,COMPLETE
2729,0.1053,0.6602212763530423,6.351039989269435,8.359124144204223,0.4634053899763641,186.9306125540257,3.6008094906658137,3.0541645143911065e-11,COMPLETE
2730,0.06025,0.6563212664751531,6.019990742215804,3.786492049701135,123.52077947060401,0.06857317261521613,12.549082694764847,1.9043961097477443e-12,COMPLETE
2731,0.0784,0.5233098069488779,4.323183689658337,8.359124144204223,0.4634053899763641,1.5630282565660134,2.4710813083340644,3.787929895519139e-07,COMPLETE
2732,0.09745,0.6274419520470379,4.958426658725357,8.359124144204223,0.4634053899763641,0.0019644722540153475,3.6008094906658137,3.407169759582504e-13,COMPLETE
2733,0.06905,0.5472367596113977,7.051402036894628,6.875144787901625,0.07261268023359602,0.06857317261521613,0.3359486683616324,8.564477591299451e-11,COMPLETE
2734,0.05715,0.5513533713696803,4.958426658725357,8.359124144204223,0.03226310028918678,0.13975215645231487,3.6008094906658137,9.787752692175531e-12,COMPLETE
2735,0.10995,0.6741286079383597,2.8467952672042545,6.875144787901625,208.22607295194175,0.08755680934938086,0.49106969850296894,8.564477591299451e-11,COMPLETE
2736,0.05385,0.4027623727762999,6.808438796820331,2.2991799521485987,0.016767417635497637,556.0142907503257,0.01777158201797886,3.407169759582504e-13,COMPLETE
2737,0.0619,0.2542981221258869,3.7523591558107,1.694143147749838,0.07261268023359602,0.12480776742786713,0.01777158201797886,2.394904825074999e-06,COMPLETE
2738,0.0945,0.5572395673599252,5.972736102749277,3.3801923275388828,0.4634053899763641,546.754814234046,80.46577679760097,3.649569116806477e-06,COMPLETE
2739,0.12925,0.8583992918466201,7.051402036894628,9.890916012877245,3090.9457533461396,0.047570004104159534,0.04082369646290137,3.9694167750317793e-10,COMPLETE
2740,0.07375,0.6119002119445484,4.958426658725357,8.359124144204223,14.666267870204189,38.46487319760936,5.192615578479196,2.5464845006305572e-12,COMPLETE
2741,0.07655,0.6894857485403089,4.335111916469993,8.33604695260721,3735.3139505392583,186.9306125540257,3.6008094906658137,5.432263014140687e-13,COMPLETE
2742,0.0994,0.473675746189995,5.439590829177734,1.0726049388472807,3090.9457533461396,0.047570004104159534,5.192615578479196,5.521087576123659e-10,COMPLETE
2743,0.0521,0.26042524917583676,6.943625321882633,1.0726049388472807,0.4634053899763641,0.032272819211667525,0.010117774078155787,3.0092675819548274e-09,COMPLETE
2744,0.0733,0.32793666937539934,5.989976616159035,2.2991799521485987,1.8442663426239594,110.16646134717259,0.01777158201797886,9.787752692175531e-12,COMPLETE
2745,0.06925,0.3342422846391315,7.051402036894628,2.2991799521485987,0.016767417635497637,811.5775487379051,0.06113772194050231,1.7411112824373338e-14,COMPLETE
2746,0.0532,0.3772307384416587,6.103623020551158,1.5393353821719025,104.61067826393281,0.3710234766141632,80.46577679760097,3.649569116806477e-06,COMPLETE
2747,0.063,0.4250774532794487,4.958426658725357,2.6338329439397503,208.22607295194175,1.5630282565660134,1.9393284265609558,3.787929895519139e-07,COMPLETE
2748,0.07965,0.5982146320093426,4.958426658725357,6.875144787901625,0.07261268023359602,0.4878712301792302,0.02571409385833883,8.564477591299451e-11,COMPLETE
2749,0.09005,0.480567475117481,3.3463114818935824,1.7519510271087413,2484.344497646969,5.054984284069897,0.5944809570700597,3.407169759582504e-13,COMPLETE
2750,0.08585,0.6285772842301597,5.989976616159035,9.890916012877245,1.8442663426239594,5.054984284069897,0.9653773690959568,3.407169759582504e-13,COMPLETE
2751,0.0484,0.42813935389083196,7.296565715563787,2.6338329439397503,12.412723646412944,1.5630282565660134,3.6008094906658137,5.244114778590987e-13,COMPLETE
2752,0.07345,0.5855308560496606,4.3548083271808515,4.476342991817455,12.412723646412944,478.0296358948116,0.49106969850296894,3.649569116806477e-06,COMPLETE
2753,0.0649,0.40133291789968756,6.019990742215804,1.7519510271087413,1.8442663426239594,144.04580726349778,1.148889925973719,1.621364679176634e-08,COMPLETE
2754,0.08175,0.5857805319364269,7.051402036894628,3.594796830177068,2484.344497646969,28.812018764964485,11.478928737247317,7.242135537625552e-11,COMPLETE
2755,0.0729,0.1986264389450069,5.719667260978259,8.359124144204223,208.22607295194175,186.9306125540257,0.010490863545892863,5.432263014140687e-13,COMPLETE
2756,0.0602,0.3140197273294836,3.7523591558107,2.2991799521485987,0.5562491866227733,0.047570004104159534,2.606433764399818,1.7411112824373338e-14,COMPLETE
2757,0.08655,0.6855202460526872,4.958426658725357,8.359124144204223,2.2526238626393873,186.9306125540257,3.6008094906658137,5.432263014140687e-13,COMPLETE
2758,0.0609,0.5292502768147579,5.719667260978259,5.694234883337399,0.4634053899763641,1.5630282565660134,3.6008094906658137,3.787929895519139e-07,COMPLETE
2759,0.05805,0.5137356963440112,4.958426658725357,2.2991799521485987,0.016767417635497637,697.879271317734,3.6008094906658137,9.787752692175531e-12,COMPLETE
2760,0.0922,0.7234555178805232,7.491453905458799,5.20397561597712,123.52077947060401,0.06857317261521613,16.906813915737292,3.0541645143911065e-11,COMPLETE
2761,0.10045,0.5984102866458828,7.491453905458799,6.875144787901625,123.52077947060401,54.57521262916102,0.49106969850296894,2.7450837872793553e-11,COMPLETE
2762,0.0484,0.2284214203251824,4.958426658725357,1.0726049388472807,0.4634053899763641,51.0531204742495,5.192615578479196,5.521087576123659e-10,COMPLETE
2763,0.12785,0.7983327904517664,4.958426658725357,9.890916012877245,3090.9457533461396,0.047570004104159534,0.04082369646290137,3.649569116806477e-06,COMPLETE
2764,0.07705,0.511400196237829,7.296565715563787,6.641926976422129,12.412723646412944,0.3710234766141632,34.574222073764446,8.720647859508846e-11,COMPLETE
2765,0.0672,0.4538755288393022,4.797597292147365,2.2991799521485987,1364.8684921038048,5.054984284069897,11.478928737247317,3.407169759582504e-13,COMPLETE
2766,0.0948,0.5883132669913989,5.686980021608849,6.875144787901625,571.7308381470589,328.8589315043546,2.2975212902836124,4.331365543927414e-05,COMPLETE
2767,0.0917,0.7675936476488793,4.335111916469993,8.33604695260721,2661.553121751245,1.2594502646806938,2.4710813083340644,3.649569116806477e-06,COMPLETE
2768,0.04565,0.3183370365542175,7.051402036894628,1.7519510271087413,12.412723646412944,107.59872434463156,0.013185955301391893,3.9694167750317793e-10,COMPLETE
2769,0.0834,0.22430987931849058,2.5463265882383253,1.3526137167003873,12.412723646412944,0.5362196401258538,34.574222073764446,3.649569116806477e-06,COMPLETE
2770,0.07845,0.42320027618855693,4.0642698965443484,4.270307435684465,0.4634053899763641,0.4878712301792302,8.213868348493142,7.379765699163849e-06,COMPLETE
2771,0.0775,0.8262383951037812,5.989976616159035,8.741900816624833,2484.344497646969,5.054984284069897,11.478928737247317,7.242135537625552e-11,COMPLETE
2772,0.10275,0.6766286737765724,6.943625321882633,8.741900816624833,3.736301540974822,186.9306125540257,3.6008094906658137,3.0541645143911065e-11,COMPLETE
2773,0.1333,0.8282065995280234,5.439590829177734,9.890916012877245,3090.9457533461396,0.047570004104159534,0.04082369646290137,1.9897264125379086e-06,COMPLETE
2774,0.08435,0.6871349840267695,6.943625321882633,9.890916012877245,0.4634053899763641,0.05564315315248067,0.010117774078155787,3.439124564793121e-10,COMPLETE
2775,0.0736,0.37770921303322513,4.3548083271808515,1.3526137167003873,12.412723646412944,107.59872434463156,0.764092524644605,3.649569116806477e-06,COMPLETE
2776,0.0587,0.2814444119455388,4.958426658725357,1.075772612322574,104.61067826393281,0.3710234766141632,0.46192126460289157,4.1061257385402765e-12,COMPLETE
2777,0.0636,0.19607789736292078,6.019990742215804,1.2997368745646833,0.014162338396506723,186.9306125540257,0.0247605531247782,3.811801850956625e-07,COMPLETE
2778,0.07845,0.5491474782380499,6.657264965802859,2.6338329439397503,18.73717419604635,0.12480776742786713,0.01777158201797886,3.787929895519139e-07,COMPLETE
2779,0.08925,0.6606466724593516,4.050574348074197,5.751620494688234,0.32572575960431777,1.2594502646806938,0.11207487538679611,3.0092675819548274e-09,COMPLETE
2780,0.0509,0.34096822783995656,4.797597292147365,1.7519510271087413,0.9189234415924923,4.006173959705789,8.213868348493142,3.407169759582504e-13,COMPLETE
2781,0.0848,0.6571969701500313,4.958426658725357,8.359124144204223,0.4634053899763641,4.006173959705789,3.6008094906658137,3.407169759582504e-13,COMPLETE
2782,0.08035,0.684363068099192,5.719667260978259,3.3801923275388828,208.22607295194175,0.1013397086496358,0.01777158201797886,3.787929895519139e-07,COMPLETE
2783,0.08175,0.6621042533123896,5.831924128699101,9.005191730775431,123.52077947060401,1.2594502646806938,14.732118064935978,5.497725196032185e-12,COMPLETE
2784,0.0962,0.46489577315042935,6.019990742215804,3.786492049701135,225.7455353017463,0.3600053543517081,0.011545069123388551,1.9043961097477443e-12,COMPLETE
2785,0.09875,0.8175221924714059,5.600307743396418,7.8078637347278095,3090.9457533461396,0.5362196401258538,2.5245438758434986,3.407169759582504e-13,COMPLETE
2786,0.0702,0.4927483541066189,3.684217243575165,8.359124144204223,2.2526238626393873,1.5630282565660134,59.2437895529571,2.8823884534485884e-12,COMPLETE
