number,values_0,values_1,params_delta_deg,params_gamma,params_lambda1,params_lambda3,state
573,0.09715,0.30076143030099783,2.0489104092794572,3.0156649020845308,61.128832411058866,32.402251569270184,COMPLETE
574,0.10025,0.43469421182158746,6.743337396038037,1.3296769002026185,1136.9451617293491,0.10141910913437638,COMPLETE
575,0.0756,0.37160261390093297,5.34350018162054,1.3296769002026185,343.73057923520304,1.4141176649591676,COMPLETE
576,0.0732,0.2031262075560465,7.489439152524652,1.2992706708708701,0.022872403443138362,0.5985950343657075,COMPLETE
577,0.0655,0.1263552913782744,5.5150049043702545,1.0000874311382033,0.018390768474999004,4.36689550713298,COMPLETE
578,0.08755,0.5736821317512355,7.351751324003693,4.380785571301074,20.742218430268597,0.7242985480394712,COMPLETE
579,0.0873,0.532485760427775,7.257271731141275,5.196045314781185,0.553785482757867,1.526275265602974,COMPLETE
580,0.0992,0.5648082105554051,7.257271731141275,1.9089523660217274,1726.8598499372624,0.20049180702413955,COMPLETE
581,0.0905,0.30016134946674283,5.5150049043702545,1.3296769002026185,21.347802997410746,0.03553565138752898,COMPLETE
582,0.0838,0.1995354460604954,5.5150049043702545,1.4973801307178418,0.4151300336664831,0.5985950343657075,COMPLETE
583,0.1064,0.6906159501542752,7.351751324003693,8.936771842662786,117.01164712837071,72.57830932179442,COMPLETE
584,0.06395,0.17764141294306585,6.8435536313626235,1.1679739768270172,0.025890681393685437,0.5985950343657075,COMPLETE
585,0.1132,0.6455995564300839,5.015087845644564,3.671714116833704,1476.1251734596226,44.503854704246386,COMPLETE
586,0.07265,0.1980485753084255,7.351751324003693,1.2992706708708701,0.022872403443138362,0.7242985480394712,COMPLETE
587,0.11425,0.7535549799747292,3.6814838263200875,5.138422968993321,6755.71174442274,2.1102891532478085,COMPLETE
588,0.0681,0.3035346665497756,7.489439152524652,1.2992706708708701,0.022872403443138362,0.05598321141439268,COMPLETE
589,0.06955,0.18975984385961533,7.339695485358947,1.2992706708708701,0.4111694316312813,0.5985950343657075,COMPLETE
590,0.0983,0.47882906730709257,2.981662124317787,5.950827672861153,0.01333967025299093,0.7306953052604724,COMPLETE
591,0.08305,0.4224935051068622,7.398979747077997,1.2992706708708701,252.53629816226885,0.08614457198150818,COMPLETE
592,0.0849,0.4781228508389171,5.924968320441979,3.0156649020845308,61.128832411058866,0.5985950343657075,COMPLETE
593,0.1383,0.9194338221638285,7.489439152524652,9.988586281068551,1476.1251734596226,4.792699168837896,COMPLETE
594,0.0702,0.18546669495607043,6.8435536313626235,1.1679739768270172,5.6878068615007775,0.7306953052604724,COMPLETE
595,0.1023,0.6136543306549025,5.939170481881678,7.716956152431088,0.9615552540100645,0.5985950343657075,COMPLETE
596,0.11985,0.7703919896477324,5.280090073895156,8.928904969540103,359.71457230765833,11.34645454198699,COMPLETE
597,0.07785,0.17956657338882534,6.787139115207842,1.2992706708708701,1.530981853484126,2.476864350072082,COMPLETE
598,0.07735,0.39082428862166624,7.489439152524652,3.0352039660395387,1.9411683121291674,0.7306953052604724,COMPLETE
599,0.07685,0.37520768111989644,2.981662124317787,3.3704975429349244,5.6878068615007775,0.5985950343657075,COMPLETE
600,0.08745,0.3583969783663149,5.939170481881678,3.1392541676763526,0.8528736319279135,3.9703371647893633,COMPLETE
601,0.1047,0.21611246342505683,2.981662124317787,1.1346648680960902,359.71457230765833,11.34645454198699,COMPLETE
602,0.07895,0.2126018651540614,7.257271731141275,1.6330926414372364,2.880805974985026,3.9703371647893633,COMPLETE
603,0.09375,0.23355859601370052,3.252763053211928,2.897556455574595,0.747253043227065,40.54643397435149,COMPLETE
604,0.1262,0.7147975509981115,6.217025098254848,2.773946398622405,1612.6377617603214,0.7306953052604724,COMPLETE
605,0.10825,0.5230532681026111,1.725904925943869,2.927585485032671,217.71044554738037,0.15844538267264555,COMPLETE
606,0.12065,0.5522328962740642,2.809763561673483,2.3413358912894533,5768.45317243549,3.106414608751711,COMPLETE
607,0.0527,0.2013437116437118,6.8435536313626235,1.1679739768270172,2.4792588435669867,44.76380938653201,COMPLETE
608,0.09475,0.42893597242294573,4.09336078573277,1.2992706708708701,1726.8598499372624,2.476864350072082,COMPLETE
609,0.08105,0.49723533050094165,4.933362998330481,4.730916168079807,5.6878068615007775,0.7306953052604724,COMPLETE
610,0.0853,0.17892147437760525,2.981662124317787,1.460118550937091,5.6878068615007775,0.5985950343657075,COMPLETE
611,0.0983,0.24941856740237536,1.8074553612387285,1.9942986112931376,117.01164712837071,0.725005173883511,COMPLETE
612,0.0767,0.2059697007273046,5.50979280878842,1.8098993968299304,1.7280887765526811,0.5985950343657075,COMPLETE
613,0.0919,0.5068020113316671,7.489439152524652,7.639970758565217,0.012032129433972293,11.34645454198699,COMPLETE
614,0.1408,0.8491606736810329,5.608567316603186,9.32057031103337,1476.1251734596226,4.792699168837896,COMPLETE
615,0.09135,0.5694857565541677,5.879452740058061,5.950827672861153,0.5549010274448358,0.5084006019933035,COMPLETE
616,0.14275,0.7101795187908378,4.767178139408607,7.451337432117496,6755.71174442274,0.05802752923585946,COMPLETE
617,0.11755,0.6507977792932887,6.086053401403324,5.950827672861153,5.6878068615007775,0.052882695912678586,COMPLETE
618,0.06835,0.22620356503839417,7.489439152524652,1.2992706708708701,0.48160356426463263,0.5985950343657075,COMPLETE
619,0.09025,0.4015026373372444,1.9772512066413426,5.196045314781185,1.9411683121291674,0.5084006019933035,COMPLETE
620,0.0977,0.26552484210071453,0.16819185436429607,7.639970758565217,61.128832411058866,32.402251569270184,COMPLETE
621,0.0922,0.5746288803128238,7.257271731141275,6.662419966226693,30.54779366423335,3.9703371647893633,COMPLETE
622,0.09275,0.3040871951731374,0.368086133617774,8.112362087197377,0.9615552540100645,13.809916121420061,COMPLETE
623,0.1272,0.6433951687759469,1.441782102972152,8.081625847692138,2758.2044299778786,0.025279470147293367,COMPLETE
624,0.0888,0.37651528907063114,2.809763561673483,1.5485659506631058,1476.1251734596226,7.216120785001902,COMPLETE
625,0.0791,0.2311543865034053,5.827113301687939,1.8145138315019835,2.880805974985026,50.35953754745184,COMPLETE
626,0.11105,0.6054778073490491,4.940397068324327,5.953569543226886,0.675650103955018,0.029394008467238587,COMPLETE
627,0.13105,0.8501887616694268,5.5150049043702545,8.081625847692138,1410.5125114019775,3.9703371647893633,COMPLETE
628,0.0798,0.227922664392879,6.812644630608508,1.8145138315019835,0.5549010274448358,3.0023683790225957,COMPLETE
629,0.1095,0.5901050030792501,7.257271731141275,2.3413358912894533,1726.8598499372624,0.13952611305740784,COMPLETE
630,0.0783,0.22406522126191517,7.351751324003693,1.1985696648228688,33.6901796650628,0.5985950343657075,COMPLETE
631,0.1032,0.38938896935580725,1.202525896976278,7.451337432117496,1.9411683121291674,0.9564906082100434,COMPLETE
632,0.12735,0.6395854977034745,7.471106253639345,3.88533203122593,6755.71174442274,0.0367758044805299,COMPLETE
633,0.09065,0.30549686943477444,7.386495200771071,1.8145138315019835,28.623301091967512,0.5985950343657075,COMPLETE
634,0.0955,0.5737874564010693,5.5150049043702545,8.053117581805795,0.019310802036540495,56.415035939637434,COMPLETE
635,0.0977,0.5352448175325051,5.608567316603186,4.274226060930464,0.4111694316312813,0.41678774153157633,COMPLETE
636,0.0963,0.4656852584417319,2.6559084392829235,9.413482932589199,0.4111694316312813,1.526275265602974,COMPLETE
637,0.12195,0.8236738042818228,7.386495200771071,9.767312130896007,384.81053681480347,2.1102891532478085,COMPLETE
638,0.0939,0.4813540468099105,6.998570432374837,9.767312130896007,0.01333967025299093,83.47898050711365,COMPLETE
639,0.06345,0.1829573101478113,7.321806062638004,1.2992706708708701,0.022872403443138362,0.5985950343657075,COMPLETE
640,0.12295,0.7272829511410491,4.940397068324327,3.0352039660395387,1688.3846346819648,0.725005173883511,COMPLETE
641,0.092,0.6340652770034095,7.257271731141275,7.451337432117496,0.7780556311068269,2.1102891532478085,COMPLETE
642,0.0956,0.6086905877019619,5.879452740058061,5.950827672861153,117.01164712837071,14.085970596752581,COMPLETE
643,0.1176,0.4246784942168831,1.441782102972152,8.928904969540103,20.742218430268597,1.1455582253601304,COMPLETE
644,0.11485,0.6296524308618568,5.395269085384518,5.950827672861153,0.08177585043274839,0.04107100463442563,COMPLETE
645,0.10145,0.4538524617063637,2.8901868284703602,7.451337432117496,0.022872403443138362,2.1102891532478085,COMPLETE
646,0.12675,0.8239423060696393,5.5150049043702545,6.375236854260541,874.1330303163832,1.526275265602974,COMPLETE
647,0.10685,0.7332621860359217,5.5150049043702545,5.196045314781185,560.4775189597802,1.526275265602974,COMPLETE
648,0.0904,0.47794941632764065,6.086053401403324,3.0156649020845308,61.128832411058866,32.402251569270184,COMPLETE
649,0.08655,0.43028359276783756,7.339695485358947,3.3704975429349244,0.4111694316312813,0.725005173883511,COMPLETE
650,0.0692,0.37060251464027,6.8435536313626235,1.6547770335219978,30.54779366423335,0.3224017511707687,COMPLETE
651,0.0936,0.2980373482487255,2.950184022331903,3.0352039660395387,6.254545821962169,0.7306953052604724,COMPLETE
652,0.1022,0.2138580680672468,2.809763561673483,1.1679739768270172,165.4041457150081,0.3262701891123551,COMPLETE
653,0.08025,0.41234772852496,7.489439152524652,1.8145138315019835,1.530981853484126,0.04841802788233872,COMPLETE
654,0.11465,0.658579979247532,7.489439152524652,8.081625847692138,0.012556146068378609,0.05388636481012267,COMPLETE
655,0.0743,0.15187981460551608,2.981662124317787,1.1679739768270172,0.08121912288919163,0.37182268232025456,COMPLETE
656,0.11435,0.5507820141622332,2.981662124317787,5.950827672861153,5.6878068615007775,0.16238582388044406,COMPLETE
657,0.10005,0.44106714337359737,1.441782102972152,8.928904969540103,0.675650103955018,1.1455582253601304,COMPLETE
658,0.13615,0.7546509040655336,2.401727703683239,9.168949538957689,6755.71174442274,2.1102891532478085,COMPLETE
659,0.0584,0.18677363206915082,7.257271731141275,1.1679739768270172,2.4792588435669867,0.17981524162462603,COMPLETE
660,0.08545,0.21262378245587094,2.809763561673483,1.8145138315019835,3.2751369517962585,0.3262701891123551,COMPLETE
661,0.07435,0.406790793173535,5.5150049043702545,3.0352039660395387,0.019310802036540495,0.48001073896625235,COMPLETE
662,0.08745,0.3299047556369079,5.5150049043702545,3.0352039660395387,10.622887591695337,3.9703371647893633,COMPLETE
663,0.103,0.6059075095574417,7.489439152524652,7.851239483829876,0.39899135365229954,0.5985950343657075,COMPLETE
664,0.0748,0.15541477276486654,3.2747710816522084,1.2992706708708701,0.019472350823366135,0.5985950343657075,COMPLETE
665,0.07685,0.39703083864089644,7.489439152524652,4.452959544077785,0.4111694316312813,84.3565935553037,COMPLETE
666,0.0677,0.3975565834843028,7.489439152524652,3.0352039660395387,0.019310802036540495,0.5985950343657075,COMPLETE
667,0.08785,0.23671328575950543,5.5150049043702545,1.6323187393662686,30.54779366423335,0.5985950343657075,COMPLETE
668,0.10275,0.25072210713800075,0.8625612463987165,3.0833888426451206,0.019310802036540495,0.48001073896625235,COMPLETE
669,0.1154,0.7121431398905383,5.280090073895156,8.928904969540103,359.71457230765833,11.34645454198699,COMPLETE
670,0.1014,0.5932300815085326,2.981662124317787,3.3704975429349244,61.128832411058866,0.0367758044805299,COMPLETE
671,0.11705,0.6759040184116697,5.879452740058061,5.950827672861153,61.128832411058866,0.04406143679654252,COMPLETE
672,0.09925,0.5610377502085261,6.998570432374837,5.950827672861153,0.01333967025299093,0.7306953052604724,COMPLETE
673,0.0766,0.20436676787399496,7.489439152524652,1.1785435018661643,30.54779366423335,0.3262701891123551,COMPLETE
674,0.0712,0.20427932899994336,6.8435536313626235,1.1679739768270172,30.54779366423335,0.5985950343657075,COMPLETE
675,0.13615,0.6112183036290737,1.441782102972152,9.933529862520766,2758.2044299778786,4.792699168837896,COMPLETE
676,0.08995,0.4499614895318988,4.767178139408607,5.950827672861153,5.6878068615007775,2.1102891532478085,COMPLETE
677,0.13015,0.8435048889445916,5.844598683695487,9.413482932589199,874.1330303163832,4.98000047945859,COMPLETE
678,0.06675,0.1999498343824606,5.939170481881678,1.2992706708708701,0.747253043227065,4.8269015675922065,COMPLETE
679,0.1328,0.7745260767368776,5.827113301687939,8.530140843518565,6755.71174442274,0.0802933707758411,COMPLETE
680,0.0993,0.49297102858651853,4.767178139408607,8.081625847692138,5.399461858555631,2.1102891532478085,COMPLETE
681,0.1107,0.686758842215586,6.812644630608508,9.988586281068551,20.742218430268597,0.5084006019933035,COMPLETE
682,0.1176,0.5468216896946788,5.879452740058061,9.933529862520766,5.6878068615007775,0.01551662305694451,COMPLETE
683,0.08055,0.22555093805032198,6.743337396038037,1.8145138315019835,0.060686759266904956,0.7242985480394712,COMPLETE
684,0.1129,0.7977780570151808,7.257271731141275,8.928904969540103,359.71457230765833,11.34645454198699,COMPLETE
685,0.1112,0.6526583625490548,6.086053401403324,8.081625847692138,1.9411683121291674,0.5985950343657075,COMPLETE
686,0.12665,0.8278649281297222,6.998570432374837,5.950827672861153,1099.3230530889539,0.7306953052604724,COMPLETE
687,0.0706,0.15903467525065834,5.5150049043702545,1.1679739768270172,2.4792588435669867,0.48001073896625235,COMPLETE
688,0.0617,0.22609979262328203,6.086053401403324,1.2992706708708701,0.675650103955018,0.08439204654823546,COMPLETE
689,0.133,0.8466022531964229,7.257271731141275,7.451337432117496,1726.8598499372624,3.9703371647893633,COMPLETE
690,0.07045,0.19894374569362808,7.257271731141275,1.4337389937811562,10.622887591695337,3.9703371647893633,COMPLETE
691,0.1125,0.48272074496714723,0.8283059650283109,8.053117581805795,0.747253043227065,0.046324885300484855,COMPLETE
692,0.1194,0.7260384322947269,5.34350018162054,3.0352039660395387,1959.71162585287,0.5985950343657075,COMPLETE
693,0.1318,0.6755607190798492,2.809763561673483,8.053117581805795,165.4041457150081,0.3262701891123551,COMPLETE
694,0.06575,0.15386193808532936,7.489439152524652,1.0000874311382033,4.45741836047812,0.41678774153157633,COMPLETE
695,0.06795,0.25726477204944925,7.489439152524652,2.026421902839677,0.10220350509308156,6.850474684443021,COMPLETE
696,0.08365,0.24388695345644723,6.577546535572638,1.2992706708708701,61.128832411058866,2.1102891532478085,COMPLETE
697,0.1004,0.5985905659946633,6.812644630608508,9.988586281068551,0.022872403443138362,3.0314973863447845,COMPLETE
698,0.0864,0.1264885744157996,1.441782102972152,1.2992706708708701,0.022872403443138362,1.1455582253601304,COMPLETE
699,0.08855,0.37536332620926655,1.8650866182859653,9.413482932589199,0.042780894925335995,3.9703371647893633,COMPLETE
700,0.11585,0.7735486432452255,5.5150049043702545,8.928904969540103,176.1689562057527,2.2531368643181033,COMPLETE
701,0.0747,0.37873116736319046,5.608567316603186,1.8145138315019835,165.4041457150081,4.792699168837896,COMPLETE
702,0.13635,0.8068982183068415,4.412835672570044,6.694798433810031,2758.2044299778786,2.2659877554138568,COMPLETE
703,0.0758,0.34373750398548875,7.398979747077997,3.0156649020845308,0.026501425908406737,32.402251569270184,COMPLETE
704,0.10295,0.6403762682184075,7.489439152524652,7.639970758565217,3.16903942623515,0.5985950343657075,COMPLETE
705,0.1023,0.6286735887417559,7.489439152524652,8.081625847692138,0.747253043227065,0.3690917902595738,COMPLETE
706,0.09805,0.27332007623784155,2.508478809811865,3.3704975429349244,5.6878068615007775,21.839478335466428,COMPLETE
707,0.09055,0.44926109770603295,7.257271731141275,5.196045314781185,1.9411683121291674,72.57830932179442,COMPLETE
708,0.065,0.28185602173354785,7.386495200771071,1.8145138315019835,0.013312218698214922,5.252393949938683,COMPLETE
709,0.09925,0.5374384043848761,5.119165972506073,4.409547955086392,117.01164712837071,72.57830932179442,COMPLETE
710,0.09855,0.6226458563319281,7.489439152524652,9.988586281068551,30.54779366423335,3.424450437713077,COMPLETE
711,0.10315,0.44936001383619323,5.608567316603186,1.1970752008006529,1476.1251734596226,4.792699168837896,COMPLETE
712,0.0994,0.23833581150985728,2.809763561673483,1.2992706708708701,165.4041457150081,0.3262701891123551,COMPLETE
713,0.11175,0.6739048156497359,5.608567316603186,4.274226060930464,1736.7413671770746,5.252393949938683,COMPLETE
714,0.0789,0.1320796471329861,2.8332382099018076,1.1679739768270172,2.4792588435669867,11.212206470940446,COMPLETE
715,0.09105,0.47833496237211137,2.401727703683239,5.950827672861153,0.01333967025299093,2.1102891532478085,COMPLETE
716,0.09155,0.4011139380465417,2.6559084392829235,5.184051655553281,0.013312218698214922,5.252393949938683,COMPLETE
717,0.09905,0.741058805591384,5.771538370922253,8.928904969540103,359.71457230765833,11.34645454198699,COMPLETE
718,0.0894,0.3792880571017903,2.981662124317787,3.7924963804241045,5.6878068615007775,0.725005173883511,COMPLETE
719,0.11735,0.607313453127488,4.940397068324327,8.053117581805795,0.037248736579537145,0.012441982170796397,COMPLETE
720,0.0884,0.47406339217048055,4.933362998330481,7.386392835559323,5.6878068615007775,18.253559898808334,COMPLETE
721,0.12455,0.6308387748599006,6.086053401403324,2.8320734546831314,6755.71174442274,0.052882695912678586,COMPLETE
722,0.11615,0.5533870221905455,7.43894604322575,2.8320734546831314,1136.9451617293491,0.052882695912678586,COMPLETE
723,0.1175,0.732843241388581,3.868372413641597,3.498560683934649,6755.71174442274,0.5985950343657075,COMPLETE
724,0.1383,0.8017244711328602,5.064876573659689,7.451337432117496,6755.71174442274,0.41678774153157633,COMPLETE
725,0.0764,0.3817254913161744,6.998570432374837,3.0352039660395387,0.01333967025299093,0.725005173883511,COMPLETE
726,0.13135,0.7984821374282867,3.6814838263200875,7.451337432117496,6755.71174442274,2.1102891532478085,COMPLETE
727,0.12075,0.7621411472498096,1.725904925943869,9.413482932589199,1476.1251734596226,0.6805162092954433,COMPLETE
728,0.11075,0.7720023704391309,5.939170481881678,9.040504855457417,359.71457230765833,4.8269015675922065,COMPLETE
729,0.1213,0.6870465248859244,5.34350018162054,3.0352039660395387,6755.71174442274,2.1102891532478085,COMPLETE
730,0.0832,0.23283110947918326,2.809763561673483,1.8145138315019835,0.024558867353668298,0.3262701891123551,COMPLETE
731,0.1041,0.6306987700895617,5.5150049043702545,8.081625847692138,0.020611542483676935,0.5985950343657075,COMPLETE
732,0.0838,0.31759364626178166,4.940397068324327,3.0352039660395387,2.136762935747518,0.725005173883511,COMPLETE
733,0.1218,0.7459133907654197,5.280090073895156,8.928904969540103,359.71457230765833,11.34645454198699,COMPLETE
734,0.0985,0.46033378144510606,1.306511615857259,4.452959544077785,0.2562333590637676,0.013484546642124796,COMPLETE
735,0.08295,0.25043783229750705,7.257271731141275,2.49763865355451,0.020980265674013752,6.969263071166659,COMPLETE
736,0.05965,0.20703844665520568,6.998570432374837,1.2992706708708701,0.022872403443138362,0.5985950343657075,COMPLETE
737,0.0965,0.7150862492193267,7.351751324003693,7.716956152431088,117.01164712837071,5.0368930258893405,COMPLETE
738,0.1068,0.576614852710161,5.195456910677447,9.988586281068551,0.01333967025299093,4.792699168837896,COMPLETE
739,0.07475,0.2493946504930581,7.398979747077997,1.2992706708708701,52.75935490775436,0.7306953052604724,COMPLETE
740,0.0965,0.6025240968259191,5.5150049043702545,1.4973801307178418,6755.71174442274,0.5985950343657075,COMPLETE
741,0.10355,0.6464819363194207,7.339695485358947,2.773946398622405,544.7140696991452,0.7306953052604724,COMPLETE
742,0.0978,0.6259487724350883,7.257271731141275,6.375236854260541,30.54779366423335,2.1102891532478085,COMPLETE
743,0.11355,0.6019740054203853,5.200455266856412,7.639970758565217,30.54779366423335,0.5985950343657075,COMPLETE
744,0.1158,0.6829997138310746,5.34350018162054,3.0352039660395387,359.71457230765833,0.22960027063941257,COMPLETE
745,0.09865,0.6293813760087427,7.489439152524652,8.081625847692138,4.6216117253800055,4.0357694266525,COMPLETE
746,0.11255,0.7093851479959883,6.471283480815907,5.196045314781185,2340.4359549640826,78.88455045492651,COMPLETE
747,0.0977,0.5500042892916974,5.5150049043702545,6.375236854260541,0.051172464266189786,0.7306953052604724,COMPLETE
748,0.08405,0.32094661230304644,7.398979747077997,3.0156649020845308,0.4111694316312813,32.402251569270184,COMPLETE
749,0.0995,0.6039940657596359,6.626284792072734,7.716956152431088,30.54779366423335,3.9703371647893633,COMPLETE
750,0.09855,0.622431780567253,6.8435536313626235,4.390239464358789,20.742218430268597,0.013144278893557864,COMPLETE
751,0.0841,0.13152611905562203,1.4804771613858871,1.2992706708708701,0.5867863035804757,23.404824647955007,COMPLETE
752,0.0945,0.33130368414488043,2.3087554871530505,3.3704975429349244,1.9411683121291674,0.25634791395633155,COMPLETE
753,0.0773,0.1059505081536513,2.944949040872062,1.0000874311382033,0.4111694316312813,0.41678774153157633,COMPLETE
754,0.104,0.288056490705596,1.725904925943869,1.2992706708708701,874.1330303163832,0.5985950343657075,COMPLETE
755,0.06885,0.35707636764424694,7.489439152524652,1.6830728729124345,116.68218004772335,15.635249172291681,COMPLETE
756,0.08395,0.3503532254172253,2.981662124317787,3.3704975429349244,10.45183100748425,0.725005173883511,COMPLETE
757,0.0917,0.5687258783621599,4.933821276765108,3.0352039660395387,220.50299042215326,0.725005173883511,COMPLETE
758,0.14555,0.8547601232876987,7.489439152524652,7.639970758565217,7486.669420633397,11.34645454198699,COMPLETE
759,0.07295,0.37473508509569087,7.386495200771071,1.1679739768270172,384.81053681480347,44.76380938653201,COMPLETE
760,0.0799,0.40937561426651614,7.489439152524652,3.0352039660395387,2.136762935747518,0.5985950343657075,COMPLETE
761,0.1018,0.5025716145307388,5.280090073895156,8.928904969540103,0.4111694316312813,11.34645454198699,COMPLETE
762,0.1306,0.8307589076514176,5.608567316603186,9.933529862520766,1476.1251734596226,4.792699168837896,COMPLETE
763,0.07785,0.10445983600080622,1.7868977930890715,1.0000874311382033,2.880805974985026,0.41678774153157633,COMPLETE
