number,values_0,values_1,params_delta_deg,params_gamma,params_lambda1,params_lambda2,params_lambda3,params_lambda4,state
2370,0.0807,0.022607303807179752,5.439590829177734,9.890916012877245,3426.679657227295,44.45303478043204,0.04082369646290137,0.0003571945850826512,COMPLETE
2371,0.07625,0.5193826303471045,7.371731789186595,3.3801923275388828,1.8278642465471888,2.0518583729409148,0.012970851338313065,5.521087576123659e-10,COMPLETE
2372,0.0727,0.30514760264820384,2.431515754263612,1.2997368745646833,0.014162338396506723,186.9306125540257,0.17190169347183318,5.432263014140687e-13,COMPLETE
2373,0.1254,0.7556222441000855,7.491453905458799,6.875144787901625,208.22607295194175,0.06857317261521613,0.764092524644605,2.9344381657582685e-07,COMPLETE
2374,0.11555,0.8064304002732701,7.051402036894628,8.359124144204223,123.52077947060401,0.06857317261521613,3.6008094906658137,3.0541645143911065e-11,COMPLETE
2375,0.0893,0.6255111193292696,6.019990742215804,7.242098619980624,0.4634053899763641,186.9306125540257,34.574222073764446,1.9043961097477443e-12,COMPLETE
2376,0.07565,0.35599324173523034,1.3262851820832438,2.6338329439397503,208.22607295194175,1.5630282565660134,3.6008094906658137,3.787929895519139e-07,COMPLETE
2377,0.0461,0.2651337117748106,6.351039989269435,1.0726049388472807,12.412723646412944,107.59872434463156,0.04082369646290137,1.9897264125379086e-06,COMPLETE
2378,0.0901,0.6357977635599076,4.958426658725357,2.6338329439397503,3090.9457533461396,1.5630282565660134,3.6008094906658137,3.787929895519139e-07,COMPLETE
2379,0.08615,0.5461896813027607,5.26017135333599,6.875144787901625,0.8156241205589495,0.06857317261521613,0.11060646004395691,1.9043961097477443e-12,COMPLETE
2380,0.07725,0.30719892997239145,3.7523591558107,2.2991799521485987,0.016767417635497637,4.006173959705789,2.606433764399818,2.664670814703522e-05,COMPLETE
2381,0.07165,0.4223764112382943,3.0455122299916,3.9944594338373487,0.07261268023359602,276.9653918473342,0.03871342814652551,5.521087576123659e-10,COMPLETE
2382,0.03725,0.24305591953495836,5.439590829177734,1.0726049388472807,12.412723646412944,107.59872434463156,0.04082369646290137,1.9897264125379086e-06,COMPLETE
2383,0.07665,0.658309438192652,7.051402036894628,6.875144787901625,123.52077947060401,90.7303829150784,59.2437895529571,1.6894010759859846e-13,COMPLETE
2384,0.0998,0.7513202240680171,4.958426658725357,8.359124144204223,3090.9457533461396,0.047570004104159534,3.6008094906658137,3.0541645143911065e-11,COMPLETE
2385,0.0828,0.47419492295700594,2.4322180665380158,5.751620494688234,0.07261268023359602,0.004569612957571183,0.03284404047489178,1.5335060532903536e-12,COMPLETE
2386,0.1372,0.7880837469582982,5.439590829177734,6.875144787901625,3049.428202607154,0.047570004104159534,0.04082369646290137,3.649569116806477e-06,COMPLETE
2387,0.09375,0.5309054114286966,6.943625321882633,9.890916012877245,0.010526644832554844,107.59872434463156,2.5245438758434986,3.0541645143911065e-11,COMPLETE
2388,0.0863,0.40486950352022816,4.3548083271808515,1.3526137167003873,123.52077947060401,0.06857317261521613,34.574222073764446,1.528661254740544e-08,COMPLETE
2389,0.07065,0.373155380768799,5.686980021608849,2.2991799521485987,0.016767417635497637,110.16646134717259,59.2437895529571,1.7411112824373338e-14,COMPLETE
2390,0.0642,0.2513225684035639,4.958426658725357,1.3526137167003873,12.412723646412944,107.59872434463156,0.07227522101365853,5.432263014140687e-13,COMPLETE
2391,0.0864,0.6663857732763196,6.019990742215804,9.890916012877245,0.014162338396506723,0.03007120071536769,0.0247605531247782,3.407169759582504e-13,COMPLETE
2392,0.0538,0.3259947582029806,6.943625321882633,1.7519510271087413,1.8442663426239594,0.05564315315248067,2.5245438758434986,3.407169759582504e-13,COMPLETE
2393,0.0732,0.5773494127595646,6.019990742215804,7.8078637347278095,0.1784805460542277,0.5362196401258538,0.9814062925060274,1.9043961097477443e-12,COMPLETE
2394,0.03915,0.18196542694558818,6.943625321882633,1.030659625868605,0.1784805460542277,0.1013397086496358,3.6008094906658137,3.407169759582504e-13,COMPLETE
2395,0.04525,0.2548461039332076,7.371731789186595,1.1452596600550373,1.8278642465471888,51.0531204742495,15.142607126456804,5.521087576123659e-10,COMPLETE
2396,0.0579,0.2632645252943413,2.986901937641438,1.2997368745646833,0.014162338396506723,186.9306125540257,14.732118064935978,2.2563515925025537e-09,COMPLETE
2397,0.07205,0.529396308076553,3.7523591558107,8.33604695260721,0.016767417635497637,1.2594502646806938,2.606433764399818,7.242135537625552e-11,COMPLETE
2398,0.09795,0.103995625374657,3.0455122299916,1.0726049388472807,123.52077947060401,0.06857317261521613,1.1321443712814894,0.00022411337430801312,COMPLETE
2399,0.0973,0.610176576415294,4.958426658725357,6.875144787901625,0.4634053899763641,186.9306125540257,3.6008094906658137,3.407169759582504e-13,COMPLETE
2400,0.07565,0.6152379923530807,5.989976616159035,8.359124144204223,1.8442663426239594,186.9306125540257,76.57127726580364,1.621364679176634e-08,COMPLETE
2401,0.0788,0.5756804711709087,4.958426658725357,8.359124144204223,0.4634053899763641,0.1013397086496358,0.764092524644605,3.407169759582504e-13,COMPLETE
2402,0.07135,0.5442821686324378,5.719667260978259,3.047858718656956,2661.553121751245,110.16646134717259,2.4710813083340644,7.242135537625552e-11,COMPLETE
2403,0.04925,0.30462028534440716,6.943625321882633,1.0726049388472807,1.8278642465471888,2.0518583729409148,0.016084014766754324,5.521087576123659e-10,COMPLETE
2404,0.05545,0.2533427882555859,4.653916869245234,1.0726049388472807,12.412723646412944,51.0531204742495,5.192615578479196,5.521087576123659e-10,COMPLETE
2405,0.0751,0.12451233651514355,7.491453905458799,2.510079721165701,94.65344434087004,0.1013397086496358,0.11060646004395691,0.0038911213657256746,COMPLETE
2406,0.09745,0.5229888115230369,6.103623020551158,3.1788912454430323,104.61067826393281,0.3710234766141632,80.46577679760097,7.242135537625552e-11,COMPLETE
2407,0.0933,0.6248084211154793,6.943625321882633,8.359124144204223,0.4634053899763641,186.9306125540257,3.6008094906658137,3.0541645143911065e-11,COMPLETE
2408,0.0528,0.3165232838137795,4.958426658725357,1.7464442996416534,0.4634053899763641,1.5630282565660134,3.6008094906658137,3.0541645143911065e-11,COMPLETE
2409,0.0836,0.6339210572692375,4.958426658725357,6.493257448110018,0.4634053899763641,186.9306125540257,3.6008094906658137,3.787929895519139e-07,COMPLETE
2410,0.08365,0.13086670576941425,4.050574348074197,5.751620494688234,19.97985373308032,0.004569612957571183,1.1961286443235215,2.1687250150351667e-05,COMPLETE
2411,0.0737,0.6079862727021869,4.653916869245234,6.875144787901625,123.52077947060401,5.11053165601533,5.192615578479196,1.6894010759859846e-13,COMPLETE
2412,0.0812,0.5991830054319662,4.050574348074197,8.33604695260721,0.07261268023359602,1.2594502646806938,1.1961286443235215,3.0092675819548274e-09,COMPLETE
2413,0.0922,0.4614117126929861,4.3548083271808515,1.3526137167003873,3090.9457533461396,0.05564315315248067,3.6008094906658137,3.407169759582504e-13,COMPLETE
2414,0.03915,0.17411510795631746,6.943625321882633,1.0726049388472807,255.60656182085233,546.754814234046,0.010117774078155787,3.0092675819548274e-09,COMPLETE
2415,0.0731,0.12724497589071196,4.958426658725357,8.359124144204223,0.034997456964387844,0.009707433566872849,0.010490863545892863,6.19511121697077e-05,COMPLETE
2416,0.0651,0.03204662453331142,4.958426658725357,8.359124144204223,0.4634053899763641,82.81786949309063,0.49106969850296894,0.008427697494579672,COMPLETE
2417,0.0534,0.2849671126959241,4.511711170524625,1.3526137167003873,64.99742663617444,51.0531204742495,5.192615578479196,5.521087576123659e-10,COMPLETE
2418,0.08605,0.5252188522620475,5.686980021608849,6.875144787901625,7843.277665583187,3.858204027730059,0.20202369188633953,4.331365543927414e-05,COMPLETE
2419,0.1295,0.7547367718262185,7.491453905458799,6.875144787901625,123.52077947060401,0.06857317261521613,0.49106969850296894,5.314026320276268e-08,COMPLETE
2420,0.0614,0.36136485837028265,6.943625321882633,2.0463493192035402,12.412723646412944,0.3843392901752642,5.192615578479196,3.0092675819548274e-09,COMPLETE
2421,0.06155,0.3216138917288116,4.797597292147365,1.7519510271087413,1.8442663426239594,0.06857317261521613,0.764092524644605,8.469868419213692e-11,COMPLETE
2422,0.0958,0.40590792550065263,2.9716579469413427,5.169044557755492,1.8442663426239594,546.754814234046,0.010117774078155787,3.0092675819548274e-09,COMPLETE
2423,0.08705,0.6125963419439113,7.051402036894628,3.9944594338373487,189.76673840067406,15.127009733918037,5.192615578479196,3.0092675819548274e-09,COMPLETE
2424,0.0472,0.24164900667695652,5.043800882836612,1.3526137167003873,12.412723646412944,107.59872434463156,34.574222073764446,3.649569116806477e-06,COMPLETE
2425,0.04885,0.3071391173694771,6.943625321882633,1.5314911631645944,2.1373430727694935,51.0531204742495,14.732118064935978,2.2563515925025537e-09,COMPLETE
2426,0.0897,0.5268298794691125,4.958426658725357,7.242098619980624,0.4634053899763641,1.5630282565660134,0.15082524403463973,3.649569116806477e-06,COMPLETE
2427,0.0762,0.6031655845890078,6.743787676796729,8.359124144204223,0.4634053899763641,0.06857317261521613,0.11060646004395691,3.787929895519139e-07,COMPLETE
2428,0.06895,0.4729673747003536,7.278233652273369,1.7519510271087413,104.61067826393281,0.10512772926180583,0.010490863545892863,1.621364679176634e-08,COMPLETE
2429,0.06225,0.3794200864345773,3.7523591558107,2.2991799521485987,208.22607295194175,6.302382313440478,6.181983921889017,3.787929895519139e-07,COMPLETE
2430,0.0825,0.6198194184888648,4.958426658725357,7.242098619980624,0.4634053899763641,107.59872434463156,3.6008094906658137,3.649569116806477e-06,COMPLETE
2431,0.11235,0.6989729120911398,7.051402036894628,6.875144787901625,208.22607295194175,0.0851319721492249,0.01777158201797886,8.564477591299451e-11,COMPLETE
2432,0.08625,0.16056737789087247,4.3548083271808515,2.6338329439397503,12.412723646412944,0.005409537405946134,34.574222073764446,3.649569116806477e-06,COMPLETE
2433,0.0926,0.5369825944498894,6.1265660612245645,8.359124144204223,0.4634053899763641,0.001191830880230452,3.6008094906658137,5.397241004633036e-08,COMPLETE
2434,0.06395,0.43408212367676663,4.335111916469993,4.018221166627107,5.043767450383258,1.2594502646806938,17.543999742650467,3.811801850956625e-07,COMPLETE
2435,0.0847,0.5931210925903808,4.3548083271808515,8.359124144204223,12.412723646412944,107.59872434463156,4.230818933588808,1.5335060532903536e-12,COMPLETE
2436,0.1367,0.8212527927915227,6.943625321882633,8.359124144204223,3090.9457533461396,0.06857317261521613,14.732118064935978,2.2563515925025537e-09,COMPLETE
2437,0.0852,0.5926531997307091,3.1598853311030233,8.359124144204223,2.2526238626393873,24.46827069638503,0.1972486917234414,9.787752692175531e-12,COMPLETE
2438,0.08835,0.5291120828069823,7.051402036894628,8.359124144204223,0.4634053899763641,0.053174767116045345,0.49106969850296894,3.0541645143911065e-11,COMPLETE
2439,0.11035,0.7766545428401206,4.958426658725357,8.359124144204223,3090.9457533461396,0.047570004104159534,0.49106969850296894,5.314026320276268e-08,COMPLETE
2440,0.05475,0.22689470477272888,6.351039989269435,1.0726049388472807,12.412723646412944,107.59872434463156,34.574222073764446,1.0460913969722759e-12,COMPLETE
2441,0.07875,0.47816502049593174,7.051402036894628,6.875144787901625,0.4634053899763641,0.06857317261521613,3.6008094906658137,1.7592362099608331e-12,COMPLETE
2442,0.055,0.3324880764889304,4.797597292147365,1.3526137167003873,12.412723646412944,107.59872434463156,0.954935990936263,3.407169759582504e-13,COMPLETE
2443,0.1191,0.8624470445574735,7.051402036894628,6.875144787901625,3090.9457533461396,0.047570004104159534,0.11060646004395691,7.163298414565411e-09,COMPLETE
2444,0.07865,0.4764264962951961,4.999591554420482,1.7519510271087413,208.22607295194175,0.1013397086496358,0.01777158201797886,3.787929895519139e-07,COMPLETE
2445,0.07745,0.6746925572722534,6.943625321882633,3.9208060814484935,123.52077947060401,0.06857317261521613,14.732118064935978,2.2563515925025537e-09,COMPLETE
2446,0.05125,0.2734165122757268,5.719667260978259,1.6812261485745423,12.412723646412944,107.59872434463156,0.01777158201797886,3.787929895519139e-07,COMPLETE
2447,0.0837,0.613576915159503,7.051402036894628,3.9944594338373487,208.22607295194175,4.006173959705789,0.764092524644605,3.6238082481004495e-14,COMPLETE
2448,0.0738,0.6643075560965761,4.958426658725357,6.875144787901625,0.4634053899763641,186.9306125540257,3.6008094906658137,3.407169759582504e-13,COMPLETE
2449,0.051,0.2544955756446211,4.797597292147365,1.3526137167003873,12.412723646412944,107.59872434463156,34.574222073764446,3.407169759582504e-13,COMPLETE
2450,0.05615,0.29970231203916153,4.3548083271808515,1.3526137167003873,12.412723646412944,107.59872434463156,34.574222073764446,3.649569116806477e-06,COMPLETE
2451,0.06055,0.4725325895470971,5.686980021608849,4.605766512270772,2.2526238626393873,3.858204027730059,59.2437895529571,5.432263014140687e-13,COMPLETE
2452,0.08525,0.635082737130211,4.958426658725357,8.359124144204223,0.016767417635497637,110.16646134717259,3.6008094906658137,1.011732520114187e-08,COMPLETE
2453,0.0692,0.4820025247324079,5.439590829177734,9.890916012877245,12.412723646412944,3.6488830355260746,0.04082369646290137,3.649569116806477e-06,COMPLETE
2454,0.0979,0.23605136358532677,5.686980021608849,9.268419202741757,1.9562826277387932,0.0012591155685233112,59.2437895529571,3.787929895519139e-07,COMPLETE
2455,0.0981,0.5243839935297978,3.7523591558107,6.550622172339822,0.016767417635497637,9.309090550923349,2.606433764399818,3.787929895519139e-07,COMPLETE
2456,0.0554,0.32931847207150505,3.7523591558107,2.2991799521485987,0.016767417635497637,0.006365150796414583,0.03474640122845226,9.787752692175531e-12,COMPLETE
2457,0.0623,0.3518332162135534,2.8467952672042545,1.7519510271087413,0.4634053899763641,51.0531204742495,4.230818933588808,1.5335060532903536e-12,COMPLETE
2458,0.06365,0.3671905604824746,6.142270339934614,2.942405443625546,0.016767417635497637,0.04212447107645991,2.606433764399818,1.7411112824373338e-14,COMPLETE
2459,0.1169,0.7849260318299348,4.958426658725357,8.359124144204223,3090.9457533461396,0.047570004104159534,0.31747690094117187,1.9897264125379086e-06,COMPLETE
2460,0.1148,0.7749098545685089,4.958426658725357,8.359124144204223,208.22607295194175,0.08755680934938086,0.49106969850296894,3.0541645143911065e-11,COMPLETE
2461,0.0898,0.7992189149177409,7.491453905458799,6.875144787901625,123.52077947060401,0.06857317261521613,0.11060646004395691,3.787929895519139e-07,COMPLETE
2462,0.09525,0.11034011006989367,7.051402036894628,6.875144787901625,123.52077947060401,0.1013397086496358,0.11060646004395691,0.004837321283636215,COMPLETE
2463,0.08215,0.16800948652935857,7.051402036894628,6.875144787901625,208.22607295194175,10.09092450997667,0.016254249435163032,5.432263014140687e-13,COMPLETE
2464,0.0794,0.6759669881449711,5.719667260978259,6.875144787901625,208.22607295194175,0.1013397086496358,0.01777158201797886,3.787929895519139e-07,COMPLETE
2465,0.12205,0.5491731777796058,4.335111916469993,3.1788912454430323,2661.553121751245,1.2594502646806938,59.2437895529571,4.331365543927414e-05,COMPLETE
2466,0.05135,0.24891054087991724,7.051402036894628,1.0726049388472807,123.52077947060401,51.0531204742495,5.192615578479196,5.521087576123659e-10,COMPLETE
2467,0.0704,0.5033772544422088,4.958426658725357,2.6338329439397503,0.049390701920511815,186.9306125540257,2.5596677783882646,3.787929895519139e-07,COMPLETE
2468,0.11335,0.7039504155597427,5.719667260978259,8.567478690551228,208.22607295194175,0.1013397086496358,34.574222073764446,3.0541645143911065e-11,COMPLETE
2469,0.082,0.560465863458334,4.958426658725357,9.769182539887908,0.4634053899763641,1.830891983488035,3.6008094906658137,3.0541645143911065e-11,COMPLETE
2470,0.09495,0.5756881158917732,4.797597292147365,9.890916012877245,1.8442663426239594,4.006173959705789,2.5245438758434986,3.407169759582504e-13,COMPLETE
2471,0.0931,0.15096792372052395,6.943625321882633,6.875144787901625,7843.277665583187,3.858204027730059,0.010490863545892863,4.331365543927414e-05,COMPLETE
2472,0.08295,0.6532426295440112,5.479714305375829,8.359124144204223,123.52077947060401,1.5630282565660134,3.6008094906658137,2.747919133190873e-12,COMPLETE
2473,0.04935,0.2993380588394721,4.797597292147365,1.3526137167003873,12.412723646412944,4.006173959705789,9.862842498681294,3.407169759582504e-13,COMPLETE
2474,0.0651,0.43446653861753065,5.439590829177734,1.7519510271087413,12.412723646412944,107.59872434463156,0.5486608016606921,1.9897264125379086e-06,COMPLETE
2475,0.06655,0.5416144012744588,5.686980021608849,2.5118580794078285,1.8442663426239594,3.858204027730059,0.01777158201797886,2.1811143402963018e-10,COMPLETE
2476,0.06445,0.5065664773521318,4.797597292147365,7.104570660772595,12.412723646412944,4.006173959705789,34.574222073764446,3.407169759582504e-13,COMPLETE
2477,0.07325,0.26376358487405455,0.4577107477973381,1.530163972923926,2246.608821311791,0.5362196401258538,3.6008094906658137,3.787929895519139e-07,COMPLETE
2478,0.1031,0.5809814993950136,3.0455122299916,5.3263147440358605,7470.393744853292,3.858204027730059,59.2437895529571,1.8471068279828636e-10,COMPLETE
2479,0.07705,0.30066098195147745,3.7523591558107,2.2991799521485987,0.016767417635497637,0.002598983956729246,2.606433764399818,1.7411112824373338e-14,COMPLETE
2480,0.08045,0.6373532897382136,4.797597292147365,8.359124144204223,1.8442663426239594,186.9306125540257,0.764092524644605,3.0541645143911065e-11,COMPLETE
2481,0.0682,0.4708562971891265,3.7523591558107,2.0463493192035402,24.643413219730164,110.16646134717259,5.192615578479196,3.0092675819548274e-09,COMPLETE
2482,0.08895,0.7579725498829002,4.335111916469993,8.359124144204223,2661.553121751245,2.7435839247483442,17.543999742650467,2.1955394966479406e-09,COMPLETE
2483,0.04235,0.179501261733977,5.686980021608849,1.0726049388472807,12.412723646412944,107.59872434463156,34.574222073764446,3.0541645143911065e-11,COMPLETE
2484,0.0701,0.4485109617729248,4.958426658725357,2.6338329439397503,208.22607295194175,1.5630282565660134,3.6008094906658137,3.787929895519139e-07,COMPLETE
2485,0.05365,0.3680785870065683,7.051402036894628,2.2991799521485987,123.52077947060401,110.16646134717259,99.40175104413902,1.7411112824373338e-14,COMPLETE
2486,0.061,0.34649427453332465,5.275335985850815,2.2991799521485987,0.016767417635497637,0.06857317261521613,14.732118064935978,2.2563515925025537e-09,COMPLETE
2487,0.0981,0.5978141445642267,3.0455122299916,7.242098619980624,0.4634053899763641,186.9306125540257,34.574222073764446,3.649569116806477e-06,COMPLETE
2488,0.0513,0.15615367100482885,2.1057557445960993,1.0726049388472807,12.412723646412944,107.59872434463156,0.010117774078155787,3.0541645143911065e-11,COMPLETE
2489,0.0712,0.45915306767388964,5.825607345168466,5.751620494688234,0.07261268023359602,0.004569612957571183,1.1961286443235215,3.0092675819548274e-09,COMPLETE
2490,0.0673,0.11649435374162496,7.051402036894628,4.9687375244617025,12.412723646412944,107.59872434463156,0.49106969850296894,0.001099679770907351,COMPLETE
2491,0.09085,0.5818480541626454,6.943625321882633,5.137873631182713,0.016767417635497637,110.16646134717259,0.010490863545892863,9.113439480353593e-13,COMPLETE
2492,0.06965,0.37454495205681254,6.103623020551158,3.3801923275388828,0.07261268023359602,0.3710234766141632,80.46577679760097,3.649569116806477e-06,COMPLETE
2493,0.0837,0.69594269354539,3.844273005424432,5.137873631182713,104.61067826393281,0.009707433566872849,3.6008094906658137,6.888823874647435e-13,COMPLETE
2494,0.1138,0.8490830005049964,5.719667260978259,6.875144787901625,208.22607295194175,0.009707433566872849,0.010490863545892863,3.787929895519139e-07,COMPLETE
2495,0.06485,0.4518939293106283,4.958426658725357,2.6338329439397503,208.22607295194175,1.2594502646806938,3.6008094906658137,7.611242580179478e-11,COMPLETE
2496,0.10695,0.7544238484518857,5.285400126336643,6.875144787901625,7843.277665583187,3.858204027730059,59.2437895529571,8.564477591299451e-11,COMPLETE
2497,0.06435,0.4341649227694128,4.958426658725357,2.6338329439397503,104.61067826393281,1.5630282565660134,80.46577679760097,3.649569116806477e-06,COMPLETE
2498,0.0654,0.3775835157854227,4.958426658725357,1.4594307483439446,303.9905737476673,107.59872434463156,3.6008094906658137,3.0541645143911065e-11,COMPLETE
2499,0.09015,0.5573120729266079,4.958426658725357,8.359124144204223,56.81452373424882,186.9306125540257,3.6008094906658137,3.0541645143911065e-11,COMPLETE
2500,0.0716,0.5025228872853821,4.797597292147365,6.875144787901625,1.8442663426239594,0.06857317261521613,0.764092524644605,3.407169759582504e-13,COMPLETE
2501,0.06025,0.5223670528113453,4.050574348074197,5.751620494688234,0.016767417635497637,0.8590970990749093,2.606433764399818,1.7411112824373338e-14,COMPLETE
2502,0.06705,0.04441355799279984,2.8467952672042545,1.2997368745646833,4584.095784541216,186.9306125540257,0.0247605531247782,1.5335060532903536e-12,COMPLETE
2503,0.06095,0.38781406334952045,3.9524382846398822,2.6338329439397503,208.22607295194175,107.59872434463156,34.574222073764446,3.0541645143911065e-11,COMPLETE
2504,0.06055,0.45417821596500924,6.943625321882633,2.0463493192035402,12.412723646412944,546.754814234046,5.192615578479196,3.407169759582504e-13,COMPLETE
2505,0.07195,0.4670426596224913,7.051402036894628,4.214702804656988,0.014162338396506723,186.9306125540257,0.0247605531247782,3.811801850956625e-07,COMPLETE
2506,0.1025,0.8226246972491106,6.943625321882633,8.741900816624833,123.52077947060401,0.06857317261521613,0.11060646004395691,2.2563515925025537e-09,COMPLETE
2507,0.0871,0.5807297965760683,4.958426658725357,8.359124144204223,0.4634053899763641,86.65862098806478,3.6008094906658137,3.0541645143911065e-11,COMPLETE
2508,0.06875,0.42777935642925047,4.348236029273928,3.9944594338373487,0.07261268023359602,0.4878712301792302,8.213868348493142,5.521087576123659e-10,COMPLETE
