number,values_0,values_1,params_delta_deg,params_gamma,params_lambda1,params_lambda2,params_lambda3,params_lambda4,state
3204,0.0712,0.33072814539247425,3.7523591558107,2.2991799521485987,0.07261268023359602,0.08143726543969673,25.676962551675846,1.7411112824373338e-14,COMPLETE
3205,0.0842,0.40605742473895273,5.719667260978259,1.0142542002409007,208.22607295194175,0.1013397086496358,1.39447339587296,9.68952219258397e-13,COMPLETE
3206,0.0849,0.48614798197042336,4.050574348074197,5.751620494688234,0.07261268023359602,0.004569612957571183,3.6008094906658137,3.0092675819548274e-09,COMPLETE
3207,0.11205,0.8445563670544507,7.051402036894628,9.890916012877245,3090.9457533461396,0.06857317261521613,0.11060646004395691,3.407169759582504e-13,COMPLETE
3208,0.07525,0.4296813734202036,3.7523591558107,2.2991799521485987,1.9562826277387932,110.16646134717259,2.606433764399818,1.7411112824373338e-14,COMPLETE
3209,0.05355,0.35375199617919695,6.943625321882633,2.2991799521485987,0.016767417635497637,0.06857317261521613,63.52812375625802,1.7411112824373338e-14,COMPLETE
3210,0.0747,0.5719568463027305,7.051402036894628,6.641926976422129,0.4634053899763641,0.08755680934938086,0.49106969850296894,5.314026320276268e-08,COMPLETE
3211,0.05775,0.17822041620713053,3.0455122299916,1.0726049388472807,1.243080597649406,0.010966949817173622,2.319801769315487,5.521087576123659e-10,COMPLETE
3212,0.09465,0.6497740507388639,7.296565715563787,8.359124144204223,0.4634053899763641,1.5630282565660134,0.5992224949658806,2.556898659242752e-09,COMPLETE
3213,0.065,0.4588211491339938,5.719667260978259,2.2991799521485987,0.016767417635497637,51.0531204742495,0.01777158201797886,1.5335060532903536e-12,COMPLETE
3214,0.07385,0.38078678664524707,5.439590829177734,5.751620494688234,0.07261268023359602,0.047570004104159534,0.07302899280728635,1.9897264125379086e-06,COMPLETE
3215,0.10265,0.7200756492786489,7.491453905458799,6.875144787901625,123.52077947060401,0.06857317261521613,0.020366948517936828,3.787929895519139e-07,COMPLETE
3216,0.1099,0.8207429284344253,6.019990742215804,9.890916012877245,3090.9457533461396,0.047570004104159534,0.04082369646290137,1.9043961097477443e-12,COMPLETE
3217,0.09485,0.7296854712341908,6.019990742215804,6.641926976422129,123.52077947060401,0.06857317261521613,0.01777158201797886,1.9043961097477443e-12,COMPLETE
3218,0.10195,0.5021534779945238,2.8467952672042545,3.466965771049506,0.4634053899763641,51.0531204742495,4.230818933588808,1.5335060532903536e-12,COMPLETE
3219,0.09545,0.6493965299263214,7.051402036894628,9.890916012877245,12.412723646412944,0.44260509614089005,0.2209931525119644,8.564477591299451e-11,COMPLETE
3220,0.07315,0.5408853294347796,4.958426658725357,7.242098619980624,0.4634053899763641,1.5630282565660134,34.574222073764446,5.432263014140687e-13,COMPLETE
3221,0.0764,0.23039193726260637,6.943625321882633,7.68472987425626,0.4634053899763641,546.754814234046,0.010117774078155787,3.407169759582504e-13,COMPLETE
3222,0.09805,0.6675967085634769,7.296565715563787,9.890916012877245,3090.9457533461396,107.59872434463156,34.574222073764446,8.720647859508846e-11,COMPLETE
3223,0.08985,0.7005607807866544,7.296565715563787,6.641926976422129,0.03256809685602582,107.59872434463156,34.574222073764446,8.720647859508846e-11,COMPLETE
3224,0.05675,0.3349055365959387,6.943625321882633,1.7519510271087413,0.07261268023359602,34.116268711131106,4.2714812383199865,3.808493038997454e-05,COMPLETE
3225,0.0832,0.5936529389953038,7.051402036894628,6.875144787901625,5.867306760407687,0.08143726543969673,1.1961286443235215,2.1424510341102316e-08,COMPLETE
3226,0.0582,0.3927607158626908,4.797597292147365,1.7519510271087413,123.52077947060401,4.006173959705789,0.11060646004395691,8.165315486059954e-06,COMPLETE
3227,0.0814,0.6437897069550736,6.943625321882633,7.242098619980624,3.9227007475742597,546.754814234046,34.574222073764446,1.7411112824373338e-14,COMPLETE
3228,0.0727,0.7328188366964848,7.296565715563787,8.359124144204223,12.412723646412944,107.59872434463156,3.6008094906658137,1.8500438983812233e-14,COMPLETE
3229,0.1164,0.5095439934413483,5.439590829177734,9.890916012877245,104.61067826393281,0.3710234766141632,0.04082369646290137,3.649569116806477e-06,COMPLETE
3230,0.04395,0.22963169906723496,6.943625321882633,1.2690370059664564,0.07261268023359602,0.06857317261521613,14.732118064935978,8.720647859508846e-11,COMPLETE
3231,0.0521,0.25549072272849216,3.0455122299916,1.0726049388472807,0.1784805460542277,51.0531204742495,3.6008094906658137,5.521087576123659e-10,COMPLETE
3232,0.09525,0.7481699153429232,3.7523591558107,6.641926976422129,2661.553121751245,1.2594502646806938,2.606433764399818,8.720647859508846e-11,COMPLETE
3233,0.0723,0.508881612403859,6.103623020551158,3.3801923275388828,104.61067826393281,0.3710234766141632,80.46577679760097,1.2285665675474397e-09,COMPLETE
3234,0.0898,0.7160593202176344,7.051402036894628,8.741900816624833,0.10469101308934853,113.8552714262157,14.732118064935978,2.2563515925025537e-09,COMPLETE
3235,0.0701,0.29508354753998367,6.019990742215804,6.641926976422129,63.00126424726947,186.9306125540257,0.01777158201797886,2.8984627024451114e-13,COMPLETE
3236,0.0626,0.3005195861746623,6.019990742215804,1.8225684216651792,123.52077947060401,3.858204027730059,59.2437895529571,2.0158380878648986e-13,COMPLETE
3237,0.05985,0.5151903919587456,3.705406877262117,6.641926976422129,0.046062250754973534,0.12480776742786713,8.213868348493142,8.720647859508846e-11,COMPLETE
3238,0.0807,0.6665799171392125,7.296565715563787,6.641926976422129,3090.9457533461396,107.59872434463156,2.5245438758434986,8.720647859508846e-11,COMPLETE
3239,0.04335,0.27727358175673833,4.958426658725357,1.0726049388472807,1.2443407862897031,0.004662739465131329,0.010117774078155787,7.242135537625552e-11,COMPLETE
3240,0.0894,0.6916240742051667,7.051402036894628,9.890916012877245,12.412723646412944,0.047570004104159534,0.764092524644605,8.564477591299451e-11,COMPLETE
3241,0.09175,0.6228213283173674,4.958426658725357,6.638431878215402,0.4634053899763641,186.9306125540257,34.574222073764446,3.649569116806477e-06,COMPLETE
3242,0.06325,0.427436509253864,3.0455122299916,2.2991799521485987,10.95179504685564,17.390525721126767,7.143859953042829,4.554160592635682e-14,COMPLETE
3243,0.1046,0.23021565596480031,4.134120803491352,6.875144787901625,208.22607295194175,0.002576884572866061,0.010490863545892863,3.649569116806477e-06,COMPLETE
3244,0.1554,0.8133312883257391,6.943625321882633,9.890916012877245,3090.9457533461396,0.06857317261521613,3.6008094906658137,5.432263014140687e-13,COMPLETE
3245,0.05255,0.22816351922536496,5.686980021608849,1.2997368745646833,0.014162338396506723,3.858204027730059,14.149415074829657,3.811801850956625e-07,COMPLETE
3246,0.04375,0.25708510231361514,2.586745152464227,1.0602290951822781,0.07261268023359602,186.9306125540257,8.213868348493142,8.720647859508846e-11,COMPLETE
3247,0.0766,0.3658368862556882,3.7523591558107,2.2991799521485987,0.016767417635497637,186.9306125540257,0.0247605531247782,1.7411112824373338e-14,COMPLETE
3248,0.07935,0.13784952238765683,5.719667260978259,1.105832941090333,208.22607295194175,0.1013397086496358,0.01777158201797886,8.338532065190436e-05,COMPLETE
3249,0.0907,0.5728164539338823,4.958426658725357,7.242098619980624,0.4634053899763641,186.9306125540257,3.41277701116214,3.649569116806477e-06,COMPLETE
3250,0.1059,0.16476568351333157,7.296565715563787,6.104878595539332,2661.553121751245,0.06857317261521613,78.3352593047079,0.004484151179228238,COMPLETE
3251,0.0867,0.6513468880231849,5.567905002634853,6.875144787901625,0.07261268023359602,10.791302973400413,8.213868348493142,9.787752692175531e-12,COMPLETE
3252,0.0624,0.5100662933025389,5.989976616159035,6.641926976422129,0.07261268023359602,1.0531637429047382,76.57127726580364,2.2912868958096586e-10,COMPLETE
3253,0.076,0.6070813903499127,4.958426658725357,8.359124144204223,0.4634053899763641,1.2594502646806938,0.16557535881448426,3.0541645143911065e-11,COMPLETE
3254,0.08025,0.4949380710763835,5.686980021608849,6.60696431516307,1.9562826277387932,0.3280553413846859,59.2437895529571,3.962608036084666e-07,COMPLETE
3255,0.08165,0.1372471086524321,6.103623020551158,1.4455981347497096,0.07261268023359602,0.004569612957571183,0.04928357265630398,3.649569116806477e-06,COMPLETE
3256,0.0495,0.17806870385077556,3.7523591558107,1.0726049388472807,0.4634053899763641,0.008641859654177637,1.8704789250363583,5.6555095862365984e-08,COMPLETE
3257,0.1075,0.4881589748452492,1.0465686523328865,3.2994343010425364,12.412723646412944,107.59872434463156,3.6008094906658137,3.0541645143911065e-11,COMPLETE
3258,0.1086,0.5493400732889818,1.9433864191449381,6.641926976422129,12.412723646412944,107.59872434463156,43.8257529406747,1.2792199674929058e-14,COMPLETE
3259,0.0718,0.6000976073842083,7.051402036894628,6.875144787901625,0.07261268023359602,0.08143726543969673,0.12597514698667733,8.564477591299451e-11,COMPLETE
3260,0.0795,0.831194943561957,7.051402036894628,6.875144787901625,208.22607295194175,0.08755680934938086,0.49106969850296894,5.521087576123659e-10,COMPLETE
3261,0.11765,0.7879415534434564,6.022936378262156,8.741900816624833,2484.344497646969,0.06857317261521613,11.478928737247317,7.242135537625552e-11,COMPLETE
3262,0.10765,0.7678153665786691,7.296565715563787,9.860409890101222,208.22607295194175,0.047570004104159534,0.764092524644605,5.314026320276268e-08,COMPLETE
3263,0.09955,0.6263952209518242,6.103623020551158,3.1788912454430323,2661.553121751245,0.3710234766141632,80.46577679760097,7.242135537625552e-11,COMPLETE
3264,0.1036,0.8044581618156204,5.719667260978259,6.875144787901625,208.22607295194175,0.009707433566872849,0.010490863545892863,3.787929895519139e-07,COMPLETE
3265,0.05175,0.35392227270080984,6.943625321882633,1.0726049388472807,0.4634053899763641,1.5630282565660134,0.010117774078155787,7.242135537625552e-11,COMPLETE
3266,0.09085,0.6954493602031163,4.050574348074197,5.751620494688234,2661.553121751245,1.2594502646806938,17.543999742650467,3.0092675819548274e-09,COMPLETE
3267,0.07445,0.5865811114988547,6.019990742215804,7.8078637347278095,0.1784805460542277,0.5362196401258538,3.6008094906658137,1.9043961097477443e-12,COMPLETE
3268,0.0769,0.5023357637370609,4.050574348074197,5.751620494688234,0.1784805460542277,0.004569612957571183,1.1961286443235215,3.0092675819548274e-09,COMPLETE
3269,0.07075,0.5373079485414808,7.051402036894628,3.089855440933971,208.22607295194175,107.59872434463156,34.574222073764446,5.314026320276268e-08,COMPLETE
3270,0.0716,0.428156016283336,6.943625321882633,1.0726049388472807,3.9227007475742597,0.0026922351056679382,0.17017253430148058,5.314026320276268e-08,COMPLETE
3271,0.06435,0.2520644044942064,5.553661359325831,1.0726049388472807,2.2526238626393873,51.0531204742495,3.6008094906658137,5.432263014140687e-13,COMPLETE
3272,0.0526,0.4487967456779622,6.943625321882633,3.352073087367006,0.07261268023359602,0.4878712301792302,8.213868348493142,8.564477591299451e-11,COMPLETE
3273,0.0524,0.5484437444986616,7.051402036894628,7.8078637347278095,0.3474112486367053,0.06857317261521613,3.6008094906658137,1.9043961097477443e-12,COMPLETE
3274,0.1243,0.8204069728945298,6.943625321882633,9.890916012877245,3090.9457533461396,0.05564315315248067,0.04082369646290137,3.0141903956095145e-10,COMPLETE
3275,0.10475,0.7728823743795723,6.943625321882633,6.641926976422129,123.52077947060401,0.06857317261521613,0.01777158201797886,8.720647859508846e-11,COMPLETE
3276,0.0863,0.5781314183662745,6.019990742215804,9.890916012877245,0.014162338396506723,186.9306125540257,0.0247605531247782,3.811801850956625e-07,COMPLETE
3277,0.09595,0.5300956865341313,7.296565715563787,6.641926976422129,0.4634053899763641,0.006601667383648774,34.574222073764446,8.720647859508846e-11,COMPLETE
3278,0.08925,0.6571508926775044,4.2428818457335105,4.321151358036243,208.22607295194175,0.0020213785114349594,0.11060646004395691,3.407169759582504e-13,COMPLETE
3279,0.1162,0.7370691770148322,5.989976616159035,6.875144787901625,7843.277665583187,5.054984284069897,11.478928737247317,4.331365543927414e-05,COMPLETE
3280,0.04415,0.17846651433623534,5.553661359325831,1.0726049388472807,0.020558869688801117,0.20762205716797508,3.6008094906658137,5.432263014140687e-13,COMPLETE
3281,0.07265,0.6495441973596813,4.958426658725357,7.242098619980624,0.4634053899763641,186.9306125540257,34.574222073764446,1.7411112824373338e-14,COMPLETE
3282,0.0631,0.5120080813832848,4.335111916469993,2.2991799521485987,0.016767417635497637,110.16646134717259,1.4319257056175683,7.242135537625552e-11,COMPLETE
3283,0.07525,0.5776154238533047,4.958426658725357,2.6338329439397503,3090.9457533461396,1.5630282565660134,2.5245438758434986,3.407169759582504e-13,COMPLETE
3284,0.0785,0.5374314579111573,4.958426658725357,7.080037466632589,1.9562826277387932,3.858204027730059,3.6008094906658137,3.0541645143911065e-11,COMPLETE
3285,0.08515,0.6320821520794115,3.5676354813659974,6.875144787901625,0.07261268023359602,25.68969862316941,1.1961286443235215,8.564477591299451e-11,COMPLETE
3286,0.0508,0.2074228143631162,3.0455122299916,1.0726049388472807,0.07261268023359602,51.0531204742495,5.192615578479196,5.521087576123659e-10,COMPLETE
3287,0.05175,0.17722949540710306,2.8419789944755363,1.0726049388472807,12.412723646412944,107.59872434463156,34.574222073764446,3.0541645143911065e-11,COMPLETE
3288,0.05015,0.2048727406771061,5.553661359325831,1.0835512376089467,2.2526238626393873,107.59872434463156,34.574222073764446,8.720647859508846e-11,COMPLETE
3289,0.0796,0.42191636444774333,4.797597292147365,1.0726049388472807,8342.176590482359,4.006173959705789,0.764092524644605,3.407169759582504e-13,COMPLETE
3290,0.1004,0.7506587559196237,7.051402036894628,6.875144787901625,210.7662446170495,0.08755680934938086,4.007564443466227,8.564477591299451e-11,COMPLETE
3291,0.059,0.5950381756650033,7.051402036894628,6.875144787901625,72.40911250901483,3.858204027730059,45.787359832746695,8.564477591299451e-11,COMPLETE
3292,0.06765,0.5716694734917755,6.943625321882633,9.890916012877245,0.07261268023359602,30.559524864314103,0.016969270630838813,8.720647859508846e-11,COMPLETE
3293,0.04035,0.2897514254396948,6.943625321882633,1.0726049388472807,1.6347463481038622,546.754814234046,0.01777158201797886,6.555838850003487e-10,COMPLETE
3294,0.0441,0.31882513252475153,7.051402036894628,1.0726049388472807,12.412723646412944,107.59872434463156,0.49106969850296894,8.695864530899568e-12,COMPLETE
3295,0.0772,0.5054003249655797,4.050574348074197,8.9265971743892,0.016767417635497637,0.0013530105992991704,0.046089746381210744,1.7411112824373338e-14,COMPLETE
3296,0.07995,0.6151709149145151,5.989976616159035,5.751620494688234,0.2098970280293565,5.054984284069897,1.1961286443235215,7.242135537625552e-11,COMPLETE
3297,0.09,0.6648947012442326,7.296565715563787,8.359124144204223,2.2526238626393873,0.12480776742786713,0.1342175543155907,8.720647859508846e-11,COMPLETE
3298,0.0764,0.436916323026804,7.296565715563787,1.7519510271087413,12.412723646412944,0.047570004104159534,76.57127726580364,3.407169759582504e-13,COMPLETE
3299,0.09505,0.8049058618810399,6.943625321882633,9.890916012877245,23.181151488852354,0.047570004104159534,0.056497950226507464,3.407169759582504e-13,COMPLETE
3300,0.06935,0.702117127042313,7.051402036894628,6.875144787901625,12.412723646412944,107.59872434463156,34.574222073764446,3.0541645143911065e-11,COMPLETE
3301,0.08595,0.47424050876628987,4.958426658725357,7.242098619980624,1.8442663426239594,4.006173959705789,34.574222073764446,1.3499016141793616e-05,COMPLETE
3302,0.0649,0.4260453157174612,6.943625321882633,3.352073087367006,0.07261268023359602,0.4878712301792302,52.523299860948846,5.521087576123659e-10,COMPLETE
3303,0.0499,0.3284018375982771,4.958426658725357,1.7519510271087413,1.8442663426239594,5.054984284069897,76.57127726580364,9.259523065341816e-13,COMPLETE
3304,0.0895,0.6951429462793048,7.296565715563787,6.641926976422129,0.07261268023359602,0.12480776742786713,0.01777158201797886,8.564477591299451e-11,COMPLETE
3305,0.10965,0.8094937498119488,5.989976616159035,8.741900816624833,2484.344497646969,0.4878712301792302,8.213868348493142,8.564477591299451e-11,COMPLETE
3306,0.07575,0.5722852103794658,6.943625321882633,3.352073087367006,0.07261268023359602,39.91012723201641,8.213868348493142,8.564477591299451e-11,COMPLETE
3307,0.0704,0.021094282407647595,5.719667260978259,6.875144787901625,208.22607295194175,264.33663949979336,0.010490863545892863,9.692637145199052e-05,COMPLETE
3308,0.09705,0.6713190567944168,5.686980021608849,6.875144787901625,7843.277665583187,3.858204027730059,59.2437895529571,4.331365543927414e-05,COMPLETE
3309,0.10865,0.7467888701322755,7.051402036894628,6.641926976422129,123.52077947060401,0.06857317261521613,0.010348137451692118,3.0802213027039508e-12,COMPLETE
3310,0.1185,0.7793399716005375,5.719667260978259,6.875144787901625,208.22607295194175,0.009707433566872849,34.574222073764446,8.720647859508846e-11,COMPLETE
3311,0.12195,0.8600155344489365,7.051402036894628,9.890916012877245,3090.9457533461396,0.08755680934938086,0.764092524644605,5.314026320276268e-08,COMPLETE
3312,0.12585,0.3048296713262192,6.103623020551158,3.3801923275388828,104.61067826393281,0.005293153171393136,80.46577679760097,3.649569116806477e-06,COMPLETE
3313,0.08895,0.7258765096813822,6.019990742215804,6.641926976422129,123.52077947060401,0.06857317261521613,17.543999742650467,8.720647859508846e-11,COMPLETE
3314,0.0554,0.3773813714140423,5.686980021608849,2.5118580794078285,1.0478802166801144,3.858204027730059,6.044072061273831,2.1811143402963018e-10,COMPLETE
3315,0.1017,0.5927194164828663,7.051402036894628,8.359124144204223,123.52077947060401,51.0531204742495,0.11060646004395691,1.5335060532903536e-12,COMPLETE
3316,0.1063,0.5044548067634974,1.0181444973957394,3.3577620960066534,0.07261268023359602,546.754814234046,8.213868348493142,8.564477591299451e-11,COMPLETE
3317,0.11355,0.8575281810594823,7.296565715563787,9.890916012877245,2661.553121751245,1.2594502646806938,2.5245438758434986,8.720647859508846e-11,COMPLETE
3318,0.11735,0.5958393858114573,7.296565715563787,1.4931859313131794,2661.553121751245,0.12480776742786713,15.993906055812756,8.720647859508846e-11,COMPLETE
3319,0.0757,0.42206133957402464,3.7523591558107,2.2991799521485987,0.016767417635497637,509.2666023264527,2.606433764399818,4.331365543927414e-05,COMPLETE
3320,0.10645,0.741516711942994,1.887266813406421,6.641926976422129,3090.9457533461396,0.06857317261521613,0.01777158201797886,8.720647859508846e-11,COMPLETE
3321,0.13305,0.75069841613835,5.143704759654831,9.890916012877245,3090.9457533461396,0.047570004104159534,90.93175269338644,3.407169759582504e-13,COMPLETE
3322,0.0598,0.576215663799037,5.989976616159035,8.741900816624833,0.07261268023359602,0.08143726543969673,11.478928737247317,7.242135537625552e-11,COMPLETE
3323,0.1048,0.6522895819221408,6.943625321882633,6.641926976422129,0.07261268023359602,0.12480776742786713,0.010117774078155787,8.720647859508846e-11,COMPLETE
3324,0.0909,0.6605001507395001,6.109725889258237,6.641926976422129,0.4634053899763641,0.08755680934938086,0.010117774078155787,5.521087576123659e-10,COMPLETE
3325,0.06975,0.47021906088158666,6.103623020551158,2.19319667476288,0.4634053899763641,186.9306125540257,3.6008094906658137,3.649569116806477e-06,COMPLETE
3326,0.0914,0.8158136049584145,7.296565715563787,7.242098619980624,208.22607295194175,0.08755680934938086,34.574222073764446,8.720647859508846e-11,COMPLETE
3327,0.11175,0.8233812361331613,4.958426658725357,8.359124144204223,3090.9457533461396,0.047570004104159534,0.04082369646290137,1.9897264125379086e-06,COMPLETE
3328,0.1002,0.7732321722163602,7.051402036894628,5.751620494688234,208.22607295194175,0.08755680934938086,1.1961286443235215,5.521087576123659e-10,COMPLETE
3329,0.0542,0.23008872361581484,7.051402036894628,1.2296659616374817,0.3474112486367053,0.06857317261521613,3.6008094906658137,5.521087576123659e-10,COMPLETE
3330,0.05955,0.20608858279642664,5.553661359325831,1.0726049388472807,2.2526238626393873,0.06857317261521613,0.11060646004395691,3.407169759582504e-13,COMPLETE
3331,0.05775,0.23317412699833176,3.7523591558107,1.0726049388472807,2.2526238626393873,110.16646134717259,3.6008094906658137,5.432263014140687e-13,COMPLETE
3332,0.11225,0.7507639716322798,6.943625321882633,8.741900816624833,123.52077947060401,0.06857317261521613,3.6008094906658137,5.432263014140687e-13,COMPLETE
3333,0.07245,0.5467390924908628,6.943625321882633,9.890916012877245,0.0957570667738903,0.06857317261521613,2.5614663943557545,3.407169759582504e-13,COMPLETE
3334,0.09885,0.8846251879526285,7.051402036894628,9.890916012877245,1365.9795109508957,0.047570004104159534,0.49106969850296894,2.234326522814866e-10,COMPLETE
3335,0.11075,0.7639726841507056,7.051402036894628,3.1788912454430323,2661.553121751245,0.06857317261521613,0.11060646004395691,7.242135537625552e-11,COMPLETE
3336,0.1238,0.8084799334182763,7.296565715563787,9.890916012877245,3090.9457533461396,0.047570004104159534,0.764092524644605,3.407169759582504e-13,COMPLETE
3337,0.0531,0.32618305473242604,6.351039989269435,1.0726049388472807,0.016767417635497637,107.59872434463156,2.606433764399818,3.0541645143911065e-11,COMPLETE
3338,0.088,0.7526400465874391,7.051402036894628,6.875144787901625,2661.553121751245,0.08755680934938086,0.012219146594370785,8.720647859508846e-11,COMPLETE
3339,0.06215,0.5438541736964605,7.051402036894628,7.8078637347278095,0.3474112486367053,0.06857317261521613,3.6008094906658137,1.621364679176634e-08,COMPLETE
3340,0.0826,0.6688562410756728,7.051402036894628,7.8078637347278095,8.96098734821203,546.754814234046,3.6008094906658137,1.9043961097477443e-12,COMPLETE
3341,0.0496,0.2822604031719615,4.958426658725357,1.0726049388472807,2.2526238626393873,1.5630282565660134,0.013019525668720226,5.432263014140687e-13,COMPLETE
3342,0.0938,0.569945314413534,2.2222541602385153,6.641926976422129,12.412723646412944,107.59872434463156,34.574222073764446,8.720647859508846e-11,COMPLETE
