number,values_0,values_1,params_lambda1,params_lambda3,state
1430,0.12085860942603827,0.042973436878598226,0.0889183315187142,0.08667873840990237,COMPLETE
1431,0.13265782281181254,0.03996037024093039,6283.120401032437,14.525509560716237,COMPLETE
1432,0.12645823611759216,0.041416749514343355,8.246611092209319,0.003949182031077511,COMPLETE
1433,0.12679154723018465,0.041193986820357784,1.4702922595329029,0.13212666822556254,COMPLETE
1434,0.12759149390040664,0.03647912756681606,0.3872794482798276,0.7218367322605694,COMPLETE
1435,0.12659156056262916,0.03504347152350567,3.574740888262935,0.9159591409436798,COMPLETE
1436,0.11852543163789081,0.03830925296875713,6283.120401032437,0.0022525354482929054,COMPLETE
1437,0.12765815612292514,0.035246027286906255,0.013332465198670958,13.146385494085145,COMPLETE
1438,0.1240583961069262,0.04288916137513987,2.836993382466057,0.010923587096806527,COMPLETE
1439,0.13319112059196053,0.04578424462636294,2091.3874884826155,66.15972412667446,COMPLETE
1440,0.13252449836677554,0.037120655436955814,7.94785948978703,9.711433843795191,COMPLETE
1441,0.12325844943670422,0.048227855570206965,8767.94227631701,0.023094559541099267,COMPLETE
1442,0.11832544497033531,0.04574416517120024,8767.94227631701,0.9159591409436798,COMPLETE
1443,0.1301246583561096,0.033886057718712774,15.090617216845342,0.0006501236947356213,COMPLETE
1444,0.12212519165388974,0.04080283685056968,10.231148941567394,0.0001995011195892247,COMPLETE
1445,0.13112459169388707,0.04545197617911951,0.04161344014358376,9.711433843795191,COMPLETE
1446,0.12632491167255516,0.0469359246951359,6283.120401032437,1.834530898067978,COMPLETE
1447,0.12759149390040664,0.03476233846957991,0.046475299030472185,0.16210351871562223,COMPLETE
1448,0.12379174721685221,0.03866229425731187,0.4488098379132783,43.65055582461262,COMPLETE
1449,0.12485834277714819,0.034919445232415476,59.48058748071295,0.26790610972870255,COMPLETE
1450,0.12679154723018465,0.04550948410929185,5714.47495961426,39.760550590131494,COMPLETE
1451,0.12539164055729618,0.04406118721681707,5593.632645921561,1.834530898067978,COMPLETE
1452,0.12285847610159323,0.026955559714081877,6283.120401032437,0.0003478611145658525,COMPLETE
1453,0.12365842277181521,0.03717524967526731,0.024017059977729332,0.005973330656741422,COMPLETE
1454,0.1246583561095927,0.04198575500790475,38.872816706972465,0.005871071653873728,COMPLETE
1455,0.12619158722751816,0.043197060039752905,8767.94227631701,0.005973330656741422,COMPLETE
1456,0.12152523165122325,0.04070958141735513,4414.188047957258,0.013369753411955218,COMPLETE
1457,0.12872475168322112,0.033588502514188115,0.3614184960951523,38.04742583898605,COMPLETE
1458,0.12119192053863076,0.04105418565510152,8767.94227631701,0.00035414156028733485,COMPLETE
1459,0.1245916938870742,0.040781204281463326,5693.1973751478445,20.641244663713774,COMPLETE
1460,0.13232451169922005,0.03589474462624933,1699.7548659098384,81.6454883394065,COMPLETE
1461,0.13119125391640557,0.03930704559162447,47.96173105316937,0.01979727956496571,COMPLETE
1462,0.11959202719818679,0.032928456789893035,0.025242774978368597,0.3150134982723298,COMPLETE
1463,0.1239917338844077,0.046704404182373836,0.13995277597652078,0.583346756607907,COMPLETE
1464,0.12219185387640824,0.04508210645846471,4414.188047957258,0.013369753411955218,COMPLETE
1465,0.1240583961069262,0.046517832422294146,8.246611092209319,1.834530898067978,COMPLETE
1466,0.12272515165655623,0.033591619522949756,72.92229779409895,0.005491803077109474,COMPLETE
1467,0.1294580361309246,0.047414816391768616,1.4702922595329029,13.146385494085145,COMPLETE
1468,0.13385774281714552,0.03844129063273068,475.56563592421855,0.0037971659912415705,COMPLETE
1469,0.12392507166188921,0.04143812712986048,461.89649550237783,0.013369753411955218,COMPLETE
1470,0.12539164055729618,0.046452353918077144,0.01209305864800709,0.16210351871562223,COMPLETE
1471,0.1354576361575895,0.0459447432577208,322.3514196066346,9.711433843795191,COMPLETE
1472,0.11705886274248384,0.038174875514932614,0.14532137291300765,1.9451088505340488,COMPLETE
1473,0.12872475168322112,0.03976402676993409,1699.7548659098384,1.834530898067978,COMPLETE
1474,0.11745883607759483,0.05106326202997917,5693.1973751478445,0.013517858172829945,COMPLETE
1475,0.12005866275581628,0.046130752122463425,8767.94227631701,85.85708342744907,COMPLETE
1476,0.12325844943670422,0.03647918042322712,0.010446610002536492,4.578872706179779,COMPLETE
1477,0.12792480501299913,0.04844655336013129,6283.120401032437,0.005871071653873728,COMPLETE
1478,0.1293247116858876,0.04087059337456552,2.749155412117305,0.009238102629563117,COMPLETE
1479,0.12799146723551763,0.03513878723062197,0.06050912180915307,0.07477310290547144,COMPLETE
1480,0.12752483167788814,0.04173021797789853,4414.188047957258,0.08739042732989312,COMPLETE
1481,0.12672488500766615,0.049459374822458824,0.0162375369742074,1.9451088505340488,COMPLETE
1482,0.1289914005732951,0.04385477335284576,6283.120401032437,66.15972412667446,COMPLETE
1483,0.12212519165388974,0.042079850954208436,6283.120401032437,0.40073566723913484,COMPLETE
1484,0.13292447170188654,0.042590587038830736,120.83200216708039,66.15972412667446,COMPLETE
1485,0.12625824945003666,0.03245567411886924,0.5959718695044984,13.146385494085145,COMPLETE
1486,0.12179188054129725,0.039234754807183865,66.38686159886589,2.466197914488485,COMPLETE
1487,0.12605826278248117,0.03687963815453242,30.493942423014083,0.02668170112810437,COMPLETE
1488,0.12819145390307313,0.038962693003500075,5593.632645921561,1.834530898067978,COMPLETE
1489,0.12799146723551763,0.04122865052630106,0.14596552607262353,9.711433843795191,COMPLETE
1490,0.1289914005732951,0.04182434530229041,0.05817593583558726,0.00789850176680219,COMPLETE
1491,0.12765815612292514,0.04137412301021112,0.28198037567981615,1.3096921419961014,COMPLETE
1492,0.12865808946070262,0.044767212906786,2.4575845897548034,9.711433843795191,COMPLETE
1493,0.12325844943670422,0.04145513922411898,0.04584012805394179,0.0012050029215755114,COMPLETE
1494,0.12872475168322112,0.036284998006050645,6362.896356307084,11.415992410877942,COMPLETE
1495,0.12692487167522165,0.04582348753874083,0.06508888551429474,35.761689508980375,COMPLETE
1496,0.12712485834277715,0.04194754056336691,8767.94227631701,0.005973330656741422,COMPLETE
1497,0.12559162722485168,0.04319651358823844,8864.816046818398,9.711433843795191,COMPLETE
1498,0.13192453836410906,0.036867453022972535,0.13735287093488324,0.0002255839300564267,COMPLETE
1499,0.12065862275848277,0.043323297082586594,6283.120401032437,0.005871071653873728,COMPLETE
1500,0.12819145390307313,0.04045580489790876,2093.677477628299,0.013744894972199702,COMPLETE
1501,0.12325844943670422,0.033925470276820066,0.025616711699601762,0.05383979024095937,COMPLETE
1502,0.12379174721685221,0.03756652342369765,0.7180647654907496,0.027334470203704355,COMPLETE
1503,0.12565828944737018,0.040018487930544654,0.04019923762968984,1.834530898067978,COMPLETE
1504,0.12365842277181521,0.05121716978757858,7480.2951571941785,42.71415032615479,COMPLETE
1505,0.12745816945536964,0.03207318385985222,1.5713367730025085,69.48678392850886,COMPLETE
1506,0.11965868942070529,0.04390651571220958,5593.632645921561,0.029520265408049928,COMPLETE
1507,0.13612425838277448,0.04278693907172043,931.6807357383251,0.025922790194725678,COMPLETE
1508,0.12719152056529565,0.041710063138238475,4.673525155082385,0.0010722610207248961,COMPLETE
1509,0.12539164055729618,0.05175700380417526,3110.1377470169305,61.68710136050979,COMPLETE
1510,0.12565828944737018,0.04085406256719231,190.6407695569932,0.015315475392785584,COMPLETE
1511,0.12099193387107526,0.04583344226640686,8767.94227631701,1.834530898067978,COMPLETE
1512,0.12279181387907473,0.04217697733543857,0.02623883013455621,9.711433843795191,COMPLETE
1513,0.12479168055462969,0.03654725737802121,0.1518414821295583,5.874714059898539,COMPLETE
1514,0.12745816945536964,0.04209140978123954,5593.632645921561,0.02911966799627114,COMPLETE
1515,0.12212519165388974,0.03885570159950581,8767.94227631701,0.023094559541099267,COMPLETE
1516,0.1293247116858876,0.04408584773555957,5693.1973751478445,0.013517858172829945,COMPLETE
1517,0.12692487167522165,0.03113886915425672,0.08197767984775821,0.0001165492334035432,COMPLETE
1518,0.1302579828011466,0.04405905999633264,6283.120401032437,0.008726723262267531,COMPLETE
1519,0.1291247250183321,0.04361649844339562,8.246611092209319,0.01979727956496571,COMPLETE
1520,0.13912405839610692,0.04245746469598288,0.013332465198670958,0.7377332290300859,COMPLETE
1521,0.12025864942337178,0.05048130874414459,8767.94227631701,28.336173718771214,COMPLETE
1522,0.12645823611759216,0.034115090701295224,1775.3588183247552,41.82310381742444,COMPLETE
1523,0.13572428504766348,0.03371984089863782,0.3573271540850533,0.004646486095158943,COMPLETE
1524,0.1242583827744817,0.03982326583397099,9552.092947795103,0.025922790194725678,COMPLETE
1525,0.12799146723551763,0.04478099065465678,8767.94227631701,0.4055473699259157,COMPLETE
1526,0.12685820945270315,0.03805610245430739,6283.120401032437,54.28294169259696,COMPLETE
1527,0.13232451169922005,0.03983990729406143,1.0035097935831,1.1054334821015799,COMPLETE
1528,0.13319112059196053,0.04775441254176025,4414.188047957258,1.1673384339358164,COMPLETE
1529,0.12512499166722219,0.04981669424327143,8767.94227631701,0.01648879377525742,COMPLETE
1530,0.12685820945270315,0.04099063178310209,4414.188047957258,1.9451088505340488,COMPLETE
1531,0.12819145390307313,0.0376582695720385,3110.1377470169305,0.04761117353683943,COMPLETE
1532,0.12645823611759216,0.04476166966459926,6283.120401032437,39.760550590131494,COMPLETE
1533,0.12845810279314712,0.03748089917592246,0.02004954577052599,1.3802494612099485,COMPLETE
1534,0.12312512499166722,0.03870506232850373,9552.092947795103,0.0022525354482929054,COMPLETE
1535,0.12719152056529565,0.04853529932097241,6283.120401032437,0.010771396932000118,COMPLETE
1536,0.11839210719285381,0.03986665897362449,5490.826468583743,68.54419600121358,COMPLETE
1537,0.12619158722751816,0.038105559807117974,0.04584012805394179,0.16210351871562223,COMPLETE
1538,0.12845810279314712,0.03630270791480444,4414.188047957258,0.013369753411955218,COMPLETE
1539,0.13172455169655356,0.042484783959971115,190.77952782849314,0.16207729309253507,COMPLETE
1540,0.1250583294447037,0.03939219198849047,0.6690760699860392,0.00017257178983577946,COMPLETE
1541,0.12879141390573962,0.04458289965835072,30.965548811941414,0.013369753411955218,COMPLETE
1542,0.12579161389240717,0.032296924048511866,2091.3874884826155,0.0003011391514058354,COMPLETE
1543,0.13319112059196053,0.03430811989681888,96.63750345248295,0.029029242361359325,COMPLETE
1544,0.12259182721151923,0.04054694227860416,9552.092947795103,0.0043385091261300334,COMPLETE
1545,0.1240583961069262,0.05119990711318425,5714.47495961426,39.760550590131494,COMPLETE
1546,0.12785814279048063,0.04394229888826915,6283.120401032437,0.007666235978736359,COMPLETE
1547,0.12299180054663023,0.03827652609300394,0.20503314365969996,0.013369753411955218,COMPLETE
1548,0.12712485834277715,0.04203678510964924,338.79420847428497,0.10405577211027708,COMPLETE
1549,0.12159189387374175,0.04008787297452013,952.9338113367058,1.4465118540164146,COMPLETE
1550,0.12745816945536964,0.036773243528343165,5593.632645921561,0.0023438933501208565,COMPLETE
1551,0.13239117392173855,0.04333000256150324,2091.3874884826155,66.15972412667446,COMPLETE
1552,0.11959202719818679,0.03852810507071805,4414.188047957258,0.0025189857451559687,COMPLETE
1553,0.12679154723018465,0.039732138506606285,176.12482135421934,39.760550590131494,COMPLETE
1554,0.12665822278514766,0.03362243822870396,2091.3874884826155,0.7379529192541225,COMPLETE
1555,0.12192520498633425,0.04581053999248628,25.589629823128277,0.01979727956496571,COMPLETE
1556,0.1245250316645557,0.04794493272221807,8767.94227631701,0.00631995807659227,COMPLETE
1557,0.12832477834811012,0.03104508576696967,4414.188047957258,0.0002469496037621757,COMPLETE
1558,0.12545830277981468,0.04795403930473862,3283.5503933160408,0.025922790194725678,COMPLETE
1559,0.12812479168055463,0.050332605390361926,8767.94227631701,66.15972412667446,COMPLETE
1560,0.12212519165388974,0.03853597495700855,5593.632645921561,0.0034106400141028694,COMPLETE
1561,0.13252449836677554,0.03483390282471868,6283.120401032437,0.00035482778808143957,COMPLETE
1562,0.12079194720351977,0.04743391413664283,4414.188047957258,0.005260604602629495,COMPLETE
1563,0.12225851609892674,0.050675571940643344,4414.188047957258,2.534482843524369,COMPLETE
1564,0.12325844943670422,0.036234877514159304,6283.120401032437,0.0003586161041845704,COMPLETE
1565,0.13085794280381308,0.03668058633851222,162.13849215541003,0.0037971659912415705,COMPLETE
1566,0.12792480501299913,0.04593477806509925,8767.94227631701,0.00789850176680219,COMPLETE
1567,0.13125791613892407,0.03797505871743679,3669.6033154271627,69.48678392850886,COMPLETE
1568,0.1291913872408506,0.04745747314665446,2.626797025578193,13.146385494085145,COMPLETE
1569,0.1295913605759616,0.039463329753214836,13.291356772292664,4.460313197519646,COMPLETE
1570,0.135390973935071,0.043413787749325576,882.5319353591635,0.0025189857451559687,COMPLETE
1571,0.12732484501033264,0.04163545858871183,0.010985912965931748,0.0006848662074152905,COMPLETE
1572,0.1291247250183321,0.03465563813412865,1699.7548659098384,0.006565496359129721,COMPLETE
1573,0.12472501833211119,0.043563352940912015,5714.47495961426,69.48678392850886,COMPLETE
1574,0.12079194720351977,0.04636601021618859,8767.94227631701,0.07477310290547144,COMPLETE
1575,0.134591027264849,0.033908476644408894,17.227250660274336,0.0002593318164799532,COMPLETE
1576,0.1243917072195187,0.038936427893268184,8767.94227631701,11.465931709071809,COMPLETE
1577,0.12592493833744417,0.05106209384464435,5593.632645921561,59.404026135283274,COMPLETE
1578,0.12685820945270315,0.045801734959567984,3366.6656155440137,39.760550590131494,COMPLETE
1579,0.12725818278781414,0.04070728142259562,4414.188047957258,0.8478587820306428,COMPLETE
1580,0.1192587160855943,0.04052083446904258,1.2196789794614233,9.711433843795191,COMPLETE
1581,0.12172521831877875,0.04585886026037078,0.6367144964767432,0.16207729309253507,COMPLETE
1582,0.1300579961335911,0.038250030868495655,2091.3874884826155,77.8261267634034,COMPLETE
1583,0.12705819612025865,0.039264052590033516,5714.47495961426,0.005973330656741422,COMPLETE
1584,0.12565828944737018,0.03865223558130037,5593.632645921561,0.005973330656741422,COMPLETE
1585,0.1289914005732951,0.04032061454337469,0.012041999032677284,1.834530898067978,COMPLETE
1586,0.12172521831877875,0.03412928632737528,527.3996908187304,0.023094559541099267,COMPLETE
1587,0.12339177388174122,0.040702275780954214,93.1493200255591,1.834530898067978,COMPLETE
1588,0.1299246716885541,0.04388599501246745,398.90512643433203,39.760550590131494,COMPLETE
1589,0.11985867608826078,0.052036516971785025,6283.120401032437,39.760550590131494,COMPLETE
1590,0.11999200053329778,0.0428158696074783,4414.188047957258,0.09331302009757335,COMPLETE
1591,0.1353243117125525,0.04242989476489688,0.1421366670585261,9.711433843795191,COMPLETE
1592,0.12652489834011066,0.039344246942492146,0.6690760699860392,9.711433843795191,COMPLETE
1593,0.11785880941270582,0.04585174989186962,8767.94227631701,0.0057692422664744145,COMPLETE
1594,0.13685754283047796,0.03182492380452071,428.2701580118604,0.00015074134813576408,COMPLETE
1595,0.11745883607759483,0.036832923099278006,0.012772667625437252,77.3831740923394,COMPLETE
1596,0.1295913605759616,0.04369503789079528,19.806372627863812,1.834530898067978,COMPLETE
1597,0.12585827611492567,0.04244187403186466,3188.0561002540985,0.002577489018984798,COMPLETE
1598,0.12679154723018465,0.038998368463365254,0.4045375016002609,0.013369753411955218,COMPLETE
1599,0.1303246450236651,0.03799893810840762,4414.188047957258,0.9159591409436798,COMPLETE
1600,0.12299180054663023,0.03670452916183254,140.18900084322394,1.3096921419961014,COMPLETE
1601,0.13185787614159056,0.03794452610176091,0.012041999032677284,5.91054315828047,COMPLETE
1602,0.12559162722485168,0.04043675216792867,2.4575845897548034,0.00789850176680219,COMPLETE
1603,0.12712485834277715,0.03981284497608106,0.08473315980529492,0.006903295106994282,COMPLETE
1604,0.1294580361309246,0.04316988416097648,85.15463444519611,66.15972412667446,COMPLETE
1605,0.12585827611492567,0.03935077165415762,0.15836579847308405,0.04497392952794033,COMPLETE
1606,0.13105792947136857,0.04526698543064095,8767.94227631701,28.336173718771214,COMPLETE
1607,0.12792480501299913,0.04712170733852147,4414.188047957258,77.8261267634034,COMPLETE
1608,0.12625824945003666,0.03750968425935606,389.1613219624443,0.0182193293404572,COMPLETE
1609,0.12805812945803613,0.03873841380632386,5593.632645921561,0.39650615495763425,COMPLETE
1610,0.13739084061062595,0.030940347892028302,35.59058618416778,0.0031649365093392333,COMPLETE
1611,0.12639157389507366,0.03944231114033536,8767.94227631701,1.834530898067978,COMPLETE
1612,0.11692553829744684,0.04890715452123747,6283.120401032437,0.16207729309253507,COMPLETE
1613,0.12732484501033264,0.04272985610377247,7.0493457570079485,0.00034114588603828956,COMPLETE
1614,0.13392440503966402,0.028691177302829097,190.6407695569932,0.04472792127788172,COMPLETE
1615,0.12819145390307313,0.036199847434247916,12.888405202482325,0.9159591409436798,COMPLETE
1616,0.12499166722218519,0.04226397592741941,1.2664137346315738,1.1397199787256473,COMPLETE
1617,0.12765815612292514,0.04091602244748239,0.7476534525585402,0.013369753411955218,COMPLETE
1618,0.13179121391907206,0.043628882157605096,6283.120401032437,0.5301250349464544,COMPLETE
1619,0.13185787614159056,0.04674169004368419,8767.94227631701,0.005973330656741422,COMPLETE
1620,0.1246583561095927,0.04056566219165232,0.012041999032677284,53.85952780169579,COMPLETE
1621,0.12192520498633425,0.03732342556564179,7480.2951571941785,0.00026301248386466515,COMPLETE
1622,0.12185854276381575,0.04076956702730498,3110.1377470169305,0.037075065309647735,COMPLETE
1623,0.13072461835877608,0.04318069421326445,35.764907846341835,1.834530898067978,COMPLETE
1624,0.12559162722485168,0.04689195387785574,7480.2951571941785,0.010873993607429092,COMPLETE
1625,0.12279181387907473,0.041074862115286714,3110.1377470169305,15.529694770428852,COMPLETE
1626,0.12659156056262916,0.0456371820543494,6283.120401032437,0.045855244398337346,COMPLETE
1627,0.1193253783081128,0.0365258071146862,4414.188047957258,0.013369753411955218,COMPLETE
1628,0.12372508499433371,0.04836402756433684,12.538849125482605,0.00788717212301835,COMPLETE
1629,0.1300579961335911,0.039127040267691766,1.1514574839465253,42.71415032615479,COMPLETE
1630,0.12005866275581628,0.03546640641535962,42.84708274058437,0.00015218546796526348,COMPLETE
1631,0.12265848943403773,0.03839123245543423,8767.94227631701,20.67609351364809,COMPLETE
1632,0.13159122725151656,0.035940573733646834,1409.7948803782701,0.0013506909831853848,COMPLETE
1633,0.12259182721151923,0.03800942760591779,6283.120401032437,66.15972412667446,COMPLETE
1634,0.12612492500499967,0.040770329694644745,5490.826468583743,68.54419600121358,COMPLETE
1635,0.1351909872675155,0.03595887069125174,4.445923865966545,0.004015153012536671,COMPLETE
1636,0.13165788947403506,0.03636417752465125,0.06508888551429474,9.711433843795191,COMPLETE
1637,0.12345843610425972,0.039648040948411074,8767.94227631701,4.653366042951739,COMPLETE
1638,0.12859142723818412,0.05043869045389503,5593.632645921561,0.10238096800819617,COMPLETE
1639,0.12832477834811012,0.039121076506728726,0.06508888551429474,9.711433843795191,COMPLETE
1640,0.135257649490034,0.03835529804872757,25.52201138268508,69.48678392850886,COMPLETE
1641,0.12705819612025865,0.047683400432149414,0.6690760699860392,0.0051140653933557986,COMPLETE
1642,0.12692487167522165,0.03945419110825603,0.1044203257943824,0.0007426823253688197,COMPLETE
1643,0.12672488500766615,0.038336041687390084,1294.7424382949516,10.10044521792788,COMPLETE
1644,0.12785814279048063,0.03995819473597888,125.1492949467822,0.006285018378427222,COMPLETE
1645,0.12599160055996267,0.04801271364624111,7480.2951571941785,22.220798508809132,COMPLETE
1646,0.11999200053329778,0.04198088580099376,0.06508888551429474,0.7377332290300859,COMPLETE
1647,0.12592493833744417,0.035432242360948336,0.012041999032677284,0.0037971659912415705,COMPLETE
1648,0.12332511165922272,0.0433503227173671,1.690322956609313,47.783325992906654,COMPLETE
1649,0.12879141390573962,0.042718014480697536,9552.092947795103,0.025922790194725678,COMPLETE
1650,0.11652556496233585,0.04931802862938915,5593.632645921561,68.54419600121358,COMPLETE
1651,0.12559162722485168,0.03613582617871397,39.17418907130478,1.2719469456188701,COMPLETE
1652,0.11632557829478035,0.04049367919119153,6283.120401032437,1.834530898067978,COMPLETE
1653,0.13065795613625758,0.04568011130570982,0.6690760699860392,1.0207652224366548,COMPLETE
1654,0.12605826278248117,0.0417142956926512,62.139989788059566,15.6143885005709,COMPLETE
1655,0.12739150723285114,0.034918637956265354,0.013332465198670958,0.30058940819846525,COMPLETE
1656,0.1299246716885541,0.04265747978938729,1752.2204531177342,9.711433843795191,COMPLETE
1657,0.12885807612825811,0.034316005721270464,0.06508888551429474,0.0182193293404572,COMPLETE
1658,0.12612492500499967,0.041298163373651185,173.63126396151165,30.820838792753317,COMPLETE
1659,0.1191253916405573,0.050459612610557224,8767.94227631701,49.888020320418896,COMPLETE
1660,0.1241917205519632,0.040700587867501,7.832990793960404,1.912768288176797,COMPLETE
1661,0.12819145390307313,0.03632641412912583,66.38686159886589,0.005973330656741422,COMPLETE
1662,0.1243250449970002,0.032777078495938555,1.2196789794614233,9.711433843795191,COMPLETE
1663,0.12039197386840877,0.03888189144830469,0.044471448957227884,0.9159591409436798,COMPLETE
1664,0.11505899606692888,0.053197236269592094,5490.826468583743,68.54419600121358,COMPLETE
1665,0.1296580227984801,0.03613520889246911,3.1919574154757338,0.007966533219618271,COMPLETE
1666,0.12832477834811012,0.03530639070271295,6283.120401032437,0.0005547045648646603,COMPLETE
