number,values_0,values_1,params_lambda1,params_lambda3,state
1904,0.12565828944737018,0.0342605699907431,0.022788237102932346,61.68710136050979,COMPLETE
1905,0.11759216052263183,0.045879235287606616,5714.47495961426,0.5302194969779056,COMPLETE
1906,0.12859142723818412,0.042441877910701836,6319.497885178757,2.949901877963111,COMPLETE
1907,0.12099193387107526,0.04634873627607331,8767.94227631701,10.134388840268619,COMPLETE
1908,0.12532497833477768,0.04397631958994989,4958.775154271243,0.007762702083149598,COMPLETE
1909,0.1243250449970002,0.03887671289152134,6283.120401032437,0.9159591409436798,COMPLETE
1910,0.1296580227984801,0.03339722779291344,5714.47495961426,39.760550590131494,COMPLETE
1911,0.12192520498633425,0.039707797536514794,19.94602826097167,77.8261267634034,COMPLETE
1912,0.12799146723551763,0.04097202162625985,8767.94227631701,0.013369753411955218,COMPLETE
1913,0.12565828944737018,0.04888287965144271,8730.902878104629,11.194987430847927,COMPLETE
1914,0.1244583694420372,0.039524188141150454,5714.47495961426,31.89795852754852,COMPLETE
1915,0.1289247383507766,0.038167438605344835,4414.188047957258,0.025922790194725678,COMPLETE
1916,0.13039130724618359,0.03721069993212276,3.3539469514070337,0.16210351871562223,COMPLETE
1917,0.12525831611225918,0.04703088651781092,8767.94227631701,16.630813455352612,COMPLETE
1918,0.11852543163789081,0.04971165375496757,5593.632645921561,26.179271479854755,COMPLETE
1919,0.12845810279314712,0.035180694110400645,1110.5434838902445,0.0683067647859453,COMPLETE
1920,0.1239917338844077,0.04161536574515529,1.3795767762575801,0.004781928050699677,COMPLETE
1921,0.1301246583561096,0.04116503549768945,2091.3874884826155,77.8261267634034,COMPLETE
1922,0.13619092060529298,0.04646676058242456,5560.204211199711,0.9159591409436798,COMPLETE
1923,0.12332511165922272,0.04270079562331586,0.9101760869271954,0.007742636871559718,COMPLETE
1924,0.12699153389774015,0.044146052104635576,4414.188047957258,0.013369753411955218,COMPLETE
1925,0.12739150723285114,0.046664921874658115,5593.632645921561,0.013369753411955218,COMPLETE
1926,0.12839144057062862,0.04026853477286101,513.3995174700812,0.0004764845462551016,COMPLETE
1927,0.1187254183054463,0.045146581423211464,65.42692264515615,0.20632315294208697,COMPLETE
1928,0.12139190720618626,0.050185272511774015,9552.092947795103,0.0073976983219123426,COMPLETE
1929,0.13052463169122058,0.0438571992389196,66.38686159886589,4.340258913270862,COMPLETE
1930,0.12772481834544364,0.04199250902736265,6283.120401032437,13.146385494085145,COMPLETE
1931,0.12165855609626025,0.04230935820666125,0.06508888551429474,0.1323094666923315,COMPLETE
1932,0.1240583961069262,0.029489079164859485,5490.826468583743,0.00015582536671154476,COMPLETE
1933,0.12232517832144524,0.04676540486123305,6283.120401032437,69.48678392850886,COMPLETE
1934,0.12552496500233318,0.03588150029788397,0.12853740255813179,0.11451107334144754,COMPLETE
1935,0.12159189387374175,0.036065980125604115,5714.47495961426,39.760550590131494,COMPLETE
1936,0.12672488500766615,0.03737002135347282,1.063658088201645,0.005973330656741422,COMPLETE
1937,0.1294580361309246,0.038833698934632635,102.75344572996936,16.630813455352612,COMPLETE
1938,0.12485834277714819,0.03151335147169995,0.015512273696058313,0.1815880056037319,COMPLETE
1939,0.13152456502899806,0.04797572156978777,1260.7036583561137,39.760550590131494,COMPLETE
1940,0.1244583694420372,0.042200871950717304,8767.94227631701,0.005783834694453123,COMPLETE
1941,0.12665822278514766,0.03569366160861854,3110.1377470169305,0.01979727956496571,COMPLETE
1942,0.11859209386040931,0.04268853192221464,0.04793952855713966,0.35480259452128043,COMPLETE
1943,0.12765815612292514,0.03888954110238454,8767.94227631701,0.00011154769121172664,COMPLETE
1944,0.12139190720618626,0.04989407636554347,5593.632645921561,0.3780392510002069,COMPLETE
1945,0.12159189387374175,0.03763313375324036,2.7039119316974443,0.00021307207978704605,COMPLETE
1946,0.12279181387907473,0.039924448447798716,234.5516539248528,0.002831941038665066,COMPLETE
1947,0.12812479168055463,0.04167054219416415,5714.47495961426,39.760550590131494,COMPLETE
1948,0.13072461835877608,0.03905903267770663,35.87391488945696,0.025922790194725678,COMPLETE
1949,0.13039130724618359,0.03641322477612714,2.5904113157987805,42.71415032615479,COMPLETE
1950,0.13159122725151656,0.038049919142171845,65.42692264515615,61.75810942830085,COMPLETE
1951,0.12639157389507366,0.03675115489906659,471.32678070568323,0.005973330656741422,COMPLETE
1952,0.1297913472435171,0.03555715425118232,0.9391429126028645,1.834530898067978,COMPLETE
1953,0.12612492500499967,0.04882375327790311,745.5938227270815,0.018656019537610893,COMPLETE
1954,0.1191253916405573,0.03273380730095625,78.52286191635486,69.48678392850886,COMPLETE
1955,0.12319178721418572,0.031326538082727846,1128.3596002982881,30.29009052600122,COMPLETE
1956,0.13105792947136857,0.04664433731615894,6102.763624538792,0.013369753411955218,COMPLETE
1957,0.12072528498100127,0.03980163983707488,6283.120401032437,0.16207729309253507,COMPLETE
1958,0.13225784947670155,0.0450284549918676,4414.188047957258,69.48678392850886,COMPLETE
1959,0.12192520498633425,0.046183651321109256,5593.632645921561,0.00789850176680219,COMPLETE
1960,0.12572495166988867,0.040980513561486354,795.6325327697554,77.3831740923394,COMPLETE
1961,0.12545830277981468,0.04336615694918864,0.012041999032677284,39.760550590131494,COMPLETE
1962,0.13365775614959002,0.03735928480839702,0.8037588523975836,76.96952626491992,COMPLETE
1963,0.12339177388174122,0.04362335540116381,8767.94227631701,0.0027729218560003854,COMPLETE
1964,0.12719152056529565,0.039290420158153476,4414.188047957258,0.013369753411955218,COMPLETE
1965,0.1191920538630758,0.04010675046861368,4.404820883419924,0.06513943668811649,COMPLETE
1966,0.12525831611225918,0.044637985701321055,1.97296621396934,0.010057508942159201,COMPLETE
1967,0.12112525831611226,0.03618463486190472,80.58840684591745,0.0057692422664744145,COMPLETE
1968,0.12372508499433371,0.03681229687136411,32.889117283104454,0.005259223862043069,COMPLETE
1969,0.13059129391373908,0.02991746089894476,65.42692264515615,31.088983899225138,COMPLETE
1970,0.12879141390573962,0.04691722171300015,4414.188047957258,0.013106411613832632,COMPLETE
1971,0.12085860942603827,0.04197383971677235,6283.120401032437,0.020407512642545898,COMPLETE
1972,0.12319178721418572,0.040295951000387506,1227.133243817657,13.146385494085145,COMPLETE
1973,0.12665822278514766,0.03824383674015048,13.517016920055447,39.760550590131494,COMPLETE
1974,0.11972535164322379,0.03769022821746496,0.011153871613925346,51.95690490673032,COMPLETE
1975,0.12285847610159323,0.04758874030069506,2485.21136963453,49.888020320418896,COMPLETE
1976,0.12479168055462969,0.04288225065384277,0.1662690007372168,0.001346768062603418,COMPLETE
1977,0.13125791613892407,0.04217905403451289,141.27025070096968,14.704502304095339,COMPLETE
1978,0.1244583694420372,0.03795576520974549,0.06419641346152843,5.690401750094943,COMPLETE
1979,0.13165788947403506,0.04522720191623944,20.075327836689436,1.6165527128353467,COMPLETE
1980,0.1291247250183321,0.035842711108231146,97.13806098665187,0.0010564018894204813,COMPLETE
1981,0.12225851609892674,0.04243928692218104,0.2245485228509616,68.54419600121358,COMPLETE
1982,0.11672555162989134,0.04085214582158868,25.43440160695157,0.0037971659912415705,COMPLETE
1983,0.12372508499433371,0.038964985106016065,2341.405347122896,68.54419600121358,COMPLETE
1984,0.12825811612559163,0.044454881010073555,8767.94227631701,39.760550590131494,COMPLETE
1985,0.12359176054929671,0.045682628581389516,3994.942270495885,0.7218367322605694,COMPLETE
1986,0.1245916938870742,0.03335675507959795,864.1843291586597,0.9159591409436798,COMPLETE
1987,0.13299113392440504,0.04373309929103151,0.6802855100267907,1.1900240657782748,COMPLETE
1988,0.11765882274515033,0.04671702865194687,8767.94227631701,0.005973330656741422,COMPLETE
1989,0.12052529831344577,0.0392757762543427,517.7627641206724,1.3218466820898507,COMPLETE
1990,0.12625824945003666,0.04077847674800825,6283.120401032437,1.4323294227354522,COMPLETE
1991,0.1188587427504833,0.041406604851746284,3110.1377470169305,0.0031846870599341165,COMPLETE
1992,0.12859142723818412,0.03707462771738979,0.4912726860971979,6.711629024146343,COMPLETE
1993,0.12645823611759216,0.04196960959283613,8767.94227631701,0.013369753411955218,COMPLETE
1994,0.1297913472435171,0.037406966356753855,121.3227030559175,0.05622682939985924,COMPLETE
1995,0.12639157389507366,0.03498853789917839,0.2950351374202641,0.002101966285812154,COMPLETE
1996,0.11779214719018732,0.050450475520951735,6283.120401032437,25.22177594042763,COMPLETE
1997,0.1192587160855943,0.045603814453515225,5490.826468583743,1.741446771553359,COMPLETE
1998,0.11599226718218786,0.05328965411192854,8767.94227631701,28.336173718771214,COMPLETE
1999,0.134591027264849,0.046715873020299406,3110.1377470169305,61.68710136050979,COMPLETE
