number,values_0,values_1,params_lambda1,params_lambda3,state
1667,0.12205852943137124,0.03571027563028069,8767.94227631701,0.16210351871562223,COMPLETE
1668,0.1297913472435171,0.043398134512595075,6283.120401032437,0.001751201896059218,COMPLETE
1669,0.1295913605759616,0.036586492323703465,3.4510149499705216,0.16716053036453654,COMPLETE
1670,0.1301913205786281,0.04092693871406718,4414.188047957258,33.23074373264956,COMPLETE
1671,0.12639157389507366,0.03721045754027245,0.039385969259514896,0.9159591409436798,COMPLETE
1672,0.1289247383507766,0.041358566932438716,1.2196789794614233,69.48678392850886,COMPLETE
1673,0.12792480501299913,0.033991364847976234,0.09680688832948448,0.0013866854726251184,COMPLETE
1674,0.11852543163789081,0.04851444252694119,8767.94227631701,1.834530898067978,COMPLETE
1675,0.12672488500766615,0.04427258925008088,8767.94227631701,1.3096921419961014,COMPLETE
1676,0.12832477834811012,0.03938529596742044,10.180461601697735,61.68710136050979,COMPLETE
1677,0.14172388507432837,0.041000697514803584,264.76808542483286,0.07477310290547144,COMPLETE
1678,0.12499166722218519,0.04030255442649682,8767.94227631701,12.865829263152643,COMPLETE
1679,0.11959202719818679,0.04646195946300818,8767.94227631701,0.7218367322605694,COMPLETE
1680,0.11545896940203987,0.03323451681868227,5593.632645921561,0.00017153081311803352,COMPLETE
1681,0.13699086727551496,0.03376207353769893,0.20106043240577146,0.00017932815021751424,COMPLETE
1682,0.12299180054663023,0.043681412216314316,3761.517010007866,0.013517858172829945,COMPLETE
1683,0.12512499166722219,0.0343219578170105,0.011585033464106798,0.0057692422664744145,COMPLETE
1684,0.12059196053596427,0.039602551119937414,4.752888362918568,0.7021414092878551,COMPLETE
1685,0.11952536497566829,0.04398232926100368,6283.120401032437,10.87182663844113,COMPLETE
1686,0.1301913205786281,0.0437053297645169,7098.897912648846,13.146385494085145,COMPLETE
1687,0.12492500499966669,0.04142202144848495,5490.826468583743,68.54419600121358,COMPLETE
1688,0.134457702819812,0.03702428636825799,528.170187432185,14.440837082086604,COMPLETE
1689,0.12752483167788814,0.037258572790099274,113.16579370471709,0.5094607296270592,COMPLETE
1690,0.12612492500499967,0.039959422266854124,964.1677807919291,0.0031863885958307125,COMPLETE
1691,0.1246583561095927,0.03922959649330834,0.09675453795880296,2.1283790837599774,COMPLETE
1692,0.12539164055729618,0.0356616490710339,3110.1377470169305,0.00024054367989291537,COMPLETE
1693,0.12225851609892674,0.039752104455191624,5593.632645921561,13.146385494085145,COMPLETE
1694,0.1188587427504833,0.0370519293942187,1.423606564794693,12.659032023633612,COMPLETE
1695,0.12232517832144524,0.04002743271661781,5.689977163718403,0.00028874469137674764,COMPLETE
1696,0.12625824945003666,0.042244298917122454,2091.3874884826155,77.8261267634034,COMPLETE
1697,0.12605826278248117,0.037118120263293725,1.2196789794614233,9.711433843795191,COMPLETE
1698,0.1250583294447037,0.04220984298808413,5490.826468583743,0.8885701370202946,COMPLETE
1699,0.12372508499433371,0.03920572246146367,5.203382753591176,0.0016792889642306646,COMPLETE
1700,0.12759149390040664,0.04173583912209263,3381.8362592721455,0.012874658262231617,COMPLETE
1701,0.11732551163255783,0.047892970397189934,65.42692264515615,0.002831941038665066,COMPLETE
1702,0.12019198720085328,0.0425412648573926,0.012772667625437252,3.8467508842772533,COMPLETE
1703,0.13405772948470102,0.04263452791879556,5593.632645921561,0.029520265408049928,COMPLETE
1704,0.12872475168322112,0.036303310505122775,1.4702922595329029,0.37492916103805757,COMPLETE
1705,0.1293247116858876,0.04103540577920058,0.150036680329927,28.336173718771214,COMPLETE
1706,0.12732484501033264,0.04294431620524062,1.4702922595329029,0.00039805372591869646,COMPLETE
1707,0.12572495166988867,0.037319488933532124,8767.94227631701,0.01979727956496571,COMPLETE
1708,0.1242583827744817,0.039075023880240006,66.38686159886589,12.78183352708858,COMPLETE
1709,0.1190587294180388,0.047601172362106974,5593.632645921561,0.004592815303058262,COMPLETE
1710,0.13239117392173855,0.03934494536107094,0.5094102696494266,13.146385494085145,COMPLETE
1711,0.1292580494633691,0.034558259442956984,0.12056066920959907,1.6858190955364956,COMPLETE
1712,0.11845876941537231,0.03946945508350676,0.055526005811229844,0.06683200085079455,COMPLETE
1713,0.12292513832411173,0.042234925010152025,84.81585647895939,0.0007258678965361077,COMPLETE
1714,0.12679154723018465,0.03799994312711188,0.17998872119410486,0.030361942384292823,COMPLETE
1715,0.12332511165922272,0.042073580182313566,4414.188047957258,0.0025189857451559687,COMPLETE
1716,0.12352509832677822,0.0339346532086724,6283.120401032437,68.54419600121358,COMPLETE
1717,0.12492500499966669,0.04974296696688956,8046.353393130679,48.0350582158026,COMPLETE
1718,0.1250583294447037,0.03982461697552324,0.06508888551429474,9.711433843795191,COMPLETE
1719,0.1289247383507766,0.034246969549302266,2.4936651327038177,19.248857106697457,COMPLETE
1720,0.12172521831877875,0.041356171341825336,16.98145540473737,0.00010740923585428313,COMPLETE
1721,0.12519165388974068,0.042718013050885545,50.600075513050925,1.9451088505340488,COMPLETE
1722,0.11752549830011333,0.04200977729466268,0.012041999032677284,77.3831740923394,COMPLETE
1723,0.12259182721151923,0.037688128143032996,695.8945260922112,0.01150918809733554,COMPLETE
1724,0.1351909872675155,0.03742984107812978,0.03403893953026416,9.711433843795191,COMPLETE
1725,0.12712485834277715,0.035467050214431646,7.214986921373464,33.59719731818298,COMPLETE
1726,0.12352509832677822,0.0444771091411145,5593.632645921561,63.63968662819512,COMPLETE
1727,0.12219185387640824,0.038563482056752814,0.08850165117381918,0.013517858172829945,COMPLETE
1728,0.12685820945270315,0.034538093606991324,0.05446775423570205,0.03061069725245938,COMPLETE
1729,0.12719152056529565,0.03372654333776878,787.9494973324863,0.00788717212301835,COMPLETE
1730,0.12139190720618626,0.05101524353983459,8767.94227631701,0.628124615875489,COMPLETE
1731,0.12645823611759216,0.03792301854033445,0.11538330099300864,6.961645598580406,COMPLETE
1732,0.12519165388974068,0.041396097411220086,8767.94227631701,5.2527138688655635,COMPLETE
1733,0.1301913205786281,0.03883373946535423,0.06508888551429474,9.711433843795191,COMPLETE
1734,0.1290580627958136,0.04415452247506185,0.4040974318627581,0.0005767219230588297,COMPLETE
1735,0.1296580227984801,0.04471216641899131,5457.545526922475,1.834530898067978,COMPLETE
1736,0.12745816945536964,0.0469375021113,0.2502776146310605,0.0037971659912415705,COMPLETE
1737,0.12199186720885274,0.029185771964596964,5714.47495961426,0.0002122346791209776,COMPLETE
1738,0.12739150723285114,0.03604910390255666,430.42183122802464,1.834530898067978,COMPLETE
1739,0.1355909606026265,0.03490292327362793,112.59810318296495,50.36096778513859,COMPLETE
1740,0.1303246450236651,0.035549749062179836,16.531514322694267,0.013369753411955218,COMPLETE
1741,0.12665822278514766,0.03620951123144012,5707.322546280913,6.426038832207893,COMPLETE
1742,0.1193920405306313,0.031296541487316025,0.02410932649061047,0.1096007309425185,COMPLETE
1743,0.12499166722218519,0.04148693179369924,5593.632645921561,0.06775716006060721,COMPLETE
1744,0.1295246983534431,0.031028913301768938,4414.188047957258,77.8261267634034,COMPLETE
1745,0.12745816945536964,0.04305618356357097,0.255157177448877,39.760550590131494,COMPLETE
1746,0.1193253783081128,0.04253452110624107,3.1755943325078206,0.002831941038665066,COMPLETE
1747,0.12085860942603827,0.04564789381759467,8767.94227631701,0.10835713236537235,COMPLETE
1748,0.1243917072195187,0.04331333328267273,6283.120401032437,3.728224923806213,COMPLETE
1749,0.12832477834811012,0.03888404202105349,1981.305102745408,13.146385494085145,COMPLETE
1750,0.12285847610159323,0.04383668281445035,4414.188047957258,0.013369753411955218,COMPLETE
1751,0.1295246983534431,0.045013672652036534,6313.610515015052,0.14196230698931192,COMPLETE
1752,0.13165788947403506,0.038780201512303616,21.256764813891586,39.760550590131494,COMPLETE
1753,0.12599160055996267,0.03750592303039737,1.5898344378176623,0.025922790194725678,COMPLETE
1754,0.12572495166988867,0.036814844769372086,2430.9938550782135,0.0057692422664744145,COMPLETE
1755,0.12252516498900073,0.04135494580933101,3009.6081151130525,0.16210351871562223,COMPLETE
1756,0.12859142723818412,0.044391723009591884,6532.981897506939,1.834530898067978,COMPLETE
1757,0.12792480501299913,0.036817736373721745,65.42692264515615,0.04357522140335496,COMPLETE
1758,0.13105792947136857,0.045014320559218085,1.2394721045279367,0.06934610591801918,COMPLETE
1759,0.12559162722485168,0.03989093273904493,8767.94227631701,0.7218367322605694,COMPLETE
1760,0.12772481834544364,0.03571671693247767,1.4702922595329029,5.240743981268424,COMPLETE
1761,0.12039197386840877,0.0337263742229901,0.22572897832814257,1.834530898067978,COMPLETE
1762,0.12725818278781414,0.04268112190034943,0.632322242814403,0.9159591409436798,COMPLETE
1763,0.12819145390307313,0.03645523890970144,36.23998154014875,0.023094559541099267,COMPLETE
1764,0.13245783614425705,0.040721112139304044,542.3959133547984,3.081153326637809,COMPLETE
1765,0.12232517832144524,0.04231378646776736,8767.94227631701,1.834530898067978,COMPLETE
1766,0.12012532497833478,0.04539129342808967,8888.954986641094,0.2527524984765238,COMPLETE
1767,0.1289247383507766,0.04602279723668351,0.025200047305894778,0.018945928132266285,COMPLETE
1768,0.12379174721685221,0.03692957600979019,29.524696342316837,0.0006660574571585495,COMPLETE
1769,0.12012532497833478,0.0452928440233064,5490.826468583743,0.2921628574366857,COMPLETE
1770,0.1289914005732951,0.03789968777450619,238.7543378175228,0.00017153081311803352,COMPLETE
1771,0.12745816945536964,0.03843291327590934,901.3171095280177,0.23493169514958756,COMPLETE
1772,0.12819145390307313,0.041580829534171755,4414.188047957258,0.07477310290547144,COMPLETE
1773,0.12499166722218519,0.028199412856476053,7480.2951571941785,0.0008956313211146498,COMPLETE
1774,0.11959202719818679,0.03347080862788241,6283.120401032437,0.0008014304635076132,COMPLETE
1775,0.12779148056796213,0.03736631883937781,0.06508888551429474,0.13889786002939059,COMPLETE
1776,0.12719152056529565,0.039299630969884626,5714.47495961426,39.760550590131494,COMPLETE
1777,0.1350576628224785,0.039668548857022305,3124.7704225365483,0.004174939536991713,COMPLETE
1778,0.12132524498366776,0.043984733615830975,8767.94227631701,0.0691694377385571,COMPLETE
1779,0.12779148056796213,0.04141779028599351,7480.2951571941785,7.049816771298326,COMPLETE
1780,0.12645823611759216,0.04185657966371342,154.9138349908798,0.002831941038665066,COMPLETE
1781,0.11992533831077928,0.04757805314585615,8767.94227631701,16.630813455352612,COMPLETE
1782,0.12552496500233318,0.04239461456186916,2012.9448200178588,0.8263416794862003,COMPLETE
1783,0.13152456502899806,0.041640429423926255,1699.7548659098384,1.0168467598436952,COMPLETE
1784,0.12612492500499967,0.04118914917057984,5490.826468583743,0.0774131499877454,COMPLETE
1785,0.13112459169388707,0.03701620195853979,57.874206211481415,28.336173718771214,COMPLETE
1786,0.12759149390040664,0.04441255722571736,0.6421006000269074,0.9159591409436798,COMPLETE
1787,0.12525831611225918,0.04718866721412996,245.31176189939424,0.013369753411955218,COMPLETE
1788,0.12232517832144524,0.03745105140538985,161.7066362078602,0.0005192006940791292,COMPLETE
1789,0.12692487167522165,0.03554217804917385,3.85685806573471,72.64270358465437,COMPLETE
1790,0.1239917338844077,0.036568578102780476,0.018171786508754777,13.146385494085145,COMPLETE
1791,0.12359176054929671,0.03998019389751276,6478.878860395572,0.00011739188264416072,COMPLETE
1792,0.1239917338844077,0.04606567227896885,6283.120401032437,0.16210351871562223,COMPLETE
1793,0.12525831611225918,0.04269020633036546,0.012041999032677284,0.0037971659912415705,COMPLETE
1794,0.12019198720085328,0.03779724967266991,8767.94227631701,0.0035757169941842814,COMPLETE
1795,0.12119192053863076,0.034593969484339016,255.18128424877065,20.19327693128518,COMPLETE
1796,0.12305846276914872,0.044608130173624465,6283.120401032437,0.5067981460446422,COMPLETE
1797,0.12859142723818412,0.03976991990165924,8767.94227631701,0.10410351883748246,COMPLETE
1798,0.1250583294447037,0.04654361868181196,3110.1377470169305,61.68710136050979,COMPLETE
1799,0.12605826278248117,0.034976660663659676,190.6407695569932,0.005973330656741422,COMPLETE
1800,0.12679154723018465,0.03692632721590933,0.015772801434826175,69.48678392850886,COMPLETE
1801,0.12219185387640824,0.050241367835283435,8767.94227631701,0.16210351871562223,COMPLETE
1802,0.12699153389774015,0.03917189596670413,0.17036045573283745,13.146385494085145,COMPLETE
1803,0.13305779614692353,0.04782223280512043,0.14619180878194082,0.04497392952794033,COMPLETE
1804,0.12092527164855676,0.03840275975583131,5.639171757026095,39.760550590131494,COMPLETE
1805,0.11605892940470636,0.046981250287564336,5593.632645921561,68.54419600121358,COMPLETE
1806,0.1244583694420372,0.03406756344308479,8767.94227631701,0.0003249165304393442,COMPLETE
1807,0.11679221385240984,0.0427828659608778,6283.120401032437,39.760550590131494,COMPLETE
1808,0.1189254049730018,0.02808377974569062,8767.94227631701,0.00011342504194784755,COMPLETE
1809,0.12879141390573962,0.03548707307996605,20.623220055351236,0.10508745060655125,COMPLETE
1810,0.11959202719818679,0.03562088452492334,0.09454384326036071,50.90707205209426,COMPLETE
1811,0.12732484501033264,0.03683824517853491,2.1420363814053656,0.003001155999213301,COMPLETE
1812,0.13105792947136857,0.04026541945238287,8.246611092209319,0.9303220056312471,COMPLETE
1813,0.13072461835877608,0.04208364813957805,8767.94227631701,0.9159591409436798,COMPLETE
1814,0.12085860942603827,0.04172645984096322,0.016665390582347943,49.888020320418896,COMPLETE
1815,0.13085794280381308,0.041605743051132314,127.09788274538607,39.715576374426604,COMPLETE
1816,0.12885807612825811,0.03854774117102973,4.709574243654854,77.3831740923394,COMPLETE
1817,0.1300579961335911,0.04838032746197046,8767.94227631701,0.16210351871562223,COMPLETE
1818,0.12685820945270315,0.030944038927864462,5593.632645921561,9.711433843795191,COMPLETE
1819,0.13072461835877608,0.03350487314137906,12.289580262689807,0.025922790194725678,COMPLETE
1820,0.12252516498900073,0.048705962698836175,8767.94227631701,0.7218367322605694,COMPLETE
1821,0.12225851609892674,0.03914582090253313,0.03373387238611105,0.002577489018984798,COMPLETE
1822,0.12672488500766615,0.039879612894390036,0.7544277981036173,0.0008341816377675434,COMPLETE
1823,0.11692553829744684,0.042462556660790816,4414.188047957258,50.68101287240053,COMPLETE
1824,0.12325844943670422,0.04977803517437524,8130.397824692083,0.003722386649190379,COMPLETE
1825,0.13059129391373908,0.036904926425593815,0.012622152246017275,24.206411303340968,COMPLETE
1826,0.1291913872408506,0.03623594249057453,0.8291324896578912,0.0004981325601157588,COMPLETE
1827,0.1189920671955203,0.051861349034409684,4958.775154271243,0.013369753411955218,COMPLETE
1828,0.12792480501299913,0.03902207969087688,2091.3874884826155,0.013912678350996346,COMPLETE
1829,0.12312512499166722,0.04657634294987832,5075.65208232383,0.0024457408290837423,COMPLETE
1830,0.12572495166988867,0.03892454380426626,0.6690760699860392,9.711433843795191,COMPLETE
1831,0.1289247383507766,0.036775582950049145,12.160605826891606,0.0057692422664744145,COMPLETE
1832,0.13059129391373908,0.03870175022163452,190.6407695569932,0.002577489018984798,COMPLETE
1833,0.1193920405306313,0.04113951870646138,8767.94227631701,0.003443642103031165,COMPLETE
1834,0.1188587427504833,0.04034113358981774,1249.8667085517086,1.834530898067978,COMPLETE
1835,0.1244583694420372,0.041719505521958335,5593.632645921561,0.004507286483439245,COMPLETE
1836,0.1297246850209986,0.041500881330946475,543.0635246710101,4.5109445797481,COMPLETE
1837,0.13165788947403506,0.0430405448492728,63.767035879422856,64.33194288850487,COMPLETE
1838,0.1291247250183321,0.038487115636910776,1165.2795417694324,0.07477310290547144,COMPLETE
1839,0.1302579828011466,0.03047950387738999,8.246611092209319,9.711433843795191,COMPLETE
1840,0.13379108059462702,0.045372232743721125,0.011552382793700402,0.0018216572178892192,COMPLETE
1841,0.12792480501299913,0.04443676587294776,1352.2579406045675,0.0005603695396398283,COMPLETE
1842,0.12339177388174122,0.04924876120858903,12.557649124207192,49.888020320418896,COMPLETE
1843,0.12812479168055463,0.04148249877896554,0.6699100483230561,9.711433843795191,COMPLETE
1844,0.13192453836410906,0.045338765988308785,0.6011415611191541,61.68710136050979,COMPLETE
1845,0.11725884941003933,0.04997947454574315,5560.204211199711,28.336173718771214,COMPLETE
1846,0.13212452503166455,0.03488826861310001,6283.120401032437,0.04497392952794033,COMPLETE
1847,0.12745816945536964,0.03439636125122877,4.448512289918966,39.760550590131494,COMPLETE
1848,0.1243917072195187,0.04485424798959722,39.665530246815244,32.37453871277501,COMPLETE
1849,0.12232517832144524,0.04499375637807679,0.06508888551429474,0.00019925075725224587,COMPLETE
1850,0.12585827611492567,0.04560970788657048,8767.94227631701,38.213429450453056,COMPLETE
1851,0.11852543163789081,0.04172944856449358,6283.120401032437,0.16207729309253507,COMPLETE
1852,0.12172521831877875,0.04072179339609953,190.6407695569932,23.14615465057816,COMPLETE
1853,0.12825811612559163,0.03930635077681414,40.98629975959966,1.834530898067978,COMPLETE
1854,0.12025864942337178,0.03971547966888364,874.6586086758039,0.7218367322605694,COMPLETE
1855,0.13412439170721951,0.034203468758036856,1.5524765145545878,12.2003828127104,COMPLETE
1856,0.13125791613892407,0.040329604034047235,0.6089301980476028,0.00926087343135791,COMPLETE
1857,0.12192520498633425,0.04902965283199869,6283.120401032437,0.01979727956496571,COMPLETE
1858,0.12079194720351977,0.04365909720336824,4414.188047957258,28.336173718771214,COMPLETE
1859,0.12299180054663023,0.043272034570378495,5714.47495961426,39.760550590131494,COMPLETE
1860,0.12665822278514766,0.03959239322610544,12.7859140022689,13.146385494085145,COMPLETE
1861,0.13112459169388707,0.04123519195744901,0.03458262094066975,0.010681303190116915,COMPLETE
1862,0.12705819612025865,0.03888405767913494,5490.826468583743,0.8767050594113212,COMPLETE
1863,0.12585827611492567,0.046144951224532306,0.06261906367719601,0.002614184248551823,COMPLETE
1864,0.13112459169388707,0.040972366945581117,608.2534943831005,0.16210351871562223,COMPLETE
1865,0.12559162722485168,0.03936456474678934,6283.120401032437,69.48678392850886,COMPLETE
1866,0.1241917205519632,0.041159665907338217,0.014611110798632962,0.0007056145024144098,COMPLETE
1867,0.13412439170721951,0.037693668598848463,161.09802366450174,77.8261267634034,COMPLETE
1868,0.12252516498900073,0.03591225351873929,15.657427266785414,0.0016155495636606843,COMPLETE
1869,0.13339110725951603,0.03480022148618492,0.3839879512663595,28.336173718771214,COMPLETE
1870,0.12192520498633425,0.044539940665915496,0.6690760699860392,23.049906701597255,COMPLETE
1871,0.12005866275581628,0.03782983384965728,164.4242273625382,0.0004338468549610854,COMPLETE
1872,0.12239184054396374,0.040439097116766506,3110.1377470169305,9.711433843795191,COMPLETE
1873,0.13352443170455303,0.049052905153449115,8767.94227631701,49.888020320418896,COMPLETE
1874,0.12592493833744417,0.03740892466836187,1.059753909839838,0.5372758781904914,COMPLETE
1875,0.13179121391907206,0.03961134716080786,1138.640254136743,0.0007886622743955166,COMPLETE
1876,0.1187920805279648,0.04035845190822611,5593.632645921561,1.834530898067978,COMPLETE
1877,0.11859209386040931,0.04434734323576056,8767.94227631701,0.007879017861505626,COMPLETE
1878,0.12212519165388974,0.048902375315359785,8767.94227631701,0.020617718274135673,COMPLETE
1879,0.1243917072195187,0.04557588739044635,5593.632645921561,4.262665223991079,COMPLETE
1880,0.1297246850209986,0.03189537024161965,0.0147219546851363,0.00014109103334014402,COMPLETE
1881,0.12579161389240717,0.042797622686939096,0.2579211338433941,0.03724706829124636,COMPLETE
1882,0.1346576894873675,0.040814294703675424,0.1368491623321113,0.00017153081311803352,COMPLETE
1883,0.12232517832144524,0.03577381318584279,3110.1377470169305,0.023094559541099267,COMPLETE
1884,0.12492500499966669,0.04064673617332073,8.246611092209319,0.0006974412490419922,COMPLETE
1885,0.12205852943137124,0.04561094682173242,5714.47495961426,39.760550590131494,COMPLETE
1886,0.12172521831877875,0.04600873131418648,0.18458099097642328,0.0032483895884798334,COMPLETE
1887,0.12759149390040664,0.03719122909828155,703.5711702418213,0.002831941038665066,COMPLETE
1888,0.13612425838277448,0.03900778419003127,0.0111072814407772,39.760550590131494,COMPLETE
1889,0.12125858276114926,0.04315230559860061,4414.188047957258,0.013369753411955218,COMPLETE
1890,0.12645823611759216,0.040346218018725795,5928.865571013936,3.692412497889148,COMPLETE
1891,0.12645823611759216,0.03345852653362424,5593.632645921561,0.002831941038665066,COMPLETE
1892,0.1242583827744817,0.032270552356491775,8767.94227631701,0.025922790194725678,COMPLETE
1893,0.1244583694420372,0.037805628373000895,8767.94227631701,0.7218367322605694,COMPLETE
1894,0.1193920405306313,0.03860505280256639,190.6407695569932,0.002577489018984798,COMPLETE
1895,0.1246583561095927,0.04068487466212863,0.6690760699860392,0.36850737868982913,COMPLETE
1896,0.12552496500233318,0.043628133692961944,66.38686159886589,0.005973330656741422,COMPLETE
1897,0.12079194720351977,0.0348858906774708,0.1556570899688169,0.47651997553015063,COMPLETE
1898,0.12832477834811012,0.03906606904613657,15.625970725819906,0.05098807442928969,COMPLETE
1899,0.11945870275314979,0.05470996754520363,9829.205820946585,0.006771755484065131,COMPLETE
1900,0.1299246716885541,0.03899617392909865,0.07281885291035432,2.6709880071115,COMPLETE
1901,0.12025864942337178,0.035556148078924356,2.913455432944683,39.760550590131494,COMPLETE
1902,0.1191920538630758,0.04519084537038918,4958.775154271243,0.013369753411955218,COMPLETE
1903,0.1239917338844077,0.03364934364617075,262.83790840068167,39.760550590131494,COMPLETE
