number,values_0,values_1,params_delta_deg,params_gamma,params_lambda1,params_lambda2,params_lambda3,params_lambda4,state
4734,0.10755,0.8266820410352113,7.296565715563787,8.458997448208544,1365.9795109508957,0.047570004104159534,22.38384219036578,2.234326522814866e-10,COMPLETE
4735,0.09525,0.453137136884017,7.296565715563787,1.0726049388472807,2661.553121751245,1.2594502646806938,17.543999742650467,4.819620859627371e-05,COMPLETE
4736,0.1018,0.39633359827525216,0.7035178046942754,2.116510094546171,0.4634053899763641,1.334235569270014,0.010117774078155787,1.0957197945874033e-14,COMPLETE
4737,0.0599,0.43837053631631506,5.686980021608849,2.5118580794078285,1.9562826277387932,34.74982443918535,3.9943838671083256,8.720647859508846e-11,COMPLETE
4738,0.084,0.16613309852113387,6.943625321882633,8.914168288789424,0.4634053899763641,0.0014615405573370718,0.010117774078155787,4.819620859627371e-05,COMPLETE
4739,0.06825,0.2308617431789089,5.719667260978259,1.0726049388472807,3.9227007475742597,0.1013397086496358,0.010117774078155787,3.787929895519139e-07,COMPLETE
4740,0.0759,0.3859565242407309,5.232749027329155,2.2991799521485987,3.9227007475742597,115.71255119018926,0.010117774078155787,1.7411112824373338e-14,COMPLETE
4741,0.0846,0.7046887006902148,5.872501198153645,6.875144787901625,2.2526238626393873,0.20054592435018578,0.07879444685655167,5.432263014140687e-13,COMPLETE
4742,0.13035,0.853256254926477,7.051402036894628,9.890916012877245,1365.9795109508957,0.08755680934938086,0.49106969850296894,2.234326522814866e-10,COMPLETE
4743,0.09,0.772478005108022,4.681538892687827,6.875144787901625,7843.277665583187,3.858204027730059,59.2437895529571,1.7411112824373338e-14,COMPLETE
4744,0.09,0.7822468875479894,5.553661359325831,9.890916012877245,2484.344497646969,5.054984284069897,11.478928737247317,4.5389374712295294e-08,COMPLETE
4745,0.1115,0.7331971825135314,5.686980021608849,8.741900816624833,5566.2977925921405,0.08777372143144205,0.013296459352320449,4.5389374712295294e-08,COMPLETE
4746,0.03475,0.24066998008807444,6.943625321882633,1.0726049388472807,1.8442663426239594,546.754814234046,0.010117774078155787,1.7411112824373338e-14,COMPLETE
4747,0.0712,0.6596604767360185,7.296565715563787,6.875144787901625,0.07261268023359602,0.4878712301792302,0.49106969850296894,1.5970276303954819e-09,COMPLETE
4748,0.089,0.7263837719205808,5.686980021608849,8.741900816624833,2484.344497646969,5.054984284069897,68.68637664775686,2.1811143402963018e-10,COMPLETE
4749,0.0879,0.16575863163348137,5.989976616159035,8.741900816624833,2484.344497646969,0.027554739223548615,11.478928737247317,0.00146275235395748,COMPLETE
4750,0.08435,0.7457898855136079,7.051402036894628,8.890006462791709,1365.9795109508957,15.324524954829702,3.6008094906658137,4.072994270736077e-09,COMPLETE
4751,0.05475,0.29298278020805135,6.019990742215804,1.2997368745646833,0.014162338396506723,186.9306125540257,0.0247605531247782,8.720647859508846e-11,COMPLETE
4752,0.10005,0.2925892851012757,5.686980021608849,6.875144787901625,2661.553121751245,0.047570004104159534,1.1855035705171626,4.331365543927414e-05,COMPLETE
4753,0.0595,0.23128910878075318,6.943625321882633,6.875144787901625,43.4020929550414,107.59872434463156,0.010117774078155787,8.720647859508846e-11,COMPLETE
4754,0.1383,0.7796040079934382,7.051402036894628,8.890006462791709,2661.553121751245,0.08755680934938086,3.6008094906658137,5.521087576123659e-10,COMPLETE
4755,0.0736,0.5245684531879665,3.364919629868394,8.458997448208544,0.015488060798589576,0.01827206862835049,0.49106969850296894,5.521087576123659e-10,COMPLETE
4756,0.10335,0.7752399746078515,7.051402036894628,6.223646815956013,2661.553121751245,1.2594502646806938,0.5841957919111189,1.9043961097477443e-12,COMPLETE
4757,0.0698,0.09994399621024547,6.943625321882633,6.875144787901625,208.22607295194175,546.754814234046,0.010117774078155787,1.7411112824373338e-14,COMPLETE
4758,0.07745,0.47217812953203886,7.051402036894628,1.7519510271087413,1365.9795109508957,4.006173959705789,0.49106969850296894,2.234326522814866e-10,COMPLETE
4759,0.1301,0.6930815597370489,5.686980021608849,6.875144787901625,5566.2977925921405,0.008745748292990201,68.68637664775686,9.916627610544696e-13,COMPLETE
4760,0.0706,0.46342327164611763,5.686980021608849,2.5118580794078285,1.9562826277387932,0.24089880468600464,0.01741609187709794,3.5136813120746134e-07,COMPLETE
4761,0.0459,0.38165285764375967,3.7523591558107,2.5118580794078285,1.9562826277387932,3.858204027730059,59.2437895529571,2.1811143402963018e-10,COMPLETE
4762,0.1064,0.7760697221098403,7.051402036894628,9.890916012877245,43.4020929550414,0.08755680934938086,0.49106969850296894,5.521087576123659e-10,COMPLETE
4763,0.04545,0.0357247398116156,7.051402036894628,1.0726049388472807,43.4020929550414,107.59872434463156,0.010117774078155787,3.168123784037851e-05,COMPLETE
4764,0.10165,0.6495857766145474,5.686980021608849,6.875144787901625,208.22607295194175,34.74982443918535,0.49106969850296894,5.521087576123659e-10,COMPLETE
4765,0.0856,0.1412364553071869,4.812614441890751,9.890916012877245,0.016767417635497637,0.1183068643397547,0.49106969850296894,5.063884841270115e-05,COMPLETE
4766,0.1332,0.7610491235088532,5.686980021608849,6.875144787901625,5566.2977925921405,0.047570004104159534,68.68637664775686,2.1811143402963018e-10,COMPLETE
4767,0.094,0.5218033108931505,1.3111099480724444,7.8078637347278095,5566.2977925921405,34.74982443918535,68.68637664775686,8.720647859508846e-11,COMPLETE
4768,0.06205,0.3823645058335464,4.958426658725357,2.4894612907721245,2.2526238626393873,0.16483926833353305,3.6008094906658137,4.072994270736077e-09,COMPLETE
4769,0.09515,0.6311881557915611,7.051402036894628,6.875144787901625,208.22607295194175,110.16646134717259,0.49106969850296894,5.521087576123659e-10,COMPLETE
4770,0.08865,0.7565592698646446,7.051402036894628,7.124984414629885,43.4020929550414,0.08755680934938086,0.49106969850296894,1.5560635914081963e-07,COMPLETE
4771,0.05345,0.41216535860536324,5.719667260978259,2.2991799521485987,0.016767417635497637,110.16646134717259,0.01777158201797886,9.787752692175531e-12,COMPLETE
4772,0.07735,0.5574056676821336,3.7523591558107,3.667376838269172,0.4634053899763641,110.16646134717259,2.606433764399818,1.7411112824373338e-14,COMPLETE
4773,0.09805,0.19122691564654717,7.296565715563787,1.185564133564072,2661.553121751245,1.2594502646806938,0.010117774078155787,3.0092675819548274e-09,COMPLETE
4774,0.0535,0.2966657640266013,3.3218737013691038,1.0726049388472807,0.4634053899763641,546.754814234046,5.192615578479196,9.787752692175531e-12,COMPLETE
4775,0.0595,0.2550724478434439,7.051402036894628,1.0726049388472807,12.412723646412944,0.08755680934938086,0.49106969850296894,2.1420441153180778e-14,COMPLETE
4776,0.07445,0.5513470860858979,6.943625321882633,6.875144787901625,0.4634053899763641,1.5630282565660134,3.6008094906658137,3.0092675819548274e-09,COMPLETE
4777,0.08955,0.7568345108829999,5.989976616159035,8.741900816624833,2484.344497646969,5.054984284069897,11.478928737247317,7.242135537625552e-11,COMPLETE
4778,0.0597,0.6332204409595095,6.943625321882633,9.28786190407374,0.4634053899763641,34.74982443918535,68.68637664775686,8.720647859508846e-11,COMPLETE
4779,0.13905,0.8066527504801173,6.019990742215804,6.875144787901625,5566.2977925921405,0.06857317261521613,0.49106969850296894,8.720647859508846e-11,COMPLETE
4780,0.07135,0.5177246139407803,3.7523591558107,9.890916012877245,0.4634053899763641,0.047570004104159534,2.606433764399818,2.234326522814866e-10,COMPLETE
4781,0.0868,0.6640721965512866,7.296565715563787,7.8078637347278095,0.3474112486367053,1.2594502646806938,0.49106969850296894,9.05168210606491e-14,COMPLETE
4782,0.0833,0.4756746471321682,6.943625321882633,1.2645576793951903,123.52077947060401,0.06857317261521613,0.764092524644605,5.521087576123659e-10,COMPLETE
4783,0.08725,0.6196477220235379,4.812614441890751,2.2991799521485987,241.4119767525246,0.047570004104159534,0.013600265202574869,7.242135537625552e-11,COMPLETE
4784,0.07215,0.5803954045978288,5.989976616159035,8.741900816624833,2.0598523813930134,34.74982443918535,68.68637664775686,2.1811143402963018e-10,COMPLETE
4785,0.0646,0.10377212409589318,6.943625321882633,1.0726049388472807,1365.9795109508957,546.754814234046,0.15453406290799057,4.709697959516565e-10,COMPLETE
4786,0.102,0.7668714945118466,7.491453905458799,6.240360399284202,5566.2977925921405,0.4462700376917684,68.68637664775686,2.1811143402963018e-10,COMPLETE
4787,0.07665,0.4204459905213452,7.051402036894628,2.2991799521485987,0.3474112486367053,0.06857317261521613,0.01777158201797886,8.544687336406053e-08,COMPLETE
4788,0.0921,0.6994974420109997,3.7523591558107,6.875144787901625,0.4634053899763641,59.25751203520182,2.606433764399818,2.4229854720435575e-10,COMPLETE
4789,0.07805,0.5207741141331649,7.051402036894628,9.890916012877245,0.011385218893670819,0.047570004104159534,7.5061121307117,2.234326522814866e-10,COMPLETE
4790,0.08655,0.7613470031085716,7.296565715563787,6.928819119460156,377.3894589503088,1.2594502646806938,3.6008094906658137,4.072994270736077e-09,COMPLETE
4791,0.1093,0.6246670002963172,7.051402036894628,7.8078637347278095,0.3474112486367053,0.0013385670429729493,0.764092524644605,1.9043961097477443e-12,COMPLETE
4792,0.07865,0.6592507736391099,6.338328679285938,6.641926976422129,2659.89856071253,110.16646134717259,2.606433764399818,5.4579107088638054e-08,COMPLETE
4793,0.0444,0.26244045371055125,6.943625321882633,1.0726049388472807,0.07261268023359602,110.16646134717259,5.192615578479196,2.234326522814866e-10,COMPLETE
4794,0.04315,0.322869824037399,6.943625321882633,1.0726049388472807,0.3474112486367053,546.754814234046,3.6008094906658137,1.9043961097477443e-12,COMPLETE
4795,0.0912,0.7213884174321773,7.051402036894628,6.875144787901625,43.4020929550414,0.08755680934938086,0.764092524644605,3.407169759582504e-13,COMPLETE
4796,0.0956,0.3971657326223885,1.233831875383608,2.2991799521485987,208.22607295194175,0.21424397483645616,0.6161013730569583,3.787929895519139e-07,COMPLETE
4797,0.08245,0.420217064246398,7.051402036894628,1.0316021471973245,123.52077947060401,0.08755680934938086,0.49106969850296894,5.521087576123659e-10,COMPLETE
4798,0.11545,0.8494044053007422,7.491453905458799,8.890006462791709,2661.553121751245,0.047570004104159534,3.6008094906658137,9.787752692175531e-12,COMPLETE
4799,0.08015,0.6421227248386349,7.051402036894628,7.8078637347278095,2661.553121751245,77.14988627120108,17.543999742650467,1.9043961097477443e-12,COMPLETE
4800,0.07315,0.5382019272449285,4.797597292147365,3.747896198309143,1.8442663426239594,4.006173959705789,0.764092524644605,3.407169759582504e-13,COMPLETE
4801,0.0795,0.5981867357925976,6.019990742215804,2.5118580794078285,1.9562826277387932,0.0012894689439193793,0.0247605531247782,2.1811143402963018e-10,COMPLETE
4802,0.0812,0.5603453359008106,7.051402036894628,6.875144787901625,0.07261268023359602,34.74982443918535,68.68637664775686,8.720647859508846e-11,COMPLETE
4803,0.04785,0.2696653645389727,3.7523591558107,1.0726049388472807,0.4634053899763641,110.16646134717259,5.192615578479196,1.7411112824373338e-14,COMPLETE
4804,0.0588,0.5193201235573429,3.9874975705204476,6.875144787901625,2.0598523813930134,0.15445717800428832,68.68637664775686,2.1811143402963018e-10,COMPLETE
4805,0.10075,0.7809227907267257,7.051402036894628,6.875144787901625,208.22607295194175,0.08755680934938086,0.49106969850296894,5.521087576123659e-10,COMPLETE
4806,0.0895,0.525391230042481,7.051402036894628,1.162780209209674,1365.9795109508957,0.08755680934938086,0.49106969850296894,5.521087576123659e-10,COMPLETE
4807,0.0524,0.2968279687779494,6.943625321882633,1.0726049388472807,0.013432831020433902,107.59872434463156,3.6008094906658137,1.0541219629001365e-07,COMPLETE
4808,0.0924,0.5296487642836876,5.719667260978259,8.741900816624833,0.016767417635497637,5.054984284069897,65.22765146025917,9.787752692175531e-12,COMPLETE
4809,0.0666,0.5997226508872179,5.686980021608849,9.890916012877245,1.9562826277387932,0.047570004104159534,0.49106969850296894,7.186853737417199e-11,COMPLETE
4810,0.0923,0.5240693615998373,7.051402036894628,1.0726049388472807,1365.9795109508957,0.047570004104159534,1.3968056229734263,2.234326522814866e-10,COMPLETE
4811,0.1011,0.7821842021281147,7.051402036894628,6.240360399284202,131.01923680640272,0.01362117564531099,3.6008094906658137,1.4847420250811467e-14,COMPLETE
4812,0.1035,0.09857751735435874,2.5801166918442497,1.0726049388472807,1365.9795109508957,0.047570004104159534,0.49106969850296894,0.002577696964359181,COMPLETE
4813,0.1138,0.7009219033000224,4.812614441890751,6.104394253424203,0.4634053899763641,115.71255119018926,1.0967837027856762,7.242135537625552e-11,COMPLETE
4814,0.07855,0.5335881778294068,4.596373457909606,9.890916012877245,0.014162338396506723,0.047570004104159534,0.49463701508330743,2.234326522814866e-10,COMPLETE
4815,0.12315,0.7557437020052501,7.3793823846486655,6.875144787901625,2661.553121751245,0.08755680934938086,3.6008094906658137,5.521087576123659e-10,COMPLETE
4816,0.0908,0.19317663622037143,5.719667260978259,6.875144787901625,208.22607295194175,110.16646134717259,0.01777158201797886,3.787929895519139e-07,COMPLETE
4817,0.1173,0.8184428929338557,6.217076238225485,6.875144787901625,1365.9795109508957,0.1013397086496358,0.49106969850296894,3.787929895519139e-07,COMPLETE
4818,0.06895,0.4225141241899887,6.412755325404686,1.5174491255239377,2484.344497646969,3.858204027730059,11.478928737247317,2.1811143402963018e-10,COMPLETE
4819,0.0704,0.5536737208843738,7.051402036894628,6.223646815956013,0.3474112486367053,10.023385401310824,17.543999742650467,3.0541645143911065e-11,COMPLETE
4820,0.09725,0.6086767937202054,2.5127626746702187,4.713977053614658,5566.2977925921405,1.1570129035356156,68.68637664775686,7.242135537625552e-11,COMPLETE
4821,0.06075,0.3263351459384468,3.622928576129828,2.215404427044682,2.2526238626393873,0.7100495078506358,3.6008094906658137,3.787929895519139e-07,COMPLETE
4822,0.0727,0.5426268278735874,6.943625321882633,2.0036592253757046,43.4020929550414,0.08755680934938086,0.04677169664561324,1.7411112824373338e-14,COMPLETE
4823,0.1064,0.7557762108288937,7.296565715563787,6.641926976422129,1365.9795109508957,1.2594502646806938,0.49106969850296894,1.3463305094348712e-12,COMPLETE
4824,0.0957,0.7115853827186142,7.051402036894628,8.741900816624833,2484.344497646969,42.54322469680117,11.478928737247317,2.234326522814866e-10,COMPLETE
4825,0.093,0.6636094422281167,7.491453905458799,6.875144787901625,2484.344497646969,60.081117380234076,3.6008094906658137,4.5389374712295294e-08,COMPLETE
4826,0.0896,0.7946883195342456,5.686980021608849,9.890916012877245,123.52077947060401,0.06857317261521613,0.764092524644605,2.1811143402963018e-10,COMPLETE
4827,0.10335,0.7108612645168461,5.686980021608849,6.875144787901625,5566.2977925921405,34.74982443918535,24.165633804367847,5.432263014140687e-13,COMPLETE
4828,0.06455,0.45018975492860464,3.7523591558107,2.5118580794078285,208.22607295194175,38.917183095184825,0.05987657309559155,2.1811143402963018e-10,COMPLETE
4829,0.10265,0.4621233388004175,6.943625321882633,9.890916012877245,1.8442663426239594,546.754814234046,0.010117774078155787,1.7411112824373338e-14,COMPLETE
4830,0.08945,0.6553639564264803,6.943625321882633,8.359124144204223,1.8442663426239594,1.5630282565660134,0.010117774078155787,5.432263014140687e-13,COMPLETE
4831,0.0669,0.34523258317542266,4.797597292147365,1.7519510271087413,1.8442663426239594,4.006173959705789,0.764092524644605,3.407169759582504e-13,COMPLETE
4832,0.06765,0.22519186133619443,7.102112417062549,1.0726049388472807,1.8442663426239594,0.10872824200611152,0.04724228817485067,9.787752692175531e-12,COMPLETE
4833,0.03735,0.35398013534434364,6.943625321882633,1.0787119892723038,0.4634053899763641,546.754814234046,2.070814542445428,3.407169759582504e-13,COMPLETE
4834,0.0987,0.16597301349795665,6.943625321882633,8.741900816624833,2484.344497646969,5.054984284069897,0.04647230530373237,4.5389374712295294e-08,COMPLETE
4835,0.086,0.7911198158768673,5.686980021608849,8.890006462791709,7843.277665583187,3.858204027730059,59.2437895529571,1.7629602815945873e-13,COMPLETE
4836,0.0498,0.27493669348346345,5.686980021608849,1.0726049388472807,88.01194175662026,34.74982443918535,1.1683568663900565,5.432263014140687e-13,COMPLETE
4837,0.10315,0.8583818919103305,6.943625321882633,9.890916012877245,123.52077947060401,0.047570004104159534,0.764092524644605,5.521087576123659e-10,COMPLETE
4838,0.088,0.6887688511537511,7.491453905458799,8.890006462791709,0.4634053899763641,546.754814234046,46.877710771140364,4.072994270736077e-09,COMPLETE
4839,0.0728,0.6992825272740218,7.051402036894628,7.8078637347278095,0.3670824443421073,110.16646134717259,0.04724228817485067,9.787752692175531e-12,COMPLETE
4840,0.05735,0.44837571933726156,5.686980021608849,1.6079229967627675,2.6975879561723097,34.74982443918535,0.49106969850296894,2.1811143402963018e-10,COMPLETE
4841,0.0886,0.01892224808323327,5.686980021608849,6.875144787901625,7843.277665583187,110.16646134717259,0.01777158201797886,9.787752692175531e-12,COMPLETE
4842,0.0398,0.09474292339328044,6.019990742215804,1.0726049388472807,123.52077947060401,107.59872434463156,0.010117774078155787,1.0541219629001365e-07,COMPLETE
4843,0.06145,0.5624698451304223,4.797597292147365,7.6530530337258496,3.9227007475742597,0.09084218801147632,0.764092524644605,1.7411112824373338e-14,COMPLETE
4844,0.07255,0.5773482953405139,6.943625321882633,6.875144787901625,0.4634053899763641,34.74982443918535,42.831001667198436,3.0092675819548274e-09,COMPLETE
4845,0.10405,0.7145498696207032,3.471577214972611,8.741900816624833,2484.344497646969,1.2594502646806938,17.543999742650467,1.4120240933222247e-14,COMPLETE
4846,0.11525,0.7199252554317103,7.051402036894628,7.8078637347278095,208.22607295194175,0.1013397086496358,3.6008094906658137,3.787929895519139e-07,COMPLETE
4847,0.04665,0.2943570238038595,5.553661359325831,1.0726049388472807,0.4634053899763641,51.0531204742495,0.018726717625821794,3.8380015685553784e-08,COMPLETE
4848,0.06905,0.5005815532715879,7.051402036894628,6.641926976422129,0.31304525462422805,0.12480776742786713,0.49106969850296894,2.234326522814866e-10,COMPLETE
4849,0.13105,0.707579828771319,4.958426658725357,8.359124144204223,292.37588128762417,0.1122669744411982,3.6008094906658137,1.4847420250811467e-14,COMPLETE
4850,0.0635,0.4352263503527096,3.7523591558107,2.5118580794078285,0.4634053899763641,3.858204027730059,2.606433764399818,1.7411112824373338e-14,COMPLETE
4851,0.07635,0.5544595567940394,7.491453905458799,6.240360399284202,0.4634053899763641,1.2594502646806938,3.6008094906658137,4.072994270736077e-09,COMPLETE
4852,0.1122,0.6824025244038692,5.719667260978259,6.875144787901625,208.22607295194175,0.1013397086496358,0.013746001054657437,3.787929895519139e-07,COMPLETE
4853,0.05265,0.25173726903275895,7.051402036894628,1.0726049388472807,0.07261268023359602,107.59872434463156,34.574222073764446,3.0541645143911065e-11,COMPLETE
4854,0.13505,0.8108413180423861,7.051402036894628,9.890916012877245,1365.9795109508957,0.047570004104159534,0.49106969850296894,2.234326522814866e-10,COMPLETE
4855,0.12665,0.7988164528525278,7.491453905458799,6.240360399284202,2485.44022037946,0.047570004104159534,0.49106969850296894,2.234326522814866e-10,COMPLETE
4856,0.05245,0.22462854329195034,7.051402036894628,1.0726049388472807,2.2526238626393873,0.047570004104159534,3.6008094906658137,2.234326522814866e-10,COMPLETE
4857,0.07915,0.8063216832979878,7.051402036894628,8.741900816624833,1365.9795109508957,5.054984284069897,11.478928737247317,4.5389374712295294e-08,COMPLETE
4858,0.08635,0.7803748961815292,6.943625321882633,9.28786190407374,17.93486966586711,0.02725983588360197,68.68637664775686,8.720647859508846e-11,COMPLETE
4859,0.0554,0.046043608812578046,6.943625321882633,1.0726049388472807,3467.6544505987863,546.754814234046,0.010117774078155787,1.263418412715402e-12,COMPLETE
4860,0.07205,0.7418512558192332,7.491453905458799,8.890006462791709,2661.553121751245,68.72222497389903,68.68637664775686,4.072994270736077e-09,COMPLETE
4861,0.11645,0.8332761606753395,7.051402036894628,9.890916012877245,1365.9795109508957,0.047570004104159534,0.49106969850296894,2.234326522814866e-10,COMPLETE
4862,0.0422,0.27133311281433836,6.943625321882633,1.0726049388472807,1.8442663426239594,546.754814234046,0.010117774078155787,1.7411112824373338e-14,COMPLETE
4863,0.05945,0.35564585034805946,6.943625321882633,1.0726049388472807,2484.344497646969,5.054984284069897,11.478928737247317,4.819620859627371e-05,COMPLETE
4864,0.08475,0.5511000613130355,4.812614441890751,9.890916012877245,0.016767417635497637,0.08755680934938086,2.606433764399818,5.521087576123659e-10,COMPLETE
4865,0.066,0.3115270433998061,6.351039989269435,1.0726049388472807,43.4020929550414,0.08755680934938086,34.574222073764446,5.521087576123659e-10,COMPLETE
4866,0.04505,0.2944213914969107,6.019990742215804,1.0726049388472807,0.014162338396506723,51.0531204742495,0.0247605531247782,3.811801850956625e-07,COMPLETE
4867,0.12,0.8137487520666338,6.943625321882633,6.875144787901625,43.4020929550414,0.005494809493405295,0.010117774078155787,8.39140132517807e-11,COMPLETE
4868,0.086,0.6495515424770419,7.051402036894628,9.890916012877245,0.3474112486367053,10.023385401310824,0.49106969850296894,3.6307031988893104e-07,COMPLETE
4869,0.0759,0.4936374272162626,6.311321883771407,8.359124144204223,2.2526238626393873,546.754814234046,0.010117774078155787,2.556898659242752e-09,COMPLETE
4870,0.09145,0.6668739002297588,5.39685688674637,6.641926976422129,5566.2977925921405,546.754814234046,68.68637664775686,2.1811143402963018e-10,COMPLETE
4871,0.07185,0.4011902342973632,5.719667260978259,2.2991799521485987,0.016767417635497637,110.16646134717259,0.01777158201797886,9.787752692175531e-12,COMPLETE
4872,0.12005,0.8288795601947886,4.812614441890751,9.890916012877245,1365.9795109508957,0.1183068643397547,0.49106969850296894,5.793003277371019e-09,COMPLETE
