number,values_0,values_1,params_lambda1,params_lambda3,state
0,0.1245250316645557,0.03440938559309344,808.8727991202325,17.834127276399954,COMPLETE
1,0.12765815612292514,0.041949911305909,30.365334693765934,0.030490411254467303,COMPLETE
2,0.12599160055996267,0.03756869397166987,7.890121920560137,0.08473612462972009,COMPLETE
3,0.12605826278248117,0.0402402197606833,1634.1615671296283,0.08714211108832386,COMPLETE
4,0.12572495166988867,0.047835851496551285,3.676145151602411,0.7921591618691878,COMPLETE
5,0.1243917072195187,0.041691890334233955,0.7901249555599935,0.04627101997199999,COMPLETE
6,0.12719152056529565,0.03302278477103269,0.055373495891902096,0.031427194083351186,COMPLETE
7,0.12645823611759216,0.04249952936898972,9.878666303290279,22.841846439688357,COMPLETE
8,0.13139124058396107,0.03440991945343379,0.9716765151498357,5.053282973829414,COMPLETE
9,0.12739150723285114,0.03991405187069299,3.2913069438701132,0.00034357875000040324,COMPLETE
10,0.12579161389240717,0.03868434504905083,671.8169036755344,69.49274760159713,COMPLETE
11,0.13292447170188654,0.037867723747514244,0.0441942554524634,0.0005914818358565772,COMPLETE
12,0.1289914005732951,0.0410093262043134,0.27018631708665314,0.0037971659912415705,COMPLETE
13,0.11985867608826078,0.043948041962618284,5440.716116144768,0.0182193293404572,COMPLETE
14,0.12392507166188921,0.04368169452319119,13.48879574005236,33.29557347371372,COMPLETE
15,0.12632491167255516,0.039652891557290376,1.102117843824613,1.8606270338609645,COMPLETE
16,0.12665822278514766,0.0398341095710933,0.054882358480199823,0.5516031242897317,COMPLETE
17,0.13119125391640557,0.03540620777585218,0.05755655464210781,5.13516542441317,COMPLETE
18,0.13039130724618359,0.035850700513990225,49.24989561094253,0.057704892870580206,COMPLETE
19,0.13105792947136857,0.03840577610937309,2.709740411557776,63.282226782251485,COMPLETE
20,0.12479168055462969,0.0468116958097914,246.82820973942975,0.00034757359836652576,COMPLETE
21,0.12552496500233318,0.03584497374995,2.101322354860211,0.0004507798760241601,COMPLETE
22,0.13319112059196053,0.04293007237723001,118.7533221357915,4.3187199015396,COMPLETE
23,0.12619158722751816,0.02823198911727677,5734.259237000179,0.000120164807151561,COMPLETE
24,0.12052529831344577,0.03711017558873402,0.43885327585778605,1.9451088505340488,COMPLETE
25,0.12852476501566562,0.03611119551154505,0.5451553856656874,25.570926279295207,COMPLETE
26,0.12679154723018465,0.038181249934315556,3516.9728262765652,2.9153744943204787,COMPLETE
27,0.12672488500766615,0.03536035246477721,913.8809593933204,0.7304878150897232,COMPLETE
28,0.1294580361309246,0.03406037708425304,144.77861404386843,1.3369286693688067,COMPLETE
29,0.13399106726218252,0.0364147978012821,87.92736769517239,26.005167939037563,COMPLETE
30,0.13225784947670155,0.039387509540515696,0.45118523285661294,5.593008173696133,COMPLETE
31,0.12792480501299913,0.033414308623651925,119.82815976907132,71.08491831443914,COMPLETE
32,0.12752483167788814,0.03934751399108437,2.068051566016688,0.00034498676364518217,COMPLETE
33,0.12559162722485168,0.03889064239601527,434.48244677680384,1.8260367829949498,COMPLETE
34,0.12579161389240717,0.034768711019905786,3600.3784265435024,0.015346440693342137,COMPLETE
35,0.12785814279048063,0.04040350498687953,49.5180034612426,0.04163400506091563,COMPLETE
36,0.1295246983534431,0.038442663349670524,26.17844228229662,0.0021623835503839475,COMPLETE
37,0.12632491167255516,0.04172133434761022,46.31237328542682,26.774342616228378,COMPLETE
38,0.1293247116858876,0.039977557403259284,1.1048528441523338,0.7806142183324031,COMPLETE
39,0.12485834277714819,0.04005128742182863,0.0391062901314768,22.785464936065758,COMPLETE
40,0.12659156056262916,0.04046460149750852,928.2552071569077,0.02508646425851849,COMPLETE
41,0.12739150723285114,0.03672459673647813,0.6871973988180545,0.0002651025370295353,COMPLETE
42,0.1299246716885541,0.04181054771732749,475.56563592421855,41.6103590392096,COMPLETE
43,0.13212452503166455,0.03323365535662962,7.388334956697404,0.0010001255303588629,COMPLETE
44,0.12645823611759216,0.0360418792388759,14.296040876447016,47.947701102220435,COMPLETE
45,0.13079128058129458,0.0373471344032615,0.17217533490910938,0.13003417891305835,COMPLETE
46,0.1250583294447037,0.04216670064643005,5818.748964702126,77.11216245820361,COMPLETE
47,0.12539164055729618,0.03815441197604579,1585.8431515181996,0.08156646537130367,COMPLETE
48,0.12165855609626025,0.036391522159910185,0.10458178769690506,0.2590649667263686,COMPLETE
49,0.12632491167255516,0.042170559468109194,13.94390621388943,7.074133236337211,COMPLETE
50,0.1301246583561096,0.03960721453526318,0.04238372474373237,15.425786840969312,COMPLETE
51,0.13192453836410906,0.03057269097494351,8.246611092209319,0.21942866439419406,COMPLETE
52,0.12492500499966669,0.03785287133136716,0.09474989993090378,0.0010758680938073683,COMPLETE
53,0.1243917072195187,0.04145360542219893,0.02001908037970179,45.292203501743515,COMPLETE
54,0.12012532497833478,0.042673165867571174,1.0158714352724916,0.03481357625788941,COMPLETE
55,0.12659156056262916,0.0407868840278668,8.948639219899277,17.527966441280565,COMPLETE
56,0.12539164055729618,0.037629819818336775,6882.289782646093,0.0001293289993687124,COMPLETE
57,0.12472501833211119,0.046286288495822794,724.5165027239617,5.5743222949385975,COMPLETE
58,0.13085794280381308,0.028690402766992425,340.2247125481715,0.07295900416218315,COMPLETE
59,0.13199120058662756,0.04247116187589081,0.1572305204225784,46.61673389781434,COMPLETE
60,0.12352509832677822,0.04372424796641191,0.17317254757208853,45.07013723711659,COMPLETE
61,0.1245250316645557,0.037085918355775155,0.4022962716525607,0.1497486422514885,COMPLETE
62,0.12619158722751816,0.03836147784666609,0.09272483236279186,0.0007761253285127927,COMPLETE
63,0.12585827611492567,0.04199149911110683,311.9960518330008,8.160890677789478,COMPLETE
64,0.12819145390307313,0.04034313449100379,1910.9490467685775,0.1509424666267076,COMPLETE
65,0.1299913339110726,0.032130959199113567,837.8144691713915,0.0003379902006245961,COMPLETE
66,0.12279181387907473,0.04305216998418352,103.6090934787515,0.7522408221980773,COMPLETE
67,0.134857676154923,0.03425558431383306,472.53609314925245,0.00013794989942892186,COMPLETE
68,0.12845810279314712,0.03258015418297834,771.1706661451329,0.5116851622906798,COMPLETE
69,0.13039130724618359,0.03311386478520078,42.794842457633756,0.00814477336439929,COMPLETE
70,0.1299246716885541,0.031110798450960826,6.5958437032102335,0.008731177687499826,COMPLETE
71,0.1246583561095927,0.038135399309288324,0.7266659936963414,0.008117955788194221,COMPLETE
72,0.12519165388974068,0.0390994549221589,0.16673528167831214,26.702599147434967,COMPLETE
73,0.12785814279048063,0.04272243438824425,2.966263640211375,0.004002599194302446,COMPLETE
74,0.1242583827744817,0.03901907911828549,0.4895537116988258,0.028548684770139634,COMPLETE
75,0.13059129391373908,0.03700531498153624,487.18691909788924,0.0020654440348756953,COMPLETE
76,0.12732484501033264,0.0465394588857378,0.01933908449156094,14.098972195122762,COMPLETE
77,0.13119125391640557,0.03857147565151646,0.015908404344354112,0.5811287480974127,COMPLETE
78,0.1244583694420372,0.03809353478358678,51.47220162866704,0.09750463922366254,COMPLETE
79,0.12592493833744417,0.03545085750857632,359.0542449896439,0.00034757359836652576,COMPLETE
80,0.1349243383774415,0.04348233534868791,98.12797560394557,0.0021623835503839475,COMPLETE
81,0.13199120058662756,0.03976737886781851,23.027629267202435,0.08156646537130367,COMPLETE
82,0.1240583961069262,0.03491053460991617,5440.716116144768,0.0004622549118778262,COMPLETE
83,0.12212519165388974,0.039513307256761845,5734.259237000179,0.000120164807151561,COMPLETE
84,0.12839144057062862,0.04040733572359234,475.56563592421855,41.6103590392096,COMPLETE
85,0.12732484501033264,0.04061218183489872,0.17258256375956363,22.785464936065758,COMPLETE
86,0.1300579961335911,0.03358948231654614,434.48244677680384,0.000120164807151561,COMPLETE
87,0.12525831611225918,0.044460264064096346,6670.508363966324,74.57604929366062,COMPLETE
88,0.13412439170721951,0.034716221674099275,26.17844228229662,0.0021623835503839475,COMPLETE
89,0.12879141390573962,0.03779063845808841,475.56563592421855,22.785464936065758,COMPLETE
90,0.13125791613892407,0.03750730348926862,119.82815976907132,63.282226782251485,COMPLETE
91,0.12519165388974068,0.03951689879745327,30.365334693765934,0.0037971659912415705,COMPLETE
92,0.12592493833744417,0.04604832918820281,0.055373495891902096,0.02626512734972538,COMPLETE
93,0.12645823611759216,0.037850222025985265,671.8169036755344,0.0003411644612900277,COMPLETE
94,0.12525831611225918,0.03935003349148275,7.890121920560137,69.49274760159713,COMPLETE
95,0.12532497833477768,0.03680468532032596,13.48879574005236,33.29557347371372,COMPLETE
96,0.12112525831611226,0.03826019597187135,0.10767201399975104,0.5516031242897317,COMPLETE
97,0.12859142723818412,0.044394829865493625,497.35457466058205,0.0182193293404572,COMPLETE
98,0.1295913605759616,0.040552494486351495,0.0855017599271356,0.0670878628738652,COMPLETE
99,0.12485834277714819,0.04528485479377252,82.74378490530653,0.0005914818358565772,COMPLETE
100,0.12305846276914872,0.04511462928308489,0.06102105854091819,1.8606270338609645,COMPLETE
101,0.12599160055996267,0.03962129317671846,1682.8152651708326,0.003250308456617511,COMPLETE
102,0.12239184054396374,0.03759836379475739,3110.1377470169305,9.711433843795191,COMPLETE
103,0.1303246450236651,0.04034481655898077,0.014445456385136803,7.074133236337211,COMPLETE
104,0.1243250449970002,0.033327502347697525,671.8169036755344,69.49274760159713,COMPLETE
105,0.1239917338844077,0.04470369368329938,0.050249094574372814,0.0182193293404572,COMPLETE
106,0.12659156056262916,0.04205822110988283,1585.8431515181996,0.986974665418611,COMPLETE
107,0.12252516498900073,0.03507053440048697,475.56563592421855,0.01979727956496571,COMPLETE
108,0.12745816945536964,0.038647594143195615,1788.1879317900843,77.11216245820361,COMPLETE
109,0.1301913205786281,0.040660238495599035,14.296040876447016,47.947701102220435,COMPLETE
110,0.12785814279048063,0.03617097571450262,2.0903006621512006,41.6103590392096,COMPLETE
111,0.12352509832677822,0.03372048497207105,0.5319518758235104,1.8606270338609645,COMPLETE
112,0.12332511165922272,0.03775665471643038,0.02741972945648418,2.2122516383156734,COMPLETE
113,0.1291913872408506,0.043439914265217615,8.246611092209319,96.82410003855314,COMPLETE
114,0.12485834277714819,0.038458508189709306,9.878666303290279,17.527966441280565,COMPLETE
115,0.12685820945270315,0.04257066899457526,0.054882358480199823,26.307960966707327,COMPLETE
116,0.12192520498633425,0.03954393917505237,542.0592554024744,0.01903583169666511,COMPLETE
117,0.12559162722485168,0.04015770598551534,13.94390621388943,30.876662081533432,COMPLETE
118,0.1245916938870742,0.040652739397292276,0.1393169249256595,21.381648827478855,COMPLETE
119,0.12879141390573962,0.036554301779085904,118.38366696332798,81.9052574938201,COMPLETE
120,0.12819145390307313,0.0370699427582534,6.9359698726275605,0.015346440693342137,COMPLETE
121,0.13139124058396107,0.039434643947612154,0.38400931008371386,33.29557347371372,COMPLETE
122,0.12779148056796213,0.039801390581835544,0.026491227849659436,60.45701166224268,COMPLETE
123,0.1245916938870742,0.044653978520809066,3.2913069438701132,0.00034357875000040324,COMPLETE
124,0.12159189387374175,0.03476837836129171,475.56563592421855,41.6103590392096,COMPLETE
125,0.1289914005732951,0.03793643411939565,52.93356512907982,0.0015739284713247557,COMPLETE
126,0.12879141390573962,0.037917107528197554,32.68913479041735,4.3187199015396,COMPLETE
127,0.12799146723551763,0.03937054039311507,0.6253148142346395,0.013548530974473292,COMPLETE
128,0.12345843610425972,0.039300459506728724,0.14506730163112047,9.562640632296402,COMPLETE
129,0.1240583961069262,0.04012859692068507,0.9716765151498357,5.053282973829414,COMPLETE
130,0.1297246850209986,0.03577041871956266,20.38121442619406,0.3234779049068294,COMPLETE
131,0.13385774281714552,0.03542051625832499,1.9519905923168734,0.031427194083351186,COMPLETE
132,0.12212519165388974,0.03834503933295588,1.5816327544194893,0.008701614593954398,COMPLETE
133,0.12319178721418572,0.04394465975421621,0.02650461294894344,1.8973147647143604,COMPLETE
134,0.13045796946870208,0.03797763449954779,0.7901249555599935,0.0053388373010406715,COMPLETE
135,0.12625824945003666,0.040088280523423066,1205.2297856968141,41.13849984831673,COMPLETE
136,0.12245850276648224,0.02888184882066671,928.2552071569077,0.02508646425851849,COMPLETE
137,0.11539230717952137,0.05956446115305462,4827.656326365642,0.04627101997199999,COMPLETE
138,0.1301246583561096,0.03873221552111687,767.6454054460252,0.012089994388564127,COMPLETE
139,0.12705819612025865,0.036346898689317446,3.676145151602411,91.63171215680556,COMPLETE
140,0.1302579828011466,0.039141620623969774,2.101322354860211,0.02535997586130116,COMPLETE
141,0.13065795613625758,0.03795965487821028,1.2096130324322663,0.00034357875000040324,COMPLETE
142,0.12565828944737018,0.040726057858675606,1585.8431515181996,0.2268767705974267,COMPLETE
143,0.12885807612825811,0.03465035983756062,201.58569347979673,71.08491831443914,COMPLETE
144,0.12705819612025865,0.04078049412840103,0.27018631708665314,0.0037971659912415705,COMPLETE
145,0.12485834277714819,0.03967292100571537,26.17844228229662,66.37191525358756,COMPLETE
146,0.12512499166722219,0.04929621804380309,0.0441942554524634,0.00012875839747684406,COMPLETE
147,0.12372508499433371,0.04003867721761644,553.2144878942786,0.04627101997199999,COMPLETE
148,0.12639157389507366,0.03470681374739806,2.101322354860211,29.49200538122278,COMPLETE
149,0.12572495166988867,0.0380534116583255,4936.57913922744,0.02968871646065416,COMPLETE
150,0.13412439170721951,0.03862994710448036,49.5180034612426,0.0006398979928537975,COMPLETE
151,0.13379108059462702,0.03779872495617271,13.94390621388943,0.5892555336913244,COMPLETE
152,0.12685820945270315,0.05101511663073012,0.055373495891902096,0.08473612462972009,COMPLETE
153,0.12619158722751816,0.03690186949303997,7.143629226603208,0.08714211108832386,COMPLETE
154,0.1296580227984801,0.03836402669650255,0.39219663599890464,0.2590649667263686,COMPLETE
155,0.12579161389240717,0.040230339142803474,27.26969838849572,1.9451088505340488,COMPLETE
156,0.12632491167255516,0.04212422623755678,125.64097853669074,1.9451088505340488,COMPLETE
157,0.1299246716885541,0.03815568520465901,246.82820973942975,22.841846439688357,COMPLETE
158,0.12225851609892674,0.03723289565346326,0.054882358480199823,0.13963815515126293,COMPLETE
159,0.12852476501566562,0.04920915304485385,0.050249094574372814,2.313493567936231,COMPLETE
160,0.13292447170188654,0.041610269800622816,30.365334693765934,0.0006881290374886725,COMPLETE
161,0.12519165388974068,0.03972454884281336,0.04024114812462531,0.19842351122687385,COMPLETE
162,0.13072461835877608,0.038278464153400873,272.33148793085405,0.0037971659912415705,COMPLETE
163,0.12285847610159323,0.03328416581226418,0.050249094574372814,0.0003588219345931029,COMPLETE
164,0.13105792947136857,0.03851940913150364,0.0825809372751136,2.2122516383156734,COMPLETE
165,0.11859209386040931,0.05001001481926342,4414.188047957258,0.013369753411955218,COMPLETE
166,0.13199120058662756,0.0330456883271237,1.8549745343510937,0.0182193293404572,COMPLETE
167,0.12632491167255516,0.035733293686251194,5.168111996393157,0.00034357875000040324,COMPLETE
168,0.12499166722218519,0.04526316541277567,1634.1615671296283,0.8867573547203698,COMPLETE
169,0.12532497833477768,0.030705429657963572,0.0391062901314768,96.82410003855314,COMPLETE
170,0.1297913472435171,0.03249749249235025,0.055373495891902096,0.02626512734972538,COMPLETE
171,0.1246583561095927,0.04332682886983384,13.94390621388943,30.876662081533432,COMPLETE
172,0.1242583827744817,0.045823015349000865,190.6407695569932,9.711433843795191,COMPLETE
173,0.12299180054663023,0.03988855098962664,0.08606199055895718,96.82410003855314,COMPLETE
174,0.12479168055462969,0.04543274019802344,0.19117039749381867,0.038714063499072915,COMPLETE
175,0.1242583827744817,0.042882771568692954,475.56563592421855,41.6103590392096,COMPLETE
176,0.1292580494633691,0.041633515872851176,1870.9993854557383,0.06437051825281367,COMPLETE
177,0.11959202719818679,0.034385184680897775,8.246611092209319,96.82410003855314,COMPLETE
178,0.13345776948203453,0.036886146400644956,1585.8431515181996,33.29557347371372,COMPLETE
179,0.13105792947136857,0.034988741473474375,2228.53762605514,0.0012253931170421728,COMPLETE
180,0.1298580094660356,0.03711732621185625,475.56563592421855,26.774342616228378,COMPLETE
181,0.1301246583561096,0.03249593067572429,82.74378490530653,0.10791213925491999,COMPLETE
182,0.1346576894873675,0.03932950185650497,542.0592554024744,2.798004891419723,COMPLETE
183,0.13385774281714552,0.045328104146610905,0.11567910293885114,0.03067151782040252,COMPLETE
184,0.12232517832144524,0.04749320473213799,0.06033273675464055,0.0182193293404572,COMPLETE
185,0.12479168055462969,0.042638528382195666,10.310490462962518,0.0009623379169840094,COMPLETE
186,0.12572495166988867,0.04516847929899296,7241.81202587964,9.598636694649226,COMPLETE
187,0.12639157389507366,0.04943576341395443,475.56563592421855,0.0037971659912415705,COMPLETE
188,0.12712485834277715,0.03907692162092147,174.70559454898302,1.8606270338609645,COMPLETE
189,0.12005866275581628,0.03643633377109617,30.365334693765934,22.841846439688357,COMPLETE
190,0.13085794280381308,0.03832634589158191,4.697060598950344,0.00017672221217797238,COMPLETE
191,0.13219118725418305,0.036089841503170544,46.31237328542682,0.03517282316641634,COMPLETE
192,0.12365842277181521,0.04356963913165734,8767.94227631701,0.20459361358484757,COMPLETE
193,0.1299913339110726,0.04085502013636888,0.09961042160002152,96.82410003855314,COMPLETE
194,0.12259182721151923,0.04321915645052557,30.79383366023682,0.0005873620680294338,COMPLETE
195,0.12552496500233318,0.03864740834187279,6670.508363966324,0.00034357875000040324,COMPLETE
196,0.12105859609359376,0.04762502815611117,0.012041999032677284,0.0037971659912415705,COMPLETE
197,0.12765815612292514,0.03701930995976753,10.928873172675825,77.11216245820361,COMPLETE
198,0.12485834277714819,0.05100546828402794,3110.1377470169305,9.711433843795191,COMPLETE
199,0.12665822278514766,0.040901804909299504,0.10458178769690506,0.0038143902203140014,COMPLETE
200,0.12845810279314712,0.039247489014828885,475.56563592421855,1.8973147647143604,COMPLETE
201,0.12552496500233318,0.041149783840310615,0.1393169249256595,0.004739150396473392,COMPLETE
202,0.12592493833744417,0.03814121430954996,808.8727991202325,0.7921591618691878,COMPLETE
203,0.12605826278248117,0.039910479678060364,7.754881716990778,0.00044190060807384253,COMPLETE
204,0.1295246983534431,0.034442727878211295,13.48879574005236,0.10899536459522542,COMPLETE
205,0.12872475168322112,0.03929687645615036,1716.2286107533075,41.6103590392096,COMPLETE
206,0.13259116058929404,0.04300705083777336,0.02650461294894344,16.826177443921008,COMPLETE
207,0.12605826278248117,0.03598366517133142,9.878666303290279,9.711433843795191,COMPLETE
208,0.12065862275848277,0.04786692401385847,2.4575845897548034,0.00789850176680219,COMPLETE
209,0.13312445836944203,0.02798637775316437,2.2948966739813037,2.6711219667267745,COMPLETE
210,0.12525831611225918,0.03434005013599535,73.05764760827054,1.8606270338609645,COMPLETE
211,0.1241250583294447,0.043214883057646016,246.82820973942975,0.041213498100413026,COMPLETE
212,0.12752483167788814,0.03555710784350967,3.676145151602411,0.0037971659912415705,COMPLETE
213,0.1241250583294447,0.04046484102095827,0.6685646215931419,81.80124522468789,COMPLETE
214,0.12805812945803613,0.0460069452210231,5440.716116144768,0.03931896073856437,COMPLETE
215,0.1243250449970002,0.03589050812896685,1.6067663544676967,1.9451088505340488,COMPLETE
216,0.1245250316645557,0.045089856383166545,3110.1377470169305,2.2942910630025595,COMPLETE
217,0.12579161389240717,0.0358548477238093,742.5517702713046,4.346335839769921,COMPLETE
218,0.11692553829744684,0.04964895750612904,9326.750267332465,0.6454776511994327,COMPLETE
219,0.1290580627958136,0.045435040728256625,497.35457466058205,1.5425422271676736,COMPLETE
220,0.12512499166722219,0.039462081107821866,0.01124156232758925,1.8606270338609645,COMPLETE
221,0.12292513832411173,0.030747206716397614,11.951988181485646,0.8478635501672788,COMPLETE
222,0.12472501833211119,0.04375063852031657,13.48879574005236,94.07757294719057,COMPLETE
223,0.12019198720085328,0.03896566793971858,82.74378490530653,0.0003211587641758482,COMPLETE
224,0.12199186720885274,0.03207057717636308,3738.055076437825,0.000120164807151561,COMPLETE
225,0.12265848943403773,0.04045055870650885,0.9716765151498357,5.053282973829414,COMPLETE
226,0.12205852943137124,0.035597206950986046,13.48879574005236,2.2122516383156734,COMPLETE
227,0.1250583294447037,0.03995641095814393,0.4083698386596619,72.10183626312092,COMPLETE
228,0.12392507166188921,0.03678530094864736,3.2913069438701132,0.006216271182784483,COMPLETE
229,0.12305846276914872,0.034779409933638275,671.8169036755344,0.08505120396863354,COMPLETE
230,0.12752483167788814,0.03570742954716639,0.1393169249256595,0.0037971659912415705,COMPLETE
231,0.12305846276914872,0.04381371319085859,1.0042755025362669,0.7921591618691878,COMPLETE
232,0.12379174721685221,0.02800078994928766,0.1655766001553847,69.49274760159713,COMPLETE
233,0.12172521831877875,0.04075068991432152,27.31799959532127,0.0021623835503839475,COMPLETE
234,0.13272448503433104,0.03923124257280874,9.878666303290279,0.02512692907868985,COMPLETE
235,0.13365775614959002,0.040707162692802654,46.31237328542682,6.6769062424585055,COMPLETE
236,0.11765882274515033,0.04864685533412166,2303.2610440428275,0.0024832056782741812,COMPLETE
237,0.12539164055729618,0.051773076019835045,8767.94227631701,1.834530898067978,COMPLETE
238,0.1290580627958136,0.03834187824751568,0.10436723723954426,0.0005873620680294338,COMPLETE
239,0.13292447170188654,0.03390658015656952,0.013085348882185183,0.18261317005419916,COMPLETE
