number,values_0,values_1,params_delta_deg,params_gamma,params_lambda1,params_lambda2,params_lambda3,params_lambda4,state
1675,0.07935,0.11210508409601658,7.371731789186595,3.3801923275388828,1.8442663426239594,4.006173959705789,0.764092524644605,0.007664692357114683,COMPLETE
1676,0.1255,0.7026138769885045,4.335111916469993,9.890916012877245,2661.553121751245,1.4601585117402929,17.543999742650467,1.9897264125379086e-06,COMPLETE
1677,0.0821,0.44908628954859714,3.7523591558107,2.2991799521485987,0.016767417635497637,110.16646134717259,2.606433764399818,1.7411112824373338e-14,COMPLETE
1678,0.09645,0.29614504127165453,5.439590829177734,9.890916012877245,3090.9457533461396,0.047570004104159534,0.04082369646290137,8.194913753982165e-05,COMPLETE
1679,0.08045,0.684438950349355,5.686980021608849,5.044925306559818,123.52077947060401,0.3853801889777619,0.11060646004395691,1.6894010759859846e-13,COMPLETE
1680,0.05315,0.17572413024274633,1.0033384993170604,1.0726049388472807,12.412723646412944,51.0531204742495,5.192615578479196,5.521087576123659e-10,COMPLETE
1681,0.0565,0.4917373180817608,3.0455122299916,3.9944594338373487,0.07261268023359602,0.4878712301792302,8.213868348493142,5.521087576123659e-10,COMPLETE
1682,0.09105,0.558635614148019,2.779853011027585,4.293065741006691,0.1784805460542277,447.736390234704,34.574222073764446,7.698846419000689e-13,COMPLETE
1683,0.0709,0.554327905193162,7.051402036894628,6.875144787901625,123.52077947060401,22.022721534756634,59.2437895529571,2.1811143402963018e-10,COMPLETE
1684,0.0959,0.6497257367546512,5.439590829177734,9.890916012877245,0.4634053899763641,51.0531204742495,7.980779573509032,1.5335060532903536e-12,COMPLETE
1685,0.08055,0.6411300113838748,6.943625321882633,8.33604695260721,0.4634053899763641,1.2594502646806938,2.4710813083340644,3.0092675819548274e-09,COMPLETE
1686,0.0816,0.5737728647066093,3.0356513246879047,3.593219931517848,25.49175572219817,3.858204027730059,0.04529608412297882,2.1811143402963018e-10,COMPLETE
1687,0.0536,0.26183645974533537,4.3548083271808515,1.3526137167003873,12.412723646412944,107.59872434463156,34.574222073764446,2.3949412153301986e-11,COMPLETE
1688,0.08485,0.8014920772974682,6.943625321882633,8.741900816624833,123.52077947060401,0.06857317261521613,14.732118064935978,2.2563515925025537e-09,COMPLETE
1689,0.06205,0.29510505402269366,3.0455122299916,1.0726049388472807,0.018309710158384018,839.6336356637821,2.606433764399818,5.521087576123659e-10,COMPLETE
1690,0.05355,0.16332216257381793,5.719667260978259,1.0874484666469568,0.016767417635497637,0.047570004104159534,0.04082369646290137,1.9897264125379086e-06,COMPLETE
1691,0.0595,0.373080894458936,6.943625321882633,1.7519510271087413,1.8442663426239594,4.006173959705789,0.764092524644605,5.432263014140687e-13,COMPLETE
1692,0.0779,0.5534497745180966,5.573568749154047,8.359124144204223,2.2526238626393873,0.06857317261521613,0.11060646004395691,1.6894010759859846e-13,COMPLETE
1693,0.04535,0.27815285168911136,5.439590829177734,1.3526137167003873,3090.9457533461396,107.59872434463156,75.41993233157861,3.649569116806477e-06,COMPLETE
1694,0.06365,0.6062302745589873,4.958426658725357,8.359124144204223,0.4634053899763641,1.5630282565660134,3.6008094906658137,3.787929895519139e-07,COMPLETE
1695,0.05685,0.20513191021891375,6.019990742215804,1.2997368745646833,0.1784805460542277,0.5362196401258538,3.6008094906658137,3.811801850956625e-07,COMPLETE
1696,0.08005,0.4275995554448199,4.958426658725357,2.5118580794078285,1.9562826277387932,186.9306125540257,17.543999742650467,2.1811143402963018e-10,COMPLETE
1697,0.04775,0.30324427178001645,6.103623020551158,1.7519510271087413,104.61067826393281,5.054984284069897,76.57127726580364,1.621364679176634e-08,COMPLETE
1698,0.0507,0.09205010759357629,4.958426658725357,1.2997368745646833,233.60852319403597,186.9306125540257,0.0247605531247782,3.811801850956625e-07,COMPLETE
1699,0.0678,0.39559046059711034,7.051402036894628,2.084626267605567,1.8442663426239594,0.047570004104159534,0.01777158201797886,3.9694167750317793e-10,COMPLETE
1700,0.0613,0.41569750059063354,4.653916869245234,2.080299896042784,12.412723646412944,51.0531204742495,5.192615578479196,5.521087576123659e-10,COMPLETE
1701,0.09525,0.5552208128862439,7.371731789186595,3.3801923275388828,1.8278642465471888,2.0518583729409148,0.04529608412297882,5.521087576123659e-10,COMPLETE
1702,0.08145,0.48880320360768176,5.719667260978259,2.2991799521485987,0.016767417635497637,110.16646134717259,5.192615578479196,5.521087576123659e-10,COMPLETE
1703,0.07455,0.3893523437587922,5.014198087296352,1.769247796336739,1.9562826277387932,3.858204027730059,0.04082369646290137,2.1811143402963018e-10,COMPLETE
1704,0.1054,0.7865879955893281,7.051402036894628,5.085454476514788,2661.553121751245,1.2594502646806938,2.4710813083340644,9.525130150224066e-07,COMPLETE
1705,0.0954,0.49823917349329894,3.7523591558107,2.784157080285174,0.016767417635497637,51.0531204742495,2.606433764399818,5.521087576123659e-10,COMPLETE
1706,0.08705,0.045882681375935305,3.7523591558107,2.8034123264003057,4371.095348983508,110.16646134717259,0.12941091388974002,8.720647859508846e-11,COMPLETE
1707,0.05085,0.23637927705410916,1.1967758005915636,1.0726049388472807,0.07261268023359602,186.9306125540257,3.6008094906658137,3.0541645143911065e-11,COMPLETE
1708,0.07075,0.6280966684522026,5.719667260978259,2.795344539616213,123.52077947060401,0.1013397086496358,0.2083347494436004,4.4125324073489543e-13,COMPLETE
1709,0.04315,0.3063559729128834,5.989976616159035,1.7519510271087413,1.8442663426239594,5.054984284069897,76.57127726580364,1.3541296382097583e-12,COMPLETE
1710,0.09535,0.6004739127833486,4.958426658725357,6.467497174673093,123.52077947060401,186.9306125540257,34.574222073764446,3.649569116806477e-06,COMPLETE
1711,0.0464,0.22989700259686188,7.371731789186595,1.0726049388472807,0.07261268023359602,51.0531204742495,5.192615578479196,5.521087576123659e-10,COMPLETE
1712,0.07525,0.4150111181530616,4.958426658725357,2.3385954763947625,0.07261268023359602,51.0531204742495,5.192615578479196,1.625902225541647e-08,COMPLETE
1713,0.0923,0.3987363116229465,5.989976616159035,1.0271722056734183,504.90321654540344,0.2951200432743583,59.2437895529571,1.621364679176634e-08,COMPLETE
1714,0.0782,0.20443890600430384,6.943625321882633,8.741900816624833,0.014016334350577222,0.0013658740209670623,0.04082369646290137,3.787929895519139e-07,COMPLETE
1715,0.0622,0.5606463648129943,6.943625321882633,7.8078637347278095,1.8442663426239594,0.06857317261521613,3.6008094906658137,1.38652548235571e-12,COMPLETE
1716,0.0696,0.46789842089867206,5.719667260978259,2.2991799521485987,0.016767417635497637,110.16646134717259,0.01777158201797886,9.787752692175531e-12,COMPLETE
1717,0.0519,0.1921594791362546,6.315286228045829,1.0726049388472807,0.6975592224319972,322.2172624240059,0.01777158201797886,8.720647859508846e-11,COMPLETE
1718,0.09575,0.5393879031171568,3.046425174476959,7.8078637347278095,1.8442663426239594,4.703038707832875,3.6008094906658137,1.9043961097477443e-12,COMPLETE
1719,0.1238,0.7595712612792951,4.050574348074197,9.890916012877245,3090.9457533461396,0.047570004104159534,1.1961286443235215,3.0092675819548274e-09,COMPLETE
1720,0.1213,0.6611764278100448,6.943625321882633,2.2991799521485987,3090.9457533461396,0.047570004104159534,0.08450637797720947,1.7411112824373338e-14,COMPLETE
1721,0.12455,0.7709799025806341,4.3548083271808515,9.890916012877245,3090.9457533461396,0.047570004104159534,34.574222073764446,1.9897264125379086e-06,COMPLETE
1722,0.0824,0.20287608850495673,6.943625321882633,9.890916012877245,0.4634053899763641,0.009056267821713135,0.764092524644605,3.649569116806477e-06,COMPLETE
1723,0.10595,0.5781976882806285,3.7523591558107,8.359124144204223,2.2526238626393873,110.16646134717259,2.606433764399818,5.432263014140687e-13,COMPLETE
1724,0.1041,0.5976311999000604,5.439590829177734,2.5118580794078285,3090.9457533461396,0.047570004104159534,59.2437895529571,2.1811143402963018e-10,COMPLETE
1725,0.0865,0.6055078506883769,3.7523591558107,8.359124144204223,0.016767417635497637,110.16646134717259,2.606433764399818,3.0541645143911065e-11,COMPLETE
1726,0.1006,0.5951512349333753,4.050574348074197,5.751620494688234,12.412723646412944,152.93092803338448,2.9277240230104447,3.0541645143911065e-11,COMPLETE
1727,0.08395,0.505464648204156,6.943625321882633,6.875144787901625,0.20405329423492044,0.06857317261521613,14.732118064935978,3.0092675819548274e-09,COMPLETE
1728,0.10805,0.6826490816934421,5.719667260978259,6.875144787901625,208.22607295194175,0.1013397086496358,0.01777158201797886,3.787929895519139e-07,COMPLETE
1729,0.05345,0.3042135158640264,3.046425174476959,1.7519510271087413,1.8442663426239594,4.006173959705789,3.6008094906658137,5.432263014140687e-13,COMPLETE
1730,0.07785,0.533192062119148,5.719667260978259,1.7519510271087413,208.22607295194175,0.1013397086496358,0.764092524644605,3.407169759582504e-13,COMPLETE
1731,0.0801,0.4703077078550789,5.719667260978259,2.2991799521485987,0.016767417635497637,4.006173959705789,0.01777158201797886,9.787752692175531e-12,COMPLETE
1732,0.0705,0.4037130481972084,5.198517203174096,2.6492705090624318,1.8442663426239594,0.047570004104159534,0.1160200607629321,3.407169759582504e-13,COMPLETE
1733,0.07905,0.44316643483825535,3.7523591558107,2.2991799521485987,123.52077947060401,0.214067216488943,2.606433764399818,1.9043961097477443e-12,COMPLETE
1734,0.07975,0.4310479961419068,3.7523591558107,2.1377972902784452,0.016767417635497637,472.81177552591777,2.606433764399818,3.0541645143911065e-11,COMPLETE
1735,0.0777,0.6404694141631206,3.046425174476959,7.8078637347278095,123.52077947060401,27.476953350439967,3.6008094906658137,1.9043961097477443e-12,COMPLETE
1736,0.0841,0.6266626449210531,6.655421352222268,4.6814258240363635,0.012164921348289568,110.16646134717259,12.491315660805293,6.338054654029837e-09,COMPLETE
1737,0.07535,0.5000092799248208,3.7523591558107,2.2991799521485987,0.24597889938632647,110.16646134717259,2.606433764399818,1.7411112824373338e-14,COMPLETE
1738,0.05785,0.38425522413280616,6.019990742215804,1.7963378478827616,0.1784805460542277,186.9306125540257,34.574222073764446,3.998576715567638e-06,COMPLETE
1739,0.1047,0.7390355611868348,6.019990742215804,6.875144787901625,70.89527136096204,0.06857317261521613,0.11060646004395691,1.9043961097477443e-12,COMPLETE
1740,0.0784,0.455838898280068,7.051402036894628,2.4889114518541042,0.6975592224319972,0.009707433566872849,0.010490863545892863,8.917315477114732e-14,COMPLETE
1741,0.11275,0.7157033690925616,6.943625321882633,5.751620494688234,3090.9457533461396,0.004569612957571183,14.732118064935978,3.0092675819548274e-09,COMPLETE
1742,0.07525,0.52624509315213,4.958426658725357,7.242098619980624,0.05519688338500698,4.006173959705789,34.574222073764446,3.407169759582504e-13,COMPLETE
1743,0.07065,0.19482170259754567,3.7523591558107,1.9448831590434768,0.014162338396506723,186.9306125540257,0.0247605531247782,1.7411112824373338e-14,COMPLETE
1744,0.0459,0.3406155520855636,4.3548083271808515,1.3526137167003873,12.412723646412944,523.417311695384,34.574222073764446,3.407169759582504e-13,COMPLETE
1745,0.0752,0.5984173842853743,7.371731789186595,3.921685376373346,208.22607295194175,2.0518583729409148,80.46577679760097,5.521087576123659e-10,COMPLETE
1746,0.07295,0.551385773683571,7.371731789186595,3.3801923275388828,1.8278642465471888,0.1013397086496358,0.01777158201797886,5.521087576123659e-10,COMPLETE
1747,0.0628,0.2932975919692006,2.5055630530695323,1.033019449444877,1.8442663426239594,4.006173959705789,0.01777158201797886,3.407169759582504e-13,COMPLETE
1748,0.0755,0.5270165453811613,4.050574348074197,5.751620494688234,0.10671784299835832,0.004569612957571183,0.764092524644605,3.407169759582504e-13,COMPLETE
1749,0.1178,0.6746459343467566,6.103623020551158,4.763829333854697,3090.9457533461396,0.047570004104159534,80.46577679760097,1.9897264125379086e-06,COMPLETE
1750,0.0808,0.6348832848986189,7.371731789186595,3.3801923275388828,2661.553121751245,2.0518583729409148,80.46577679760097,5.521087576123659e-10,COMPLETE
1751,0.0736,0.35427094727681796,1.9964166718537624,2.3204881539020663,208.22607295194175,1.5630282565660134,3.6008094906658137,3.787929895519139e-07,COMPLETE
1752,0.06205,0.28652517660396504,4.3548083271808515,1.3526137167003873,12.412723646412944,110.16646134717259,34.574222073764446,9.787752692175531e-12,COMPLETE
1753,0.05485,0.3494714189534053,7.051402036894628,1.3526137167003873,0.6975592224319972,546.754814234046,34.574222073764446,3.649569116806477e-06,COMPLETE
1754,0.04925,0.2545623893391156,4.958426658725357,1.0726049388472807,0.4634053899763641,51.0531204742495,5.192615578479196,3.633391550609417e-07,COMPLETE
1755,0.05725,0.2700945481471702,4.653916869245234,1.0726049388472807,12.412723646412944,51.0531204742495,0.01777158201797886,8.720647859508846e-11,COMPLETE
1756,0.07945,0.6966946332298529,6.351039989269435,8.33604695260721,2661.553121751245,107.59872434463156,2.4710813083340644,3.0541645143911065e-11,COMPLETE
1757,0.06355,0.25985762587872924,4.958426658725357,3.9944594338373487,0.4634053899763641,0.08755680934938086,0.0223493128476426,6.699928564527689e-06,COMPLETE
1758,0.0622,0.14959480358530708,6.19974134315987,1.0726049388472807,0.66111045285523,546.754814234046,0.016890111409872226,3.649569116806477e-06,COMPLETE
1759,0.08915,0.1430800841137612,4.797597292147365,1.7519510271087413,1.8442663426239594,0.0024442575336164536,34.574222073764446,3.649569116806477e-06,COMPLETE
1760,0.087,0.6363185164556324,1.6392154984215102,8.359124144204223,479.81572928387027,51.0531204742495,4.230818933588808,1.5335060532903536e-12,COMPLETE
1761,0.08345,0.6405861976513694,4.958426658725357,8.359124144204223,0.4634053899763641,186.9306125540257,3.6008094906658137,3.0541645143911065e-11,COMPLETE
1762,0.0821,0.59415352051726,7.051402036894628,3.9944594338373487,0.6975592224319972,81.13463526218803,0.01777158201797886,5.314026320276268e-08,COMPLETE
1763,0.0959,0.5762102590849442,3.0455122299916,3.9944594338373487,2661.553121751245,1.2594502646806938,12.941623433286441,7.242135537625552e-11,COMPLETE
1764,0.063,0.4787500470040167,4.050574348074197,5.751620494688234,0.07261268023359602,0.004569612957571183,1.1961286443235215,3.0092675819548274e-09,COMPLETE
1765,0.0912,0.6197247340448415,2.169796817008233,9.890916012877245,12.412723646412944,107.59872434463156,8.964331295986742,3.649569116806477e-06,COMPLETE
1766,0.08725,0.11550555125849891,5.439590829177734,3.9944594338373487,0.07261268023359602,0.047570004104159534,0.04082369646290137,0.006882182798870629,COMPLETE
1767,0.13255,0.6284817789918359,4.050574348074197,5.751620494688234,3090.9457533461396,0.004569612957571183,0.4632395604138974,3.004561373694755e-08,COMPLETE
1768,0.0911,0.5780974810856041,5.439590829177734,9.890916012877245,33.57291001192245,1.2594502646806938,2.4710813083340644,4.551666446790731e-07,COMPLETE
1769,0.1045,0.6656276400027836,6.655421352222268,8.359124144204223,0.4634053899763641,51.0531204742495,12.491315660805293,6.338054654029837e-09,COMPLETE
1770,0.1169,0.7336626982734488,4.958426658725357,8.359124144204223,2894.4750494296713,0.3710234766141632,3.6008094906658137,5.432263014140687e-13,COMPLETE
1771,0.0867,0.5884779296872767,2.50876546166977,4.6421237567337625,0.4634053899763641,186.9306125540257,3.6008094906658137,3.9694167750317793e-10,COMPLETE
1772,0.0763,0.6053029277040799,3.7523591558107,8.359124144204223,0.4634053899763641,110.16646134717259,0.019443911248026118,1.7411112824373338e-14,COMPLETE
1773,0.04925,0.37380453342335773,5.686980021608849,1.5440929315736656,1.9562826277387932,546.754814234046,59.2437895529571,3.0674856806780336e-11,COMPLETE
1774,0.1254,0.8262205717679626,7.296565715563787,7.8078637347278095,10.509291690902199,0.003829717289920268,0.01777158201797886,8.720647859508846e-11,COMPLETE
1775,0.07895,0.5195408600697332,6.019990742215804,7.8078637347278095,0.7289929464790127,0.5362196401258538,34.574222073764446,1.9043961097477443e-12,COMPLETE
1776,0.0958,0.6954330095335264,4.335111916469993,6.7915299648818275,2661.553121751245,0.009707433566872849,17.543999742650467,2.1235042302418205e-12,COMPLETE
1777,0.08975,0.5473883833599501,4.958426658725357,8.359124144204223,2.2526238626393873,2.6605293982706097,59.2437895529571,1.0560366403126961e-05,COMPLETE
1778,0.0497,0.32847507439393314,7.051402036894628,1.7519510271087413,0.6975592224319972,546.754814234046,95.4976892887237,1.621364679176634e-08,COMPLETE
1779,0.0813,0.4752815813180602,6.103623020551158,3.3801923275388828,104.61067826393281,0.3710234766141632,80.46577679760097,3.649569116806477e-06,COMPLETE
1780,0.0959,0.549508174262795,6.943625321882633,8.73246185106933,1.8442663426239594,0.047570004104159534,0.764092524644605,3.407169759582504e-13,COMPLETE
1781,0.0497,0.3795860468476742,7.051402036894628,1.3208311191437887,1.8442663426239594,0.009707433566872849,0.010490863545892863,3.407169759582504e-13,COMPLETE
1782,0.0785,0.6951120856722004,5.439590829177734,9.890916012877245,3090.9457533461396,186.9306125540257,34.574222073764446,3.649569116806477e-06,COMPLETE
1783,0.0833,0.5418773584274601,4.958426658725357,3.1788912454430323,2661.553121751245,186.9306125540257,17.543999742650467,3.811801850956625e-07,COMPLETE
1784,0.09895,0.6004522794815628,4.3548083271808515,7.689570562078022,12.412723646412944,107.59872434463156,34.574222073764446,3.649569116806477e-06,COMPLETE
1785,0.0754,0.4481668543475776,4.0501732557989385,1.7519510271087413,1.08979304540558,186.9306125540257,0.0247605531247782,3.407169759582504e-13,COMPLETE
1786,0.0767,0.34531481115915813,6.103623020551158,9.890916012877245,3090.9457533461396,183.79122491170543,0.764092524644605,3.407169759582504e-13,COMPLETE
1787,0.08925,0.1545820888348555,5.149127044623273,6.875144787901625,0.9618228305697941,0.009707433566872849,0.010490863545892863,3.649569116806477e-06,COMPLETE
1788,0.05045,0.4248351079807917,6.103623020551158,3.3801923275388828,0.6975592224319972,0.7099044554220675,90.41091050958265,2.2317090981403275e-11,COMPLETE
1789,0.0592,0.3757686172113466,4.335111916469993,3.1788912454430323,0.2914743043931388,0.047570004104159534,17.543999742650467,3.407169759582504e-13,COMPLETE
1790,0.08505,0.8234658751727914,6.943625321882633,8.741900816624833,123.52077947060401,0.06857317261521613,0.13227590467764583,3.787929895519139e-07,COMPLETE
1791,0.06335,0.5091068544036125,6.943625321882633,2.5118580794078285,0.09183187610552052,3.858204027730059,0.04529608412297882,2.1811143402963018e-10,COMPLETE
1792,0.10225,0.7882106328677088,5.719667260978259,6.875144787901625,208.22607295194175,0.1013397086496358,0.0671707121395272,3.787929895519139e-07,COMPLETE
1793,0.1202,0.5967395038685046,4.335111916469993,3.1788912454430323,2661.553121751245,0.028151327682278196,2.606433764399818,1.7411112824373338e-14,COMPLETE
1794,0.103,0.5890106494050507,3.7523591558107,9.737065176599499,20.33863705577329,110.16646134717259,2.606433764399818,4.331365543927414e-05,COMPLETE
1795,0.09775,0.47952749336166817,5.686980021608849,2.5118580794078285,104.61067826393281,0.05104358286828391,59.2437895529571,3.649569116806477e-06,COMPLETE
1796,0.07115,0.3834380616807402,2.08072006300951,1.7519510271087413,0.07261268023359602,0.4878712301792302,0.018703497774806503,1.2928315331718414e-13,COMPLETE
1797,0.0739,0.5429904995015895,5.989976616159035,7.43096927415131,1.8442663426239594,5.054984284069897,76.57127726580364,1.7411112824373338e-14,COMPLETE
1798,0.0735,0.5713396697213293,4.958426658725357,8.359124144204223,4.4024630214613385,1.8778462337568282,3.6008094906658137,3.0541645143911065e-11,COMPLETE
1799,0.06985,0.5488558216589416,4.958426658725357,8.359124144204223,1.5221406663910402,0.08755680934938086,0.49106969850296894,5.314026320276268e-08,COMPLETE
1800,0.08025,0.33236560374898044,6.943625321882633,2.341543582225017,79.95006949325393,105.93191622732802,0.04082369646290137,1.9897264125379086e-06,COMPLETE
1801,0.0885,0.5399220646635805,3.0455122299916,3.9944594338373487,0.07261268023359602,22.212032855583484,8.213868348493142,5.521087576123659e-10,COMPLETE
1802,0.05905,0.2174908903012879,5.686980021608849,1.2997368745646833,0.18468504546596953,186.9306125540257,0.0247605531247782,2.1811143402963018e-10,COMPLETE
1803,0.0969,0.5359755340750496,1.3844823801099615,5.751620494688234,0.07261268023359602,4.006173959705789,0.0375949055745709,3.0092675819548274e-09,COMPLETE
1804,0.0684,0.12050987091943782,7.2065802601260645,1.7316990898497175,208.22607295194175,110.16646134717259,0.04529608412297882,9.787752692175531e-12,COMPLETE
1805,0.06,0.29693984945980284,4.797597292147365,1.7519510271087413,1.9562826277387932,4.006173959705789,17.543999742650467,2.1811143402963018e-10,COMPLETE
1806,0.0942,0.6927869088047711,4.335111916469993,8.741900816624833,0.18580343598578777,821.6861257457284,17.543999742650467,3.787929895519139e-07,COMPLETE
1807,0.10455,0.7788370308764563,4.335111916469993,9.890916012877245,2661.553121751245,1.2594502646806938,2.4710813083340644,3.649569116806477e-06,COMPLETE
1808,0.0999,0.4143590359073069,7.296565715563787,3.3801923275388828,104.61067826393281,0.013084143337761724,80.46577679760097,3.649569116806477e-06,COMPLETE
1809,0.0852,0.5024911027416075,5.686980021608849,6.875144787901625,0.07261268023359602,3.858204027730059,59.2437895529571,5.521087576123659e-10,COMPLETE
1810,0.0533,0.17123310202880607,1.3999952255938415,1.2997368745646833,0.016767417635497637,186.9306125540257,0.0247605531247782,3.811801850956625e-07,COMPLETE
1811,0.06815,0.5828644719390095,6.655421352222268,4.6814258240363635,104.61067826393281,0.3710234766141632,12.491315660805293,4.85911661458958e-10,COMPLETE
1812,0.07135,0.3258287989697339,4.958426658725357,1.2997368745646833,0.18468504546596953,186.9306125540257,0.0247605531247782,3.0541645143911065e-11,COMPLETE
1813,0.097,0.5379548577949068,6.019990742215804,9.890916012877245,3090.9457533461396,186.9306125540257,0.764092524644605,3.811801850956625e-07,COMPLETE
