number,values_0,values_1,params_delta_deg,params_gamma,params_lambda1,params_lambda3,state
2478,0.0874,0.2589377740115898,7.398979747077997,1.3983148036633177,61.128832411058866,0.7306953052604724,COMPLETE
2479,0.12855,0.8619667147931513,7.321806062638004,9.988586281068551,359.71457230765833,0.5985950343657075,COMPLETE
2480,0.0736,0.36229769447269844,7.489439152524652,3.1109816593785697,3.7559991467249683,11.34645454198699,COMPLETE
2481,0.1408,0.7950760106425474,7.489439152524652,4.101823977297871,7149.378824648107,0.5985950343657075,COMPLETE
2482,0.13545,0.8209330248174761,7.489439152524652,8.418374689108267,1575.9369216711668,0.5985950343657075,COMPLETE
2483,0.10395,0.526274669762231,2.2047424374141276,8.773022899852439,61.128832411058866,0.7306953052604724,COMPLETE
2484,0.09255,0.5571611279875878,7.489439152524652,5.517496560172354,2.813636896214278,0.5985950343657075,COMPLETE
2485,0.1096,0.7329168750820022,7.339695485358947,8.418374689108267,111.18850587297112,4.792699168837896,COMPLETE
2486,0.08515,0.2841373551344482,7.366786432028211,3.0156649020845308,2.325948696512874,96.55161694480425,COMPLETE
2487,0.1027,0.511025832781385,7.398979747077997,4.101823977297871,80.44662820088081,0.010156802350793723,COMPLETE
2488,0.1096,0.27705495506922573,1.9548842262714223,4.38016058563925,12.591433152642677,0.5985950343657075,COMPLETE
2489,0.0977,0.431755452450114,0.8025803531551621,4.101823977297871,460.6047135429631,0.5985950343657075,COMPLETE
2490,0.0892,0.3567968230941677,2.585127060098696,7.451337432117496,0.022364668918790125,4.792699168837896,COMPLETE
2491,0.10455,0.5472985281276267,5.5150049043702545,3.005284577810775,560.4775189597802,14.77360751332541,COMPLETE
2492,0.06675,0.3314771888554069,7.418968833572681,1.3664133082642738,0.21044342271440875,0.030595349341982422,COMPLETE
2493,0.1086,0.614455520393512,7.357699173776985,7.451337432117496,0.031129554056877274,0.5985950343657075,COMPLETE
2494,0.10545,0.6429515067353799,5.334411901674462,3.1784175267641896,1688.3846346819648,1.526275265602974,COMPLETE
2495,0.079,0.5280419084706179,7.398979747077997,3.0156649020845308,61.128832411058866,0.5985950343657075,COMPLETE
2496,0.0811,0.34823551361058375,7.339695485358947,3.0352039660395387,0.5529959922862323,0.7306953052604724,COMPLETE
2497,0.08525,0.3520300620704927,3.4207133233427687,2.3242511754719466,112.323925330586,0.7306953052604724,COMPLETE
2498,0.0861,0.37782766509817295,5.596057119019102,1.4102838309584085,359.71457230765833,1.526275265602974,COMPLETE
2499,0.1168,0.703168021599051,6.147027274717444,7.639970758565217,153.2860257697558,1.526275265602974,COMPLETE
2500,0.1012,0.6316816400899352,7.398979747077997,3.0638630129150126,359.71457230765833,0.5985950343657075,COMPLETE
2501,0.0845,0.2665596652515114,3.5546678387248556,1.7534647860434929,0.32506155313805296,0.15116372445863835,COMPLETE
2502,0.1053,0.5687567296634979,7.489439152524652,9.933529862520766,0.4806220777093001,1.526275265602974,COMPLETE
2503,0.12855,0.8380239572414494,6.666959706638387,9.988586281068551,1476.1251734596226,12.146893267526337,COMPLETE
2504,0.0916,0.5509158831660077,7.398979747077997,3.0156649020845308,30.54779366423335,0.023089344538143885,COMPLETE
2505,0.1085,0.5955402851659268,7.366786432028211,5.196045314781185,0.04242357277729937,0.06204283355848753,COMPLETE
2506,0.118,0.7957530416335294,7.321806062638004,9.933529862520766,82.03062503482498,0.5985950343657075,COMPLETE
2507,0.12835,0.7649631977811763,7.489439152524652,4.101823977297871,1476.1251734596226,0.5985950343657075,COMPLETE
2508,0.08535,0.3067341014455198,7.321806062638004,3.0638630129150126,0.04736226378256264,16.00617908133386,COMPLETE
2509,0.08635,0.49823251954113645,7.339695485358947,7.451337432117496,3.224674445273256,11.34645454198699,COMPLETE
2510,0.07935,0.43511148164475616,7.339695485358947,4.632073818629002,0.5529959922862323,4.792699168837896,COMPLETE
2511,0.1099,0.2645916597800656,1.5812136540026533,3.1109816593785697,30.54779366423335,11.058433888394104,COMPLETE
2512,0.0762,0.30116069116009325,7.321806062638004,1.2992706708708701,112.323925330586,0.5985950343657075,COMPLETE
2513,0.1181,0.7709955943829684,3.0834579534698707,8.418374689108267,1575.9369216711668,2.1102891532478085,COMPLETE
2514,0.1031,0.2680717059868928,2.2683770394089846,3.1109816593785697,0.15694951882903801,11.34645454198699,COMPLETE
2515,0.06685,0.20223361545250204,7.489439152524652,1.381135349976128,0.022872403443138362,1.2843572870103992,COMPLETE
2516,0.11025,0.3509773528080042,0.8470288854995662,9.767312130896007,1.7645687169254434,0.5985950343657075,COMPLETE
2517,0.103,0.5610876537162147,5.334411901674462,9.933529862520766,0.03108237962584868,1.526275265602974,COMPLETE
2518,0.08795,0.42076327764196503,7.489439152524652,3.0156649020845308,0.022872403443138362,0.5985950343657075,COMPLETE
2519,0.09925,0.6699154979345787,7.339695485358947,4.101823977297871,2.4792588435669867,0.030595349341982422,COMPLETE
2520,0.116,0.6138406654961627,3.5373389383182654,4.390239464358789,117.01164712837071,0.03676434448999576,COMPLETE
2521,0.11915,0.8213496730987621,7.398979747077997,7.451337432117496,167.26671827492052,0.5985950343657075,COMPLETE
2522,0.0865,0.47280631721959454,7.489439152524652,1.0301522592941639,1575.9369216711668,4.792699168837896,COMPLETE
2523,0.1283,0.8852444656321119,7.339695485358947,9.933529862520766,359.71457230765833,1.526275265602974,COMPLETE
2524,0.07635,0.4603094252018064,7.339695485358947,1.2992706708708701,681.4923644543815,0.7306953052604724,COMPLETE
2525,0.07995,0.5242053764385598,7.489439152524652,3.9542479196946987,24.687993700004206,2.1102891532478085,COMPLETE
2526,0.0766,0.44259224138066927,7.398979747077997,3.0156649020845308,0.5529959922862323,0.7306953052604724,COMPLETE
2527,0.13965,0.7299401992875543,7.398979747077997,4.101823977297871,8953.525415008999,11.34645454198699,COMPLETE
2528,0.08115,0.5612473541469724,7.398979747077997,3.0604281537241538,79.61851534753835,0.5985950343657075,COMPLETE
2529,0.06875,0.4691430103165751,7.489439152524652,3.1109816593785697,30.54779366423335,11.34645454198699,COMPLETE
2530,0.10375,0.7224050761553443,7.489439152524652,9.767312130896007,111.18850587297112,13.737135040054913,COMPLETE
2531,0.0665,0.15696514759288585,7.489439152524652,1.1535007045422678,0.4111694316312813,2.396571978809707,COMPLETE
2532,0.06725,0.12937429727546987,7.489439152524652,1.0000874311382033,0.4111694316312813,11.34645454198699,COMPLETE
2533,0.0805,0.4971943234609104,7.489439152524652,3.0638630129150126,18.15062746414582,0.5985950343657075,COMPLETE
2534,0.07795,0.43307245563598007,7.489439152524652,1.29617683970172,560.4775189597802,4.792699168837896,COMPLETE
2535,0.0714,0.23120166737470818,7.398979747077997,1.775957688444912,0.061530195681195304,0.5985950343657075,COMPLETE
2536,0.08895,0.5322500350490402,7.398979747077997,4.101823977297871,0.50010706770691,0.5985950343657075,COMPLETE
2537,0.1041,0.3064703647503781,0.5513403487780997,3.0638630129150126,359.71457230765833,4.792699168837896,COMPLETE
2538,0.12825,0.84829657003308,7.489439152524652,8.418374689108267,465.4802020583523,0.7306953052604724,COMPLETE
2539,0.12775,0.8187248343349851,7.489439152524652,5.57707388971105,560.4775189597802,0.7306953052604724,COMPLETE
2540,0.07045,0.20044661764045094,6.8435536313626235,1.3464772469480761,2.4792588435669867,44.76380938653201,COMPLETE
2541,0.11985,0.8676086378673201,7.489439152524652,9.988586281068551,359.71457230765833,1.526275265602974,COMPLETE
2542,0.0684,0.20834099069939638,7.489439152524652,1.2992706708708701,0.48160356426463263,0.5985950343657075,COMPLETE
2543,0.09785,0.3254151866550734,7.339695485358947,1.1679739768270172,359.71457230765833,0.030595349341982422,COMPLETE
2544,0.141,0.8316481464323542,7.489439152524652,9.988586281068551,1476.1251734596226,0.7306953052604724,COMPLETE
2545,0.1078,0.6270492354371672,6.151490049654067,4.390239464358789,117.01164712837071,0.5985950343657075,COMPLETE
2546,0.1307,0.8418518947622886,7.339695485358947,5.8081057233180955,787.0790540749365,0.7306953052604724,COMPLETE
2547,0.08785,0.550416386569151,7.489439152524652,7.451337432117496,0.4111694316312813,4.792699168837896,COMPLETE
2548,0.0987,0.6475740358843441,7.398979747077997,2.9618191290867015,1476.1251734596226,4.792699168837896,COMPLETE
2549,0.11595,0.24766211423703363,0.5392458275052047,4.390239464358789,0.10215210013088757,4.792699168837896,COMPLETE
2550,0.08045,0.3301227093581542,7.339695485358947,2.3035601651507616,20.02488628184159,11.34645454198699,COMPLETE
2551,0.1153,0.7741726398943878,7.489439152524652,4.390239464358789,359.71457230765833,0.5985950343657075,COMPLETE
2552,0.0954,0.3551291595877924,4.472873187248941,4.101823977297871,0.48160356426463263,13.737135040054913,COMPLETE
2553,0.0983,0.6746501690569148,7.489439152524652,3.0638630129150126,359.71457230765833,0.9117374699328749,COMPLETE
2554,0.0754,0.259234869449794,7.489439152524652,1.2992706708708701,65.42850617031253,2.1102891532478085,COMPLETE
2555,0.1123,0.6554560672800344,5.334411901674462,5.949281855269068,112.323925330586,1.526275265602974,COMPLETE
2556,0.0956,0.5978058026775235,7.489439152524652,3.0638630129150126,560.4775189597802,13.737135040054913,COMPLETE
2557,0.08025,0.3765550355288416,7.489439152524652,1.1601983959356705,359.71457230765833,1.1166054580267695,COMPLETE
2558,0.1041,0.609355225733303,7.339695485358947,7.451337432117496,0.4111694316312813,0.5985950343657075,COMPLETE
2559,0.13195,0.7494159173457116,3.399160297777585,8.21116563528379,359.71457230765833,0.6808997237143748,COMPLETE
2560,0.091,0.5751566246529832,7.339695485358947,3.0638630129150126,359.71457230765833,13.737135040054913,COMPLETE
2561,0.064,0.1597747526156369,6.8435536313626235,1.1679739768270172,0.46941263933069544,44.76380938653201,COMPLETE
2562,0.0839,0.27961051046469587,7.398979747077997,1.2265462627738066,153.2860257697558,0.7306953052604724,COMPLETE
2563,0.0733,0.5476353376808721,7.321806062638004,3.0638630129150126,61.128832411058866,0.5985950343657075,COMPLETE
2564,0.0968,0.6017650324093091,7.321806062638004,2.1816376714346966,660.569443850554,0.5985950343657075,COMPLETE
2565,0.09355,0.35035201497369434,6.362089557276368,1.1799505076511354,1476.1251734596226,0.023213833359733555,COMPLETE
2566,0.0606,0.20826491535682035,7.339695485358947,1.2992706708708701,0.5529959922862323,0.5985950343657075,COMPLETE
2567,0.0955,0.5194375538617302,7.339695485358947,7.451337432117496,0.4111694316312813,11.34645454198699,COMPLETE
2568,0.0776,0.42751063898763797,4.892469424571216,1.6971031873713354,359.71457230765833,0.5985950343657075,COMPLETE
2569,0.10145,0.6717643660559068,7.489439152524652,8.418374689108267,24.687993700004206,2.1102891532478085,COMPLETE
2570,0.1007,0.665798990154906,7.489439152524652,9.988586281068551,0.13927225699277535,0.7306953052604724,COMPLETE
2571,0.06375,0.1580645379461119,6.781278894767038,1.0000874311382033,0.022872403443138362,0.13391944103899936,COMPLETE
2572,0.10375,0.3242386887690848,0.5771263648513797,3.0638630129150126,359.71457230765833,0.5985950343657075,COMPLETE
2573,0.08425,0.13175263264658538,0.8756133871733488,1.2992706708708701,2.4792588435669867,32.16295115456471,COMPLETE
2574,0.0738,0.1564446270404161,5.3978954418526515,1.0340435745788543,30.54779366423335,0.5985950343657075,COMPLETE
2575,0.07435,0.40238625959331925,7.489439152524652,1.2992706708708701,359.71457230765833,0.5985950343657075,COMPLETE
2576,0.0805,0.3744769481015029,6.8435536313626235,1.1679739768270172,359.71457230765833,13.737135040054913,COMPLETE
2577,0.10435,0.6176688753724686,7.489439152524652,8.418374689108267,0.5529959922862323,0.7306953052604724,COMPLETE
2578,0.1006,0.6697756486775843,7.489439152524652,9.988586281068551,0.022872403443138362,0.13391944103899936,COMPLETE
2579,0.0764,0.34934396587624444,7.489439152524652,3.0638630129150126,1.495033177301862,13.737135040054913,COMPLETE
2580,0.1395,0.7118018437313673,7.489439152524652,5.733400172463412,6046.381748163507,0.07023094282656478,COMPLETE
2581,0.1257,0.742110246932825,4.301844385422047,7.639970758565217,153.2860257697558,0.7306953052604724,COMPLETE
2582,0.1273,0.7460335661176932,7.489439152524652,2.7187634325065777,3067.710093160474,0.7306953052604724,COMPLETE
2583,0.078,0.2474014995515929,7.398979747077997,1.775957688444912,0.061530195681195304,1.526275265602974,COMPLETE
2584,0.0609,0.1819341884644849,7.489439152524652,1.2992706708708701,0.022872403443138362,0.7306953052604724,COMPLETE
2585,0.10235,0.5804728309717708,5.654080800960704,9.988586281068551,0.5529959922862323,0.7306953052604724,COMPLETE
2586,0.09685,0.6264999748544834,7.489439152524652,9.988586281068551,0.011612421620162591,4.792699168837896,COMPLETE
2587,0.1253,0.7611213275250905,4.20252139081129,6.101176851046029,1476.1251734596226,1.613903279741129,COMPLETE
2588,0.0759,0.11638640583426868,4.192352367364858,1.0000874311382033,0.4111694316312813,4.006702490627634,COMPLETE
2589,0.0895,0.5780256232498266,7.489439152524652,4.101823977297871,4.6216117253800055,0.5985950343657075,COMPLETE
2590,0.11595,0.2956187397158997,0.439022577135733,9.988586281068551,2.4792588435669867,97.8618983264133,COMPLETE
2591,0.1092,0.679478148156025,7.321806062638004,3.0638630129150126,359.71457230765833,0.5985950343657075,COMPLETE
2592,0.08455,0.3431570034686385,7.339695485358947,1.027113864949176,117.01164712837071,0.030595349341982422,COMPLETE
2593,0.0947,0.4333704171754881,1.9564050897869922,5.949281855269068,18.15062746414582,96.55161694480425,COMPLETE
2594,0.108,0.2567731176980846,1.0805368680457772,2.6931798610234305,65.42850617031253,2.1102891532478085,COMPLETE
2595,0.1348,0.8164929830275117,6.007905800759598,9.988586281068551,359.71457230765833,1.8613472748644395,COMPLETE
2596,0.09855,0.3730784233109373,2.2715935327535655,1.1679739768270172,1476.1251734596226,59.72538586467294,COMPLETE
2597,0.0879,0.3109883491547569,4.794163301434161,1.775957688444912,112.323925330586,1.526275265602974,COMPLETE
2598,0.1025,0.6043723378037748,7.339695485358947,9.988586281068551,2.4792588435669867,0.030595349341982422,COMPLETE
2599,0.1016,0.6756324535707723,7.489439152524652,9.988586281068551,0.022872403443138362,1.526275265602974,COMPLETE
2600,0.0925,0.5333522481588888,7.339695485358947,5.061348409319827,0.5529959922862323,0.7306953052604724,COMPLETE
2601,0.0844,0.30933658687687055,7.321806062638004,3.0638630129150126,0.4111694316312813,4.792699168837896,COMPLETE
2602,0.1202,0.8226549455912922,7.489439152524652,7.639970758565217,153.2860257697558,0.5985950343657075,COMPLETE
2603,0.1432,0.8021560155145684,4.685705842963688,9.988586281068551,1476.1251734596226,4.792699168837896,COMPLETE
2604,0.0661,0.20177568971348586,7.489439152524652,1.2992706708708701,1.0543924744968527,4.792699168837896,COMPLETE
2605,0.0641,0.17372873572916026,6.8435536313626235,1.1679739768270172,2.4792588435669867,12.184699896150729,COMPLETE
2606,0.0811,0.22984405339149344,6.147027274717444,1.8361557209958475,2.3391066171695876,0.5985950343657075,COMPLETE
2607,0.06155,0.20210001121859622,7.489439152524652,1.2992706708708701,0.010521678139360561,2.1102891532478085,COMPLETE
2608,0.1146,0.6292046695641262,7.339695485358947,8.418374689108267,2.4792588435669867,0.030595349341982422,COMPLETE
2609,0.1134,0.3098973643302684,2.4476024960259046,8.418374689108267,0.061530195681195304,1.8602957309646184,COMPLETE
2610,0.0799,0.45166546303949046,7.339695485358947,2.268728599878797,18.15062746414582,0.18347401028386792,COMPLETE
2611,0.0719,0.3074948292592253,7.489439152524652,2.195218904889921,2.4792588435669867,4.792699168837896,COMPLETE
2612,0.11985,0.8058136927167795,7.489439152524652,9.933529862520766,112.323925330586,0.7306953052604724,COMPLETE
2613,0.14545,0.6755637968149898,1.425686947825696,7.639970758565217,496.3716738871222,0.10419382365365064,COMPLETE
2614,0.0848,0.37660886631482815,7.321806062638004,1.1815935685680892,359.71457230765833,0.5985950343657075,COMPLETE
2615,0.07635,0.4934110874936348,7.489439152524652,2.014685703059728,155.06250278552238,0.5985950343657075,COMPLETE
2616,0.0631,0.2061365968018155,6.17128865259137,1.3961784824164016,0.5108465964686367,0.7306953052604724,COMPLETE
2617,0.08835,0.4261081898483222,6.8435536313626235,2.9088972463276854,0.31460934716889316,0.13391944103899936,COMPLETE
2618,0.08165,0.4526151433670756,7.489439152524652,4.429088349844195,0.5529959922862323,13.737135040054913,COMPLETE
2619,0.13485,0.7834323524117215,7.321806062638004,9.988586281068551,1476.1251734596226,0.18801590569397622,COMPLETE
2620,0.0666,0.19985557040821575,7.489439152524652,1.2992706708708701,0.022872403443138362,0.5985950343657075,COMPLETE
2621,0.12185,0.8134804618499937,7.339695485358947,4.9259187925560735,359.71457230765833,0.5985950343657075,COMPLETE
2622,0.13235,0.4067819467537387,0.49136523784490904,9.988586281068551,1476.1251734596226,2.516518891092916,COMPLETE
2623,0.1246,0.6714018594160901,7.398979747077997,3.0156649020845308,4584.312646113529,75.65380982707389,COMPLETE
2624,0.1196,0.5701532104097873,7.489439152524652,7.451337432117496,1575.9369216711668,0.014166560002747996,COMPLETE
2625,0.13,0.8052489837032613,7.489439152524652,8.418374689108267,116.68218004772335,0.2944924768920615,COMPLETE
2626,0.08475,0.29267727850668995,7.398979747077997,1.775957688444912,0.061530195681195304,0.1089817154185627,COMPLETE
2627,0.122,0.8505622937298489,7.489439152524652,9.988586281068551,560.4775189597802,4.792699168837896,COMPLETE
2628,0.07935,0.39986843662997673,6.237213083453674,3.0638630129150126,4.6216117253800055,0.5985950343657075,COMPLETE
2629,0.133,0.857074260440588,7.339695485358947,5.8081057233180955,2186.840450680998,1.0864194972631505,COMPLETE
2630,0.1068,0.7157839690419509,7.489439152524652,8.418374689108267,0.022872403443138362,0.13391944103899936,COMPLETE
2631,0.1009,0.5121404757107971,7.321806062638004,5.65514196288405,0.022872403443138362,4.792699168837896,COMPLETE
2632,0.081,0.49888992630422435,7.489439152524652,1.2992706708708701,1575.9369216711668,2.1102891532478085,COMPLETE
2633,0.0614,0.20189267668117128,7.489439152524652,1.2798669963673392,0.4111694316312813,4.792699168837896,COMPLETE
2634,0.11465,0.4721442953902305,7.489439152524652,8.418374689108267,1575.9369216711668,0.011712200691217957,COMPLETE
2635,0.08395,0.44116264255350435,3.567196542641091,9.988586281068551,0.32783540060617833,4.792699168837896,COMPLETE
2636,0.0736,0.42642377256833336,7.339695485358947,3.1109816593785697,30.54779366423335,11.34645454198699,COMPLETE
2637,0.09885,0.3011784290778139,3.5632715496526246,1.2992706708708701,381.3102548315081,44.76380938653201,COMPLETE
2638,0.10345,0.7174902282713516,7.489439152524652,5.949281855269068,109.56134142757347,0.7306953052604724,COMPLETE
2639,0.07975,0.5214655039810303,6.447770542179792,3.0156649020845308,0.055919783055051665,0.0878058572282164,COMPLETE
2640,0.09165,0.47134248133377404,5.183951076319727,1.5514918990314905,1476.1251734596226,4.792699168837896,COMPLETE
2641,0.0585,0.20437484099260422,7.321806062638004,1.2992706708708701,0.48160356426463263,0.6304885654340486,COMPLETE
2642,0.11185,0.7269460543210078,7.489439152524652,7.464754916006517,76.1123524238474,0.5985950343657075,COMPLETE
2643,0.1183,0.8598638194179301,7.339695485358947,7.451337432117496,560.4775189597802,1.526275265602974,COMPLETE
2644,0.0769,0.15874387278596874,3.1392684985021675,1.2992706708708701,30.54779366423335,0.5985950343657075,COMPLETE
2645,0.102,0.6885161560354862,7.489439152524652,7.910390071786971,0.022872403443138362,0.5985950343657075,COMPLETE
2646,0.099,0.3758706174018317,1.8297683545569057,2.250646060442683,0.022872403443138362,0.013443980517775006,COMPLETE
2647,0.10275,0.6696629813553042,7.489439152524652,4.101823977297871,153.2860257697558,0.7306953052604724,COMPLETE
2648,0.09705,0.5711982558583876,7.489439152524652,4.390239464358789,117.01164712837071,75.5845149405511,COMPLETE
2649,0.1051,0.688529404091047,7.489439152524652,9.767312130896007,117.01164712837071,90.27810993267666,COMPLETE
2650,0.0746,0.4503939288323687,7.489439152524652,3.0638630129150126,18.15062746414582,0.7306953052604724,COMPLETE
2651,0.14295,0.8517461339181865,5.334411901674462,9.933529862520766,560.4775189597802,0.7306953052604724,COMPLETE
2652,0.10335,0.6796866211593813,7.321806062638004,3.0638630129150126,359.71457230765833,0.5985950343657075,COMPLETE
2653,0.11315,0.760382626532328,7.489439152524652,9.988586281068551,153.2860257697558,4.792699168837896,COMPLETE
2654,0.08625,0.4450115777108592,5.835118976086119,3.922778559017364,0.022872403443138362,1.526275265602974,COMPLETE
2655,0.1289,0.6747453543536954,7.489439152524652,9.988586281068551,111.18850587297112,0.055642506930968824,COMPLETE
2656,0.0671,0.21497008990019176,6.0522471206342585,1.4229998644198496,0.022872403443138362,1.526275265602974,COMPLETE
2657,0.08535,0.4503878384800238,7.339695485358947,5.8081057233180955,10.325552721183772,15.059656956499742,COMPLETE
2658,0.1125,0.7753929818228465,7.398979747077997,9.988586281068551,61.128832411058866,0.5985950343657075,COMPLETE
2659,0.0918,0.5669903108009512,7.339695485358947,2.478178047772644,359.71457230765833,1.0864194972631505,COMPLETE
2660,0.12835,0.8382506676945845,5.334411901674462,9.933529862520766,359.71457230765833,0.5985950343657075,COMPLETE
2661,0.0791,0.43798886725145975,7.489439152524652,1.2992706708708701,1575.9369216711668,0.04619633985528336,COMPLETE
2662,0.1144,0.8198747476336568,7.489439152524652,8.787368643628476,111.18850587297112,0.5985950343657075,COMPLETE
2663,0.1333,0.8828428954366271,7.398979747077997,9.40674807874671,1476.1251734596226,5.362333988540998,COMPLETE
2664,0.0801,0.38813898122761303,7.321806062638004,3.0638630129150126,18.15062746414582,4.034350983351775,COMPLETE
2665,0.10595,0.3186004697691556,0.5467958674953728,9.988586281068551,0.5529959922862323,11.723822492249713,COMPLETE
2666,0.1017,0.6226321479791174,7.339695485358947,8.418374689108267,0.5529959922862323,0.7306953052604724,COMPLETE
2667,0.0753,0.4395878577806494,7.489439152524652,1.5785160613839542,359.71457230765833,1.526275265602974,COMPLETE
