number,values_0,values_1,params_delta_deg,params_gamma,params_lambda1,params_lambda2,params_lambda3,params_lambda4,state
2092,0.1284,0.7300614406608723,6.103623020551158,8.741900816624833,104.61067826393281,0.06857317261521613,80.46577679760097,1.389638049897842e-11,COMPLETE
2093,0.08055,0.3443284601972246,6.103623020551158,3.3801923275388828,104.61067826393281,0.3710234766141632,0.010490863545892863,3.649569116806477e-06,COMPLETE
2094,0.0884,0.5487031829314728,7.4350328009509505,8.359124144204223,123.52077947060401,186.9306125540257,0.11060646004395691,3.281824963892469e-07,COMPLETE
2095,0.07555,0.24039837648840306,3.928039563103211,5.137873631182713,104.61067826393281,147.87246267699356,0.010490863545892863,2.1811143402963018e-10,COMPLETE
2096,0.06805,0.5036127353358628,0.9872679426475678,4.493766034784951,1461.0091202071792,3.858204027730059,3.6008094906658137,2.1811143402963018e-10,COMPLETE
2097,0.06625,0.3273032632218976,5.686980021608849,2.5118580794078285,1.9562826277387932,3.858204027730059,59.2437895529571,2.1811143402963018e-10,COMPLETE
2098,0.08275,0.40559666360708657,3.046425174476959,3.7999050466900766,1.8442663426239594,0.2148442408276778,14.732118064935978,1.3631594473167739e-08,COMPLETE
2099,0.1093,0.7826760018167448,7.371731789186595,8.741900816624833,123.52077947060401,0.06857317261521613,80.46577679760097,2.2563515925025537e-09,COMPLETE
2100,0.1023,0.06742443867943182,6.019990742215804,5.751620494688234,3090.9457533461396,107.8841764114358,0.0247605531247782,3.0092675819548274e-09,COMPLETE
2101,0.0519,0.3120904452986858,6.351039989269435,1.5824781510222752,12.412723646412944,0.6051514555047829,34.574222073764446,5.222907409646162e-13,COMPLETE
2102,0.05335,0.20517016277471503,4.797597292147365,1.0726049388472807,1.8442663426239594,4.006173959705789,5.192615578479196,3.407169759582504e-13,COMPLETE
2103,0.04235,0.2802017739422213,0.8717124243012537,1.0726049388472807,0.016767417635497637,107.59872434463156,2.606433764399818,3.159140913243629e-13,COMPLETE
2104,0.12405,0.7331580616754817,7.296565715563787,6.641926976422129,2661.553121751245,0.12480776742786713,0.01777158201797886,7.242135537625552e-11,COMPLETE
2105,0.0994,0.5564059350795342,5.719667260978259,2.2991799521485987,208.22607295194175,0.1013397086496358,0.01777158201797886,9.787752692175531e-12,COMPLETE
2106,0.0559,0.31255499302444156,4.797597292147365,2.2991799521485987,1.8442663426239594,1.5630282565660134,9.862842498681294,3.407169759582504e-13,COMPLETE
2107,0.0784,0.4340382854087839,3.0455122299916,3.9944594338373487,1.0507028101381366,0.4878712301792302,8.213868348493142,3.0541645143911065e-11,COMPLETE
2108,0.08555,0.5185081357347379,3.946398622715133,9.890916012877245,0.04998700582660489,0.3710234766141632,80.46577679760097,1.9897264125379086e-06,COMPLETE
2109,0.04865,0.176764181896787,2.8467952672042545,1.091409955797481,0.4634053899763641,0.4878712301792302,4.230818933588808,5.521087576123659e-10,COMPLETE
2110,0.0651,0.3562093271703231,5.686980021608849,1.7457644917492814,0.4634053899763641,546.754814234046,59.2437895529571,3.0092675819548274e-09,COMPLETE
2111,0.0887,0.4914730844202357,5.719667260978259,6.875144787901625,0.011864000454965263,110.16646134717259,0.035884229535923816,1.7411112824373338e-14,COMPLETE
2112,0.08755,0.6248265781451289,4.958426658725357,8.359124144204223,0.4634053899763641,1.5630282565660134,0.764092524644605,3.407169759582504e-13,COMPLETE
2113,0.05135,0.44904195377698214,7.371731789186595,3.3801923275388828,1.8442663426239594,5.054984284069897,76.57127726580364,1.621364679176634e-08,COMPLETE
2114,0.0632,0.39899064997129635,5.686980021608849,2.5118580794078285,123.52077947060401,3.858204027730059,14.732118064935978,2.1811143402963018e-10,COMPLETE
2115,0.11715,0.5497351204583093,1.1882122637878003,8.359124144204223,123.52077947060401,0.003141212725257394,3.6008094906658137,3.0541645143911065e-11,COMPLETE
2116,0.07045,0.3145536170152865,4.335111916469993,2.5118580794078285,0.2558592217701832,3.858204027730059,17.543999742650467,7.760154276671678e-05,COMPLETE
2117,0.05675,0.22266270789278655,3.0455122299916,1.2997368745646833,0.07261268023359602,0.4878712301792302,8.213868348493142,3.811801850956625e-07,COMPLETE
2118,0.06635,0.4689591357001542,6.019990742215804,2.2991799521485987,0.016767417635497637,110.16646134717259,0.2010537050600077,3.811801850956625e-07,COMPLETE
2119,0.08725,0.6511257243601087,4.958426658725357,8.359124144204223,2.2526238626393873,0.047570004104159534,0.04082369646290137,5.432263014140687e-13,COMPLETE
2120,0.0965,0.42598965291701496,4.3548083271808515,1.3526137167003873,3090.9457533461396,0.047570004104159534,3.6008094906658137,3.649569116806477e-06,COMPLETE
2121,0.0646,0.3744810556943304,4.335111916469993,3.1788912454430323,0.35573700225924665,1.5630282565660134,3.6008094906658137,7.242135537625552e-11,COMPLETE
2122,0.0538,0.3000061461286186,4.797597292147365,1.7519510271087413,1.8442663426239594,4.006173959705789,9.862842498681294,3.407169759582504e-13,COMPLETE
2123,0.11455,0.6670697067692097,4.958426658725357,5.751620494688234,208.22607295194175,0.004569612957571183,1.1961286443235215,3.0092675819548274e-09,COMPLETE
2124,0.0634,0.4584892983583456,4.797597292147365,3.3801923275388828,8.279193279857013,4.006173959705789,80.46577679760097,5.521087576123659e-10,COMPLETE
2125,0.0792,0.19972019011393558,6.218915362426974,2.5118580794078285,123.52077947060401,3.858204027730059,17.543999742650467,0.0005620582728796359,COMPLETE
2126,0.0583,0.23018363343862946,4.335111916469993,1.0726049388472807,12.412723646412944,51.0531204742495,5.192615578479196,2.1811143402963018e-10,COMPLETE
2127,0.0859,0.6060676519179742,3.624751226466411,5.517077749628653,23.992307922785916,186.9306125540257,14.732118064935978,1.995742198364099e-09,COMPLETE
2128,0.09505,0.6476929656413732,7.296565715563787,6.641926976422129,0.6975592224319972,0.12480776742786713,0.01777158201797886,8.720647859508846e-11,COMPLETE
2129,0.08895,0.5540193408989937,7.491453905458799,6.875144787901625,123.52077947060401,168.65252268697844,0.11060646004395691,3.787929895519139e-07,COMPLETE
2130,0.0681,0.47403389329142465,5.719667260978259,3.3801923275388828,0.016767417635497637,110.16646134717259,80.46577679760097,5.521087576123659e-10,COMPLETE
2131,0.05645,0.3740999845596716,6.019990742215804,1.2997368745646833,0.014162338396506723,1.1632526165773203,0.0247605531247782,3.787929895519139e-07,COMPLETE
2132,0.07675,0.5092040956542961,4.653916869245234,4.817390420451725,12.412723646412944,4.703038707832875,5.192615578479196,5.521087576123659e-10,COMPLETE
2133,0.05355,0.42291238561671496,4.653916869245234,2.5118580794078285,1.9562826277387932,51.0531204742495,17.543999742650467,1.4844313002413136e-10,COMPLETE
2134,0.0723,0.43750554994641905,4.13607508335035,3.3801923275388828,0.0333259770941635,2.0518583729409148,80.46577679760097,5.521087576123659e-10,COMPLETE
2135,0.08795,0.5016006715865156,6.943625321882633,4.188868940386182,2.2526238626393873,0.009707433566872849,0.010490863545892863,3.787929895519139e-07,COMPLETE
2136,0.0806,0.36546578859950135,4.335111916469993,2.5118580794078285,1.9562826277387932,0.047570004104159534,0.04082369646290137,2.1811143402963018e-10,COMPLETE
2137,0.0772,0.6594416261915682,3.046425174476959,7.8078637347278095,0.016767417635497637,110.16646134717259,3.6008094906658137,1.9043961097477443e-12,COMPLETE
2138,0.04395,0.20301712302404756,6.351039989269435,1.0726049388472807,12.412723646412944,107.59872434463156,34.574222073764446,3.0541645143911065e-11,COMPLETE
2139,0.08355,0.6392328596530354,3.0455122299916,3.9944594338373487,0.07261268023359602,186.9306125540257,3.6008094906658137,5.432263014140687e-13,COMPLETE
2140,0.0504,0.27131200885278994,6.019990742215804,1.2997368745646833,0.4634053899763641,51.0531204742495,0.0247605531247782,3.811801850956625e-07,COMPLETE
2141,0.08865,0.62788358970243,4.958426658725357,8.359124144204223,20.68482362436929,92.40216718242159,4.230818933588808,4.55125765056087e-09,COMPLETE
2142,0.0504,0.27755941790552585,6.351039989269435,1.0726049388472807,12.412723646412944,107.59872434463156,3.6008094906658137,1.5751982525230274e-07,COMPLETE
2143,0.0772,0.04530394854964976,5.719667260978259,2.2991799521485987,83.93381429975443,4.006173959705789,0.01777158201797886,3.407169759582504e-13,COMPLETE
2144,0.09935,0.039846176848624716,2.5990495707882495,1.7519510271087413,3090.9457533461396,168.65252268697844,0.01777158201797886,6.754904583200156e-10,COMPLETE
2145,0.0937,0.6756371098664861,5.246667346919438,5.751620494688234,3090.9457533461396,0.004569612957571183,14.732118064935978,3.0092675819548274e-09,COMPLETE
2146,0.057,0.40856549211273774,4.3548083271808515,1.3526137167003873,4923.936245708753,186.9306125540257,3.6008094906658137,3.649569116806477e-06,COMPLETE
2147,0.10245,0.7664583236004725,6.943625321882633,9.890916012877245,7843.277665583187,3.858204027730059,59.2437895529571,4.331365543927414e-05,COMPLETE
2148,0.05015,0.32587216070067987,5.719667260978259,1.0726049388472807,12.412723646412944,110.16646134717259,0.601182176152934,5.521087576123659e-10,COMPLETE
2149,0.0602,0.35461303989055437,3.5538586659274793,2.5118580794078285,1.9562826277387932,0.047570004104159534,17.543999742650467,1.164758505104431e-09,COMPLETE
2150,0.0509,0.3286508534475693,4.958426658725357,1.7519510271087413,1.8442663426239594,168.65252268697844,75.04654984840029,5.432263014140687e-13,COMPLETE
2151,0.0584,0.3506514100678887,5.0314897090379835,2.2991799521485987,0.016767417635497637,0.0021295751268144234,3.6008094906658137,1.9043961097477443e-12,COMPLETE
2152,0.07855,0.4769760533281764,2.903255489176417,8.659138236914934,0.07261268023359602,0.004569612957571183,1.1961286443235215,3.0092675819548274e-09,COMPLETE
2153,0.09645,0.48304255583036027,6.943625321882633,1.3526137167003873,3090.9457533461396,0.004569612957571183,14.732118064935978,3.649569116806477e-06,COMPLETE
2154,0.06795,0.6397501082158846,4.958426658725357,8.359124144204223,0.4634053899763641,186.9306125540257,0.04082369646290137,3.0541645143911065e-11,COMPLETE
2155,0.0639,0.4540319013430879,6.943625321882633,2.2991799521485987,0.016767417635497637,110.16646134717259,0.764092524644605,3.407169759582504e-13,COMPLETE
2156,0.0662,0.555028711182208,7.371731789186595,3.3801923275388828,381.4245746771499,2.0518583729409148,80.46577679760097,5.521087576123659e-10,COMPLETE
2157,0.1136,0.6757676804588542,4.050574348074197,6.041043340514446,3090.9457533461396,0.004569612957571183,0.04082369646290137,1.9897264125379086e-06,COMPLETE
2158,0.0815,0.6556945074974823,6.943625321882633,8.741900816624833,123.52077947060401,1.2594502646806938,2.4710813083340644,5.271866052477229e-14,COMPLETE
2159,0.08595,0.6670806435332556,4.958426658725357,7.242098619980624,0.4634053899763641,51.0531204742495,4.230818933588808,1.843013265045723e-06,COMPLETE
2160,0.0629,0.3326055729412816,7.371731789186595,1.3526137167003873,12.412723646412944,107.59872434463156,3.6008094906658137,3.649569116806477e-06,COMPLETE
2161,0.1111,0.7195609047692556,6.943625321882633,6.875144787901625,7843.277665583187,6.874108361257172,59.2437895529571,3.787929895519139e-07,COMPLETE
2162,0.07475,0.5599478535122452,4.958426658725357,8.359124144204223,0.01269443889195191,1.5630282565660134,3.6008094906658137,3.0541645143911065e-11,COMPLETE
2163,0.08295,0.5189174558234861,3.0455122299916,8.359124144204223,0.07261268023359602,0.4878712301792302,8.213868348493142,5.521087576123659e-10,COMPLETE
2164,0.0815,0.621106184064368,6.943625321882633,2.2991799521485987,208.22607295194175,0.1013397086496358,9.862842498681294,3.407169759582504e-13,COMPLETE
2165,0.06655,0.6578762405778147,4.958426658725357,5.517077749628653,0.4634053899763641,186.9306125540257,3.6008094906658137,3.0541645143911065e-11,COMPLETE
2166,0.094,0.6701076944997298,3.7523591558107,6.892477502173539,123.52077947060401,0.06857317261521613,2.606433764399818,1.6894010759859846e-13,COMPLETE
2167,0.1054,0.7648343590124783,4.958426658725357,8.359124144204223,2661.553121751245,1.2594502646806938,6.470997816640581,1.9897264125379086e-06,COMPLETE
2168,0.11475,0.8357416884292695,6.943625321882633,9.890916012877245,3090.9457533461396,0.047570004104159534,0.764092524644605,2.5328969305113486e-12,COMPLETE
2169,0.07955,0.4991150185140371,5.686980021608849,6.875144787901625,1.9562826277387932,3.858204027730059,59.2437895529571,2.1811143402963018e-10,COMPLETE
2170,0.04285,0.27649788582367185,6.103623020551158,1.2414098000376546,0.4634053899763641,0.08531096320965852,0.010117774078155787,3.0092675819548274e-09,COMPLETE
2171,0.10365,0.4625035214046235,6.943625321882633,8.741900816624833,123.52077947060401,0.06857317261521613,14.732118064935978,8.117128090691844e-06,COMPLETE
2172,0.0679,0.44915651895082603,3.7523591558107,2.2991799521485987,0.4634053899763641,51.0531204742495,2.606433764399818,2.528408904226505e-13,COMPLETE
2173,0.11445,0.744160615946296,7.491453905458799,5.751620494688234,1558.9214098170028,0.0016086669994446337,0.11060646004395691,3.787929895519139e-07,COMPLETE
2174,0.06345,0.4784099309887082,4.958426658725357,4.475851099526161,1.8442663426239594,4.006173959705789,3.6008094906658137,3.407169759582504e-13,COMPLETE
2175,0.0537,0.24789557280065833,6.019990742215804,1.2997368745646833,0.014162338396506723,0.009707433566872849,0.0247605531247782,1.2852800817409583e-10,COMPLETE
2176,0.0853,0.2723745279533879,5.439590829177734,1.3886900967141231,3090.9457533461396,0.047570004104159534,0.04082369646290137,0.00012442688660980106,COMPLETE
2177,0.0617,0.3496018715403707,4.3548083271808515,1.3526137167003873,208.22607295194175,107.59872434463156,0.764092524644605,2.1206381298183053e-07,COMPLETE
2178,0.0584,0.2761402949229986,7.296565715563787,2.7973188182919606,0.6975592224319972,186.9306125540257,0.0247605531247782,3.811801850956625e-07,COMPLETE
2179,0.08295,0.5561400492372415,5.989976616159035,1.7519510271087413,208.22607295194175,0.08755680934938086,76.57127726580364,1.363049002498582e-07,COMPLETE
2180,0.07355,0.48530332158824246,1.710075400138455,2.2991799521485987,4034.275601133001,110.16646134717259,2.606433764399818,1.7411112824373338e-14,COMPLETE
2181,0.0554,0.30523637438258466,5.989976616159035,1.7519510271087413,1.8442663426239594,110.16646134717259,76.57127726580364,1.621364679176634e-08,COMPLETE
2182,0.07915,0.5902674261608468,6.943625321882633,5.751620494688234,0.4634053899763641,1.5630282565660134,3.6008094906658137,3.0092675819548274e-09,COMPLETE
2183,0.0499,0.3651356306783495,6.943625321882633,1.0726049388472807,2.0667885131982375,546.754814234046,3.6008094906658137,3.0092675819548274e-09,COMPLETE
2184,0.10905,0.7676423088946144,7.371731789186595,3.9944594338373487,208.22607295194175,0.08755680934938086,0.49106969850296894,5.521087576123659e-10,COMPLETE
2185,0.0695,0.25602379089581406,6.943625321882633,1.3526137167003873,12.412723646412944,0.1013397086496358,34.574222073764446,3.649569116806477e-06,COMPLETE
2186,0.10935,0.7520307270552516,6.943625321882633,8.359124144204223,208.22607295194175,0.018558611461370906,0.764092524644605,3.0541645143911065e-11,COMPLETE
2187,0.0545,0.07181376000027767,4.3548083271808515,1.7519510271087413,1.8442663426239594,168.65252268697844,0.01777158201797886,1.724641081508614e-05,COMPLETE
2188,0.07165,0.4409496591802472,4.958426658725357,2.6338329439397503,208.22607295194175,1.5630282565660134,3.6008094906658137,3.787929895519139e-07,COMPLETE
2189,0.07435,0.6841873806910327,7.371731789186595,8.359124144204223,1.8278642465471888,0.0364356883118559,0.04082369646290137,5.521087576123659e-10,COMPLETE
2190,0.0805,0.3996452144377709,4.335111916469993,2.2991799521485987,1.8442663426239594,3.858204027730059,0.43965251562682073,3.407169759582504e-13,COMPLETE
2191,0.09155,0.6605289727844348,7.313143484354063,6.875144787901625,1.9562826277387932,0.1013397086496358,0.01777158201797886,2.1811143402963018e-10,COMPLETE
2192,0.05645,0.3010467613277571,3.1666330296921035,1.7519510271087413,0.4634053899763641,4.006173959705789,4.230818933588808,3.407169759582504e-13,COMPLETE
2193,0.0914,0.6508939476630595,6.943625321882633,6.875144787901625,35.01244838824543,3.858204027730059,0.5201688059526816,3.407169759582504e-13,COMPLETE
2194,0.1339,0.7645636024656994,6.943625321882633,5.751620494688234,3090.9457533461396,0.08405917204077012,34.574222073764446,3.0092675819548274e-09,COMPLETE
2195,0.0858,0.5330114586065862,0.8306612349720798,9.890916012877245,208.22607295194175,0.047570004104159534,0.49106969850296894,2.3500453238452228e-14,COMPLETE
2196,0.0826,0.38148564873305985,0.32526480894159315,6.875144787901625,208.22607295194175,0.009707433566872849,1.5336708975343418,3.787929895519139e-07,COMPLETE
2197,0.04775,0.1797222367278029,4.958426658725357,1.0726049388472807,12.412723646412944,107.59872434463156,34.574222073764446,8.854746383964881e-13,COMPLETE
2198,0.06755,0.46538793854943833,6.103623020551158,3.3801923275388828,0.4634053899763641,0.3710234766141632,3.6008094906658137,3.0541645143911065e-11,COMPLETE
2199,0.05965,0.6581334217170028,4.958426658725357,2.6338329439397503,208.22607295194175,0.1013397086496358,0.25831469821779807,3.407169759582504e-13,COMPLETE
2200,0.0801,0.47298572059337385,5.719667260978259,2.2991799521485987,0.016767417635497637,4.006173959705789,0.01777158201797886,9.787752692175531e-12,COMPLETE
2201,0.07995,0.4276699311762595,4.050574348074197,5.751620494688234,0.07261268023359602,0.004569612957571183,5.192615578479196,3.0092675819548274e-09,COMPLETE
2202,0.08205,0.5266625089591432,3.0455122299916,3.1788912454430323,2661.553121751245,51.0531204742495,5.192615578479196,5.521087576123659e-10,COMPLETE
2203,0.066,0.33225247980817973,4.797597292147365,1.7519510271087413,1.8442663426239594,4.006173959705789,0.764092524644605,3.407169759582504e-13,COMPLETE
2204,0.07105,0.6892465398036317,4.958426658725357,8.359124144204223,12.412723646412944,46.314439199808625,5.192615578479196,5.521087576123659e-10,COMPLETE
2205,0.07275,0.43747350198870866,4.958426658725357,1.7519510271087413,2.2526238626393873,186.9306125540257,3.6008094906658137,5.432263014140687e-13,COMPLETE
2206,0.08595,0.19178394305456684,4.050574348074197,5.751620494688234,0.07261268023359602,0.014572736467453837,1.1961286443235215,1.9897264125379086e-06,COMPLETE
2207,0.1033,0.7258584154530643,4.335111916469993,8.359124144204223,2661.553121751245,0.7444899912818087,56.23261017548372,3.0541645143911065e-11,COMPLETE
2208,0.09755,0.15662852353448917,4.3548083271808515,1.3526137167003873,12.412723646412944,0.006089603992432849,34.574222073764446,3.649569116806477e-06,COMPLETE
2209,0.0717,0.5638169232475782,4.3548083271808515,3.6162663895431884,12.412723646412944,107.59872434463156,9.862842498681294,3.407169759582504e-13,COMPLETE
2210,0.09925,0.569707064897414,1.859537925024937,6.875144787901625,208.22607295194175,0.1013397086496358,59.2437895529571,3.787929895519139e-07,COMPLETE
2211,0.078,0.6925211988044159,4.958426658725357,8.359124144204223,3090.9457533461396,186.9306125540257,3.6008094906658137,3.407169759582504e-13,COMPLETE
2212,0.07355,0.2797300173614468,5.439590829177734,4.736642108801073,2.2526238626393873,0.047570004104159534,0.04082369646290137,3.649569116806477e-06,COMPLETE
2213,0.0698,0.4749516468337142,3.728748121163566,3.3801923275388828,104.61067826393281,4.006173959705789,11.254577515305792,3.407169759582504e-13,COMPLETE
2214,0.07285,0.6772665807233359,4.958426658725357,8.359124144204223,0.4634053899763641,1.5630282565660134,0.49106969850296894,2.3605771880155435e-10,COMPLETE
2215,0.102,0.7688493787731088,6.943625321882633,8.741900816624833,123.52077947060401,0.06857317261521613,14.732118064935978,2.2563515925025537e-09,COMPLETE
2216,0.0741,0.6785289497194683,7.296565715563787,6.875144787901625,0.6975592224319972,0.06857317261521613,0.01777158201797886,1.6894010759859846e-13,COMPLETE
2217,0.0967,0.6821208106592045,7.051402036894628,4.24001615839722,208.22607295194175,0.004569612957571183,1.1961286443235215,2.1032031522401524e-08,COMPLETE
2218,0.0542,0.17821384747770996,4.3548083271808515,1.0726049388472807,12.412723646412944,107.59872434463156,34.574222073764446,3.0541645143911065e-11,COMPLETE
2219,0.0848,0.49392345586098546,5.719667260978259,2.2991799521485987,0.016767417635497637,3.858204027730059,0.01777158201797886,9.787752692175531e-12,COMPLETE
2220,0.0679,0.4673244112583759,4.335111916469993,2.6338329439397503,208.22607295194175,1.5630282565660134,2.4710813083340644,7.242135537625552e-11,COMPLETE
2221,0.1533,0.798640771403636,6.943625321882633,9.890916012877245,3090.9457533461396,0.047570004104159534,0.5998926370147455,3.0092675819548274e-09,COMPLETE
2222,0.0606,0.2299397389354398,5.274027221901476,1.3526137167003873,0.5894931855221601,0.06857317261521613,14.732118064935978,2.2563515925025537e-09,COMPLETE
2223,0.0884,0.7267856931915976,7.491453905458799,6.875144787901625,123.52077947060401,0.9705954893894942,0.11060646004395691,5.521087576123659e-10,COMPLETE
2224,0.09815,0.5791984743436512,5.719667260978259,8.359124144204223,0.016767417635497637,110.16646134717259,0.3246168033333349,9.787752692175531e-12,COMPLETE
2225,0.05535,0.3494822628731249,5.989976616159035,2.2991799521485987,1.8442663426239594,3.2246644576212966,9.862842498681294,1.621364679176634e-08,COMPLETE
2226,0.05965,0.4133853546182441,5.686980021608849,2.5118580794078285,1.9562826277387932,0.06857317261521613,0.11060646004395691,1.6894010759859846e-13,COMPLETE
2227,0.0612,0.5000265236642158,4.797597292147365,2.2991799521485987,1.8442663426239594,4.006173959705789,0.01777158201797886,3.407169759582504e-13,COMPLETE
2228,0.1036,0.8099948468778719,6.943625321882633,9.890916012877245,3090.9457533461396,0.004569612957571183,14.732118064935978,3.649569116806477e-06,COMPLETE
2229,0.08235,0.4599064130466202,6.57238989727827,2.2991799521485987,0.016767417635497637,110.16646134717259,0.01777158201797886,1.0193477502618178e-12,COMPLETE
2230,0.08085,0.5556590133969662,3.7523591558107,3.147404958497202,0.016767417635497637,488.633307395413,0.01777158201797886,8.720647859508846e-11,COMPLETE
