number,values_0,values_1,params_delta_deg,params_gamma,params_lambda1,params_lambda2,params_lambda3,params_lambda4,state
2926,0.08545,0.5038623366892339,4.457088228653788,8.359124144204223,1.8442663426239594,1.5630282565660134,76.57127726580364,2.70541790743748e-07,COMPLETE
2927,0.0792,0.5250960270052749,6.103623020551158,3.3801923275388828,104.61067826393281,0.3710234766141632,80.46577679760097,3.649569116806477e-06,COMPLETE
2928,0.05295,0.20585177948063568,4.3548083271808515,1.0726049388472807,0.07261268023359602,51.0531204742495,11.933043691133186,5.521087576123659e-10,COMPLETE
2929,0.07105,0.4688893010107292,2.7882765690871554,3.3801923275388828,104.61067826393281,0.3710234766141632,3.6008094906658137,5.432263014140687e-13,COMPLETE
2930,0.07265,0.48263746805386215,4.3548083271808515,6.641926976422129,12.412723646412944,0.12480776742786713,34.574222073764446,3.649569116806477e-06,COMPLETE
2931,0.0689,0.5494743098013464,6.943625321882633,8.741900816624833,0.40458323537856206,0.06857317261521613,2.5245438758434986,3.407169759582504e-13,COMPLETE
2932,0.07695,0.7091877237689865,4.958426658725357,6.72503472593327,0.4634053899763641,546.754814234046,14.005407279985144,1.4752974393330403e-11,COMPLETE
2933,0.10245,0.7363862790748457,6.498546762232477,6.641926976422129,2661.553121751245,0.009066379542396258,2.606433764399818,8.720647859508846e-11,COMPLETE
2934,0.07595,0.624993361211035,6.019990742215804,7.8078637347278095,0.1784805460542277,5.054984284069897,3.6008094906658137,7.242135537625552e-11,COMPLETE
2935,0.03465,0.14219877642599535,6.943625321882633,1.0726049388472807,3.9227007475742597,546.754814234046,0.010117774078155787,1.7411112824373338e-14,COMPLETE
2936,0.07835,0.6973499469575981,7.051402036894628,6.875144787901625,2.2526238626393873,186.9306125540257,8.213868348493142,5.432263014140687e-13,COMPLETE
2937,0.07555,0.63131729834324,5.686980021608849,6.875144787901625,1120.9760915193547,3.858204027730059,59.2437895529571,4.331365543927414e-05,COMPLETE
2938,0.06615,0.15403308213574982,7.051402036894628,1.0726049388472807,12.412723646412944,107.59872434463156,43.71207313622295,0.009116380626814753,COMPLETE
2939,0.0843,0.6856100344111525,4.509124057142157,8.359124144204223,3090.9457533461396,186.9306125540257,14.829155313145039,3.0541645143911065e-11,COMPLETE
2940,0.0882,0.7884877354065299,7.296565715563787,6.641926976422129,2661.553121751245,1.2594502646806938,17.543999742650467,8.720647859508846e-11,COMPLETE
2941,0.0737,0.5034961257897101,5.731982349794745,6.641926976422129,0.07261268023359602,0.002715779323585613,8.213868348493142,8.564477591299451e-11,COMPLETE
2942,0.0962,0.5777083673568595,5.553661359325831,5.589694692662951,123.52077947060401,51.0531204742495,0.11060646004395691,5.432263014140687e-13,COMPLETE
2943,0.0693,0.34595368277884575,0.9344134123976388,2.858528268036987,0.07261268023359602,0.12480776742786713,5.192615578479196,8.720647859508846e-11,COMPLETE
2944,0.0492,0.20602426052391284,3.0455122299916,1.0726049388472807,0.07261268023359602,51.0531204742495,5.192615578479196,5.521087576123659e-10,COMPLETE
2945,0.09125,0.5565512707663903,6.943625321882633,8.741900816624833,0.0396034836926786,0.06857317261521613,14.732118064935978,2.2563515925025537e-09,COMPLETE
2946,0.06445,0.3253016816864528,6.019990742215804,1.2997368745646833,0.014162338396506723,51.0531204742495,3.6008094906658137,5.432263014140687e-13,COMPLETE
2947,0.11915,0.8023951019530677,6.943625321882633,6.875144787901625,3090.9457533461396,0.06857317261521613,0.764092524644605,3.407169759582504e-13,COMPLETE
2948,0.06745,0.5262501375488791,7.051402036894628,3.9944594338373487,0.07261268023359602,12.447573433926904,8.213868348493142,5.314026320276268e-08,COMPLETE
2949,0.1296,0.7832399980262212,4.958426658725357,8.359124144204223,3090.9457533461396,0.05564315315248067,2.5245438758434986,5.74712740448976e-11,COMPLETE
2950,0.07475,0.6323480928251218,4.561553551310174,6.875144787901625,208.22607295194175,107.59872434463156,34.574222073764446,8.720647859508846e-11,COMPLETE
2951,0.07605,0.723889925511983,7.296565715563787,7.242098619980624,0.4634053899763641,186.9306125540257,34.574222073764446,8.720647859508846e-11,COMPLETE
2952,0.09135,0.5554172329251391,3.7523591558107,2.5835726308459726,157.17992421256133,0.08755680934938086,0.49106969850296894,5.314026320276268e-08,COMPLETE
2953,0.13105,0.7787733013525034,6.103623020551158,9.890916012877245,3090.9457533461396,0.3710234766141632,80.46577679760097,3.649569116806477e-06,COMPLETE
2954,0.09505,0.5852704339320925,4.3548083271808515,4.587947884382943,1408.0473461401073,107.59872434463156,3.6008094906658137,3.649569116806477e-06,COMPLETE
2955,0.07025,0.4744648548495412,4.958426658725357,1.6457958028356416,2661.553121751245,1.2594502646806938,17.543999742650467,8.720647859508846e-11,COMPLETE
2956,0.07515,0.4010992043528137,4.958426658725357,2.2991799521485987,0.4634053899763641,110.16646134717259,0.029900114354307967,3.0541645143911065e-11,COMPLETE
2957,0.08475,0.5874759783780371,4.3548083271808515,9.890916012877245,12.412723646412944,107.59872434463156,0.764092524644605,3.649569116806477e-06,COMPLETE
2958,0.07625,0.6390837963982626,5.719667260978259,2.2991799521485987,208.22607295194175,0.009707433566872849,0.01777158201797886,3.787929895519139e-07,COMPLETE
2959,0.0975,0.6250976698490803,4.797597292147365,7.8078637347278095,1.8442663426239594,4.006173959705789,0.013450417474121366,1.9043961097477443e-12,COMPLETE
2960,0.069,0.6732522685044647,6.943625321882633,8.359124144204223,0.4634053899763641,0.04987962248219568,0.10389219082791032,7.242135537625552e-11,COMPLETE
2961,0.06785,0.4019247197137689,4.958426658725357,7.242098619980624,0.4634053899763641,0.047570004104159534,34.574222073764446,1.9897264125379086e-06,COMPLETE
2962,0.06915,0.5008569074445752,5.989976616159035,3.786492049701135,1.8442663426239594,0.06857317261521613,0.38995672138750787,1.9043961097477443e-12,COMPLETE
2963,0.0794,0.5556132330667796,6.019990742215804,6.875144787901625,17.425738454511656,0.5362196401258538,0.010490863545892863,3.787929895519139e-07,COMPLETE
2964,0.0845,0.6073786715995848,6.019990742215804,2.0125117687940897,7843.277665583187,0.06857317261521613,59.2437895529571,1.9043961097477443e-12,COMPLETE
2965,0.10575,0.48749874894958145,6.351039989269435,1.0726049388472807,39.667117927993445,0.0023186089060088155,34.574222073764446,3.0541645143911065e-11,COMPLETE
2966,0.09695,0.5434096040193912,4.958426658725357,7.242098619980624,0.4634053899763641,107.59872434463156,0.3732589016185397,3.649569116806477e-06,COMPLETE
2967,0.0729,0.4245515964622179,6.019990742215804,3.786492049701135,123.52077947060401,46.36020462591735,96.24116336963212,1.9043961097477443e-12,COMPLETE
2968,0.09185,0.6021020725765283,4.958426658725357,3.001351709208302,3090.9457533461396,0.047570004104159534,3.6008094906658137,3.0541645143911065e-11,COMPLETE
2969,0.09145,0.30622938009047684,4.958426658725357,8.359124144204223,2.2526238626393873,186.9306125540257,0.01777158201797886,8.720647859508846e-11,COMPLETE
2970,0.06355,0.5207932285360681,4.063243551126034,8.359124144204223,0.4634053899763641,0.06857317261521613,3.6008094906658137,3.787929895519139e-07,COMPLETE
2971,0.08385,0.6677188374851722,7.296565715563787,6.641926976422129,4623.063661947156,51.0531204742495,3.6008094906658137,8.720647859508846e-11,COMPLETE
2972,0.0825,0.6867277879321543,4.958426658725357,8.359124144204223,0.4634053899763641,546.754814234046,3.6008094906658137,1.4878383888020032e-09,COMPLETE
2973,0.07755,0.5832399174407178,6.019990742215804,7.8078637347278095,0.1784805460542277,0.5362196401258538,0.764092524644605,1.9043961097477443e-12,COMPLETE
2974,0.0867,0.1677085406516002,4.958426658725357,2.6338329439397503,208.22607295194175,1.5630282565660134,0.01777158201797886,3.9694167750317793e-10,COMPLETE
2975,0.11525,0.7566617900334248,7.051402036894628,6.657012918864452,2661.553121751245,1.2594502646806938,8.213868348493142,8.720647859508846e-11,COMPLETE
2976,0.12605,0.6978355696745929,6.605976389174058,6.641926976422129,3090.9457533461396,0.12480776742786713,0.01777158201797886,8.720647859508846e-11,COMPLETE
2977,0.07325,0.4821900690197971,3.0436911178636703,6.875144787901625,0.05328731492876548,0.009707433566872849,0.01777158201797886,2.6997945512146016e-12,COMPLETE
2978,0.09405,0.5756908941476381,4.050574348074197,8.359124144204223,0.07261268023359602,186.9306125540257,0.47889133054056904,3.0541645143911065e-11,COMPLETE
2979,0.05745,0.3772535647565472,5.686980021608849,2.5118580794078285,1.9562826277387932,3.858204027730059,59.2437895529571,3.649569116806477e-06,COMPLETE
2980,0.08205,0.5398981023804786,7.051402036894628,7.735543210156174,0.4634053899763641,546.754814234046,0.010117774078155787,7.242135537625552e-11,COMPLETE
2981,0.05935,0.17898636328477613,4.958426658725357,1.0431522198915197,2.2526238626393873,2.597475787876902,3.6008094906658137,3.486112052783129e-07,COMPLETE
2982,0.0692,0.3437757971885498,6.943625321882633,1.3526137167003873,117.1431400919642,107.59872434463156,8.213868348493142,5.141999353078551e-12,COMPLETE
2983,0.07965,0.4790840947831234,4.958426658725357,8.359124144204223,0.4634053899763641,0.0306665030332658,2.606433764399818,1.7411112824373338e-14,COMPLETE
2984,0.049,0.37393197832651365,7.051402036894628,1.7519510271087413,1.8442663426239594,4.006173959705789,0.764092524644605,3.9694167750317793e-10,COMPLETE
2985,0.0622,0.274164097045835,7.051402036894628,1.92234223221403,3090.9457533461396,168.65252268697844,0.764092524644605,3.9694167750317793e-10,COMPLETE
2986,0.07035,0.47314984045355585,4.335111916469993,3.1788912454430323,2.2526238626393873,51.0531204742495,17.543999742650467,7.242135537625552e-11,COMPLETE
2987,0.0471,0.25779720624987484,5.719667260978259,2.2991799521485987,0.016767417635497637,546.754814234046,0.01777158201797886,9.019468494411974e-10,COMPLETE
2988,0.0604,0.2677631875084267,6.943625321882633,1.0726049388472807,0.4634053899763641,0.25120310711993427,0.010117774078155787,1.5335060532903536e-12,COMPLETE
2989,0.07345,0.35220009431352933,3.7523591558107,2.2991799521485987,0.016767417635497637,110.16646134717259,0.04082369646290137,1.7411112824373338e-14,COMPLETE
2990,0.0831,0.7086900385946797,3.0455122299916,6.641926976422129,13.828730390434488,0.05585065306581504,0.01777158201797886,8.720647859508846e-11,COMPLETE
2991,0.0854,0.4496712331252709,3.539717029391642,3.786492049701135,208.22607295194175,28.830383153655113,12.549082694764847,3.787929895519139e-07,COMPLETE
2992,0.08535,0.6831589389175747,6.793677893254215,6.875144787901625,0.11977546121708568,107.59872434463156,0.49106969850296894,8.564477591299451e-11,COMPLETE
2993,0.0564,0.14465904558095938,3.6908628528935363,1.0726049388472807,1.8959850785473207,546.754814234046,0.010117774078155787,7.242135537625552e-11,COMPLETE
2994,0.0432,0.20613129916712322,7.051402036894628,1.0726049388472807,2.2526238626393873,51.0531204742495,8.213868348493142,5.432263014140687e-13,COMPLETE
2995,0.06455,0.41677177726344933,6.943625321882633,3.352073087367006,12.412723646412944,0.4878712301792302,8.213868348493142,1.4055066414463557e-09,COMPLETE
2996,0.12005,0.6234780226072557,2.742989193136845,6.641926976422129,2661.553121751245,0.12480776742786713,17.543999742650467,8.720647859508846e-11,COMPLETE
2997,0.08865,0.5144154383747098,4.3548083271808515,7.963877857134937,12.412723646412944,107.59872434463156,0.023670778268348448,3.017144037340024e-11,COMPLETE
2998,0.07905,0.7204926166236176,4.958426658725357,8.359124144204223,0.5885162507720038,186.9306125540257,38.87449484638644,4.3334931718639683e-13,COMPLETE
2999,0.0488,0.2649042833370447,3.990338884399572,1.2997368745646833,0.014162338396506723,186.9306125540257,0.0247605531247782,2.1700503508370113e-12,COMPLETE
3000,0.07425,0.5688744956493609,4.3548083271808515,6.641926976422129,12.412723646412944,0.12480776742786713,2.1202491143863678,8.720647859508846e-11,COMPLETE
3001,0.08305,0.5774081116256607,4.958426658725357,6.641926976422129,0.4634053899763641,186.9306125540257,0.01777158201797886,3.0541645143911065e-11,COMPLETE
3002,0.0569,0.39418468284669045,7.051402036894628,1.7519510271087413,0.10252869479466159,168.65252268697844,0.20815727630209424,3.9694167750317793e-10,COMPLETE
3003,0.0821,0.5144828635071708,2.8467952672042545,3.786492049701135,123.52077947060401,51.0531204742495,4.230818933588808,1.5335060532903536e-12,COMPLETE
3004,0.0903,0.5308175078808909,6.019990742215804,3.786492049701135,123.52077947060401,51.0531204742495,12.549082694764847,1.9043961097477443e-12,COMPLETE
3005,0.06685,0.3084836116142705,6.261978494269899,1.7519510271087413,3.12609369175017,168.65252268697844,0.01777158201797886,3.9694167750317793e-10,COMPLETE
3006,0.04105,0.231034758438846,6.019990742215804,1.2997368745646833,0.014162338396506723,5.054984284069897,76.57127726580364,1.621364679176634e-08,COMPLETE
3007,0.06155,0.30614865301955735,1.2966705120401536,1.7519510271087413,1.8442663426239594,5.054984284069897,0.764092524644605,4.2283552534053504e-10,COMPLETE
3008,0.05765,0.35854041082653487,6.7589086543418615,1.7519510271087413,208.22607295194175,5.054984284069897,76.57127726580364,1.621364679176634e-08,COMPLETE
3009,0.1244,0.6317323390793292,5.686980021608849,6.875144787901625,7843.277665583187,0.1013397086496358,29.40002757654965,4.331365543927414e-05,COMPLETE
3010,0.055,0.20445080102804877,6.351039989269435,1.0726049388472807,12.412723646412944,107.59872434463156,48.487212954063764,3.649569116806477e-06,COMPLETE
3011,0.04255,0.18180120841266256,3.0455122299916,1.0726049388472807,0.07261268023359602,51.0531204742495,5.192615578479196,3.0541645143911065e-11,COMPLETE
3012,0.07235,0.5415240946558401,7.296565715563787,6.641926976422129,0.6975592224319972,0.12480776742786713,37.43260591190213,9.438855399006825e-13,COMPLETE
3013,0.09335,0.6454082026654555,2.8467952672042545,8.359124144204223,0.016767417635497637,51.0531204742495,4.230818933588808,1.5335060532903536e-12,COMPLETE
3014,0.1371,0.6710039843535532,4.050574348074197,6.641926976422129,6927.361692467501,0.004569612957571183,0.23244612836316475,8.720647859508846e-11,COMPLETE
3015,0.0513,0.2558007497198181,4.3548083271808515,1.3526137167003873,12.412723646412944,107.59872434463156,59.2437895529571,3.649569116806477e-06,COMPLETE
3016,0.09435,0.3423973489148596,7.296565715563787,6.641926976422129,208.22607295194175,2.26601025464128,0.049058885095231014,1.7801360778186332e-13,COMPLETE
3017,0.09085,0.3752644363723658,0.15500604470103163,3.9944594338373487,208.22607295194175,0.05564315315248067,0.49106969850296894,5.314026320276268e-08,COMPLETE
3018,0.03635,0.056876321738589794,6.943625321882633,1.0726049388472807,0.4634053899763641,546.754814234046,0.010117774078155787,1.2193589546229647e-06,COMPLETE
3019,0.0423,0.1412826869838949,4.878579683671481,1.0726049388472807,0.4634053899763641,546.754814234046,0.010117774078155787,1.7411112824373338e-14,COMPLETE
3020,0.09115,0.6283213721206014,7.296565715563787,6.641926976422129,2.2526238626393873,321.7121317531193,0.9152151279393436,5.432263014140687e-13,COMPLETE
3021,0.0774,0.5191930954635935,3.7523591558107,2.2991799521485987,0.4634053899763641,186.9306125540257,3.6008094906658137,3.0541645143911065e-11,COMPLETE
3022,0.0957,0.740597169961156,6.943625321882633,9.890916012877245,3.9227007475742597,0.047570004104159534,0.010117774078155787,3.407169759582504e-13,COMPLETE
3023,0.05795,0.5943897818029803,7.051402036894628,6.875144787901625,0.07261268023359602,0.08143726543969673,1.1961286443235215,8.564477591299451e-11,COMPLETE
3024,0.07065,0.3180759431088507,3.7523591558107,2.2991799521485987,0.016767417635497637,186.9306125540257,0.0247605531247782,3.811801850956625e-07,COMPLETE
3025,0.08955,0.6025327899655474,4.958426658725357,4.669073476972259,0.4634053899763641,186.9306125540257,8.377656019968489,5.432263014140687e-13,COMPLETE
3026,0.1209,0.727636134597775,3.431122758012251,9.890916012877245,3090.9457533461396,0.047570004104159534,3.6008094906658137,5.155691699370229e-11,COMPLETE
3027,0.0881,0.5238482993637563,6.943625321882633,1.0726049388472807,3090.9457533461396,0.047570004104159534,34.574222073764446,3.913765134521587e-09,COMPLETE
3028,0.0824,0.5664400941028793,5.719667260978259,8.359124144204223,2.2526238626393873,1.5630282565660134,0.01777158201797886,3.787929895519139e-07,COMPLETE
3029,0.0609,0.5663941066613818,6.993650592963765,8.359124144204223,0.4634053899763641,0.047570004104159534,9.803354434153366,8.538330940335202e-10,COMPLETE
3030,0.04705,0.3591026439092314,4.502224465201926,1.7696567832139993,0.4634053899763641,186.9306125540257,34.574222073764446,7.242135537625552e-11,COMPLETE
3031,0.06345,0.3645932348646308,7.296565715563787,6.641926976422129,0.6975592224319972,0.12480776742786713,0.01777158201797886,4.63057968945613e-06,COMPLETE
3032,0.09955,0.7753816356358403,7.296565715563787,6.641926976422129,2661.553121751245,0.08755680934938086,17.543999742650467,8.720647859508846e-11,COMPLETE
3033,0.0926,0.746955696312535,4.7736572224384215,6.875144787901625,123.52077947060401,0.05564315315248067,0.3359486683616324,3.787929895519139e-07,COMPLETE
3034,0.0816,0.5551303266497687,6.943625321882633,5.00279323523331,11.448005569377315,546.754814234046,0.9969236117151901,7.242135537625552e-11,COMPLETE
3035,0.0867,0.4478430125531484,3.7523591558107,2.2991799521485987,0.016767417635497637,110.16646134717259,2.606433764399818,1.7411112824373338e-14,COMPLETE
3036,0.0574,0.6221952227658694,7.296565715563787,6.641926976422129,0.4634053899763641,546.754814234046,0.010117774078155787,2.556898659242752e-09,COMPLETE
3037,0.0597,0.4264508757823158,4.958426658725357,2.2991799521485987,102.04180843226429,110.16646134717259,34.574222073764446,3.649569116806477e-06,COMPLETE
3038,0.06055,0.22142927171910123,6.589661925344712,1.0726049388472807,0.014162338396506723,546.754814234046,0.0247605531247782,1.7411112824373338e-14,COMPLETE
3039,0.0781,0.38456606146685307,5.784649915401724,2.5118580794078285,520.2465809287762,3.858204027730059,59.2437895529571,1.0625479794557944e-12,COMPLETE
3040,0.097,0.585389528233404,4.958426658725357,8.359124144204223,19.342543750309552,186.9306125540257,3.6008094906658137,5.432263014140687e-13,COMPLETE
3041,0.07565,0.16686300677107738,4.958426658725357,6.641926976422129,0.4634053899763641,0.01212912250710833,34.574222073764446,3.649569116806477e-06,COMPLETE
3042,0.09415,0.6001072360990852,4.958426658725357,8.359124144204223,2.2526238626393873,186.9306125540257,3.6008094906658137,5.432263014140687e-13,COMPLETE
3043,0.0902,0.5779795329763936,4.335111916469993,3.1788912454430323,2661.553121751245,2.633407966894005,17.543999742650467,7.242135537625552e-11,COMPLETE
3044,0.0841,0.46998974347036593,3.7523591558107,2.2991799521485987,0.4634053899763641,73.78714261474524,2.606433764399818,3.0092675819548274e-09,COMPLETE
3045,0.0666,0.6958852256014634,7.296565715563787,7.242098619980624,12.412723646412944,107.59872434463156,34.574222073764446,8.720647859508846e-11,COMPLETE
3046,0.0697,0.1751007069782183,1.520996305155551,1.0047893576511282,0.07261268023359602,0.4878712301792302,3.6008094906658137,8.564477591299451e-11,COMPLETE
3047,0.0932,0.42917420550345486,3.538120518087475,2.5118580794078285,0.016767417635497637,3.858204027730059,0.01777158201797886,9.787752692175531e-12,COMPLETE
3048,0.07935,0.5006518862981287,3.7523591558107,6.875144787901625,0.016767417635497637,0.06857317261521613,2.606433764399818,1.7411112824373338e-14,COMPLETE
3049,0.07215,0.5315265530599278,4.958426658725357,8.359124144204223,2.2526238626393873,1.5630282565660134,3.6008094906658137,3.407169759582504e-13,COMPLETE
3050,0.0728,0.45219305594189263,4.958426658725357,4.0649988019231795,0.4634053899763641,1.5630282565660134,3.6008094906658137,3.0541645143911065e-11,COMPLETE
3051,0.11095,0.8075016405390903,4.958426658725357,8.359124144204223,3090.9457533461396,0.047570004104159534,0.04082369646290137,1.9897264125379086e-06,COMPLETE
3052,0.06835,0.4836310465186149,5.719667260978259,2.2991799521485987,0.4634053899763641,186.9306125540257,0.6337920145175072,8.720647859508846e-11,COMPLETE
3053,0.10165,0.7338820289748622,7.296565715563787,6.641926976422129,2661.553121751245,1.8787628267607772,17.543999742650467,8.720647859508846e-11,COMPLETE
3054,0.06695,0.4959963016683003,7.051402036894628,3.9944594338373487,1.7797043208297876,0.08755680934938086,0.49106969850296894,5.314026320276268e-08,COMPLETE
3055,0.1006,0.7537527223852932,7.051402036894628,6.641926976422129,123.52077947060401,0.06857317261521613,0.4912574246087369,8.720647859508846e-11,COMPLETE
3056,0.1116,0.8044426315317199,5.989980302739056,6.875144787901625,208.22607295194175,0.08755680934938086,0.49106969850296894,1.6084205984023787e-09,COMPLETE
3057,0.08075,0.6517906985411883,7.051402036894628,9.890916012877245,2.61457390747854,0.1020295033627048,0.764092524644605,2.3093843536388006e-14,COMPLETE
3058,0.0811,0.5957253415331312,5.686980021608849,6.875144787901625,38.97957172318068,51.0531204742495,4.465927792408854,4.331365543927414e-05,COMPLETE
3059,0.07785,0.4627611551371424,3.7523591558107,2.2991799521485987,0.016767417635497637,110.16646134717259,2.606433764399818,1.7411112824373338e-14,COMPLETE
3060,0.07985,0.5798960807429785,3.7523591558107,2.6713224864147453,3090.9457533461396,0.05564315315248067,2.606433764399818,3.407169759582504e-13,COMPLETE
3061,0.07475,0.608327598171747,5.719667260978259,6.123186793431442,1.7888070172409776,110.16646134717259,2.5245438758434986,3.407169759582504e-13,COMPLETE
3062,0.0774,0.285608928260683,0.5184899169586471,8.474660745890287,2661.553121751245,1.2594502646806938,17.543999742650467,5.629158556163791e-05,COMPLETE
3063,0.0678,0.4944663852775757,7.491453905458799,6.875144787901625,0.010282031544734033,0.06857317261521613,25.57861321370037,3.787929895519139e-07,COMPLETE
3064,0.09175,0.620668947256872,4.958426658725357,8.359124144204223,0.4634053899763641,186.9306125540257,1.9411956470096499,5.521087576123659e-10,COMPLETE
