number,values_0,values_1,params_lambda1,params_lambda3,state
867,0.0,0.07368895594041093,1561.872271919983,13.77386597342457,COMPLETE
868,0.0,0.0719936734572215,220.60285971787573,32.845650490730435,COMPLETE
869,0.0,0.07659826945365626,0.010953669735208114,0.002291512878983546,COMPLETE
870,0.0,0.07386003586913255,3.6670946760424137,0.0016489162923333195,COMPLETE
871,0.0,0.07399999316980378,22.46850874636439,0.0016489162923333195,COMPLETE
872,0.0,0.07368372665596563,0.025189659395424606,13.77386597342457,COMPLETE
873,0.0,0.06724310696649878,49.76220198678533,89.1351228953235,COMPLETE
874,0.0,0.07185385302008312,9.558540010373044,89.13668303923443,COMPLETE
875,0.0,0.07884590315169268,2.635899690798993,0.06366252213016296,COMPLETE
876,0.0,0.0713841730884345,196.02583932191874,0.14884486833326926,COMPLETE
877,0.0,0.07105592530765552,0.2664206860886022,0.0015290172877770376,COMPLETE
878,0.0,0.07221668820377879,220.60285971787573,0.00036615818123349176,COMPLETE
879,0.0,0.07302668460973508,35.47682689474354,76.1196531617525,COMPLETE
880,0.0,0.07100208939449368,6069.558954662461,13.354902884199069,COMPLETE
881,0.0,0.07688022798384801,809.1791309266355,7.798933067577803,COMPLETE
882,0.0,0.0724556392806149,220.60285971787573,0.1696086394933081,COMPLETE
883,0.0,0.07077531437583645,6069.558954662461,25.563662958531392,COMPLETE
884,0.0,0.06876933460468046,80.20366903533072,0.039651414025382255,COMPLETE
885,0.0,0.06871314429132108,75.14881493630534,3.67611634847581,COMPLETE
886,0.0,0.07693043015585575,0.07533026711483334,0.01976428667115038,COMPLETE
887,0.0,0.07248842850003791,0.025189659395424606,0.00034903748879020716,COMPLETE
888,0.0,0.07069328581836477,2993.1403680313056,0.002291512878983546,COMPLETE
889,0.0,0.06821236483759412,0.14175848225886795,0.28557412444415503,COMPLETE
890,0.0,0.07785808067253738,0.5365690659967356,0.45154141244360013,COMPLETE
891,0.0,0.08057675667700953,1038.2112453417399,0.07633918116038194,COMPLETE
892,0.0,0.07255813953653535,4.725226083964217,0.2669565145838075,COMPLETE
893,0.0,0.07471182407576843,9.521350193487752,0.012538492530897406,COMPLETE
894,0.0,0.07674093184863641,30.89804191396057,12.7807485709496,COMPLETE
895,0.0,0.06722018167459769,2136.4943305958245,0.28557412444415503,COMPLETE
896,0.0,0.07056434030870287,0.14175848225886795,23.933771995436338,COMPLETE
897,0.0,0.07858702728076432,0.24523259839388872,0.1375665660731773,COMPLETE
898,0.0,0.07086262361888691,0.14175848225886795,0.004130625496417723,COMPLETE
899,0.0,0.07077159743473457,0.16853504590054721,0.1375665660731773,COMPLETE
900,0.0,0.07258969856162985,221.94097050452177,0.0001667870003380101,COMPLETE
901,0.0,0.0733935867918391,12.533357566161275,0.0008930460621793543,COMPLETE
902,0.0,0.0715806041765331,2201.9418613695943,0.0009872112031485939,COMPLETE
903,0.0,0.06784419754681945,1214.8254299541368,0.17175124989845605,COMPLETE
904,0.0,0.07027502104803932,0.8609164666684853,29.440367224176587,COMPLETE
905,0.0,0.07662536085659591,0.05570025481196002,0.003459839659092992,COMPLETE
906,0.0,0.07176728404654759,0.14175848225886795,0.28557412444415503,COMPLETE
907,0.0,0.06940078068953898,0.14175848225886795,14.929850169711298,COMPLETE
908,0.0,0.06958158910663435,3.5771014136048658,6.461854466369737,COMPLETE
909,0.0,0.07137653716062634,0.019124466336413938,0.0016489162923333195,COMPLETE
910,0.0,0.06990225683612498,1.619076095553801,0.5614477199170995,COMPLETE
911,0.0,0.0768653012990195,6052.7332849440345,4.120230915452055,COMPLETE
912,0.0,0.06912545886842321,45.331712044725386,0.03298830850929375,COMPLETE
913,0.0,0.07933003497916621,174.0721964693598,0.28557412444415503,COMPLETE
914,0.0,0.0773070660190612,167.24127039872647,0.02073089506482286,COMPLETE
915,0.0,0.08298559526190356,6052.7332849440345,16.175082833048418,COMPLETE
916,0.0,0.07362508086174682,1.8105501831301984,0.031146996657644494,COMPLETE
917,0.0,0.07533329602799271,12.533357566161275,0.0020274921386504966,COMPLETE
918,0.0,0.07573698682355948,589.1493822679552,0.0025843960034921155,COMPLETE
919,0.0,0.07963772278361625,6052.7332849440345,69.25663243261899,COMPLETE
920,0.0,0.06865538949281888,809.1791309266355,0.06170046976955652,COMPLETE
921,0.0,0.07180334195640573,465.62240726033906,0.0019396700532525377,COMPLETE
922,0.0,0.07279577085023173,6069.558954662461,0.28557412444415503,COMPLETE
923,0.0,0.07337644842645841,19.2842264096923,0.00017197317282471628,COMPLETE
924,0.0,0.06720700333040742,314.3125713133897,0.00042671146486399135,COMPLETE
925,0.0,0.06895957702659788,9.521350193487752,0.007987577931521262,COMPLETE
926,0.0,0.07847911275643055,171.6734772627219,0.00042671146486399135,COMPLETE
927,0.0,0.07256387252543575,58.357378247059806,0.06269840937402783,COMPLETE
928,0.0,0.07198609721528895,2.4833506865676,0.002291512878983546,COMPLETE
929,0.0,0.07783116433950689,0.5350674305745946,0.11418279992968623,COMPLETE
930,0.0,0.07258114032414802,0.6729437960781947,0.003459839659092992,COMPLETE
931,0.0,0.07368480071643127,0.3902606567120502,7.381971804141068,COMPLETE
932,0.0,0.07348708520134323,167.24127039872647,0.0002206637755697748,COMPLETE
933,0.0,0.06898899920795189,0.14175848225886795,0.0016387517315903874,COMPLETE
934,0.0,0.07128917610915166,0.025189659395424606,3.8823689031011437,COMPLETE
935,0.0,0.060046714958127335,6052.7332849440345,0.0012972864699424638,COMPLETE
936,0.0,0.07873763682009632,167.24127039872647,0.00013789407316783844,COMPLETE
937,0.0,0.07298007634941919,3.420338500158556,0.041851859786873585,COMPLETE
938,0.0,0.07790617470835877,9066.017218527975,0.28557412444415503,COMPLETE
939,0.0,0.07720572081611098,0.04651496037146188,2.1568105648345797,COMPLETE
940,0.0,0.07156219937094803,6069.558954662461,38.411172201900975,COMPLETE
941,0.0,0.07539903103709714,220.60285971787573,0.030269313498155592,COMPLETE
942,0.0,0.07250362714669746,75.14881493630534,0.43959397717087073,COMPLETE
943,0.0,0.07115541620416614,0.28510608010221516,0.039651414025382255,COMPLETE
944,0.0,0.07599525431136885,75.14881493630534,7.7995807443605845,COMPLETE
945,0.0,0.07136423502898936,220.60285971787573,0.18301545091962218,COMPLETE
946,0.0,0.0649340402488637,75.14881493630534,0.06366252213016296,COMPLETE
947,0.0,0.07171955377777245,13.727817568514252,0.28557412444415503,COMPLETE
948,0.0,0.07470742033157027,3.6670946760424137,3.079677604656429,COMPLETE
949,0.0,0.0741915088340962,0.10498383009099505,0.03638276743752974,COMPLETE
950,0.0,0.06927832089344749,0.35380963658184844,0.007987577931521262,COMPLETE
951,0.0,0.07502213053846428,1.8986764749415963,0.0007489929325182545,COMPLETE
952,0.0,0.07598849940041404,0.025189659395424606,0.015017532020814798,COMPLETE
953,0.0,0.07280911093237358,0.24600728103118724,0.0016393533514138068,COMPLETE
954,0.0,0.0654601972003204,83.79414807568077,0.0012685418918425846,COMPLETE
955,0.0,0.0699546473907748,790.4714980101568,0.00042671146486399135,COMPLETE
956,0.0,0.07474925513311743,4835.330987195812,13.77386597342457,COMPLETE
957,0.0,0.0725066208611658,0.14175848225886795,0.5722779596172037,COMPLETE
958,0.0,0.07986331543517342,196.02583932191874,0.0047010372529179695,COMPLETE
959,0.0,0.07298233217454897,2.4553190452236495,0.28557412444415503,COMPLETE
960,0.0,0.07363480063647725,91.86893265591196,0.228992437690869,COMPLETE
961,0.0,0.07680229905183102,156.60422725706567,0.28557412444415503,COMPLETE
962,0.0,0.07411083375029737,0.10277618330591617,0.039651414025382255,COMPLETE
963,0.0,0.07770114492200222,35.04670414572725,0.012058310260030259,COMPLETE
964,0.0,0.08064802986325216,375.05900918312915,5.81001017714935,COMPLETE
965,0.0,0.07503262764184593,0.037551937529010676,0.021174087162610645,COMPLETE
966,0.0,0.07519162453358294,0.17971417011166507,0.0005519027161981605,COMPLETE
967,0.0,0.07476374087447189,0.1199503622152227,0.003459839659092992,COMPLETE
968,0.0,0.0720744542905003,313.8898619475138,0.6281973192600224,COMPLETE
969,0.0,0.07800732247998451,0.09688252859650308,0.16068016424644757,COMPLETE
970,0.0,0.08092310968217185,6052.7332849440345,16.175082833048418,COMPLETE
971,0.0,0.06751032469063448,35.04670414572725,24.220775089794525,COMPLETE
972,0.0,0.07661314768121481,0.028838830055714457,0.31494458145471704,COMPLETE
973,0.0,0.0746507943455156,19.128705445252322,0.252901262000926,COMPLETE
974,0.0,0.07813232145674406,809.1791309266355,5.81001017714935,COMPLETE
975,0.0,0.07453646750328036,0.025189659395424606,0.00026556212099835896,COMPLETE
976,0.0,0.07109141020312651,0.025189659395424606,1.5607406451348307,COMPLETE
977,0.0,0.07619073315514627,6.382452180552077,0.02097212453161763,COMPLETE
978,0.0,0.07266654953456517,0.05798164838060072,6.5763976860282085,COMPLETE
979,0.0,0.07134966233421244,0.5959456835762412,13.77386597342457,COMPLETE
980,0.0,0.0701349823520267,1.9026383025497648,0.00026562518420152753,COMPLETE
981,0.0,0.06819348759343097,0.19146392071049317,0.45154141244360013,COMPLETE
982,0.0,0.07387998533646499,0.24084783188691805,0.00010211858671101548,COMPLETE
983,0.0,0.07419853004712197,35.47682689474354,0.000955353541039776,COMPLETE
984,0.0,0.06895782655659932,220.60285971787573,2.100046693575991,COMPLETE
985,0.0,0.07532867500979391,1038.2112453417399,0.07633918116038194,COMPLETE
986,0.0,0.07135310121755818,2525.2992654679647,10.826933894608425,COMPLETE
987,0.0,0.059461638235607066,6052.7332849440345,0.00033743606897091767,COMPLETE
988,0.0,0.07097905423119319,0.24084783188691805,0.28557412444415503,COMPLETE
989,0.0,0.07023672757957992,0.16491216946279053,0.031146996657644494,COMPLETE
990,0.0,0.07592705373292792,167.24127039872647,0.6281973192600224,COMPLETE
991,0.0,0.08129424817896454,6069.558954662461,0.3813400368757065,COMPLETE
992,0.0,0.07602246272827898,500.6714679329181,0.2669565145838075,COMPLETE
993,0.0,0.06846018711870147,174.0721964693598,0.00026239628505222995,COMPLETE
994,0.0,0.07213294646357608,0.02530010357688649,0.6281973192600224,COMPLETE
995,0.0,0.07193349185448358,2525.2992654679647,0.008631162843977446,COMPLETE
996,0.0,0.07393335484907868,0.024358178817614623,0.17053028784857374,COMPLETE
997,0.0,0.06830776236981588,49.76220198678533,1.3802308326635433,COMPLETE
998,0.0,0.07403704883247558,6.99798267464822,0.0012181205734637121,COMPLETE
999,0.0,0.07555628157086337,0.24600728103118724,3.7883548605679342,COMPLETE
1000,0.0,0.07607890283806326,0.12105353684193652,0.22128292970734784,COMPLETE
1001,0.0,0.07420855040731893,302.5192843613214,5.81001017714935,COMPLETE
1002,0.0,0.07924867216629787,158.7210665369529,0.0003759070352523823,COMPLETE
1003,0.0,0.07428895521095917,0.4751222033608993,0.014775040959653367,COMPLETE
1004,0.0,0.07333578378759771,0.07124680717208502,0.28557412444415503,COMPLETE
1005,0.0,0.06918306502559604,174.0721964693598,0.28557412444415503,COMPLETE
1006,0.0,0.08402143936925165,5590.270981096828,0.07633918116038194,COMPLETE
1007,0.0,0.07732460498535741,174.0721964693598,3.475695437573184,COMPLETE
1008,0.0,0.07359861958736322,3.703832596771458,0.0477753375930185,COMPLETE
1009,0.0,0.06490669686661844,170.97026674753346,0.000795772086080348,COMPLETE
1010,0.0,0.07627479282630506,161.43271441850715,0.3813400368757065,COMPLETE
1011,0.0,0.07329543036036633,63.785685975878714,0.0017196365349972686,COMPLETE
1012,0.0,0.08066469111622676,1.2309787277542066,0.031146996657644494,COMPLETE
1013,0.0,0.07629533863694815,174.0721964693598,13.77386597342457,COMPLETE
1014,0.0,0.07110092541367823,1.619076095553801,0.228992437690869,COMPLETE
1015,0.0,0.07823857079680227,6052.7332849440345,0.039651414025382255,COMPLETE
1016,0.0,0.0734941528075911,0.14175848225886795,0.00716291830272684,COMPLETE
1017,0.0,0.07406474893024405,3.518475239592961,29.962489303792434,COMPLETE
1018,0.0,0.07190385004649609,1.428242835824286,0.0007346320461448202,COMPLETE
1019,0.0,0.07106848704389052,1.619076095553801,0.0001527636877923268,COMPLETE
1020,0.0,0.07989066330170938,220.60285971787573,0.22128292970734784,COMPLETE
1021,0.0,0.07334293425006205,167.24127039872647,13.77386597342457,COMPLETE
1022,0.0,0.07380661895091613,1.428242835824286,0.0005206136477242506,COMPLETE
1023,0.0,0.07808145396243396,167.24127039872647,0.0016489162923333195,COMPLETE
1024,0.0,0.07604401957837195,42.725947772408205,0.0009823646730425805,COMPLETE
1025,0.0,0.06523902253938538,0.14175848225886795,0.28557412444415503,COMPLETE
1026,0.0,0.07700667125833296,41.16299644028152,0.0016489162923333195,COMPLETE
1027,0.0,0.07452596442980408,43.67847565097861,0.06170046976955652,COMPLETE
1028,0.0,0.07806690567216212,2525.2992654679647,1.0081292282669476,COMPLETE
1029,0.0,0.07569191831063272,21.291017992971646,0.0002678031866193881,COMPLETE
1030,0.0,0.07379069932909589,0.24084783188691805,0.315211985850034,COMPLETE
1031,0.0,0.06907317255261458,0.6465113704441213,0.00017197317282471628,COMPLETE
1032,0.0,0.07821895159870138,220.60285971787573,0.0006062052444070849,COMPLETE
1033,0.0,0.06764983664427913,0.025189659395424606,13.77386597342457,COMPLETE
1034,0.0,0.07202252610977355,63.84767402615082,4.355853492749126,COMPLETE
1035,0.0,0.08142087631443416,0.32932278058544506,56.643729654971494,COMPLETE
1036,0.0,0.07143971495956104,0.06794942384916693,5.81001017714935,COMPLETE
1037,0.0,0.07848395519329633,2578.963231689074,0.28557412444415503,COMPLETE
1038,0.0,0.080912741660679,6069.558954662461,1.1199467767461697,COMPLETE
1039,0.0,0.0810457562821058,6052.7332849440345,80.88612216244465,COMPLETE
1040,0.0,0.07550971607561374,6.0923427149644995,1.0823414597990861,COMPLETE
1041,0.0,0.0794396476831661,0.025189659395424606,13.77386597342457,COMPLETE
1042,0.0,0.0728852345044575,0.12105353684193652,0.0008695856350419468,COMPLETE
1043,0.0,0.08018964308050591,156.60422725706567,7.00299089256013,COMPLETE
1044,0.0,0.06027881275097067,2525.2992654679647,0.00042671146486399135,COMPLETE
1045,0.0,0.0766295632496823,655.4202510558539,0.039651414025382255,COMPLETE
1046,0.0,0.07388711229526976,23.24142808915177,70.97327662493815,COMPLETE
1047,0.0,0.07974131196650705,0.02006333237565876,0.0016533745754515785,COMPLETE
1048,0.0,0.07689776721395682,75.14881493630534,0.0002686693219297194,COMPLETE
1049,0.0,0.07025133375258256,0.24084783188691805,0.10700447495023357,COMPLETE
1050,0.0,0.07232081597956151,0.3382332553435755,0.0047010372529179695,COMPLETE
1051,0.0,0.06939129377907724,3.9840571202718245,0.003459839659092992,COMPLETE
1052,0.0,0.07466836758680069,611.3078547087539,0.0047010372529179695,COMPLETE
1053,0.0,0.0745517081374063,2284.617701148775,13.77386597342457,COMPLETE
1054,0.0,0.07446198370724008,0.10277618330591617,1.4813939936239704,COMPLETE
1055,0.0,0.07007742650083042,0.12105353684193652,0.22128292970734784,COMPLETE
1056,0.0,0.069683329687503,0.031466817415422975,16.175082833048418,COMPLETE
1057,0.0,0.07661324907769915,0.012991438867774372,2.030071448603065,COMPLETE
1058,0.0,0.07765892578249833,6052.7332849440345,0.039651414025382255,COMPLETE
1059,0.0,0.0743107031895355,6069.558954662461,41.01050488903069,COMPLETE
1060,0.0,0.07175090915900315,167.24127039872647,21.04993515011497,COMPLETE
1061,0.0,0.0715250407359694,0.015399720483507158,44.65688039390869,COMPLETE
1062,0.0,0.07040341015251782,75.14881493630534,3.417178645491143,COMPLETE
1063,0.0,0.07308254014021756,3162.8278457019987,1.539732775920337,COMPLETE
1064,0.0,0.07396344794518368,35.19505062516721,0.00036615818123349176,COMPLETE
1065,0.0,0.07268319827938062,156.60422725706567,7.932727044701202,COMPLETE
1066,0.0,0.07727904752032307,2908.9132596812633,1.8486786082628293,COMPLETE
1067,0.0,0.06798105715405355,3.8825030971958863,0.3813400368757065,COMPLETE
1068,0.0,0.07412790358482549,0.06332756463234769,0.000951813717113885,COMPLETE
1069,0.0,0.07006413675639765,167.24127039872647,0.039651414025382255,COMPLETE
1070,0.0,0.07011277709686807,0.01123876654945875,13.77386597342457,COMPLETE
1071,0.0,0.07307523270724005,0.14175848225886795,0.00022039550322183507,COMPLETE
1072,0.0,0.07620703588650496,35.04670414572725,0.0016489162923333195,COMPLETE
1073,0.0,0.08151361183180444,6069.558954662461,1.7176345647426785,COMPLETE
1074,0.0,0.07641495784554846,5994.495622137481,13.77386597342457,COMPLETE
1075,0.0,0.07263722911806213,6.01991249323814,0.2555066140664515,COMPLETE
1076,0.0,0.07035328635134552,0.010260625129235576,0.0017939042076273641,COMPLETE
1077,0.0,0.0702367704877974,220.60285971787573,95.77287719640907,COMPLETE
1078,0.0,0.07388298885329408,0.05577284122258764,0.6281973192600224,COMPLETE
1079,0.0,0.0696255260484972,220.60285971787573,5.524598430235323,COMPLETE
1080,0.0,0.07403107728734228,494.7904867987425,0.001537447247216726,COMPLETE
1081,0.0,0.06648361347759596,42.53137416876414,0.0016489162923333195,COMPLETE
1082,0.0,0.0758412179445179,1.8314160451739134,0.028846659628160458,COMPLETE
1083,0.0,0.07395333801463452,2525.2992654679647,0.15415077092096136,COMPLETE
1084,0.0,0.06671347853763297,156.60422725706567,0.28557412444415503,COMPLETE
1085,0.0,0.06599458297057163,6069.558954662461,0.0016489162923333195,COMPLETE
1086,0.0,0.07792953819210537,8720.368823672734,13.77386597342457,COMPLETE
1087,0.0,0.06922085501071266,0.019124466336413938,2.086344395777041,COMPLETE
1088,0.0,0.07475267037709925,819.4671926374642,0.00042671146486399135,COMPLETE
1089,0.0,0.06942369077767688,3.6670946760424137,0.007987577931521262,COMPLETE
1090,0.0,0.08038378157685186,1726.016396423232,3.0955838500667,COMPLETE
1091,0.0,0.07314958885543178,0.019124466336413938,0.0002196134167034955,COMPLETE
1092,0.0,0.07222707388729194,196.02583932191874,0.010528410131563913,COMPLETE
1093,0.0,0.07382526338882402,83.79414807568077,91.77383224227381,COMPLETE
1094,0.0,0.08245229668481151,0.18508229900666093,0.039651414025382255,COMPLETE
1095,0.0,0.07481773812502916,248.0159581304439,16.175082833048418,COMPLETE
1096,0.0,0.07976704435783402,1.587262545450525,0.007987577931521262,COMPLETE
1097,0.0,0.07293290719431786,3.6670946760424137,0.052335936989219754,COMPLETE
1098,0.0,0.07517561436062294,2525.2992654679647,0.5834985764118518,COMPLETE
1099,0.0,0.07440372670651008,0.019589017850113282,18.74809698405115,COMPLETE
1100,0.0,0.07422988593230836,146.88299703390513,0.039651414025382255,COMPLETE
1101,0.0,0.07191333655314709,49.76220198678533,0.06170046976955652,COMPLETE
1102,0.0,0.058681883851152555,2525.2992654679647,0.00042671146486399135,COMPLETE
1103,0.0,0.06988365941595687,48.50313759533876,0.00024082073173408052,COMPLETE
1104,0.0,0.06705907773452914,0.14175848225886795,3.020519282019435,COMPLETE
1105,0.0,0.0727864103999337,680.1101912705878,17.95726932784959,COMPLETE
1106,0.0,0.07781722766460004,0.013683738014561263,0.015017532020814798,COMPLETE
1107,0.0,0.07811515688183748,1.6034892202761626,0.015017532020814798,COMPLETE
1108,0.0,0.07811670797510371,363.61923159080396,1.7643503057438028,COMPLETE
1109,0.0,0.07478130013972639,167.24127039872647,0.2669565145838075,COMPLETE
1110,0.0,0.07028469916962696,6052.7332849440345,16.175082833048418,COMPLETE
1111,0.0,0.07597619846309273,3.6670946760424137,0.007987577931521262,COMPLETE
1112,0.0,0.08213132091774575,6069.558954662461,0.13308879052871622,COMPLETE
1113,0.0,0.06891081485346714,0.02976656657923521,0.06170046976955652,COMPLETE
1114,0.0,0.07730691528157639,49.76220198678533,2.454040999220384,COMPLETE
1115,0.0,0.07738586657539225,6069.558954662461,0.002291512878983546,COMPLETE
1116,0.0,0.07873659603489656,3525.792584610694,1.7948941147357442,COMPLETE
1117,0.0,0.071580725513401,219.98113793540773,0.024673123905704347,COMPLETE
1118,0.0,0.07069381655003484,35.47682689474354,0.28557412444415503,COMPLETE
1119,0.0,0.06982780243594298,0.32932278058544506,0.8009530075468578,COMPLETE
1120,0.0,0.07236558053756538,83.79414807568077,0.6281973192600224,COMPLETE
1121,0.0,0.06995795469398262,6052.7332849440345,0.04420161345535562,COMPLETE
1122,0.0,0.07465303280863869,147.40452137036644,16.175082833048418,COMPLETE
1123,0.0,0.07155768178405675,14.792674687956085,0.28557412444415503,COMPLETE
1124,0.0,0.060198368211841435,6052.7332849440345,0.0004785302397825174,COMPLETE
1125,0.0,0.08005784168900874,3.6670946760424137,5.81001017714935,COMPLETE
1126,0.0,0.07510091364819439,6924.25714118166,13.77386597342457,COMPLETE
1127,0.0,0.0765764305732044,0.027675180676814914,0.02149133889479659,COMPLETE
1128,0.0,0.06862248562532146,0.24084783188691805,0.1375665660731773,COMPLETE
1129,0.0,0.07657152554679898,220.60285971787573,0.00036615818123349176,COMPLETE
1130,0.0,0.06566773216196366,64.62874840711872,5.39565765833502,COMPLETE
1131,0.0,0.07409093951938041,6069.558954662461,0.3813400368757065,COMPLETE
1132,0.0,0.07525571049309701,2605.0017880084756,0.002291512878983546,COMPLETE
1133,0.0,0.07231505826386499,0.02131561626947586,0.0005232316470868716,COMPLETE
1134,0.0,0.07105615077020498,0.24600728103118724,0.039651414025382255,COMPLETE
1135,0.0,0.06991235576424985,178.7792083411221,80.88612216244465,COMPLETE
1136,0.0,0.07635244472251804,0.9950246732501998,1.619264914548393,COMPLETE
1137,0.0,0.07151650696011737,65.99505594803243,0.003946443320335076,COMPLETE
1138,0.0,0.06931595305093513,375.05900918312915,29.936984133381593,COMPLETE
1139,0.0,0.07776550980069484,83.79414807568077,0.002291512878983546,COMPLETE
1140,0.0,0.0746460664492583,3.6670946760424137,0.006491044934677753,COMPLETE
1141,0.0,0.0751556824492433,11.901641797402666,0.015017532020814798,COMPLETE
1142,0.0,0.06423979798426699,2557.744549427731,0.00071975845655001,COMPLETE
1143,0.0,0.07544650971499131,0.025189659395424606,13.77386597342457,COMPLETE
1144,0.0,0.07605282809889989,6069.558954662461,0.3813400368757065,COMPLETE
1145,0.0,0.07536423370955958,4.2170474608162,5.81001017714935,COMPLETE
1146,0.0,0.07805557874998979,0.12105353684193652,0.22128292970734784,COMPLETE
1147,0.0,0.07076561462932117,767.0384344736908,4.9171027598609935,COMPLETE
1148,0.0,0.07700652067480658,6069.558954662461,0.0035116440213100145,COMPLETE
1149,0.0,0.06904944650077346,0.03616017743933636,32.904094585955335,COMPLETE
1150,0.0,0.06854306038159927,167.24127039872647,0.6281973192600224,COMPLETE
1151,0.0,0.07542548924740436,6052.7332849440345,1.7114709557954821,COMPLETE
1152,0.0,0.07378269672420254,83.79414807568077,37.83663685887498,COMPLETE
1153,0.0,0.06655743067136423,88.39814437698234,0.0005544519075424585,COMPLETE
