number,values_0,values_1,params_delta_deg,params_gamma,params_lambda1,params_lambda3,state
4378,0.10185,0.18319465609735616,1.3386343294055953,1.1679739768270172,359.71457230765833,46.47569887862423,COMPLETE
4379,0.11785,0.7334388657853693,7.489439152524652,8.418374689108267,39.01067432802768,0.5985950343657075,COMPLETE
4380,0.09175,0.28169471092712267,3.431959889846064,3.1109816593785697,0.04062663865186074,41.918700246586454,COMPLETE
4381,0.0754,0.4767380256666209,7.489439152524652,1.4256816350169421,116.68218004772335,0.058427009886278046,COMPLETE
4382,0.1034,0.6359971669006087,7.489439152524652,6.612639322764853,19.617536409352564,1.3157650113770214,COMPLETE
4383,0.05955,0.27678939770942756,7.339695485358947,1.1679739768270172,0.19601747140498094,0.030595349341982422,COMPLETE
4384,0.11535,0.7131123291480899,7.211246974011563,8.418374689108267,8.478216311607943,0.030595349341982422,COMPLETE
4385,0.1205,0.875931967273442,7.339695485358947,9.03843167731967,359.71457230765833,1.3157650113770214,COMPLETE
4386,0.0632,0.19550811747569477,7.489439152524652,1.2756087401855505,0.48160356426463263,1.526275265602974,COMPLETE
4387,0.11125,0.3747358697996754,1.0235394476017896,8.418374689108267,73.07904253013295,1.8602957309646184,COMPLETE
4388,0.10915,0.6757890395421774,7.339695485358947,5.061348409319827,0.08190527355775834,0.04806599538441981,COMPLETE
4389,0.1188,0.8267525938528907,7.339695485358947,7.639970758565217,153.2860257697558,0.7306953052604724,COMPLETE
4390,0.11575,0.7428970901419452,7.489439152524652,7.414577919670555,359.71457230765833,18.149153087367182,COMPLETE
4391,0.09875,0.5146911706208505,7.339695485358947,5.755321473436826,0.5529959922862323,1.0864194972631505,COMPLETE
4392,0.09235,0.6504597436913213,7.339695485358947,9.130456651686037,61.128832411058866,35.58412589755892,COMPLETE
4393,0.1279,0.7711182330728042,7.489439152524652,4.101823977297871,2729.2643114531697,0.5985950343657075,COMPLETE
4394,0.1143,0.7299158514331754,4.45024451256108,9.988586281068551,61.128832411058866,0.5985950343657075,COMPLETE
4395,0.08485,0.5532732262678747,6.81551942880984,4.484802674252547,0.019315069618518407,0.7306953052604724,COMPLETE
4396,0.09125,0.5081064648961308,7.339695485358947,6.998105782411911,0.4111694316312813,11.34645454198699,COMPLETE
4397,0.1051,0.3218473938660692,0.6919395518144643,9.143878541087274,0.5503013998546388,1.3157650113770214,COMPLETE
4398,0.0753,0.4492999833168318,6.639217744971412,1.0340435745788543,1476.1251734596226,1.010558986363453,COMPLETE
4399,0.0664,0.16479199269808256,7.339695485358947,1.1679739768270172,2.4792588435669867,2.1102891532478085,COMPLETE
4400,0.0791,0.32458823649651913,7.339695485358947,1.2992706708708701,153.2860257697558,0.7306953052604724,COMPLETE
4401,0.12,0.7067738304218858,7.321806062638004,9.709912767956418,30.54779366423335,0.05293656572598473,COMPLETE
4402,0.06655,0.23046076918218372,7.489439152524652,1.4718234271942974,0.019315069618518407,2.1102891532478085,COMPLETE
4403,0.0947,0.5653029705014981,7.489439152524652,6.612639322764853,0.5503013998546388,1.526275265602974,COMPLETE
4404,0.07995,0.47234236805496155,1.8343731613319927,2.7324924364179903,1476.1251734596226,4.792699168837896,COMPLETE
4405,0.10125,0.5274653826769511,7.489439152524652,1.2992706708708701,2102.564607090361,0.5985950343657075,COMPLETE
4406,0.10685,0.7558922087085971,7.339695485358947,7.639970758565217,112.323925330586,1.526275265602974,COMPLETE
4407,0.1097,0.7261892203441381,7.489439152524652,9.988586281068551,0.019315069618518407,0.21056460415999662,COMPLETE
4408,0.091,0.452661290667502,2.123775309474879,8.418374689108267,3.6120509902729183,1.526275265602974,COMPLETE
4409,0.06585,0.15963687927989617,7.489439152524652,1.153713793014621,0.019315069618518407,2.1102891532478085,COMPLETE
4410,0.11535,0.7527732234320759,7.489439152524652,9.988586281068551,185.66116479187846,4.792699168837896,COMPLETE
4411,0.1054,0.34717388221129797,1.0902109108758637,5.849260919902709,0.48160356426463263,0.5985950343657075,COMPLETE
4412,0.10585,0.7983072624742532,7.398979747077997,5.8081057233180955,359.71457230765833,1.0864194972631505,COMPLETE
4413,0.096,0.5123681722875243,6.666959706638387,9.988586281068551,0.016734666614152027,7.087131287891845,COMPLETE
4414,0.11725,0.753513204520724,7.489439152524652,4.101823977297871,1575.9369216711668,2.1102891532478085,COMPLETE
4415,0.14415,0.8833164600100823,7.489439152524652,9.988586281068551,1476.1251734596226,1.526275265602974,COMPLETE
4416,0.11395,0.38726693738138024,0.5942666605460633,9.988586281068551,359.71457230765833,12.87083319148458,COMPLETE
4417,0.089,0.502664797066136,7.489439152524652,3.0638630129150126,0.022872403443138362,0.13391944103899936,COMPLETE
4418,0.0775,0.4693963021361632,7.489439152524652,2.497048511338613,116.68218004772335,1.8602957309646184,COMPLETE
4419,0.06905,0.12838284789950427,5.253743274381843,1.0340435745788543,0.061530195681195304,0.5985950343657075,COMPLETE
4420,0.083,0.26445378337451797,7.454221212447131,2.2336057373686447,7.028841454032889,2.1102891532478085,COMPLETE
4421,0.0931,0.6645903720782856,7.489439152524652,6.612639322764853,6.48522403315561,0.5985950343657075,COMPLETE
4422,0.12995,0.702126099698548,3.333531622802184,9.988586281068551,1476.1251734596226,22.907686225284852,COMPLETE
4423,0.11805,0.780420350175391,7.339695485358947,9.988586281068551,61.128832411058866,0.8019628575134709,COMPLETE
4424,0.0637,0.25180795215325263,7.489439152524652,1.2992706708708701,2.4792588435669867,0.13391944103899936,COMPLETE
4425,0.0817,0.47818294693966634,7.489439152524652,3.1109816593785697,30.54779366423335,1.8602957309646184,COMPLETE
4426,0.0962,0.5949561146668817,6.8435536313626235,3.0638630129150126,359.71457230765833,13.737135040054913,COMPLETE
4427,0.1103,0.8232092828507419,7.489439152524652,6.612639322764853,359.71457230765833,1.526275265602974,COMPLETE
4428,0.0686,0.1787885571335817,7.489439152524652,1.087668155387133,24.687993700004206,4.792699168837896,COMPLETE
4429,0.1034,0.6784828696786166,7.489439152524652,8.418374689108267,0.061530195681195304,0.5985950343657075,COMPLETE
4430,0.1079,0.7357164108197297,7.489439152524652,6.612639322764853,153.2860257697558,1.3157650113770214,COMPLETE
4431,0.12705,0.847528347210589,7.489439152524652,8.418374689108267,582.0876573876707,0.5985950343657075,COMPLETE
4432,0.13575,0.8620765889777935,7.489439152524652,6.612639322764853,1476.1251734596226,4.812070351967461,COMPLETE
4433,0.1133,0.31168697094426406,0.5945305578416555,8.418374689108267,61.128832411058866,2.1102891532478085,COMPLETE
4434,0.11525,0.7155759248047499,7.339695485358947,6.612639322764853,6.48522403315561,0.08494689489187741,COMPLETE
4435,0.1079,0.7491315137410423,7.339695485358947,7.639970758565217,116.68218004772335,1.8602957309646184,COMPLETE
4436,0.09495,0.4779494131924189,7.339695485358947,9.988586281068551,0.03932809943429758,12.146893267526337,COMPLETE
4437,0.11485,0.8663340787455627,7.339695485358947,9.988586281068551,359.71457230765833,4.792699168837896,COMPLETE
4438,0.11545,0.6310271392867258,7.339695485358947,8.418374689108267,0.5529959922862323,0.09359901081835402,COMPLETE
4439,0.0957,0.6769067094786353,7.321806062638004,5.061348409319827,61.128832411058866,0.7306953052604724,COMPLETE
4440,0.10725,0.6523472795600129,5.396799233797731,3.0638630129150126,5618.222944929511,2.1102891532478085,COMPLETE
4441,0.0931,0.5786080365458334,7.489439152524652,6.612639322764853,6.48522403315561,2.1102891532478085,COMPLETE
4442,0.09335,0.6004136262832164,6.463993443225865,7.639970758565217,0.023479284891503895,3.646616628444733,COMPLETE
4443,0.07055,0.1546333574447641,6.8435536313626235,1.1679739768270172,2.4792588435669867,44.76380938653201,COMPLETE
4444,0.13135,0.7427179990281984,7.489439152524652,9.988586281068551,359.71457230765833,0.1218358641007261,COMPLETE
4445,0.0796,0.4512958135723784,7.489439152524652,1.2992706708708701,6401.190215081623,0.030595349341982422,COMPLETE
4446,0.09985,0.4537539545008926,1.0287605548513368,7.639970758565217,153.2860257697558,0.7306953052604724,COMPLETE
4447,0.09515,0.556886632239017,5.45457419904251,8.418374689108267,0.5503013998546388,2.1102891532478085,COMPLETE
4448,0.1402,0.862634780627458,6.666959706638387,9.988586281068551,1688.3846346819648,12.146893267526337,COMPLETE
4449,0.0968,0.6502426781775592,7.339695485358947,8.418374689108267,0.5529959922862323,0.7306953052604724,COMPLETE
4450,0.1431,0.8271289189786072,7.489439152524652,8.418374689108267,1575.9369216711668,0.5985950343657075,COMPLETE
4451,0.0784,0.3761066865205446,7.398979747077997,3.1132900404754213,0.019315069618518407,0.5985950343657075,COMPLETE
4452,0.0883,0.5766828654877748,7.489439152524652,5.061348409319827,4.6216117253800055,0.5985950343657075,COMPLETE
4453,0.0964,0.4297802556889785,2.767317741580549,5.3230286490016745,45.526420090394815,63.25144350882207,COMPLETE
4454,0.08485,0.3319348316739099,7.489439152524652,2.195218904889921,4.6216117253800055,0.2944924768920615,COMPLETE
4455,0.11335,0.8416088363273188,7.339695485358947,5.8081057233180955,1476.1251734596226,4.792699168837896,COMPLETE
4456,0.08415,0.5520382413537684,7.321806062638004,8.418374689108267,0.3487733014720393,2.1102891532478085,COMPLETE
4457,0.11075,0.7224296467590491,7.339695485358947,8.418374689108267,24.687993700004206,0.7306953052604724,COMPLETE
4458,0.13945,0.8762906889875043,6.812644630608508,9.988586281068551,1476.1251734596226,4.792699168837896,COMPLETE
4459,0.1034,0.7182267804179421,7.489439152524652,9.767312130896007,111.18850587297112,13.737135040054913,COMPLETE
4460,0.11105,0.6244956009536221,7.489439152524652,8.418374689108267,4.6216117253800055,0.0158635961798149,COMPLETE
4461,0.088,0.4310960425566267,7.489439152524652,1.003415574441021,1476.1251734596226,60.16370070861553,COMPLETE
4462,0.13,0.854983295424061,7.339695485358947,7.451337432117496,1476.1251734596226,11.34645454198699,COMPLETE
4463,0.0973,0.45688342060704673,2.7090732174822425,6.612639322764853,0.5503013998546388,1.3157650113770214,COMPLETE
4464,0.10455,0.4740603484148226,1.9822908863243307,8.418374689108267,91.7352161098327,1.3964044847064154,COMPLETE
4465,0.09725,0.2903363717373202,7.489439152524652,1.1679739768270172,359.71457230765833,0.030595349341982422,COMPLETE
4466,0.0924,0.5299472995389061,6.812644630608508,8.418374689108267,0.5529959922862323,4.792699168837896,COMPLETE
4467,0.11975,0.7824144477694025,7.339695485358947,5.8081057233180955,359.71457230765833,0.7306953052604724,COMPLETE
4468,0.10025,0.556172730466578,7.339695485358947,8.418374689108267,0.019315069618518407,2.1102891532478085,COMPLETE
4469,0.1072,0.6078809450534712,7.489439152524652,9.988586281068551,0.13725091306703854,1.3157650113770214,COMPLETE
4470,0.09235,0.4875928183166552,7.489439152524652,9.988586281068551,1.9884564233027244,72.26351011386929,COMPLETE
4471,0.0944,0.4248190548594531,1.6117000191663722,5.089415649973235,111.18850587297112,13.737135040054913,COMPLETE
4472,0.1145,0.7298014637408592,7.321806062638004,3.0638630129150126,1476.1251734596226,0.5985950343657075,COMPLETE
4473,0.1354,0.9158603566489004,7.398979747077997,9.988586281068551,1476.1251734596226,4.792699168837896,COMPLETE
4474,0.09995,0.5588708738631563,7.489439152524652,9.988586281068551,0.022872403443138362,7.901102941136675,COMPLETE
4475,0.0916,0.48064803443490484,5.070803561810164,7.639970758565217,19.21088284415663,20.4030962807166,COMPLETE
4476,0.13675,0.8824790633365254,7.489439152524652,9.988586281068551,1476.1251734596226,4.792699168837896,COMPLETE
4477,0.1298,0.8821819861323967,7.489439152524652,9.988586281068551,359.71457230765833,1.526275265602974,COMPLETE
4478,0.0987,0.6753907776536542,7.489439152524652,8.418374689108267,6.48522403315561,1.3157650113770214,COMPLETE
4479,0.0646,0.1463897870249413,7.489439152524652,1.0340435745788543,0.015278403815351895,0.5985950343657075,COMPLETE
4480,0.106,0.6750225006845518,7.489439152524652,6.766609676773699,0.48160356426463263,0.5985950343657075,COMPLETE
4481,0.13085,0.8691741719729856,7.489439152524652,6.644120366955047,1476.1251734596226,2.1102891532478085,COMPLETE
4482,0.1097,0.30964189616335663,1.8413258155607974,7.639970758565217,0.21438351789912244,12.146893267526337,COMPLETE
4483,0.0985,0.5586305882354125,7.489439152524652,8.418374689108267,0.4111694316312813,2.1102891532478085,COMPLETE
4484,0.1356,0.8585446348535721,7.489439152524652,9.988586281068551,1476.1251734596226,12.146893267526337,COMPLETE
4485,0.09535,0.6308584406932862,7.339695485358947,8.418374689108267,0.019315069618518407,1.3157650113770214,COMPLETE
4486,0.1158,0.7813034051452797,7.489439152524652,9.988586281068551,109.77068272814573,0.7465523593598244,COMPLETE
4487,0.0784,0.34796227858262907,7.321806062638004,1.8740975910385527,61.128832411058866,0.5985950343657075,COMPLETE
4488,0.09445,0.5236871222560585,7.489439152524652,9.988586281068551,0.02571496179199066,4.792699168837896,COMPLETE
4489,0.09395,0.6016556872456914,7.339695485358947,5.8081057233180955,7.512621522396279,1.3157650113770214,COMPLETE
4490,0.07965,0.10943417808227814,2.550348613301908,1.0340435745788543,2.1321313085454965,0.5985950343657075,COMPLETE
4491,0.1078,0.5779019698113803,5.334411901674462,3.5926067748716846,359.71457230765833,3.139386437220335,COMPLETE
4492,0.10625,0.7389243536838325,7.339695485358947,9.988586281068551,61.128832411058866,2.867038467083101,COMPLETE
4493,0.0703,0.12625053131321862,0.7691670356137462,1.1895431020668739,4.6216117253800055,0.5985950343657075,COMPLETE
4494,0.1086,0.7628583015962961,7.489439152524652,8.418374689108267,116.68218004772335,2.1102891532478085,COMPLETE
4495,0.1071,0.7526925075915779,7.489439152524652,7.639970758565217,153.2860257697558,15.88986466746122,COMPLETE
4496,0.12655,0.8030536950944904,7.489439152524652,8.418374689108267,111.18850587297112,0.40621040653378493,COMPLETE
4497,0.1342,0.9010990732034905,7.489439152524652,9.988586281068551,5727.8461240961315,2.1102891532478085,COMPLETE
4498,0.0743,0.4043477885410494,7.398979747077997,3.0156649020845308,0.061530195681195304,0.5985950343657075,COMPLETE
4499,0.0819,0.46443041135923513,2.6992713698273176,3.0638630129150126,359.71457230765833,13.737135040054913,COMPLETE
4500,0.1093,0.7844383666084188,7.489439152524652,8.418374689108267,116.68218004772335,2.1102891532478085,COMPLETE
4501,0.1134,0.7984847696035767,6.666959706638387,6.506714006110976,153.2860257697558,0.7306953052604724,COMPLETE
4502,0.08785,0.5003544864017351,7.489439152524652,6.612639322764853,0.5503013998546388,1.3157650113770214,COMPLETE
4503,0.1257,0.6822731285838323,2.2302666052560833,8.418374689108267,1575.9369216711668,2.1102891532478085,COMPLETE
4504,0.12845,0.712024901708732,7.489439152524652,8.418374689108267,205.87351005956364,0.06398267006667634,COMPLETE
4505,0.07835,0.4919570385582246,5.334411901674462,4.024310116320845,0.06448346792730066,1.526275265602974,COMPLETE
4506,0.1213,0.2921039494642438,0.5935508227738826,8.418374689108267,23.82879914384567,2.1102891532478085,COMPLETE
4507,0.10435,0.6902796085326581,7.489439152524652,8.418374689108267,24.687993700004206,2.1102891532478085,COMPLETE
4508,0.08975,0.32590941997015593,2.904959467206131,3.0156649020845308,19.21088284415663,0.5985950343657075,COMPLETE
4509,0.09825,0.5804587944991344,7.489439152524652,6.84665461670175,0.5529959922862323,0.7306953052604724,COMPLETE
4510,0.12675,0.7370050062387259,7.489439152524652,9.988586281068551,0.5503013998546388,0.06133621864311887,COMPLETE
4511,0.0775,0.47272333468560007,7.398979747077997,3.0156649020845308,0.061530195681195304,0.5985950343657075,COMPLETE
4512,0.0859,0.4882875268933057,7.339695485358947,9.988586281068551,2.4792588435669867,44.76380938653201,COMPLETE
4513,0.13905,0.8618202792947841,5.443169702125653,9.988586281068551,1476.1251734596226,1.010558986363453,COMPLETE
4514,0.1029,0.4313553018252701,4.026381525055774,8.418374689108267,0.019315069618518407,12.146893267526337,COMPLETE
4515,0.1129,0.4036722169192953,1.5523321700272243,9.988586281068551,0.12126332071476785,16.62654822404776,COMPLETE
4516,0.111,0.7025807672332268,7.489439152524652,8.418374689108267,116.68218004772335,1.8602957309646184,COMPLETE
4517,0.12765,0.8468022682837298,7.489439152524652,9.988586281068551,359.71457230765833,1.526275265602974,COMPLETE
4518,0.1046,0.6486855960910988,7.489439152524652,2.4250326408725345,1476.1251734596226,26.977753358789563,COMPLETE
4519,0.11545,0.5154890929386664,7.489439152524652,3.0638630129150126,251.16340834733586,0.03648646565925486,COMPLETE
4520,0.06685,0.20266006911629122,6.155198776686632,1.5511837451804567,2.4834422656535935,5.540604818971486,COMPLETE
4521,0.1224,0.6205967247103242,2.5983468042613223,7.639970758565217,153.2860257697558,0.7306953052604724,COMPLETE
4522,0.09935,0.6260139351691131,5.334411901674462,3.363571885644368,532.9009723790857,1.526275265602974,COMPLETE
4523,0.06455,0.18967224303643174,7.321806062638004,1.0340435745788543,30.54779366423335,0.5985950343657075,COMPLETE
4524,0.08545,0.47853302726097835,5.334411901674462,3.1109816593785697,112.323925330586,11.34645454198699,COMPLETE
4525,0.11955,0.8039246240489609,7.398979747077997,8.418374689108267,116.68218004772335,0.5985950343657075,COMPLETE
4526,0.0992,0.5835054586487637,7.211246974011563,5.8081057233180955,0.011064191135752277,1.0864194972631505,COMPLETE
4527,0.1358,0.7803607404512756,4.146121074208026,9.988586281068551,1476.1251734596226,4.792699168837896,COMPLETE
4528,0.1066,0.6768007315507066,7.321806062638004,9.988586281068551,0.022872403443138362,0.5985950343657075,COMPLETE
4529,0.09775,0.5317492826428201,7.489439152524652,8.550720324169767,0.4429645247029233,1.3157650113770214,COMPLETE
4530,0.1404,0.7230804668057099,7.489439152524652,9.988586281068551,359.71457230765833,0.10934034190049624,COMPLETE
4531,0.1188,0.5783929469985789,6.2996526178289205,9.767312130896007,1575.9369216711668,0.03169061484115681,COMPLETE
4532,0.10165,0.5955284704873381,7.489439152524652,7.639970758565217,23.82879914384567,4.858186918526125,COMPLETE
4533,0.0849,0.550587744450114,5.334411901674462,5.1135376852058,0.48160356426463263,0.5985950343657075,COMPLETE
4534,0.07715,0.4295400119206626,7.339695485358947,3.0156649020845308,0.061530195681195304,0.5985950343657075,COMPLETE
4535,0.13675,0.9038889145464174,7.321806062638004,8.418374689108267,1669.1438328099212,2.1102891532478085,COMPLETE
4536,0.1061,0.7219432724936456,7.321806062638004,9.988586281068551,30.54779366423335,0.5985950343657075,COMPLETE
4537,0.1202,0.5261506555376598,2.5977388809427233,8.418374689108267,0.011064191135752277,0.030595349341982422,COMPLETE
4538,0.08685,0.5250116951564957,7.489439152524652,7.451337432117496,0.4111694316312813,11.34645454198699,COMPLETE
4539,0.10045,0.6236940353585527,7.489439152524652,9.933529862520766,2.4792588435669867,1.526275265602974,COMPLETE
4540,0.09755,0.5970245193128317,7.489439152524652,8.418374689108267,0.022872403443138362,2.1102891532478085,COMPLETE
4541,0.1265,0.8689659137824649,7.489439152524652,9.988586281068551,359.71457230765833,1.010558986363453,COMPLETE
4542,0.10815,0.7247348581576666,7.339695485358947,5.8081057233180955,359.71457230765833,4.792699168837896,COMPLETE
4543,0.13615,0.8547701033122299,6.666959706638387,9.988586281068551,1476.1251734596226,4.792699168837896,COMPLETE
4544,0.0829,0.1963258256104499,7.211246974011563,1.0340435745788543,115.12761251994729,0.01691358940948196,COMPLETE
4545,0.1316,0.636663426780197,2.109525559357076,8.418374689108267,1575.9369216711668,6.302950401810882,COMPLETE
4546,0.1044,0.25544598235138805,2.865235304799807,3.0638630129150126,0.017944270076093727,0.7306953052604724,COMPLETE
4547,0.08895,0.4746379753761921,7.489439152524652,1.2992706708708701,3462.4540093878772,0.07899621808581027,COMPLETE
4548,0.1358,0.6790129252237631,7.339695485358947,8.418374689108267,1575.9369216711668,0.05434434264881905,COMPLETE
4549,0.0632,0.17369357458017623,7.339695485358947,1.0340435745788543,19.21088284415663,15.411646400314352,COMPLETE
4550,0.1027,0.6849465896364263,7.339695485358947,8.418374689108267,65.42850617031253,2.1102891532478085,COMPLETE
4551,0.1334,0.7466928674752427,7.489439152524652,3.397646011587968,4847.942106879536,0.5985950343657075,COMPLETE
4552,0.10785,0.6999582734049573,7.489439152524652,8.142119395917883,65.42850617031253,2.1102891532478085,COMPLETE
4553,0.0756,0.25589857465328253,7.321806062638004,2.1304600826409836,4.6216117253800055,12.146893267526337,COMPLETE
4554,0.10155,0.6992274971513086,7.398979747077997,4.101823977297871,147.00624883262375,0.5985950343657075,COMPLETE
4555,0.1191,0.7747386077525578,6.812644630608508,4.796266228212219,1476.1251734596226,4.792699168837896,COMPLETE
4556,0.08015,0.16257120292806185,2.8389377955424946,1.1764768557515388,61.128832411058866,0.5985950343657075,COMPLETE
4557,0.1099,0.683658720519888,7.489439152524652,3.0156649020845308,1575.9369216711668,2.1102891532478085,COMPLETE
4558,0.10405,0.5776684104160764,3.7087917071088707,4.101823977297871,359.71457230765833,1.3157650113770214,COMPLETE
4559,0.1016,0.5244316062994677,7.489439152524652,9.988586281068551,0.5503013998546388,1.3157650113770214,COMPLETE
4560,0.05735,0.2971826751617491,7.489439152524652,1.1679739768270172,0.011064191135752277,0.030595349341982422,COMPLETE
4561,0.1081,0.32230204829060877,1.034416497457539,1.1679739768270172,649.891046015081,0.030595349341982422,COMPLETE
4562,0.1229,0.8559514475109178,7.489439152524652,8.418374689108267,359.71457230765833,1.526275265602974,COMPLETE
4563,0.1097,0.5524791921218881,5.443169702125653,9.897928263918134,24.687993700004206,1.010558986363453,COMPLETE
4564,0.0826,0.3976866335352299,5.334411901674462,3.0156649020845308,36.33741216310726,1.526275265602974,COMPLETE
4565,0.06935,0.22679546392919392,7.339695485358947,1.6505391513975194,0.03447164763726188,4.792699168837896,COMPLETE
4566,0.11905,0.49574049822773314,0.33252565115360255,9.988586281068551,1476.1251734596226,0.014561373991326319,COMPLETE
4567,0.08925,0.40274725406856743,6.246878221743485,1.7234493051506024,0.022872403443138362,0.031043688522933058,COMPLETE
